  0%|          | 0/4 [00:00<?, ?it/s] 25%|██▌       | 1/4 [00:00<00:00,  3.26it/s] 50%|█████     | 2/4 [00:00<00:00,  3.38it/s] 75%|███████▌  | 3/4 [00:00<00:00,  3.45it/s]100%|██████████| 4/4 [00:01<00:00,  3.49it/s]100%|██████████| 4/4 [00:01<00:00,  3.45it/s]
An exception occurred in telemetry logging.Disabling telemetry to prevent further exceptions.
Traceback (most recent call last):
  File "/opt/miniconda3/envs/pialnn/lib/python3.7/site-packages/iopath/common/file_io.py", line 946, in __log_tmetry_keys
    handler.log_event()
  File "/opt/miniconda3/envs/pialnn/lib/python3.7/site-packages/iopath/common/event_logger.py", line 97, in log_event
    del self._evt
AttributeError: _evt
/opt/miniconda3/envs/pialnn/lib/python3.7/site-packages/pytorch3d/io/obj_io.py:530: UserWarning: No mtl file provided
  warnings.warn("No mtl file provided")
  0%|          | 0/201 [00:00<?, ?it/s]/opt/conda/conda-bld/pytorch_1603729138878/work/aten/src/ATen/native/cuda/Indexing.cu:658: indexSelectLargeIndex: block: [87,0,0], thread: [96,0,0] Assertion `srcIndex < srcSelectDimSize` failed.
/opt/conda/conda-bld/pytorch_1603729138878/work/aten/src/ATen/native/cuda/Indexing.cu:658: indexSelectLargeIndex: block: [87,0,0], thread: [99,0,0] Assertion `srcIndex < srcSelectDimSize` failed.
/opt/conda/conda-bld/pytorch_1603729138878/work/aten/src/ATen/native/cuda/Indexing.cu:658: indexSelectLargeIndex: block: [87,0,0], thread: [105,0,0] Assertion `srcIndex < srcSelectDimSize` failed.
/opt/conda/conda-bld/pytorch_1603729138878/work/aten/src/ATen/native/cuda/Indexing.cu:658: indexSelectLargeIndex: block: [87,0,0], thread: [108,0,0] Assertion `srcIndex < srcSelectDimSize` failed.
/opt/conda/conda-bld/pytorch_1603729138878/work/aten/src/ATen/native/cuda/Indexing.cu:658: indexSelectLargeIndex: block: [87,0,0], thread: [110,0,0] Assertion `srcIndex < srcSelectDimSize` failed.
/opt/conda/conda-bld/pytorch_1603729138878/work/aten/src/ATen/native/cuda/Indexing.cu:658: indexSelectLargeIndex: block: [87,0,0], thread: [113,0,0] Assertion `srcIndex < srcSelectDimSize` failed.
/opt/conda/conda-bld/pytorch_1603729138878/work/aten/src/ATen/native/cuda/Indexing.cu:658: indexSelectLargeIndex: block: [87,0,0], thread: [33,0,0] Assertion `srcIndex < srcSelectDimSize` failed.
/opt/conda/conda-bld/pytorch_1603729138878/work/aten/src/ATen/native/cuda/Indexing.cu:658: indexSelectLargeIndex: block: [87,0,0], thread: [36,0,0] Assertion `srcIndex < srcSelectDimSize` failed.
/opt/conda/conda-bld/pytorch_1603729138878/work/aten/src/ATen/native/cuda/Indexing.cu:658: indexSelectLargeIndex: block: [87,0,0], thread: [38,0,0] Assertion `srcIndex < srcSelectDimSize` failed.
/opt/conda/conda-bld/pytorch_1603729138878/work/aten/src/ATen/native/cuda/Indexing.cu:658: indexSelectLargeIndex: block: [87,0,0], thread: [41,0,0] Assertion `srcIndex < srcSelectDimSize` failed.
/opt/conda/conda-bld/pytorch_1603729138878/work/aten/src/ATen/native/cuda/Indexing.cu:658: indexSelectLargeIndex: block: [87,0,0], thread: [56,0,0] Assertion `srcIndex < srcSelectDimSize` failed.
/opt/conda/conda-bld/pytorch_1603729138878/work/aten/src/ATen/native/cuda/Indexing.cu:658: indexSelectLargeIndex: block: [87,0,0], thread: [59,0,0] Assertion `srcIndex < srcSelectDimSize` failed.
/opt/conda/conda-bld/pytorch_1603729138878/work/aten/src/ATen/native/cuda/Indexing.cu:658: indexSelectLargeIndex: block: [87,0,0], thread: [6,0,0] Assertion `srcIndex < srcSelectDimSize` failed.
/opt/conda/conda-bld/pytorch_1603729138878/work/aten/src/ATen/native/cuda/Indexing.cu:658: indexSelectLargeIndex: block: [87,0,0], thread: [9,0,0] Assertion `srcIndex < srcSelectDimSize` failed.
/opt/conda/conda-bld/pytorch_1603729138878/work/aten/src/ATen/native/cuda/Indexing.cu:658: indexSelectLargeIndex: block: [87,0,0], thread: [11,0,0] Assertion `srcIndex < srcSelectDimSize` failed.
/opt/conda/conda-bld/pytorch_1603729138878/work/aten/src/ATen/native/cuda/Indexing.cu:658: indexSelectLargeIndex: block: [87,0,0], thread: [14,0,0] Assertion `srcIndex < srcSelectDimSize` failed.
/opt/conda/conda-bld/pytorch_1603729138878/work/aten/src/ATen/native/cuda/Indexing.cu:658: indexSelectLargeIndex: block: [87,0,0], thread: [15,0,0] Assertion `srcIndex < srcSelectDimSize` failed.
/opt/conda/conda-bld/pytorch_1603729138878/work/aten/src/ATen/native/cuda/Indexing.cu:658: indexSelectLargeIndex: block: [87,0,0], thread: [18,0,0] Assertion `srcIndex < srcSelectDimSize` failed.
/opt/conda/conda-bld/pytorch_1603729138878/work/aten/src/ATen/native/cuda/Indexing.cu:658: indexSelectLargeIndex: block: [87,0,0], thread: [20,0,0] Assertion `srcIndex < srcSelectDimSize` failed.
/opt/conda/conda-bld/pytorch_1603729138878/work/aten/src/ATen/native/cuda/Indexing.cu:658: indexSelectLargeIndex: block: [87,0,0], thread: [23,0,0] Assertion `srcIndex < srcSelectDimSize` failed.
/opt/conda/conda-bld/pytorch_1603729138878/work/aten/src/ATen/native/cuda/Indexing.cu:658: indexSelectLargeIndex: block: [87,0,0], thread: [24,0,0] Assertion `srcIndex < srcSelectDimSize` failed.
/opt/conda/conda-bld/pytorch_1603729138878/work/aten/src/ATen/native/cuda/Indexing.cu:658: indexSelectLargeIndex: block: [87,0,0], thread: [27,0,0] Assertion `srcIndex < srcSelectDimSize` failed.
/opt/conda/conda-bld/pytorch_1603729138878/work/aten/src/ATen/native/cuda/Indexing.cu:658: indexSelectLargeIndex: block: [89,0,0], thread: [38,0,0] Assertion `srcIndex < srcSelectDimSize` failed.
/opt/conda/conda-bld/pytorch_1603729138878/work/aten/src/ATen/native/cuda/Indexing.cu:658: indexSelectLargeIndex: block: [89,0,0], thread: [41,0,0] Assertion `srcIndex < srcSelectDimSize` failed.
/opt/conda/conda-bld/pytorch_1603729138878/work/aten/src/ATen/native/cuda/Indexing.cu:658: indexSelectLargeIndex: block: [89,0,0], thread: [56,0,0] Assertion `srcIndex < srcSelectDimSize` failed.
/opt/conda/conda-bld/pytorch_1603729138878/work/aten/src/ATen/native/cuda/Indexing.cu:658: indexSelectLargeIndex: block: [89,0,0], thread: [59,0,0] Assertion `srcIndex < srcSelectDimSize` failed.
/opt/conda/conda-bld/pytorch_1603729138878/work/aten/src/ATen/native/cuda/Indexing.cu:658: indexSelectLargeIndex: block: [89,0,0], thread: [61,0,0] Assertion `srcIndex < srcSelectDimSize` failed.
/opt/conda/conda-bld/pytorch_1603729138878/work/aten/src/ATen/native/cuda/Indexing.cu:658: indexSelectLargeIndex: block: [89,0,0], thread: [110,0,0] Assertion `srcIndex < srcSelectDimSize` failed.
/opt/conda/conda-bld/pytorch_1603729138878/work/aten/src/ATen/native/cuda/Indexing.cu:658: indexSelectLargeIndex: block: [89,0,0], thread: [113,0,0] Assertion `srcIndex < srcSelectDimSize` failed.
/opt/conda/conda-bld/pytorch_1603729138878/work/aten/src/ATen/native/cuda/Indexing.cu:658: indexSelectLargeIndex: block: [89,0,0], thread: [124,0,0] Assertion `srcIndex < srcSelectDimSize` failed.
/opt/conda/conda-bld/pytorch_1603729138878/work/aten/src/ATen/native/cuda/Indexing.cu:658: indexSelectLargeIndex: block: [89,0,0], thread: [127,0,0] Assertion `srcIndex < srcSelectDimSize` failed.
/opt/conda/conda-bld/pytorch_1603729138878/work/aten/src/ATen/native/cuda/Indexing.cu:658: indexSelectLargeIndex: block: [89,0,0], thread: [7,0,0] Assertion `srcIndex < srcSelectDimSize` failed.
/opt/conda/conda-bld/pytorch_1603729138878/work/aten/src/ATen/native/cuda/Indexing.cu:658: indexSelectLargeIndex: block: [89,0,0], thread: [10,0,0] Assertion `srcIndex < srcSelectDimSize` failed.
/opt/conda/conda-bld/pytorch_1603729138878/work/aten/src/ATen/native/cuda/Indexing.cu:658: indexSelectLargeIndex: block: [89,0,0], thread: [11,0,0] Assertion `srcIndex < srcSelectDimSize` failed.
/opt/conda/conda-bld/pytorch_1603729138878/work/aten/src/ATen/native/cuda/Indexing.cu:658: indexSelectLargeIndex: block: [89,0,0], thread: [14,0,0] Assertion `srcIndex < srcSelectDimSize` failed.
/opt/conda/conda-bld/pytorch_1603729138878/work/aten/src/ATen/native/cuda/Indexing.cu:658: indexSelectLargeIndex: block: [89,0,0], thread: [20,0,0] Assertion `srcIndex < srcSelectDimSize` failed.
/opt/conda/conda-bld/pytorch_1603729138878/work/aten/src/ATen/native/cuda/Indexing.cu:658: indexSelectLargeIndex: block: [89,0,0], thread: [23,0,0] Assertion `srcIndex < srcSelectDimSize` failed.
/opt/conda/conda-bld/pytorch_1603729138878/work/aten/src/ATen/native/cuda/Indexing.cu:658: indexSelectLargeIndex: block: [359,0,0], thread: [1,0,0] Assertion `srcIndex < srcSelectDimSize` failed.
/opt/conda/conda-bld/pytorch_1603729138878/work/aten/src/ATen/native/cuda/Indexing.cu:658: indexSelectLargeIndex: block: [359,0,0], thread: [4,0,0] Assertion `srcIndex < srcSelectDimSize` failed.
/opt/conda/conda-bld/pytorch_1603729138878/work/aten/src/ATen/native/cuda/Indexing.cu:658: indexSelectLargeIndex: block: [359,0,0], thread: [5,0,0] Assertion `srcIndex < srcSelectDimSize` failed.
/opt/conda/conda-bld/pytorch_1603729138878/work/aten/src/ATen/native/cuda/Indexing.cu:658: indexSelectLargeIndex: block: [359,0,0], thread: [8,0,0] Assertion `srcIndex < srcSelectDimSize` failed.
/opt/conda/conda-bld/pytorch_1603729138878/work/aten/src/ATen/native/cuda/Indexing.cu:658: indexSelectLargeIndex: block: [359,0,0], thread: [14,0,0] Assertion `srcIndex < srcSelectDimSize` failed.
/opt/conda/conda-bld/pytorch_1603729138878/work/aten/src/ATen/native/cuda/Indexing.cu:658: indexSelectLargeIndex: block: [359,0,0], thread: [17,0,0] Assertion `srcIndex < srcSelectDimSize` failed.
/opt/conda/conda-bld/pytorch_1603729138878/work/aten/src/ATen/native/cuda/Indexing.cu:658: indexSelectLargeIndex: block: [225,0,0], thread: [66,0,0] Assertion `srcIndex < srcSelectDimSize` failed.
/opt/conda/conda-bld/pytorch_1603729138878/work/aten/src/ATen/native/cuda/Indexing.cu:658: indexSelectLargeIndex: block: [225,0,0], thread: [90,0,0] Assertion `srcIndex < srcSelectDimSize` failed.
/opt/conda/conda-bld/pytorch_1603729138878/work/aten/src/ATen/native/cuda/Indexing.cu:658: indexSelectLargeIndex: block: [225,0,0], thread: [93,0,0] Assertion `srcIndex < srcSelectDimSize` failed.
/opt/conda/conda-bld/pytorch_1603729138878/work/aten/src/ATen/native/cuda/Indexing.cu:658: indexSelectLargeIndex: block: [223,0,0], thread: [4,0,0] Assertion `srcIndex < srcSelectDimSize` failed.
/opt/conda/conda-bld/pytorch_1603729138878/work/aten/src/ATen/native/cuda/Indexing.cu:658: indexSelectLargeIndex: block: [223,0,0], thread: [7,0,0] Assertion `srcIndex < srcSelectDimSize` failed.
/opt/conda/conda-bld/pytorch_1603729138878/work/aten/src/ATen/native/cuda/Indexing.cu:658: indexSelectLargeIndex: block: [223,0,0], thread: [18,0,0] Assertion `srcIndex < srcSelectDimSize` failed.
/opt/conda/conda-bld/pytorch_1603729138878/work/aten/src/ATen/native/cuda/Indexing.cu:658: indexSelectLargeIndex: block: [223,0,0], thread: [21,0,0] Assertion `srcIndex < srcSelectDimSize` failed.
/opt/conda/conda-bld/pytorch_1603729138878/work/aten/src/ATen/native/cuda/Indexing.cu:658: indexSelectLargeIndex: block: [223,0,0], thread: [40,0,0] Assertion `srcIndex < srcSelectDimSize` failed.
/opt/conda/conda-bld/pytorch_1603729138878/work/aten/src/ATen/native/cuda/Indexing.cu:658: indexSelectLargeIndex: block: [223,0,0], thread: [43,0,0] Assertion `srcIndex < srcSelectDimSize` failed.
/opt/conda/conda-bld/pytorch_1603729138878/work/aten/src/ATen/native/cuda/Indexing.cu:658: indexSelectLargeIndex: block: [223,0,0], thread: [45,0,0] Assertion `srcIndex < srcSelectDimSize` failed.
/opt/conda/conda-bld/pytorch_1603729138878/work/aten/src/ATen/native/cuda/Indexing.cu:658: indexSelectLargeIndex: block: [223,0,0], thread: [48,0,0] Assertion `srcIndex < srcSelectDimSize` failed.
/opt/conda/conda-bld/pytorch_1603729138878/work/aten/src/ATen/native/cuda/Indexing.cu:658: indexSelectLargeIndex: block: [223,0,0], thread: [49,0,0] Assertion `srcIndex < srcSelectDimSize` failed.
/opt/conda/conda-bld/pytorch_1603729138878/work/aten/src/ATen/native/cuda/Indexing.cu:658: indexSelectLargeIndex: block: [223,0,0], thread: [52,0,0] Assertion `srcIndex < srcSelectDimSize` failed.
/opt/conda/conda-bld/pytorch_1603729138878/work/aten/src/ATen/native/cuda/Indexing.cu:658: indexSelectLargeIndex: block: [223,0,0], thread: [54,0,0] Assertion `srcIndex < srcSelectDimSize` failed.
/opt/conda/conda-bld/pytorch_1603729138878/work/aten/src/ATen/native/cuda/Indexing.cu:658: indexSelectLargeIndex: block: [223,0,0], thread: [57,0,0] Assertion `srcIndex < srcSelectDimSize` failed.
/opt/conda/conda-bld/pytorch_1603729138878/work/aten/src/ATen/native/cuda/Indexing.cu:658: indexSelectLargeIndex: block: [225,0,0], thread: [32,0,0] Assertion `srcIndex < srcSelectDimSize` failed.
/opt/conda/conda-bld/pytorch_1603729138878/work/aten/src/ATen/native/cuda/Indexing.cu:658: indexSelectLargeIndex: block: [225,0,0], thread: [35,0,0] Assertion `srcIndex < srcSelectDimSize` failed.
/opt/conda/conda-bld/pytorch_1603729138878/work/aten/src/ATen/native/cuda/Indexing.cu:658: indexSelectLargeIndex: block: [225,0,0], thread: [41,0,0] Assertion `srcIndex < srcSelectDimSize` failed.
/opt/conda/conda-bld/pytorch_1603729138878/work/aten/src/ATen/native/cuda/Indexing.cu:658: indexSelectLargeIndex: block: [225,0,0], thread: [44,0,0] Assertion `srcIndex < srcSelectDimSize` failed.
/opt/conda/conda-bld/pytorch_1603729138878/work/aten/src/ATen/native/cuda/Indexing.cu:658: indexSelectLargeIndex: block: [225,0,0], thread: [50,0,0] Assertion `srcIndex < srcSelectDimSize` failed.
/opt/conda/conda-bld/pytorch_1603729138878/work/aten/src/ATen/native/cuda/Indexing.cu:658: indexSelectLargeIndex: block: [225,0,0], thread: [53,0,0] Assertion `srcIndex < srcSelectDimSize` failed.
/opt/conda/conda-bld/pytorch_1603729138878/work/aten/src/ATen/native/cuda/Indexing.cu:658: indexSelectLargeIndex: block: [225,0,0], thread: [63,0,0] Assertion `srcIndex < srcSelectDimSize` failed.
/opt/conda/conda-bld/pytorch_1603729138878/work/aten/src/ATen/native/cuda/Indexing.cu:658: indexSelectLargeIndex: block: [225,0,0], thread: [9,0,0] Assertion `srcIndex < srcSelectDimSize` failed.
/opt/conda/conda-bld/pytorch_1603729138878/work/aten/src/ATen/native/cuda/Indexing.cu:658: indexSelectLargeIndex: block: [225,0,0], thread: [12,0,0] Assertion `srcIndex < srcSelectDimSize` failed.
/opt/conda/conda-bld/pytorch_1603729138878/work/aten/src/ATen/native/cuda/Indexing.cu:658: indexSelectLargeIndex: block: [225,0,0], thread: [14,0,0] Assertion `srcIndex < srcSelectDimSize` failed.
/opt/conda/conda-bld/pytorch_1603729138878/work/aten/src/ATen/native/cuda/Indexing.cu:658: indexSelectLargeIndex: block: [225,0,0], thread: [17,0,0] Assertion `srcIndex < srcSelectDimSize` failed.
/opt/conda/conda-bld/pytorch_1603729138878/work/aten/src/ATen/native/cuda/Indexing.cu:658: indexSelectLargeIndex: block: [225,0,0], thread: [23,0,0] Assertion `srcIndex < srcSelectDimSize` failed.
/opt/conda/conda-bld/pytorch_1603729138878/work/aten/src/ATen/native/cuda/Indexing.cu:658: indexSelectLargeIndex: block: [225,0,0], thread: [26,0,0] Assertion `srcIndex < srcSelectDimSize` failed.
/opt/conda/conda-bld/pytorch_1603729138878/work/aten/src/ATen/native/cuda/Indexing.cu:658: indexSelectLargeIndex: block: [225,0,0], thread: [99,0,0] Assertion `srcIndex < srcSelectDimSize` failed.
/opt/conda/conda-bld/pytorch_1603729138878/work/aten/src/ATen/native/cuda/Indexing.cu:658: indexSelectLargeIndex: block: [225,0,0], thread: [102,0,0] Assertion `srcIndex < srcSelectDimSize` failed.
/opt/conda/conda-bld/pytorch_1603729138878/work/aten/src/ATen/native/cuda/Indexing.cu:658: indexSelectLargeIndex: block: [225,0,0], thread: [104,0,0] Assertion `srcIndex < srcSelectDimSize` failed.
/opt/conda/conda-bld/pytorch_1603729138878/work/aten/src/ATen/native/cuda/Indexing.cu:658: indexSelectLargeIndex: block: [225,0,0], thread: [107,0,0] Assertion `srcIndex < srcSelectDimSize` failed.
/opt/conda/conda-bld/pytorch_1603729138878/work/aten/src/ATen/native/cuda/Indexing.cu:658: indexSelectLargeIndex: block: [225,0,0], thread: [108,0,0] Assertion `srcIndex < srcSelectDimSize` failed.
/opt/conda/conda-bld/pytorch_1603729138878/work/aten/src/ATen/native/cuda/Indexing.cu:658: indexSelectLargeIndex: block: [225,0,0], thread: [111,0,0] Assertion `srcIndex < srcSelectDimSize` failed.
/opt/conda/conda-bld/pytorch_1603729138878/work/aten/src/ATen/native/cuda/Indexing.cu:658: indexSelectLargeIndex: block: [225,0,0], thread: [117,0,0] Assertion `srcIndex < srcSelectDimSize` failed.
/opt/conda/conda-bld/pytorch_1603729138878/work/aten/src/ATen/native/cuda/Indexing.cu:658: indexSelectLargeIndex: block: [225,0,0], thread: [120,0,0] Assertion `srcIndex < srcSelectDimSize` failed.
/opt/conda/conda-bld/pytorch_1603729138878/work/aten/src/ATen/native/cuda/Indexing.cu:658: indexSelectLargeIndex: block: [359,0,0], thread: [104,0,0] Assertion `srcIndex < srcSelectDimSize` failed.
/opt/conda/conda-bld/pytorch_1603729138878/work/aten/src/ATen/native/cuda/Indexing.cu:658: indexSelectLargeIndex: block: [359,0,0], thread: [107,0,0] Assertion `srcIndex < srcSelectDimSize` failed.
/opt/conda/conda-bld/pytorch_1603729138878/work/aten/src/ATen/native/cuda/Indexing.cu:658: indexSelectLargeIndex: block: [359,0,0], thread: [118,0,0] Assertion `srcIndex < srcSelectDimSize` failed.
/opt/conda/conda-bld/pytorch_1603729138878/work/aten/src/ATen/native/cuda/Indexing.cu:658: indexSelectLargeIndex: block: [359,0,0], thread: [121,0,0] Assertion `srcIndex < srcSelectDimSize` failed.
/opt/conda/conda-bld/pytorch_1603729138878/work/aten/src/ATen/native/cuda/Indexing.cu:658: indexSelectLargeIndex: block: [452,0,0], thread: [67,0,0] Assertion `srcIndex < srcSelectDimSize` failed.
/opt/conda/conda-bld/pytorch_1603729138878/work/aten/src/ATen/native/cuda/Indexing.cu:658: indexSelectLargeIndex: block: [452,0,0], thread: [68,0,0] Assertion `srcIndex < srcSelectDimSize` failed.
/opt/conda/conda-bld/pytorch_1603729138878/work/aten/src/ATen/native/cuda/Indexing.cu:658: indexSelectLargeIndex: block: [452,0,0], thread: [70,0,0] Assertion `srcIndex < srcSelectDimSize` failed.
/opt/conda/conda-bld/pytorch_1603729138878/work/aten/src/ATen/native/cuda/Indexing.cu:658: indexSelectLargeIndex: block: [452,0,0], thread: [71,0,0] Assertion `srcIndex < srcSelectDimSize` failed.
/opt/conda/conda-bld/pytorch_1603729138878/work/aten/src/ATen/native/cuda/Indexing.cu:658: indexSelectLargeIndex: block: [452,0,0], thread: [82,0,0] Assertion `srcIndex < srcSelectDimSize` failed.
/opt/conda/conda-bld/pytorch_1603729138878/work/aten/src/ATen/native/cuda/Indexing.cu:658: indexSelectLargeIndex: block: [452,0,0], thread: [83,0,0] Assertion `srcIndex < srcSelectDimSize` failed.
/opt/conda/conda-bld/pytorch_1603729138878/work/aten/src/ATen/native/cuda/Indexing.cu:658: indexSelectLargeIndex: block: [452,0,0], thread: [88,0,0] Assertion `srcIndex < srcSelectDimSize` failed.
/opt/conda/conda-bld/pytorch_1603729138878/work/aten/src/ATen/native/cuda/Indexing.cu:658: indexSelectLargeIndex: block: [452,0,0], thread: [89,0,0] Assertion `srcIndex < srcSelectDimSize` failed.
/opt/conda/conda-bld/pytorch_1603729138878/work/aten/src/ATen/native/cuda/Indexing.cu:658: indexSelectLargeIndex: block: [452,0,0], thread: [94,0,0] Assertion `srcIndex < srcSelectDimSize` failed.
/opt/conda/conda-bld/pytorch_1603729138878/work/aten/src/ATen/native/cuda/Indexing.cu:658: indexSelectLargeIndex: block: [452,0,0], thread: [95,0,0] Assertion `srcIndex < srcSelectDimSize` failed.
/opt/conda/conda-bld/pytorch_1603729138878/work/aten/src/ATen/native/cuda/Indexing.cu:658: indexSelectLargeIndex: block: [223,0,0], thread: [76,0,0] Assertion `srcIndex < srcSelectDimSize` failed.
/opt/conda/conda-bld/pytorch_1603729138878/work/aten/src/ATen/native/cuda/Indexing.cu:658: indexSelectLargeIndex: block: [223,0,0], thread: [79,0,0] Assertion `srcIndex < srcSelectDimSize` failed.
/opt/conda/conda-bld/pytorch_1603729138878/work/aten/src/ATen/native/cuda/Indexing.cu:658: indexSelectLargeIndex: block: [223,0,0], thread: [85,0,0] Assertion `srcIndex < srcSelectDimSize` failed.
/opt/conda/conda-bld/pytorch_1603729138878/work/aten/src/ATen/native/cuda/Indexing.cu:658: indexSelectLargeIndex: block: [223,0,0], thread: [88,0,0] Assertion `srcIndex < srcSelectDimSize` failed.
/opt/conda/conda-bld/pytorch_1603729138878/work/aten/src/ATen/native/cuda/Indexing.cu:658: indexSelectLargeIndex: block: [223,0,0], thread: [90,0,0] Assertion `srcIndex < srcSelectDimSize` failed.
/opt/conda/conda-bld/pytorch_1603729138878/work/aten/src/ATen/native/cuda/Indexing.cu:658: indexSelectLargeIndex: block: [223,0,0], thread: [93,0,0] Assertion `srcIndex < srcSelectDimSize` failed.
/opt/conda/conda-bld/pytorch_1603729138878/work/aten/src/ATen/native/cuda/Indexing.cu:658: indexSelectLargeIndex: block: [223,0,0], thread: [94,0,0] Assertion `srcIndex < srcSelectDimSize` failed.
/opt/conda/conda-bld/pytorch_1603729138878/work/aten/src/ATen/native/cuda/Indexing.cu:658: indexSelectLargeIndex: block: [452,0,0], thread: [97,0,0] Assertion `srcIndex < srcSelectDimSize` failed.
/opt/conda/conda-bld/pytorch_1603729138878/work/aten/src/ATen/native/cuda/Indexing.cu:658: indexSelectLargeIndex: block: [452,0,0], thread: [98,0,0] Assertion `srcIndex < srcSelectDimSize` failed.
/opt/conda/conda-bld/pytorch_1603729138878/work/aten/src/ATen/native/cuda/Indexing.cu:658: indexSelectLargeIndex: block: [452,0,0], thread: [103,0,0] Assertion `srcIndex < srcSelectDimSize` failed.
/opt/conda/conda-bld/pytorch_1603729138878/work/aten/src/ATen/native/cuda/Indexing.cu:658: indexSelectLargeIndex: block: [452,0,0], thread: [104,0,0] Assertion `srcIndex < srcSelectDimSize` failed.
/opt/conda/conda-bld/pytorch_1603729138878/work/aten/src/ATen/native/cuda/Indexing.cu:658: indexSelectLargeIndex: block: [452,0,0], thread: [106,0,0] Assertion `srcIndex < srcSelectDimSize` failed.
/opt/conda/conda-bld/pytorch_1603729138878/work/aten/src/ATen/native/cuda/Indexing.cu:658: indexSelectLargeIndex: block: [452,0,0], thread: [107,0,0] Assertion `srcIndex < srcSelectDimSize` failed.
/opt/conda/conda-bld/pytorch_1603729138878/work/aten/src/ATen/native/cuda/Indexing.cu:658: indexSelectLargeIndex: block: [452,0,0], thread: [112,0,0] Assertion `srcIndex < srcSelectDimSize` failed.
/opt/conda/conda-bld/pytorch_1603729138878/work/aten/src/ATen/native/cuda/Indexing.cu:658: indexSelectLargeIndex: block: [452,0,0], thread: [113,0,0] Assertion `srcIndex < srcSelectDimSize` failed.
/opt/conda/conda-bld/pytorch_1603729138878/work/aten/src/ATen/native/cuda/Indexing.cu:658: indexSelectLargeIndex: block: [452,0,0], thread: [118,0,0] Assertion `srcIndex < srcSelectDimSize` failed.
/opt/conda/conda-bld/pytorch_1603729138878/work/aten/src/ATen/native/cuda/Indexing.cu:658: indexSelectLargeIndex: block: [452,0,0], thread: [119,0,0] Assertion `srcIndex < srcSelectDimSize` failed.
/opt/conda/conda-bld/pytorch_1603729138878/work/aten/src/ATen/native/cuda/Indexing.cu:658: indexSelectLargeIndex: block: [452,0,0], thread: [127,0,0] Assertion `srcIndex < srcSelectDimSize` failed.
/opt/conda/conda-bld/pytorch_1603729138878/work/aten/src/ATen/native/cuda/Indexing.cu:658: indexSelectLargeIndex: block: [359,0,0], thread: [32,0,0] Assertion `srcIndex < srcSelectDimSize` failed.
/opt/conda/conda-bld/pytorch_1603729138878/work/aten/src/ATen/native/cuda/Indexing.cu:658: indexSelectLargeIndex: block: [359,0,0], thread: [35,0,0] Assertion `srcIndex < srcSelectDimSize` failed.
/opt/conda/conda-bld/pytorch_1603729138878/work/aten/src/ATen/native/cuda/Indexing.cu:658: indexSelectLargeIndex: block: [359,0,0], thread: [37,0,0] Assertion `srcIndex < srcSelectDimSize` failed.
/opt/conda/conda-bld/pytorch_1603729138878/work/aten/src/ATen/native/cuda/Indexing.cu:658: indexSelectLargeIndex: block: [359,0,0], thread: [40,0,0] Assertion `srcIndex < srcSelectDimSize` failed.
/opt/conda/conda-bld/pytorch_1603729138878/work/aten/src/ATen/native/cuda/Indexing.cu:658: indexSelectLargeIndex: block: [359,0,0], thread: [41,0,0] Assertion `srcIndex < srcSelectDimSize` failed.
/opt/conda/conda-bld/pytorch_1603729138878/work/aten/src/ATen/native/cuda/Indexing.cu:658: indexSelectLargeIndex: block: [359,0,0], thread: [44,0,0] Assertion `srcIndex < srcSelectDimSize` failed.
/opt/conda/conda-bld/pytorch_1603729138878/work/aten/src/ATen/native/cuda/Indexing.cu:658: indexSelectLargeIndex: block: [359,0,0], thread: [46,0,0] Assertion `srcIndex < srcSelectDimSize` failed.
/opt/conda/conda-bld/pytorch_1603729138878/work/aten/src/ATen/native/cuda/Indexing.cu:658: indexSelectLargeIndex: block: [359,0,0], thread: [49,0,0] Assertion `srcIndex < srcSelectDimSize` failed.
/opt/conda/conda-bld/pytorch_1603729138878/work/aten/src/ATen/native/cuda/Indexing.cu:658: indexSelectLargeIndex: block: [359,0,0], thread: [55,0,0] Assertion `srcIndex < srcSelectDimSize` failed.
/opt/conda/conda-bld/pytorch_1603729138878/work/aten/src/ATen/native/cuda/Indexing.cu:658: indexSelectLargeIndex: block: [359,0,0], thread: [58,0,0] Assertion `srcIndex < srcSelectDimSize` failed.
/opt/conda/conda-bld/pytorch_1603729138878/work/aten/src/ATen/native/cuda/Indexing.cu:658: indexSelectLargeIndex: block: [359,0,0], thread: [59,0,0] Assertion `srcIndex < srcSelectDimSize` failed.
/opt/conda/conda-bld/pytorch_1603729138878/work/aten/src/ATen/native/cuda/Indexing.cu:658: indexSelectLargeIndex: block: [359,0,0], thread: [62,0,0] Assertion `srcIndex < srcSelectDimSize` failed.
/opt/conda/conda-bld/pytorch_1603729138878/work/aten/src/ATen/native/cuda/Indexing.cu:658: indexSelectLargeIndex: block: [87,0,0], thread: [65,0,0] Assertion `srcIndex < srcSelectDimSize` failed.
/opt/conda/conda-bld/pytorch_1603729138878/work/aten/src/ATen/native/cuda/Indexing.cu:658: indexSelectLargeIndex: block: [87,0,0], thread: [68,0,0] Assertion `srcIndex < srcSelectDimSize` failed.
/opt/conda/conda-bld/pytorch_1603729138878/work/aten/src/ATen/native/cuda/Indexing.cu:658: indexSelectLargeIndex: block: [87,0,0], thread: [74,0,0] Assertion `srcIndex < srcSelectDimSize` failed.
/opt/conda/conda-bld/pytorch_1603729138878/work/aten/src/ATen/native/cuda/Indexing.cu:658: indexSelectLargeIndex: block: [87,0,0], thread: [77,0,0] Assertion `srcIndex < srcSelectDimSize` failed.
/opt/conda/conda-bld/pytorch_1603729138878/work/aten/src/ATen/native/cuda/Indexing.cu:658: indexSelectLargeIndex: block: [87,0,0], thread: [78,0,0] Assertion `srcIndex < srcSelectDimSize` failed.
/opt/conda/conda-bld/pytorch_1603729138878/work/aten/src/ATen/native/cuda/Indexing.cu:658: indexSelectLargeIndex: block: [87,0,0], thread: [81,0,0] Assertion `srcIndex < srcSelectDimSize` failed.
/opt/conda/conda-bld/pytorch_1603729138878/work/aten/src/ATen/native/cuda/Indexing.cu:658: indexSelectLargeIndex: block: [87,0,0], thread: [83,0,0] Assertion `srcIndex < srcSelectDimSize` failed.
/opt/conda/conda-bld/pytorch_1603729138878/work/aten/src/ATen/native/cuda/Indexing.cu:658: indexSelectLargeIndex: block: [87,0,0], thread: [86,0,0] Assertion `srcIndex < srcSelectDimSize` failed.
/opt/conda/conda-bld/pytorch_1603729138878/work/aten/src/ATen/native/cuda/Indexing.cu:658: indexSelectLargeIndex: block: [87,0,0], thread: [87,0,0] Assertion `srcIndex < srcSelectDimSize` failed.
/opt/conda/conda-bld/pytorch_1603729138878/work/aten/src/ATen/native/cuda/Indexing.cu:658: indexSelectLargeIndex: block: [87,0,0], thread: [90,0,0] Assertion `srcIndex < srcSelectDimSize` failed.
/opt/conda/conda-bld/pytorch_1603729138878/work/aten/src/ATen/native/cuda/Indexing.cu:658: indexSelectLargeIndex: block: [89,0,0], thread: [64,0,0] Assertion `srcIndex < srcSelectDimSize` failed.
/opt/conda/conda-bld/pytorch_1603729138878/work/aten/src/ATen/native/cuda/Indexing.cu:658: indexSelectLargeIndex: block: [89,0,0], thread: [65,0,0] Assertion `srcIndex < srcSelectDimSize` failed.
/opt/conda/conda-bld/pytorch_1603729138878/work/aten/src/ATen/native/cuda/Indexing.cu:658: indexSelectLargeIndex: block: [89,0,0], thread: [68,0,0] Assertion `srcIndex < srcSelectDimSize` failed.
/opt/conda/conda-bld/pytorch_1603729138878/work/aten/src/ATen/native/cuda/Indexing.cu:658: indexSelectLargeIndex: block: [89,0,0], thread: [74,0,0] Assertion `srcIndex < srcSelectDimSize` failed.
/opt/conda/conda-bld/pytorch_1603729138878/work/aten/src/ATen/native/cuda/Indexing.cu:658: indexSelectLargeIndex: block: [89,0,0], thread: [77,0,0] Assertion `srcIndex < srcSelectDimSize` failed.
/opt/conda/conda-bld/pytorch_1603729138878/work/aten/src/ATen/native/cuda/Indexing.cu:658: indexSelectLargeIndex: block: [89,0,0], thread: [79,0,0] Assertion `srcIndex < srcSelectDimSize` failed.
/opt/conda/conda-bld/pytorch_1603729138878/work/aten/src/ATen/native/cuda/Indexing.cu:658: indexSelectLargeIndex: block: [89,0,0], thread: [82,0,0] Assertion `srcIndex < srcSelectDimSize` failed.
/opt/conda/conda-bld/pytorch_1603729138878/work/aten/src/ATen/native/cuda/Indexing.cu:658: indexSelectLargeIndex: block: [89,0,0], thread: [88,0,0] Assertion `srcIndex < srcSelectDimSize` failed.
/opt/conda/conda-bld/pytorch_1603729138878/work/aten/src/ATen/native/cuda/Indexing.cu:658: indexSelectLargeIndex: block: [89,0,0], thread: [91,0,0] Assertion `srcIndex < srcSelectDimSize` failed.
/opt/conda/conda-bld/pytorch_1603729138878/work/aten/src/ATen/native/cuda/Indexing.cu:658: indexSelectLargeIndex: block: [223,0,0], thread: [97,0,0] Assertion `srcIndex < srcSelectDimSize` failed.
/opt/conda/conda-bld/pytorch_1603729138878/work/aten/src/ATen/native/cuda/Indexing.cu:658: indexSelectLargeIndex: block: [223,0,0], thread: [99,0,0] Assertion `srcIndex < srcSelectDimSize` failed.
/opt/conda/conda-bld/pytorch_1603729138878/work/aten/src/ATen/native/cuda/Indexing.cu:658: indexSelectLargeIndex: block: [223,0,0], thread: [102,0,0] Assertion `srcIndex < srcSelectDimSize` failed.
/opt/conda/conda-bld/pytorch_1603729138878/work/aten/src/ATen/native/cuda/Indexing.cu:658: indexSelectLargeIndex: block: [223,0,0], thread: [108,0,0] Assertion `srcIndex < srcSelectDimSize` failed.
/opt/conda/conda-bld/pytorch_1603729138878/work/aten/src/ATen/native/cuda/Indexing.cu:658: indexSelectLargeIndex: block: [223,0,0], thread: [111,0,0] Assertion `srcIndex < srcSelectDimSize` failed.
/opt/conda/conda-bld/pytorch_1603729138878/work/aten/src/ATen/native/cuda/Indexing.cu:658: indexSelectLargeIndex: block: [223,0,0], thread: [112,0,0] Assertion `srcIndex < srcSelectDimSize` failed.
/opt/conda/conda-bld/pytorch_1603729138878/work/aten/src/ATen/native/cuda/Indexing.cu:658: indexSelectLargeIndex: block: [223,0,0], thread: [115,0,0] Assertion `srcIndex < srcSelectDimSize` failed.
/opt/conda/conda-bld/pytorch_1603729138878/work/aten/src/ATen/native/cuda/Indexing.cu:658: indexSelectLargeIndex: block: [223,0,0], thread: [126,0,0] Assertion `srcIndex < srcSelectDimSize` failed.
/opt/conda/conda-bld/pytorch_1603729138878/work/aten/src/ATen/native/cuda/Indexing.cu:658: indexSelectLargeIndex: block: [361,0,0], thread: [87,0,0] Assertion `srcIndex < srcSelectDimSize` failed.
/opt/conda/conda-bld/pytorch_1603729138878/work/aten/src/ATen/native/cuda/Indexing.cu:658: indexSelectLargeIndex: block: [361,0,0], thread: [88,0,0] Assertion `srcIndex < srcSelectDimSize` failed.
/opt/conda/conda-bld/pytorch_1603729138878/work/aten/src/ATen/native/cuda/Indexing.cu:658: indexSelectLargeIndex: block: [361,0,0], thread: [89,0,0] Assertion `srcIndex < srcSelectDimSize` failed.
/opt/conda/conda-bld/pytorch_1603729138878/work/aten/src/ATen/native/cuda/Indexing.cu:658: indexSelectLargeIndex: block: [359,0,0], thread: [64,0,0] Assertion `srcIndex < srcSelectDimSize` failed.
/opt/conda/conda-bld/pytorch_1603729138878/work/aten/src/ATen/native/cuda/Indexing.cu:658: indexSelectLargeIndex: block: [359,0,0], thread: [67,0,0] Assertion `srcIndex < srcSelectDimSize` failed.
/opt/conda/conda-bld/pytorch_1603729138878/work/aten/src/ATen/native/cuda/Indexing.cu:658: indexSelectLargeIndex: block: [359,0,0], thread: [77,0,0] Assertion `srcIndex < srcSelectDimSize` failed.
/opt/conda/conda-bld/pytorch_1603729138878/work/aten/src/ATen/native/cuda/Indexing.cu:658: indexSelectLargeIndex: block: [359,0,0], thread: [80,0,0] Assertion `srcIndex < srcSelectDimSize` failed.
/opt/conda/conda-bld/pytorch_1603729138878/work/aten/src/ATen/native/cuda/Indexing.cu:658: indexSelectLargeIndex: block: [359,0,0], thread: [86,0,0] Assertion `srcIndex < srcSelectDimSize` failed.
/opt/conda/conda-bld/pytorch_1603729138878/work/aten/src/ATen/native/cuda/Indexing.cu:658: indexSelectLargeIndex: block: [359,0,0], thread: [89,0,0] Assertion `srcIndex < srcSelectDimSize` failed.
/opt/conda/conda-bld/pytorch_1603729138878/work/aten/src/ATen/native/cuda/Indexing.cu:658: indexSelectLargeIndex: block: [359,0,0], thread: [91,0,0] Assertion `srcIndex < srcSelectDimSize` failed.
/opt/conda/conda-bld/pytorch_1603729138878/work/aten/src/ATen/native/cuda/Indexing.cu:658: indexSelectLargeIndex: block: [359,0,0], thread: [94,0,0] Assertion `srcIndex < srcSelectDimSize` failed.
/opt/conda/conda-bld/pytorch_1603729138878/work/aten/src/ATen/native/cuda/Indexing.cu:658: indexSelectLargeIndex: block: [520,0,0], thread: [78,0,0] Assertion `srcIndex < srcSelectDimSize` failed.
/opt/conda/conda-bld/pytorch_1603729138878/work/aten/src/ATen/native/cuda/Indexing.cu:658: indexSelectLargeIndex: block: [520,0,0], thread: [79,0,0] Assertion `srcIndex < srcSelectDimSize` failed.
/opt/conda/conda-bld/pytorch_1603729138878/work/aten/src/ATen/native/cuda/Indexing.cu:658: indexSelectLargeIndex: block: [520,0,0], thread: [81,0,0] Assertion `srcIndex < srcSelectDimSize` failed.
/opt/conda/conda-bld/pytorch_1603729138878/work/aten/src/ATen/native/cuda/Indexing.cu:658: indexSelectLargeIndex: block: [520,0,0], thread: [82,0,0] Assertion `srcIndex < srcSelectDimSize` failed.
/opt/conda/conda-bld/pytorch_1603729138878/work/aten/src/ATen/native/cuda/Indexing.cu:658: indexSelectLargeIndex: block: [520,0,0], thread: [87,0,0] Assertion `srcIndex < srcSelectDimSize` failed.
/opt/conda/conda-bld/pytorch_1603729138878/work/aten/src/ATen/native/cuda/Indexing.cu:658: indexSelectLargeIndex: block: [520,0,0], thread: [88,0,0] Assertion `srcIndex < srcSelectDimSize` failed.
/opt/conda/conda-bld/pytorch_1603729138878/work/aten/src/ATen/native/cuda/Indexing.cu:658: indexSelectLargeIndex: block: [520,0,0], thread: [90,0,0] Assertion `srcIndex < srcSelectDimSize` failed.
/opt/conda/conda-bld/pytorch_1603729138878/work/aten/src/ATen/native/cuda/Indexing.cu:658: indexSelectLargeIndex: block: [520,0,0], thread: [91,0,0] Assertion `srcIndex < srcSelectDimSize` failed.
/opt/conda/conda-bld/pytorch_1603729138878/work/aten/src/ATen/native/cuda/Indexing.cu:658: indexSelectLargeIndex: block: [520,0,0], thread: [99,0,0] Assertion `srcIndex < srcSelectDimSize` failed.
/opt/conda/conda-bld/pytorch_1603729138878/work/aten/src/ATen/native/cuda/Indexing.cu:658: indexSelectLargeIndex: block: [520,0,0], thread: [100,0,0] Assertion `srcIndex < srcSelectDimSize` failed.
/opt/conda/conda-bld/pytorch_1603729138878/work/aten/src/ATen/native/cuda/Indexing.cu:658: indexSelectLargeIndex: block: [520,0,0], thread: [108,0,0] Assertion `srcIndex < srcSelectDimSize` failed.
/opt/conda/conda-bld/pytorch_1603729138878/work/aten/src/ATen/native/cuda/Indexing.cu:658: indexSelectLargeIndex: block: [520,0,0], thread: [109,0,0] Assertion `srcIndex < srcSelectDimSize` failed.
/opt/conda/conda-bld/pytorch_1603729138878/work/aten/src/ATen/native/cuda/Indexing.cu:658: indexSelectLargeIndex: block: [520,0,0], thread: [116,0,0] Assertion `srcIndex < srcSelectDimSize` failed.
/opt/conda/conda-bld/pytorch_1603729138878/work/aten/src/ATen/native/cuda/Indexing.cu:658: indexSelectLargeIndex: block: [520,0,0], thread: [117,0,0] Assertion `srcIndex < srcSelectDimSize` failed.
/opt/conda/conda-bld/pytorch_1603729138878/work/aten/src/ATen/native/cuda/Indexing.cu:658: indexSelectLargeIndex: block: [520,0,0], thread: [118,0,0] Assertion `srcIndex < srcSelectDimSize` failed.
/opt/conda/conda-bld/pytorch_1603729138878/work/aten/src/ATen/native/cuda/Indexing.cu:658: indexSelectLargeIndex: block: [520,0,0], thread: [120,0,0] Assertion `srcIndex < srcSelectDimSize` failed.
/opt/conda/conda-bld/pytorch_1603729138878/work/aten/src/ATen/native/cuda/Indexing.cu:658: indexSelectLargeIndex: block: [520,0,0], thread: [121,0,0] Assertion `srcIndex < srcSelectDimSize` failed.
/opt/conda/conda-bld/pytorch_1603729138878/work/aten/src/ATen/native/cuda/Indexing.cu:658: indexSelectLargeIndex: block: [520,0,0], thread: [123,0,0] Assertion `srcIndex < srcSelectDimSize` failed.
/opt/conda/conda-bld/pytorch_1603729138878/work/aten/src/ATen/native/cuda/Indexing.cu:658: indexSelectLargeIndex: block: [520,0,0], thread: [124,0,0] Assertion `srcIndex < srcSelectDimSize` failed.
/opt/conda/conda-bld/pytorch_1603729138878/work/aten/src/ATen/native/cuda/Indexing.cu:658: indexSelectLargeIndex: block: [361,0,0], thread: [118,0,0] Assertion `srcIndex < srcSelectDimSize` failed.
/opt/conda/conda-bld/pytorch_1603729138878/work/aten/src/ATen/native/cuda/Indexing.cu:658: indexSelectLargeIndex: block: [361,0,0], thread: [121,0,0] Assertion `srcIndex < srcSelectDimSize` failed.
/opt/conda/conda-bld/pytorch_1603729138878/work/aten/src/ATen/native/cuda/Indexing.cu:658: indexSelectLargeIndex: block: [361,0,0], thread: [33,0,0] Assertion `srcIndex < srcSelectDimSize` failed.
/opt/conda/conda-bld/pytorch_1603729138878/work/aten/src/ATen/native/cuda/Indexing.cu:658: indexSelectLargeIndex: block: [361,0,0], thread: [36,0,0] Assertion `srcIndex < srcSelectDimSize` failed.
/opt/conda/conda-bld/pytorch_1603729138878/work/aten/src/ATen/native/cuda/Indexing.cu:658: indexSelectLargeIndex: block: [361,0,0], thread: [42,0,0] Assertion `srcIndex < srcSelectDimSize` failed.
/opt/conda/conda-bld/pytorch_1603729138878/work/aten/src/ATen/native/cuda/Indexing.cu:658: indexSelectLargeIndex: block: [361,0,0], thread: [45,0,0] Assertion `srcIndex < srcSelectDimSize` failed.
/opt/conda/conda-bld/pytorch_1603729138878/work/aten/src/ATen/native/cuda/Indexing.cu:658: indexSelectLargeIndex: block: [361,0,0], thread: [46,0,0] Assertion `srcIndex < srcSelectDimSize` failed.
/opt/conda/conda-bld/pytorch_1603729138878/work/aten/src/ATen/native/cuda/Indexing.cu:658: indexSelectLargeIndex: block: [361,0,0], thread: [49,0,0] Assertion `srcIndex < srcSelectDimSize` failed.
/opt/conda/conda-bld/pytorch_1603729138878/work/aten/src/ATen/native/cuda/Indexing.cu:658: indexSelectLargeIndex: block: [361,0,0], thread: [55,0,0] Assertion `srcIndex < srcSelectDimSize` failed.
/opt/conda/conda-bld/pytorch_1603729138878/work/aten/src/ATen/native/cuda/Indexing.cu:658: indexSelectLargeIndex: block: [361,0,0], thread: [58,0,0] Assertion `srcIndex < srcSelectDimSize` failed.
/opt/conda/conda-bld/pytorch_1603729138878/work/aten/src/ATen/native/cuda/Indexing.cu:658: indexSelectLargeIndex: block: [361,0,0], thread: [60,0,0] Assertion `srcIndex < srcSelectDimSize` failed.
/opt/conda/conda-bld/pytorch_1603729138878/work/aten/src/ATen/native/cuda/Indexing.cu:658: indexSelectLargeIndex: block: [361,0,0], thread: [63,0,0] Assertion `srcIndex < srcSelectDimSize` failed.
  0%|          | 0/201 [00:01<?, ?it/s]
Traceback (most recent call last):
  File "train.py", line 128, in <module>
    start = segment_start,end = segment_end,block=bl)
  File "/opt/miniconda3/envs/pialnn/lib/python3.7/site-packages/torch/nn/modules/module.py", line 727, in _call_impl
    result = self.forward(*input, **kwargs)
  File "/pialnn/model/cortexGNN.py", line 198, in forward
    x = self.blocks(v, f, volume,start,end,edge_index_with_loops)
  File "/opt/miniconda3/envs/pialnn/lib/python3.7/site-packages/torch/nn/modules/module.py", line 727, in _call_impl
    result = self.forward(*input, **kwargs)
  File "/pialnn/model/cortexGNN.py", line 159, in forward
    x = self.gcn(x, edge_list)*.1 #threshold the deformation like before
  File "/opt/miniconda3/envs/pialnn/lib/python3.7/site-packages/torch/nn/modules/module.py", line 727, in _call_impl
    result = self.forward(*input, **kwargs)
  File "/pialnn/model/cortexGNN.py", line 38, in forward
    x = F.relu(self.gat1(x, edge_index))
  File "/opt/miniconda3/envs/pialnn/lib/python3.7/site-packages/torch/nn/modules/module.py", line 727, in _call_impl
    result = self.forward(*input, **kwargs)
  File "/opt/miniconda3/envs/pialnn/lib/python3.7/site-packages/torch_geometric/nn/conv/gat_conv.py", line 246, in forward
    out = self.propagate(edge_index, x=x, alpha=alpha, size=size)
  File "/opt/miniconda3/envs/pialnn/lib/python3.7/site-packages/torch_geometric/nn/conv/message_passing.py", line 391, in propagate
    out = self.aggregate(out, **aggr_kwargs)
  File "/opt/miniconda3/envs/pialnn/lib/python3.7/site-packages/torch_geometric/nn/conv/message_passing.py", line 515, in aggregate
    dim=self.node_dim)
  File "/opt/miniconda3/envs/pialnn/lib/python3.7/site-packages/torch_geometric/nn/aggr/base.py", line 109, in __call__
    elif index.numel() > 0 and dim_size <= int(index.max()):
RuntimeError: CUDA error: device-side assert triggered
