  0%|          | 0/4 [00:00<?, ?it/s] 25%|██▌       | 1/4 [00:00<00:01,  1.94it/s] 50%|█████     | 2/4 [00:00<00:00,  2.29it/s] 75%|███████▌  | 3/4 [00:01<00:00,  2.31it/s]100%|██████████| 4/4 [00:01<00:00,  2.32it/s]100%|██████████| 4/4 [00:01<00:00,  2.28it/s]
  0%|          | 0/201 [00:00<?, ?it/s]/opt/conda/conda-bld/pytorch_1603729138878/work/aten/src/ATen/native/cuda/IndexKernel.cu:84: operator(): block: [1290,0,0], thread: [90,0,0] Assertion `index >= -sizes[i] && index < sizes[i] && "index out of bounds"` failed.
/opt/conda/conda-bld/pytorch_1603729138878/work/aten/src/ATen/native/cuda/IndexKernel.cu:84: operator(): block: [1290,0,0], thread: [91,0,0] Assertion `index >= -sizes[i] && index < sizes[i] && "index out of bounds"` failed.
/opt/conda/conda-bld/pytorch_1603729138878/work/aten/src/ATen/native/cuda/IndexKernel.cu:84: operator(): block: [1290,0,0], thread: [92,0,0] Assertion `index >= -sizes[i] && index < sizes[i] && "index out of bounds"` failed.
/opt/conda/conda-bld/pytorch_1603729138878/work/aten/src/ATen/native/cuda/IndexKernel.cu:84: operator(): block: [1290,0,0], thread: [93,0,0] Assertion `index >= -sizes[i] && index < sizes[i] && "index out of bounds"` failed.
/opt/conda/conda-bld/pytorch_1603729138878/work/aten/src/ATen/native/cuda/IndexKernel.cu:84: operator(): block: [1290,0,0], thread: [94,0,0] Assertion `index >= -sizes[i] && index < sizes[i] && "index out of bounds"` failed.
/opt/conda/conda-bld/pytorch_1603729138878/work/aten/src/ATen/native/cuda/IndexKernel.cu:84: operator(): block: [1290,0,0], thread: [95,0,0] Assertion `index >= -sizes[i] && index < sizes[i] && "index out of bounds"` failed.
/opt/conda/conda-bld/pytorch_1603729138878/work/aten/src/ATen/native/cuda/IndexKernel.cu:84: operator(): block: [1290,0,0], thread: [96,0,0] Assertion `index >= -sizes[i] && index < sizes[i] && "index out of bounds"` failed.
/opt/conda/conda-bld/pytorch_1603729138878/work/aten/src/ATen/native/cuda/IndexKernel.cu:84: operator(): block: [1290,0,0], thread: [97,0,0] Assertion `index >= -sizes[i] && index < sizes[i] && "index out of bounds"` failed.
/opt/conda/conda-bld/pytorch_1603729138878/work/aten/src/ATen/native/cuda/IndexKernel.cu:84: operator(): block: [1290,0,0], thread: [98,0,0] Assertion `index >= -sizes[i] && index < sizes[i] && "index out of bounds"` failed.
/opt/conda/conda-bld/pytorch_1603729138878/work/aten/src/ATen/native/cuda/IndexKernel.cu:84: operator(): block: [1290,0,0], thread: [126,0,0] Assertion `index >= -sizes[i] && index < sizes[i] && "index out of bounds"` failed.
/opt/conda/conda-bld/pytorch_1603729138878/work/aten/src/ATen/native/cuda/IndexKernel.cu:84: operator(): block: [1290,0,0], thread: [127,0,0] Assertion `index >= -sizes[i] && index < sizes[i] && "index out of bounds"` failed.
/opt/conda/conda-bld/pytorch_1603729138878/work/aten/src/ATen/native/cuda/IndexKernel.cu:84: operator(): block: [1290,0,0], thread: [36,0,0] Assertion `index >= -sizes[i] && index < sizes[i] && "index out of bounds"` failed.
/opt/conda/conda-bld/pytorch_1603729138878/work/aten/src/ATen/native/cuda/IndexKernel.cu:84: operator(): block: [1290,0,0], thread: [37,0,0] Assertion `index >= -sizes[i] && index < sizes[i] && "index out of bounds"` failed.
/opt/conda/conda-bld/pytorch_1603729138878/work/aten/src/ATen/native/cuda/IndexKernel.cu:84: operator(): block: [1290,0,0], thread: [38,0,0] Assertion `index >= -sizes[i] && index < sizes[i] && "index out of bounds"` failed.
/opt/conda/conda-bld/pytorch_1603729138878/work/aten/src/ATen/native/cuda/IndexKernel.cu:84: operator(): block: [1290,0,0], thread: [39,0,0] Assertion `index >= -sizes[i] && index < sizes[i] && "index out of bounds"` failed.
/opt/conda/conda-bld/pytorch_1603729138878/work/aten/src/ATen/native/cuda/IndexKernel.cu:84: operator(): block: [1290,0,0], thread: [40,0,0] Assertion `index >= -sizes[i] && index < sizes[i] && "index out of bounds"` failed.
/opt/conda/conda-bld/pytorch_1603729138878/work/aten/src/ATen/native/cuda/IndexKernel.cu:84: operator(): block: [1290,0,0], thread: [41,0,0] Assertion `index >= -sizes[i] && index < sizes[i] && "index out of bounds"` failed.
/opt/conda/conda-bld/pytorch_1603729138878/work/aten/src/ATen/native/cuda/IndexKernel.cu:84: operator(): block: [1290,0,0], thread: [42,0,0] Assertion `index >= -sizes[i] && index < sizes[i] && "index out of bounds"` failed.
/opt/conda/conda-bld/pytorch_1603729138878/work/aten/src/ATen/native/cuda/IndexKernel.cu:84: operator(): block: [1290,0,0], thread: [43,0,0] Assertion `index >= -sizes[i] && index < sizes[i] && "index out of bounds"` failed.
/opt/conda/conda-bld/pytorch_1603729138878/work/aten/src/ATen/native/cuda/IndexKernel.cu:84: operator(): block: [1290,0,0], thread: [44,0,0] Assertion `index >= -sizes[i] && index < sizes[i] && "index out of bounds"` failed.
/opt/conda/conda-bld/pytorch_1603729138878/work/aten/src/ATen/native/cuda/IndexKernel.cu:84: operator(): block: [1290,0,0], thread: [51,0,0] Assertion `index >= -sizes[i] && index < sizes[i] && "index out of bounds"` failed.
/opt/conda/conda-bld/pytorch_1603729138878/work/aten/src/ATen/native/cuda/IndexKernel.cu:84: operator(): block: [1290,0,0], thread: [52,0,0] Assertion `index >= -sizes[i] && index < sizes[i] && "index out of bounds"` failed.
/opt/conda/conda-bld/pytorch_1603729138878/work/aten/src/ATen/native/cuda/IndexKernel.cu:84: operator(): block: [1290,0,0], thread: [53,0,0] Assertion `index >= -sizes[i] && index < sizes[i] && "index out of bounds"` failed.
/opt/conda/conda-bld/pytorch_1603729138878/work/aten/src/ATen/native/cuda/IndexKernel.cu:84: operator(): block: [1290,0,0], thread: [54,0,0] Assertion `index >= -sizes[i] && index < sizes[i] && "index out of bounds"` failed.
/opt/conda/conda-bld/pytorch_1603729138878/work/aten/src/ATen/native/cuda/IndexKernel.cu:84: operator(): block: [1290,0,0], thread: [55,0,0] Assertion `index >= -sizes[i] && index < sizes[i] && "index out of bounds"` failed.
/opt/conda/conda-bld/pytorch_1603729138878/work/aten/src/ATen/native/cuda/IndexKernel.cu:84: operator(): block: [1290,0,0], thread: [56,0,0] Assertion `index >= -sizes[i] && index < sizes[i] && "index out of bounds"` failed.
/opt/conda/conda-bld/pytorch_1603729138878/work/aten/src/ATen/native/cuda/IndexKernel.cu:84: operator(): block: [1290,0,0], thread: [60,0,0] Assertion `index >= -sizes[i] && index < sizes[i] && "index out of bounds"` failed.
/opt/conda/conda-bld/pytorch_1603729138878/work/aten/src/ATen/native/cuda/IndexKernel.cu:84: operator(): block: [1290,0,0], thread: [61,0,0] Assertion `index >= -sizes[i] && index < sizes[i] && "index out of bounds"` failed.
/opt/conda/conda-bld/pytorch_1603729138878/work/aten/src/ATen/native/cuda/IndexKernel.cu:84: operator(): block: [1290,0,0], thread: [62,0,0] Assertion `index >= -sizes[i] && index < sizes[i] && "index out of bounds"` failed.
/opt/conda/conda-bld/pytorch_1603729138878/work/aten/src/ATen/native/cuda/IndexKernel.cu:84: operator(): block: [1477,0,0], thread: [96,0,0] Assertion `index >= -sizes[i] && index < sizes[i] && "index out of bounds"` failed.
/opt/conda/conda-bld/pytorch_1603729138878/work/aten/src/ATen/native/cuda/IndexKernel.cu:84: operator(): block: [1477,0,0], thread: [97,0,0] Assertion `index >= -sizes[i] && index < sizes[i] && "index out of bounds"` failed.
/opt/conda/conda-bld/pytorch_1603729138878/work/aten/src/ATen/native/cuda/IndexKernel.cu:84: operator(): block: [1477,0,0], thread: [98,0,0] Assertion `index >= -sizes[i] && index < sizes[i] && "index out of bounds"` failed.
/opt/conda/conda-bld/pytorch_1603729138878/work/aten/src/ATen/native/cuda/IndexKernel.cu:84: operator(): block: [1477,0,0], thread: [99,0,0] Assertion `index >= -sizes[i] && index < sizes[i] && "index out of bounds"` failed.
/opt/conda/conda-bld/pytorch_1603729138878/work/aten/src/ATen/native/cuda/IndexKernel.cu:84: operator(): block: [1477,0,0], thread: [100,0,0] Assertion `index >= -sizes[i] && index < sizes[i] && "index out of bounds"` failed.
/opt/conda/conda-bld/pytorch_1603729138878/work/aten/src/ATen/native/cuda/IndexKernel.cu:84: operator(): block: [1477,0,0], thread: [101,0,0] Assertion `index >= -sizes[i] && index < sizes[i] && "index out of bounds"` failed.
/opt/conda/conda-bld/pytorch_1603729138878/work/aten/src/ATen/native/cuda/IndexKernel.cu:84: operator(): block: [1477,0,0], thread: [102,0,0] Assertion `index >= -sizes[i] && index < sizes[i] && "index out of bounds"` failed.
/opt/conda/conda-bld/pytorch_1603729138878/work/aten/src/ATen/native/cuda/IndexKernel.cu:84: operator(): block: [1477,0,0], thread: [103,0,0] Assertion `index >= -sizes[i] && index < sizes[i] && "index out of bounds"` failed.
/opt/conda/conda-bld/pytorch_1603729138878/work/aten/src/ATen/native/cuda/IndexKernel.cu:84: operator(): block: [1477,0,0], thread: [104,0,0] Assertion `index >= -sizes[i] && index < sizes[i] && "index out of bounds"` failed.
/opt/conda/conda-bld/pytorch_1603729138878/work/aten/src/ATen/native/cuda/IndexKernel.cu:84: operator(): block: [1477,0,0], thread: [105,0,0] Assertion `index >= -sizes[i] && index < sizes[i] && "index out of bounds"` failed.
/opt/conda/conda-bld/pytorch_1603729138878/work/aten/src/ATen/native/cuda/IndexKernel.cu:84: operator(): block: [1477,0,0], thread: [106,0,0] Assertion `index >= -sizes[i] && index < sizes[i] && "index out of bounds"` failed.
/opt/conda/conda-bld/pytorch_1603729138878/work/aten/src/ATen/native/cuda/IndexKernel.cu:84: operator(): block: [1477,0,0], thread: [107,0,0] Assertion `index >= -sizes[i] && index < sizes[i] && "index out of bounds"` failed.
/opt/conda/conda-bld/pytorch_1603729138878/work/aten/src/ATen/native/cuda/IndexKernel.cu:84: operator(): block: [1477,0,0], thread: [108,0,0] Assertion `index >= -sizes[i] && index < sizes[i] && "index out of bounds"` failed.
/opt/conda/conda-bld/pytorch_1603729138878/work/aten/src/ATen/native/cuda/IndexKernel.cu:84: operator(): block: [1477,0,0], thread: [109,0,0] Assertion `index >= -sizes[i] && index < sizes[i] && "index out of bounds"` failed.
/opt/conda/conda-bld/pytorch_1603729138878/work/aten/src/ATen/native/cuda/IndexKernel.cu:84: operator(): block: [1477,0,0], thread: [110,0,0] Assertion `index >= -sizes[i] && index < sizes[i] && "index out of bounds"` failed.
/opt/conda/conda-bld/pytorch_1603729138878/work/aten/src/ATen/native/cuda/IndexKernel.cu:84: operator(): block: [1477,0,0], thread: [111,0,0] Assertion `index >= -sizes[i] && index < sizes[i] && "index out of bounds"` failed.
/opt/conda/conda-bld/pytorch_1603729138878/work/aten/src/ATen/native/cuda/IndexKernel.cu:84: operator(): block: [1477,0,0], thread: [112,0,0] Assertion `index >= -sizes[i] && index < sizes[i] && "index out of bounds"` failed.
/opt/conda/conda-bld/pytorch_1603729138878/work/aten/src/ATen/native/cuda/IndexKernel.cu:84: operator(): block: [1477,0,0], thread: [113,0,0] Assertion `index >= -sizes[i] && index < sizes[i] && "index out of bounds"` failed.
/opt/conda/conda-bld/pytorch_1603729138878/work/aten/src/ATen/native/cuda/IndexKernel.cu:84: operator(): block: [1477,0,0], thread: [114,0,0] Assertion `index >= -sizes[i] && index < sizes[i] && "index out of bounds"` failed.
/opt/conda/conda-bld/pytorch_1603729138878/work/aten/src/ATen/native/cuda/IndexKernel.cu:84: operator(): block: [1477,0,0], thread: [115,0,0] Assertion `index >= -sizes[i] && index < sizes[i] && "index out of bounds"` failed.
/opt/conda/conda-bld/pytorch_1603729138878/work/aten/src/ATen/native/cuda/IndexKernel.cu:84: operator(): block: [1477,0,0], thread: [116,0,0] Assertion `index >= -sizes[i] && index < sizes[i] && "index out of bounds"` failed.
/opt/conda/conda-bld/pytorch_1603729138878/work/aten/src/ATen/native/cuda/IndexKernel.cu:84: operator(): block: [1477,0,0], thread: [117,0,0] Assertion `index >= -sizes[i] && index < sizes[i] && "index out of bounds"` failed.
/opt/conda/conda-bld/pytorch_1603729138878/work/aten/src/ATen/native/cuda/IndexKernel.cu:84: operator(): block: [1477,0,0], thread: [118,0,0] Assertion `index >= -sizes[i] && index < sizes[i] && "index out of bounds"` failed.
/opt/conda/conda-bld/pytorch_1603729138878/work/aten/src/ATen/native/cuda/IndexKernel.cu:84: operator(): block: [1477,0,0], thread: [119,0,0] Assertion `index >= -sizes[i] && index < sizes[i] && "index out of bounds"` failed.
/opt/conda/conda-bld/pytorch_1603729138878/work/aten/src/ATen/native/cuda/IndexKernel.cu:84: operator(): block: [1477,0,0], thread: [120,0,0] Assertion `index >= -sizes[i] && index < sizes[i] && "index out of bounds"` failed.
/opt/conda/conda-bld/pytorch_1603729138878/work/aten/src/ATen/native/cuda/IndexKernel.cu:84: operator(): block: [1477,0,0], thread: [121,0,0] Assertion `index >= -sizes[i] && index < sizes[i] && "index out of bounds"` failed.
/opt/conda/conda-bld/pytorch_1603729138878/work/aten/src/ATen/native/cuda/IndexKernel.cu:84: operator(): block: [1477,0,0], thread: [122,0,0] Assertion `index >= -sizes[i] && index < sizes[i] && "index out of bounds"` failed.
/opt/conda/conda-bld/pytorch_1603729138878/work/aten/src/ATen/native/cuda/IndexKernel.cu:84: operator(): block: [1477,0,0], thread: [123,0,0] Assertion `index >= -sizes[i] && index < sizes[i] && "index out of bounds"` failed.
/opt/conda/conda-bld/pytorch_1603729138878/work/aten/src/ATen/native/cuda/IndexKernel.cu:84: operator(): block: [1477,0,0], thread: [124,0,0] Assertion `index >= -sizes[i] && index < sizes[i] && "index out of bounds"` failed.
/opt/conda/conda-bld/pytorch_1603729138878/work/aten/src/ATen/native/cuda/IndexKernel.cu:84: operator(): block: [1477,0,0], thread: [125,0,0] Assertion `index >= -sizes[i] && index < sizes[i] && "index out of bounds"` failed.
/opt/conda/conda-bld/pytorch_1603729138878/work/aten/src/ATen/native/cuda/IndexKernel.cu:84: operator(): block: [1477,0,0], thread: [126,0,0] Assertion `index >= -sizes[i] && index < sizes[i] && "index out of bounds"` failed.
/opt/conda/conda-bld/pytorch_1603729138878/work/aten/src/ATen/native/cuda/IndexKernel.cu:84: operator(): block: [1477,0,0], thread: [127,0,0] Assertion `index >= -sizes[i] && index < sizes[i] && "index out of bounds"` failed.
/opt/conda/conda-bld/pytorch_1603729138878/work/aten/src/ATen/native/cuda/IndexKernel.cu:84: operator(): block: [1320,0,0], thread: [32,0,0] Assertion `index >= -sizes[i] && index < sizes[i] && "index out of bounds"` failed.
/opt/conda/conda-bld/pytorch_1603729138878/work/aten/src/ATen/native/cuda/IndexKernel.cu:84: operator(): block: [1320,0,0], thread: [33,0,0] Assertion `index >= -sizes[i] && index < sizes[i] && "index out of bounds"` failed.
/opt/conda/conda-bld/pytorch_1603729138878/work/aten/src/ATen/native/cuda/IndexKernel.cu:84: operator(): block: [1320,0,0], thread: [34,0,0] Assertion `index >= -sizes[i] && index < sizes[i] && "index out of bounds"` failed.
/opt/conda/conda-bld/pytorch_1603729138878/work/aten/src/ATen/native/cuda/IndexKernel.cu:84: operator(): block: [1320,0,0], thread: [35,0,0] Assertion `index >= -sizes[i] && index < sizes[i] && "index out of bounds"` failed.
/opt/conda/conda-bld/pytorch_1603729138878/work/aten/src/ATen/native/cuda/IndexKernel.cu:84: operator(): block: [1320,0,0], thread: [36,0,0] Assertion `index >= -sizes[i] && index < sizes[i] && "index out of bounds"` failed.
/opt/conda/conda-bld/pytorch_1603729138878/work/aten/src/ATen/native/cuda/IndexKernel.cu:84: operator(): block: [1320,0,0], thread: [37,0,0] Assertion `index >= -sizes[i] && index < sizes[i] && "index out of bounds"` failed.
/opt/conda/conda-bld/pytorch_1603729138878/work/aten/src/ATen/native/cuda/IndexKernel.cu:84: operator(): block: [1320,0,0], thread: [38,0,0] Assertion `index >= -sizes[i] && index < sizes[i] && "index out of bounds"` failed.
/opt/conda/conda-bld/pytorch_1603729138878/work/aten/src/ATen/native/cuda/IndexKernel.cu:84: operator(): block: [1320,0,0], thread: [39,0,0] Assertion `index >= -sizes[i] && index < sizes[i] && "index out of bounds"` failed.
/opt/conda/conda-bld/pytorch_1603729138878/work/aten/src/ATen/native/cuda/IndexKernel.cu:84: operator(): block: [1320,0,0], thread: [40,0,0] Assertion `index >= -sizes[i] && index < sizes[i] && "index out of bounds"` failed.
/opt/conda/conda-bld/pytorch_1603729138878/work/aten/src/ATen/native/cuda/IndexKernel.cu:84: operator(): block: [1320,0,0], thread: [41,0,0] Assertion `index >= -sizes[i] && index < sizes[i] && "index out of bounds"` failed.
/opt/conda/conda-bld/pytorch_1603729138878/work/aten/src/ATen/native/cuda/IndexKernel.cu:84: operator(): block: [1320,0,0], thread: [42,0,0] Assertion `index >= -sizes[i] && index < sizes[i] && "index out of bounds"` failed.
/opt/conda/conda-bld/pytorch_1603729138878/work/aten/src/ATen/native/cuda/IndexKernel.cu:84: operator(): block: [1320,0,0], thread: [43,0,0] Assertion `index >= -sizes[i] && index < sizes[i] && "index out of bounds"` failed.
/opt/conda/conda-bld/pytorch_1603729138878/work/aten/src/ATen/native/cuda/IndexKernel.cu:84: operator(): block: [1320,0,0], thread: [44,0,0] Assertion `index >= -sizes[i] && index < sizes[i] && "index out of bounds"` failed.
/opt/conda/conda-bld/pytorch_1603729138878/work/aten/src/ATen/native/cuda/IndexKernel.cu:84: operator(): block: [1320,0,0], thread: [45,0,0] Assertion `index >= -sizes[i] && index < sizes[i] && "index out of bounds"` failed.
/opt/conda/conda-bld/pytorch_1603729138878/work/aten/src/ATen/native/cuda/IndexKernel.cu:84: operator(): block: [1320,0,0], thread: [46,0,0] Assertion `index >= -sizes[i] && index < sizes[i] && "index out of bounds"` failed.
/opt/conda/conda-bld/pytorch_1603729138878/work/aten/src/ATen/native/cuda/IndexKernel.cu:84: operator(): block: [1320,0,0], thread: [47,0,0] Assertion `index >= -sizes[i] && index < sizes[i] && "index out of bounds"` failed.
/opt/conda/conda-bld/pytorch_1603729138878/work/aten/src/ATen/native/cuda/IndexKernel.cu:84: operator(): block: [1320,0,0], thread: [48,0,0] Assertion `index >= -sizes[i] && index < sizes[i] && "index out of bounds"` failed.
/opt/conda/conda-bld/pytorch_1603729138878/work/aten/src/ATen/native/cuda/IndexKernel.cu:84: operator(): block: [1320,0,0], thread: [49,0,0] Assertion `index >= -sizes[i] && index < sizes[i] && "index out of bounds"` failed.
/opt/conda/conda-bld/pytorch_1603729138878/work/aten/src/ATen/native/cuda/IndexKernel.cu:84: operator(): block: [1320,0,0], thread: [50,0,0] Assertion `index >= -sizes[i] && index < sizes[i] && "index out of bounds"` failed.
/opt/conda/conda-bld/pytorch_1603729138878/work/aten/src/ATen/native/cuda/IndexKernel.cu:84: operator(): block: [1320,0,0], thread: [51,0,0] Assertion `index >= -sizes[i] && index < sizes[i] && "index out of bounds"` failed.
/opt/conda/conda-bld/pytorch_1603729138878/work/aten/src/ATen/native/cuda/IndexKernel.cu:84: operator(): block: [1320,0,0], thread: [52,0,0] Assertion `index >= -sizes[i] && index < sizes[i] && "index out of bounds"` failed.
/opt/conda/conda-bld/pytorch_1603729138878/work/aten/src/ATen/native/cuda/IndexKernel.cu:84: operator(): block: [1320,0,0], thread: [53,0,0] Assertion `index >= -sizes[i] && index < sizes[i] && "index out of bounds"` failed.
/opt/conda/conda-bld/pytorch_1603729138878/work/aten/src/ATen/native/cuda/IndexKernel.cu:84: operator(): block: [1320,0,0], thread: [54,0,0] Assertion `index >= -sizes[i] && index < sizes[i] && "index out of bounds"` failed.
/opt/conda/conda-bld/pytorch_1603729138878/work/aten/src/ATen/native/cuda/IndexKernel.cu:84: operator(): block: [1320,0,0], thread: [55,0,0] Assertion `index >= -sizes[i] && index < sizes[i] && "index out of bounds"` failed.
/opt/conda/conda-bld/pytorch_1603729138878/work/aten/src/ATen/native/cuda/IndexKernel.cu:84: operator(): block: [1320,0,0], thread: [56,0,0] Assertion `index >= -sizes[i] && index < sizes[i] && "index out of bounds"` failed.
/opt/conda/conda-bld/pytorch_1603729138878/work/aten/src/ATen/native/cuda/IndexKernel.cu:84: operator(): block: [1320,0,0], thread: [57,0,0] Assertion `index >= -sizes[i] && index < sizes[i] && "index out of bounds"` failed.
/opt/conda/conda-bld/pytorch_1603729138878/work/aten/src/ATen/native/cuda/IndexKernel.cu:84: operator(): block: [1320,0,0], thread: [58,0,0] Assertion `index >= -sizes[i] && index < sizes[i] && "index out of bounds"` failed.
/opt/conda/conda-bld/pytorch_1603729138878/work/aten/src/ATen/native/cuda/IndexKernel.cu:84: operator(): block: [1320,0,0], thread: [59,0,0] Assertion `index >= -sizes[i] && index < sizes[i] && "index out of bounds"` failed.
/opt/conda/conda-bld/pytorch_1603729138878/work/aten/src/ATen/native/cuda/IndexKernel.cu:84: operator(): block: [1320,0,0], thread: [60,0,0] Assertion `index >= -sizes[i] && index < sizes[i] && "index out of bounds"` failed.
/opt/conda/conda-bld/pytorch_1603729138878/work/aten/src/ATen/native/cuda/IndexKernel.cu:84: operator(): block: [1320,0,0], thread: [61,0,0] Assertion `index >= -sizes[i] && index < sizes[i] && "index out of bounds"` failed.
/opt/conda/conda-bld/pytorch_1603729138878/work/aten/src/ATen/native/cuda/IndexKernel.cu:84: operator(): block: [1320,0,0], thread: [62,0,0] Assertion `index >= -sizes[i] && index < sizes[i] && "index out of bounds"` failed.
/opt/conda/conda-bld/pytorch_1603729138878/work/aten/src/ATen/native/cuda/IndexKernel.cu:84: operator(): block: [1320,0,0], thread: [63,0,0] Assertion `index >= -sizes[i] && index < sizes[i] && "index out of bounds"` failed.
  0%|          | 0/201 [00:04<?, ?it/s]
Traceback (most recent call last):
  File "train.py", line 108, in <module>
    start = segment_start,end = segment_end)
  File "/opt/miniconda3/envs/pialnn/lib/python3.7/site-packages/torch/nn/modules/module.py", line 727, in _call_impl
    result = self.forward(*input, **kwargs)
  File "/pialnn/model/pialnn.py", line 129, in forward
    x = self.block2(x, f, volume,start,end)
  File "/opt/miniconda3/envs/pialnn/lib/python3.7/site-packages/torch/nn/modules/module.py", line 727, in _call_impl
    result = self.forward(*input, **kwargs)
  File "/pialnn/model/pialnn.py", line 39, in forward
    normal = compute_normal(v, f)    # compute normal
  File "/pialnn/utils.py", line 53, in compute_normal
    faces=list(f)).verts_normals_list()[0]
  File "/opt/miniconda3/envs/pialnn/lib/python3.7/site-packages/pytorch3d/structures/meshes.py", line 772, in verts_normals_list
    split_size = self.num_verts_per_mesh().tolist()
RuntimeError: CUDA error: device-side assert triggered
