  0%|          | 0/4 [00:00<?, ?it/s] 25%|██▌       | 1/4 [00:00<00:00,  3.17it/s] 50%|█████     | 2/4 [00:00<00:00,  3.33it/s] 75%|███████▌  | 3/4 [00:00<00:00,  3.40it/s]100%|██████████| 4/4 [00:01<00:00,  3.45it/s]100%|██████████| 4/4 [00:01<00:00,  3.41it/s]
An exception occurred in telemetry logging.Disabling telemetry to prevent further exceptions.
Traceback (most recent call last):
  File "/opt/miniconda3/envs/pialnn/lib/python3.7/site-packages/iopath/common/file_io.py", line 946, in __log_tmetry_keys
    handler.log_event()
  File "/opt/miniconda3/envs/pialnn/lib/python3.7/site-packages/iopath/common/event_logger.py", line 97, in log_event
    del self._evt
AttributeError: _evt
/opt/miniconda3/envs/pialnn/lib/python3.7/site-packages/pytorch3d/io/obj_io.py:530: UserWarning: No mtl file provided
  warnings.warn("No mtl file provided")
  0%|          | 0/201 [00:00<?, ?it/s]/opt/conda/conda-bld/pytorch_1603729138878/work/aten/src/ATen/native/cuda/Indexing.cu:658: indexSelectLargeIndex: block: [114,0,0], thread: [85,0,0] Assertion `srcIndex < srcSelectDimSize` failed.
/opt/conda/conda-bld/pytorch_1603729138878/work/aten/src/ATen/native/cuda/Indexing.cu:658: indexSelectLargeIndex: block: [114,0,0], thread: [57,0,0] Assertion `srcIndex < srcSelectDimSize` failed.
/opt/conda/conda-bld/pytorch_1603729138878/work/aten/src/ATen/native/cuda/Indexing.cu:658: indexSelectLargeIndex: block: [114,0,0], thread: [60,0,0] Assertion `srcIndex < srcSelectDimSize` failed.
/opt/conda/conda-bld/pytorch_1603729138878/work/aten/src/ATen/native/cuda/Indexing.cu:658: indexSelectLargeIndex: block: [114,0,0], thread: [125,0,0] Assertion `srcIndex < srcSelectDimSize` failed.
/opt/conda/conda-bld/pytorch_1603729138878/work/aten/src/ATen/native/cuda/Indexing.cu:658: indexSelectLargeIndex: block: [116,0,0], thread: [13,0,0] Assertion `srcIndex < srcSelectDimSize` failed.
/opt/conda/conda-bld/pytorch_1603729138878/work/aten/src/ATen/native/cuda/Indexing.cu:658: indexSelectLargeIndex: block: [116,0,0], thread: [16,0,0] Assertion `srcIndex < srcSelectDimSize` failed.
/opt/conda/conda-bld/pytorch_1603729138878/work/aten/src/ATen/native/cuda/Indexing.cu:658: indexSelectLargeIndex: block: [116,0,0], thread: [22,0,0] Assertion `srcIndex < srcSelectDimSize` failed.
/opt/conda/conda-bld/pytorch_1603729138878/work/aten/src/ATen/native/cuda/Indexing.cu:658: indexSelectLargeIndex: block: [116,0,0], thread: [25,0,0] Assertion `srcIndex < srcSelectDimSize` failed.
/opt/conda/conda-bld/pytorch_1603729138878/work/aten/src/ATen/native/cuda/Indexing.cu:658: indexSelectLargeIndex: block: [114,0,0], thread: [8,0,0] Assertion `srcIndex < srcSelectDimSize` failed.
/opt/conda/conda-bld/pytorch_1603729138878/work/aten/src/ATen/native/cuda/Indexing.cu:658: indexSelectLargeIndex: block: [114,0,0], thread: [11,0,0] Assertion `srcIndex < srcSelectDimSize` failed.
/opt/conda/conda-bld/pytorch_1603729138878/work/aten/src/ATen/native/cuda/Indexing.cu:658: indexSelectLargeIndex: block: [114,0,0], thread: [12,0,0] Assertion `srcIndex < srcSelectDimSize` failed.
/opt/conda/conda-bld/pytorch_1603729138878/work/aten/src/ATen/native/cuda/Indexing.cu:658: indexSelectLargeIndex: block: [114,0,0], thread: [15,0,0] Assertion `srcIndex < srcSelectDimSize` failed.
/opt/conda/conda-bld/pytorch_1603729138878/work/aten/src/ATen/native/cuda/Indexing.cu:658: indexSelectLargeIndex: block: [114,0,0], thread: [26,0,0] Assertion `srcIndex < srcSelectDimSize` failed.
/opt/conda/conda-bld/pytorch_1603729138878/work/aten/src/ATen/native/cuda/Indexing.cu:658: indexSelectLargeIndex: block: [114,0,0], thread: [29,0,0] Assertion `srcIndex < srcSelectDimSize` failed.
/opt/conda/conda-bld/pytorch_1603729138878/work/aten/src/ATen/native/cuda/Indexing.cu:658: indexSelectLargeIndex: block: [250,0,0], thread: [100,0,0] Assertion `srcIndex < srcSelectDimSize` failed.
/opt/conda/conda-bld/pytorch_1603729138878/work/aten/src/ATen/native/cuda/Indexing.cu:658: indexSelectLargeIndex: block: [250,0,0], thread: [103,0,0] Assertion `srcIndex < srcSelectDimSize` failed.
/opt/conda/conda-bld/pytorch_1603729138878/work/aten/src/ATen/native/cuda/Indexing.cu:658: indexSelectLargeIndex: block: [250,0,0], thread: [105,0,0] Assertion `srcIndex < srcSelectDimSize` failed.
/opt/conda/conda-bld/pytorch_1603729138878/work/aten/src/ATen/native/cuda/Indexing.cu:658: indexSelectLargeIndex: block: [250,0,0], thread: [108,0,0] Assertion `srcIndex < srcSelectDimSize` failed.
/opt/conda/conda-bld/pytorch_1603729138878/work/aten/src/ATen/native/cuda/Indexing.cu:658: indexSelectLargeIndex: block: [250,0,0], thread: [109,0,0] Assertion `srcIndex < srcSelectDimSize` failed.
/opt/conda/conda-bld/pytorch_1603729138878/work/aten/src/ATen/native/cuda/Indexing.cu:658: indexSelectLargeIndex: block: [250,0,0], thread: [112,0,0] Assertion `srcIndex < srcSelectDimSize` failed.
/opt/conda/conda-bld/pytorch_1603729138878/work/aten/src/ATen/native/cuda/Indexing.cu:658: indexSelectLargeIndex: block: [250,0,0], thread: [123,0,0] Assertion `srcIndex < srcSelectDimSize` failed.
/opt/conda/conda-bld/pytorch_1603729138878/work/aten/src/ATen/native/cuda/Indexing.cu:658: indexSelectLargeIndex: block: [250,0,0], thread: [126,0,0] Assertion `srcIndex < srcSelectDimSize` failed.
/opt/conda/conda-bld/pytorch_1603729138878/work/aten/src/ATen/native/cuda/Indexing.cu:658: indexSelectLargeIndex: block: [78,0,0], thread: [101,0,0] Assertion `srcIndex < srcSelectDimSize` failed.
/opt/conda/conda-bld/pytorch_1603729138878/work/aten/src/ATen/native/cuda/Indexing.cu:658: indexSelectLargeIndex: block: [78,0,0], thread: [104,0,0] Assertion `srcIndex < srcSelectDimSize` failed.
/opt/conda/conda-bld/pytorch_1603729138878/work/aten/src/ATen/native/cuda/Indexing.cu:658: indexSelectLargeIndex: block: [78,0,0], thread: [114,0,0] Assertion `srcIndex < srcSelectDimSize` failed.
/opt/conda/conda-bld/pytorch_1603729138878/work/aten/src/ATen/native/cuda/Indexing.cu:658: indexSelectLargeIndex: block: [78,0,0], thread: [117,0,0] Assertion `srcIndex < srcSelectDimSize` failed.
/opt/conda/conda-bld/pytorch_1603729138878/work/aten/src/ATen/native/cuda/Indexing.cu:658: indexSelectLargeIndex: block: [78,0,0], thread: [6,0,0] Assertion `srcIndex < srcSelectDimSize` failed.
/opt/conda/conda-bld/pytorch_1603729138878/work/aten/src/ATen/native/cuda/Indexing.cu:658: indexSelectLargeIndex: block: [78,0,0], thread: [9,0,0] Assertion `srcIndex < srcSelectDimSize` failed.
/opt/conda/conda-bld/pytorch_1603729138878/work/aten/src/ATen/native/cuda/Indexing.cu:658: indexSelectLargeIndex: block: [78,0,0], thread: [20,0,0] Assertion `srcIndex < srcSelectDimSize` failed.
/opt/conda/conda-bld/pytorch_1603729138878/work/aten/src/ATen/native/cuda/Indexing.cu:658: indexSelectLargeIndex: block: [78,0,0], thread: [23,0,0] Assertion `srcIndex < srcSelectDimSize` failed.
/opt/conda/conda-bld/pytorch_1603729138878/work/aten/src/ATen/native/cuda/Indexing.cu:658: indexSelectLargeIndex: block: [78,0,0], thread: [24,0,0] Assertion `srcIndex < srcSelectDimSize` failed.
/opt/conda/conda-bld/pytorch_1603729138878/work/aten/src/ATen/native/cuda/Indexing.cu:658: indexSelectLargeIndex: block: [78,0,0], thread: [27,0,0] Assertion `srcIndex < srcSelectDimSize` failed.
/opt/conda/conda-bld/pytorch_1603729138878/work/aten/src/ATen/native/cuda/Indexing.cu:658: indexSelectLargeIndex: block: [78,0,0], thread: [29,0,0] Assertion `srcIndex < srcSelectDimSize` failed.
/opt/conda/conda-bld/pytorch_1603729138878/work/aten/src/ATen/native/cuda/Indexing.cu:658: indexSelectLargeIndex: block: [80,0,0], thread: [97,0,0] Assertion `srcIndex < srcSelectDimSize` failed.
/opt/conda/conda-bld/pytorch_1603729138878/work/aten/src/ATen/native/cuda/Indexing.cu:658: indexSelectLargeIndex: block: [80,0,0], thread: [125,0,0] Assertion `srcIndex < srcSelectDimSize` failed.
/opt/conda/conda-bld/pytorch_1603729138878/work/aten/src/ATen/native/cuda/Indexing.cu:658: indexSelectLargeIndex: block: [80,0,0], thread: [35,0,0] Assertion `srcIndex < srcSelectDimSize` failed.
/opt/conda/conda-bld/pytorch_1603729138878/work/aten/src/ATen/native/cuda/Indexing.cu:658: indexSelectLargeIndex: block: [80,0,0], thread: [38,0,0] Assertion `srcIndex < srcSelectDimSize` failed.
/opt/conda/conda-bld/pytorch_1603729138878/work/aten/src/ATen/native/cuda/Indexing.cu:658: indexSelectLargeIndex: block: [80,0,0], thread: [49,0,0] Assertion `srcIndex < srcSelectDimSize` failed.
/opt/conda/conda-bld/pytorch_1603729138878/work/aten/src/ATen/native/cuda/Indexing.cu:658: indexSelectLargeIndex: block: [80,0,0], thread: [52,0,0] Assertion `srcIndex < srcSelectDimSize` failed.
/opt/conda/conda-bld/pytorch_1603729138878/work/aten/src/ATen/native/cuda/Indexing.cu:658: indexSelectLargeIndex: block: [80,0,0], thread: [58,0,0] Assertion `srcIndex < srcSelectDimSize` failed.
/opt/conda/conda-bld/pytorch_1603729138878/work/aten/src/ATen/native/cuda/Indexing.cu:658: indexSelectLargeIndex: block: [80,0,0], thread: [61,0,0] Assertion `srcIndex < srcSelectDimSize` failed.
/opt/conda/conda-bld/pytorch_1603729138878/work/aten/src/ATen/native/cuda/Indexing.cu:658: indexSelectLargeIndex: block: [80,0,0], thread: [62,0,0] Assertion `srcIndex < srcSelectDimSize` failed.
/opt/conda/conda-bld/pytorch_1603729138878/work/aten/src/ATen/native/cuda/Indexing.cu:658: indexSelectLargeIndex: block: [116,0,0], thread: [52,0,0] Assertion `srcIndex < srcSelectDimSize` failed.
/opt/conda/conda-bld/pytorch_1603729138878/work/aten/src/ATen/native/cuda/Indexing.cu:658: indexSelectLargeIndex: block: [116,0,0], thread: [53,0,0] Assertion `srcIndex < srcSelectDimSize` failed.
/opt/conda/conda-bld/pytorch_1603729138878/work/aten/src/ATen/native/cuda/Indexing.cu:658: indexSelectLargeIndex: block: [116,0,0], thread: [54,0,0] Assertion `srcIndex < srcSelectDimSize` failed.
/opt/conda/conda-bld/pytorch_1603729138878/work/aten/src/ATen/native/cuda/Indexing.cu:658: indexSelectLargeIndex: block: [116,0,0], thread: [55,0,0] Assertion `srcIndex < srcSelectDimSize` failed.
/opt/conda/conda-bld/pytorch_1603729138878/work/aten/src/ATen/native/cuda/Indexing.cu:658: indexSelectLargeIndex: block: [116,0,0], thread: [56,0,0] Assertion `srcIndex < srcSelectDimSize` failed.
/opt/conda/conda-bld/pytorch_1603729138878/work/aten/src/ATen/native/cuda/Indexing.cu:658: indexSelectLargeIndex: block: [116,0,0], thread: [57,0,0] Assertion `srcIndex < srcSelectDimSize` failed.
/opt/conda/conda-bld/pytorch_1603729138878/work/aten/src/ATen/native/cuda/Indexing.cu:658: indexSelectLargeIndex: block: [116,0,0], thread: [58,0,0] Assertion `srcIndex < srcSelectDimSize` failed.
/opt/conda/conda-bld/pytorch_1603729138878/work/aten/src/ATen/native/cuda/Indexing.cu:658: indexSelectLargeIndex: block: [116,0,0], thread: [59,0,0] Assertion `srcIndex < srcSelectDimSize` failed.
/opt/conda/conda-bld/pytorch_1603729138878/work/aten/src/ATen/native/cuda/Indexing.cu:658: indexSelectLargeIndex: block: [116,0,0], thread: [60,0,0] Assertion `srcIndex < srcSelectDimSize` failed.
  0%|          | 0/201 [00:06<?, ?it/s]
Traceback (most recent call last):
  File "train.py", line 128, in <module>
    start = segment_start,end = segment_end,block=bl)
  File "/opt/miniconda3/envs/pialnn/lib/python3.7/site-packages/torch/nn/modules/module.py", line 727, in _call_impl
    result = self.forward(*input, **kwargs)
  File "/pialnn/model/cortexGNN.py", line 198, in forward
    x = self.blocks(v, f, volume,start,end,edge_index_with_loops)
  File "/opt/miniconda3/envs/pialnn/lib/python3.7/site-packages/torch/nn/modules/module.py", line 727, in _call_impl
    result = self.forward(*input, **kwargs)
  File "/pialnn/model/cortexGNN.py", line 159, in forward
    x = self.gcn(x, edge_list)*.1 #threshold the deformation like before
  File "/opt/miniconda3/envs/pialnn/lib/python3.7/site-packages/torch/nn/modules/module.py", line 727, in _call_impl
    result = self.forward(*input, **kwargs)
  File "/pialnn/model/cortexGNN.py", line 38, in forward
    x = F.relu(self.gat1(x, edge_index))
  File "/opt/miniconda3/envs/pialnn/lib/python3.7/site-packages/torch/nn/modules/module.py", line 727, in _call_impl
    result = self.forward(*input, **kwargs)
  File "/opt/miniconda3/envs/pialnn/lib/python3.7/site-packages/torch_geometric/nn/conv/gat_conv.py", line 246, in forward
    out = self.propagate(edge_index, x=x, alpha=alpha, size=size)
  File "/opt/miniconda3/envs/pialnn/lib/python3.7/site-packages/torch_geometric/nn/conv/message_passing.py", line 391, in propagate
    out = self.aggregate(out, **aggr_kwargs)
  File "/opt/miniconda3/envs/pialnn/lib/python3.7/site-packages/torch_geometric/nn/conv/message_passing.py", line 515, in aggregate
    dim=self.node_dim)
  File "/opt/miniconda3/envs/pialnn/lib/python3.7/site-packages/torch_geometric/nn/aggr/base.py", line 109, in __call__
    elif index.numel() > 0 and dim_size <= int(index.max()):
RuntimeError: CUDA error: device-side assert triggered
