  0%|          | 0/4 [00:00<?, ?it/s] 25%|██▌       | 1/4 [00:00<00:01,  1.91it/s] 50%|█████     | 2/4 [00:01<00:01,  1.99it/s] 75%|███████▌  | 3/4 [00:01<00:00,  2.04it/s]100%|██████████| 4/4 [00:01<00:00,  2.19it/s]100%|██████████| 4/4 [00:01<00:00,  2.11it/s]
  0%|          | 0/201 [00:00<?, ?it/s]  0%|          | 0/201 [00:01<?, ?it/s]
Traceback (most recent call last):
  File "train.py", line 105, in <module>
    start = segment_start,end = segment_end,block=bl)
  File "/opt/miniconda3/envs/pialnn/lib/python3.7/site-packages/torch/nn/modules/module.py", line 727, in _call_impl
    result = self.forward(*input, **kwargs)
  File "/pialnn/model/cortexGNN.py", line 188, in forward
    x = self.blocks[block](v, f, volume,start,end,edge_index_with_loops)
  File "/opt/miniconda3/envs/pialnn/lib/python3.7/site-packages/torch/nn/modules/module.py", line 727, in _call_impl
    result = self.forward(*input, **kwargs)
  File "/pialnn/model/cortexGNN.py", line 157, in forward
    x = self.gcn(x, edge_list)*.1 #threshold the deformation like before
  File "/opt/miniconda3/envs/pialnn/lib/python3.7/site-packages/torch/nn/modules/module.py", line 727, in _call_impl
    result = self.forward(*input, **kwargs)
  File "/pialnn/model/cortexGNN.py", line 36, in forward
    x = F.relu(self.gat1(x, edge_index))
  File "/opt/miniconda3/envs/pialnn/lib/python3.7/site-packages/torch/nn/modules/module.py", line 727, in _call_impl
    result = self.forward(*input, **kwargs)
  File "/opt/miniconda3/envs/pialnn/lib/python3.7/site-packages/torch_geometric/nn/conv/gat_conv.py", line 203, in forward
    assert x.dim() == 2, "Static graphs not supported in 'GATConv'"
AssertionError: Static graphs not supported in 'GATConv'
