aa
bb
A
B
C
----------------------------
Start loading dataset ...
numbers 100206
numbers 100307
numbers 100408
numbers 100610
Finish loading dataset. There are total 4 subjects.
Training data length 3
Validation data length 1
----------------------------
Start loading model ...
Finish loading model
----------------------------
Start training 200 epochs ...
v.shape torch.Size([1, 40002, 3])
f.shape torch.Size([1, 80000, 3])
v.shape torch.Size([1, 40002, 3])
f.shape torch.Size([1, 80000, 3])
v.shape torch.Size([1, 40002, 3])
f.shape torch.Size([1, 80000, 3])
v.shape torch.Size([1, 40002, 3])
f.shape torch.Size([1, 80000, 3])
v.shape torch.Size([1, 40002, 3])
f.shape torch.Size([1, 80000, 3])
v.shape torch.Size([1, 40002, 3])
f.shape torch.Size([1, 80000, 3])
v.shape torch.Size([1, 40002, 3])
f.shape torch.Size([1, 80000, 3])
v.shape torch.Size([1, 40002, 3])
f.shape torch.Size([1, 80000, 3])
v.shape torch.Size([1, 40002, 3])
f.shape torch.Size([1, 80000, 3])
v.shape torch.Size([1, 40002, 3])
f.shape torch.Size([1, 80000, 3])
v.shape torch.Size([1, 40002, 3])
f.shape torch.Size([1, 80000, 3])
v.shape torch.Size([1, 40002, 3])
f.shape torch.Size([1, 80000, 3])
v.shape torch.Size([1, 40002, 3])
f.shape torch.Size([1, 80000, 3])
v.shape torch.Size([1, 40002, 3])
f.shape torch.Size([1, 80000, 3])
v.shape torch.Size([1, 40002, 3])
f.shape torch.Size([1, 80000, 3])
v.shape torch.Size([1, 40002, 3])
f.shape torch.Size([1, 80000, 3])
v.shape torch.Size([1, 40002, 3])
f.shape torch.Size([1, 80000, 3])
v.shape torch.Size([1, 40002, 3])
f.shape torch.Size([1, 80000, 3])
v.shape torch.Size([1, 40002, 3])
f.shape torch.Size([1, 80000, 3])
v.shape torch.Size([1, 40002, 3])
f.shape torch.Size([1, 80000, 3])
v.shape torch.Size([1, 40002, 3])
f.shape torch.Size([1, 80000, 3])
Epoch:0, training loss:5935929.5
----------------------------
Start validation ...
v.shape torch.Size([1, 40002, 3])
f.shape torch.Size([1, 80000, 3])
v.shape torch.Size([1, 40002, 3])
f.shape torch.Size([1, 80000, 3])
v.shape torch.Size([1, 40002, 3])
f.shape torch.Size([1, 80000, 3])
v.shape torch.Size([1, 40002, 3])
f.shape torch.Size([1, 80000, 3])
v.shape torch.Size([1, 40002, 3])
f.shape torch.Size([1, 80000, 3])
v.shape torch.Size([1, 40002, 3])
f.shape torch.Size([1, 80000, 3])
v.shape torch.Size([1, 40002, 3])
f.shape torch.Size([1, 80000, 3])
Validation error:5930587.0
Save model checkpoints ... 
Save pial surface mesh ... 
v.shape torch.Size([1, 40002, 3])
f.shape torch.Size([80000, 3])
D
CC
