aa
bb
A
B
C
----------------------------
Start loading dataset ...
numbers 100206
numbers 100307
numbers 100408
numbers 100610
Finish loading dataset. There are total 4 subjects.
Training data length 3
Validation data length 1
----------------------------
Start loading model ...
Finish loading model
----------------------------
Start training 200 epochs ...
Save template surface mesh ... 
v_in template a torch.Size([1, 139994, 3])
f_in template a torch.Size([1, 279984, 3])
v_gt a torch.Size([1, 130879, 3])
f_gt a torch.Size([1, 261754, 3])
v.shape torch.Size([1, 139994, 3])
f.shape torch.Size([1, 279984, 3])
template normal torch.Size([1, 139994, 3])
v_gm (139994, 3)
f_gm (279984, 3)
n_gm (139994, 3)
v.shape torch.Size([1, 139994, 3])
f.shape torch.Size([1, 279984, 3])
v.shape torch.Size([1, 139994, 3])
f.shape torch.Size([1, 279984, 3])
v.shape torch.Size([1, 139994, 3])
f.shape torch.Size([1, 279984, 3])
v.shape torch.Size([1, 139994, 3])
f.shape torch.Size([1, 279984, 3])
v.shape torch.Size([1, 139994, 3])
f.shape torch.Size([1, 279984, 3])
v.shape torch.Size([1, 139994, 3])
f.shape torch.Size([1, 279984, 3])
v.shape torch.Size([1, 139994, 3])
f.shape torch.Size([1, 279984, 3])
v.shape torch.Size([1, 139994, 3])
f.shape torch.Size([1, 279984, 3])
v.shape torch.Size([1, 139994, 3])
f.shape torch.Size([1, 279984, 3])
v.shape torch.Size([1, 139994, 3])
f.shape torch.Size([1, 279984, 3])
v.shape torch.Size([1, 139994, 3])
f.shape torch.Size([1, 279984, 3])
v.shape torch.Size([1, 139994, 3])
f.shape torch.Size([1, 279984, 3])
v.shape torch.Size([1, 139994, 3])
f.shape torch.Size([1, 279984, 3])
v.shape torch.Size([1, 139994, 3])
f.shape torch.Size([1, 279984, 3])
v.shape torch.Size([1, 139994, 3])
f.shape torch.Size([1, 279984, 3])
v.shape torch.Size([1, 139994, 3])
f.shape torch.Size([1, 279984, 3])
v.shape torch.Size([1, 139994, 3])
f.shape torch.Size([1, 279984, 3])
v.shape torch.Size([1, 139994, 3])
f.shape torch.Size([1, 279984, 3])
v.shape torch.Size([1, 139994, 3])
f.shape torch.Size([1, 279984, 3])
v.shape torch.Size([1, 139994, 3])
f.shape torch.Size([1, 279984, 3])
v.shape torch.Size([1, 139994, 3])
f.shape torch.Size([1, 279984, 3])
Epoch:0, training loss:457.43056233723956
----------------------------
Start validation ...
v.shape torch.Size([1, 139994, 3])
f.shape torch.Size([1, 279984, 3])
v.shape torch.Size([1, 139994, 3])
f.shape torch.Size([1, 279984, 3])
v.shape torch.Size([1, 139994, 3])
f.shape torch.Size([1, 279984, 3])
v.shape torch.Size([1, 139994, 3])
f.shape torch.Size([1, 279984, 3])
v.shape torch.Size([1, 139994, 3])
f.shape torch.Size([1, 279984, 3])
v.shape torch.Size([1, 139994, 3])
f.shape torch.Size([1, 279984, 3])
v.shape torch.Size([1, 139994, 3])
f.shape torch.Size([1, 279984, 3])
Validation error:422.2980041503906
Save model checkpoints ... 
Save pial surface mesh ... 
v.shape torch.Size([1, 139994, 3])
f.shape torch.Size([1, 279984, 3])
Maximum allocated GPU memory: 2.66 GiB
Finish validation.
----------------------------
v.shape torch.Size([1, 139994, 3])
f.shape torch.Size([1, 279984, 3])
v.shape torch.Size([1, 139994, 3])
f.shape torch.Size([1, 279984, 3])
v.shape torch.Size([1, 139994, 3])
f.shape torch.Size([1, 279984, 3])
v.shape torch.Size([1, 139994, 3])
f.shape torch.Size([1, 279984, 3])
v.shape torch.Size([1, 139994, 3])
f.shape torch.Size([1, 279984, 3])
v.shape torch.Size([1, 139994, 3])
f.shape torch.Size([1, 279984, 3])
v.shape torch.Size([1, 139994, 3])
f.shape torch.Size([1, 279984, 3])
v.shape torch.Size([1, 139994, 3])
f.shape torch.Size([1, 279984, 3])
v.shape torch.Size([1, 139994, 3])
f.shape torch.Size([1, 279984, 3])
v.shape torch.Size([1, 139994, 3])
f.shape torch.Size([1, 279984, 3])
v.shape torch.Size([1, 139994, 3])
f.shape torch.Size([1, 279984, 3])
v.shape torch.Size([1, 139994, 3])
f.shape torch.Size([1, 279984, 3])
v.shape torch.Size([1, 139994, 3])
f.shape torch.Size([1, 279984, 3])
v.shape torch.Size([1, 139994, 3])
f.shape torch.Size([1, 279984, 3])
v.shape torch.Size([1, 139994, 3])
f.shape torch.Size([1, 279984, 3])
v.shape torch.Size([1, 139994, 3])
f.shape torch.Size([1, 279984, 3])
v.shape torch.Size([1, 139994, 3])
f.shape torch.Size([1, 279984, 3])
v.shape torch.Size([1, 139994, 3])
f.shape torch.Size([1, 279984, 3])
v.shape torch.Size([1, 139994, 3])
f.shape torch.Size([1, 279984, 3])
v.shape torch.Size([1, 139994, 3])
f.shape torch.Size([1, 279984, 3])
v.shape torch.Size([1, 139994, 3])
f.shape torch.Size([1, 279984, 3])
Epoch:1, training loss:403.5315755208333
v.shape torch.Size([1, 139994, 3])
f.shape torch.Size([1, 279984, 3])
v.shape torch.Size([1, 139994, 3])
f.shape torch.Size([1, 279984, 3])
v.shape torch.Size([1, 139994, 3])
f.shape torch.Size([1, 279984, 3])
v.shape torch.Size([1, 139994, 3])
f.shape torch.Size([1, 279984, 3])
v.shape torch.Size([1, 139994, 3])
f.shape torch.Size([1, 279984, 3])
v.shape torch.Size([1, 139994, 3])
f.shape torch.Size([1, 279984, 3])
v.shape torch.Size([1, 139994, 3])
f.shape torch.Size([1, 279984, 3])
v.shape torch.Size([1, 139994, 3])
f.shape torch.Size([1, 279984, 3])
v.shape torch.Size([1, 139994, 3])
f.shape torch.Size([1, 279984, 3])
v.shape torch.Size([1, 139994, 3])
f.shape torch.Size([1, 279984, 3])
v.shape torch.Size([1, 139994, 3])
f.shape torch.Size([1, 279984, 3])
v.shape torch.Size([1, 139994, 3])
f.shape torch.Size([1, 279984, 3])
v.shape torch.Size([1, 139994, 3])
f.shape torch.Size([1, 279984, 3])
v.shape torch.Size([1, 139994, 3])
f.shape torch.Size([1, 279984, 3])
v.shape torch.Size([1, 139994, 3])
f.shape torch.Size([1, 279984, 3])
v.shape torch.Size([1, 139994, 3])
f.shape torch.Size([1, 279984, 3])
v.shape torch.Size([1, 139994, 3])
f.shape torch.Size([1, 279984, 3])
v.shape torch.Size([1, 139994, 3])
f.shape torch.Size([1, 279984, 3])
v.shape torch.Size([1, 139994, 3])
f.shape torch.Size([1, 279984, 3])
v.shape torch.Size([1, 139994, 3])
f.shape torch.Size([1, 279984, 3])
v.shape torch.Size([1, 139994, 3])
f.shape torch.Size([1, 279984, 3])
Epoch:2, training loss:367.42625935872394
v.shape torch.Size([1, 139994, 3])
f.shape torch.Size([1, 279984, 3])
v.shape torch.Size([1, 139994, 3])
f.shape torch.Size([1, 279984, 3])
v.shape torch.Size([1, 139994, 3])
f.shape torch.Size([1, 279984, 3])
v.shape torch.Size([1, 139994, 3])
f.shape torch.Size([1, 279984, 3])
v.shape torch.Size([1, 139994, 3])
f.shape torch.Size([1, 279984, 3])
v.shape torch.Size([1, 139994, 3])
f.shape torch.Size([1, 279984, 3])
v.shape torch.Size([1, 139994, 3])
f.shape torch.Size([1, 279984, 3])
v.shape torch.Size([1, 139994, 3])
f.shape torch.Size([1, 279984, 3])
v.shape torch.Size([1, 139994, 3])
f.shape torch.Size([1, 279984, 3])
v.shape torch.Size([1, 139994, 3])
f.shape torch.Size([1, 279984, 3])
v.shape torch.Size([1, 139994, 3])
f.shape torch.Size([1, 279984, 3])
v.shape torch.Size([1, 139994, 3])
f.shape torch.Size([1, 279984, 3])
v.shape torch.Size([1, 139994, 3])
f.shape torch.Size([1, 279984, 3])
v.shape torch.Size([1, 139994, 3])
f.shape torch.Size([1, 279984, 3])
v.shape torch.Size([1, 139994, 3])
f.shape torch.Size([1, 279984, 3])
v.shape torch.Size([1, 139994, 3])
f.shape torch.Size([1, 279984, 3])
v.shape torch.Size([1, 139994, 3])
f.shape torch.Size([1, 279984, 3])
v.shape torch.Size([1, 139994, 3])
f.shape torch.Size([1, 279984, 3])
v.shape torch.Size([1, 139994, 3])
f.shape torch.Size([1, 279984, 3])
v.shape torch.Size([1, 139994, 3])
f.shape torch.Size([1, 279984, 3])
v.shape torch.Size([1, 139994, 3])
f.shape torch.Size([1, 279984, 3])
Epoch:3, training loss:340.7638753255208
v.shape torch.Size([1, 139994, 3])
f.shape torch.Size([1, 279984, 3])
v.shape torch.Size([1, 139994, 3])
f.shape torch.Size([1, 279984, 3])
v.shape torch.Size([1, 139994, 3])
f.shape torch.Size([1, 279984, 3])
v.shape torch.Size([1, 139994, 3])
f.shape torch.Size([1, 279984, 3])
v.shape torch.Size([1, 139994, 3])
f.shape torch.Size([1, 279984, 3])
v.shape torch.Size([1, 139994, 3])
f.shape torch.Size([1, 279984, 3])
v.shape torch.Size([1, 139994, 3])
f.shape torch.Size([1, 279984, 3])
v.shape torch.Size([1, 139994, 3])
f.shape torch.Size([1, 279984, 3])
v.shape torch.Size([1, 139994, 3])
f.shape torch.Size([1, 279984, 3])
v.shape torch.Size([1, 139994, 3])
f.shape torch.Size([1, 279984, 3])
v.shape torch.Size([1, 139994, 3])
f.shape torch.Size([1, 279984, 3])
v.shape torch.Size([1, 139994, 3])
f.shape torch.Size([1, 279984, 3])
v.shape torch.Size([1, 139994, 3])
f.shape torch.Size([1, 279984, 3])
v.shape torch.Size([1, 139994, 3])
f.shape torch.Size([1, 279984, 3])
v.shape torch.Size([1, 139994, 3])
f.shape torch.Size([1, 279984, 3])
v.shape torch.Size([1, 139994, 3])
f.shape torch.Size([1, 279984, 3])
v.shape torch.Size([1, 139994, 3])
f.shape torch.Size([1, 279984, 3])
v.shape torch.Size([1, 139994, 3])
f.shape torch.Size([1, 279984, 3])
v.shape torch.Size([1, 139994, 3])
f.shape torch.Size([1, 279984, 3])
v.shape torch.Size([1, 139994, 3])
f.shape torch.Size([1, 279984, 3])
v.shape torch.Size([1, 139994, 3])
f.shape torch.Size([1, 279984, 3])
Epoch:4, training loss:322.4593200683594
v.shape torch.Size([1, 139994, 3])
f.shape torch.Size([1, 279984, 3])
v.shape torch.Size([1, 139994, 3])
f.shape torch.Size([1, 279984, 3])
v.shape torch.Size([1, 139994, 3])
f.shape torch.Size([1, 279984, 3])
v.shape torch.Size([1, 139994, 3])
f.shape torch.Size([1, 279984, 3])
v.shape torch.Size([1, 139994, 3])
f.shape torch.Size([1, 279984, 3])
v.shape torch.Size([1, 139994, 3])
f.shape torch.Size([1, 279984, 3])
v.shape torch.Size([1, 139994, 3])
f.shape torch.Size([1, 279984, 3])
v.shape torch.Size([1, 139994, 3])
f.shape torch.Size([1, 279984, 3])
v.shape torch.Size([1, 139994, 3])
f.shape torch.Size([1, 279984, 3])
v.shape torch.Size([1, 139994, 3])
f.shape torch.Size([1, 279984, 3])
v.shape torch.Size([1, 139994, 3])
f.shape torch.Size([1, 279984, 3])
v.shape torch.Size([1, 139994, 3])
f.shape torch.Size([1, 279984, 3])
v.shape torch.Size([1, 139994, 3])
f.shape torch.Size([1, 279984, 3])
v.shape torch.Size([1, 139994, 3])
f.shape torch.Size([1, 279984, 3])
v.shape torch.Size([1, 139994, 3])
f.shape torch.Size([1, 279984, 3])
v.shape torch.Size([1, 139994, 3])
f.shape torch.Size([1, 279984, 3])
v.shape torch.Size([1, 139994, 3])
f.shape torch.Size([1, 279984, 3])
v.shape torch.Size([1, 139994, 3])
f.shape torch.Size([1, 279984, 3])
v.shape torch.Size([1, 139994, 3])
f.shape torch.Size([1, 279984, 3])
v.shape torch.Size([1, 139994, 3])
f.shape torch.Size([1, 279984, 3])
v.shape torch.Size([1, 139994, 3])
f.shape torch.Size([1, 279984, 3])
Epoch:5, training loss:310.65960693359375
v.shape torch.Size([1, 139994, 3])
f.shape torch.Size([1, 279984, 3])
v.shape torch.Size([1, 139994, 3])
f.shape torch.Size([1, 279984, 3])
v.shape torch.Size([1, 139994, 3])
f.shape torch.Size([1, 279984, 3])
v.shape torch.Size([1, 139994, 3])
f.shape torch.Size([1, 279984, 3])
v.shape torch.Size([1, 139994, 3])
f.shape torch.Size([1, 279984, 3])
v.shape torch.Size([1, 139994, 3])
f.shape torch.Size([1, 279984, 3])
v.shape torch.Size([1, 139994, 3])
f.shape torch.Size([1, 279984, 3])
v.shape torch.Size([1, 139994, 3])
f.shape torch.Size([1, 279984, 3])
v.shape torch.Size([1, 139994, 3])
f.shape torch.Size([1, 279984, 3])
v.shape torch.Size([1, 139994, 3])
f.shape torch.Size([1, 279984, 3])
v.shape torch.Size([1, 139994, 3])
f.shape torch.Size([1, 279984, 3])
v.shape torch.Size([1, 139994, 3])
f.shape torch.Size([1, 279984, 3])
v.shape torch.Size([1, 139994, 3])
f.shape torch.Size([1, 279984, 3])
v.shape torch.Size([1, 139994, 3])
f.shape torch.Size([1, 279984, 3])
v.shape torch.Size([1, 139994, 3])
f.shape torch.Size([1, 279984, 3])
v.shape torch.Size([1, 139994, 3])
f.shape torch.Size([1, 279984, 3])
v.shape torch.Size([1, 139994, 3])
f.shape torch.Size([1, 279984, 3])
v.shape torch.Size([1, 139994, 3])
f.shape torch.Size([1, 279984, 3])
v.shape torch.Size([1, 139994, 3])
f.shape torch.Size([1, 279984, 3])
v.shape torch.Size([1, 139994, 3])
f.shape torch.Size([1, 279984, 3])
v.shape torch.Size([1, 139994, 3])
f.shape torch.Size([1, 279984, 3])
Epoch:6, training loss:304.44578043619794
v.shape torch.Size([1, 139994, 3])
f.shape torch.Size([1, 279984, 3])
v.shape torch.Size([1, 139994, 3])
f.shape torch.Size([1, 279984, 3])
v.shape torch.Size([1, 139994, 3])
f.shape torch.Size([1, 279984, 3])
v.shape torch.Size([1, 139994, 3])
f.shape torch.Size([1, 279984, 3])
v.shape torch.Size([1, 139994, 3])
f.shape torch.Size([1, 279984, 3])
v.shape torch.Size([1, 139994, 3])
f.shape torch.Size([1, 279984, 3])
v.shape torch.Size([1, 139994, 3])
f.shape torch.Size([1, 279984, 3])
v.shape torch.Size([1, 139994, 3])
f.shape torch.Size([1, 279984, 3])
v.shape torch.Size([1, 139994, 3])
f.shape torch.Size([1, 279984, 3])
v.shape torch.Size([1, 139994, 3])
f.shape torch.Size([1, 279984, 3])
v.shape torch.Size([1, 139994, 3])
f.shape torch.Size([1, 279984, 3])
v.shape torch.Size([1, 139994, 3])
f.shape torch.Size([1, 279984, 3])
v.shape torch.Size([1, 139994, 3])
f.shape torch.Size([1, 279984, 3])
v.shape torch.Size([1, 139994, 3])
f.shape torch.Size([1, 279984, 3])
v.shape torch.Size([1, 139994, 3])
f.shape torch.Size([1, 279984, 3])
v.shape torch.Size([1, 139994, 3])
f.shape torch.Size([1, 279984, 3])
v.shape torch.Size([1, 139994, 3])
f.shape torch.Size([1, 279984, 3])
v.shape torch.Size([1, 139994, 3])
f.shape torch.Size([1, 279984, 3])
v.shape torch.Size([1, 139994, 3])
f.shape torch.Size([1, 279984, 3])
v.shape torch.Size([1, 139994, 3])
f.shape torch.Size([1, 279984, 3])
v.shape torch.Size([1, 139994, 3])
f.shape torch.Size([1, 279984, 3])
Epoch:7, training loss:300.9525451660156
v.shape torch.Size([1, 139994, 3])
f.shape torch.Size([1, 279984, 3])
v.shape torch.Size([1, 139994, 3])
f.shape torch.Size([1, 279984, 3])
v.shape torch.Size([1, 139994, 3])
f.shape torch.Size([1, 279984, 3])
v.shape torch.Size([1, 139994, 3])
f.shape torch.Size([1, 279984, 3])
v.shape torch.Size([1, 139994, 3])
f.shape torch.Size([1, 279984, 3])
v.shape torch.Size([1, 139994, 3])
f.shape torch.Size([1, 279984, 3])
v.shape torch.Size([1, 139994, 3])
f.shape torch.Size([1, 279984, 3])
v.shape torch.Size([1, 139994, 3])
f.shape torch.Size([1, 279984, 3])
v.shape torch.Size([1, 139994, 3])
f.shape torch.Size([1, 279984, 3])
v.shape torch.Size([1, 139994, 3])
f.shape torch.Size([1, 279984, 3])
v.shape torch.Size([1, 139994, 3])
f.shape torch.Size([1, 279984, 3])
v.shape torch.Size([1, 139994, 3])
f.shape torch.Size([1, 279984, 3])
v.shape torch.Size([1, 139994, 3])
f.shape torch.Size([1, 279984, 3])
v.shape torch.Size([1, 139994, 3])
f.shape torch.Size([1, 279984, 3])
v.shape torch.Size([1, 139994, 3])
f.shape torch.Size([1, 279984, 3])
v.shape torch.Size([1, 139994, 3])
f.shape torch.Size([1, 279984, 3])
v.shape torch.Size([1, 139994, 3])
f.shape torch.Size([1, 279984, 3])
v.shape torch.Size([1, 139994, 3])
f.shape torch.Size([1, 279984, 3])
v.shape torch.Size([1, 139994, 3])
f.shape torch.Size([1, 279984, 3])
v.shape torch.Size([1, 139994, 3])
f.shape torch.Size([1, 279984, 3])
v.shape torch.Size([1, 139994, 3])
f.shape torch.Size([1, 279984, 3])
Epoch:8, training loss:298.58807373046875
v.shape torch.Size([1, 139994, 3])
f.shape torch.Size([1, 279984, 3])
v.shape torch.Size([1, 139994, 3])
f.shape torch.Size([1, 279984, 3])
v.shape torch.Size([1, 139994, 3])
f.shape torch.Size([1, 279984, 3])
v.shape torch.Size([1, 139994, 3])
f.shape torch.Size([1, 279984, 3])
v.shape torch.Size([1, 139994, 3])
f.shape torch.Size([1, 279984, 3])
v.shape torch.Size([1, 139994, 3])
f.shape torch.Size([1, 279984, 3])
v.shape torch.Size([1, 139994, 3])
f.shape torch.Size([1, 279984, 3])
v.shape torch.Size([1, 139994, 3])
f.shape torch.Size([1, 279984, 3])
v.shape torch.Size([1, 139994, 3])
f.shape torch.Size([1, 279984, 3])
v.shape torch.Size([1, 139994, 3])
f.shape torch.Size([1, 279984, 3])
v.shape torch.Size([1, 139994, 3])
f.shape torch.Size([1, 279984, 3])
v.shape torch.Size([1, 139994, 3])
f.shape torch.Size([1, 279984, 3])
v.shape torch.Size([1, 139994, 3])
f.shape torch.Size([1, 279984, 3])
v.shape torch.Size([1, 139994, 3])
f.shape torch.Size([1, 279984, 3])
v.shape torch.Size([1, 139994, 3])
f.shape torch.Size([1, 279984, 3])
v.shape torch.Size([1, 139994, 3])
f.shape torch.Size([1, 279984, 3])
v.shape torch.Size([1, 139994, 3])
f.shape torch.Size([1, 279984, 3])
v.shape torch.Size([1, 139994, 3])
f.shape torch.Size([1, 279984, 3])
v.shape torch.Size([1, 139994, 3])
f.shape torch.Size([1, 279984, 3])
v.shape torch.Size([1, 139994, 3])
f.shape torch.Size([1, 279984, 3])
v.shape torch.Size([1, 139994, 3])
f.shape torch.Size([1, 279984, 3])
Epoch:9, training loss:296.94687906901044
v.shape torch.Size([1, 139994, 3])
f.shape torch.Size([1, 279984, 3])
v.shape torch.Size([1, 139994, 3])
f.shape torch.Size([1, 279984, 3])
v.shape torch.Size([1, 139994, 3])
f.shape torch.Size([1, 279984, 3])
v.shape torch.Size([1, 139994, 3])
f.shape torch.Size([1, 279984, 3])
v.shape torch.Size([1, 139994, 3])
f.shape torch.Size([1, 279984, 3])
v.shape torch.Size([1, 139994, 3])
f.shape torch.Size([1, 279984, 3])
v.shape torch.Size([1, 139994, 3])
f.shape torch.Size([1, 279984, 3])
v.shape torch.Size([1, 139994, 3])
f.shape torch.Size([1, 279984, 3])
v.shape torch.Size([1, 139994, 3])
f.shape torch.Size([1, 279984, 3])
v.shape torch.Size([1, 139994, 3])
f.shape torch.Size([1, 279984, 3])
v.shape torch.Size([1, 139994, 3])
f.shape torch.Size([1, 279984, 3])
v.shape torch.Size([1, 139994, 3])
f.shape torch.Size([1, 279984, 3])
v.shape torch.Size([1, 139994, 3])
f.shape torch.Size([1, 279984, 3])
v.shape torch.Size([1, 139994, 3])
f.shape torch.Size([1, 279984, 3])
v.shape torch.Size([1, 139994, 3])
f.shape torch.Size([1, 279984, 3])
v.shape torch.Size([1, 139994, 3])
f.shape torch.Size([1, 279984, 3])
v.shape torch.Size([1, 139994, 3])
f.shape torch.Size([1, 279984, 3])
v.shape torch.Size([1, 139994, 3])
f.shape torch.Size([1, 279984, 3])
v.shape torch.Size([1, 139994, 3])
f.shape torch.Size([1, 279984, 3])
v.shape torch.Size([1, 139994, 3])
f.shape torch.Size([1, 279984, 3])
v.shape torch.Size([1, 139994, 3])
f.shape torch.Size([1, 279984, 3])
Epoch:10, training loss:295.6589762369792
----------------------------
Start validation ...
v.shape torch.Size([1, 139994, 3])
f.shape torch.Size([1, 279984, 3])
v.shape torch.Size([1, 139994, 3])
f.shape torch.Size([1, 279984, 3])
v.shape torch.Size([1, 139994, 3])
f.shape torch.Size([1, 279984, 3])
v.shape torch.Size([1, 139994, 3])
f.shape torch.Size([1, 279984, 3])
v.shape torch.Size([1, 139994, 3])
f.shape torch.Size([1, 279984, 3])
v.shape torch.Size([1, 139994, 3])
f.shape torch.Size([1, 279984, 3])
v.shape torch.Size([1, 139994, 3])
f.shape torch.Size([1, 279984, 3])
Validation error:289.08154296875
Save model checkpoints ... 
Save pial surface mesh ... 
v.shape torch.Size([1, 139994, 3])
f.shape torch.Size([1, 279984, 3])
Maximum allocated GPU memory: 2.67 GiB
Finish validation.
----------------------------
v.shape torch.Size([1, 139994, 3])
f.shape torch.Size([1, 279984, 3])
v.shape torch.Size([1, 139994, 3])
f.shape torch.Size([1, 279984, 3])
v.shape torch.Size([1, 139994, 3])
f.shape torch.Size([1, 279984, 3])
v.shape torch.Size([1, 139994, 3])
f.shape torch.Size([1, 279984, 3])
v.shape torch.Size([1, 139994, 3])
f.shape torch.Size([1, 279984, 3])
v.shape torch.Size([1, 139994, 3])
f.shape torch.Size([1, 279984, 3])
v.shape torch.Size([1, 139994, 3])
f.shape torch.Size([1, 279984, 3])
v.shape torch.Size([1, 139994, 3])
f.shape torch.Size([1, 279984, 3])
v.shape torch.Size([1, 139994, 3])
f.shape torch.Size([1, 279984, 3])
v.shape torch.Size([1, 139994, 3])
f.shape torch.Size([1, 279984, 3])
v.shape torch.Size([1, 139994, 3])
f.shape torch.Size([1, 279984, 3])
v.shape torch.Size([1, 139994, 3])
f.shape torch.Size([1, 279984, 3])
v.shape torch.Size([1, 139994, 3])
f.shape torch.Size([1, 279984, 3])
v.shape torch.Size([1, 139994, 3])
f.shape torch.Size([1, 279984, 3])
v.shape torch.Size([1, 139994, 3])
f.shape torch.Size([1, 279984, 3])
v.shape torch.Size([1, 139994, 3])
f.shape torch.Size([1, 279984, 3])
v.shape torch.Size([1, 139994, 3])
f.shape torch.Size([1, 279984, 3])
v.shape torch.Size([1, 139994, 3])
f.shape torch.Size([1, 279984, 3])
v.shape torch.Size([1, 139994, 3])
f.shape torch.Size([1, 279984, 3])
v.shape torch.Size([1, 139994, 3])
f.shape torch.Size([1, 279984, 3])
v.shape torch.Size([1, 139994, 3])
f.shape torch.Size([1, 279984, 3])
Epoch:11, training loss:294.8000081380208
v.shape torch.Size([1, 139994, 3])
f.shape torch.Size([1, 279984, 3])
v.shape torch.Size([1, 139994, 3])
f.shape torch.Size([1, 279984, 3])
v.shape torch.Size([1, 139994, 3])
f.shape torch.Size([1, 279984, 3])
v.shape torch.Size([1, 139994, 3])
f.shape torch.Size([1, 279984, 3])
v.shape torch.Size([1, 139994, 3])
f.shape torch.Size([1, 279984, 3])
v.shape torch.Size([1, 139994, 3])
f.shape torch.Size([1, 279984, 3])
v.shape torch.Size([1, 139994, 3])
f.shape torch.Size([1, 279984, 3])
v.shape torch.Size([1, 139994, 3])
f.shape torch.Size([1, 279984, 3])
v.shape torch.Size([1, 139994, 3])
f.shape torch.Size([1, 279984, 3])
v.shape torch.Size([1, 139994, 3])
f.shape torch.Size([1, 279984, 3])
v.shape torch.Size([1, 139994, 3])
f.shape torch.Size([1, 279984, 3])
v.shape torch.Size([1, 139994, 3])
f.shape torch.Size([1, 279984, 3])
v.shape torch.Size([1, 139994, 3])
f.shape torch.Size([1, 279984, 3])
v.shape torch.Size([1, 139994, 3])
f.shape torch.Size([1, 279984, 3])
v.shape torch.Size([1, 139994, 3])
f.shape torch.Size([1, 279984, 3])
v.shape torch.Size([1, 139994, 3])
f.shape torch.Size([1, 279984, 3])
v.shape torch.Size([1, 139994, 3])
f.shape torch.Size([1, 279984, 3])
v.shape torch.Size([1, 139994, 3])
f.shape torch.Size([1, 279984, 3])
v.shape torch.Size([1, 139994, 3])
f.shape torch.Size([1, 279984, 3])
v.shape torch.Size([1, 139994, 3])
f.shape torch.Size([1, 279984, 3])
v.shape torch.Size([1, 139994, 3])
f.shape torch.Size([1, 279984, 3])
Epoch:12, training loss:294.17625935872394
v.shape torch.Size([1, 139994, 3])
f.shape torch.Size([1, 279984, 3])
v.shape torch.Size([1, 139994, 3])
f.shape torch.Size([1, 279984, 3])
v.shape torch.Size([1, 139994, 3])
f.shape torch.Size([1, 279984, 3])
v.shape torch.Size([1, 139994, 3])
f.shape torch.Size([1, 279984, 3])
v.shape torch.Size([1, 139994, 3])
f.shape torch.Size([1, 279984, 3])
v.shape torch.Size([1, 139994, 3])
f.shape torch.Size([1, 279984, 3])
v.shape torch.Size([1, 139994, 3])
f.shape torch.Size([1, 279984, 3])
v.shape torch.Size([1, 139994, 3])
f.shape torch.Size([1, 279984, 3])
v.shape torch.Size([1, 139994, 3])
f.shape torch.Size([1, 279984, 3])
v.shape torch.Size([1, 139994, 3])
f.shape torch.Size([1, 279984, 3])
v.shape torch.Size([1, 139994, 3])
f.shape torch.Size([1, 279984, 3])
v.shape torch.Size([1, 139994, 3])
f.shape torch.Size([1, 279984, 3])
v.shape torch.Size([1, 139994, 3])
f.shape torch.Size([1, 279984, 3])
v.shape torch.Size([1, 139994, 3])
f.shape torch.Size([1, 279984, 3])
v.shape torch.Size([1, 139994, 3])
f.shape torch.Size([1, 279984, 3])
v.shape torch.Size([1, 139994, 3])
f.shape torch.Size([1, 279984, 3])
v.shape torch.Size([1, 139994, 3])
f.shape torch.Size([1, 279984, 3])
v.shape torch.Size([1, 139994, 3])
f.shape torch.Size([1, 279984, 3])
v.shape torch.Size([1, 139994, 3])
f.shape torch.Size([1, 279984, 3])
v.shape torch.Size([1, 139994, 3])
f.shape torch.Size([1, 279984, 3])
v.shape torch.Size([1, 139994, 3])
f.shape torch.Size([1, 279984, 3])
Epoch:13, training loss:293.5814717610677
v.shape torch.Size([1, 139994, 3])
f.shape torch.Size([1, 279984, 3])
v.shape torch.Size([1, 139994, 3])
f.shape torch.Size([1, 279984, 3])
v.shape torch.Size([1, 139994, 3])
f.shape torch.Size([1, 279984, 3])
v.shape torch.Size([1, 139994, 3])
f.shape torch.Size([1, 279984, 3])
v.shape torch.Size([1, 139994, 3])
f.shape torch.Size([1, 279984, 3])
v.shape torch.Size([1, 139994, 3])
f.shape torch.Size([1, 279984, 3])
v.shape torch.Size([1, 139994, 3])
f.shape torch.Size([1, 279984, 3])
v.shape torch.Size([1, 139994, 3])
f.shape torch.Size([1, 279984, 3])
v.shape torch.Size([1, 139994, 3])
f.shape torch.Size([1, 279984, 3])
v.shape torch.Size([1, 139994, 3])
f.shape torch.Size([1, 279984, 3])
v.shape torch.Size([1, 139994, 3])
f.shape torch.Size([1, 279984, 3])
v.shape torch.Size([1, 139994, 3])
f.shape torch.Size([1, 279984, 3])
v.shape torch.Size([1, 139994, 3])
f.shape torch.Size([1, 279984, 3])
v.shape torch.Size([1, 139994, 3])
f.shape torch.Size([1, 279984, 3])
v.shape torch.Size([1, 139994, 3])
f.shape torch.Size([1, 279984, 3])
v.shape torch.Size([1, 139994, 3])
f.shape torch.Size([1, 279984, 3])
v.shape torch.Size([1, 139994, 3])
f.shape torch.Size([1, 279984, 3])
v.shape torch.Size([1, 139994, 3])
f.shape torch.Size([1, 279984, 3])
v.shape torch.Size([1, 139994, 3])
f.shape torch.Size([1, 279984, 3])
v.shape torch.Size([1, 139994, 3])
f.shape torch.Size([1, 279984, 3])
v.shape torch.Size([1, 139994, 3])
f.shape torch.Size([1, 279984, 3])
Epoch:14, training loss:293.0745137532552
v.shape torch.Size([1, 139994, 3])
f.shape torch.Size([1, 279984, 3])
v.shape torch.Size([1, 139994, 3])
f.shape torch.Size([1, 279984, 3])
v.shape torch.Size([1, 139994, 3])
f.shape torch.Size([1, 279984, 3])
v.shape torch.Size([1, 139994, 3])
f.shape torch.Size([1, 279984, 3])
v.shape torch.Size([1, 139994, 3])
f.shape torch.Size([1, 279984, 3])
v.shape torch.Size([1, 139994, 3])
f.shape torch.Size([1, 279984, 3])
v.shape torch.Size([1, 139994, 3])
f.shape torch.Size([1, 279984, 3])
v.shape torch.Size([1, 139994, 3])
f.shape torch.Size([1, 279984, 3])
v.shape torch.Size([1, 139994, 3])
f.shape torch.Size([1, 279984, 3])
v.shape torch.Size([1, 139994, 3])
f.shape torch.Size([1, 279984, 3])
v.shape torch.Size([1, 139994, 3])
f.shape torch.Size([1, 279984, 3])
v.shape torch.Size([1, 139994, 3])
f.shape torch.Size([1, 279984, 3])
v.shape torch.Size([1, 139994, 3])
f.shape torch.Size([1, 279984, 3])
v.shape torch.Size([1, 139994, 3])
f.shape torch.Size([1, 279984, 3])
v.shape torch.Size([1, 139994, 3])
f.shape torch.Size([1, 279984, 3])
v.shape torch.Size([1, 139994, 3])
f.shape torch.Size([1, 279984, 3])
v.shape torch.Size([1, 139994, 3])
f.shape torch.Size([1, 279984, 3])
v.shape torch.Size([1, 139994, 3])
f.shape torch.Size([1, 279984, 3])
v.shape torch.Size([1, 139994, 3])
f.shape torch.Size([1, 279984, 3])
v.shape torch.Size([1, 139994, 3])
f.shape torch.Size([1, 279984, 3])
v.shape torch.Size([1, 139994, 3])
f.shape torch.Size([1, 279984, 3])
Epoch:15, training loss:292.76959228515625
v.shape torch.Size([1, 139994, 3])
f.shape torch.Size([1, 279984, 3])
v.shape torch.Size([1, 139994, 3])
f.shape torch.Size([1, 279984, 3])
v.shape torch.Size([1, 139994, 3])
f.shape torch.Size([1, 279984, 3])
v.shape torch.Size([1, 139994, 3])
f.shape torch.Size([1, 279984, 3])
v.shape torch.Size([1, 139994, 3])
f.shape torch.Size([1, 279984, 3])
v.shape torch.Size([1, 139994, 3])
f.shape torch.Size([1, 279984, 3])
v.shape torch.Size([1, 139994, 3])
f.shape torch.Size([1, 279984, 3])
v.shape torch.Size([1, 139994, 3])
f.shape torch.Size([1, 279984, 3])
v.shape torch.Size([1, 139994, 3])
f.shape torch.Size([1, 279984, 3])
v.shape torch.Size([1, 139994, 3])
f.shape torch.Size([1, 279984, 3])
v.shape torch.Size([1, 139994, 3])
f.shape torch.Size([1, 279984, 3])
v.shape torch.Size([1, 139994, 3])
f.shape torch.Size([1, 279984, 3])
v.shape torch.Size([1, 139994, 3])
f.shape torch.Size([1, 279984, 3])
v.shape torch.Size([1, 139994, 3])
f.shape torch.Size([1, 279984, 3])
v.shape torch.Size([1, 139994, 3])
f.shape torch.Size([1, 279984, 3])
v.shape torch.Size([1, 139994, 3])
f.shape torch.Size([1, 279984, 3])
v.shape torch.Size([1, 139994, 3])
f.shape torch.Size([1, 279984, 3])
v.shape torch.Size([1, 139994, 3])
f.shape torch.Size([1, 279984, 3])
v.shape torch.Size([1, 139994, 3])
f.shape torch.Size([1, 279984, 3])
v.shape torch.Size([1, 139994, 3])
f.shape torch.Size([1, 279984, 3])
v.shape torch.Size([1, 139994, 3])
f.shape torch.Size([1, 279984, 3])
Epoch:16, training loss:292.5262756347656
v.shape torch.Size([1, 139994, 3])
f.shape torch.Size([1, 279984, 3])
v.shape torch.Size([1, 139994, 3])
f.shape torch.Size([1, 279984, 3])
v.shape torch.Size([1, 139994, 3])
f.shape torch.Size([1, 279984, 3])
v.shape torch.Size([1, 139994, 3])
f.shape torch.Size([1, 279984, 3])
v.shape torch.Size([1, 139994, 3])
f.shape torch.Size([1, 279984, 3])
v.shape torch.Size([1, 139994, 3])
f.shape torch.Size([1, 279984, 3])
v.shape torch.Size([1, 139994, 3])
f.shape torch.Size([1, 279984, 3])
v.shape torch.Size([1, 139994, 3])
f.shape torch.Size([1, 279984, 3])
v.shape torch.Size([1, 139994, 3])
f.shape torch.Size([1, 279984, 3])
v.shape torch.Size([1, 139994, 3])
f.shape torch.Size([1, 279984, 3])
v.shape torch.Size([1, 139994, 3])
f.shape torch.Size([1, 279984, 3])
v.shape torch.Size([1, 139994, 3])
f.shape torch.Size([1, 279984, 3])
v.shape torch.Size([1, 139994, 3])
f.shape torch.Size([1, 279984, 3])
v.shape torch.Size([1, 139994, 3])
f.shape torch.Size([1, 279984, 3])
v.shape torch.Size([1, 139994, 3])
f.shape torch.Size([1, 279984, 3])
v.shape torch.Size([1, 139994, 3])
f.shape torch.Size([1, 279984, 3])
v.shape torch.Size([1, 139994, 3])
f.shape torch.Size([1, 279984, 3])
v.shape torch.Size([1, 139994, 3])
f.shape torch.Size([1, 279984, 3])
v.shape torch.Size([1, 139994, 3])
f.shape torch.Size([1, 279984, 3])
v.shape torch.Size([1, 139994, 3])
f.shape torch.Size([1, 279984, 3])
v.shape torch.Size([1, 139994, 3])
f.shape torch.Size([1, 279984, 3])
Epoch:17, training loss:292.1925557454427
v.shape torch.Size([1, 139994, 3])
f.shape torch.Size([1, 279984, 3])
v.shape torch.Size([1, 139994, 3])
f.shape torch.Size([1, 279984, 3])
v.shape torch.Size([1, 139994, 3])
f.shape torch.Size([1, 279984, 3])
v.shape torch.Size([1, 139994, 3])
f.shape torch.Size([1, 279984, 3])
v.shape torch.Size([1, 139994, 3])
f.shape torch.Size([1, 279984, 3])
v.shape torch.Size([1, 139994, 3])
f.shape torch.Size([1, 279984, 3])
v.shape torch.Size([1, 139994, 3])
f.shape torch.Size([1, 279984, 3])
v.shape torch.Size([1, 139994, 3])
f.shape torch.Size([1, 279984, 3])
v.shape torch.Size([1, 139994, 3])
f.shape torch.Size([1, 279984, 3])
v.shape torch.Size([1, 139994, 3])
f.shape torch.Size([1, 279984, 3])
v.shape torch.Size([1, 139994, 3])
f.shape torch.Size([1, 279984, 3])
v.shape torch.Size([1, 139994, 3])
f.shape torch.Size([1, 279984, 3])
v.shape torch.Size([1, 139994, 3])
f.shape torch.Size([1, 279984, 3])
v.shape torch.Size([1, 139994, 3])
f.shape torch.Size([1, 279984, 3])
v.shape torch.Size([1, 139994, 3])
f.shape torch.Size([1, 279984, 3])
v.shape torch.Size([1, 139994, 3])
f.shape torch.Size([1, 279984, 3])
v.shape torch.Size([1, 139994, 3])
f.shape torch.Size([1, 279984, 3])
v.shape torch.Size([1, 139994, 3])
f.shape torch.Size([1, 279984, 3])
v.shape torch.Size([1, 139994, 3])
f.shape torch.Size([1, 279984, 3])
v.shape torch.Size([1, 139994, 3])
f.shape torch.Size([1, 279984, 3])
v.shape torch.Size([1, 139994, 3])
f.shape torch.Size([1, 279984, 3])
Epoch:18, training loss:291.9341227213542
v.shape torch.Size([1, 139994, 3])
f.shape torch.Size([1, 279984, 3])
v.shape torch.Size([1, 139994, 3])
f.shape torch.Size([1, 279984, 3])
v.shape torch.Size([1, 139994, 3])
f.shape torch.Size([1, 279984, 3])
v.shape torch.Size([1, 139994, 3])
f.shape torch.Size([1, 279984, 3])
v.shape torch.Size([1, 139994, 3])
f.shape torch.Size([1, 279984, 3])
v.shape torch.Size([1, 139994, 3])
f.shape torch.Size([1, 279984, 3])
v.shape torch.Size([1, 139994, 3])
f.shape torch.Size([1, 279984, 3])
v.shape torch.Size([1, 139994, 3])
f.shape torch.Size([1, 279984, 3])
v.shape torch.Size([1, 139994, 3])
f.shape torch.Size([1, 279984, 3])
v.shape torch.Size([1, 139994, 3])
f.shape torch.Size([1, 279984, 3])
v.shape torch.Size([1, 139994, 3])
f.shape torch.Size([1, 279984, 3])
v.shape torch.Size([1, 139994, 3])
f.shape torch.Size([1, 279984, 3])
v.shape torch.Size([1, 139994, 3])
f.shape torch.Size([1, 279984, 3])
v.shape torch.Size([1, 139994, 3])
f.shape torch.Size([1, 279984, 3])
v.shape torch.Size([1, 139994, 3])
f.shape torch.Size([1, 279984, 3])
v.shape torch.Size([1, 139994, 3])
f.shape torch.Size([1, 279984, 3])
v.shape torch.Size([1, 139994, 3])
f.shape torch.Size([1, 279984, 3])
v.shape torch.Size([1, 139994, 3])
f.shape torch.Size([1, 279984, 3])
v.shape torch.Size([1, 139994, 3])
f.shape torch.Size([1, 279984, 3])
v.shape torch.Size([1, 139994, 3])
f.shape torch.Size([1, 279984, 3])
v.shape torch.Size([1, 139994, 3])
f.shape torch.Size([1, 279984, 3])
Epoch:19, training loss:291.68434651692706
v.shape torch.Size([1, 139994, 3])
f.shape torch.Size([1, 279984, 3])
v.shape torch.Size([1, 139994, 3])
f.shape torch.Size([1, 279984, 3])
v.shape torch.Size([1, 139994, 3])
f.shape torch.Size([1, 279984, 3])
v.shape torch.Size([1, 139994, 3])
f.shape torch.Size([1, 279984, 3])
v.shape torch.Size([1, 139994, 3])
f.shape torch.Size([1, 279984, 3])
v.shape torch.Size([1, 139994, 3])
f.shape torch.Size([1, 279984, 3])
v.shape torch.Size([1, 139994, 3])
f.shape torch.Size([1, 279984, 3])
v.shape torch.Size([1, 139994, 3])
f.shape torch.Size([1, 279984, 3])
v.shape torch.Size([1, 139994, 3])
f.shape torch.Size([1, 279984, 3])
v.shape torch.Size([1, 139994, 3])
f.shape torch.Size([1, 279984, 3])
v.shape torch.Size([1, 139994, 3])
f.shape torch.Size([1, 279984, 3])
v.shape torch.Size([1, 139994, 3])
f.shape torch.Size([1, 279984, 3])
v.shape torch.Size([1, 139994, 3])
f.shape torch.Size([1, 279984, 3])
v.shape torch.Size([1, 139994, 3])
f.shape torch.Size([1, 279984, 3])
v.shape torch.Size([1, 139994, 3])
f.shape torch.Size([1, 279984, 3])
v.shape torch.Size([1, 139994, 3])
f.shape torch.Size([1, 279984, 3])
v.shape torch.Size([1, 139994, 3])
f.shape torch.Size([1, 279984, 3])
v.shape torch.Size([1, 139994, 3])
f.shape torch.Size([1, 279984, 3])
v.shape torch.Size([1, 139994, 3])
f.shape torch.Size([1, 279984, 3])
v.shape torch.Size([1, 139994, 3])
f.shape torch.Size([1, 279984, 3])
v.shape torch.Size([1, 139994, 3])
f.shape torch.Size([1, 279984, 3])
Epoch:20, training loss:291.53106689453125
----------------------------
Start validation ...
v.shape torch.Size([1, 139994, 3])
f.shape torch.Size([1, 279984, 3])
v.shape torch.Size([1, 139994, 3])
f.shape torch.Size([1, 279984, 3])
v.shape torch.Size([1, 139994, 3])
f.shape torch.Size([1, 279984, 3])
v.shape torch.Size([1, 139994, 3])
f.shape torch.Size([1, 279984, 3])
v.shape torch.Size([1, 139994, 3])
f.shape torch.Size([1, 279984, 3])
v.shape torch.Size([1, 139994, 3])
f.shape torch.Size([1, 279984, 3])
v.shape torch.Size([1, 139994, 3])
f.shape torch.Size([1, 279984, 3])
Validation error:285.4938659667969
Save model checkpoints ... 
Save pial surface mesh ... 
v.shape torch.Size([1, 139994, 3])
f.shape torch.Size([1, 279984, 3])
Maximum allocated GPU memory: 2.67 GiB
Finish validation.
----------------------------
v.shape torch.Size([1, 139994, 3])
f.shape torch.Size([1, 279984, 3])
v.shape torch.Size([1, 139994, 3])
f.shape torch.Size([1, 279984, 3])
v.shape torch.Size([1, 139994, 3])
f.shape torch.Size([1, 279984, 3])
v.shape torch.Size([1, 139994, 3])
f.shape torch.Size([1, 279984, 3])
v.shape torch.Size([1, 139994, 3])
f.shape torch.Size([1, 279984, 3])
v.shape torch.Size([1, 139994, 3])
f.shape torch.Size([1, 279984, 3])
v.shape torch.Size([1, 139994, 3])
f.shape torch.Size([1, 279984, 3])
v.shape torch.Size([1, 139994, 3])
f.shape torch.Size([1, 279984, 3])
v.shape torch.Size([1, 139994, 3])
f.shape torch.Size([1, 279984, 3])
v.shape torch.Size([1, 139994, 3])
f.shape torch.Size([1, 279984, 3])
v.shape torch.Size([1, 139994, 3])
f.shape torch.Size([1, 279984, 3])
v.shape torch.Size([1, 139994, 3])
f.shape torch.Size([1, 279984, 3])
v.shape torch.Size([1, 139994, 3])
f.shape torch.Size([1, 279984, 3])
v.shape torch.Size([1, 139994, 3])
f.shape torch.Size([1, 279984, 3])
v.shape torch.Size([1, 139994, 3])
f.shape torch.Size([1, 279984, 3])
v.shape torch.Size([1, 139994, 3])
f.shape torch.Size([1, 279984, 3])
v.shape torch.Size([1, 139994, 3])
f.shape torch.Size([1, 279984, 3])
v.shape torch.Size([1, 139994, 3])
f.shape torch.Size([1, 279984, 3])
v.shape torch.Size([1, 139994, 3])
f.shape torch.Size([1, 279984, 3])
v.shape torch.Size([1, 139994, 3])
f.shape torch.Size([1, 279984, 3])
v.shape torch.Size([1, 139994, 3])
f.shape torch.Size([1, 279984, 3])
Epoch:21, training loss:291.4076334635417
v.shape torch.Size([1, 139994, 3])
f.shape torch.Size([1, 279984, 3])
v.shape torch.Size([1, 139994, 3])
f.shape torch.Size([1, 279984, 3])
v.shape torch.Size([1, 139994, 3])
f.shape torch.Size([1, 279984, 3])
v.shape torch.Size([1, 139994, 3])
f.shape torch.Size([1, 279984, 3])
v.shape torch.Size([1, 139994, 3])
f.shape torch.Size([1, 279984, 3])
v.shape torch.Size([1, 139994, 3])
f.shape torch.Size([1, 279984, 3])
v.shape torch.Size([1, 139994, 3])
f.shape torch.Size([1, 279984, 3])
v.shape torch.Size([1, 139994, 3])
f.shape torch.Size([1, 279984, 3])
v.shape torch.Size([1, 139994, 3])
f.shape torch.Size([1, 279984, 3])
v.shape torch.Size([1, 139994, 3])
f.shape torch.Size([1, 279984, 3])
v.shape torch.Size([1, 139994, 3])
f.shape torch.Size([1, 279984, 3])
v.shape torch.Size([1, 139994, 3])
f.shape torch.Size([1, 279984, 3])
v.shape torch.Size([1, 139994, 3])
f.shape torch.Size([1, 279984, 3])
v.shape torch.Size([1, 139994, 3])
f.shape torch.Size([1, 279984, 3])
v.shape torch.Size([1, 139994, 3])
f.shape torch.Size([1, 279984, 3])
v.shape torch.Size([1, 139994, 3])
f.shape torch.Size([1, 279984, 3])
v.shape torch.Size([1, 139994, 3])
f.shape torch.Size([1, 279984, 3])
v.shape torch.Size([1, 139994, 3])
f.shape torch.Size([1, 279984, 3])
v.shape torch.Size([1, 139994, 3])
f.shape torch.Size([1, 279984, 3])
v.shape torch.Size([1, 139994, 3])
f.shape torch.Size([1, 279984, 3])
v.shape torch.Size([1, 139994, 3])
f.shape torch.Size([1, 279984, 3])
Epoch:22, training loss:291.2203063964844
v.shape torch.Size([1, 139994, 3])
f.shape torch.Size([1, 279984, 3])
v.shape torch.Size([1, 139994, 3])
f.shape torch.Size([1, 279984, 3])
v.shape torch.Size([1, 139994, 3])
f.shape torch.Size([1, 279984, 3])
v.shape torch.Size([1, 139994, 3])
f.shape torch.Size([1, 279984, 3])
v.shape torch.Size([1, 139994, 3])
f.shape torch.Size([1, 279984, 3])
v.shape torch.Size([1, 139994, 3])
f.shape torch.Size([1, 279984, 3])
v.shape torch.Size([1, 139994, 3])
f.shape torch.Size([1, 279984, 3])
v.shape torch.Size([1, 139994, 3])
f.shape torch.Size([1, 279984, 3])
v.shape torch.Size([1, 139994, 3])
f.shape torch.Size([1, 279984, 3])
v.shape torch.Size([1, 139994, 3])
f.shape torch.Size([1, 279984, 3])
v.shape torch.Size([1, 139994, 3])
f.shape torch.Size([1, 279984, 3])
v.shape torch.Size([1, 139994, 3])
f.shape torch.Size([1, 279984, 3])
v.shape torch.Size([1, 139994, 3])
f.shape torch.Size([1, 279984, 3])
v.shape torch.Size([1, 139994, 3])
f.shape torch.Size([1, 279984, 3])
v.shape torch.Size([1, 139994, 3])
f.shape torch.Size([1, 279984, 3])
v.shape torch.Size([1, 139994, 3])
f.shape torch.Size([1, 279984, 3])
v.shape torch.Size([1, 139994, 3])
f.shape torch.Size([1, 279984, 3])
v.shape torch.Size([1, 139994, 3])
f.shape torch.Size([1, 279984, 3])
v.shape torch.Size([1, 139994, 3])
f.shape torch.Size([1, 279984, 3])
v.shape torch.Size([1, 139994, 3])
f.shape torch.Size([1, 279984, 3])
v.shape torch.Size([1, 139994, 3])
f.shape torch.Size([1, 279984, 3])
Epoch:23, training loss:291.0193786621094
v.shape torch.Size([1, 139994, 3])
f.shape torch.Size([1, 279984, 3])
v.shape torch.Size([1, 139994, 3])
f.shape torch.Size([1, 279984, 3])
v.shape torch.Size([1, 139994, 3])
f.shape torch.Size([1, 279984, 3])
v.shape torch.Size([1, 139994, 3])
f.shape torch.Size([1, 279984, 3])
v.shape torch.Size([1, 139994, 3])
f.shape torch.Size([1, 279984, 3])
v.shape torch.Size([1, 139994, 3])
f.shape torch.Size([1, 279984, 3])
v.shape torch.Size([1, 139994, 3])
f.shape torch.Size([1, 279984, 3])
v.shape torch.Size([1, 139994, 3])
f.shape torch.Size([1, 279984, 3])
v.shape torch.Size([1, 139994, 3])
f.shape torch.Size([1, 279984, 3])
v.shape torch.Size([1, 139994, 3])
f.shape torch.Size([1, 279984, 3])
v.shape torch.Size([1, 139994, 3])
f.shape torch.Size([1, 279984, 3])
v.shape torch.Size([1, 139994, 3])
f.shape torch.Size([1, 279984, 3])
v.shape torch.Size([1, 139994, 3])
f.shape torch.Size([1, 279984, 3])
v.shape torch.Size([1, 139994, 3])
f.shape torch.Size([1, 279984, 3])
v.shape torch.Size([1, 139994, 3])
f.shape torch.Size([1, 279984, 3])
v.shape torch.Size([1, 139994, 3])
f.shape torch.Size([1, 279984, 3])
v.shape torch.Size([1, 139994, 3])
f.shape torch.Size([1, 279984, 3])
v.shape torch.Size([1, 139994, 3])
f.shape torch.Size([1, 279984, 3])
v.shape torch.Size([1, 139994, 3])
f.shape torch.Size([1, 279984, 3])
v.shape torch.Size([1, 139994, 3])
f.shape torch.Size([1, 279984, 3])
v.shape torch.Size([1, 139994, 3])
f.shape torch.Size([1, 279984, 3])
Epoch:24, training loss:290.8452860514323
v.shape torch.Size([1, 139994, 3])
f.shape torch.Size([1, 279984, 3])
v.shape torch.Size([1, 139994, 3])
f.shape torch.Size([1, 279984, 3])
v.shape torch.Size([1, 139994, 3])
f.shape torch.Size([1, 279984, 3])
v.shape torch.Size([1, 139994, 3])
f.shape torch.Size([1, 279984, 3])
v.shape torch.Size([1, 139994, 3])
f.shape torch.Size([1, 279984, 3])
v.shape torch.Size([1, 139994, 3])
f.shape torch.Size([1, 279984, 3])
v.shape torch.Size([1, 139994, 3])
f.shape torch.Size([1, 279984, 3])
v.shape torch.Size([1, 139994, 3])
f.shape torch.Size([1, 279984, 3])
v.shape torch.Size([1, 139994, 3])
f.shape torch.Size([1, 279984, 3])
v.shape torch.Size([1, 139994, 3])
f.shape torch.Size([1, 279984, 3])
v.shape torch.Size([1, 139994, 3])
f.shape torch.Size([1, 279984, 3])
v.shape torch.Size([1, 139994, 3])
f.shape torch.Size([1, 279984, 3])
v.shape torch.Size([1, 139994, 3])
f.shape torch.Size([1, 279984, 3])
v.shape torch.Size([1, 139994, 3])
f.shape torch.Size([1, 279984, 3])
v.shape torch.Size([1, 139994, 3])
f.shape torch.Size([1, 279984, 3])
v.shape torch.Size([1, 139994, 3])
f.shape torch.Size([1, 279984, 3])
v.shape torch.Size([1, 139994, 3])
f.shape torch.Size([1, 279984, 3])
v.shape torch.Size([1, 139994, 3])
f.shape torch.Size([1, 279984, 3])
v.shape torch.Size([1, 139994, 3])
f.shape torch.Size([1, 279984, 3])
v.shape torch.Size([1, 139994, 3])
f.shape torch.Size([1, 279984, 3])
v.shape torch.Size([1, 139994, 3])
f.shape torch.Size([1, 279984, 3])
Epoch:25, training loss:290.80006917317706
v.shape torch.Size([1, 139994, 3])
f.shape torch.Size([1, 279984, 3])
v.shape torch.Size([1, 139994, 3])
f.shape torch.Size([1, 279984, 3])
v.shape torch.Size([1, 139994, 3])
f.shape torch.Size([1, 279984, 3])
v.shape torch.Size([1, 139994, 3])
f.shape torch.Size([1, 279984, 3])
v.shape torch.Size([1, 139994, 3])
f.shape torch.Size([1, 279984, 3])
v.shape torch.Size([1, 139994, 3])
f.shape torch.Size([1, 279984, 3])
v.shape torch.Size([1, 139994, 3])
f.shape torch.Size([1, 279984, 3])
v.shape torch.Size([1, 139994, 3])
f.shape torch.Size([1, 279984, 3])
v.shape torch.Size([1, 139994, 3])
f.shape torch.Size([1, 279984, 3])
v.shape torch.Size([1, 139994, 3])
f.shape torch.Size([1, 279984, 3])
v.shape torch.Size([1, 139994, 3])
f.shape torch.Size([1, 279984, 3])
v.shape torch.Size([1, 139994, 3])
f.shape torch.Size([1, 279984, 3])
v.shape torch.Size([1, 139994, 3])
f.shape torch.Size([1, 279984, 3])
v.shape torch.Size([1, 139994, 3])
f.shape torch.Size([1, 279984, 3])
v.shape torch.Size([1, 139994, 3])
f.shape torch.Size([1, 279984, 3])
v.shape torch.Size([1, 139994, 3])
f.shape torch.Size([1, 279984, 3])
v.shape torch.Size([1, 139994, 3])
f.shape torch.Size([1, 279984, 3])
v.shape torch.Size([1, 139994, 3])
f.shape torch.Size([1, 279984, 3])
v.shape torch.Size([1, 139994, 3])
f.shape torch.Size([1, 279984, 3])
v.shape torch.Size([1, 139994, 3])
f.shape torch.Size([1, 279984, 3])
v.shape torch.Size([1, 139994, 3])
f.shape torch.Size([1, 279984, 3])
Epoch:26, training loss:290.7991027832031
v.shape torch.Size([1, 139994, 3])
f.shape torch.Size([1, 279984, 3])
v.shape torch.Size([1, 139994, 3])
f.shape torch.Size([1, 279984, 3])
v.shape torch.Size([1, 139994, 3])
f.shape torch.Size([1, 279984, 3])
v.shape torch.Size([1, 139994, 3])
f.shape torch.Size([1, 279984, 3])
v.shape torch.Size([1, 139994, 3])
f.shape torch.Size([1, 279984, 3])
v.shape torch.Size([1, 139994, 3])
f.shape torch.Size([1, 279984, 3])
v.shape torch.Size([1, 139994, 3])
f.shape torch.Size([1, 279984, 3])
v.shape torch.Size([1, 139994, 3])
f.shape torch.Size([1, 279984, 3])
v.shape torch.Size([1, 139994, 3])
f.shape torch.Size([1, 279984, 3])
v.shape torch.Size([1, 139994, 3])
f.shape torch.Size([1, 279984, 3])
v.shape torch.Size([1, 139994, 3])
f.shape torch.Size([1, 279984, 3])
v.shape torch.Size([1, 139994, 3])
f.shape torch.Size([1, 279984, 3])
v.shape torch.Size([1, 139994, 3])
f.shape torch.Size([1, 279984, 3])
v.shape torch.Size([1, 139994, 3])
f.shape torch.Size([1, 279984, 3])
v.shape torch.Size([1, 139994, 3])
f.shape torch.Size([1, 279984, 3])
v.shape torch.Size([1, 139994, 3])
f.shape torch.Size([1, 279984, 3])
v.shape torch.Size([1, 139994, 3])
f.shape torch.Size([1, 279984, 3])
v.shape torch.Size([1, 139994, 3])
f.shape torch.Size([1, 279984, 3])
v.shape torch.Size([1, 139994, 3])
f.shape torch.Size([1, 279984, 3])
v.shape torch.Size([1, 139994, 3])
f.shape torch.Size([1, 279984, 3])
v.shape torch.Size([1, 139994, 3])
f.shape torch.Size([1, 279984, 3])
Epoch:27, training loss:290.5436604817708
v.shape torch.Size([1, 139994, 3])
f.shape torch.Size([1, 279984, 3])
v.shape torch.Size([1, 139994, 3])
f.shape torch.Size([1, 279984, 3])
v.shape torch.Size([1, 139994, 3])
f.shape torch.Size([1, 279984, 3])
v.shape torch.Size([1, 139994, 3])
f.shape torch.Size([1, 279984, 3])
v.shape torch.Size([1, 139994, 3])
f.shape torch.Size([1, 279984, 3])
v.shape torch.Size([1, 139994, 3])
f.shape torch.Size([1, 279984, 3])
v.shape torch.Size([1, 139994, 3])
f.shape torch.Size([1, 279984, 3])
v.shape torch.Size([1, 139994, 3])
f.shape torch.Size([1, 279984, 3])
v.shape torch.Size([1, 139994, 3])
f.shape torch.Size([1, 279984, 3])
v.shape torch.Size([1, 139994, 3])
f.shape torch.Size([1, 279984, 3])
v.shape torch.Size([1, 139994, 3])
f.shape torch.Size([1, 279984, 3])
v.shape torch.Size([1, 139994, 3])
f.shape torch.Size([1, 279984, 3])
v.shape torch.Size([1, 139994, 3])
f.shape torch.Size([1, 279984, 3])
v.shape torch.Size([1, 139994, 3])
f.shape torch.Size([1, 279984, 3])
v.shape torch.Size([1, 139994, 3])
f.shape torch.Size([1, 279984, 3])
v.shape torch.Size([1, 139994, 3])
f.shape torch.Size([1, 279984, 3])
v.shape torch.Size([1, 139994, 3])
f.shape torch.Size([1, 279984, 3])
v.shape torch.Size([1, 139994, 3])
f.shape torch.Size([1, 279984, 3])
v.shape torch.Size([1, 139994, 3])
f.shape torch.Size([1, 279984, 3])
v.shape torch.Size([1, 139994, 3])
f.shape torch.Size([1, 279984, 3])
v.shape torch.Size([1, 139994, 3])
f.shape torch.Size([1, 279984, 3])
Epoch:28, training loss:290.57106526692706
v.shape torch.Size([1, 139994, 3])
f.shape torch.Size([1, 279984, 3])
v.shape torch.Size([1, 139994, 3])
f.shape torch.Size([1, 279984, 3])
v.shape torch.Size([1, 139994, 3])
f.shape torch.Size([1, 279984, 3])
v.shape torch.Size([1, 139994, 3])
f.shape torch.Size([1, 279984, 3])
v.shape torch.Size([1, 139994, 3])
f.shape torch.Size([1, 279984, 3])
v.shape torch.Size([1, 139994, 3])
f.shape torch.Size([1, 279984, 3])
v.shape torch.Size([1, 139994, 3])
f.shape torch.Size([1, 279984, 3])
v.shape torch.Size([1, 139994, 3])
f.shape torch.Size([1, 279984, 3])
v.shape torch.Size([1, 139994, 3])
f.shape torch.Size([1, 279984, 3])
v.shape torch.Size([1, 139994, 3])
f.shape torch.Size([1, 279984, 3])
v.shape torch.Size([1, 139994, 3])
f.shape torch.Size([1, 279984, 3])
v.shape torch.Size([1, 139994, 3])
f.shape torch.Size([1, 279984, 3])
v.shape torch.Size([1, 139994, 3])
f.shape torch.Size([1, 279984, 3])
v.shape torch.Size([1, 139994, 3])
f.shape torch.Size([1, 279984, 3])
v.shape torch.Size([1, 139994, 3])
f.shape torch.Size([1, 279984, 3])
v.shape torch.Size([1, 139994, 3])
f.shape torch.Size([1, 279984, 3])
v.shape torch.Size([1, 139994, 3])
f.shape torch.Size([1, 279984, 3])
v.shape torch.Size([1, 139994, 3])
f.shape torch.Size([1, 279984, 3])
v.shape torch.Size([1, 139994, 3])
f.shape torch.Size([1, 279984, 3])
v.shape torch.Size([1, 139994, 3])
f.shape torch.Size([1, 279984, 3])
v.shape torch.Size([1, 139994, 3])
f.shape torch.Size([1, 279984, 3])
Epoch:29, training loss:290.3637390136719
v.shape torch.Size([1, 139994, 3])
f.shape torch.Size([1, 279984, 3])
v.shape torch.Size([1, 139994, 3])
f.shape torch.Size([1, 279984, 3])
v.shape torch.Size([1, 139994, 3])
f.shape torch.Size([1, 279984, 3])
v.shape torch.Size([1, 139994, 3])
f.shape torch.Size([1, 279984, 3])
v.shape torch.Size([1, 139994, 3])
f.shape torch.Size([1, 279984, 3])
v.shape torch.Size([1, 139994, 3])
f.shape torch.Size([1, 279984, 3])
v.shape torch.Size([1, 139994, 3])
f.shape torch.Size([1, 279984, 3])
v.shape torch.Size([1, 139994, 3])
f.shape torch.Size([1, 279984, 3])
v.shape torch.Size([1, 139994, 3])
f.shape torch.Size([1, 279984, 3])
v.shape torch.Size([1, 139994, 3])
f.shape torch.Size([1, 279984, 3])
v.shape torch.Size([1, 139994, 3])
f.shape torch.Size([1, 279984, 3])
v.shape torch.Size([1, 139994, 3])
f.shape torch.Size([1, 279984, 3])
v.shape torch.Size([1, 139994, 3])
f.shape torch.Size([1, 279984, 3])
v.shape torch.Size([1, 139994, 3])
f.shape torch.Size([1, 279984, 3])
v.shape torch.Size([1, 139994, 3])
f.shape torch.Size([1, 279984, 3])
v.shape torch.Size([1, 139994, 3])
f.shape torch.Size([1, 279984, 3])
v.shape torch.Size([1, 139994, 3])
f.shape torch.Size([1, 279984, 3])
v.shape torch.Size([1, 139994, 3])
f.shape torch.Size([1, 279984, 3])
v.shape torch.Size([1, 139994, 3])
f.shape torch.Size([1, 279984, 3])
v.shape torch.Size([1, 139994, 3])
f.shape torch.Size([1, 279984, 3])
v.shape torch.Size([1, 139994, 3])
f.shape torch.Size([1, 279984, 3])
Epoch:30, training loss:290.3332112630208
----------------------------
Start validation ...
v.shape torch.Size([1, 139994, 3])
f.shape torch.Size([1, 279984, 3])
v.shape torch.Size([1, 139994, 3])
f.shape torch.Size([1, 279984, 3])
v.shape torch.Size([1, 139994, 3])
f.shape torch.Size([1, 279984, 3])
v.shape torch.Size([1, 139994, 3])
f.shape torch.Size([1, 279984, 3])
v.shape torch.Size([1, 139994, 3])
f.shape torch.Size([1, 279984, 3])
v.shape torch.Size([1, 139994, 3])
f.shape torch.Size([1, 279984, 3])
v.shape torch.Size([1, 139994, 3])
f.shape torch.Size([1, 279984, 3])
Validation error:284.1790466308594
Save model checkpoints ... 
Save pial surface mesh ... 
v.shape torch.Size([1, 139994, 3])
f.shape torch.Size([1, 279984, 3])
Maximum allocated GPU memory: 2.67 GiB
Finish validation.
----------------------------
v.shape torch.Size([1, 139994, 3])
f.shape torch.Size([1, 279984, 3])
v.shape torch.Size([1, 139994, 3])
f.shape torch.Size([1, 279984, 3])
v.shape torch.Size([1, 139994, 3])
f.shape torch.Size([1, 279984, 3])
v.shape torch.Size([1, 139994, 3])
f.shape torch.Size([1, 279984, 3])
v.shape torch.Size([1, 139994, 3])
f.shape torch.Size([1, 279984, 3])
v.shape torch.Size([1, 139994, 3])
f.shape torch.Size([1, 279984, 3])
v.shape torch.Size([1, 139994, 3])
f.shape torch.Size([1, 279984, 3])
v.shape torch.Size([1, 139994, 3])
f.shape torch.Size([1, 279984, 3])
v.shape torch.Size([1, 139994, 3])
f.shape torch.Size([1, 279984, 3])
v.shape torch.Size([1, 139994, 3])
f.shape torch.Size([1, 279984, 3])
v.shape torch.Size([1, 139994, 3])
f.shape torch.Size([1, 279984, 3])
v.shape torch.Size([1, 139994, 3])
f.shape torch.Size([1, 279984, 3])
v.shape torch.Size([1, 139994, 3])
f.shape torch.Size([1, 279984, 3])
v.shape torch.Size([1, 139994, 3])
f.shape torch.Size([1, 279984, 3])
v.shape torch.Size([1, 139994, 3])
f.shape torch.Size([1, 279984, 3])
v.shape torch.Size([1, 139994, 3])
f.shape torch.Size([1, 279984, 3])
v.shape torch.Size([1, 139994, 3])
f.shape torch.Size([1, 279984, 3])
v.shape torch.Size([1, 139994, 3])
f.shape torch.Size([1, 279984, 3])
v.shape torch.Size([1, 139994, 3])
f.shape torch.Size([1, 279984, 3])
v.shape torch.Size([1, 139994, 3])
f.shape torch.Size([1, 279984, 3])
v.shape torch.Size([1, 139994, 3])
f.shape torch.Size([1, 279984, 3])
Epoch:31, training loss:290.25244140625
v.shape torch.Size([1, 139994, 3])
f.shape torch.Size([1, 279984, 3])
v.shape torch.Size([1, 139994, 3])
f.shape torch.Size([1, 279984, 3])
v.shape torch.Size([1, 139994, 3])
f.shape torch.Size([1, 279984, 3])
v.shape torch.Size([1, 139994, 3])
f.shape torch.Size([1, 279984, 3])
v.shape torch.Size([1, 139994, 3])
f.shape torch.Size([1, 279984, 3])
v.shape torch.Size([1, 139994, 3])
f.shape torch.Size([1, 279984, 3])
v.shape torch.Size([1, 139994, 3])
f.shape torch.Size([1, 279984, 3])
v.shape torch.Size([1, 139994, 3])
f.shape torch.Size([1, 279984, 3])
v.shape torch.Size([1, 139994, 3])
f.shape torch.Size([1, 279984, 3])
v.shape torch.Size([1, 139994, 3])
f.shape torch.Size([1, 279984, 3])
v.shape torch.Size([1, 139994, 3])
f.shape torch.Size([1, 279984, 3])
v.shape torch.Size([1, 139994, 3])
f.shape torch.Size([1, 279984, 3])
v.shape torch.Size([1, 139994, 3])
f.shape torch.Size([1, 279984, 3])
v.shape torch.Size([1, 139994, 3])
f.shape torch.Size([1, 279984, 3])
v.shape torch.Size([1, 139994, 3])
f.shape torch.Size([1, 279984, 3])
v.shape torch.Size([1, 139994, 3])
f.shape torch.Size([1, 279984, 3])
v.shape torch.Size([1, 139994, 3])
f.shape torch.Size([1, 279984, 3])
v.shape torch.Size([1, 139994, 3])
f.shape torch.Size([1, 279984, 3])
v.shape torch.Size([1, 139994, 3])
f.shape torch.Size([1, 279984, 3])
v.shape torch.Size([1, 139994, 3])
f.shape torch.Size([1, 279984, 3])
v.shape torch.Size([1, 139994, 3])
f.shape torch.Size([1, 279984, 3])
Epoch:32, training loss:290.0508321126302
v.shape torch.Size([1, 139994, 3])
f.shape torch.Size([1, 279984, 3])
v.shape torch.Size([1, 139994, 3])
f.shape torch.Size([1, 279984, 3])
v.shape torch.Size([1, 139994, 3])
f.shape torch.Size([1, 279984, 3])
v.shape torch.Size([1, 139994, 3])
f.shape torch.Size([1, 279984, 3])
v.shape torch.Size([1, 139994, 3])
f.shape torch.Size([1, 279984, 3])
v.shape torch.Size([1, 139994, 3])
f.shape torch.Size([1, 279984, 3])
v.shape torch.Size([1, 139994, 3])
f.shape torch.Size([1, 279984, 3])
v.shape torch.Size([1, 139994, 3])
f.shape torch.Size([1, 279984, 3])
v.shape torch.Size([1, 139994, 3])
f.shape torch.Size([1, 279984, 3])
v.shape torch.Size([1, 139994, 3])
f.shape torch.Size([1, 279984, 3])
v.shape torch.Size([1, 139994, 3])
f.shape torch.Size([1, 279984, 3])
v.shape torch.Size([1, 139994, 3])
f.shape torch.Size([1, 279984, 3])
v.shape torch.Size([1, 139994, 3])
f.shape torch.Size([1, 279984, 3])
v.shape torch.Size([1, 139994, 3])
f.shape torch.Size([1, 279984, 3])
v.shape torch.Size([1, 139994, 3])
f.shape torch.Size([1, 279984, 3])
v.shape torch.Size([1, 139994, 3])
f.shape torch.Size([1, 279984, 3])
v.shape torch.Size([1, 139994, 3])
f.shape torch.Size([1, 279984, 3])
v.shape torch.Size([1, 139994, 3])
f.shape torch.Size([1, 279984, 3])
v.shape torch.Size([1, 139994, 3])
f.shape torch.Size([1, 279984, 3])
v.shape torch.Size([1, 139994, 3])
f.shape torch.Size([1, 279984, 3])
v.shape torch.Size([1, 139994, 3])
f.shape torch.Size([1, 279984, 3])
Epoch:33, training loss:290.02333577473956
v.shape torch.Size([1, 139994, 3])
f.shape torch.Size([1, 279984, 3])
v.shape torch.Size([1, 139994, 3])
f.shape torch.Size([1, 279984, 3])
v.shape torch.Size([1, 139994, 3])
f.shape torch.Size([1, 279984, 3])
v.shape torch.Size([1, 139994, 3])
f.shape torch.Size([1, 279984, 3])
v.shape torch.Size([1, 139994, 3])
f.shape torch.Size([1, 279984, 3])
v.shape torch.Size([1, 139994, 3])
f.shape torch.Size([1, 279984, 3])
v.shape torch.Size([1, 139994, 3])
f.shape torch.Size([1, 279984, 3])
v.shape torch.Size([1, 139994, 3])
f.shape torch.Size([1, 279984, 3])
v.shape torch.Size([1, 139994, 3])
f.shape torch.Size([1, 279984, 3])
v.shape torch.Size([1, 139994, 3])
f.shape torch.Size([1, 279984, 3])
v.shape torch.Size([1, 139994, 3])
f.shape torch.Size([1, 279984, 3])
v.shape torch.Size([1, 139994, 3])
f.shape torch.Size([1, 279984, 3])
v.shape torch.Size([1, 139994, 3])
f.shape torch.Size([1, 279984, 3])
v.shape torch.Size([1, 139994, 3])
f.shape torch.Size([1, 279984, 3])
v.shape torch.Size([1, 139994, 3])
f.shape torch.Size([1, 279984, 3])
v.shape torch.Size([1, 139994, 3])
f.shape torch.Size([1, 279984, 3])
v.shape torch.Size([1, 139994, 3])
f.shape torch.Size([1, 279984, 3])
v.shape torch.Size([1, 139994, 3])
f.shape torch.Size([1, 279984, 3])
v.shape torch.Size([1, 139994, 3])
f.shape torch.Size([1, 279984, 3])
v.shape torch.Size([1, 139994, 3])
f.shape torch.Size([1, 279984, 3])
v.shape torch.Size([1, 139994, 3])
f.shape torch.Size([1, 279984, 3])
Epoch:34, training loss:289.9332275390625
v.shape torch.Size([1, 139994, 3])
f.shape torch.Size([1, 279984, 3])
v.shape torch.Size([1, 139994, 3])
f.shape torch.Size([1, 279984, 3])
v.shape torch.Size([1, 139994, 3])
f.shape torch.Size([1, 279984, 3])
v.shape torch.Size([1, 139994, 3])
f.shape torch.Size([1, 279984, 3])
v.shape torch.Size([1, 139994, 3])
f.shape torch.Size([1, 279984, 3])
v.shape torch.Size([1, 139994, 3])
f.shape torch.Size([1, 279984, 3])
v.shape torch.Size([1, 139994, 3])
f.shape torch.Size([1, 279984, 3])
v.shape torch.Size([1, 139994, 3])
f.shape torch.Size([1, 279984, 3])
v.shape torch.Size([1, 139994, 3])
f.shape torch.Size([1, 279984, 3])
v.shape torch.Size([1, 139994, 3])
f.shape torch.Size([1, 279984, 3])
v.shape torch.Size([1, 139994, 3])
f.shape torch.Size([1, 279984, 3])
v.shape torch.Size([1, 139994, 3])
f.shape torch.Size([1, 279984, 3])
v.shape torch.Size([1, 139994, 3])
f.shape torch.Size([1, 279984, 3])
v.shape torch.Size([1, 139994, 3])
f.shape torch.Size([1, 279984, 3])
v.shape torch.Size([1, 139994, 3])
f.shape torch.Size([1, 279984, 3])
v.shape torch.Size([1, 139994, 3])
f.shape torch.Size([1, 279984, 3])
v.shape torch.Size([1, 139994, 3])
f.shape torch.Size([1, 279984, 3])
v.shape torch.Size([1, 139994, 3])
f.shape torch.Size([1, 279984, 3])
v.shape torch.Size([1, 139994, 3])
f.shape torch.Size([1, 279984, 3])
v.shape torch.Size([1, 139994, 3])
f.shape torch.Size([1, 279984, 3])
v.shape torch.Size([1, 139994, 3])
f.shape torch.Size([1, 279984, 3])
Epoch:35, training loss:289.8784586588542
v.shape torch.Size([1, 139994, 3])
f.shape torch.Size([1, 279984, 3])
v.shape torch.Size([1, 139994, 3])
f.shape torch.Size([1, 279984, 3])
v.shape torch.Size([1, 139994, 3])
f.shape torch.Size([1, 279984, 3])
v.shape torch.Size([1, 139994, 3])
f.shape torch.Size([1, 279984, 3])
v.shape torch.Size([1, 139994, 3])
f.shape torch.Size([1, 279984, 3])
v.shape torch.Size([1, 139994, 3])
f.shape torch.Size([1, 279984, 3])
v.shape torch.Size([1, 139994, 3])
f.shape torch.Size([1, 279984, 3])
v.shape torch.Size([1, 139994, 3])
f.shape torch.Size([1, 279984, 3])
v.shape torch.Size([1, 139994, 3])
f.shape torch.Size([1, 279984, 3])
v.shape torch.Size([1, 139994, 3])
f.shape torch.Size([1, 279984, 3])
v.shape torch.Size([1, 139994, 3])
f.shape torch.Size([1, 279984, 3])
v.shape torch.Size([1, 139994, 3])
f.shape torch.Size([1, 279984, 3])
v.shape torch.Size([1, 139994, 3])
f.shape torch.Size([1, 279984, 3])
v.shape torch.Size([1, 139994, 3])
f.shape torch.Size([1, 279984, 3])
v.shape torch.Size([1, 139994, 3])
f.shape torch.Size([1, 279984, 3])
v.shape torch.Size([1, 139994, 3])
f.shape torch.Size([1, 279984, 3])
v.shape torch.Size([1, 139994, 3])
f.shape torch.Size([1, 279984, 3])
v.shape torch.Size([1, 139994, 3])
f.shape torch.Size([1, 279984, 3])
v.shape torch.Size([1, 139994, 3])
f.shape torch.Size([1, 279984, 3])
v.shape torch.Size([1, 139994, 3])
f.shape torch.Size([1, 279984, 3])
v.shape torch.Size([1, 139994, 3])
f.shape torch.Size([1, 279984, 3])
Epoch:36, training loss:289.8541768391927
v.shape torch.Size([1, 139994, 3])
f.shape torch.Size([1, 279984, 3])
v.shape torch.Size([1, 139994, 3])
f.shape torch.Size([1, 279984, 3])
v.shape torch.Size([1, 139994, 3])
f.shape torch.Size([1, 279984, 3])
v.shape torch.Size([1, 139994, 3])
f.shape torch.Size([1, 279984, 3])
v.shape torch.Size([1, 139994, 3])
f.shape torch.Size([1, 279984, 3])
v.shape torch.Size([1, 139994, 3])
f.shape torch.Size([1, 279984, 3])
v.shape torch.Size([1, 139994, 3])
f.shape torch.Size([1, 279984, 3])
v.shape torch.Size([1, 139994, 3])
f.shape torch.Size([1, 279984, 3])
v.shape torch.Size([1, 139994, 3])
f.shape torch.Size([1, 279984, 3])
v.shape torch.Size([1, 139994, 3])
f.shape torch.Size([1, 279984, 3])
v.shape torch.Size([1, 139994, 3])
f.shape torch.Size([1, 279984, 3])
v.shape torch.Size([1, 139994, 3])
f.shape torch.Size([1, 279984, 3])
v.shape torch.Size([1, 139994, 3])
f.shape torch.Size([1, 279984, 3])
v.shape torch.Size([1, 139994, 3])
f.shape torch.Size([1, 279984, 3])
v.shape torch.Size([1, 139994, 3])
f.shape torch.Size([1, 279984, 3])
v.shape torch.Size([1, 139994, 3])
f.shape torch.Size([1, 279984, 3])
v.shape torch.Size([1, 139994, 3])
f.shape torch.Size([1, 279984, 3])
v.shape torch.Size([1, 139994, 3])
f.shape torch.Size([1, 279984, 3])
v.shape torch.Size([1, 139994, 3])
f.shape torch.Size([1, 279984, 3])
v.shape torch.Size([1, 139994, 3])
f.shape torch.Size([1, 279984, 3])
v.shape torch.Size([1, 139994, 3])
f.shape torch.Size([1, 279984, 3])
Epoch:37, training loss:289.81581624348956
v.shape torch.Size([1, 139994, 3])
f.shape torch.Size([1, 279984, 3])
v.shape torch.Size([1, 139994, 3])
f.shape torch.Size([1, 279984, 3])
v.shape torch.Size([1, 139994, 3])
f.shape torch.Size([1, 279984, 3])
v.shape torch.Size([1, 139994, 3])
f.shape torch.Size([1, 279984, 3])
v.shape torch.Size([1, 139994, 3])
f.shape torch.Size([1, 279984, 3])
v.shape torch.Size([1, 139994, 3])
f.shape torch.Size([1, 279984, 3])
v.shape torch.Size([1, 139994, 3])
f.shape torch.Size([1, 279984, 3])
v.shape torch.Size([1, 139994, 3])
f.shape torch.Size([1, 279984, 3])
v.shape torch.Size([1, 139994, 3])
f.shape torch.Size([1, 279984, 3])
v.shape torch.Size([1, 139994, 3])
f.shape torch.Size([1, 279984, 3])
v.shape torch.Size([1, 139994, 3])
f.shape torch.Size([1, 279984, 3])
v.shape torch.Size([1, 139994, 3])
f.shape torch.Size([1, 279984, 3])
v.shape torch.Size([1, 139994, 3])
f.shape torch.Size([1, 279984, 3])
v.shape torch.Size([1, 139994, 3])
f.shape torch.Size([1, 279984, 3])
v.shape torch.Size([1, 139994, 3])
f.shape torch.Size([1, 279984, 3])
v.shape torch.Size([1, 139994, 3])
f.shape torch.Size([1, 279984, 3])
v.shape torch.Size([1, 139994, 3])
f.shape torch.Size([1, 279984, 3])
v.shape torch.Size([1, 139994, 3])
f.shape torch.Size([1, 279984, 3])
v.shape torch.Size([1, 139994, 3])
f.shape torch.Size([1, 279984, 3])
v.shape torch.Size([1, 139994, 3])
f.shape torch.Size([1, 279984, 3])
v.shape torch.Size([1, 139994, 3])
f.shape torch.Size([1, 279984, 3])
Epoch:38, training loss:289.73694864908856
v.shape torch.Size([1, 139994, 3])
f.shape torch.Size([1, 279984, 3])
v.shape torch.Size([1, 139994, 3])
f.shape torch.Size([1, 279984, 3])
v.shape torch.Size([1, 139994, 3])
f.shape torch.Size([1, 279984, 3])
v.shape torch.Size([1, 139994, 3])
f.shape torch.Size([1, 279984, 3])
v.shape torch.Size([1, 139994, 3])
f.shape torch.Size([1, 279984, 3])
v.shape torch.Size([1, 139994, 3])
f.shape torch.Size([1, 279984, 3])
v.shape torch.Size([1, 139994, 3])
f.shape torch.Size([1, 279984, 3])
v.shape torch.Size([1, 139994, 3])
f.shape torch.Size([1, 279984, 3])
v.shape torch.Size([1, 139994, 3])
f.shape torch.Size([1, 279984, 3])
v.shape torch.Size([1, 139994, 3])
f.shape torch.Size([1, 279984, 3])
v.shape torch.Size([1, 139994, 3])
f.shape torch.Size([1, 279984, 3])
v.shape torch.Size([1, 139994, 3])
f.shape torch.Size([1, 279984, 3])
v.shape torch.Size([1, 139994, 3])
f.shape torch.Size([1, 279984, 3])
v.shape torch.Size([1, 139994, 3])
f.shape torch.Size([1, 279984, 3])
v.shape torch.Size([1, 139994, 3])
f.shape torch.Size([1, 279984, 3])
v.shape torch.Size([1, 139994, 3])
f.shape torch.Size([1, 279984, 3])
v.shape torch.Size([1, 139994, 3])
f.shape torch.Size([1, 279984, 3])
v.shape torch.Size([1, 139994, 3])
f.shape torch.Size([1, 279984, 3])
v.shape torch.Size([1, 139994, 3])
f.shape torch.Size([1, 279984, 3])
v.shape torch.Size([1, 139994, 3])
f.shape torch.Size([1, 279984, 3])
v.shape torch.Size([1, 139994, 3])
f.shape torch.Size([1, 279984, 3])
Epoch:39, training loss:289.7537841796875
v.shape torch.Size([1, 139994, 3])
f.shape torch.Size([1, 279984, 3])
v.shape torch.Size([1, 139994, 3])
f.shape torch.Size([1, 279984, 3])
v.shape torch.Size([1, 139994, 3])
f.shape torch.Size([1, 279984, 3])
v.shape torch.Size([1, 139994, 3])
f.shape torch.Size([1, 279984, 3])
v.shape torch.Size([1, 139994, 3])
f.shape torch.Size([1, 279984, 3])
v.shape torch.Size([1, 139994, 3])
f.shape torch.Size([1, 279984, 3])
v.shape torch.Size([1, 139994, 3])
f.shape torch.Size([1, 279984, 3])
v.shape torch.Size([1, 139994, 3])
f.shape torch.Size([1, 279984, 3])
v.shape torch.Size([1, 139994, 3])
f.shape torch.Size([1, 279984, 3])
v.shape torch.Size([1, 139994, 3])
f.shape torch.Size([1, 279984, 3])
v.shape torch.Size([1, 139994, 3])
f.shape torch.Size([1, 279984, 3])
v.shape torch.Size([1, 139994, 3])
f.shape torch.Size([1, 279984, 3])
v.shape torch.Size([1, 139994, 3])
f.shape torch.Size([1, 279984, 3])
v.shape torch.Size([1, 139994, 3])
f.shape torch.Size([1, 279984, 3])
v.shape torch.Size([1, 139994, 3])
f.shape torch.Size([1, 279984, 3])
v.shape torch.Size([1, 139994, 3])
f.shape torch.Size([1, 279984, 3])
v.shape torch.Size([1, 139994, 3])
f.shape torch.Size([1, 279984, 3])
v.shape torch.Size([1, 139994, 3])
f.shape torch.Size([1, 279984, 3])
v.shape torch.Size([1, 139994, 3])
f.shape torch.Size([1, 279984, 3])
v.shape torch.Size([1, 139994, 3])
f.shape torch.Size([1, 279984, 3])
v.shape torch.Size([1, 139994, 3])
f.shape torch.Size([1, 279984, 3])
Epoch:40, training loss:289.6941324869792
----------------------------
Start validation ...
v.shape torch.Size([1, 139994, 3])
f.shape torch.Size([1, 279984, 3])
v.shape torch.Size([1, 139994, 3])
f.shape torch.Size([1, 279984, 3])
v.shape torch.Size([1, 139994, 3])
f.shape torch.Size([1, 279984, 3])
v.shape torch.Size([1, 139994, 3])
f.shape torch.Size([1, 279984, 3])
v.shape torch.Size([1, 139994, 3])
f.shape torch.Size([1, 279984, 3])
v.shape torch.Size([1, 139994, 3])
f.shape torch.Size([1, 279984, 3])
v.shape torch.Size([1, 139994, 3])
f.shape torch.Size([1, 279984, 3])
Validation error:283.7311706542969
Save model checkpoints ... 
Save pial surface mesh ... 
v.shape torch.Size([1, 139994, 3])
f.shape torch.Size([1, 279984, 3])
Maximum allocated GPU memory: 2.67 GiB
Finish validation.
----------------------------
v.shape torch.Size([1, 139994, 3])
f.shape torch.Size([1, 279984, 3])
v.shape torch.Size([1, 139994, 3])
f.shape torch.Size([1, 279984, 3])
v.shape torch.Size([1, 139994, 3])
f.shape torch.Size([1, 279984, 3])
v.shape torch.Size([1, 139994, 3])
f.shape torch.Size([1, 279984, 3])
v.shape torch.Size([1, 139994, 3])
f.shape torch.Size([1, 279984, 3])
v.shape torch.Size([1, 139994, 3])
f.shape torch.Size([1, 279984, 3])
v.shape torch.Size([1, 139994, 3])
f.shape torch.Size([1, 279984, 3])
v.shape torch.Size([1, 139994, 3])
f.shape torch.Size([1, 279984, 3])
v.shape torch.Size([1, 139994, 3])
f.shape torch.Size([1, 279984, 3])
v.shape torch.Size([1, 139994, 3])
f.shape torch.Size([1, 279984, 3])
v.shape torch.Size([1, 139994, 3])
f.shape torch.Size([1, 279984, 3])
v.shape torch.Size([1, 139994, 3])
f.shape torch.Size([1, 279984, 3])
v.shape torch.Size([1, 139994, 3])
f.shape torch.Size([1, 279984, 3])
v.shape torch.Size([1, 139994, 3])
f.shape torch.Size([1, 279984, 3])
v.shape torch.Size([1, 139994, 3])
f.shape torch.Size([1, 279984, 3])
v.shape torch.Size([1, 139994, 3])
f.shape torch.Size([1, 279984, 3])
v.shape torch.Size([1, 139994, 3])
f.shape torch.Size([1, 279984, 3])
v.shape torch.Size([1, 139994, 3])
f.shape torch.Size([1, 279984, 3])
v.shape torch.Size([1, 139994, 3])
f.shape torch.Size([1, 279984, 3])
v.shape torch.Size([1, 139994, 3])
f.shape torch.Size([1, 279984, 3])
v.shape torch.Size([1, 139994, 3])
f.shape torch.Size([1, 279984, 3])
Epoch:41, training loss:289.66602579752606
v.shape torch.Size([1, 139994, 3])
f.shape torch.Size([1, 279984, 3])
v.shape torch.Size([1, 139994, 3])
f.shape torch.Size([1, 279984, 3])
v.shape torch.Size([1, 139994, 3])
f.shape torch.Size([1, 279984, 3])
v.shape torch.Size([1, 139994, 3])
f.shape torch.Size([1, 279984, 3])
v.shape torch.Size([1, 139994, 3])
f.shape torch.Size([1, 279984, 3])
v.shape torch.Size([1, 139994, 3])
f.shape torch.Size([1, 279984, 3])
v.shape torch.Size([1, 139994, 3])
f.shape torch.Size([1, 279984, 3])
v.shape torch.Size([1, 139994, 3])
f.shape torch.Size([1, 279984, 3])
v.shape torch.Size([1, 139994, 3])
f.shape torch.Size([1, 279984, 3])
v.shape torch.Size([1, 139994, 3])
f.shape torch.Size([1, 279984, 3])
v.shape torch.Size([1, 139994, 3])
f.shape torch.Size([1, 279984, 3])
v.shape torch.Size([1, 139994, 3])
f.shape torch.Size([1, 279984, 3])
v.shape torch.Size([1, 139994, 3])
f.shape torch.Size([1, 279984, 3])
v.shape torch.Size([1, 139994, 3])
f.shape torch.Size([1, 279984, 3])
v.shape torch.Size([1, 139994, 3])
f.shape torch.Size([1, 279984, 3])
v.shape torch.Size([1, 139994, 3])
f.shape torch.Size([1, 279984, 3])
v.shape torch.Size([1, 139994, 3])
f.shape torch.Size([1, 279984, 3])
v.shape torch.Size([1, 139994, 3])
f.shape torch.Size([1, 279984, 3])
v.shape torch.Size([1, 139994, 3])
f.shape torch.Size([1, 279984, 3])
v.shape torch.Size([1, 139994, 3])
f.shape torch.Size([1, 279984, 3])
v.shape torch.Size([1, 139994, 3])
f.shape torch.Size([1, 279984, 3])
Epoch:42, training loss:289.6115417480469
v.shape torch.Size([1, 139994, 3])
f.shape torch.Size([1, 279984, 3])
v.shape torch.Size([1, 139994, 3])
f.shape torch.Size([1, 279984, 3])
v.shape torch.Size([1, 139994, 3])
f.shape torch.Size([1, 279984, 3])
v.shape torch.Size([1, 139994, 3])
f.shape torch.Size([1, 279984, 3])
v.shape torch.Size([1, 139994, 3])
f.shape torch.Size([1, 279984, 3])
v.shape torch.Size([1, 139994, 3])
f.shape torch.Size([1, 279984, 3])
v.shape torch.Size([1, 139994, 3])
f.shape torch.Size([1, 279984, 3])
v.shape torch.Size([1, 139994, 3])
f.shape torch.Size([1, 279984, 3])
v.shape torch.Size([1, 139994, 3])
f.shape torch.Size([1, 279984, 3])
v.shape torch.Size([1, 139994, 3])
f.shape torch.Size([1, 279984, 3])
v.shape torch.Size([1, 139994, 3])
f.shape torch.Size([1, 279984, 3])
v.shape torch.Size([1, 139994, 3])
f.shape torch.Size([1, 279984, 3])
v.shape torch.Size([1, 139994, 3])
f.shape torch.Size([1, 279984, 3])
v.shape torch.Size([1, 139994, 3])
f.shape torch.Size([1, 279984, 3])
v.shape torch.Size([1, 139994, 3])
f.shape torch.Size([1, 279984, 3])
v.shape torch.Size([1, 139994, 3])
f.shape torch.Size([1, 279984, 3])
v.shape torch.Size([1, 139994, 3])
f.shape torch.Size([1, 279984, 3])
v.shape torch.Size([1, 139994, 3])
f.shape torch.Size([1, 279984, 3])
v.shape torch.Size([1, 139994, 3])
f.shape torch.Size([1, 279984, 3])
v.shape torch.Size([1, 139994, 3])
f.shape torch.Size([1, 279984, 3])
v.shape torch.Size([1, 139994, 3])
f.shape torch.Size([1, 279984, 3])
Epoch:43, training loss:289.58740234375
v.shape torch.Size([1, 139994, 3])
f.shape torch.Size([1, 279984, 3])
v.shape torch.Size([1, 139994, 3])
f.shape torch.Size([1, 279984, 3])
v.shape torch.Size([1, 139994, 3])
f.shape torch.Size([1, 279984, 3])
v.shape torch.Size([1, 139994, 3])
f.shape torch.Size([1, 279984, 3])
v.shape torch.Size([1, 139994, 3])
f.shape torch.Size([1, 279984, 3])
v.shape torch.Size([1, 139994, 3])
f.shape torch.Size([1, 279984, 3])
v.shape torch.Size([1, 139994, 3])
f.shape torch.Size([1, 279984, 3])
v.shape torch.Size([1, 139994, 3])
f.shape torch.Size([1, 279984, 3])
v.shape torch.Size([1, 139994, 3])
f.shape torch.Size([1, 279984, 3])
v.shape torch.Size([1, 139994, 3])
f.shape torch.Size([1, 279984, 3])
v.shape torch.Size([1, 139994, 3])
f.shape torch.Size([1, 279984, 3])
v.shape torch.Size([1, 139994, 3])
f.shape torch.Size([1, 279984, 3])
v.shape torch.Size([1, 139994, 3])
f.shape torch.Size([1, 279984, 3])
v.shape torch.Size([1, 139994, 3])
f.shape torch.Size([1, 279984, 3])
v.shape torch.Size([1, 139994, 3])
f.shape torch.Size([1, 279984, 3])
v.shape torch.Size([1, 139994, 3])
f.shape torch.Size([1, 279984, 3])
v.shape torch.Size([1, 139994, 3])
f.shape torch.Size([1, 279984, 3])
v.shape torch.Size([1, 139994, 3])
f.shape torch.Size([1, 279984, 3])
v.shape torch.Size([1, 139994, 3])
f.shape torch.Size([1, 279984, 3])
v.shape torch.Size([1, 139994, 3])
f.shape torch.Size([1, 279984, 3])
v.shape torch.Size([1, 139994, 3])
f.shape torch.Size([1, 279984, 3])
Epoch:44, training loss:289.5327860514323
v.shape torch.Size([1, 139994, 3])
f.shape torch.Size([1, 279984, 3])
v.shape torch.Size([1, 139994, 3])
f.shape torch.Size([1, 279984, 3])
v.shape torch.Size([1, 139994, 3])
f.shape torch.Size([1, 279984, 3])
v.shape torch.Size([1, 139994, 3])
f.shape torch.Size([1, 279984, 3])
v.shape torch.Size([1, 139994, 3])
f.shape torch.Size([1, 279984, 3])
v.shape torch.Size([1, 139994, 3])
f.shape torch.Size([1, 279984, 3])
v.shape torch.Size([1, 139994, 3])
f.shape torch.Size([1, 279984, 3])
v.shape torch.Size([1, 139994, 3])
f.shape torch.Size([1, 279984, 3])
v.shape torch.Size([1, 139994, 3])
f.shape torch.Size([1, 279984, 3])
v.shape torch.Size([1, 139994, 3])
f.shape torch.Size([1, 279984, 3])
v.shape torch.Size([1, 139994, 3])
f.shape torch.Size([1, 279984, 3])
v.shape torch.Size([1, 139994, 3])
f.shape torch.Size([1, 279984, 3])
v.shape torch.Size([1, 139994, 3])
f.shape torch.Size([1, 279984, 3])
v.shape torch.Size([1, 139994, 3])
f.shape torch.Size([1, 279984, 3])
v.shape torch.Size([1, 139994, 3])
f.shape torch.Size([1, 279984, 3])
v.shape torch.Size([1, 139994, 3])
f.shape torch.Size([1, 279984, 3])
v.shape torch.Size([1, 139994, 3])
f.shape torch.Size([1, 279984, 3])
v.shape torch.Size([1, 139994, 3])
f.shape torch.Size([1, 279984, 3])
v.shape torch.Size([1, 139994, 3])
f.shape torch.Size([1, 279984, 3])
v.shape torch.Size([1, 139994, 3])
f.shape torch.Size([1, 279984, 3])
v.shape torch.Size([1, 139994, 3])
f.shape torch.Size([1, 279984, 3])
Epoch:45, training loss:289.57456461588544
v.shape torch.Size([1, 139994, 3])
f.shape torch.Size([1, 279984, 3])
v.shape torch.Size([1, 139994, 3])
f.shape torch.Size([1, 279984, 3])
v.shape torch.Size([1, 139994, 3])
f.shape torch.Size([1, 279984, 3])
v.shape torch.Size([1, 139994, 3])
f.shape torch.Size([1, 279984, 3])
v.shape torch.Size([1, 139994, 3])
f.shape torch.Size([1, 279984, 3])
v.shape torch.Size([1, 139994, 3])
f.shape torch.Size([1, 279984, 3])
v.shape torch.Size([1, 139994, 3])
f.shape torch.Size([1, 279984, 3])
v.shape torch.Size([1, 139994, 3])
f.shape torch.Size([1, 279984, 3])
v.shape torch.Size([1, 139994, 3])
f.shape torch.Size([1, 279984, 3])
v.shape torch.Size([1, 139994, 3])
f.shape torch.Size([1, 279984, 3])
v.shape torch.Size([1, 139994, 3])
f.shape torch.Size([1, 279984, 3])
v.shape torch.Size([1, 139994, 3])
f.shape torch.Size([1, 279984, 3])
v.shape torch.Size([1, 139994, 3])
f.shape torch.Size([1, 279984, 3])
v.shape torch.Size([1, 139994, 3])
f.shape torch.Size([1, 279984, 3])
v.shape torch.Size([1, 139994, 3])
f.shape torch.Size([1, 279984, 3])
v.shape torch.Size([1, 139994, 3])
f.shape torch.Size([1, 279984, 3])
v.shape torch.Size([1, 139994, 3])
f.shape torch.Size([1, 279984, 3])
v.shape torch.Size([1, 139994, 3])
f.shape torch.Size([1, 279984, 3])
v.shape torch.Size([1, 139994, 3])
f.shape torch.Size([1, 279984, 3])
v.shape torch.Size([1, 139994, 3])
f.shape torch.Size([1, 279984, 3])
v.shape torch.Size([1, 139994, 3])
f.shape torch.Size([1, 279984, 3])
Epoch:46, training loss:289.46912638346356
v.shape torch.Size([1, 139994, 3])
f.shape torch.Size([1, 279984, 3])
v.shape torch.Size([1, 139994, 3])
f.shape torch.Size([1, 279984, 3])
v.shape torch.Size([1, 139994, 3])
f.shape torch.Size([1, 279984, 3])
v.shape torch.Size([1, 139994, 3])
f.shape torch.Size([1, 279984, 3])
v.shape torch.Size([1, 139994, 3])
f.shape torch.Size([1, 279984, 3])
v.shape torch.Size([1, 139994, 3])
f.shape torch.Size([1, 279984, 3])
v.shape torch.Size([1, 139994, 3])
f.shape torch.Size([1, 279984, 3])
v.shape torch.Size([1, 139994, 3])
f.shape torch.Size([1, 279984, 3])
v.shape torch.Size([1, 139994, 3])
f.shape torch.Size([1, 279984, 3])
v.shape torch.Size([1, 139994, 3])
f.shape torch.Size([1, 279984, 3])
v.shape torch.Size([1, 139994, 3])
f.shape torch.Size([1, 279984, 3])
v.shape torch.Size([1, 139994, 3])
f.shape torch.Size([1, 279984, 3])
v.shape torch.Size([1, 139994, 3])
f.shape torch.Size([1, 279984, 3])
v.shape torch.Size([1, 139994, 3])
f.shape torch.Size([1, 279984, 3])
v.shape torch.Size([1, 139994, 3])
f.shape torch.Size([1, 279984, 3])
v.shape torch.Size([1, 139994, 3])
f.shape torch.Size([1, 279984, 3])
v.shape torch.Size([1, 139994, 3])
f.shape torch.Size([1, 279984, 3])
v.shape torch.Size([1, 139994, 3])
f.shape torch.Size([1, 279984, 3])
v.shape torch.Size([1, 139994, 3])
f.shape torch.Size([1, 279984, 3])
v.shape torch.Size([1, 139994, 3])
f.shape torch.Size([1, 279984, 3])
v.shape torch.Size([1, 139994, 3])
f.shape torch.Size([1, 279984, 3])
Epoch:47, training loss:289.4812723795573
v.shape torch.Size([1, 139994, 3])
f.shape torch.Size([1, 279984, 3])
v.shape torch.Size([1, 139994, 3])
f.shape torch.Size([1, 279984, 3])
v.shape torch.Size([1, 139994, 3])
f.shape torch.Size([1, 279984, 3])
v.shape torch.Size([1, 139994, 3])
f.shape torch.Size([1, 279984, 3])
v.shape torch.Size([1, 139994, 3])
f.shape torch.Size([1, 279984, 3])
v.shape torch.Size([1, 139994, 3])
f.shape torch.Size([1, 279984, 3])
v.shape torch.Size([1, 139994, 3])
f.shape torch.Size([1, 279984, 3])
v.shape torch.Size([1, 139994, 3])
f.shape torch.Size([1, 279984, 3])
v.shape torch.Size([1, 139994, 3])
f.shape torch.Size([1, 279984, 3])
v.shape torch.Size([1, 139994, 3])
f.shape torch.Size([1, 279984, 3])
v.shape torch.Size([1, 139994, 3])
f.shape torch.Size([1, 279984, 3])
v.shape torch.Size([1, 139994, 3])
f.shape torch.Size([1, 279984, 3])
v.shape torch.Size([1, 139994, 3])
f.shape torch.Size([1, 279984, 3])
v.shape torch.Size([1, 139994, 3])
f.shape torch.Size([1, 279984, 3])
v.shape torch.Size([1, 139994, 3])
f.shape torch.Size([1, 279984, 3])
v.shape torch.Size([1, 139994, 3])
f.shape torch.Size([1, 279984, 3])
v.shape torch.Size([1, 139994, 3])
f.shape torch.Size([1, 279984, 3])
v.shape torch.Size([1, 139994, 3])
f.shape torch.Size([1, 279984, 3])
v.shape torch.Size([1, 139994, 3])
f.shape torch.Size([1, 279984, 3])
v.shape torch.Size([1, 139994, 3])
f.shape torch.Size([1, 279984, 3])
v.shape torch.Size([1, 139994, 3])
f.shape torch.Size([1, 279984, 3])
Epoch:48, training loss:289.44956461588544
v.shape torch.Size([1, 139994, 3])
f.shape torch.Size([1, 279984, 3])
v.shape torch.Size([1, 139994, 3])
f.shape torch.Size([1, 279984, 3])
v.shape torch.Size([1, 139994, 3])
f.shape torch.Size([1, 279984, 3])
v.shape torch.Size([1, 139994, 3])
f.shape torch.Size([1, 279984, 3])
v.shape torch.Size([1, 139994, 3])
f.shape torch.Size([1, 279984, 3])
v.shape torch.Size([1, 139994, 3])
f.shape torch.Size([1, 279984, 3])
v.shape torch.Size([1, 139994, 3])
f.shape torch.Size([1, 279984, 3])
v.shape torch.Size([1, 139994, 3])
f.shape torch.Size([1, 279984, 3])
v.shape torch.Size([1, 139994, 3])
f.shape torch.Size([1, 279984, 3])
v.shape torch.Size([1, 139994, 3])
f.shape torch.Size([1, 279984, 3])
v.shape torch.Size([1, 139994, 3])
f.shape torch.Size([1, 279984, 3])
v.shape torch.Size([1, 139994, 3])
f.shape torch.Size([1, 279984, 3])
v.shape torch.Size([1, 139994, 3])
f.shape torch.Size([1, 279984, 3])
v.shape torch.Size([1, 139994, 3])
f.shape torch.Size([1, 279984, 3])
v.shape torch.Size([1, 139994, 3])
f.shape torch.Size([1, 279984, 3])
v.shape torch.Size([1, 139994, 3])
f.shape torch.Size([1, 279984, 3])
v.shape torch.Size([1, 139994, 3])
f.shape torch.Size([1, 279984, 3])
v.shape torch.Size([1, 139994, 3])
f.shape torch.Size([1, 279984, 3])
v.shape torch.Size([1, 139994, 3])
f.shape torch.Size([1, 279984, 3])
v.shape torch.Size([1, 139994, 3])
f.shape torch.Size([1, 279984, 3])
v.shape torch.Size([1, 139994, 3])
f.shape torch.Size([1, 279984, 3])
Epoch:49, training loss:289.42591349283856
v.shape torch.Size([1, 139994, 3])
f.shape torch.Size([1, 279984, 3])
v.shape torch.Size([1, 139994, 3])
f.shape torch.Size([1, 279984, 3])
v.shape torch.Size([1, 139994, 3])
f.shape torch.Size([1, 279984, 3])
v.shape torch.Size([1, 139994, 3])
f.shape torch.Size([1, 279984, 3])
v.shape torch.Size([1, 139994, 3])
f.shape torch.Size([1, 279984, 3])
v.shape torch.Size([1, 139994, 3])
f.shape torch.Size([1, 279984, 3])
v.shape torch.Size([1, 139994, 3])
f.shape torch.Size([1, 279984, 3])
v.shape torch.Size([1, 139994, 3])
f.shape torch.Size([1, 279984, 3])
v.shape torch.Size([1, 139994, 3])
f.shape torch.Size([1, 279984, 3])
v.shape torch.Size([1, 139994, 3])
f.shape torch.Size([1, 279984, 3])
v.shape torch.Size([1, 139994, 3])
f.shape torch.Size([1, 279984, 3])
v.shape torch.Size([1, 139994, 3])
f.shape torch.Size([1, 279984, 3])
v.shape torch.Size([1, 139994, 3])
f.shape torch.Size([1, 279984, 3])
v.shape torch.Size([1, 139994, 3])
f.shape torch.Size([1, 279984, 3])
v.shape torch.Size([1, 139994, 3])
f.shape torch.Size([1, 279984, 3])
v.shape torch.Size([1, 139994, 3])
f.shape torch.Size([1, 279984, 3])
v.shape torch.Size([1, 139994, 3])
f.shape torch.Size([1, 279984, 3])
v.shape torch.Size([1, 139994, 3])
f.shape torch.Size([1, 279984, 3])
v.shape torch.Size([1, 139994, 3])
f.shape torch.Size([1, 279984, 3])
v.shape torch.Size([1, 139994, 3])
f.shape torch.Size([1, 279984, 3])
v.shape torch.Size([1, 139994, 3])
f.shape torch.Size([1, 279984, 3])
Epoch:50, training loss:289.39943440755206
----------------------------
Start validation ...
v.shape torch.Size([1, 139994, 3])
f.shape torch.Size([1, 279984, 3])
v.shape torch.Size([1, 139994, 3])
f.shape torch.Size([1, 279984, 3])
v.shape torch.Size([1, 139994, 3])
f.shape torch.Size([1, 279984, 3])
v.shape torch.Size([1, 139994, 3])
f.shape torch.Size([1, 279984, 3])
v.shape torch.Size([1, 139994, 3])
f.shape torch.Size([1, 279984, 3])
v.shape torch.Size([1, 139994, 3])
f.shape torch.Size([1, 279984, 3])
v.shape torch.Size([1, 139994, 3])
f.shape torch.Size([1, 279984, 3])
Validation error:283.3987731933594
Save model checkpoints ... 
Save pial surface mesh ... 
v.shape torch.Size([1, 139994, 3])
f.shape torch.Size([1, 279984, 3])
Maximum allocated GPU memory: 2.67 GiB
Finish validation.
----------------------------
v.shape torch.Size([1, 139994, 3])
f.shape torch.Size([1, 279984, 3])
v.shape torch.Size([1, 139994, 3])
f.shape torch.Size([1, 279984, 3])
v.shape torch.Size([1, 139994, 3])
f.shape torch.Size([1, 279984, 3])
v.shape torch.Size([1, 139994, 3])
f.shape torch.Size([1, 279984, 3])
v.shape torch.Size([1, 139994, 3])
f.shape torch.Size([1, 279984, 3])
v.shape torch.Size([1, 139994, 3])
f.shape torch.Size([1, 279984, 3])
v.shape torch.Size([1, 139994, 3])
f.shape torch.Size([1, 279984, 3])
v.shape torch.Size([1, 139994, 3])
f.shape torch.Size([1, 279984, 3])
v.shape torch.Size([1, 139994, 3])
f.shape torch.Size([1, 279984, 3])
v.shape torch.Size([1, 139994, 3])
f.shape torch.Size([1, 279984, 3])
v.shape torch.Size([1, 139994, 3])
f.shape torch.Size([1, 279984, 3])
v.shape torch.Size([1, 139994, 3])
f.shape torch.Size([1, 279984, 3])
v.shape torch.Size([1, 139994, 3])
f.shape torch.Size([1, 279984, 3])
v.shape torch.Size([1, 139994, 3])
f.shape torch.Size([1, 279984, 3])
v.shape torch.Size([1, 139994, 3])
f.shape torch.Size([1, 279984, 3])
v.shape torch.Size([1, 139994, 3])
f.shape torch.Size([1, 279984, 3])
v.shape torch.Size([1, 139994, 3])
f.shape torch.Size([1, 279984, 3])
v.shape torch.Size([1, 139994, 3])
f.shape torch.Size([1, 279984, 3])
v.shape torch.Size([1, 139994, 3])
f.shape torch.Size([1, 279984, 3])
v.shape torch.Size([1, 139994, 3])
f.shape torch.Size([1, 279984, 3])
v.shape torch.Size([1, 139994, 3])
f.shape torch.Size([1, 279984, 3])
Epoch:51, training loss:289.3810119628906
v.shape torch.Size([1, 139994, 3])
f.shape torch.Size([1, 279984, 3])
v.shape torch.Size([1, 139994, 3])
f.shape torch.Size([1, 279984, 3])
v.shape torch.Size([1, 139994, 3])
f.shape torch.Size([1, 279984, 3])
v.shape torch.Size([1, 139994, 3])
f.shape torch.Size([1, 279984, 3])
v.shape torch.Size([1, 139994, 3])
f.shape torch.Size([1, 279984, 3])
v.shape torch.Size([1, 139994, 3])
f.shape torch.Size([1, 279984, 3])
v.shape torch.Size([1, 139994, 3])
f.shape torch.Size([1, 279984, 3])
v.shape torch.Size([1, 139994, 3])
f.shape torch.Size([1, 279984, 3])
v.shape torch.Size([1, 139994, 3])
f.shape torch.Size([1, 279984, 3])
v.shape torch.Size([1, 139994, 3])
f.shape torch.Size([1, 279984, 3])
v.shape torch.Size([1, 139994, 3])
f.shape torch.Size([1, 279984, 3])
v.shape torch.Size([1, 139994, 3])
f.shape torch.Size([1, 279984, 3])
v.shape torch.Size([1, 139994, 3])
f.shape torch.Size([1, 279984, 3])
v.shape torch.Size([1, 139994, 3])
f.shape torch.Size([1, 279984, 3])
v.shape torch.Size([1, 139994, 3])
f.shape torch.Size([1, 279984, 3])
v.shape torch.Size([1, 139994, 3])
f.shape torch.Size([1, 279984, 3])
v.shape torch.Size([1, 139994, 3])
f.shape torch.Size([1, 279984, 3])
v.shape torch.Size([1, 139994, 3])
f.shape torch.Size([1, 279984, 3])
v.shape torch.Size([1, 139994, 3])
f.shape torch.Size([1, 279984, 3])
v.shape torch.Size([1, 139994, 3])
f.shape torch.Size([1, 279984, 3])
v.shape torch.Size([1, 139994, 3])
f.shape torch.Size([1, 279984, 3])
Epoch:52, training loss:289.3675130208333
v.shape torch.Size([1, 139994, 3])
f.shape torch.Size([1, 279984, 3])
v.shape torch.Size([1, 139994, 3])
f.shape torch.Size([1, 279984, 3])
v.shape torch.Size([1, 139994, 3])
f.shape torch.Size([1, 279984, 3])
v.shape torch.Size([1, 139994, 3])
f.shape torch.Size([1, 279984, 3])
v.shape torch.Size([1, 139994, 3])
f.shape torch.Size([1, 279984, 3])
v.shape torch.Size([1, 139994, 3])
f.shape torch.Size([1, 279984, 3])
v.shape torch.Size([1, 139994, 3])
f.shape torch.Size([1, 279984, 3])
v.shape torch.Size([1, 139994, 3])
f.shape torch.Size([1, 279984, 3])
v.shape torch.Size([1, 139994, 3])
f.shape torch.Size([1, 279984, 3])
v.shape torch.Size([1, 139994, 3])
f.shape torch.Size([1, 279984, 3])
v.shape torch.Size([1, 139994, 3])
f.shape torch.Size([1, 279984, 3])
v.shape torch.Size([1, 139994, 3])
f.shape torch.Size([1, 279984, 3])
v.shape torch.Size([1, 139994, 3])
f.shape torch.Size([1, 279984, 3])
v.shape torch.Size([1, 139994, 3])
f.shape torch.Size([1, 279984, 3])
v.shape torch.Size([1, 139994, 3])
f.shape torch.Size([1, 279984, 3])
v.shape torch.Size([1, 139994, 3])
f.shape torch.Size([1, 279984, 3])
v.shape torch.Size([1, 139994, 3])
f.shape torch.Size([1, 279984, 3])
v.shape torch.Size([1, 139994, 3])
f.shape torch.Size([1, 279984, 3])
v.shape torch.Size([1, 139994, 3])
f.shape torch.Size([1, 279984, 3])
v.shape torch.Size([1, 139994, 3])
f.shape torch.Size([1, 279984, 3])
v.shape torch.Size([1, 139994, 3])
f.shape torch.Size([1, 279984, 3])
Epoch:53, training loss:289.3324381510417
v.shape torch.Size([1, 139994, 3])
f.shape torch.Size([1, 279984, 3])
v.shape torch.Size([1, 139994, 3])
f.shape torch.Size([1, 279984, 3])
v.shape torch.Size([1, 139994, 3])
f.shape torch.Size([1, 279984, 3])
v.shape torch.Size([1, 139994, 3])
f.shape torch.Size([1, 279984, 3])
v.shape torch.Size([1, 139994, 3])
f.shape torch.Size([1, 279984, 3])
v.shape torch.Size([1, 139994, 3])
f.shape torch.Size([1, 279984, 3])
v.shape torch.Size([1, 139994, 3])
f.shape torch.Size([1, 279984, 3])
v.shape torch.Size([1, 139994, 3])
f.shape torch.Size([1, 279984, 3])
v.shape torch.Size([1, 139994, 3])
f.shape torch.Size([1, 279984, 3])
v.shape torch.Size([1, 139994, 3])
f.shape torch.Size([1, 279984, 3])
v.shape torch.Size([1, 139994, 3])
f.shape torch.Size([1, 279984, 3])
v.shape torch.Size([1, 139994, 3])
f.shape torch.Size([1, 279984, 3])
v.shape torch.Size([1, 139994, 3])
f.shape torch.Size([1, 279984, 3])
v.shape torch.Size([1, 139994, 3])
f.shape torch.Size([1, 279984, 3])
v.shape torch.Size([1, 139994, 3])
f.shape torch.Size([1, 279984, 3])
v.shape torch.Size([1, 139994, 3])
f.shape torch.Size([1, 279984, 3])
v.shape torch.Size([1, 139994, 3])
f.shape torch.Size([1, 279984, 3])
v.shape torch.Size([1, 139994, 3])
f.shape torch.Size([1, 279984, 3])
v.shape torch.Size([1, 139994, 3])
f.shape torch.Size([1, 279984, 3])
v.shape torch.Size([1, 139994, 3])
f.shape torch.Size([1, 279984, 3])
v.shape torch.Size([1, 139994, 3])
f.shape torch.Size([1, 279984, 3])
Epoch:54, training loss:289.3511657714844
v.shape torch.Size([1, 139994, 3])
f.shape torch.Size([1, 279984, 3])
v.shape torch.Size([1, 139994, 3])
f.shape torch.Size([1, 279984, 3])
v.shape torch.Size([1, 139994, 3])
f.shape torch.Size([1, 279984, 3])
v.shape torch.Size([1, 139994, 3])
f.shape torch.Size([1, 279984, 3])
v.shape torch.Size([1, 139994, 3])
f.shape torch.Size([1, 279984, 3])
v.shape torch.Size([1, 139994, 3])
f.shape torch.Size([1, 279984, 3])
v.shape torch.Size([1, 139994, 3])
f.shape torch.Size([1, 279984, 3])
