aa
bb
A
B
C
----------------------------
Start loading dataset ...
numbers 100206
numbers 100307
numbers 100408
numbers 100610
Finish loading dataset. There are total 4 subjects.
----------------------------
Start loading model ...
Finish loading model
----------------------------
Start training 200 epochs ...
x nodefeatures torch.Size([1, 166737, 256])
x nodefeatures torch.Size([1, 166737, 256])
x nodefeatures torch.Size([1, 166737, 256])
x nodefeatures torch.Size([1, 130879, 256])
x nodefeatures torch.Size([1, 130879, 256])
x nodefeatures torch.Size([1, 130879, 256])
x nodefeatures torch.Size([1, 146978, 256])
x nodefeatures torch.Size([1, 146978, 256])
x nodefeatures torch.Size([1, 146978, 256])
Epoch:0, training loss:0.8560289740562439
----------------------------
Start validation ...
x nodefeatures torch.Size([1, 151800, 256])
x nodefeatures torch.Size([1, 151800, 256])
x nodefeatures torch.Size([1, 151800, 256])
Validation error:0.7203425629995763
Save model checkpoints ... 
Maximum allocated GPU memory: 2.44 GiB
Finish validation.
----------------------------
x nodefeatures torch.Size([1, 146978, 256])
x nodefeatures torch.Size([1, 146978, 256])
x nodefeatures torch.Size([1, 146978, 256])
x nodefeatures torch.Size([1, 166737, 256])
x nodefeatures torch.Size([1, 166737, 256])
x nodefeatures torch.Size([1, 166737, 256])
x nodefeatures torch.Size([1, 130879, 256])
x nodefeatures torch.Size([1, 130879, 256])
x nodefeatures torch.Size([1, 130879, 256])
Epoch:1, training loss:0.5778068701426188
x nodefeatures torch.Size([1, 166737, 256])
x nodefeatures torch.Size([1, 166737, 256])
x nodefeatures torch.Size([1, 166737, 256])
x nodefeatures torch.Size([1, 130879, 256])
x nodefeatures torch.Size([1, 130879, 256])
x nodefeatures torch.Size([1, 130879, 256])
x nodefeatures torch.Size([1, 146978, 256])
x nodefeatures torch.Size([1, 146978, 256])
x nodefeatures torch.Size([1, 146978, 256])
Epoch:2, training loss:0.3664206564426422
x nodefeatures torch.Size([1, 146978, 256])
x nodefeatures torch.Size([1, 146978, 256])
x nodefeatures torch.Size([1, 146978, 256])
x nodefeatures torch.Size([1, 166737, 256])
x nodefeatures torch.Size([1, 166737, 256])
x nodefeatures torch.Size([1, 166737, 256])
x nodefeatures torch.Size([1, 130879, 256])
x nodefeatures torch.Size([1, 130879, 256])
x nodefeatures torch.Size([1, 130879, 256])
Epoch:3, training loss:0.2736333707968394
x nodefeatures torch.Size([1, 166737, 256])
x nodefeatures torch.Size([1, 166737, 256])
x nodefeatures torch.Size([1, 166737, 256])
x nodefeatures torch.Size([1, 130879, 256])
x nodefeatures torch.Size([1, 130879, 256])
x nodefeatures torch.Size([1, 130879, 256])
x nodefeatures torch.Size([1, 146978, 256])
x nodefeatures torch.Size([1, 146978, 256])
x nodefeatures torch.Size([1, 146978, 256])
Epoch:4, training loss:0.21828327576319376
x nodefeatures torch.Size([1, 146978, 256])
x nodefeatures torch.Size([1, 146978, 256])
x nodefeatures torch.Size([1, 146978, 256])
x nodefeatures torch.Size([1, 130879, 256])
x nodefeatures torch.Size([1, 130879, 256])
x nodefeatures torch.Size([1, 130879, 256])
x nodefeatures torch.Size([1, 166737, 256])
x nodefeatures torch.Size([1, 166737, 256])
x nodefeatures torch.Size([1, 166737, 256])
Epoch:5, training loss:0.19382354617118835
x nodefeatures torch.Size([1, 130879, 256])
x nodefeatures torch.Size([1, 130879, 256])
x nodefeatures torch.Size([1, 130879, 256])
x nodefeatures torch.Size([1, 166737, 256])
x nodefeatures torch.Size([1, 166737, 256])
x nodefeatures torch.Size([1, 166737, 256])
x nodefeatures torch.Size([1, 146978, 256])
x nodefeatures torch.Size([1, 146978, 256])
x nodefeatures torch.Size([1, 146978, 256])
Epoch:6, training loss:0.1805753211180369
x nodefeatures torch.Size([1, 166737, 256])
x nodefeatures torch.Size([1, 166737, 256])
x nodefeatures torch.Size([1, 166737, 256])
x nodefeatures torch.Size([1, 130879, 256])
x nodefeatures torch.Size([1, 130879, 256])
x nodefeatures torch.Size([1, 130879, 256])
x nodefeatures torch.Size([1, 146978, 256])
x nodefeatures torch.Size([1, 146978, 256])
x nodefeatures torch.Size([1, 146978, 256])
Epoch:7, training loss:0.16741803785165152
x nodefeatures torch.Size([1, 130879, 256])
x nodefeatures torch.Size([1, 130879, 256])
x nodefeatures torch.Size([1, 130879, 256])
x nodefeatures torch.Size([1, 146978, 256])
x nodefeatures torch.Size([1, 146978, 256])
x nodefeatures torch.Size([1, 146978, 256])
x nodefeatures torch.Size([1, 166737, 256])
x nodefeatures torch.Size([1, 166737, 256])
x nodefeatures torch.Size([1, 166737, 256])
Epoch:8, training loss:0.15470653275648752
x nodefeatures torch.Size([1, 130879, 256])
x nodefeatures torch.Size([1, 130879, 256])
x nodefeatures torch.Size([1, 130879, 256])
x nodefeatures torch.Size([1, 146978, 256])
x nodefeatures torch.Size([1, 146978, 256])
x nodefeatures torch.Size([1, 146978, 256])
x nodefeatures torch.Size([1, 166737, 256])
x nodefeatures torch.Size([1, 166737, 256])
x nodefeatures torch.Size([1, 166737, 256])
Epoch:9, training loss:0.14350880682468414
x nodefeatures torch.Size([1, 130879, 256])
x nodefeatures torch.Size([1, 130879, 256])
x nodefeatures torch.Size([1, 130879, 256])
x nodefeatures torch.Size([1, 146978, 256])
x nodefeatures torch.Size([1, 146978, 256])
x nodefeatures torch.Size([1, 146978, 256])
x nodefeatures torch.Size([1, 166737, 256])
x nodefeatures torch.Size([1, 166737, 256])
x nodefeatures torch.Size([1, 166737, 256])
Epoch:10, training loss:0.13297157982985178
----------------------------
Start validation ...
x nodefeatures torch.Size([1, 151800, 256])
x nodefeatures torch.Size([1, 151800, 256])
x nodefeatures torch.Size([1, 151800, 256])
Validation error:0.12023223825963214
Save model checkpoints ... 
Maximum allocated GPU memory: 2.44 GiB
Finish validation.
----------------------------
x nodefeatures torch.Size([1, 166737, 256])
x nodefeatures torch.Size([1, 166737, 256])
x nodefeatures torch.Size([1, 166737, 256])
x nodefeatures torch.Size([1, 130879, 256])
x nodefeatures torch.Size([1, 130879, 256])
x nodefeatures torch.Size([1, 130879, 256])
x nodefeatures torch.Size([1, 146978, 256])
x nodefeatures torch.Size([1, 146978, 256])
x nodefeatures torch.Size([1, 146978, 256])
Epoch:11, training loss:0.12292405714591344
x nodefeatures torch.Size([1, 146978, 256])
x nodefeatures torch.Size([1, 146978, 256])
x nodefeatures torch.Size([1, 146978, 256])
x nodefeatures torch.Size([1, 166737, 256])
x nodefeatures torch.Size([1, 166737, 256])
x nodefeatures torch.Size([1, 166737, 256])
x nodefeatures torch.Size([1, 130879, 256])
x nodefeatures torch.Size([1, 130879, 256])
x nodefeatures torch.Size([1, 130879, 256])
Epoch:12, training loss:0.1179839422305425
x nodefeatures torch.Size([1, 146978, 256])
x nodefeatures torch.Size([1, 146978, 256])
x nodefeatures torch.Size([1, 146978, 256])
x nodefeatures torch.Size([1, 130879, 256])
x nodefeatures torch.Size([1, 130879, 256])
x nodefeatures torch.Size([1, 130879, 256])
x nodefeatures torch.Size([1, 166737, 256])
x nodefeatures torch.Size([1, 166737, 256])
x nodefeatures torch.Size([1, 166737, 256])
Epoch:13, training loss:0.11061820884545644
x nodefeatures torch.Size([1, 146978, 256])
x nodefeatures torch.Size([1, 146978, 256])
x nodefeatures torch.Size([1, 146978, 256])
x nodefeatures torch.Size([1, 130879, 256])
x nodefeatures torch.Size([1, 130879, 256])
x nodefeatures torch.Size([1, 130879, 256])
x nodefeatures torch.Size([1, 166737, 256])
x nodefeatures torch.Size([1, 166737, 256])
x nodefeatures torch.Size([1, 166737, 256])
Epoch:14, training loss:0.10732355962196986
x nodefeatures torch.Size([1, 130879, 256])
x nodefeatures torch.Size([1, 130879, 256])
x nodefeatures torch.Size([1, 130879, 256])
x nodefeatures torch.Size([1, 166737, 256])
x nodefeatures torch.Size([1, 166737, 256])
x nodefeatures torch.Size([1, 166737, 256])
x nodefeatures torch.Size([1, 146978, 256])
x nodefeatures torch.Size([1, 146978, 256])
x nodefeatures torch.Size([1, 146978, 256])
Epoch:15, training loss:0.1015560378630956
x nodefeatures torch.Size([1, 146978, 256])
x nodefeatures torch.Size([1, 146978, 256])
x nodefeatures torch.Size([1, 146978, 256])
x nodefeatures torch.Size([1, 166737, 256])
x nodefeatures torch.Size([1, 166737, 256])
x nodefeatures torch.Size([1, 166737, 256])
x nodefeatures torch.Size([1, 130879, 256])
x nodefeatures torch.Size([1, 130879, 256])
x nodefeatures torch.Size([1, 130879, 256])
Epoch:16, training loss:0.09990501652161281
x nodefeatures torch.Size([1, 166737, 256])
x nodefeatures torch.Size([1, 166737, 256])
x nodefeatures torch.Size([1, 166737, 256])
x nodefeatures torch.Size([1, 146978, 256])
x nodefeatures torch.Size([1, 146978, 256])
x nodefeatures torch.Size([1, 146978, 256])
x nodefeatures torch.Size([1, 130879, 256])
x nodefeatures torch.Size([1, 130879, 256])
x nodefeatures torch.Size([1, 130879, 256])
Epoch:17, training loss:0.09557430942853291
x nodefeatures torch.Size([1, 166737, 256])
x nodefeatures torch.Size([1, 166737, 256])
x nodefeatures torch.Size([1, 166737, 256])
x nodefeatures torch.Size([1, 146978, 256])
x nodefeatures torch.Size([1, 146978, 256])
x nodefeatures torch.Size([1, 146978, 256])
x nodefeatures torch.Size([1, 130879, 256])
x nodefeatures torch.Size([1, 130879, 256])
x nodefeatures torch.Size([1, 130879, 256])
Epoch:18, training loss:0.09414022912581761
x nodefeatures torch.Size([1, 166737, 256])
x nodefeatures torch.Size([1, 166737, 256])
x nodefeatures torch.Size([1, 166737, 256])
x nodefeatures torch.Size([1, 146978, 256])
x nodefeatures torch.Size([1, 146978, 256])
x nodefeatures torch.Size([1, 146978, 256])
x nodefeatures torch.Size([1, 130879, 256])
x nodefeatures torch.Size([1, 130879, 256])
x nodefeatures torch.Size([1, 130879, 256])
Epoch:19, training loss:0.091656560699145
x nodefeatures torch.Size([1, 166737, 256])
x nodefeatures torch.Size([1, 166737, 256])
x nodefeatures torch.Size([1, 166737, 256])
x nodefeatures torch.Size([1, 146978, 256])
x nodefeatures torch.Size([1, 146978, 256])
x nodefeatures torch.Size([1, 146978, 256])
x nodefeatures torch.Size([1, 130879, 256])
x nodefeatures torch.Size([1, 130879, 256])
x nodefeatures torch.Size([1, 130879, 256])
Epoch:20, training loss:0.08899280428886414
----------------------------
Start validation ...
x nodefeatures torch.Size([1, 151800, 256])
x nodefeatures torch.Size([1, 151800, 256])
x nodefeatures torch.Size([1, 151800, 256])
Validation error:0.08290635742014274
Save model checkpoints ... 
Maximum allocated GPU memory: 2.44 GiB
Finish validation.
----------------------------
x nodefeatures torch.Size([1, 146978, 256])
x nodefeatures torch.Size([1, 146978, 256])
x nodefeatures torch.Size([1, 146978, 256])
x nodefeatures torch.Size([1, 130879, 256])
x nodefeatures torch.Size([1, 130879, 256])
x nodefeatures torch.Size([1, 130879, 256])
x nodefeatures torch.Size([1, 166737, 256])
x nodefeatures torch.Size([1, 166737, 256])
x nodefeatures torch.Size([1, 166737, 256])
Epoch:21, training loss:0.08771803230047226
x nodefeatures torch.Size([1, 130879, 256])
x nodefeatures torch.Size([1, 130879, 256])
x nodefeatures torch.Size([1, 130879, 256])
x nodefeatures torch.Size([1, 146978, 256])
x nodefeatures torch.Size([1, 146978, 256])
x nodefeatures torch.Size([1, 146978, 256])
x nodefeatures torch.Size([1, 166737, 256])
x nodefeatures torch.Size([1, 166737, 256])
x nodefeatures torch.Size([1, 166737, 256])
Epoch:22, training loss:0.08561760932207108
x nodefeatures torch.Size([1, 130879, 256])
x nodefeatures torch.Size([1, 130879, 256])
x nodefeatures torch.Size([1, 130879, 256])
x nodefeatures torch.Size([1, 166737, 256])
x nodefeatures torch.Size([1, 166737, 256])
x nodefeatures torch.Size([1, 166737, 256])
x nodefeatures torch.Size([1, 146978, 256])
x nodefeatures torch.Size([1, 146978, 256])
x nodefeatures torch.Size([1, 146978, 256])
Epoch:23, training loss:0.0845857635140419
x nodefeatures torch.Size([1, 166737, 256])
x nodefeatures torch.Size([1, 166737, 256])
x nodefeatures torch.Size([1, 166737, 256])
x nodefeatures torch.Size([1, 146978, 256])
x nodefeatures torch.Size([1, 146978, 256])
x nodefeatures torch.Size([1, 146978, 256])
x nodefeatures torch.Size([1, 130879, 256])
x nodefeatures torch.Size([1, 130879, 256])
x nodefeatures torch.Size([1, 130879, 256])
Epoch:24, training loss:0.08291719357172649
x nodefeatures torch.Size([1, 166737, 256])
x nodefeatures torch.Size([1, 166737, 256])
x nodefeatures torch.Size([1, 166737, 256])
x nodefeatures torch.Size([1, 130879, 256])
x nodefeatures torch.Size([1, 130879, 256])
x nodefeatures torch.Size([1, 130879, 256])
x nodefeatures torch.Size([1, 146978, 256])
x nodefeatures torch.Size([1, 146978, 256])
x nodefeatures torch.Size([1, 146978, 256])
Epoch:25, training loss:0.0817396913965543
x nodefeatures torch.Size([1, 166737, 256])
x nodefeatures torch.Size([1, 166737, 256])
x nodefeatures torch.Size([1, 166737, 256])
x nodefeatures torch.Size([1, 130879, 256])
x nodefeatures torch.Size([1, 130879, 256])
x nodefeatures torch.Size([1, 130879, 256])
x nodefeatures torch.Size([1, 146978, 256])
x nodefeatures torch.Size([1, 146978, 256])
x nodefeatures torch.Size([1, 146978, 256])
Epoch:26, training loss:0.08061764637629192
x nodefeatures torch.Size([1, 146978, 256])
x nodefeatures torch.Size([1, 146978, 256])
x nodefeatures torch.Size([1, 146978, 256])
x nodefeatures torch.Size([1, 130879, 256])
x nodefeatures torch.Size([1, 130879, 256])
x nodefeatures torch.Size([1, 130879, 256])
x nodefeatures torch.Size([1, 166737, 256])
x nodefeatures torch.Size([1, 166737, 256])
x nodefeatures torch.Size([1, 166737, 256])
Epoch:27, training loss:0.07958234598239262
x nodefeatures torch.Size([1, 166737, 256])
x nodefeatures torch.Size([1, 166737, 256])
x nodefeatures torch.Size([1, 166737, 256])
x nodefeatures torch.Size([1, 146978, 256])
x nodefeatures torch.Size([1, 146978, 256])
x nodefeatures torch.Size([1, 146978, 256])
x nodefeatures torch.Size([1, 130879, 256])
x nodefeatures torch.Size([1, 130879, 256])
x nodefeatures torch.Size([1, 130879, 256])
Epoch:28, training loss:0.07875673721234004
x nodefeatures torch.Size([1, 130879, 256])
x nodefeatures torch.Size([1, 130879, 256])
x nodefeatures torch.Size([1, 130879, 256])
x nodefeatures torch.Size([1, 146978, 256])
x nodefeatures torch.Size([1, 146978, 256])
x nodefeatures torch.Size([1, 146978, 256])
x nodefeatures torch.Size([1, 166737, 256])
x nodefeatures torch.Size([1, 166737, 256])
x nodefeatures torch.Size([1, 166737, 256])
Epoch:29, training loss:0.0779874175786972
x nodefeatures torch.Size([1, 130879, 256])
x nodefeatures torch.Size([1, 130879, 256])
x nodefeatures torch.Size([1, 130879, 256])
x nodefeatures torch.Size([1, 166737, 256])
x nodefeatures torch.Size([1, 166737, 256])
x nodefeatures torch.Size([1, 166737, 256])
x nodefeatures torch.Size([1, 146978, 256])
x nodefeatures torch.Size([1, 146978, 256])
x nodefeatures torch.Size([1, 146978, 256])
Epoch:30, training loss:0.07685261219739914
----------------------------
Start validation ...
x nodefeatures torch.Size([1, 151800, 256])
x nodefeatures torch.Size([1, 151800, 256])
x nodefeatures torch.Size([1, 151800, 256])
Validation error:0.0714587586116977
Save model checkpoints ... 
Maximum allocated GPU memory: 2.44 GiB
Finish validation.
----------------------------
x nodefeatures torch.Size([1, 146978, 256])
x nodefeatures torch.Size([1, 146978, 256])
x nodefeatures torch.Size([1, 146978, 256])
x nodefeatures torch.Size([1, 166737, 256])
x nodefeatures torch.Size([1, 166737, 256])
x nodefeatures torch.Size([1, 166737, 256])
x nodefeatures torch.Size([1, 130879, 256])
x nodefeatures torch.Size([1, 130879, 256])
x nodefeatures torch.Size([1, 130879, 256])
Epoch:31, training loss:0.07624832044045131
x nodefeatures torch.Size([1, 166737, 256])
x nodefeatures torch.Size([1, 166737, 256])
x nodefeatures torch.Size([1, 166737, 256])
x nodefeatures torch.Size([1, 146978, 256])
x nodefeatures torch.Size([1, 146978, 256])
x nodefeatures torch.Size([1, 146978, 256])
x nodefeatures torch.Size([1, 130879, 256])
x nodefeatures torch.Size([1, 130879, 256])
x nodefeatures torch.Size([1, 130879, 256])
Epoch:32, training loss:0.07542421172062556
x nodefeatures torch.Size([1, 166737, 256])
x nodefeatures torch.Size([1, 166737, 256])
x nodefeatures torch.Size([1, 166737, 256])
x nodefeatures torch.Size([1, 146978, 256])
x nodefeatures torch.Size([1, 146978, 256])
x nodefeatures torch.Size([1, 146978, 256])
x nodefeatures torch.Size([1, 130879, 256])
x nodefeatures torch.Size([1, 130879, 256])
x nodefeatures torch.Size([1, 130879, 256])
Epoch:33, training loss:0.07482956846555074
x nodefeatures torch.Size([1, 166737, 256])
x nodefeatures torch.Size([1, 166737, 256])
x nodefeatures torch.Size([1, 166737, 256])
x nodefeatures torch.Size([1, 146978, 256])
x nodefeatures torch.Size([1, 146978, 256])
x nodefeatures torch.Size([1, 146978, 256])
x nodefeatures torch.Size([1, 130879, 256])
x nodefeatures torch.Size([1, 130879, 256])
x nodefeatures torch.Size([1, 130879, 256])
Epoch:34, training loss:0.07411752889553706
x nodefeatures torch.Size([1, 166737, 256])
x nodefeatures torch.Size([1, 166737, 256])
x nodefeatures torch.Size([1, 166737, 256])
x nodefeatures torch.Size([1, 146978, 256])
x nodefeatures torch.Size([1, 146978, 256])
x nodefeatures torch.Size([1, 146978, 256])
x nodefeatures torch.Size([1, 130879, 256])
x nodefeatures torch.Size([1, 130879, 256])
x nodefeatures torch.Size([1, 130879, 256])
Epoch:35, training loss:0.07345941414435704
x nodefeatures torch.Size([1, 146978, 256])
x nodefeatures torch.Size([1, 146978, 256])
x nodefeatures torch.Size([1, 146978, 256])
x nodefeatures torch.Size([1, 130879, 256])
x nodefeatures torch.Size([1, 130879, 256])
x nodefeatures torch.Size([1, 130879, 256])
x nodefeatures torch.Size([1, 166737, 256])
x nodefeatures torch.Size([1, 166737, 256])
x nodefeatures torch.Size([1, 166737, 256])
Epoch:36, training loss:0.07291035850842793
x nodefeatures torch.Size([1, 130879, 256])
x nodefeatures torch.Size([1, 130879, 256])
x nodefeatures torch.Size([1, 130879, 256])
x nodefeatures torch.Size([1, 166737, 256])
x nodefeatures torch.Size([1, 166737, 256])
x nodefeatures torch.Size([1, 166737, 256])
x nodefeatures torch.Size([1, 146978, 256])
x nodefeatures torch.Size([1, 146978, 256])
x nodefeatures torch.Size([1, 146978, 256])
Epoch:37, training loss:0.07234933475653331
x nodefeatures torch.Size([1, 166737, 256])
x nodefeatures torch.Size([1, 166737, 256])
x nodefeatures torch.Size([1, 166737, 256])
x nodefeatures torch.Size([1, 130879, 256])
x nodefeatures torch.Size([1, 130879, 256])
x nodefeatures torch.Size([1, 130879, 256])
x nodefeatures torch.Size([1, 146978, 256])
x nodefeatures torch.Size([1, 146978, 256])
x nodefeatures torch.Size([1, 146978, 256])
Epoch:38, training loss:0.07188879201809566
x nodefeatures torch.Size([1, 146978, 256])
x nodefeatures torch.Size([1, 146978, 256])
x nodefeatures torch.Size([1, 146978, 256])
x nodefeatures torch.Size([1, 130879, 256])
x nodefeatures torch.Size([1, 130879, 256])
x nodefeatures torch.Size([1, 130879, 256])
x nodefeatures torch.Size([1, 166737, 256])
x nodefeatures torch.Size([1, 166737, 256])
x nodefeatures torch.Size([1, 166737, 256])
Epoch:39, training loss:0.07136170317729314
x nodefeatures torch.Size([1, 146978, 256])
x nodefeatures torch.Size([1, 146978, 256])
x nodefeatures torch.Size([1, 146978, 256])
x nodefeatures torch.Size([1, 166737, 256])
x nodefeatures torch.Size([1, 166737, 256])
x nodefeatures torch.Size([1, 166737, 256])
x nodefeatures torch.Size([1, 130879, 256])
x nodefeatures torch.Size([1, 130879, 256])
x nodefeatures torch.Size([1, 130879, 256])
Epoch:40, training loss:0.07105795045693715
----------------------------
Start validation ...
x nodefeatures torch.Size([1, 151800, 256])
x nodefeatures torch.Size([1, 151800, 256])
x nodefeatures torch.Size([1, 151800, 256])
Validation error:0.06620836938964203
Save model checkpoints ... 
Maximum allocated GPU memory: 2.44 GiB
Finish validation.
----------------------------
x nodefeatures torch.Size([1, 130879, 256])
x nodefeatures torch.Size([1, 130879, 256])
x nodefeatures torch.Size([1, 130879, 256])
x nodefeatures torch.Size([1, 166737, 256])
x nodefeatures torch.Size([1, 166737, 256])
x nodefeatures torch.Size([1, 166737, 256])
x nodefeatures torch.Size([1, 146978, 256])
x nodefeatures torch.Size([1, 146978, 256])
x nodefeatures torch.Size([1, 146978, 256])
Epoch:41, training loss:0.07081436614195506
x nodefeatures torch.Size([1, 130879, 256])
x nodefeatures torch.Size([1, 130879, 256])
x nodefeatures torch.Size([1, 130879, 256])
x nodefeatures torch.Size([1, 146978, 256])
x nodefeatures torch.Size([1, 146978, 256])
x nodefeatures torch.Size([1, 146978, 256])
x nodefeatures torch.Size([1, 166737, 256])
x nodefeatures torch.Size([1, 166737, 256])
x nodefeatures torch.Size([1, 166737, 256])
Epoch:42, training loss:0.0700749804576238
x nodefeatures torch.Size([1, 130879, 256])
x nodefeatures torch.Size([1, 130879, 256])
x nodefeatures torch.Size([1, 130879, 256])
x nodefeatures torch.Size([1, 146978, 256])
x nodefeatures torch.Size([1, 146978, 256])
x nodefeatures torch.Size([1, 146978, 256])
x nodefeatures torch.Size([1, 166737, 256])
x nodefeatures torch.Size([1, 166737, 256])
x nodefeatures torch.Size([1, 166737, 256])
Epoch:43, training loss:0.06980325033267339
x nodefeatures torch.Size([1, 146978, 256])
x nodefeatures torch.Size([1, 146978, 256])
x nodefeatures torch.Size([1, 146978, 256])
x nodefeatures torch.Size([1, 166737, 256])
x nodefeatures torch.Size([1, 166737, 256])
x nodefeatures torch.Size([1, 166737, 256])
x nodefeatures torch.Size([1, 130879, 256])
x nodefeatures torch.Size([1, 130879, 256])
x nodefeatures torch.Size([1, 130879, 256])
Epoch:44, training loss:0.06936403115590413
x nodefeatures torch.Size([1, 166737, 256])
x nodefeatures torch.Size([1, 166737, 256])
x nodefeatures torch.Size([1, 166737, 256])
x nodefeatures torch.Size([1, 130879, 256])
x nodefeatures torch.Size([1, 130879, 256])
x nodefeatures torch.Size([1, 130879, 256])
x nodefeatures torch.Size([1, 146978, 256])
x nodefeatures torch.Size([1, 146978, 256])
x nodefeatures torch.Size([1, 146978, 256])
Epoch:45, training loss:0.0689145674308141
x nodefeatures torch.Size([1, 146978, 256])
x nodefeatures torch.Size([1, 146978, 256])
x nodefeatures torch.Size([1, 146978, 256])
x nodefeatures torch.Size([1, 166737, 256])
x nodefeatures torch.Size([1, 166737, 256])
x nodefeatures torch.Size([1, 166737, 256])
x nodefeatures torch.Size([1, 130879, 256])
x nodefeatures torch.Size([1, 130879, 256])
x nodefeatures torch.Size([1, 130879, 256])
Epoch:46, training loss:0.06877948592106502
x nodefeatures torch.Size([1, 130879, 256])
x nodefeatures torch.Size([1, 130879, 256])
x nodefeatures torch.Size([1, 130879, 256])
x nodefeatures torch.Size([1, 166737, 256])
x nodefeatures torch.Size([1, 166737, 256])
x nodefeatures torch.Size([1, 166737, 256])
x nodefeatures torch.Size([1, 146978, 256])
x nodefeatures torch.Size([1, 146978, 256])
x nodefeatures torch.Size([1, 146978, 256])
Epoch:47, training loss:0.0686242903272311
x nodefeatures torch.Size([1, 130879, 256])
x nodefeatures torch.Size([1, 130879, 256])
x nodefeatures torch.Size([1, 130879, 256])
x nodefeatures torch.Size([1, 146978, 256])
x nodefeatures torch.Size([1, 146978, 256])
x nodefeatures torch.Size([1, 146978, 256])
x nodefeatures torch.Size([1, 166737, 256])
x nodefeatures torch.Size([1, 166737, 256])
x nodefeatures torch.Size([1, 166737, 256])
Epoch:48, training loss:0.06786781921982765
x nodefeatures torch.Size([1, 130879, 256])
x nodefeatures torch.Size([1, 130879, 256])
x nodefeatures torch.Size([1, 130879, 256])
x nodefeatures torch.Size([1, 146978, 256])
x nodefeatures torch.Size([1, 146978, 256])
x nodefeatures torch.Size([1, 146978, 256])
x nodefeatures torch.Size([1, 166737, 256])
x nodefeatures torch.Size([1, 166737, 256])
x nodefeatures torch.Size([1, 166737, 256])
Epoch:49, training loss:0.06772823631763458
x nodefeatures torch.Size([1, 130879, 256])
x nodefeatures torch.Size([1, 130879, 256])
x nodefeatures torch.Size([1, 130879, 256])
x nodefeatures torch.Size([1, 146978, 256])
x nodefeatures torch.Size([1, 146978, 256])
x nodefeatures torch.Size([1, 146978, 256])
x nodefeatures torch.Size([1, 166737, 256])
x nodefeatures torch.Size([1, 166737, 256])
x nodefeatures torch.Size([1, 166737, 256])
Epoch:50, training loss:0.06723481913407643
----------------------------
Start validation ...
x nodefeatures torch.Size([1, 151800, 256])
x nodefeatures torch.Size([1, 151800, 256])
x nodefeatures torch.Size([1, 151800, 256])
Validation error:0.06270452286116779
Save model checkpoints ... 
Maximum allocated GPU memory: 2.44 GiB
Finish validation.
----------------------------
x nodefeatures torch.Size([1, 130879, 256])
x nodefeatures torch.Size([1, 130879, 256])
x nodefeatures torch.Size([1, 130879, 256])
x nodefeatures torch.Size([1, 166737, 256])
x nodefeatures torch.Size([1, 166737, 256])
x nodefeatures torch.Size([1, 166737, 256])
x nodefeatures torch.Size([1, 146978, 256])
x nodefeatures torch.Size([1, 146978, 256])
x nodefeatures torch.Size([1, 146978, 256])
Epoch:51, training loss:0.06691693887114525
x nodefeatures torch.Size([1, 130879, 256])
x nodefeatures torch.Size([1, 130879, 256])
x nodefeatures torch.Size([1, 130879, 256])
x nodefeatures torch.Size([1, 166737, 256])
x nodefeatures torch.Size([1, 166737, 256])
x nodefeatures torch.Size([1, 166737, 256])
x nodefeatures torch.Size([1, 146978, 256])
x nodefeatures torch.Size([1, 146978, 256])
x nodefeatures torch.Size([1, 146978, 256])
Epoch:52, training loss:0.0666729932030042
x nodefeatures torch.Size([1, 130879, 256])
x nodefeatures torch.Size([1, 130879, 256])
x nodefeatures torch.Size([1, 130879, 256])
x nodefeatures torch.Size([1, 146978, 256])
x nodefeatures torch.Size([1, 146978, 256])
x nodefeatures torch.Size([1, 146978, 256])
x nodefeatures torch.Size([1, 166737, 256])
x nodefeatures torch.Size([1, 166737, 256])
x nodefeatures torch.Size([1, 166737, 256])
Epoch:53, training loss:0.06628417720397313
x nodefeatures torch.Size([1, 130879, 256])
x nodefeatures torch.Size([1, 130879, 256])
x nodefeatures torch.Size([1, 130879, 256])
x nodefeatures torch.Size([1, 146978, 256])
x nodefeatures torch.Size([1, 146978, 256])
x nodefeatures torch.Size([1, 146978, 256])
x nodefeatures torch.Size([1, 166737, 256])
x nodefeatures torch.Size([1, 166737, 256])
x nodefeatures torch.Size([1, 166737, 256])
Epoch:54, training loss:0.06612160801887512
x nodefeatures torch.Size([1, 166737, 256])
x nodefeatures torch.Size([1, 166737, 256])
x nodefeatures torch.Size([1, 166737, 256])
x nodefeatures torch.Size([1, 130879, 256])
x nodefeatures torch.Size([1, 130879, 256])
x nodefeatures torch.Size([1, 130879, 256])
x nodefeatures torch.Size([1, 146978, 256])
x nodefeatures torch.Size([1, 146978, 256])
x nodefeatures torch.Size([1, 146978, 256])
Epoch:55, training loss:0.0658349667986234
x nodefeatures torch.Size([1, 130879, 256])
x nodefeatures torch.Size([1, 130879, 256])
x nodefeatures torch.Size([1, 130879, 256])
x nodefeatures torch.Size([1, 146978, 256])
x nodefeatures torch.Size([1, 146978, 256])
x nodefeatures torch.Size([1, 146978, 256])
x nodefeatures torch.Size([1, 166737, 256])
x nodefeatures torch.Size([1, 166737, 256])
x nodefeatures torch.Size([1, 166737, 256])
Epoch:56, training loss:0.06557460501790047
x nodefeatures torch.Size([1, 166737, 256])
x nodefeatures torch.Size([1, 166737, 256])
x nodefeatures torch.Size([1, 166737, 256])
x nodefeatures torch.Size([1, 146978, 256])
x nodefeatures torch.Size([1, 146978, 256])
x nodefeatures torch.Size([1, 146978, 256])
x nodefeatures torch.Size([1, 130879, 256])
x nodefeatures torch.Size([1, 130879, 256])
x nodefeatures torch.Size([1, 130879, 256])
Epoch:57, training loss:0.0656060017645359
x nodefeatures torch.Size([1, 166737, 256])
x nodefeatures torch.Size([1, 166737, 256])
x nodefeatures torch.Size([1, 166737, 256])
x nodefeatures torch.Size([1, 146978, 256])
x nodefeatures torch.Size([1, 146978, 256])
x nodefeatures torch.Size([1, 146978, 256])
x nodefeatures torch.Size([1, 130879, 256])
x nodefeatures torch.Size([1, 130879, 256])
x nodefeatures torch.Size([1, 130879, 256])
Epoch:58, training loss:0.0653030127286911
x nodefeatures torch.Size([1, 130879, 256])
x nodefeatures torch.Size([1, 130879, 256])
x nodefeatures torch.Size([1, 130879, 256])
x nodefeatures torch.Size([1, 166737, 256])
x nodefeatures torch.Size([1, 166737, 256])
x nodefeatures torch.Size([1, 166737, 256])
x nodefeatures torch.Size([1, 146978, 256])
x nodefeatures torch.Size([1, 146978, 256])
x nodefeatures torch.Size([1, 146978, 256])
Epoch:59, training loss:0.06493484973907471
x nodefeatures torch.Size([1, 146978, 256])
x nodefeatures torch.Size([1, 146978, 256])
x nodefeatures torch.Size([1, 146978, 256])
x nodefeatures torch.Size([1, 166737, 256])
x nodefeatures torch.Size([1, 166737, 256])
x nodefeatures torch.Size([1, 166737, 256])
x nodefeatures torch.Size([1, 130879, 256])
x nodefeatures torch.Size([1, 130879, 256])
x nodefeatures torch.Size([1, 130879, 256])
Epoch:60, training loss:0.06481094534198444
----------------------------
Start validation ...
x nodefeatures torch.Size([1, 151800, 256])
x nodefeatures torch.Size([1, 151800, 256])
x nodefeatures torch.Size([1, 151800, 256])
Validation error:0.06044513065717183
Save model checkpoints ... 
Maximum allocated GPU memory: 2.44 GiB
Finish validation.
----------------------------
x nodefeatures torch.Size([1, 146978, 256])
x nodefeatures torch.Size([1, 146978, 256])
x nodefeatures torch.Size([1, 146978, 256])
x nodefeatures torch.Size([1, 166737, 256])
x nodefeatures torch.Size([1, 166737, 256])
x nodefeatures torch.Size([1, 166737, 256])
x nodefeatures torch.Size([1, 130879, 256])
x nodefeatures torch.Size([1, 130879, 256])
x nodefeatures torch.Size([1, 130879, 256])
Epoch:61, training loss:0.06464257339636485
x nodefeatures torch.Size([1, 146978, 256])
x nodefeatures torch.Size([1, 146978, 256])
x nodefeatures torch.Size([1, 146978, 256])
x nodefeatures torch.Size([1, 166737, 256])
x nodefeatures torch.Size([1, 166737, 256])
x nodefeatures torch.Size([1, 166737, 256])
x nodefeatures torch.Size([1, 130879, 256])
x nodefeatures torch.Size([1, 130879, 256])
x nodefeatures torch.Size([1, 130879, 256])
Epoch:62, training loss:0.06440769881010056
x nodefeatures torch.Size([1, 130879, 256])
x nodefeatures torch.Size([1, 130879, 256])
x nodefeatures torch.Size([1, 130879, 256])
x nodefeatures torch.Size([1, 166737, 256])
x nodefeatures torch.Size([1, 166737, 256])
x nodefeatures torch.Size([1, 166737, 256])
x nodefeatures torch.Size([1, 146978, 256])
x nodefeatures torch.Size([1, 146978, 256])
x nodefeatures torch.Size([1, 146978, 256])
Epoch:63, training loss:0.06453358754515648
x nodefeatures torch.Size([1, 166737, 256])
x nodefeatures torch.Size([1, 166737, 256])
x nodefeatures torch.Size([1, 166737, 256])
x nodefeatures torch.Size([1, 146978, 256])
x nodefeatures torch.Size([1, 146978, 256])
x nodefeatures torch.Size([1, 146978, 256])
x nodefeatures torch.Size([1, 130879, 256])
x nodefeatures torch.Size([1, 130879, 256])
x nodefeatures torch.Size([1, 130879, 256])
Epoch:64, training loss:0.06446345150470734
x nodefeatures torch.Size([1, 146978, 256])
x nodefeatures torch.Size([1, 146978, 256])
x nodefeatures torch.Size([1, 146978, 256])
x nodefeatures torch.Size([1, 130879, 256])
x nodefeatures torch.Size([1, 130879, 256])
x nodefeatures torch.Size([1, 130879, 256])
x nodefeatures torch.Size([1, 166737, 256])
x nodefeatures torch.Size([1, 166737, 256])
x nodefeatures torch.Size([1, 166737, 256])
Epoch:65, training loss:0.0640323335925738
x nodefeatures torch.Size([1, 146978, 256])
x nodefeatures torch.Size([1, 146978, 256])
x nodefeatures torch.Size([1, 146978, 256])
x nodefeatures torch.Size([1, 166737, 256])
x nodefeatures torch.Size([1, 166737, 256])
x nodefeatures torch.Size([1, 166737, 256])
x nodefeatures torch.Size([1, 130879, 256])
x nodefeatures torch.Size([1, 130879, 256])
x nodefeatures torch.Size([1, 130879, 256])
Epoch:66, training loss:0.06412100419402122
x nodefeatures torch.Size([1, 130879, 256])
x nodefeatures torch.Size([1, 130879, 256])
x nodefeatures torch.Size([1, 130879, 256])
x nodefeatures torch.Size([1, 166737, 256])
x nodefeatures torch.Size([1, 166737, 256])
x nodefeatures torch.Size([1, 166737, 256])
x nodefeatures torch.Size([1, 146978, 256])
x nodefeatures torch.Size([1, 146978, 256])
x nodefeatures torch.Size([1, 146978, 256])
Epoch:67, training loss:0.06408738220731418
x nodefeatures torch.Size([1, 166737, 256])
x nodefeatures torch.Size([1, 166737, 256])
x nodefeatures torch.Size([1, 166737, 256])
x nodefeatures torch.Size([1, 146978, 256])
x nodefeatures torch.Size([1, 146978, 256])
x nodefeatures torch.Size([1, 146978, 256])
x nodefeatures torch.Size([1, 130879, 256])
x nodefeatures torch.Size([1, 130879, 256])
x nodefeatures torch.Size([1, 130879, 256])
Epoch:68, training loss:0.0637874739865462
x nodefeatures torch.Size([1, 166737, 256])
x nodefeatures torch.Size([1, 166737, 256])
x nodefeatures torch.Size([1, 166737, 256])
x nodefeatures torch.Size([1, 130879, 256])
x nodefeatures torch.Size([1, 130879, 256])
x nodefeatures torch.Size([1, 130879, 256])
x nodefeatures torch.Size([1, 146978, 256])
x nodefeatures torch.Size([1, 146978, 256])
x nodefeatures torch.Size([1, 146978, 256])
Epoch:69, training loss:0.06333267812927564
x nodefeatures torch.Size([1, 166737, 256])
x nodefeatures torch.Size([1, 166737, 256])
x nodefeatures torch.Size([1, 166737, 256])
x nodefeatures torch.Size([1, 130879, 256])
x nodefeatures torch.Size([1, 130879, 256])
x nodefeatures torch.Size([1, 130879, 256])
x nodefeatures torch.Size([1, 146978, 256])
x nodefeatures torch.Size([1, 146978, 256])
x nodefeatures torch.Size([1, 146978, 256])
Epoch:70, training loss:0.0631750759979089
----------------------------
Start validation ...
x nodefeatures torch.Size([1, 151800, 256])
x nodefeatures torch.Size([1, 151800, 256])
x nodefeatures torch.Size([1, 151800, 256])
Validation error:0.05978436456643976
Save model checkpoints ... 
Maximum allocated GPU memory: 2.44 GiB
Finish validation.
----------------------------
x nodefeatures torch.Size([1, 130879, 256])
x nodefeatures torch.Size([1, 130879, 256])
x nodefeatures torch.Size([1, 130879, 256])
x nodefeatures torch.Size([1, 166737, 256])
x nodefeatures torch.Size([1, 166737, 256])
x nodefeatures torch.Size([1, 166737, 256])
x nodefeatures torch.Size([1, 146978, 256])
x nodefeatures torch.Size([1, 146978, 256])
x nodefeatures torch.Size([1, 146978, 256])
Epoch:71, training loss:0.06298097471396129
x nodefeatures torch.Size([1, 146978, 256])
x nodefeatures torch.Size([1, 146978, 256])
x nodefeatures torch.Size([1, 146978, 256])
x nodefeatures torch.Size([1, 166737, 256])
x nodefeatures torch.Size([1, 166737, 256])
x nodefeatures torch.Size([1, 166737, 256])
x nodefeatures torch.Size([1, 130879, 256])
x nodefeatures torch.Size([1, 130879, 256])
x nodefeatures torch.Size([1, 130879, 256])
Epoch:72, training loss:0.06263719871640205
x nodefeatures torch.Size([1, 130879, 256])
x nodefeatures torch.Size([1, 130879, 256])
x nodefeatures torch.Size([1, 130879, 256])
x nodefeatures torch.Size([1, 146978, 256])
x nodefeatures torch.Size([1, 146978, 256])
x nodefeatures torch.Size([1, 146978, 256])
x nodefeatures torch.Size([1, 166737, 256])
x nodefeatures torch.Size([1, 166737, 256])
x nodefeatures torch.Size([1, 166737, 256])
Epoch:73, training loss:0.062395318100849785
x nodefeatures torch.Size([1, 130879, 256])
x nodefeatures torch.Size([1, 130879, 256])
x nodefeatures torch.Size([1, 130879, 256])
x nodefeatures torch.Size([1, 146978, 256])
x nodefeatures torch.Size([1, 146978, 256])
x nodefeatures torch.Size([1, 146978, 256])
x nodefeatures torch.Size([1, 166737, 256])
x nodefeatures torch.Size([1, 166737, 256])
x nodefeatures torch.Size([1, 166737, 256])
Epoch:74, training loss:0.06245314454038938
x nodefeatures torch.Size([1, 166737, 256])
x nodefeatures torch.Size([1, 166737, 256])
x nodefeatures torch.Size([1, 166737, 256])
x nodefeatures torch.Size([1, 130879, 256])
x nodefeatures torch.Size([1, 130879, 256])
x nodefeatures torch.Size([1, 130879, 256])
x nodefeatures torch.Size([1, 146978, 256])
x nodefeatures torch.Size([1, 146978, 256])
x nodefeatures torch.Size([1, 146978, 256])
Epoch:75, training loss:0.06223763028780619
x nodefeatures torch.Size([1, 130879, 256])
x nodefeatures torch.Size([1, 130879, 256])
x nodefeatures torch.Size([1, 130879, 256])
x nodefeatures torch.Size([1, 166737, 256])
x nodefeatures torch.Size([1, 166737, 256])
x nodefeatures torch.Size([1, 166737, 256])
x nodefeatures torch.Size([1, 146978, 256])
x nodefeatures torch.Size([1, 146978, 256])
x nodefeatures torch.Size([1, 146978, 256])
Epoch:76, training loss:0.062019940465688705
x nodefeatures torch.Size([1, 146978, 256])
x nodefeatures torch.Size([1, 146978, 256])
x nodefeatures torch.Size([1, 146978, 256])
x nodefeatures torch.Size([1, 166737, 256])
x nodefeatures torch.Size([1, 166737, 256])
x nodefeatures torch.Size([1, 166737, 256])
x nodefeatures torch.Size([1, 130879, 256])
x nodefeatures torch.Size([1, 130879, 256])
x nodefeatures torch.Size([1, 130879, 256])
Epoch:77, training loss:0.062050641824801765
x nodefeatures torch.Size([1, 166737, 256])
x nodefeatures torch.Size([1, 166737, 256])
x nodefeatures torch.Size([1, 166737, 256])
x nodefeatures torch.Size([1, 130879, 256])
x nodefeatures torch.Size([1, 130879, 256])
x nodefeatures torch.Size([1, 130879, 256])
x nodefeatures torch.Size([1, 146978, 256])
x nodefeatures torch.Size([1, 146978, 256])
x nodefeatures torch.Size([1, 146978, 256])
Epoch:78, training loss:0.06193405017256737
x nodefeatures torch.Size([1, 146978, 256])
x nodefeatures torch.Size([1, 146978, 256])
x nodefeatures torch.Size([1, 146978, 256])
x nodefeatures torch.Size([1, 130879, 256])
x nodefeatures torch.Size([1, 130879, 256])
x nodefeatures torch.Size([1, 130879, 256])
x nodefeatures torch.Size([1, 166737, 256])
x nodefeatures torch.Size([1, 166737, 256])
x nodefeatures torch.Size([1, 166737, 256])
Epoch:79, training loss:0.06192142143845558
x nodefeatures torch.Size([1, 146978, 256])
x nodefeatures torch.Size([1, 146978, 256])
x nodefeatures torch.Size([1, 146978, 256])
x nodefeatures torch.Size([1, 130879, 256])
x nodefeatures torch.Size([1, 130879, 256])
x nodefeatures torch.Size([1, 130879, 256])
x nodefeatures torch.Size([1, 166737, 256])
x nodefeatures torch.Size([1, 166737, 256])
x nodefeatures torch.Size([1, 166737, 256])
Epoch:80, training loss:0.06142622232437134
----------------------------
Start validation ...
x nodefeatures torch.Size([1, 151800, 256])
x nodefeatures torch.Size([1, 151800, 256])
x nodefeatures torch.Size([1, 151800, 256])
Validation error:0.05717535168514587
Save model checkpoints ... 
Maximum allocated GPU memory: 2.44 GiB
Finish validation.
----------------------------
x nodefeatures torch.Size([1, 130879, 256])
x nodefeatures torch.Size([1, 130879, 256])
x nodefeatures torch.Size([1, 130879, 256])
x nodefeatures torch.Size([1, 166737, 256])
x nodefeatures torch.Size([1, 166737, 256])
x nodefeatures torch.Size([1, 166737, 256])
x nodefeatures torch.Size([1, 146978, 256])
x nodefeatures torch.Size([1, 146978, 256])
x nodefeatures torch.Size([1, 146978, 256])
Epoch:81, training loss:0.06122734025120735
x nodefeatures torch.Size([1, 130879, 256])
x nodefeatures torch.Size([1, 130879, 256])
x nodefeatures torch.Size([1, 130879, 256])
x nodefeatures torch.Size([1, 166737, 256])
x nodefeatures torch.Size([1, 166737, 256])
x nodefeatures torch.Size([1, 166737, 256])
x nodefeatures torch.Size([1, 146978, 256])
x nodefeatures torch.Size([1, 146978, 256])
x nodefeatures torch.Size([1, 146978, 256])
Epoch:82, training loss:0.0610894983013471
x nodefeatures torch.Size([1, 130879, 256])
x nodefeatures torch.Size([1, 130879, 256])
x nodefeatures torch.Size([1, 130879, 256])
x nodefeatures torch.Size([1, 166737, 256])
x nodefeatures torch.Size([1, 166737, 256])
x nodefeatures torch.Size([1, 166737, 256])
x nodefeatures torch.Size([1, 146978, 256])
x nodefeatures torch.Size([1, 146978, 256])
x nodefeatures torch.Size([1, 146978, 256])
Epoch:83, training loss:0.06085466220974922
x nodefeatures torch.Size([1, 130879, 256])
x nodefeatures torch.Size([1, 130879, 256])
x nodefeatures torch.Size([1, 130879, 256])
x nodefeatures torch.Size([1, 166737, 256])
x nodefeatures torch.Size([1, 166737, 256])
x nodefeatures torch.Size([1, 166737, 256])
x nodefeatures torch.Size([1, 146978, 256])
x nodefeatures torch.Size([1, 146978, 256])
x nodefeatures torch.Size([1, 146978, 256])
Epoch:84, training loss:0.0606092077990373
x nodefeatures torch.Size([1, 146978, 256])
x nodefeatures torch.Size([1, 146978, 256])
x nodefeatures torch.Size([1, 146978, 256])
x nodefeatures torch.Size([1, 130879, 256])
x nodefeatures torch.Size([1, 130879, 256])
x nodefeatures torch.Size([1, 130879, 256])
x nodefeatures torch.Size([1, 166737, 256])
x nodefeatures torch.Size([1, 166737, 256])
x nodefeatures torch.Size([1, 166737, 256])
Epoch:85, training loss:0.06030702590942383
x nodefeatures torch.Size([1, 166737, 256])
x nodefeatures torch.Size([1, 166737, 256])
x nodefeatures torch.Size([1, 166737, 256])
x nodefeatures torch.Size([1, 146978, 256])
x nodefeatures torch.Size([1, 146978, 256])
x nodefeatures torch.Size([1, 146978, 256])
x nodefeatures torch.Size([1, 130879, 256])
x nodefeatures torch.Size([1, 130879, 256])
x nodefeatures torch.Size([1, 130879, 256])
Epoch:86, training loss:0.06032328555981318
x nodefeatures torch.Size([1, 146978, 256])
x nodefeatures torch.Size([1, 146978, 256])
x nodefeatures torch.Size([1, 146978, 256])
x nodefeatures torch.Size([1, 166737, 256])
x nodefeatures torch.Size([1, 166737, 256])
x nodefeatures torch.Size([1, 166737, 256])
x nodefeatures torch.Size([1, 130879, 256])
x nodefeatures torch.Size([1, 130879, 256])
x nodefeatures torch.Size([1, 130879, 256])
Epoch:87, training loss:0.06040422370036443
x nodefeatures torch.Size([1, 130879, 256])
x nodefeatures torch.Size([1, 130879, 256])
x nodefeatures torch.Size([1, 130879, 256])
x nodefeatures torch.Size([1, 166737, 256])
x nodefeatures torch.Size([1, 166737, 256])
x nodefeatures torch.Size([1, 166737, 256])
x nodefeatures torch.Size([1, 146978, 256])
x nodefeatures torch.Size([1, 146978, 256])
x nodefeatures torch.Size([1, 146978, 256])
Epoch:88, training loss:0.06012167036533356
x nodefeatures torch.Size([1, 166737, 256])
x nodefeatures torch.Size([1, 166737, 256])
x nodefeatures torch.Size([1, 166737, 256])
x nodefeatures torch.Size([1, 146978, 256])
x nodefeatures torch.Size([1, 146978, 256])
x nodefeatures torch.Size([1, 146978, 256])
x nodefeatures torch.Size([1, 130879, 256])
x nodefeatures torch.Size([1, 130879, 256])
x nodefeatures torch.Size([1, 130879, 256])
Epoch:89, training loss:0.06003777931133906
x nodefeatures torch.Size([1, 166737, 256])
x nodefeatures torch.Size([1, 166737, 256])
x nodefeatures torch.Size([1, 166737, 256])
x nodefeatures torch.Size([1, 146978, 256])
x nodefeatures torch.Size([1, 146978, 256])
x nodefeatures torch.Size([1, 146978, 256])
x nodefeatures torch.Size([1, 130879, 256])
x nodefeatures torch.Size([1, 130879, 256])
x nodefeatures torch.Size([1, 130879, 256])
Epoch:90, training loss:0.06005235637227694
----------------------------
Start validation ...
x nodefeatures torch.Size([1, 151800, 256])
x nodefeatures torch.Size([1, 151800, 256])
x nodefeatures torch.Size([1, 151800, 256])
Validation error:0.05576202238444239
Save model checkpoints ... 
Maximum allocated GPU memory: 2.44 GiB
Finish validation.
----------------------------
x nodefeatures torch.Size([1, 130879, 256])
x nodefeatures torch.Size([1, 130879, 256])
x nodefeatures torch.Size([1, 130879, 256])
x nodefeatures torch.Size([1, 166737, 256])
x nodefeatures torch.Size([1, 166737, 256])
x nodefeatures torch.Size([1, 166737, 256])
x nodefeatures torch.Size([1, 146978, 256])
x nodefeatures torch.Size([1, 146978, 256])
x nodefeatures torch.Size([1, 146978, 256])
Epoch:91, training loss:0.05968879535794258
x nodefeatures torch.Size([1, 146978, 256])
x nodefeatures torch.Size([1, 146978, 256])
x nodefeatures torch.Size([1, 146978, 256])
x nodefeatures torch.Size([1, 166737, 256])
x nodefeatures torch.Size([1, 166737, 256])
x nodefeatures torch.Size([1, 166737, 256])
x nodefeatures torch.Size([1, 130879, 256])
x nodefeatures torch.Size([1, 130879, 256])
x nodefeatures torch.Size([1, 130879, 256])
Epoch:92, training loss:0.059593906005223594
x nodefeatures torch.Size([1, 146978, 256])
x nodefeatures torch.Size([1, 146978, 256])
x nodefeatures torch.Size([1, 146978, 256])
x nodefeatures torch.Size([1, 130879, 256])
x nodefeatures torch.Size([1, 130879, 256])
x nodefeatures torch.Size([1, 130879, 256])
x nodefeatures torch.Size([1, 166737, 256])
x nodefeatures torch.Size([1, 166737, 256])
x nodefeatures torch.Size([1, 166737, 256])
Epoch:93, training loss:0.05940366784731547
x nodefeatures torch.Size([1, 146978, 256])
x nodefeatures torch.Size([1, 146978, 256])
x nodefeatures torch.Size([1, 146978, 256])
x nodefeatures torch.Size([1, 130879, 256])
x nodefeatures torch.Size([1, 130879, 256])
x nodefeatures torch.Size([1, 130879, 256])
x nodefeatures torch.Size([1, 166737, 256])
x nodefeatures torch.Size([1, 166737, 256])
x nodefeatures torch.Size([1, 166737, 256])
Epoch:94, training loss:0.059467170387506485
x nodefeatures torch.Size([1, 130879, 256])
x nodefeatures torch.Size([1, 130879, 256])
x nodefeatures torch.Size([1, 130879, 256])
x nodefeatures torch.Size([1, 146978, 256])
x nodefeatures torch.Size([1, 146978, 256])
x nodefeatures torch.Size([1, 146978, 256])
x nodefeatures torch.Size([1, 166737, 256])
x nodefeatures torch.Size([1, 166737, 256])
x nodefeatures torch.Size([1, 166737, 256])
Epoch:95, training loss:0.059310379127661385
x nodefeatures torch.Size([1, 146978, 256])
x nodefeatures torch.Size([1, 146978, 256])
x nodefeatures torch.Size([1, 146978, 256])
x nodefeatures torch.Size([1, 130879, 256])
x nodefeatures torch.Size([1, 130879, 256])
x nodefeatures torch.Size([1, 130879, 256])
x nodefeatures torch.Size([1, 166737, 256])
x nodefeatures torch.Size([1, 166737, 256])
x nodefeatures torch.Size([1, 166737, 256])
Epoch:96, training loss:0.05952150747179985
x nodefeatures torch.Size([1, 166737, 256])
x nodefeatures torch.Size([1, 166737, 256])
x nodefeatures torch.Size([1, 166737, 256])
x nodefeatures torch.Size([1, 146978, 256])
x nodefeatures torch.Size([1, 146978, 256])
x nodefeatures torch.Size([1, 146978, 256])
x nodefeatures torch.Size([1, 130879, 256])
x nodefeatures torch.Size([1, 130879, 256])
x nodefeatures torch.Size([1, 130879, 256])
Epoch:97, training loss:0.05935414011279742
x nodefeatures torch.Size([1, 166737, 256])
x nodefeatures torch.Size([1, 166737, 256])
x nodefeatures torch.Size([1, 166737, 256])
x nodefeatures torch.Size([1, 130879, 256])
x nodefeatures torch.Size([1, 130879, 256])
x nodefeatures torch.Size([1, 130879, 256])
x nodefeatures torch.Size([1, 146978, 256])
x nodefeatures torch.Size([1, 146978, 256])
x nodefeatures torch.Size([1, 146978, 256])
Epoch:98, training loss:0.05898531277974447
x nodefeatures torch.Size([1, 146978, 256])
x nodefeatures torch.Size([1, 146978, 256])
x nodefeatures torch.Size([1, 146978, 256])
x nodefeatures torch.Size([1, 166737, 256])
x nodefeatures torch.Size([1, 166737, 256])
x nodefeatures torch.Size([1, 166737, 256])
x nodefeatures torch.Size([1, 130879, 256])
x nodefeatures torch.Size([1, 130879, 256])
x nodefeatures torch.Size([1, 130879, 256])
Epoch:99, training loss:0.05890128140648206
x nodefeatures torch.Size([1, 146978, 256])
x nodefeatures torch.Size([1, 146978, 256])
x nodefeatures torch.Size([1, 146978, 256])
x nodefeatures torch.Size([1, 130879, 256])
x nodefeatures torch.Size([1, 130879, 256])
x nodefeatures torch.Size([1, 130879, 256])
x nodefeatures torch.Size([1, 166737, 256])
x nodefeatures torch.Size([1, 166737, 256])
x nodefeatures torch.Size([1, 166737, 256])
Epoch:100, training loss:0.05877435579895973
----------------------------
Start validation ...
x nodefeatures torch.Size([1, 151800, 256])
x nodefeatures torch.Size([1, 151800, 256])
x nodefeatures torch.Size([1, 151800, 256])
Validation error:0.055143205827334896
Save model checkpoints ... 
Maximum allocated GPU memory: 2.44 GiB
Finish validation.
----------------------------
x nodefeatures torch.Size([1, 146978, 256])
x nodefeatures torch.Size([1, 146978, 256])
x nodefeatures torch.Size([1, 146978, 256])
x nodefeatures torch.Size([1, 130879, 256])
x nodefeatures torch.Size([1, 130879, 256])
x nodefeatures torch.Size([1, 130879, 256])
x nodefeatures torch.Size([1, 166737, 256])
x nodefeatures torch.Size([1, 166737, 256])
x nodefeatures torch.Size([1, 166737, 256])
Epoch:101, training loss:0.058936028430859246
x nodefeatures torch.Size([1, 146978, 256])
x nodefeatures torch.Size([1, 146978, 256])
x nodefeatures torch.Size([1, 146978, 256])
x nodefeatures torch.Size([1, 166737, 256])
x nodefeatures torch.Size([1, 166737, 256])
x nodefeatures torch.Size([1, 166737, 256])
x nodefeatures torch.Size([1, 130879, 256])
x nodefeatures torch.Size([1, 130879, 256])
x nodefeatures torch.Size([1, 130879, 256])
Epoch:102, training loss:0.05890914176901182
x nodefeatures torch.Size([1, 146978, 256])
x nodefeatures torch.Size([1, 146978, 256])
x nodefeatures torch.Size([1, 146978, 256])
x nodefeatures torch.Size([1, 166737, 256])
x nodefeatures torch.Size([1, 166737, 256])
x nodefeatures torch.Size([1, 166737, 256])
x nodefeatures torch.Size([1, 130879, 256])
x nodefeatures torch.Size([1, 130879, 256])
x nodefeatures torch.Size([1, 130879, 256])
Epoch:103, training loss:0.05849336460232735
x nodefeatures torch.Size([1, 166737, 256])
x nodefeatures torch.Size([1, 166737, 256])
x nodefeatures torch.Size([1, 166737, 256])
x nodefeatures torch.Size([1, 130879, 256])
x nodefeatures torch.Size([1, 130879, 256])
x nodefeatures torch.Size([1, 130879, 256])
x nodefeatures torch.Size([1, 146978, 256])
x nodefeatures torch.Size([1, 146978, 256])
x nodefeatures torch.Size([1, 146978, 256])
Epoch:104, training loss:0.05832160636782646
x nodefeatures torch.Size([1, 130879, 256])
x nodefeatures torch.Size([1, 130879, 256])
x nodefeatures torch.Size([1, 130879, 256])
x nodefeatures torch.Size([1, 166737, 256])
x nodefeatures torch.Size([1, 166737, 256])
x nodefeatures torch.Size([1, 166737, 256])
x nodefeatures torch.Size([1, 146978, 256])
x nodefeatures torch.Size([1, 146978, 256])
x nodefeatures torch.Size([1, 146978, 256])
Epoch:105, training loss:0.05816371738910675
x nodefeatures torch.Size([1, 130879, 256])
x nodefeatures torch.Size([1, 130879, 256])
x nodefeatures torch.Size([1, 130879, 256])
x nodefeatures torch.Size([1, 166737, 256])
x nodefeatures torch.Size([1, 166737, 256])
x nodefeatures torch.Size([1, 166737, 256])
x nodefeatures torch.Size([1, 146978, 256])
x nodefeatures torch.Size([1, 146978, 256])
x nodefeatures torch.Size([1, 146978, 256])
Epoch:106, training loss:0.05840400233864784
x nodefeatures torch.Size([1, 166737, 256])
x nodefeatures torch.Size([1, 166737, 256])
x nodefeatures torch.Size([1, 166737, 256])
x nodefeatures torch.Size([1, 146978, 256])
x nodefeatures torch.Size([1, 146978, 256])
x nodefeatures torch.Size([1, 146978, 256])
x nodefeatures torch.Size([1, 130879, 256])
x nodefeatures torch.Size([1, 130879, 256])
x nodefeatures torch.Size([1, 130879, 256])
Epoch:107, training loss:0.05822454020380974
x nodefeatures torch.Size([1, 166737, 256])
x nodefeatures torch.Size([1, 166737, 256])
x nodefeatures torch.Size([1, 166737, 256])
x nodefeatures torch.Size([1, 130879, 256])
x nodefeatures torch.Size([1, 130879, 256])
x nodefeatures torch.Size([1, 130879, 256])
x nodefeatures torch.Size([1, 146978, 256])
x nodefeatures torch.Size([1, 146978, 256])
x nodefeatures torch.Size([1, 146978, 256])
Epoch:108, training loss:0.05798178414503733
x nodefeatures torch.Size([1, 166737, 256])
x nodefeatures torch.Size([1, 166737, 256])
x nodefeatures torch.Size([1, 166737, 256])
x nodefeatures torch.Size([1, 146978, 256])
x nodefeatures torch.Size([1, 146978, 256])
x nodefeatures torch.Size([1, 146978, 256])
x nodefeatures torch.Size([1, 130879, 256])
x nodefeatures torch.Size([1, 130879, 256])
x nodefeatures torch.Size([1, 130879, 256])
Epoch:109, training loss:0.058119175334771477
x nodefeatures torch.Size([1, 130879, 256])
x nodefeatures torch.Size([1, 130879, 256])
x nodefeatures torch.Size([1, 130879, 256])
x nodefeatures torch.Size([1, 146978, 256])
x nodefeatures torch.Size([1, 146978, 256])
x nodefeatures torch.Size([1, 146978, 256])
x nodefeatures torch.Size([1, 166737, 256])
x nodefeatures torch.Size([1, 166737, 256])
x nodefeatures torch.Size([1, 166737, 256])
Epoch:110, training loss:0.05841993788878123
----------------------------
Start validation ...
x nodefeatures torch.Size([1, 151800, 256])
x nodefeatures torch.Size([1, 151800, 256])
x nodefeatures torch.Size([1, 151800, 256])
Validation error:0.054645261116093025
Save model checkpoints ... 
Maximum allocated GPU memory: 2.44 GiB
Finish validation.
----------------------------
x nodefeatures torch.Size([1, 166737, 256])
x nodefeatures torch.Size([1, 166737, 256])
x nodefeatures torch.Size([1, 166737, 256])
x nodefeatures torch.Size([1, 146978, 256])
x nodefeatures torch.Size([1, 146978, 256])
x nodefeatures torch.Size([1, 146978, 256])
x nodefeatures torch.Size([1, 130879, 256])
x nodefeatures torch.Size([1, 130879, 256])
x nodefeatures torch.Size([1, 130879, 256])
Epoch:111, training loss:0.05857319384813309
x nodefeatures torch.Size([1, 146978, 256])
x nodefeatures torch.Size([1, 146978, 256])
x nodefeatures torch.Size([1, 146978, 256])
x nodefeatures torch.Size([1, 130879, 256])
x nodefeatures torch.Size([1, 130879, 256])
x nodefeatures torch.Size([1, 130879, 256])
x nodefeatures torch.Size([1, 166737, 256])
x nodefeatures torch.Size([1, 166737, 256])
x nodefeatures torch.Size([1, 166737, 256])
Epoch:112, training loss:0.05833762635787328
x nodefeatures torch.Size([1, 130879, 256])
x nodefeatures torch.Size([1, 130879, 256])
x nodefeatures torch.Size([1, 130879, 256])
x nodefeatures torch.Size([1, 146978, 256])
x nodefeatures torch.Size([1, 146978, 256])
x nodefeatures torch.Size([1, 146978, 256])
x nodefeatures torch.Size([1, 166737, 256])
x nodefeatures torch.Size([1, 166737, 256])
x nodefeatures torch.Size([1, 166737, 256])
Epoch:113, training loss:0.057894039899110794
x nodefeatures torch.Size([1, 130879, 256])
x nodefeatures torch.Size([1, 130879, 256])
x nodefeatures torch.Size([1, 130879, 256])
x nodefeatures torch.Size([1, 146978, 256])
x nodefeatures torch.Size([1, 146978, 256])
x nodefeatures torch.Size([1, 146978, 256])
x nodefeatures torch.Size([1, 166737, 256])
x nodefeatures torch.Size([1, 166737, 256])
x nodefeatures torch.Size([1, 166737, 256])
Epoch:114, training loss:0.057847981651624046
x nodefeatures torch.Size([1, 166737, 256])
x nodefeatures torch.Size([1, 166737, 256])
x nodefeatures torch.Size([1, 166737, 256])
x nodefeatures torch.Size([1, 130879, 256])
x nodefeatures torch.Size([1, 130879, 256])
x nodefeatures torch.Size([1, 130879, 256])
x nodefeatures torch.Size([1, 146978, 256])
x nodefeatures torch.Size([1, 146978, 256])
x nodefeatures torch.Size([1, 146978, 256])
Epoch:115, training loss:0.057656036068995796
x nodefeatures torch.Size([1, 130879, 256])
x nodefeatures torch.Size([1, 130879, 256])
x nodefeatures torch.Size([1, 130879, 256])
x nodefeatures torch.Size([1, 166737, 256])
x nodefeatures torch.Size([1, 166737, 256])
x nodefeatures torch.Size([1, 166737, 256])
x nodefeatures torch.Size([1, 146978, 256])
x nodefeatures torch.Size([1, 146978, 256])
x nodefeatures torch.Size([1, 146978, 256])
Epoch:116, training loss:0.057594639559586845
x nodefeatures torch.Size([1, 146978, 256])
x nodefeatures torch.Size([1, 146978, 256])
x nodefeatures torch.Size([1, 146978, 256])
x nodefeatures torch.Size([1, 166737, 256])
x nodefeatures torch.Size([1, 166737, 256])
x nodefeatures torch.Size([1, 166737, 256])
x nodefeatures torch.Size([1, 130879, 256])
x nodefeatures torch.Size([1, 130879, 256])
x nodefeatures torch.Size([1, 130879, 256])
Epoch:117, training loss:0.057628593097130455
x nodefeatures torch.Size([1, 166737, 256])
x nodefeatures torch.Size([1, 166737, 256])
x nodefeatures torch.Size([1, 166737, 256])
x nodefeatures torch.Size([1, 146978, 256])
x nodefeatures torch.Size([1, 146978, 256])
x nodefeatures torch.Size([1, 146978, 256])
x nodefeatures torch.Size([1, 130879, 256])
x nodefeatures torch.Size([1, 130879, 256])
x nodefeatures torch.Size([1, 130879, 256])
Epoch:118, training loss:0.05741017684340477
x nodefeatures torch.Size([1, 166737, 256])
x nodefeatures torch.Size([1, 166737, 256])
x nodefeatures torch.Size([1, 166737, 256])
x nodefeatures torch.Size([1, 146978, 256])
x nodefeatures torch.Size([1, 146978, 256])
x nodefeatures torch.Size([1, 146978, 256])
x nodefeatures torch.Size([1, 130879, 256])
x nodefeatures torch.Size([1, 130879, 256])
x nodefeatures torch.Size([1, 130879, 256])
Epoch:119, training loss:0.05734814330935478
x nodefeatures torch.Size([1, 146978, 256])
x nodefeatures torch.Size([1, 146978, 256])
x nodefeatures torch.Size([1, 146978, 256])
x nodefeatures torch.Size([1, 166737, 256])
x nodefeatures torch.Size([1, 166737, 256])
x nodefeatures torch.Size([1, 166737, 256])
x nodefeatures torch.Size([1, 130879, 256])
x nodefeatures torch.Size([1, 130879, 256])
x nodefeatures torch.Size([1, 130879, 256])
Epoch:120, training loss:0.05736378456155459
----------------------------
Start validation ...
x nodefeatures torch.Size([1, 151800, 256])
x nodefeatures torch.Size([1, 151800, 256])
x nodefeatures torch.Size([1, 151800, 256])
Validation error:0.05331015199772082
Save model checkpoints ... 
Maximum allocated GPU memory: 2.44 GiB
Finish validation.
----------------------------
x nodefeatures torch.Size([1, 166737, 256])
x nodefeatures torch.Size([1, 166737, 256])
x nodefeatures torch.Size([1, 166737, 256])
x nodefeatures torch.Size([1, 146978, 256])
x nodefeatures torch.Size([1, 146978, 256])
x nodefeatures torch.Size([1, 146978, 256])
x nodefeatures torch.Size([1, 130879, 256])
x nodefeatures torch.Size([1, 130879, 256])
x nodefeatures torch.Size([1, 130879, 256])
Epoch:121, training loss:0.057026151567697525
x nodefeatures torch.Size([1, 146978, 256])
x nodefeatures torch.Size([1, 146978, 256])
x nodefeatures torch.Size([1, 146978, 256])
x nodefeatures torch.Size([1, 130879, 256])
x nodefeatures torch.Size([1, 130879, 256])
x nodefeatures torch.Size([1, 130879, 256])
x nodefeatures torch.Size([1, 166737, 256])
x nodefeatures torch.Size([1, 166737, 256])
x nodefeatures torch.Size([1, 166737, 256])
Epoch:122, training loss:0.05693907290697098
x nodefeatures torch.Size([1, 130879, 256])
x nodefeatures torch.Size([1, 130879, 256])
x nodefeatures torch.Size([1, 130879, 256])
x nodefeatures torch.Size([1, 146978, 256])
x nodefeatures torch.Size([1, 146978, 256])
x nodefeatures torch.Size([1, 146978, 256])
x nodefeatures torch.Size([1, 166737, 256])
x nodefeatures torch.Size([1, 166737, 256])
x nodefeatures torch.Size([1, 166737, 256])
Epoch:123, training loss:0.05650013809402784
x nodefeatures torch.Size([1, 166737, 256])
x nodefeatures torch.Size([1, 166737, 256])
x nodefeatures torch.Size([1, 166737, 256])
x nodefeatures torch.Size([1, 130879, 256])
x nodefeatures torch.Size([1, 130879, 256])
x nodefeatures torch.Size([1, 130879, 256])
x nodefeatures torch.Size([1, 146978, 256])
x nodefeatures torch.Size([1, 146978, 256])
x nodefeatures torch.Size([1, 146978, 256])
Epoch:124, training loss:0.05636484548449516
x nodefeatures torch.Size([1, 130879, 256])
x nodefeatures torch.Size([1, 130879, 256])
x nodefeatures torch.Size([1, 130879, 256])
x nodefeatures torch.Size([1, 166737, 256])
x nodefeatures torch.Size([1, 166737, 256])
x nodefeatures torch.Size([1, 166737, 256])
x nodefeatures torch.Size([1, 146978, 256])
x nodefeatures torch.Size([1, 146978, 256])
x nodefeatures torch.Size([1, 146978, 256])
Epoch:125, training loss:0.05616590132315954
x nodefeatures torch.Size([1, 130879, 256])
x nodefeatures torch.Size([1, 130879, 256])
x nodefeatures torch.Size([1, 130879, 256])
x nodefeatures torch.Size([1, 166737, 256])
x nodefeatures torch.Size([1, 166737, 256])
x nodefeatures torch.Size([1, 166737, 256])
x nodefeatures torch.Size([1, 146978, 256])
x nodefeatures torch.Size([1, 146978, 256])
x nodefeatures torch.Size([1, 146978, 256])
Epoch:126, training loss:0.0566394180059433
x nodefeatures torch.Size([1, 146978, 256])
x nodefeatures torch.Size([1, 146978, 256])
x nodefeatures torch.Size([1, 146978, 256])
x nodefeatures torch.Size([1, 130879, 256])
x nodefeatures torch.Size([1, 130879, 256])
x nodefeatures torch.Size([1, 130879, 256])
x nodefeatures torch.Size([1, 166737, 256])
x nodefeatures torch.Size([1, 166737, 256])
x nodefeatures torch.Size([1, 166737, 256])
Epoch:127, training loss:0.05639330049355825
x nodefeatures torch.Size([1, 146978, 256])
x nodefeatures torch.Size([1, 146978, 256])
x nodefeatures torch.Size([1, 146978, 256])
x nodefeatures torch.Size([1, 130879, 256])
x nodefeatures torch.Size([1, 130879, 256])
x nodefeatures torch.Size([1, 130879, 256])
x nodefeatures torch.Size([1, 166737, 256])
x nodefeatures torch.Size([1, 166737, 256])
x nodefeatures torch.Size([1, 166737, 256])
Epoch:128, training loss:0.0561257799466451
x nodefeatures torch.Size([1, 166737, 256])
x nodefeatures torch.Size([1, 166737, 256])
x nodefeatures torch.Size([1, 166737, 256])
x nodefeatures torch.Size([1, 146978, 256])
x nodefeatures torch.Size([1, 146978, 256])
x nodefeatures torch.Size([1, 146978, 256])
x nodefeatures torch.Size([1, 130879, 256])
x nodefeatures torch.Size([1, 130879, 256])
x nodefeatures torch.Size([1, 130879, 256])
Epoch:129, training loss:0.05621330067515373
x nodefeatures torch.Size([1, 166737, 256])
x nodefeatures torch.Size([1, 166737, 256])
x nodefeatures torch.Size([1, 166737, 256])
x nodefeatures torch.Size([1, 130879, 256])
x nodefeatures torch.Size([1, 130879, 256])
x nodefeatures torch.Size([1, 130879, 256])
x nodefeatures torch.Size([1, 146978, 256])
x nodefeatures torch.Size([1, 146978, 256])
x nodefeatures torch.Size([1, 146978, 256])
Epoch:130, training loss:0.05608468254407247
----------------------------
Start validation ...
x nodefeatures torch.Size([1, 151800, 256])
x nodefeatures torch.Size([1, 151800, 256])
x nodefeatures torch.Size([1, 151800, 256])
Validation error:0.052652612794190645
Save model checkpoints ... 
Maximum allocated GPU memory: 2.44 GiB
Finish validation.
----------------------------
x nodefeatures torch.Size([1, 130879, 256])
x nodefeatures torch.Size([1, 130879, 256])
x nodefeatures torch.Size([1, 130879, 256])
x nodefeatures torch.Size([1, 166737, 256])
x nodefeatures torch.Size([1, 166737, 256])
x nodefeatures torch.Size([1, 166737, 256])
x nodefeatures torch.Size([1, 146978, 256])
x nodefeatures torch.Size([1, 146978, 256])
x nodefeatures torch.Size([1, 146978, 256])
Epoch:131, training loss:0.05593723803758621
x nodefeatures torch.Size([1, 146978, 256])
x nodefeatures torch.Size([1, 146978, 256])
x nodefeatures torch.Size([1, 146978, 256])
x nodefeatures torch.Size([1, 130879, 256])
x nodefeatures torch.Size([1, 130879, 256])
x nodefeatures torch.Size([1, 130879, 256])
x nodefeatures torch.Size([1, 166737, 256])
x nodefeatures torch.Size([1, 166737, 256])
x nodefeatures torch.Size([1, 166737, 256])
Epoch:132, training loss:0.056052062660455704
x nodefeatures torch.Size([1, 146978, 256])
x nodefeatures torch.Size([1, 146978, 256])
x nodefeatures torch.Size([1, 146978, 256])
x nodefeatures torch.Size([1, 166737, 256])
x nodefeatures torch.Size([1, 166737, 256])
x nodefeatures torch.Size([1, 166737, 256])
x nodefeatures torch.Size([1, 130879, 256])
x nodefeatures torch.Size([1, 130879, 256])
x nodefeatures torch.Size([1, 130879, 256])
Epoch:133, training loss:0.05625707656145096
x nodefeatures torch.Size([1, 166737, 256])
x nodefeatures torch.Size([1, 166737, 256])
x nodefeatures torch.Size([1, 166737, 256])
x nodefeatures torch.Size([1, 146978, 256])
x nodefeatures torch.Size([1, 146978, 256])
x nodefeatures torch.Size([1, 146978, 256])
x nodefeatures torch.Size([1, 130879, 256])
x nodefeatures torch.Size([1, 130879, 256])
x nodefeatures torch.Size([1, 130879, 256])
Epoch:134, training loss:0.055816383411486946
x nodefeatures torch.Size([1, 146978, 256])
x nodefeatures torch.Size([1, 146978, 256])
x nodefeatures torch.Size([1, 146978, 256])
x nodefeatures torch.Size([1, 130879, 256])
x nodefeatures torch.Size([1, 130879, 256])
x nodefeatures torch.Size([1, 130879, 256])
x nodefeatures torch.Size([1, 166737, 256])
x nodefeatures torch.Size([1, 166737, 256])
x nodefeatures torch.Size([1, 166737, 256])
Epoch:135, training loss:0.0555826835334301
x nodefeatures torch.Size([1, 130879, 256])
x nodefeatures torch.Size([1, 130879, 256])
x nodefeatures torch.Size([1, 130879, 256])
x nodefeatures torch.Size([1, 146978, 256])
x nodefeatures torch.Size([1, 146978, 256])
x nodefeatures torch.Size([1, 146978, 256])
x nodefeatures torch.Size([1, 166737, 256])
x nodefeatures torch.Size([1, 166737, 256])
x nodefeatures torch.Size([1, 166737, 256])
Epoch:136, training loss:0.05566997701923052
x nodefeatures torch.Size([1, 166737, 256])
x nodefeatures torch.Size([1, 166737, 256])
x nodefeatures torch.Size([1, 166737, 256])
x nodefeatures torch.Size([1, 130879, 256])
x nodefeatures torch.Size([1, 130879, 256])
x nodefeatures torch.Size([1, 130879, 256])
x nodefeatures torch.Size([1, 146978, 256])
x nodefeatures torch.Size([1, 146978, 256])
x nodefeatures torch.Size([1, 146978, 256])
Epoch:137, training loss:0.05577141667405764
x nodefeatures torch.Size([1, 166737, 256])
x nodefeatures torch.Size([1, 166737, 256])
x nodefeatures torch.Size([1, 166737, 256])
x nodefeatures torch.Size([1, 130879, 256])
x nodefeatures torch.Size([1, 130879, 256])
x nodefeatures torch.Size([1, 130879, 256])
x nodefeatures torch.Size([1, 146978, 256])
x nodefeatures torch.Size([1, 146978, 256])
x nodefeatures torch.Size([1, 146978, 256])
Epoch:138, training loss:0.0555759792526563
x nodefeatures torch.Size([1, 166737, 256])
x nodefeatures torch.Size([1, 166737, 256])
x nodefeatures torch.Size([1, 166737, 256])
x nodefeatures torch.Size([1, 146978, 256])
x nodefeatures torch.Size([1, 146978, 256])
x nodefeatures torch.Size([1, 146978, 256])
x nodefeatures torch.Size([1, 130879, 256])
x nodefeatures torch.Size([1, 130879, 256])
x nodefeatures torch.Size([1, 130879, 256])
Epoch:139, training loss:0.055383348216613136
x nodefeatures torch.Size([1, 130879, 256])
x nodefeatures torch.Size([1, 130879, 256])
x nodefeatures torch.Size([1, 130879, 256])
x nodefeatures torch.Size([1, 166737, 256])
x nodefeatures torch.Size([1, 166737, 256])
x nodefeatures torch.Size([1, 166737, 256])
x nodefeatures torch.Size([1, 146978, 256])
x nodefeatures torch.Size([1, 146978, 256])
x nodefeatures torch.Size([1, 146978, 256])
Epoch:140, training loss:0.055646312733491264
----------------------------
Start validation ...
x nodefeatures torch.Size([1, 151800, 256])
x nodefeatures torch.Size([1, 151800, 256])
x nodefeatures torch.Size([1, 151800, 256])
Validation error:0.05243747364147566
Save model checkpoints ... 
Maximum allocated GPU memory: 2.44 GiB
Finish validation.
----------------------------
x nodefeatures torch.Size([1, 130879, 256])
x nodefeatures torch.Size([1, 130879, 256])
x nodefeatures torch.Size([1, 130879, 256])
x nodefeatures torch.Size([1, 166737, 256])
x nodefeatures torch.Size([1, 166737, 256])
x nodefeatures torch.Size([1, 166737, 256])
x nodefeatures torch.Size([1, 146978, 256])
x nodefeatures torch.Size([1, 146978, 256])
x nodefeatures torch.Size([1, 146978, 256])
Epoch:141, training loss:0.0554877407848835
x nodefeatures torch.Size([1, 146978, 256])
x nodefeatures torch.Size([1, 146978, 256])
x nodefeatures torch.Size([1, 146978, 256])
x nodefeatures torch.Size([1, 166737, 256])
x nodefeatures torch.Size([1, 166737, 256])
x nodefeatures torch.Size([1, 166737, 256])
x nodefeatures torch.Size([1, 130879, 256])
x nodefeatures torch.Size([1, 130879, 256])
x nodefeatures torch.Size([1, 130879, 256])
Epoch:142, training loss:0.05519172797600428
x nodefeatures torch.Size([1, 130879, 256])
x nodefeatures torch.Size([1, 130879, 256])
x nodefeatures torch.Size([1, 130879, 256])
x nodefeatures torch.Size([1, 146978, 256])
x nodefeatures torch.Size([1, 146978, 256])
x nodefeatures torch.Size([1, 146978, 256])
x nodefeatures torch.Size([1, 166737, 256])
x nodefeatures torch.Size([1, 166737, 256])
x nodefeatures torch.Size([1, 166737, 256])
Epoch:143, training loss:0.05516704420248667
x nodefeatures torch.Size([1, 166737, 256])
x nodefeatures torch.Size([1, 166737, 256])
x nodefeatures torch.Size([1, 166737, 256])
x nodefeatures torch.Size([1, 146978, 256])
x nodefeatures torch.Size([1, 146978, 256])
x nodefeatures torch.Size([1, 146978, 256])
x nodefeatures torch.Size([1, 130879, 256])
x nodefeatures torch.Size([1, 130879, 256])
x nodefeatures torch.Size([1, 130879, 256])
Epoch:144, training loss:0.055294543504714966
x nodefeatures torch.Size([1, 130879, 256])
x nodefeatures torch.Size([1, 130879, 256])
x nodefeatures torch.Size([1, 130879, 256])
x nodefeatures torch.Size([1, 146978, 256])
x nodefeatures torch.Size([1, 146978, 256])
x nodefeatures torch.Size([1, 146978, 256])
x nodefeatures torch.Size([1, 166737, 256])
x nodefeatures torch.Size([1, 166737, 256])
x nodefeatures torch.Size([1, 166737, 256])
Epoch:145, training loss:0.05565047015746435
x nodefeatures torch.Size([1, 166737, 256])
x nodefeatures torch.Size([1, 166737, 256])
x nodefeatures torch.Size([1, 166737, 256])
x nodefeatures torch.Size([1, 146978, 256])
x nodefeatures torch.Size([1, 146978, 256])
x nodefeatures torch.Size([1, 146978, 256])
x nodefeatures torch.Size([1, 130879, 256])
x nodefeatures torch.Size([1, 130879, 256])
x nodefeatures torch.Size([1, 130879, 256])
Epoch:146, training loss:0.05575466652711233
x nodefeatures torch.Size([1, 130879, 256])
x nodefeatures torch.Size([1, 130879, 256])
x nodefeatures torch.Size([1, 130879, 256])
x nodefeatures torch.Size([1, 146978, 256])
x nodefeatures torch.Size([1, 146978, 256])
x nodefeatures torch.Size([1, 146978, 256])
x nodefeatures torch.Size([1, 166737, 256])
x nodefeatures torch.Size([1, 166737, 256])
x nodefeatures torch.Size([1, 166737, 256])
Epoch:147, training loss:0.05611312389373779
x nodefeatures torch.Size([1, 130879, 256])
x nodefeatures torch.Size([1, 130879, 256])
x nodefeatures torch.Size([1, 130879, 256])
x nodefeatures torch.Size([1, 146978, 256])
x nodefeatures torch.Size([1, 146978, 256])
x nodefeatures torch.Size([1, 146978, 256])
x nodefeatures torch.Size([1, 166737, 256])
x nodefeatures torch.Size([1, 166737, 256])
x nodefeatures torch.Size([1, 166737, 256])
Epoch:148, training loss:0.05599924176931381
x nodefeatures torch.Size([1, 166737, 256])
x nodefeatures torch.Size([1, 166737, 256])
x nodefeatures torch.Size([1, 166737, 256])
x nodefeatures torch.Size([1, 146978, 256])
x nodefeatures torch.Size([1, 146978, 256])
x nodefeatures torch.Size([1, 146978, 256])
x nodefeatures torch.Size([1, 130879, 256])
x nodefeatures torch.Size([1, 130879, 256])
x nodefeatures torch.Size([1, 130879, 256])
Epoch:149, training loss:0.055326023449500404
x nodefeatures torch.Size([1, 166737, 256])
x nodefeatures torch.Size([1, 166737, 256])
x nodefeatures torch.Size([1, 166737, 256])
x nodefeatures torch.Size([1, 130879, 256])
x nodefeatures torch.Size([1, 130879, 256])
x nodefeatures torch.Size([1, 130879, 256])
x nodefeatures torch.Size([1, 146978, 256])
x nodefeatures torch.Size([1, 146978, 256])
x nodefeatures torch.Size([1, 146978, 256])
Epoch:150, training loss:0.05522236476341883
----------------------------
Start validation ...
x nodefeatures torch.Size([1, 151800, 256])
x nodefeatures torch.Size([1, 151800, 256])
x nodefeatures torch.Size([1, 151800, 256])
Validation error:0.05216116915107705
Save model checkpoints ... 
Maximum allocated GPU memory: 2.44 GiB
Finish validation.
----------------------------
x nodefeatures torch.Size([1, 130879, 256])
x nodefeatures torch.Size([1, 130879, 256])
x nodefeatures torch.Size([1, 130879, 256])
x nodefeatures torch.Size([1, 146978, 256])
x nodefeatures torch.Size([1, 146978, 256])
x nodefeatures torch.Size([1, 146978, 256])
x nodefeatures torch.Size([1, 166737, 256])
x nodefeatures torch.Size([1, 166737, 256])
x nodefeatures torch.Size([1, 166737, 256])
Epoch:151, training loss:0.0551689142982165
x nodefeatures torch.Size([1, 130879, 256])
x nodefeatures torch.Size([1, 130879, 256])
x nodefeatures torch.Size([1, 130879, 256])
x nodefeatures torch.Size([1, 146978, 256])
x nodefeatures torch.Size([1, 146978, 256])
x nodefeatures torch.Size([1, 146978, 256])
x nodefeatures torch.Size([1, 166737, 256])
x nodefeatures torch.Size([1, 166737, 256])
x nodefeatures torch.Size([1, 166737, 256])
Epoch:152, training loss:0.055188277115424476
x nodefeatures torch.Size([1, 146978, 256])
x nodefeatures torch.Size([1, 146978, 256])
x nodefeatures torch.Size([1, 146978, 256])
x nodefeatures torch.Size([1, 166737, 256])
x nodefeatures torch.Size([1, 166737, 256])
x nodefeatures torch.Size([1, 166737, 256])
x nodefeatures torch.Size([1, 130879, 256])
x nodefeatures torch.Size([1, 130879, 256])
x nodefeatures torch.Size([1, 130879, 256])
Epoch:153, training loss:0.054969957719246544
x nodefeatures torch.Size([1, 166737, 256])
x nodefeatures torch.Size([1, 166737, 256])
x nodefeatures torch.Size([1, 166737, 256])
x nodefeatures torch.Size([1, 146978, 256])
x nodefeatures torch.Size([1, 146978, 256])
x nodefeatures torch.Size([1, 146978, 256])
x nodefeatures torch.Size([1, 130879, 256])
x nodefeatures torch.Size([1, 130879, 256])
x nodefeatures torch.Size([1, 130879, 256])
Epoch:154, training loss:0.05445335308710734
x nodefeatures torch.Size([1, 166737, 256])
x nodefeatures torch.Size([1, 166737, 256])
x nodefeatures torch.Size([1, 166737, 256])
x nodefeatures torch.Size([1, 146978, 256])
x nodefeatures torch.Size([1, 146978, 256])
x nodefeatures torch.Size([1, 146978, 256])
x nodefeatures torch.Size([1, 130879, 256])
x nodefeatures torch.Size([1, 130879, 256])
x nodefeatures torch.Size([1, 130879, 256])
Epoch:155, training loss:0.0547977052628994
x nodefeatures torch.Size([1, 166737, 256])
x nodefeatures torch.Size([1, 166737, 256])
x nodefeatures torch.Size([1, 166737, 256])
x nodefeatures torch.Size([1, 130879, 256])
x nodefeatures torch.Size([1, 130879, 256])
x nodefeatures torch.Size([1, 130879, 256])
x nodefeatures torch.Size([1, 146978, 256])
x nodefeatures torch.Size([1, 146978, 256])
x nodefeatures torch.Size([1, 146978, 256])
Epoch:156, training loss:0.05429132406910261
x nodefeatures torch.Size([1, 166737, 256])
x nodefeatures torch.Size([1, 166737, 256])
x nodefeatures torch.Size([1, 166737, 256])
x nodefeatures torch.Size([1, 130879, 256])
x nodefeatures torch.Size([1, 130879, 256])
x nodefeatures torch.Size([1, 130879, 256])
x nodefeatures torch.Size([1, 146978, 256])
x nodefeatures torch.Size([1, 146978, 256])
x nodefeatures torch.Size([1, 146978, 256])
Epoch:157, training loss:0.054567452520132065
x nodefeatures torch.Size([1, 130879, 256])
x nodefeatures torch.Size([1, 130879, 256])
x nodefeatures torch.Size([1, 130879, 256])
x nodefeatures torch.Size([1, 166737, 256])
x nodefeatures torch.Size([1, 166737, 256])
x nodefeatures torch.Size([1, 166737, 256])
x nodefeatures torch.Size([1, 146978, 256])
x nodefeatures torch.Size([1, 146978, 256])
x nodefeatures torch.Size([1, 146978, 256])
Epoch:158, training loss:0.05435440937678019
x nodefeatures torch.Size([1, 166737, 256])
x nodefeatures torch.Size([1, 166737, 256])
x nodefeatures torch.Size([1, 166737, 256])
x nodefeatures torch.Size([1, 130879, 256])
x nodefeatures torch.Size([1, 130879, 256])
x nodefeatures torch.Size([1, 130879, 256])
x nodefeatures torch.Size([1, 146978, 256])
x nodefeatures torch.Size([1, 146978, 256])
x nodefeatures torch.Size([1, 146978, 256])
Epoch:159, training loss:0.05468811218937238
x nodefeatures torch.Size([1, 146978, 256])
x nodefeatures torch.Size([1, 146978, 256])
x nodefeatures torch.Size([1, 146978, 256])
x nodefeatures torch.Size([1, 130879, 256])
x nodefeatures torch.Size([1, 130879, 256])
x nodefeatures torch.Size([1, 130879, 256])
x nodefeatures torch.Size([1, 166737, 256])
x nodefeatures torch.Size([1, 166737, 256])
x nodefeatures torch.Size([1, 166737, 256])
Epoch:160, training loss:0.054375674575567245
----------------------------
Start validation ...
x nodefeatures torch.Size([1, 151800, 256])
x nodefeatures torch.Size([1, 151800, 256])
x nodefeatures torch.Size([1, 151800, 256])
Validation error:0.05158230123925023
Save model checkpoints ... 
Maximum allocated GPU memory: 2.44 GiB
Finish validation.
----------------------------
x nodefeatures torch.Size([1, 146978, 256])
x nodefeatures torch.Size([1, 146978, 256])
x nodefeatures torch.Size([1, 146978, 256])
x nodefeatures torch.Size([1, 130879, 256])
x nodefeatures torch.Size([1, 130879, 256])
x nodefeatures torch.Size([1, 130879, 256])
x nodefeatures torch.Size([1, 166737, 256])
x nodefeatures torch.Size([1, 166737, 256])
x nodefeatures torch.Size([1, 166737, 256])
Epoch:161, training loss:0.05456402897834778
x nodefeatures torch.Size([1, 146978, 256])
x nodefeatures torch.Size([1, 146978, 256])
x nodefeatures torch.Size([1, 146978, 256])
x nodefeatures torch.Size([1, 166737, 256])
x nodefeatures torch.Size([1, 166737, 256])
x nodefeatures torch.Size([1, 166737, 256])
x nodefeatures torch.Size([1, 130879, 256])
x nodefeatures torch.Size([1, 130879, 256])
x nodefeatures torch.Size([1, 130879, 256])
Epoch:162, training loss:0.05467225983738899
x nodefeatures torch.Size([1, 166737, 256])
x nodefeatures torch.Size([1, 166737, 256])
x nodefeatures torch.Size([1, 166737, 256])
x nodefeatures torch.Size([1, 146978, 256])
x nodefeatures torch.Size([1, 146978, 256])
x nodefeatures torch.Size([1, 146978, 256])
x nodefeatures torch.Size([1, 130879, 256])
x nodefeatures torch.Size([1, 130879, 256])
x nodefeatures torch.Size([1, 130879, 256])
Epoch:163, training loss:0.05408791576822599
x nodefeatures torch.Size([1, 130879, 256])
x nodefeatures torch.Size([1, 130879, 256])
x nodefeatures torch.Size([1, 130879, 256])
x nodefeatures torch.Size([1, 166737, 256])
x nodefeatures torch.Size([1, 166737, 256])
x nodefeatures torch.Size([1, 166737, 256])
x nodefeatures torch.Size([1, 146978, 256])
x nodefeatures torch.Size([1, 146978, 256])
x nodefeatures torch.Size([1, 146978, 256])
Epoch:164, training loss:0.05397846798102061
x nodefeatures torch.Size([1, 130879, 256])
x nodefeatures torch.Size([1, 130879, 256])
x nodefeatures torch.Size([1, 130879, 256])
x nodefeatures torch.Size([1, 166737, 256])
x nodefeatures torch.Size([1, 166737, 256])
x nodefeatures torch.Size([1, 166737, 256])
x nodefeatures torch.Size([1, 146978, 256])
x nodefeatures torch.Size([1, 146978, 256])
x nodefeatures torch.Size([1, 146978, 256])
Epoch:165, training loss:0.054407003025213875
x nodefeatures torch.Size([1, 166737, 256])
x nodefeatures torch.Size([1, 166737, 256])
x nodefeatures torch.Size([1, 166737, 256])
x nodefeatures torch.Size([1, 130879, 256])
x nodefeatures torch.Size([1, 130879, 256])
x nodefeatures torch.Size([1, 130879, 256])
x nodefeatures torch.Size([1, 146978, 256])
x nodefeatures torch.Size([1, 146978, 256])
x nodefeatures torch.Size([1, 146978, 256])
Epoch:166, training loss:0.05397337923447291
x nodefeatures torch.Size([1, 166737, 256])
x nodefeatures torch.Size([1, 166737, 256])
x nodefeatures torch.Size([1, 166737, 256])
x nodefeatures torch.Size([1, 146978, 256])
x nodefeatures torch.Size([1, 146978, 256])
x nodefeatures torch.Size([1, 146978, 256])
x nodefeatures torch.Size([1, 130879, 256])
x nodefeatures torch.Size([1, 130879, 256])
x nodefeatures torch.Size([1, 130879, 256])
Epoch:167, training loss:0.053848475217819214
x nodefeatures torch.Size([1, 130879, 256])
x nodefeatures torch.Size([1, 130879, 256])
x nodefeatures torch.Size([1, 130879, 256])
x nodefeatures torch.Size([1, 146978, 256])
x nodefeatures torch.Size([1, 146978, 256])
x nodefeatures torch.Size([1, 146978, 256])
x nodefeatures torch.Size([1, 166737, 256])
x nodefeatures torch.Size([1, 166737, 256])
x nodefeatures torch.Size([1, 166737, 256])
Epoch:168, training loss:0.05395575861136118
x nodefeatures torch.Size([1, 146978, 256])
x nodefeatures torch.Size([1, 146978, 256])
x nodefeatures torch.Size([1, 146978, 256])
x nodefeatures torch.Size([1, 166737, 256])
x nodefeatures torch.Size([1, 166737, 256])
x nodefeatures torch.Size([1, 166737, 256])
x nodefeatures torch.Size([1, 130879, 256])
x nodefeatures torch.Size([1, 130879, 256])
x nodefeatures torch.Size([1, 130879, 256])
Epoch:169, training loss:0.0539113978544871
x nodefeatures torch.Size([1, 166737, 256])
x nodefeatures torch.Size([1, 166737, 256])
x nodefeatures torch.Size([1, 166737, 256])
x nodefeatures torch.Size([1, 130879, 256])
x nodefeatures torch.Size([1, 130879, 256])
x nodefeatures torch.Size([1, 130879, 256])
x nodefeatures torch.Size([1, 146978, 256])
x nodefeatures torch.Size([1, 146978, 256])
x nodefeatures torch.Size([1, 146978, 256])
Epoch:170, training loss:0.05414618303378423
----------------------------
Start validation ...
x nodefeatures torch.Size([1, 151800, 256])
x nodefeatures torch.Size([1, 151800, 256])
x nodefeatures torch.Size([1, 151800, 256])
Validation error:0.05096371751278639
Save model checkpoints ... 
Maximum allocated GPU memory: 2.44 GiB
Finish validation.
----------------------------
x nodefeatures torch.Size([1, 146978, 256])
x nodefeatures torch.Size([1, 146978, 256])
x nodefeatures torch.Size([1, 146978, 256])
x nodefeatures torch.Size([1, 166737, 256])
x nodefeatures torch.Size([1, 166737, 256])
x nodefeatures torch.Size([1, 166737, 256])
x nodefeatures torch.Size([1, 130879, 256])
x nodefeatures torch.Size([1, 130879, 256])
x nodefeatures torch.Size([1, 130879, 256])
Epoch:171, training loss:0.05413257827361425
x nodefeatures torch.Size([1, 130879, 256])
x nodefeatures torch.Size([1, 130879, 256])
x nodefeatures torch.Size([1, 130879, 256])
x nodefeatures torch.Size([1, 146978, 256])
x nodefeatures torch.Size([1, 146978, 256])
x nodefeatures torch.Size([1, 146978, 256])
x nodefeatures torch.Size([1, 166737, 256])
x nodefeatures torch.Size([1, 166737, 256])
x nodefeatures torch.Size([1, 166737, 256])
Epoch:172, training loss:0.0546695701777935
x nodefeatures torch.Size([1, 130879, 256])
x nodefeatures torch.Size([1, 130879, 256])
x nodefeatures torch.Size([1, 130879, 256])
x nodefeatures torch.Size([1, 166737, 256])
x nodefeatures torch.Size([1, 166737, 256])
x nodefeatures torch.Size([1, 166737, 256])
x nodefeatures torch.Size([1, 146978, 256])
x nodefeatures torch.Size([1, 146978, 256])
x nodefeatures torch.Size([1, 146978, 256])
Epoch:173, training loss:0.054952376832564674
x nodefeatures torch.Size([1, 130879, 256])
x nodefeatures torch.Size([1, 130879, 256])
x nodefeatures torch.Size([1, 130879, 256])
x nodefeatures torch.Size([1, 146978, 256])
x nodefeatures torch.Size([1, 146978, 256])
x nodefeatures torch.Size([1, 146978, 256])
x nodefeatures torch.Size([1, 166737, 256])
x nodefeatures torch.Size([1, 166737, 256])
x nodefeatures torch.Size([1, 166737, 256])
Epoch:174, training loss:0.05404578894376755
x nodefeatures torch.Size([1, 130879, 256])
x nodefeatures torch.Size([1, 130879, 256])
x nodefeatures torch.Size([1, 130879, 256])
x nodefeatures torch.Size([1, 146978, 256])
x nodefeatures torch.Size([1, 146978, 256])
x nodefeatures torch.Size([1, 146978, 256])
x nodefeatures torch.Size([1, 166737, 256])
x nodefeatures torch.Size([1, 166737, 256])
x nodefeatures torch.Size([1, 166737, 256])
Epoch:175, training loss:0.053808206071456276
x nodefeatures torch.Size([1, 166737, 256])
x nodefeatures torch.Size([1, 166737, 256])
x nodefeatures torch.Size([1, 166737, 256])
x nodefeatures torch.Size([1, 146978, 256])
x nodefeatures torch.Size([1, 146978, 256])
x nodefeatures torch.Size([1, 146978, 256])
x nodefeatures torch.Size([1, 130879, 256])
x nodefeatures torch.Size([1, 130879, 256])
x nodefeatures torch.Size([1, 130879, 256])
Epoch:176, training loss:0.053685867538054786
x nodefeatures torch.Size([1, 130879, 256])
x nodefeatures torch.Size([1, 130879, 256])
x nodefeatures torch.Size([1, 130879, 256])
x nodefeatures torch.Size([1, 166737, 256])
x nodefeatures torch.Size([1, 166737, 256])
x nodefeatures torch.Size([1, 166737, 256])
x nodefeatures torch.Size([1, 146978, 256])
x nodefeatures torch.Size([1, 146978, 256])
x nodefeatures torch.Size([1, 146978, 256])
Epoch:177, training loss:0.05376219873627027
x nodefeatures torch.Size([1, 166737, 256])
x nodefeatures torch.Size([1, 166737, 256])
x nodefeatures torch.Size([1, 166737, 256])
x nodefeatures torch.Size([1, 130879, 256])
x nodefeatures torch.Size([1, 130879, 256])
x nodefeatures torch.Size([1, 130879, 256])
x nodefeatures torch.Size([1, 146978, 256])
x nodefeatures torch.Size([1, 146978, 256])
x nodefeatures torch.Size([1, 146978, 256])
Epoch:178, training loss:0.05390237892667452
x nodefeatures torch.Size([1, 146978, 256])
x nodefeatures torch.Size([1, 146978, 256])
x nodefeatures torch.Size([1, 146978, 256])
x nodefeatures torch.Size([1, 130879, 256])
x nodefeatures torch.Size([1, 130879, 256])
x nodefeatures torch.Size([1, 130879, 256])
x nodefeatures torch.Size([1, 166737, 256])
x nodefeatures torch.Size([1, 166737, 256])
x nodefeatures torch.Size([1, 166737, 256])
Epoch:179, training loss:0.05339867745836576
x nodefeatures torch.Size([1, 130879, 256])
x nodefeatures torch.Size([1, 130879, 256])
x nodefeatures torch.Size([1, 130879, 256])
x nodefeatures torch.Size([1, 146978, 256])
x nodefeatures torch.Size([1, 146978, 256])
x nodefeatures torch.Size([1, 146978, 256])
x nodefeatures torch.Size([1, 166737, 256])
x nodefeatures torch.Size([1, 166737, 256])
x nodefeatures torch.Size([1, 166737, 256])
Epoch:180, training loss:0.05321049690246582
----------------------------
Start validation ...
x nodefeatures torch.Size([1, 151800, 256])
x nodefeatures torch.Size([1, 151800, 256])
x nodefeatures torch.Size([1, 151800, 256])
Validation error:0.05029936437495053
Save model checkpoints ... 
Maximum allocated GPU memory: 2.44 GiB
Finish validation.
----------------------------
x nodefeatures torch.Size([1, 130879, 256])
x nodefeatures torch.Size([1, 130879, 256])
x nodefeatures torch.Size([1, 130879, 256])
x nodefeatures torch.Size([1, 146978, 256])
x nodefeatures torch.Size([1, 146978, 256])
x nodefeatures torch.Size([1, 146978, 256])
x nodefeatures torch.Size([1, 166737, 256])
x nodefeatures torch.Size([1, 166737, 256])
x nodefeatures torch.Size([1, 166737, 256])
Epoch:181, training loss:0.05307659382621447
x nodefeatures torch.Size([1, 146978, 256])
x nodefeatures torch.Size([1, 146978, 256])
x nodefeatures torch.Size([1, 146978, 256])
x nodefeatures torch.Size([1, 130879, 256])
x nodefeatures torch.Size([1, 130879, 256])
x nodefeatures torch.Size([1, 130879, 256])
x nodefeatures torch.Size([1, 166737, 256])
x nodefeatures torch.Size([1, 166737, 256])
x nodefeatures torch.Size([1, 166737, 256])
Epoch:182, training loss:0.05344998215635618
x nodefeatures torch.Size([1, 166737, 256])
x nodefeatures torch.Size([1, 166737, 256])
x nodefeatures torch.Size([1, 166737, 256])
x nodefeatures torch.Size([1, 130879, 256])
x nodefeatures torch.Size([1, 130879, 256])
x nodefeatures torch.Size([1, 130879, 256])
x nodefeatures torch.Size([1, 146978, 256])
x nodefeatures torch.Size([1, 146978, 256])
x nodefeatures torch.Size([1, 146978, 256])
Epoch:183, training loss:0.053151762733856835
x nodefeatures torch.Size([1, 146978, 256])
x nodefeatures torch.Size([1, 146978, 256])
x nodefeatures torch.Size([1, 146978, 256])
x nodefeatures torch.Size([1, 130879, 256])
x nodefeatures torch.Size([1, 130879, 256])
x nodefeatures torch.Size([1, 130879, 256])
x nodefeatures torch.Size([1, 166737, 256])
x nodefeatures torch.Size([1, 166737, 256])
x nodefeatures torch.Size([1, 166737, 256])
Epoch:184, training loss:0.05305449043711027
x nodefeatures torch.Size([1, 166737, 256])
x nodefeatures torch.Size([1, 166737, 256])
x nodefeatures torch.Size([1, 166737, 256])
x nodefeatures torch.Size([1, 146978, 256])
x nodefeatures torch.Size([1, 146978, 256])
x nodefeatures torch.Size([1, 146978, 256])
x nodefeatures torch.Size([1, 130879, 256])
x nodefeatures torch.Size([1, 130879, 256])
x nodefeatures torch.Size([1, 130879, 256])
Epoch:185, training loss:0.05312484378616015
x nodefeatures torch.Size([1, 166737, 256])
x nodefeatures torch.Size([1, 166737, 256])
x nodefeatures torch.Size([1, 166737, 256])
x nodefeatures torch.Size([1, 146978, 256])
x nodefeatures torch.Size([1, 146978, 256])
x nodefeatures torch.Size([1, 146978, 256])
x nodefeatures torch.Size([1, 130879, 256])
x nodefeatures torch.Size([1, 130879, 256])
x nodefeatures torch.Size([1, 130879, 256])
Epoch:186, training loss:0.05273740862806638
x nodefeatures torch.Size([1, 130879, 256])
x nodefeatures torch.Size([1, 130879, 256])
x nodefeatures torch.Size([1, 130879, 256])
x nodefeatures torch.Size([1, 166737, 256])
x nodefeatures torch.Size([1, 166737, 256])
x nodefeatures torch.Size([1, 166737, 256])
x nodefeatures torch.Size([1, 146978, 256])
x nodefeatures torch.Size([1, 146978, 256])
x nodefeatures torch.Size([1, 146978, 256])
Epoch:187, training loss:0.052671317011117935
x nodefeatures torch.Size([1, 166737, 256])
x nodefeatures torch.Size([1, 166737, 256])
x nodefeatures torch.Size([1, 166737, 256])
x nodefeatures torch.Size([1, 130879, 256])
x nodefeatures torch.Size([1, 130879, 256])
x nodefeatures torch.Size([1, 130879, 256])
x nodefeatures torch.Size([1, 146978, 256])
x nodefeatures torch.Size([1, 146978, 256])
x nodefeatures torch.Size([1, 146978, 256])
Epoch:188, training loss:0.052753932774066925
x nodefeatures torch.Size([1, 130879, 256])
x nodefeatures torch.Size([1, 130879, 256])
x nodefeatures torch.Size([1, 130879, 256])
x nodefeatures torch.Size([1, 146978, 256])
x nodefeatures torch.Size([1, 146978, 256])
x nodefeatures torch.Size([1, 146978, 256])
x nodefeatures torch.Size([1, 166737, 256])
x nodefeatures torch.Size([1, 166737, 256])
x nodefeatures torch.Size([1, 166737, 256])
Epoch:189, training loss:0.05258228133122126
x nodefeatures torch.Size([1, 166737, 256])
x nodefeatures torch.Size([1, 166737, 256])
x nodefeatures torch.Size([1, 166737, 256])
x nodefeatures torch.Size([1, 130879, 256])
x nodefeatures torch.Size([1, 130879, 256])
x nodefeatures torch.Size([1, 130879, 256])
x nodefeatures torch.Size([1, 146978, 256])
x nodefeatures torch.Size([1, 146978, 256])
x nodefeatures torch.Size([1, 146978, 256])
Epoch:190, training loss:0.053111299872398376
----------------------------
Start validation ...
x nodefeatures torch.Size([1, 151800, 256])
x nodefeatures torch.Size([1, 151800, 256])
x nodefeatures torch.Size([1, 151800, 256])
Validation error:0.050668259063968435
Save model checkpoints ... 
Maximum allocated GPU memory: 2.44 GiB
Finish validation.
----------------------------
x nodefeatures torch.Size([1, 146978, 256])
x nodefeatures torch.Size([1, 146978, 256])
x nodefeatures torch.Size([1, 146978, 256])
x nodefeatures torch.Size([1, 130879, 256])
x nodefeatures torch.Size([1, 130879, 256])
x nodefeatures torch.Size([1, 130879, 256])
x nodefeatures torch.Size([1, 166737, 256])
x nodefeatures torch.Size([1, 166737, 256])
x nodefeatures torch.Size([1, 166737, 256])
Epoch:191, training loss:0.052902394284804664
x nodefeatures torch.Size([1, 166737, 256])
x nodefeatures torch.Size([1, 166737, 256])
x nodefeatures torch.Size([1, 166737, 256])
x nodefeatures torch.Size([1, 146978, 256])
x nodefeatures torch.Size([1, 146978, 256])
x nodefeatures torch.Size([1, 146978, 256])
x nodefeatures torch.Size([1, 130879, 256])
x nodefeatures torch.Size([1, 130879, 256])
x nodefeatures torch.Size([1, 130879, 256])
Epoch:192, training loss:0.05250472202897072
x nodefeatures torch.Size([1, 130879, 256])
x nodefeatures torch.Size([1, 130879, 256])
x nodefeatures torch.Size([1, 130879, 256])
x nodefeatures torch.Size([1, 146978, 256])
x nodefeatures torch.Size([1, 146978, 256])
x nodefeatures torch.Size([1, 146978, 256])
x nodefeatures torch.Size([1, 166737, 256])
x nodefeatures torch.Size([1, 166737, 256])
x nodefeatures torch.Size([1, 166737, 256])
Epoch:193, training loss:0.052686059226592384
x nodefeatures torch.Size([1, 166737, 256])
x nodefeatures torch.Size([1, 166737, 256])
x nodefeatures torch.Size([1, 166737, 256])
x nodefeatures torch.Size([1, 130879, 256])
x nodefeatures torch.Size([1, 130879, 256])
x nodefeatures torch.Size([1, 130879, 256])
x nodefeatures torch.Size([1, 146978, 256])
x nodefeatures torch.Size([1, 146978, 256])
x nodefeatures torch.Size([1, 146978, 256])
Epoch:194, training loss:0.05352910359700521
x nodefeatures torch.Size([1, 130879, 256])
x nodefeatures torch.Size([1, 130879, 256])
x nodefeatures torch.Size([1, 130879, 256])
x nodefeatures torch.Size([1, 166737, 256])
x nodefeatures torch.Size([1, 166737, 256])
x nodefeatures torch.Size([1, 166737, 256])
x nodefeatures torch.Size([1, 146978, 256])
x nodefeatures torch.Size([1, 146978, 256])
x nodefeatures torch.Size([1, 146978, 256])
Epoch:195, training loss:0.05314039314786593
x nodefeatures torch.Size([1, 166737, 256])
x nodefeatures torch.Size([1, 166737, 256])
x nodefeatures torch.Size([1, 166737, 256])
x nodefeatures torch.Size([1, 130879, 256])
x nodefeatures torch.Size([1, 130879, 256])
x nodefeatures torch.Size([1, 130879, 256])
x nodefeatures torch.Size([1, 146978, 256])
x nodefeatures torch.Size([1, 146978, 256])
x nodefeatures torch.Size([1, 146978, 256])
Epoch:196, training loss:0.05354092766841253
x nodefeatures torch.Size([1, 130879, 256])
x nodefeatures torch.Size([1, 130879, 256])
x nodefeatures torch.Size([1, 130879, 256])
x nodefeatures torch.Size([1, 146978, 256])
x nodefeatures torch.Size([1, 146978, 256])
x nodefeatures torch.Size([1, 146978, 256])
x nodefeatures torch.Size([1, 166737, 256])
x nodefeatures torch.Size([1, 166737, 256])
x nodefeatures torch.Size([1, 166737, 256])
Epoch:197, training loss:0.05297356719772021
x nodefeatures torch.Size([1, 130879, 256])
x nodefeatures torch.Size([1, 130879, 256])
x nodefeatures torch.Size([1, 130879, 256])
x nodefeatures torch.Size([1, 146978, 256])
x nodefeatures torch.Size([1, 146978, 256])
x nodefeatures torch.Size([1, 146978, 256])
x nodefeatures torch.Size([1, 166737, 256])
x nodefeatures torch.Size([1, 166737, 256])
x nodefeatures torch.Size([1, 166737, 256])
Epoch:198, training loss:0.05461198091506958
x nodefeatures torch.Size([1, 146978, 256])
x nodefeatures torch.Size([1, 146978, 256])
x nodefeatures torch.Size([1, 146978, 256])
x nodefeatures torch.Size([1, 166737, 256])
x nodefeatures torch.Size([1, 166737, 256])
x nodefeatures torch.Size([1, 166737, 256])
x nodefeatures torch.Size([1, 130879, 256])
x nodefeatures torch.Size([1, 130879, 256])
x nodefeatures torch.Size([1, 130879, 256])
Epoch:199, training loss:0.054035454988479614
x nodefeatures torch.Size([1, 166737, 256])
x nodefeatures torch.Size([1, 166737, 256])
x nodefeatures torch.Size([1, 166737, 256])
x nodefeatures torch.Size([1, 146978, 256])
x nodefeatures torch.Size([1, 146978, 256])
x nodefeatures torch.Size([1, 146978, 256])
x nodefeatures torch.Size([1, 130879, 256])
x nodefeatures torch.Size([1, 130879, 256])
x nodefeatures torch.Size([1, 130879, 256])
Epoch:200, training loss:0.05293328563372294
----------------------------
Start validation ...
x nodefeatures torch.Size([1, 151800, 256])
x nodefeatures torch.Size([1, 151800, 256])
x nodefeatures torch.Size([1, 151800, 256])
Validation error:0.04945564069203101
Save model checkpoints ... 
Maximum allocated GPU memory: 2.44 GiB
Finish validation.
----------------------------
Finish training.
----------------------------
D
CC
