aa
bb
A
B
C
----------------------------
Start loading dataset ...
numbers 100206
numbers 100307
numbers 100408
numbers 100610
Finish loading dataset. There are total 4 subjects.
----------------------------
Start loading model ...
number of channels 128
K value 5
Finish loading model
----------------------------
Start training 200 epochs ...
i progress 0
v gt shape torch.Size([1, 130879, 3])
v start end 0 32719
sub mesh extracted torch.Size([1, 32719, 3]) torch.Size([1, 64752, 3])
first
v_in device: cpu
f_in device: cpu
D
CC
