aa
bb
A
B
C
----------------------------
Start loading dataset ...
numbers 100206
numbers 100307
numbers 100408
numbers 100610
Finish loading dataset. There are total 4 subjects.
----------------------------
Start loading model ...
Finish loading model
----------------------------
Start training 200 epochs ...
volume_in <class 'torch.Tensor'>
v_gt <class 'torch.Tensor'>
f_gt <class 'torch.Tensor'>
v_in <class 'torch.Tensor'>
f_in <class 'torch.Tensor'>
_subject_id <class 'torch.Tensor'>
volume_in torch.Size([1, 1, 192, 224, 192])
v_gt torch.Size([1, 166737, 3])
f_gt torch.Size([1, 333470, 3])
v_in torch.Size([1, 166737, 3])
f_in torch.Size([1, 333470, 3])
_subject_id torch.Size([1])
v <class 'torch.Tensor'>
f <class 'torch.Tensor'>
volume <class 'torch.Tensor'>
v_out <class 'torch.Tensor'>
v_out torch.Size([1, 166737, 3])
exiting
D
CC
