aa
bb
A
B
C
----------------------------
Start loading dataset ...
numbers 100206
numbers 100307
numbers 100408
numbers 100610
Finish loading dataset. There are total 4 subjects.
----------------------------
Start loading model ...
Finish loading model
----------------------------
Start training 200 epochs ...
Epoch:0, training loss:0.23241417606671652
----------------------------
Start validation ...
Validation error:0.23241417606671652
Save model checkpoints ... 
Finish validation.
----------------------------
Epoch:1, training loss:0.1334421435991923
Epoch:2, training loss:0.0948304533958435
Epoch:3, training loss:0.09761339922746022
Epoch:4, training loss:0.10242509593566258
Epoch:5, training loss:0.10108839223782222
Epoch:6, training loss:0.09414734443028767
Epoch:7, training loss:0.08883608380953471
Epoch:8, training loss:0.0872943103313446
Epoch:9, training loss:0.08796146263678868
Epoch:10, training loss:0.0881849726041158
----------------------------
Start validation ...
Validation error:0.0881849726041158
Save model checkpoints ... 
Finish validation.
----------------------------
Epoch:11, training loss:0.08738597979148229
Epoch:12, training loss:0.08596781144539516
Epoch:13, training loss:0.0852225199341774
Epoch:14, training loss:0.08491807927687962
Epoch:15, training loss:0.08487575749556224
Epoch:16, training loss:0.08450626581907272
Epoch:17, training loss:0.08398221929868062
Epoch:18, training loss:0.08353463311990102
Epoch:19, training loss:0.08325915535291036
Epoch:20, training loss:0.08295933902263641
----------------------------
Start validation ...
Validation error:0.08295933902263641
Save model checkpoints ... 
Finish validation.
----------------------------
Epoch:21, training loss:0.08270667244990666
Epoch:22, training loss:0.08228004972139995
Epoch:23, training loss:0.08202991137901942
Epoch:24, training loss:0.08171410361925761
Epoch:25, training loss:0.08147239436705907
Epoch:26, training loss:0.08119335770606995
Epoch:27, training loss:0.08092945565780003
Epoch:28, training loss:0.08066425720850627
Epoch:29, training loss:0.08043176184097926
Epoch:30, training loss:0.0802028626203537
----------------------------
Start validation ...
Validation error:0.0802028626203537
Save model checkpoints ... 
Finish validation.
----------------------------
Epoch:31, training loss:0.07996908575296402
Epoch:32, training loss:0.07983376582463582
Epoch:33, training loss:0.07965819537639618
Epoch:34, training loss:0.07945690055688222
Epoch:35, training loss:0.07920525719722112
Epoch:36, training loss:0.07899730900923412
Epoch:37, training loss:0.07878297567367554
Epoch:38, training loss:0.07857584704955418
Epoch:39, training loss:0.07839167366425197
Epoch:40, training loss:0.07819497336943944
----------------------------
Start validation ...
Validation error:0.07819497336943944
Save model checkpoints ... 
Finish validation.
----------------------------
Epoch:41, training loss:0.07806239525477092
Epoch:42, training loss:0.0779247557123502
Epoch:43, training loss:0.07782008747259776
Epoch:44, training loss:0.07764104753732681
Epoch:45, training loss:0.07758530229330063
Epoch:46, training loss:0.07742565125226974
Epoch:47, training loss:0.07721429069836934
Epoch:48, training loss:0.07716099421183269
Epoch:49, training loss:0.0770521139105161
Epoch:50, training loss:0.07693758606910706
----------------------------
Start validation ...
Validation error:0.07693758606910706
Save model checkpoints ... 
Finish validation.
----------------------------
Epoch:51, training loss:0.07681350409984589
Epoch:52, training loss:0.07670834412177403
Epoch:53, training loss:0.07659964511791865
Epoch:54, training loss:0.0765685314933459
Epoch:55, training loss:0.07650904357433319
Epoch:56, training loss:0.07662916431824367
Epoch:57, training loss:0.07632124423980713
Epoch:58, training loss:0.07630086690187454
Epoch:59, training loss:0.07649496446053188
Epoch:60, training loss:0.07684155305226643
----------------------------
Start validation ...
Validation error:0.07684155305226643
Save model checkpoints ... 
Finish validation.
----------------------------
Epoch:61, training loss:0.0766602133711179
Epoch:62, training loss:0.07654180874427159
Epoch:63, training loss:0.07629728813966115
Epoch:64, training loss:0.07622293879588445
Epoch:65, training loss:0.07599369684855144
Epoch:66, training loss:0.07574879129727681
Epoch:67, training loss:0.0755598321557045
Epoch:68, training loss:0.07550742973883946
Epoch:69, training loss:0.0755297914147377
Epoch:70, training loss:0.07543106873830159
----------------------------
Start validation ...
Validation error:0.07543106873830159
Save model checkpoints ... 
Finish validation.
----------------------------
Epoch:71, training loss:0.07534655680259068
Epoch:72, training loss:0.07523466149965923
Epoch:73, training loss:0.07514437784751256
Epoch:74, training loss:0.07511499772469203
Epoch:75, training loss:0.07516128569841385
Epoch:76, training loss:0.07497866948445638
Epoch:77, training loss:0.07497624804576238
Epoch:78, training loss:0.07497809578975041
Epoch:79, training loss:0.07488095015287399
Epoch:80, training loss:0.07484515011310577
----------------------------
Start validation ...
Validation error:0.07484515011310577
Save model checkpoints ... 
Finish validation.
----------------------------
Epoch:81, training loss:0.07480346411466599
Epoch:82, training loss:0.07473687330881755
Epoch:83, training loss:0.07478530208269756
Epoch:84, training loss:0.07453535248835881
Epoch:85, training loss:0.07446517546971639
Epoch:86, training loss:0.0746308962504069
Epoch:87, training loss:0.074861245850722
Epoch:88, training loss:0.07467084378004074
Epoch:89, training loss:0.07432369142770767
Epoch:90, training loss:0.07411867131789525
----------------------------
Start validation ...
Validation error:0.07411867131789525
Save model checkpoints ... 
Finish validation.
----------------------------
Epoch:91, training loss:0.07406238714853923
Epoch:92, training loss:0.07399403552214305
Epoch:93, training loss:0.07399624834458034
Epoch:94, training loss:0.07393055905898412
Epoch:95, training loss:0.07396627962589264
Epoch:96, training loss:0.07411306351423264
Epoch:97, training loss:0.07402760038773219
Epoch:98, training loss:0.07387561351060867
Epoch:99, training loss:0.07398078590631485
Epoch:100, training loss:0.07364963243405025
----------------------------
Start validation ...
Validation error:0.07364963243405025
Save model checkpoints ... 
Finish validation.
----------------------------
Epoch:101, training loss:0.07357017447551091
Epoch:102, training loss:0.0735685055454572
Epoch:103, training loss:0.07336511959632237
Epoch:104, training loss:0.0734049528837204
Epoch:105, training loss:0.07320007433493932
Epoch:106, training loss:0.07340672612190247
Epoch:107, training loss:0.073157233496507
Epoch:108, training loss:0.07320623099803925
Epoch:109, training loss:0.07316791514555614
Epoch:110, training loss:0.07314402610063553
----------------------------
Start validation ...
Validation error:0.07314402610063553
Save model checkpoints ... 
Finish validation.
----------------------------
Epoch:111, training loss:0.07327662905057271
Epoch:112, training loss:0.07321664194266002
Epoch:113, training loss:0.07307825982570648
Epoch:114, training loss:0.07300417870283127
Epoch:115, training loss:0.07304618507623672
Epoch:116, training loss:0.07286047687133153
Epoch:117, training loss:0.0727214589715004
Epoch:118, training loss:0.07259843498468399
Epoch:119, training loss:0.07279859731594722
Epoch:120, training loss:0.07259411364793777
----------------------------
Start validation ...
Validation error:0.07259411364793777
Save model checkpoints ... 
Finish validation.
----------------------------
Epoch:121, training loss:0.07239343722661336
Epoch:122, training loss:0.0723344013094902
Epoch:123, training loss:0.07225604106982549
Epoch:124, training loss:0.07212777187426885
Epoch:125, training loss:0.07235302776098251
Epoch:126, training loss:0.07194441556930542
Epoch:127, training loss:0.0719657118121783
Epoch:128, training loss:0.07187789430220921
Epoch:129, training loss:0.07180440922578175
Epoch:130, training loss:0.07174645860989888
----------------------------
Start validation ...
Validation error:0.07174645860989888
Save model checkpoints ... 
Finish validation.
----------------------------
Epoch:131, training loss:0.0715835268298785
Epoch:132, training loss:0.07171944280465443
Epoch:133, training loss:0.07167802254358928
Epoch:134, training loss:0.0715929518143336
Epoch:135, training loss:0.07146262874205907
Epoch:136, training loss:0.07137863337993622
Epoch:137, training loss:0.07118882238864899
Epoch:138, training loss:0.07113930583000183
Epoch:139, training loss:0.07117878397305806
Epoch:140, training loss:0.07126150280237198
----------------------------
Start validation ...
Validation error:0.07126150280237198
Save model checkpoints ... 
Finish validation.
----------------------------
Epoch:141, training loss:0.07125539829333623
Epoch:142, training loss:0.0711929773290952
Epoch:143, training loss:0.07102008660634358
Epoch:144, training loss:0.07087952643632889
Epoch:145, training loss:0.07079379012187322
Epoch:146, training loss:0.07070726901292801
Epoch:147, training loss:0.07067648321390152
Epoch:148, training loss:0.07075917472441991
Epoch:149, training loss:0.07048552980025609
Epoch:150, training loss:0.07040684421857198
----------------------------
Start validation ...
Validation error:0.07040684421857198
Save model checkpoints ... 
Finish validation.
----------------------------
Epoch:151, training loss:0.07047231743733089
Epoch:152, training loss:0.07031088570753734
Epoch:153, training loss:0.0702993373076121
Epoch:154, training loss:0.0701055775086085
Epoch:155, training loss:0.07015863557656606
Epoch:156, training loss:0.07017941276232402
Epoch:157, training loss:0.0702015608549118
Epoch:158, training loss:0.07010627537965775
Epoch:159, training loss:0.07009273270765941
Epoch:160, training loss:0.0700842911998431
----------------------------
Start validation ...
Validation error:0.0700842911998431
Save model checkpoints ... 
Finish validation.
----------------------------
Epoch:161, training loss:0.0698010375102361
Epoch:162, training loss:0.07003190865119298
Epoch:163, training loss:0.06984811772902806
Epoch:164, training loss:0.06981664150953293
Epoch:165, training loss:0.06965879599253337
Epoch:166, training loss:0.06932118038336436
Epoch:167, training loss:0.069319948554039
Epoch:168, training loss:0.06923040623466174
Epoch:169, training loss:0.06931164860725403
Epoch:170, training loss:0.06936175127824147
----------------------------
Start validation ...
Validation error:0.06936175127824147
Save model checkpoints ... 
Finish validation.
----------------------------
Epoch:171, training loss:0.06929688652356465
Epoch:172, training loss:0.06900360807776451
Epoch:173, training loss:0.06902981052796046
Epoch:174, training loss:0.06888630489508311
Epoch:175, training loss:0.06896903986732165
Epoch:176, training loss:0.06880948320031166
Epoch:177, training loss:0.06892791762948036
Epoch:178, training loss:0.06908563027779262
Epoch:179, training loss:0.06880343084534009
Epoch:180, training loss:0.06878018130858739
----------------------------
Start validation ...
Validation error:0.06878018130858739
Save model checkpoints ... 
Finish validation.
----------------------------
Epoch:181, training loss:0.0684543028473854
Epoch:182, training loss:0.06854410966237386
Epoch:183, training loss:0.06855641181270282
Epoch:184, training loss:0.06850940609971683
Epoch:185, training loss:0.06841391324996948
Epoch:186, training loss:0.06834825004140536
Epoch:187, training loss:0.06824248284101486
Epoch:188, training loss:0.06819406896829605
Epoch:189, training loss:0.06811287129918735
Epoch:190, training loss:0.06841427957018216
----------------------------
Start validation ...
Validation error:0.06841427957018216
Save model checkpoints ... 
Finish validation.
----------------------------
Epoch:191, training loss:0.06825441246231397
Epoch:192, training loss:0.06806367263197899
Epoch:193, training loss:0.06804201503594716
Epoch:194, training loss:0.0678133914868037
Epoch:195, training loss:0.06765818099180858
Epoch:196, training loss:0.06795019532243411
Epoch:197, training loss:0.06760402768850327
Epoch:198, training loss:0.06787324696779251
Epoch:199, training loss:0.06787706042329471
Epoch:200, training loss:0.06788640717665355
----------------------------
Start validation ...
Validation error:0.06788640717665355
Save model checkpoints ... 
Finish validation.
----------------------------
Finish training.
----------------------------
D
CC
