aa
bb
A
B
C
----------------------------
Start loading dataset ...
loaded template shape
v_in template torch.Size([40002, 3])
f_in template torch.Size([80000, 3])
numbers 100206
loaded template shape
v_in template torch.Size([40002, 3])
f_in template torch.Size([80000, 3])
numbers 100307
loaded template shape
v_in template torch.Size([40002, 3])
f_in template torch.Size([80000, 3])
numbers 100408
loaded template shape
v_in template torch.Size([40002, 3])
f_in template torch.Size([80000, 3])
numbers 100610
Finish loading dataset. There are total 4 subjects.
Training data length 3
Validation data length 1
----------------------------
Start loading model ...
Finish loading model
----------------------------
Start training 200 epochs ...
Save template surface mesh ... 
v.shape torch.Size([1, 1, 40002, 3])
f.shape torch.Size([1, 1, 80000, 3])
D
CC
