aa
bb
A
B
C
----------------------------
Start loading dataset ...
numbers 100206
numbers 100307
numbers 100408
numbers 100610
Finish loading dataset. There are total 4 subjects.
----------------------------
Start loading model ...
Finish loading model
----------------------------
Start training 200 epochs ...
Epoch:0, training loss:0.2493720998366674
----------------------------
Start validation ...
Validation error:0.17716847859056933
Save model checkpoints ... 
Save pial surface mesh ... 
Maximum allocated GPU memory: 3.18 GiB
Finish validation.
----------------------------
Epoch:1, training loss:0.1420657734076182
Epoch:2, training loss:0.10100928942362468
Epoch:3, training loss:0.08829631159702937
Epoch:4, training loss:0.08746655285358429
Epoch:5, training loss:0.07595868160327275
Epoch:6, training loss:0.07078999529282252
Epoch:7, training loss:0.06688043599327405
Epoch:8, training loss:0.07045997679233551
Epoch:9, training loss:0.07320461422204971
Epoch:10, training loss:0.06298542767763138
----------------------------
Start validation ...
Validation error:0.060147552825843116
Save model checkpoints ... 
Save pial surface mesh ... 
Maximum allocated GPU memory: 3.18 GiB
Finish validation.
----------------------------
Epoch:11, training loss:0.06272173176209132
Epoch:12, training loss:0.06009569515784582
Epoch:13, training loss:0.05954137568672498
Epoch:14, training loss:0.06034989655017853
Epoch:15, training loss:0.06034838284055392
Epoch:16, training loss:0.05759416148066521
Epoch:17, training loss:0.056756374736626945
Epoch:18, training loss:0.05679941922426224
Epoch:19, training loss:0.059549156576395035
Epoch:20, training loss:0.06461422021190326
----------------------------
Start validation ...
Validation error:0.05406603980061066
Save model checkpoints ... 
Save pial surface mesh ... 
Maximum allocated GPU memory: 3.18 GiB
Finish validation.
----------------------------
Epoch:21, training loss:0.05778413638472557
Epoch:22, training loss:0.05685147891441981
Epoch:23, training loss:0.05512544512748718
Epoch:24, training loss:0.05386549731095632
Epoch:25, training loss:0.054666382571061455
Epoch:26, training loss:0.055402575681606926
Epoch:27, training loss:0.05381439750393232
Epoch:28, training loss:0.05305499335130056
Epoch:29, training loss:0.05433990806341171
Epoch:30, training loss:0.05285410831371943
----------------------------
Start validation ...
Validation error:0.050896868612783565
Save model checkpoints ... 
Save pial surface mesh ... 
Maximum allocated GPU memory: 3.18 GiB
Finish validation.
----------------------------
Epoch:31, training loss:0.054312518487373986
Epoch:32, training loss:0.053227582325538
Epoch:33, training loss:0.05265254278977712
Epoch:34, training loss:0.05228085319201151
Epoch:35, training loss:0.05327365423242251
Epoch:36, training loss:0.05310541143019994
Epoch:37, training loss:0.051252578695615135
Epoch:38, training loss:0.052309477080901466
Epoch:39, training loss:0.05340602248907089
Epoch:40, training loss:0.05138256400823593
----------------------------
Start validation ...
Validation error:0.04892332539644225
Save model checkpoints ... 
Save pial surface mesh ... 
Maximum allocated GPU memory: 3.18 GiB
Finish validation.
----------------------------
Epoch:41, training loss:0.053145162761211395
Epoch:42, training loss:0.054198868572711945
Epoch:43, training loss:0.050610716144243874
Epoch:44, training loss:0.05170317987600962
Epoch:45, training loss:0.05172856772939364
Epoch:46, training loss:0.05006839086612066
Epoch:47, training loss:0.050121707220872246
Epoch:48, training loss:0.04982050135731697
Epoch:49, training loss:0.0495279332002004
Epoch:50, training loss:0.05114381884535154
----------------------------
Start validation ...
Validation error:0.04757827108343398
Save model checkpoints ... 
Save pial surface mesh ... 
Maximum allocated GPU memory: 3.18 GiB
Finish validation.
----------------------------
Epoch:51, training loss:0.049117365231116615
Epoch:52, training loss:0.04968610778450966
Epoch:53, training loss:0.04934245099623998
Epoch:54, training loss:0.04983095203836759
Epoch:55, training loss:0.04896006857355436
Epoch:56, training loss:0.049119128535191216
Epoch:57, training loss:0.047829789419968925
Epoch:58, training loss:0.052362428357203804
Epoch:59, training loss:0.05410773058732351
Epoch:60, training loss:0.048784155398607254
----------------------------
Start validation ...
Validation error:0.04627946379644397
Save model checkpoints ... 
Save pial surface mesh ... 
Maximum allocated GPU memory: 3.18 GiB
Finish validation.
----------------------------
Epoch:61, training loss:0.04742842664321264
Epoch:62, training loss:0.047911944488684334
Epoch:63, training loss:0.04735588530699412
Epoch:64, training loss:0.04715316370129585
Epoch:65, training loss:0.0469763254125913
Epoch:66, training loss:0.04632877558469772
Epoch:67, training loss:0.04751719286044439
Epoch:68, training loss:0.04751648132999738
Epoch:69, training loss:0.05007008214791616
Epoch:70, training loss:0.04821367189288139
----------------------------
Start validation ...
Validation error:0.045155806999121396
Save model checkpoints ... 
Save pial surface mesh ... 
Maximum allocated GPU memory: 3.18 GiB
Finish validation.
----------------------------
Epoch:71, training loss:0.04631795485814413
Epoch:72, training loss:0.04654285063346227
Epoch:73, training loss:0.04882891600330671
Epoch:74, training loss:0.046443354338407516
Epoch:75, training loss:0.04575149590770403
Epoch:76, training loss:0.04586240152517954
Epoch:77, training loss:0.045612361282110214
Epoch:78, training loss:0.046370999266703926
Epoch:79, training loss:0.04719313606619835
Epoch:80, training loss:0.04709777360161146
----------------------------
Start validation ...
Validation error:0.044155772879353856
Save model checkpoints ... 
Save pial surface mesh ... 
Maximum allocated GPU memory: 3.18 GiB
Finish validation.
----------------------------
Epoch:81, training loss:0.04549907396237055
Epoch:82, training loss:0.044824582835038505
Epoch:83, training loss:0.04491380353768667
Epoch:84, training loss:0.04618678738673528
Epoch:85, training loss:0.0499261828760306
Epoch:86, training loss:0.04831576347351074
Epoch:87, training loss:0.04478215426206589
Epoch:88, training loss:0.045328898976246514
Epoch:89, training loss:0.045655783265829086
Epoch:90, training loss:0.04406092315912247
----------------------------
Start validation ...
Validation error:0.0436108758939164
Save model checkpoints ... 
Save pial surface mesh ... 
Maximum allocated GPU memory: 3.18 GiB
Finish validation.
----------------------------
Epoch:91, training loss:0.045010228951772056
Epoch:92, training loss:0.04523099958896637
Epoch:93, training loss:0.044814761728048325
Epoch:94, training loss:0.04500207925836245
Epoch:95, training loss:0.04467129831512769
Epoch:96, training loss:0.04575534164905548
Epoch:97, training loss:0.04367884745200475
Epoch:98, training loss:0.044227966417868934
Epoch:99, training loss:0.04466124251484871
Epoch:100, training loss:0.04377817859252294
----------------------------
Start validation ...
Validation error:0.04338362331119632
Save model checkpoints ... 
Save pial surface mesh ... 
Maximum allocated GPU memory: 3.18 GiB
Finish validation.
----------------------------
Epoch:101, training loss:0.04499166334668795
Epoch:102, training loss:0.045078600446383156
Epoch:103, training loss:0.04408004383246104
Epoch:104, training loss:0.043658015628655754
Epoch:105, training loss:0.04630942145983378
Epoch:106, training loss:0.04409992570678393
Epoch:107, training loss:0.04405877118309339
Epoch:108, training loss:0.04289834946393967
Epoch:109, training loss:0.04316691433389982
Epoch:110, training loss:0.04332169145345688
----------------------------
Start validation ...
Validation error:0.042010694284856855
Save model checkpoints ... 
Save pial surface mesh ... 
Maximum allocated GPU memory: 3.18 GiB
Finish validation.
----------------------------
Epoch:111, training loss:0.044953943540652595
Epoch:112, training loss:0.043949746837218605
Epoch:113, training loss:0.04278214772542318
Epoch:114, training loss:0.04340820883711179
Epoch:115, training loss:0.042993380377689995
Epoch:116, training loss:0.04442554463942846
Epoch:117, training loss:0.04581464330355326
Epoch:118, training loss:0.04408248886466026
Epoch:119, training loss:0.042789872735738754
Epoch:120, training loss:0.041865465541680656
----------------------------
Start validation ...
Validation error:0.04144410299237019
Save model checkpoints ... 
Save pial surface mesh ... 
Maximum allocated GPU memory: 3.18 GiB
Finish validation.
----------------------------
Epoch:121, training loss:0.042411034305890404
Epoch:122, training loss:0.041967976838350296
Epoch:123, training loss:0.041743144392967224
Epoch:124, training loss:0.042941546688477196
Epoch:125, training loss:0.042227973540623985
Epoch:126, training loss:0.04330500215291977
Epoch:127, training loss:0.04323493565122286
Epoch:128, training loss:0.04154262691736221
Epoch:129, training loss:0.04194336260358492
Epoch:130, training loss:0.041353244334459305
----------------------------
Start validation ...
Validation error:0.040990018793049136
Save model checkpoints ... 
Save pial surface mesh ... 
Maximum allocated GPU memory: 3.18 GiB
Finish validation.
----------------------------
Epoch:131, training loss:0.042081704984108605
Epoch:132, training loss:0.04393659780422846
Epoch:133, training loss:0.0445635033150514
Epoch:134, training loss:0.041565937300523124
Epoch:135, training loss:0.04145279278357824
Epoch:136, training loss:0.04253807912270228
Epoch:137, training loss:0.042435123274723686
Epoch:138, training loss:0.04237419242660204
Epoch:139, training loss:0.04205434396862984
Epoch:140, training loss:0.04064390187462171
----------------------------
Start validation ...
Validation error:0.04006068151543981
Save model checkpoints ... 
Save pial surface mesh ... 
Maximum allocated GPU memory: 3.18 GiB
Finish validation.
----------------------------
Epoch:141, training loss:0.040675848722457886
Epoch:142, training loss:0.04070376977324486
Epoch:143, training loss:0.041333952297767006
Epoch:144, training loss:0.04121856018900871
Epoch:145, training loss:0.04236570869882902
Epoch:146, training loss:0.04263978824019432
Epoch:147, training loss:0.04213097815712293
Epoch:148, training loss:0.04062549148996671
Epoch:149, training loss:0.04203972468773524
Epoch:150, training loss:0.04146843155225118
----------------------------
Start validation ...
Validation error:0.03954960525983812
Save model checkpoints ... 
Save pial surface mesh ... 
Maximum allocated GPU memory: 3.18 GiB
Finish validation.
----------------------------
Epoch:151, training loss:0.04089624434709549
Epoch:152, training loss:0.040084640185038246
Epoch:153, training loss:0.04095847780505816
Epoch:154, training loss:0.041320973386367164
Epoch:155, training loss:0.04033492008845011
Epoch:156, training loss:0.040840492894252144
Epoch:157, training loss:0.039938473453124367
Epoch:158, training loss:0.04043543214599291
Epoch:159, training loss:0.04279998938242594
Epoch:160, training loss:0.043893164644638695
----------------------------
Start validation ...
Validation error:0.039808124191560115
Save model checkpoints ... 
Save pial surface mesh ... 
Maximum allocated GPU memory: 3.18 GiB
Finish validation.
----------------------------
Epoch:161, training loss:0.04182522123058637
Epoch:162, training loss:0.0412884975473086
Epoch:163, training loss:0.039511024951934814
Epoch:164, training loss:0.03958474720517794
Epoch:165, training loss:0.039252690970897675
Epoch:166, training loss:0.04070712377627691
Epoch:167, training loss:0.039388260493675865
Epoch:168, training loss:0.039567078153292336
Epoch:169, training loss:0.039230686922868095
Epoch:170, training loss:0.03999331717689832
----------------------------
Start validation ...
Validation error:0.039162039424159696
Save model checkpoints ... 
Save pial surface mesh ... 
Maximum allocated GPU memory: 3.18 GiB
Finish validation.
----------------------------
Epoch:171, training loss:0.03915807977318764
Epoch:172, training loss:0.04017644003033638
Epoch:173, training loss:0.04213678960998853
Epoch:174, training loss:0.04044317826628685
Epoch:175, training loss:0.04092050219575564
Epoch:176, training loss:0.03946597253282865
Epoch:177, training loss:0.039955014983812966
Epoch:178, training loss:0.0393669456243515
Epoch:179, training loss:0.040536308040221534
Epoch:180, training loss:0.03959369411071142
----------------------------
Start validation ...
Validation error:0.03834478567504058
Save model checkpoints ... 
Save pial surface mesh ... 
Maximum allocated GPU memory: 3.18 GiB
Finish validation.
----------------------------
Epoch:181, training loss:0.03859754900137583
Epoch:182, training loss:0.04035020743807157
Epoch:183, training loss:0.040651220828294754
Epoch:184, training loss:0.039417398472627006
Epoch:185, training loss:0.03913959115743637
Epoch:186, training loss:0.03899036472042402
Epoch:187, training loss:0.03956961507598559
Epoch:188, training loss:0.038822694371143975
Epoch:189, training loss:0.03809505825241407
Epoch:190, training loss:0.03979517146945
----------------------------
Start validation ...
Validation error:0.0380802973398074
Save model checkpoints ... 
Save pial surface mesh ... 
Maximum allocated GPU memory: 3.18 GiB
Finish validation.
----------------------------
Epoch:191, training loss:0.03984504068891207
Epoch:192, training loss:0.03916714961330096
Epoch:193, training loss:0.03965350240468979
Epoch:194, training loss:0.03944965576132139
Epoch:195, training loss:0.039711219569047294
Epoch:196, training loss:0.0381269504626592
Epoch:197, training loss:0.03818239395817121
Epoch:198, training loss:0.039285862197478615
Epoch:199, training loss:0.03937257081270218
Epoch:200, training loss:0.03973113372921944
----------------------------
Start validation ...
Validation error:0.037501683566785814
Save model checkpoints ... 
Save pial surface mesh ... 
Maximum allocated GPU memory: 3.18 GiB
Finish validation.
----------------------------
Finish training.
----------------------------
D
CC
