aa
bb
A
B
C
----------------------------
Start loading dataset ...
numbers 100206
numbers 100307
numbers 100408
numbers 100610
Finish loading dataset. There are total 4 subjects.
----------------------------
Start loading model ...
Finish loading model
----------------------------
Start training 200 epochs ...
Epoch:0, training loss:0.6567858556906382
----------------------------
Start validation ...
Validation error:0.30487183747547014
Save model checkpoints ... 
Save pial surface mesh ... 
Maximum allocated GPU memory: 0.83 GiB
Finish validation.
----------------------------
Epoch:1, training loss:0.27348890403906506
Epoch:2, training loss:0.18145358065764108
Epoch:3, training loss:0.1499543140331904
Epoch:4, training loss:0.12463713934024175
Epoch:5, training loss:0.11158786714076996
Epoch:6, training loss:0.10750008126099904
Epoch:7, training loss:0.1070495347181956
Epoch:8, training loss:0.09802963584661484
Epoch:9, training loss:0.09122133006652196
Epoch:10, training loss:0.08824067811171214
----------------------------
Start validation ...
Validation error:0.07779465834443856
Save model checkpoints ... 
Save pial surface mesh ... 
Maximum allocated GPU memory: 0.84 GiB
Finish validation.
----------------------------
Epoch:11, training loss:0.11124252279599507
Epoch:12, training loss:0.08707868059476216
Epoch:13, training loss:0.08974663416544597
Epoch:14, training loss:0.10327542573213577
Epoch:15, training loss:0.08152391264835994
Epoch:16, training loss:0.07738789667685826
Epoch:17, training loss:0.08244635164737701
Epoch:18, training loss:0.07605968912442525
Epoch:19, training loss:0.07582550495862961
Epoch:20, training loss:0.08176958064238231
----------------------------
Start validation ...
Validation error:0.06844414747320116
Save model checkpoints ... 
Save pial surface mesh ... 
Maximum allocated GPU memory: 0.84 GiB
Finish validation.
----------------------------
Epoch:21, training loss:0.07490201046069463
Epoch:22, training loss:0.07638251036405563
Epoch:23, training loss:0.07627923786640167
Epoch:24, training loss:0.10399687538544337
Epoch:25, training loss:0.07930992543697357
Epoch:26, training loss:0.07265147815148036
Epoch:27, training loss:0.07042854030927022
Epoch:28, training loss:0.07021879901488622
Epoch:29, training loss:0.07319190353155136
Epoch:30, training loss:0.07723910361528397
----------------------------
Start validation ...
Validation error:0.06289646054418492
Save model checkpoints ... 
Save pial surface mesh ... 
Maximum allocated GPU memory: 0.84 GiB
Finish validation.
----------------------------
Epoch:31, training loss:0.06881084914008777
Epoch:32, training loss:0.07004249840974808
Epoch:33, training loss:0.0683495116730531
Epoch:34, training loss:0.06982432429989179
Epoch:35, training loss:0.06794002403815587
Epoch:36, training loss:0.06674958889683087
Epoch:37, training loss:0.07993655900160472
Epoch:38, training loss:0.07733602076768875
Epoch:39, training loss:0.07503151645263036
Epoch:40, training loss:0.07162904491027196
----------------------------
Start validation ...
Validation error:0.0630075618183972
Save model checkpoints ... 
Save pial surface mesh ... 
Maximum allocated GPU memory: 0.84 GiB
Finish validation.
----------------------------
Epoch:41, training loss:0.07498678068319957
Epoch:42, training loss:0.0662907063961029
Epoch:43, training loss:0.06823995461066563
Epoch:44, training loss:0.06607639168699582
Epoch:45, training loss:0.06547399113575618
Epoch:46, training loss:0.07093832393487294
Epoch:47, training loss:0.06474194924036662
Epoch:48, training loss:0.06531720111767451
Epoch:49, training loss:0.06685305883487065
Epoch:50, training loss:0.07184429466724396
----------------------------
Start validation ...
Validation error:0.06073430787572371
Save model checkpoints ... 
Save pial surface mesh ... 
Maximum allocated GPU memory: 0.84 GiB
Finish validation.
----------------------------
Epoch:51, training loss:0.07859757045904796
Epoch:52, training loss:0.07331424454847972
Epoch:53, training loss:0.06668984393278758
Epoch:54, training loss:0.06335308278600375
Epoch:55, training loss:0.06287960335612297
Epoch:56, training loss:0.06303862233956654
Epoch:57, training loss:0.0642669399579366
Epoch:58, training loss:0.06468898802995682
Epoch:59, training loss:0.0635126382112503
Epoch:60, training loss:0.07039296627044678
----------------------------
Start validation ...
Validation error:0.059113271813008135
Save model checkpoints ... 
Save pial surface mesh ... 
Maximum allocated GPU memory: 0.84 GiB
Finish validation.
----------------------------
Epoch:61, training loss:0.07015080129106839
Epoch:62, training loss:0.07094211131334305
Epoch:63, training loss:0.06744706879059474
Epoch:64, training loss:0.0646534872551759
Epoch:65, training loss:0.06247752780715624
Epoch:66, training loss:0.06400526935855548
Epoch:67, training loss:0.06498215347528458
Epoch:68, training loss:0.06570956110954285
Epoch:69, training loss:0.0628805048763752
Epoch:70, training loss:0.06088271737098694
----------------------------
Start validation ...
Validation error:0.056527755077695474
Save model checkpoints ... 
Save pial surface mesh ... 
Maximum allocated GPU memory: 0.84 GiB
Finish validation.
----------------------------
Epoch:71, training loss:0.06178928166627884
Epoch:72, training loss:0.06581138571103413
Epoch:73, training loss:0.06856453915437062
Epoch:74, training loss:0.060943091909090676
Epoch:75, training loss:0.06060626854499181
Epoch:76, training loss:0.06137854357560476
Epoch:77, training loss:0.06480163087447484
Epoch:78, training loss:0.062089186161756516
Epoch:79, training loss:0.061207365244627
Epoch:80, training loss:0.05992796396215757
----------------------------
Start validation ...
Validation error:0.055408148909918964
Save model checkpoints ... 
Save pial surface mesh ... 
Maximum allocated GPU memory: 0.84 GiB
Finish validation.
----------------------------
Epoch:81, training loss:0.06316059206922849
Epoch:82, training loss:0.06083857143918673
Epoch:83, training loss:0.061647363007068634
Epoch:84, training loss:0.07305479049682617
Epoch:85, training loss:0.06836681067943573
Epoch:86, training loss:0.06542032212018967
Epoch:87, training loss:0.06364622215429942
Epoch:88, training loss:0.059670351445674896
Epoch:89, training loss:0.05922639866669973
Epoch:90, training loss:0.05929461866617203
----------------------------
Start validation ...
Validation error:0.05517304868720073
Save model checkpoints ... 
Save pial surface mesh ... 
Maximum allocated GPU memory: 0.84 GiB
Finish validation.
----------------------------
Epoch:91, training loss:0.05960548669099808
Epoch:92, training loss:0.05876914784312248
Epoch:93, training loss:0.05929123734434446
Epoch:94, training loss:0.05979465196530024
Epoch:95, training loss:0.06051930412650108
Epoch:96, training loss:0.06408265233039856
Epoch:97, training loss:0.05873136594891548
Epoch:98, training loss:0.05893838405609131
Epoch:99, training loss:0.061385625352462135
Epoch:100, training loss:0.0663740908106168
----------------------------
Start validation ...
Validation error:0.05450759116294129
Save model checkpoints ... 
Save pial surface mesh ... 
Maximum allocated GPU memory: 0.84 GiB
Finish validation.
----------------------------
Epoch:101, training loss:0.0603167787194252
Epoch:102, training loss:0.06275574862957001
Epoch:103, training loss:0.06034685050447782
Epoch:104, training loss:0.05963010465105375
Epoch:105, training loss:0.05808913211027781
Epoch:106, training loss:0.057960388561089836
Epoch:107, training loss:0.05860601117213567
Epoch:108, training loss:0.06328562398751576
Epoch:109, training loss:0.06514470900098483
Epoch:110, training loss:0.06362316633264224
----------------------------
Start validation ...
Validation error:0.05380585207603872
Save model checkpoints ... 
Save pial surface mesh ... 
Maximum allocated GPU memory: 0.84 GiB
Finish validation.
----------------------------
Epoch:111, training loss:0.05847859630982081
Epoch:112, training loss:0.057892228166262306
Epoch:113, training loss:0.057124396165212
Epoch:114, training loss:0.056849045058091484
Epoch:115, training loss:0.05951510121424993
Epoch:116, training loss:0.05763184775908788
Epoch:117, training loss:0.05798322707414627
Epoch:118, training loss:0.06131425748268763
Epoch:119, training loss:0.05940379078189532
Epoch:120, training loss:0.05775906890630722
----------------------------
Start validation ...
Validation error:0.052725098482499434
Save model checkpoints ... 
Save pial surface mesh ... 
Maximum allocated GPU memory: 0.84 GiB
Finish validation.
----------------------------
Epoch:121, training loss:0.05715647463997205
Epoch:122, training loss:0.05826641867558161
Epoch:123, training loss:0.05798668786883354
Epoch:124, training loss:0.05831674734751383
Epoch:125, training loss:0.05839451402425766
Epoch:126, training loss:0.05762844160199165
Epoch:127, training loss:0.06007398540774981
Epoch:128, training loss:0.05916901305317879
Epoch:129, training loss:0.058501169085502625
Epoch:130, training loss:0.058398387084404625
----------------------------
Start validation ...
Validation error:0.05191314422907973
Save model checkpoints ... 
Save pial surface mesh ... 
Maximum allocated GPU memory: 0.84 GiB
Finish validation.
----------------------------
Epoch:131, training loss:0.05590768282612165
Epoch:132, training loss:0.05616855745514234
Epoch:133, training loss:0.05598550786574682
Epoch:134, training loss:0.055938027799129486
Epoch:135, training loss:0.056785463045040764
Epoch:136, training loss:0.05740265796581904
Epoch:137, training loss:0.059600092470645905
Epoch:138, training loss:0.06950969000657399
Epoch:139, training loss:0.059245765209198
Epoch:140, training loss:0.059751088420550026
----------------------------
Start validation ...
Validation error:0.051741932111326605
Save model checkpoints ... 
Save pial surface mesh ... 
Maximum allocated GPU memory: 0.84 GiB
Finish validation.
----------------------------
Epoch:141, training loss:0.056475356221199036
Epoch:142, training loss:0.05567674587170283
Epoch:143, training loss:0.057018376886844635
Epoch:144, training loss:0.055977592865626015
Epoch:145, training loss:0.05762677143017451
Epoch:146, training loss:0.055298799027999244
Epoch:147, training loss:0.056845699747403465
Epoch:148, training loss:0.05513167753815651
Epoch:149, training loss:0.05692711348334948
Epoch:150, training loss:0.055089253932237625
----------------------------
Start validation ...
Validation error:0.050850683432405015
Save model checkpoints ... 
Save pial surface mesh ... 
Maximum allocated GPU memory: 0.84 GiB
Finish validation.
----------------------------
Epoch:151, training loss:0.055127530048290886
Epoch:152, training loss:0.055160220712423325
Epoch:153, training loss:0.057556470235188804
Epoch:154, training loss:0.06000339612364769
Epoch:155, training loss:0.05633733545740446
Epoch:156, training loss:0.0559708463648955
Epoch:157, training loss:0.05574772134423256
Epoch:158, training loss:0.05556951214869817
Epoch:159, training loss:0.055553055057923
Epoch:160, training loss:0.054464034736156464
----------------------------
Start validation ...
Validation error:0.05118810076965019
Save model checkpoints ... 
Save pial surface mesh ... 
Maximum allocated GPU memory: 0.84 GiB
Finish validation.
----------------------------
Epoch:161, training loss:0.054211776703596115
Epoch:162, training loss:0.05477618301908175
Epoch:163, training loss:0.05764433369040489
Epoch:164, training loss:0.05554213002324104
Epoch:165, training loss:0.058669100205103554
Epoch:166, training loss:0.05858760823806127
Epoch:167, training loss:0.05607097347577413
Epoch:168, training loss:0.05504949142535528
Epoch:169, training loss:0.055994647244612374
Epoch:170, training loss:0.05468983327349027
----------------------------
Start validation ...
Validation error:0.050154827476944774
Save model checkpoints ... 
Save pial surface mesh ... 
Maximum allocated GPU memory: 0.84 GiB
Finish validation.
----------------------------
Epoch:171, training loss:0.0540000374118487
Epoch:172, training loss:0.05486298973361651
Epoch:173, training loss:0.05452117199699084
Epoch:174, training loss:0.05651139592130979
Epoch:175, training loss:0.05511597295602163
Epoch:176, training loss:0.053773158540328346
Epoch:177, training loss:0.05461546157797178
Epoch:178, training loss:0.05396230642994245
Epoch:179, training loss:0.053137313574552536
Epoch:180, training loss:0.05428174634774526
----------------------------
Start validation ...
Validation error:0.0494239097211643
Save model checkpoints ... 
Save pial surface mesh ... 
Maximum allocated GPU memory: 0.84 GiB
Finish validation.
----------------------------
Epoch:181, training loss:0.05693355451027552
Epoch:182, training loss:0.05966068928440412
Epoch:183, training loss:0.05535906056563059
Epoch:184, training loss:0.05368741353352865
Epoch:185, training loss:0.05518485978245735
Epoch:186, training loss:0.052980552117029824
Epoch:187, training loss:0.05276129146416982
Epoch:188, training loss:0.05459776520729065
Epoch:189, training loss:0.06428629780809085
Epoch:190, training loss:0.05753091722726822
----------------------------
Start validation ...
Validation error:0.04948458808939904
Save model checkpoints ... 
Save pial surface mesh ... 
Maximum allocated GPU memory: 0.84 GiB
Finish validation.
----------------------------
Epoch:191, training loss:0.05330049494902293
Epoch:192, training loss:0.054191009451945625
Epoch:193, training loss:0.053442457069953285
Epoch:194, training loss:0.05269983783364296
Epoch:195, training loss:0.05375830332438151
Epoch:196, training loss:0.05310289685924848
Epoch:197, training loss:0.05374829595287641
Epoch:198, training loss:0.052950228254000344
Epoch:199, training loss:0.052655735363562904
Epoch:200, training loss:0.05340566113591194
----------------------------
Start validation ...
Validation error:0.049325327771449726
Save model checkpoints ... 
Save pial surface mesh ... 
Maximum allocated GPU memory: 0.84 GiB
Finish validation.
----------------------------
Finish training.
----------------------------
D
CC
