aa
bb
A
B
C
----------------------------
Start loading dataset ...
numbers 100206
numbers 100307
numbers 100408
numbers 100610
Finish loading dataset. There are total 4 subjects.
Training data length 3
Validation data length 1
----------------------------
Start loading model ...
Finish loading model
----------------------------
Start training 200 epochs ...
Save template surface mesh ... 
v_in template a torch.Size([1, 139994, 3])
f_in template a torch.Size([1, 279984, 3])
v_gt a torch.Size([1, 166737, 3])
f_gt a torch.Size([1, 333470, 3])
v.shape torch.Size([1, 139994, 3])
f.shape torch.Size([1, 279984, 3])
template normal torch.Size([1, 139994, 3])
v_gm (139994, 3)
f_gm (279984, 3)
n_gm (139994, 3)
v.shape torch.Size([1, 139994, 3])
f.shape torch.Size([1, 279984, 3])
v.shape torch.Size([1, 139994, 3])
f.shape torch.Size([1, 279984, 3])
v.shape torch.Size([1, 139994, 3])
f.shape torch.Size([1, 279984, 3])
v.shape torch.Size([1, 139994, 3])
f.shape torch.Size([1, 279984, 3])
v.shape torch.Size([1, 139994, 3])
f.shape torch.Size([1, 279984, 3])
v.shape torch.Size([1, 139994, 3])
f.shape torch.Size([1, 279984, 3])
v.shape torch.Size([1, 139994, 3])
f.shape torch.Size([1, 279984, 3])
v.shape torch.Size([1, 139994, 3])
f.shape torch.Size([1, 279984, 3])
v.shape torch.Size([1, 139994, 3])
f.shape torch.Size([1, 279984, 3])
v.shape torch.Size([1, 139994, 3])
f.shape torch.Size([1, 279984, 3])
v.shape torch.Size([1, 139994, 3])
f.shape torch.Size([1, 279984, 3])
v.shape torch.Size([1, 139994, 3])
f.shape torch.Size([1, 279984, 3])
v.shape torch.Size([1, 139994, 3])
f.shape torch.Size([1, 279984, 3])
v.shape torch.Size([1, 139994, 3])
f.shape torch.Size([1, 279984, 3])
v.shape torch.Size([1, 139994, 3])
f.shape torch.Size([1, 279984, 3])
v.shape torch.Size([1, 139994, 3])
f.shape torch.Size([1, 279984, 3])
v.shape torch.Size([1, 139994, 3])
f.shape torch.Size([1, 279984, 3])
v.shape torch.Size([1, 139994, 3])
f.shape torch.Size([1, 279984, 3])
v.shape torch.Size([1, 139994, 3])
f.shape torch.Size([1, 279984, 3])
v.shape torch.Size([1, 139994, 3])
f.shape torch.Size([1, 279984, 3])
v.shape torch.Size([1, 139994, 3])
f.shape torch.Size([1, 279984, 3])
v.shape torch.Size([1, 139994, 3])
f.shape torch.Size([1, 279984, 3])
v.shape torch.Size([1, 139994, 3])
f.shape torch.Size([1, 279984, 3])
v.shape torch.Size([1, 139994, 3])
f.shape torch.Size([1, 279984, 3])
v.shape torch.Size([1, 139994, 3])
f.shape torch.Size([1, 279984, 3])
v.shape torch.Size([1, 139994, 3])
f.shape torch.Size([1, 279984, 3])
v.shape torch.Size([1, 139994, 3])
f.shape torch.Size([1, 279984, 3])
v.shape torch.Size([1, 139994, 3])
f.shape torch.Size([1, 279984, 3])
v.shape torch.Size([1, 139994, 3])
f.shape torch.Size([1, 279984, 3])
v.shape torch.Size([1, 139994, 3])
f.shape torch.Size([1, 279984, 3])
v.shape torch.Size([1, 139994, 3])
f.shape torch.Size([1, 279984, 3])
v.shape torch.Size([1, 139994, 3])
f.shape torch.Size([1, 279984, 3])
v.shape torch.Size([1, 139994, 3])
f.shape torch.Size([1, 279984, 3])
v.shape torch.Size([1, 139994, 3])
f.shape torch.Size([1, 279984, 3])
v.shape torch.Size([1, 139994, 3])
f.shape torch.Size([1, 279984, 3])
v.shape torch.Size([1, 139994, 3])
f.shape torch.Size([1, 279984, 3])
v.shape torch.Size([1, 139994, 3])
f.shape torch.Size([1, 279984, 3])
v.shape torch.Size([1, 139994, 3])
f.shape torch.Size([1, 279984, 3])
v.shape torch.Size([1, 139994, 3])
f.shape torch.Size([1, 279984, 3])
v.shape torch.Size([1, 139994, 3])
f.shape torch.Size([1, 279984, 3])
v.shape torch.Size([1, 139994, 3])
f.shape torch.Size([1, 279984, 3])
v.shape torch.Size([1, 139994, 3])
f.shape torch.Size([1, 279984, 3])
v.shape torch.Size([1, 139994, 3])
f.shape torch.Size([1, 279984, 3])
v.shape torch.Size([1, 139994, 3])
f.shape torch.Size([1, 279984, 3])
v.shape torch.Size([1, 139994, 3])
f.shape torch.Size([1, 279984, 3])
v.shape torch.Size([1, 139994, 3])
f.shape torch.Size([1, 279984, 3])
v.shape torch.Size([1, 139994, 3])
f.shape torch.Size([1, 279984, 3])
v.shape torch.Size([1, 139994, 3])
f.shape torch.Size([1, 279984, 3])
v.shape torch.Size([1, 139994, 3])
f.shape torch.Size([1, 279984, 3])
v.shape torch.Size([1, 139994, 3])
f.shape torch.Size([1, 279984, 3])
v.shape torch.Size([1, 139994, 3])
f.shape torch.Size([1, 279984, 3])
v.shape torch.Size([1, 139994, 3])
f.shape torch.Size([1, 279984, 3])
v.shape torch.Size([1, 139994, 3])
f.shape torch.Size([1, 279984, 3])
v.shape torch.Size([1, 139994, 3])
f.shape torch.Size([1, 279984, 3])
v.shape torch.Size([1, 139994, 3])
f.shape torch.Size([1, 279984, 3])
v.shape torch.Size([1, 139994, 3])
f.shape torch.Size([1, 279984, 3])
v.shape torch.Size([1, 139994, 3])
f.shape torch.Size([1, 279984, 3])
v.shape torch.Size([1, 139994, 3])
f.shape torch.Size([1, 279984, 3])
v.shape torch.Size([1, 139994, 3])
f.shape torch.Size([1, 279984, 3])
v.shape torch.Size([1, 139994, 3])
f.shape torch.Size([1, 279984, 3])
v.shape torch.Size([1, 139994, 3])
f.shape torch.Size([1, 279984, 3])
v.shape torch.Size([1, 139994, 3])
f.shape torch.Size([1, 279984, 3])
v.shape torch.Size([1, 139994, 3])
f.shape torch.Size([1, 279984, 3])
v.shape torch.Size([1, 139994, 3])
f.shape torch.Size([1, 279984, 3])
v.shape torch.Size([1, 139994, 3])
f.shape torch.Size([1, 279984, 3])
v.shape torch.Size([1, 139994, 3])
f.shape torch.Size([1, 279984, 3])
v.shape torch.Size([1, 139994, 3])
f.shape torch.Size([1, 279984, 3])
v.shape torch.Size([1, 139994, 3])
f.shape torch.Size([1, 279984, 3])
v.shape torch.Size([1, 139994, 3])
f.shape torch.Size([1, 279984, 3])
v.shape torch.Size([1, 139994, 3])
f.shape torch.Size([1, 279984, 3])
v.shape torch.Size([1, 139994, 3])
f.shape torch.Size([1, 279984, 3])
v.shape torch.Size([1, 139994, 3])
f.shape torch.Size([1, 279984, 3])
v.shape torch.Size([1, 139994, 3])
f.shape torch.Size([1, 279984, 3])
v.shape torch.Size([1, 139994, 3])
f.shape torch.Size([1, 279984, 3])
v.shape torch.Size([1, 139994, 3])
f.shape torch.Size([1, 279984, 3])
Epoch:0, training loss:5.07908050219218
----------------------------
Start validation ...
v.shape torch.Size([1, 139994, 3])
f.shape torch.Size([1, 279984, 3])
v.shape torch.Size([1, 139994, 3])
f.shape torch.Size([1, 279984, 3])
v.shape torch.Size([1, 139994, 3])
f.shape torch.Size([1, 279984, 3])
v.shape torch.Size([1, 139994, 3])
f.shape torch.Size([1, 279984, 3])
v.shape torch.Size([1, 139994, 3])
f.shape torch.Size([1, 279984, 3])
v.shape torch.Size([1, 139994, 3])
f.shape torch.Size([1, 279984, 3])
v.shape torch.Size([1, 139994, 3])
f.shape torch.Size([1, 279984, 3])
v.shape torch.Size([1, 139994, 3])
f.shape torch.Size([1, 279984, 3])
v.shape torch.Size([1, 139994, 3])
f.shape torch.Size([1, 279984, 3])
v.shape torch.Size([1, 139994, 3])
f.shape torch.Size([1, 279984, 3])
v.shape torch.Size([1, 139994, 3])
f.shape torch.Size([1, 279984, 3])
v.shape torch.Size([1, 139994, 3])
f.shape torch.Size([1, 279984, 3])
v.shape torch.Size([1, 139994, 3])
f.shape torch.Size([1, 279984, 3])
v.shape torch.Size([1, 139994, 3])
f.shape torch.Size([1, 279984, 3])
v.shape torch.Size([1, 139994, 3])
f.shape torch.Size([1, 279984, 3])
v.shape torch.Size([1, 139994, 3])
f.shape torch.Size([1, 279984, 3])
v.shape torch.Size([1, 139994, 3])
f.shape torch.Size([1, 279984, 3])
v.shape torch.Size([1, 139994, 3])
f.shape torch.Size([1, 279984, 3])
v.shape torch.Size([1, 139994, 3])
f.shape torch.Size([1, 279984, 3])
v.shape torch.Size([1, 139994, 3])
f.shape torch.Size([1, 279984, 3])
v.shape torch.Size([1, 139994, 3])
f.shape torch.Size([1, 279984, 3])
v.shape torch.Size([1, 139994, 3])
f.shape torch.Size([1, 279984, 3])
v.shape torch.Size([1, 139994, 3])
f.shape torch.Size([1, 279984, 3])
v.shape torch.Size([1, 139994, 3])
f.shape torch.Size([1, 279984, 3])
v.shape torch.Size([1, 139994, 3])
f.shape torch.Size([1, 279984, 3])
Validation error:3.835106372833252
Save model checkpoints ... 
Save pial surface mesh ... 
v.shape torch.Size([1, 139994, 3])
f.shape torch.Size([1, 279984, 3])
Maximum allocated GPU memory: 4.67 GiB
Finish validation.
----------------------------
v.shape torch.Size([1, 139994, 3])
f.shape torch.Size([1, 279984, 3])
v.shape torch.Size([1, 139994, 3])
f.shape torch.Size([1, 279984, 3])
v.shape torch.Size([1, 139994, 3])
f.shape torch.Size([1, 279984, 3])
v.shape torch.Size([1, 139994, 3])
f.shape torch.Size([1, 279984, 3])
v.shape torch.Size([1, 139994, 3])
f.shape torch.Size([1, 279984, 3])
v.shape torch.Size([1, 139994, 3])
f.shape torch.Size([1, 279984, 3])
v.shape torch.Size([1, 139994, 3])
f.shape torch.Size([1, 279984, 3])
v.shape torch.Size([1, 139994, 3])
f.shape torch.Size([1, 279984, 3])
v.shape torch.Size([1, 139994, 3])
f.shape torch.Size([1, 279984, 3])
v.shape torch.Size([1, 139994, 3])
f.shape torch.Size([1, 279984, 3])
v.shape torch.Size([1, 139994, 3])
f.shape torch.Size([1, 279984, 3])
v.shape torch.Size([1, 139994, 3])
f.shape torch.Size([1, 279984, 3])
v.shape torch.Size([1, 139994, 3])
f.shape torch.Size([1, 279984, 3])
v.shape torch.Size([1, 139994, 3])
f.shape torch.Size([1, 279984, 3])
v.shape torch.Size([1, 139994, 3])
f.shape torch.Size([1, 279984, 3])
v.shape torch.Size([1, 139994, 3])
f.shape torch.Size([1, 279984, 3])
v.shape torch.Size([1, 139994, 3])
f.shape torch.Size([1, 279984, 3])
v.shape torch.Size([1, 139994, 3])
f.shape torch.Size([1, 279984, 3])
v.shape torch.Size([1, 139994, 3])
f.shape torch.Size([1, 279984, 3])
v.shape torch.Size([1, 139994, 3])
f.shape torch.Size([1, 279984, 3])
v.shape torch.Size([1, 139994, 3])
f.shape torch.Size([1, 279984, 3])
v.shape torch.Size([1, 139994, 3])
f.shape torch.Size([1, 279984, 3])
v.shape torch.Size([1, 139994, 3])
f.shape torch.Size([1, 279984, 3])
v.shape torch.Size([1, 139994, 3])
f.shape torch.Size([1, 279984, 3])
v.shape torch.Size([1, 139994, 3])
f.shape torch.Size([1, 279984, 3])
v.shape torch.Size([1, 139994, 3])
f.shape torch.Size([1, 279984, 3])
v.shape torch.Size([1, 139994, 3])
f.shape torch.Size([1, 279984, 3])
v.shape torch.Size([1, 139994, 3])
f.shape torch.Size([1, 279984, 3])
v.shape torch.Size([1, 139994, 3])
f.shape torch.Size([1, 279984, 3])
v.shape torch.Size([1, 139994, 3])
f.shape torch.Size([1, 279984, 3])
v.shape torch.Size([1, 139994, 3])
f.shape torch.Size([1, 279984, 3])
v.shape torch.Size([1, 139994, 3])
f.shape torch.Size([1, 279984, 3])
v.shape torch.Size([1, 139994, 3])
f.shape torch.Size([1, 279984, 3])
v.shape torch.Size([1, 139994, 3])
f.shape torch.Size([1, 279984, 3])
v.shape torch.Size([1, 139994, 3])
f.shape torch.Size([1, 279984, 3])
v.shape torch.Size([1, 139994, 3])
f.shape torch.Size([1, 279984, 3])
v.shape torch.Size([1, 139994, 3])
f.shape torch.Size([1, 279984, 3])
v.shape torch.Size([1, 139994, 3])
f.shape torch.Size([1, 279984, 3])
v.shape torch.Size([1, 139994, 3])
f.shape torch.Size([1, 279984, 3])
v.shape torch.Size([1, 139994, 3])
f.shape torch.Size([1, 279984, 3])
v.shape torch.Size([1, 139994, 3])
f.shape torch.Size([1, 279984, 3])
v.shape torch.Size([1, 139994, 3])
f.shape torch.Size([1, 279984, 3])
v.shape torch.Size([1, 139994, 3])
f.shape torch.Size([1, 279984, 3])
v.shape torch.Size([1, 139994, 3])
f.shape torch.Size([1, 279984, 3])
v.shape torch.Size([1, 139994, 3])
f.shape torch.Size([1, 279984, 3])
v.shape torch.Size([1, 139994, 3])
f.shape torch.Size([1, 279984, 3])
v.shape torch.Size([1, 139994, 3])
f.shape torch.Size([1, 279984, 3])
v.shape torch.Size([1, 139994, 3])
f.shape torch.Size([1, 279984, 3])
v.shape torch.Size([1, 139994, 3])
f.shape torch.Size([1, 279984, 3])
v.shape torch.Size([1, 139994, 3])
f.shape torch.Size([1, 279984, 3])
v.shape torch.Size([1, 139994, 3])
f.shape torch.Size([1, 279984, 3])
v.shape torch.Size([1, 139994, 3])
f.shape torch.Size([1, 279984, 3])
v.shape torch.Size([1, 139994, 3])
f.shape torch.Size([1, 279984, 3])
v.shape torch.Size([1, 139994, 3])
f.shape torch.Size([1, 279984, 3])
v.shape torch.Size([1, 139994, 3])
f.shape torch.Size([1, 279984, 3])
v.shape torch.Size([1, 139994, 3])
f.shape torch.Size([1, 279984, 3])
v.shape torch.Size([1, 139994, 3])
f.shape torch.Size([1, 279984, 3])
v.shape torch.Size([1, 139994, 3])
f.shape torch.Size([1, 279984, 3])
v.shape torch.Size([1, 139994, 3])
f.shape torch.Size([1, 279984, 3])
v.shape torch.Size([1, 139994, 3])
f.shape torch.Size([1, 279984, 3])
v.shape torch.Size([1, 139994, 3])
f.shape torch.Size([1, 279984, 3])
v.shape torch.Size([1, 139994, 3])
f.shape torch.Size([1, 279984, 3])
v.shape torch.Size([1, 139994, 3])
f.shape torch.Size([1, 279984, 3])
v.shape torch.Size([1, 139994, 3])
f.shape torch.Size([1, 279984, 3])
v.shape torch.Size([1, 139994, 3])
f.shape torch.Size([1, 279984, 3])
v.shape torch.Size([1, 139994, 3])
f.shape torch.Size([1, 279984, 3])
v.shape torch.Size([1, 139994, 3])
f.shape torch.Size([1, 279984, 3])
v.shape torch.Size([1, 139994, 3])
f.shape torch.Size([1, 279984, 3])
v.shape torch.Size([1, 139994, 3])
f.shape torch.Size([1, 279984, 3])
v.shape torch.Size([1, 139994, 3])
f.shape torch.Size([1, 279984, 3])
v.shape torch.Size([1, 139994, 3])
f.shape torch.Size([1, 279984, 3])
v.shape torch.Size([1, 139994, 3])
f.shape torch.Size([1, 279984, 3])
v.shape torch.Size([1, 139994, 3])
f.shape torch.Size([1, 279984, 3])
v.shape torch.Size([1, 139994, 3])
f.shape torch.Size([1, 279984, 3])
v.shape torch.Size([1, 139994, 3])
f.shape torch.Size([1, 279984, 3])
Epoch:1, training loss:3.803617238998413
v.shape torch.Size([1, 139994, 3])
f.shape torch.Size([1, 279984, 3])
v.shape torch.Size([1, 139994, 3])
f.shape torch.Size([1, 279984, 3])
v.shape torch.Size([1, 139994, 3])
f.shape torch.Size([1, 279984, 3])
v.shape torch.Size([1, 139994, 3])
f.shape torch.Size([1, 279984, 3])
v.shape torch.Size([1, 139994, 3])
f.shape torch.Size([1, 279984, 3])
v.shape torch.Size([1, 139994, 3])
f.shape torch.Size([1, 279984, 3])
v.shape torch.Size([1, 139994, 3])
f.shape torch.Size([1, 279984, 3])
v.shape torch.Size([1, 139994, 3])
f.shape torch.Size([1, 279984, 3])
v.shape torch.Size([1, 139994, 3])
f.shape torch.Size([1, 279984, 3])
v.shape torch.Size([1, 139994, 3])
f.shape torch.Size([1, 279984, 3])
v.shape torch.Size([1, 139994, 3])
f.shape torch.Size([1, 279984, 3])
v.shape torch.Size([1, 139994, 3])
f.shape torch.Size([1, 279984, 3])
v.shape torch.Size([1, 139994, 3])
f.shape torch.Size([1, 279984, 3])
v.shape torch.Size([1, 139994, 3])
f.shape torch.Size([1, 279984, 3])
v.shape torch.Size([1, 139994, 3])
f.shape torch.Size([1, 279984, 3])
v.shape torch.Size([1, 139994, 3])
f.shape torch.Size([1, 279984, 3])
v.shape torch.Size([1, 139994, 3])
f.shape torch.Size([1, 279984, 3])
v.shape torch.Size([1, 139994, 3])
f.shape torch.Size([1, 279984, 3])
v.shape torch.Size([1, 139994, 3])
f.shape torch.Size([1, 279984, 3])
v.shape torch.Size([1, 139994, 3])
f.shape torch.Size([1, 279984, 3])
v.shape torch.Size([1, 139994, 3])
f.shape torch.Size([1, 279984, 3])
v.shape torch.Size([1, 139994, 3])
f.shape torch.Size([1, 279984, 3])
v.shape torch.Size([1, 139994, 3])
f.shape torch.Size([1, 279984, 3])
v.shape torch.Size([1, 139994, 3])
f.shape torch.Size([1, 279984, 3])
v.shape torch.Size([1, 139994, 3])
f.shape torch.Size([1, 279984, 3])
v.shape torch.Size([1, 139994, 3])
f.shape torch.Size([1, 279984, 3])
v.shape torch.Size([1, 139994, 3])
f.shape torch.Size([1, 279984, 3])
v.shape torch.Size([1, 139994, 3])
f.shape torch.Size([1, 279984, 3])
v.shape torch.Size([1, 139994, 3])
f.shape torch.Size([1, 279984, 3])
v.shape torch.Size([1, 139994, 3])
f.shape torch.Size([1, 279984, 3])
v.shape torch.Size([1, 139994, 3])
f.shape torch.Size([1, 279984, 3])
v.shape torch.Size([1, 139994, 3])
f.shape torch.Size([1, 279984, 3])
v.shape torch.Size([1, 139994, 3])
f.shape torch.Size([1, 279984, 3])
v.shape torch.Size([1, 139994, 3])
f.shape torch.Size([1, 279984, 3])
v.shape torch.Size([1, 139994, 3])
f.shape torch.Size([1, 279984, 3])
v.shape torch.Size([1, 139994, 3])
f.shape torch.Size([1, 279984, 3])
v.shape torch.Size([1, 139994, 3])
f.shape torch.Size([1, 279984, 3])
v.shape torch.Size([1, 139994, 3])
f.shape torch.Size([1, 279984, 3])
v.shape torch.Size([1, 139994, 3])
f.shape torch.Size([1, 279984, 3])
v.shape torch.Size([1, 139994, 3])
f.shape torch.Size([1, 279984, 3])
v.shape torch.Size([1, 139994, 3])
f.shape torch.Size([1, 279984, 3])
v.shape torch.Size([1, 139994, 3])
f.shape torch.Size([1, 279984, 3])
v.shape torch.Size([1, 139994, 3])
f.shape torch.Size([1, 279984, 3])
v.shape torch.Size([1, 139994, 3])
f.shape torch.Size([1, 279984, 3])
v.shape torch.Size([1, 139994, 3])
f.shape torch.Size([1, 279984, 3])
v.shape torch.Size([1, 139994, 3])
f.shape torch.Size([1, 279984, 3])
v.shape torch.Size([1, 139994, 3])
f.shape torch.Size([1, 279984, 3])
v.shape torch.Size([1, 139994, 3])
f.shape torch.Size([1, 279984, 3])
v.shape torch.Size([1, 139994, 3])
f.shape torch.Size([1, 279984, 3])
v.shape torch.Size([1, 139994, 3])
f.shape torch.Size([1, 279984, 3])
v.shape torch.Size([1, 139994, 3])
f.shape torch.Size([1, 279984, 3])
v.shape torch.Size([1, 139994, 3])
f.shape torch.Size([1, 279984, 3])
v.shape torch.Size([1, 139994, 3])
f.shape torch.Size([1, 279984, 3])
v.shape torch.Size([1, 139994, 3])
f.shape torch.Size([1, 279984, 3])
v.shape torch.Size([1, 139994, 3])
f.shape torch.Size([1, 279984, 3])
v.shape torch.Size([1, 139994, 3])
f.shape torch.Size([1, 279984, 3])
v.shape torch.Size([1, 139994, 3])
f.shape torch.Size([1, 279984, 3])
v.shape torch.Size([1, 139994, 3])
f.shape torch.Size([1, 279984, 3])
v.shape torch.Size([1, 139994, 3])
f.shape torch.Size([1, 279984, 3])
v.shape torch.Size([1, 139994, 3])
f.shape torch.Size([1, 279984, 3])
v.shape torch.Size([1, 139994, 3])
f.shape torch.Size([1, 279984, 3])
v.shape torch.Size([1, 139994, 3])
f.shape torch.Size([1, 279984, 3])
v.shape torch.Size([1, 139994, 3])
f.shape torch.Size([1, 279984, 3])
v.shape torch.Size([1, 139994, 3])
f.shape torch.Size([1, 279984, 3])
v.shape torch.Size([1, 139994, 3])
f.shape torch.Size([1, 279984, 3])
v.shape torch.Size([1, 139994, 3])
f.shape torch.Size([1, 279984, 3])
v.shape torch.Size([1, 139994, 3])
f.shape torch.Size([1, 279984, 3])
v.shape torch.Size([1, 139994, 3])
f.shape torch.Size([1, 279984, 3])
v.shape torch.Size([1, 139994, 3])
f.shape torch.Size([1, 279984, 3])
v.shape torch.Size([1, 139994, 3])
f.shape torch.Size([1, 279984, 3])
v.shape torch.Size([1, 139994, 3])
f.shape torch.Size([1, 279984, 3])
v.shape torch.Size([1, 139994, 3])
f.shape torch.Size([1, 279984, 3])
v.shape torch.Size([1, 139994, 3])
f.shape torch.Size([1, 279984, 3])
v.shape torch.Size([1, 139994, 3])
f.shape torch.Size([1, 279984, 3])
v.shape torch.Size([1, 139994, 3])
f.shape torch.Size([1, 279984, 3])
Epoch:2, training loss:3.229580799738566
v.shape torch.Size([1, 139994, 3])
f.shape torch.Size([1, 279984, 3])
v.shape torch.Size([1, 139994, 3])
f.shape torch.Size([1, 279984, 3])
v.shape torch.Size([1, 139994, 3])
f.shape torch.Size([1, 279984, 3])
v.shape torch.Size([1, 139994, 3])
f.shape torch.Size([1, 279984, 3])
v.shape torch.Size([1, 139994, 3])
f.shape torch.Size([1, 279984, 3])
v.shape torch.Size([1, 139994, 3])
f.shape torch.Size([1, 279984, 3])
v.shape torch.Size([1, 139994, 3])
f.shape torch.Size([1, 279984, 3])
v.shape torch.Size([1, 139994, 3])
f.shape torch.Size([1, 279984, 3])
v.shape torch.Size([1, 139994, 3])
f.shape torch.Size([1, 279984, 3])
v.shape torch.Size([1, 139994, 3])
f.shape torch.Size([1, 279984, 3])
v.shape torch.Size([1, 139994, 3])
f.shape torch.Size([1, 279984, 3])
v.shape torch.Size([1, 139994, 3])
f.shape torch.Size([1, 279984, 3])
v.shape torch.Size([1, 139994, 3])
f.shape torch.Size([1, 279984, 3])
v.shape torch.Size([1, 139994, 3])
f.shape torch.Size([1, 279984, 3])
v.shape torch.Size([1, 139994, 3])
f.shape torch.Size([1, 279984, 3])
v.shape torch.Size([1, 139994, 3])
f.shape torch.Size([1, 279984, 3])
v.shape torch.Size([1, 139994, 3])
f.shape torch.Size([1, 279984, 3])
v.shape torch.Size([1, 139994, 3])
f.shape torch.Size([1, 279984, 3])
v.shape torch.Size([1, 139994, 3])
f.shape torch.Size([1, 279984, 3])
v.shape torch.Size([1, 139994, 3])
f.shape torch.Size([1, 279984, 3])
v.shape torch.Size([1, 139994, 3])
f.shape torch.Size([1, 279984, 3])
v.shape torch.Size([1, 139994, 3])
f.shape torch.Size([1, 279984, 3])
v.shape torch.Size([1, 139994, 3])
f.shape torch.Size([1, 279984, 3])
v.shape torch.Size([1, 139994, 3])
f.shape torch.Size([1, 279984, 3])
v.shape torch.Size([1, 139994, 3])
f.shape torch.Size([1, 279984, 3])
v.shape torch.Size([1, 139994, 3])
f.shape torch.Size([1, 279984, 3])
v.shape torch.Size([1, 139994, 3])
f.shape torch.Size([1, 279984, 3])
v.shape torch.Size([1, 139994, 3])
f.shape torch.Size([1, 279984, 3])
v.shape torch.Size([1, 139994, 3])
f.shape torch.Size([1, 279984, 3])
v.shape torch.Size([1, 139994, 3])
f.shape torch.Size([1, 279984, 3])
v.shape torch.Size([1, 139994, 3])
f.shape torch.Size([1, 279984, 3])
v.shape torch.Size([1, 139994, 3])
f.shape torch.Size([1, 279984, 3])
v.shape torch.Size([1, 139994, 3])
f.shape torch.Size([1, 279984, 3])
v.shape torch.Size([1, 139994, 3])
f.shape torch.Size([1, 279984, 3])
v.shape torch.Size([1, 139994, 3])
f.shape torch.Size([1, 279984, 3])
v.shape torch.Size([1, 139994, 3])
f.shape torch.Size([1, 279984, 3])
v.shape torch.Size([1, 139994, 3])
f.shape torch.Size([1, 279984, 3])
v.shape torch.Size([1, 139994, 3])
f.shape torch.Size([1, 279984, 3])
v.shape torch.Size([1, 139994, 3])
f.shape torch.Size([1, 279984, 3])
v.shape torch.Size([1, 139994, 3])
f.shape torch.Size([1, 279984, 3])
v.shape torch.Size([1, 139994, 3])
f.shape torch.Size([1, 279984, 3])
v.shape torch.Size([1, 139994, 3])
f.shape torch.Size([1, 279984, 3])
v.shape torch.Size([1, 139994, 3])
f.shape torch.Size([1, 279984, 3])
v.shape torch.Size([1, 139994, 3])
f.shape torch.Size([1, 279984, 3])
v.shape torch.Size([1, 139994, 3])
f.shape torch.Size([1, 279984, 3])
v.shape torch.Size([1, 139994, 3])
f.shape torch.Size([1, 279984, 3])
v.shape torch.Size([1, 139994, 3])
f.shape torch.Size([1, 279984, 3])
v.shape torch.Size([1, 139994, 3])
f.shape torch.Size([1, 279984, 3])
v.shape torch.Size([1, 139994, 3])
f.shape torch.Size([1, 279984, 3])
v.shape torch.Size([1, 139994, 3])
f.shape torch.Size([1, 279984, 3])
v.shape torch.Size([1, 139994, 3])
f.shape torch.Size([1, 279984, 3])
v.shape torch.Size([1, 139994, 3])
f.shape torch.Size([1, 279984, 3])
v.shape torch.Size([1, 139994, 3])
f.shape torch.Size([1, 279984, 3])
v.shape torch.Size([1, 139994, 3])
f.shape torch.Size([1, 279984, 3])
v.shape torch.Size([1, 139994, 3])
f.shape torch.Size([1, 279984, 3])
v.shape torch.Size([1, 139994, 3])
f.shape torch.Size([1, 279984, 3])
v.shape torch.Size([1, 139994, 3])
f.shape torch.Size([1, 279984, 3])
v.shape torch.Size([1, 139994, 3])
f.shape torch.Size([1, 279984, 3])
v.shape torch.Size([1, 139994, 3])
f.shape torch.Size([1, 279984, 3])
v.shape torch.Size([1, 139994, 3])
f.shape torch.Size([1, 279984, 3])
v.shape torch.Size([1, 139994, 3])
f.shape torch.Size([1, 279984, 3])
v.shape torch.Size([1, 139994, 3])
f.shape torch.Size([1, 279984, 3])
v.shape torch.Size([1, 139994, 3])
f.shape torch.Size([1, 279984, 3])
v.shape torch.Size([1, 139994, 3])
f.shape torch.Size([1, 279984, 3])
v.shape torch.Size([1, 139994, 3])
f.shape torch.Size([1, 279984, 3])
v.shape torch.Size([1, 139994, 3])
f.shape torch.Size([1, 279984, 3])
v.shape torch.Size([1, 139994, 3])
f.shape torch.Size([1, 279984, 3])
v.shape torch.Size([1, 139994, 3])
f.shape torch.Size([1, 279984, 3])
v.shape torch.Size([1, 139994, 3])
f.shape torch.Size([1, 279984, 3])
v.shape torch.Size([1, 139994, 3])
f.shape torch.Size([1, 279984, 3])
v.shape torch.Size([1, 139994, 3])
f.shape torch.Size([1, 279984, 3])
v.shape torch.Size([1, 139994, 3])
f.shape torch.Size([1, 279984, 3])
v.shape torch.Size([1, 139994, 3])
f.shape torch.Size([1, 279984, 3])
v.shape torch.Size([1, 139994, 3])
f.shape torch.Size([1, 279984, 3])
v.shape torch.Size([1, 139994, 3])
f.shape torch.Size([1, 279984, 3])
Epoch:3, training loss:3.0160001118977866
v.shape torch.Size([1, 139994, 3])
f.shape torch.Size([1, 279984, 3])
v.shape torch.Size([1, 139994, 3])
f.shape torch.Size([1, 279984, 3])
v.shape torch.Size([1, 139994, 3])
f.shape torch.Size([1, 279984, 3])
v.shape torch.Size([1, 139994, 3])
f.shape torch.Size([1, 279984, 3])
v.shape torch.Size([1, 139994, 3])
f.shape torch.Size([1, 279984, 3])
v.shape torch.Size([1, 139994, 3])
f.shape torch.Size([1, 279984, 3])
v.shape torch.Size([1, 139994, 3])
f.shape torch.Size([1, 279984, 3])
v.shape torch.Size([1, 139994, 3])
f.shape torch.Size([1, 279984, 3])
v.shape torch.Size([1, 139994, 3])
f.shape torch.Size([1, 279984, 3])
v.shape torch.Size([1, 139994, 3])
f.shape torch.Size([1, 279984, 3])
v.shape torch.Size([1, 139994, 3])
f.shape torch.Size([1, 279984, 3])
v.shape torch.Size([1, 139994, 3])
f.shape torch.Size([1, 279984, 3])
v.shape torch.Size([1, 139994, 3])
f.shape torch.Size([1, 279984, 3])
v.shape torch.Size([1, 139994, 3])
f.shape torch.Size([1, 279984, 3])
v.shape torch.Size([1, 139994, 3])
f.shape torch.Size([1, 279984, 3])
v.shape torch.Size([1, 139994, 3])
f.shape torch.Size([1, 279984, 3])
v.shape torch.Size([1, 139994, 3])
f.shape torch.Size([1, 279984, 3])
v.shape torch.Size([1, 139994, 3])
f.shape torch.Size([1, 279984, 3])
v.shape torch.Size([1, 139994, 3])
f.shape torch.Size([1, 279984, 3])
v.shape torch.Size([1, 139994, 3])
f.shape torch.Size([1, 279984, 3])
v.shape torch.Size([1, 139994, 3])
f.shape torch.Size([1, 279984, 3])
v.shape torch.Size([1, 139994, 3])
f.shape torch.Size([1, 279984, 3])
v.shape torch.Size([1, 139994, 3])
f.shape torch.Size([1, 279984, 3])
v.shape torch.Size([1, 139994, 3])
f.shape torch.Size([1, 279984, 3])
v.shape torch.Size([1, 139994, 3])
f.shape torch.Size([1, 279984, 3])
v.shape torch.Size([1, 139994, 3])
f.shape torch.Size([1, 279984, 3])
v.shape torch.Size([1, 139994, 3])
f.shape torch.Size([1, 279984, 3])
v.shape torch.Size([1, 139994, 3])
f.shape torch.Size([1, 279984, 3])
v.shape torch.Size([1, 139994, 3])
f.shape torch.Size([1, 279984, 3])
v.shape torch.Size([1, 139994, 3])
f.shape torch.Size([1, 279984, 3])
v.shape torch.Size([1, 139994, 3])
f.shape torch.Size([1, 279984, 3])
v.shape torch.Size([1, 139994, 3])
f.shape torch.Size([1, 279984, 3])
v.shape torch.Size([1, 139994, 3])
f.shape torch.Size([1, 279984, 3])
v.shape torch.Size([1, 139994, 3])
f.shape torch.Size([1, 279984, 3])
v.shape torch.Size([1, 139994, 3])
f.shape torch.Size([1, 279984, 3])
v.shape torch.Size([1, 139994, 3])
f.shape torch.Size([1, 279984, 3])
v.shape torch.Size([1, 139994, 3])
f.shape torch.Size([1, 279984, 3])
v.shape torch.Size([1, 139994, 3])
f.shape torch.Size([1, 279984, 3])
v.shape torch.Size([1, 139994, 3])
f.shape torch.Size([1, 279984, 3])
v.shape torch.Size([1, 139994, 3])
f.shape torch.Size([1, 279984, 3])
v.shape torch.Size([1, 139994, 3])
f.shape torch.Size([1, 279984, 3])
v.shape torch.Size([1, 139994, 3])
f.shape torch.Size([1, 279984, 3])
v.shape torch.Size([1, 139994, 3])
f.shape torch.Size([1, 279984, 3])
v.shape torch.Size([1, 139994, 3])
f.shape torch.Size([1, 279984, 3])
v.shape torch.Size([1, 139994, 3])
f.shape torch.Size([1, 279984, 3])
v.shape torch.Size([1, 139994, 3])
f.shape torch.Size([1, 279984, 3])
v.shape torch.Size([1, 139994, 3])
f.shape torch.Size([1, 279984, 3])
v.shape torch.Size([1, 139994, 3])
f.shape torch.Size([1, 279984, 3])
v.shape torch.Size([1, 139994, 3])
f.shape torch.Size([1, 279984, 3])
v.shape torch.Size([1, 139994, 3])
f.shape torch.Size([1, 279984, 3])
v.shape torch.Size([1, 139994, 3])
f.shape torch.Size([1, 279984, 3])
v.shape torch.Size([1, 139994, 3])
f.shape torch.Size([1, 279984, 3])
v.shape torch.Size([1, 139994, 3])
f.shape torch.Size([1, 279984, 3])
v.shape torch.Size([1, 139994, 3])
f.shape torch.Size([1, 279984, 3])
v.shape torch.Size([1, 139994, 3])
f.shape torch.Size([1, 279984, 3])
v.shape torch.Size([1, 139994, 3])
f.shape torch.Size([1, 279984, 3])
v.shape torch.Size([1, 139994, 3])
f.shape torch.Size([1, 279984, 3])
v.shape torch.Size([1, 139994, 3])
f.shape torch.Size([1, 279984, 3])
v.shape torch.Size([1, 139994, 3])
f.shape torch.Size([1, 279984, 3])
v.shape torch.Size([1, 139994, 3])
f.shape torch.Size([1, 279984, 3])
v.shape torch.Size([1, 139994, 3])
f.shape torch.Size([1, 279984, 3])
v.shape torch.Size([1, 139994, 3])
f.shape torch.Size([1, 279984, 3])
v.shape torch.Size([1, 139994, 3])
f.shape torch.Size([1, 279984, 3])
v.shape torch.Size([1, 139994, 3])
f.shape torch.Size([1, 279984, 3])
v.shape torch.Size([1, 139994, 3])
f.shape torch.Size([1, 279984, 3])
v.shape torch.Size([1, 139994, 3])
f.shape torch.Size([1, 279984, 3])
v.shape torch.Size([1, 139994, 3])
f.shape torch.Size([1, 279984, 3])
v.shape torch.Size([1, 139994, 3])
f.shape torch.Size([1, 279984, 3])
v.shape torch.Size([1, 139994, 3])
f.shape torch.Size([1, 279984, 3])
v.shape torch.Size([1, 139994, 3])
f.shape torch.Size([1, 279984, 3])
v.shape torch.Size([1, 139994, 3])
f.shape torch.Size([1, 279984, 3])
v.shape torch.Size([1, 139994, 3])
f.shape torch.Size([1, 279984, 3])
v.shape torch.Size([1, 139994, 3])
f.shape torch.Size([1, 279984, 3])
v.shape torch.Size([1, 139994, 3])
f.shape torch.Size([1, 279984, 3])
v.shape torch.Size([1, 139994, 3])
f.shape torch.Size([1, 279984, 3])
Epoch:4, training loss:2.834977865219116
v.shape torch.Size([1, 139994, 3])
f.shape torch.Size([1, 279984, 3])
v.shape torch.Size([1, 139994, 3])
f.shape torch.Size([1, 279984, 3])
v.shape torch.Size([1, 139994, 3])
f.shape torch.Size([1, 279984, 3])
v.shape torch.Size([1, 139994, 3])
f.shape torch.Size([1, 279984, 3])
v.shape torch.Size([1, 139994, 3])
f.shape torch.Size([1, 279984, 3])
v.shape torch.Size([1, 139994, 3])
f.shape torch.Size([1, 279984, 3])
v.shape torch.Size([1, 139994, 3])
f.shape torch.Size([1, 279984, 3])
v.shape torch.Size([1, 139994, 3])
f.shape torch.Size([1, 279984, 3])
v.shape torch.Size([1, 139994, 3])
f.shape torch.Size([1, 279984, 3])
v.shape torch.Size([1, 139994, 3])
f.shape torch.Size([1, 279984, 3])
v.shape torch.Size([1, 139994, 3])
f.shape torch.Size([1, 279984, 3])
v.shape torch.Size([1, 139994, 3])
f.shape torch.Size([1, 279984, 3])
v.shape torch.Size([1, 139994, 3])
f.shape torch.Size([1, 279984, 3])
v.shape torch.Size([1, 139994, 3])
f.shape torch.Size([1, 279984, 3])
v.shape torch.Size([1, 139994, 3])
f.shape torch.Size([1, 279984, 3])
v.shape torch.Size([1, 139994, 3])
f.shape torch.Size([1, 279984, 3])
v.shape torch.Size([1, 139994, 3])
f.shape torch.Size([1, 279984, 3])
v.shape torch.Size([1, 139994, 3])
f.shape torch.Size([1, 279984, 3])
v.shape torch.Size([1, 139994, 3])
f.shape torch.Size([1, 279984, 3])
v.shape torch.Size([1, 139994, 3])
f.shape torch.Size([1, 279984, 3])
v.shape torch.Size([1, 139994, 3])
f.shape torch.Size([1, 279984, 3])
v.shape torch.Size([1, 139994, 3])
f.shape torch.Size([1, 279984, 3])
v.shape torch.Size([1, 139994, 3])
f.shape torch.Size([1, 279984, 3])
v.shape torch.Size([1, 139994, 3])
f.shape torch.Size([1, 279984, 3])
v.shape torch.Size([1, 139994, 3])
f.shape torch.Size([1, 279984, 3])
v.shape torch.Size([1, 139994, 3])
f.shape torch.Size([1, 279984, 3])
v.shape torch.Size([1, 139994, 3])
f.shape torch.Size([1, 279984, 3])
v.shape torch.Size([1, 139994, 3])
f.shape torch.Size([1, 279984, 3])
v.shape torch.Size([1, 139994, 3])
f.shape torch.Size([1, 279984, 3])
v.shape torch.Size([1, 139994, 3])
f.shape torch.Size([1, 279984, 3])
v.shape torch.Size([1, 139994, 3])
f.shape torch.Size([1, 279984, 3])
v.shape torch.Size([1, 139994, 3])
f.shape torch.Size([1, 279984, 3])
v.shape torch.Size([1, 139994, 3])
f.shape torch.Size([1, 279984, 3])
v.shape torch.Size([1, 139994, 3])
f.shape torch.Size([1, 279984, 3])
v.shape torch.Size([1, 139994, 3])
f.shape torch.Size([1, 279984, 3])
v.shape torch.Size([1, 139994, 3])
f.shape torch.Size([1, 279984, 3])
v.shape torch.Size([1, 139994, 3])
f.shape torch.Size([1, 279984, 3])
v.shape torch.Size([1, 139994, 3])
f.shape torch.Size([1, 279984, 3])
v.shape torch.Size([1, 139994, 3])
f.shape torch.Size([1, 279984, 3])
v.shape torch.Size([1, 139994, 3])
f.shape torch.Size([1, 279984, 3])
v.shape torch.Size([1, 139994, 3])
f.shape torch.Size([1, 279984, 3])
v.shape torch.Size([1, 139994, 3])
f.shape torch.Size([1, 279984, 3])
v.shape torch.Size([1, 139994, 3])
f.shape torch.Size([1, 279984, 3])
v.shape torch.Size([1, 139994, 3])
f.shape torch.Size([1, 279984, 3])
v.shape torch.Size([1, 139994, 3])
f.shape torch.Size([1, 279984, 3])
v.shape torch.Size([1, 139994, 3])
f.shape torch.Size([1, 279984, 3])
v.shape torch.Size([1, 139994, 3])
f.shape torch.Size([1, 279984, 3])
v.shape torch.Size([1, 139994, 3])
f.shape torch.Size([1, 279984, 3])
v.shape torch.Size([1, 139994, 3])
f.shape torch.Size([1, 279984, 3])
v.shape torch.Size([1, 139994, 3])
f.shape torch.Size([1, 279984, 3])
v.shape torch.Size([1, 139994, 3])
f.shape torch.Size([1, 279984, 3])
v.shape torch.Size([1, 139994, 3])
f.shape torch.Size([1, 279984, 3])
v.shape torch.Size([1, 139994, 3])
f.shape torch.Size([1, 279984, 3])
v.shape torch.Size([1, 139994, 3])
f.shape torch.Size([1, 279984, 3])
v.shape torch.Size([1, 139994, 3])
f.shape torch.Size([1, 279984, 3])
v.shape torch.Size([1, 139994, 3])
f.shape torch.Size([1, 279984, 3])
v.shape torch.Size([1, 139994, 3])
f.shape torch.Size([1, 279984, 3])
v.shape torch.Size([1, 139994, 3])
f.shape torch.Size([1, 279984, 3])
v.shape torch.Size([1, 139994, 3])
f.shape torch.Size([1, 279984, 3])
v.shape torch.Size([1, 139994, 3])
f.shape torch.Size([1, 279984, 3])
v.shape torch.Size([1, 139994, 3])
f.shape torch.Size([1, 279984, 3])
v.shape torch.Size([1, 139994, 3])
f.shape torch.Size([1, 279984, 3])
v.shape torch.Size([1, 139994, 3])
f.shape torch.Size([1, 279984, 3])
v.shape torch.Size([1, 139994, 3])
f.shape torch.Size([1, 279984, 3])
v.shape torch.Size([1, 139994, 3])
f.shape torch.Size([1, 279984, 3])
v.shape torch.Size([1, 139994, 3])
f.shape torch.Size([1, 279984, 3])
v.shape torch.Size([1, 139994, 3])
f.shape torch.Size([1, 279984, 3])
v.shape torch.Size([1, 139994, 3])
f.shape torch.Size([1, 279984, 3])
v.shape torch.Size([1, 139994, 3])
f.shape torch.Size([1, 279984, 3])
v.shape torch.Size([1, 139994, 3])
f.shape torch.Size([1, 279984, 3])
v.shape torch.Size([1, 139994, 3])
f.shape torch.Size([1, 279984, 3])
v.shape torch.Size([1, 139994, 3])
f.shape torch.Size([1, 279984, 3])
v.shape torch.Size([1, 139994, 3])
f.shape torch.Size([1, 279984, 3])
v.shape torch.Size([1, 139994, 3])
f.shape torch.Size([1, 279984, 3])
v.shape torch.Size([1, 139994, 3])
f.shape torch.Size([1, 279984, 3])
Epoch:5, training loss:2.7589735190073648
v.shape torch.Size([1, 139994, 3])
f.shape torch.Size([1, 279984, 3])
v.shape torch.Size([1, 139994, 3])
f.shape torch.Size([1, 279984, 3])
v.shape torch.Size([1, 139994, 3])
f.shape torch.Size([1, 279984, 3])
v.shape torch.Size([1, 139994, 3])
f.shape torch.Size([1, 279984, 3])
v.shape torch.Size([1, 139994, 3])
f.shape torch.Size([1, 279984, 3])
v.shape torch.Size([1, 139994, 3])
f.shape torch.Size([1, 279984, 3])
v.shape torch.Size([1, 139994, 3])
f.shape torch.Size([1, 279984, 3])
v.shape torch.Size([1, 139994, 3])
f.shape torch.Size([1, 279984, 3])
v.shape torch.Size([1, 139994, 3])
f.shape torch.Size([1, 279984, 3])
v.shape torch.Size([1, 139994, 3])
f.shape torch.Size([1, 279984, 3])
v.shape torch.Size([1, 139994, 3])
f.shape torch.Size([1, 279984, 3])
v.shape torch.Size([1, 139994, 3])
f.shape torch.Size([1, 279984, 3])
v.shape torch.Size([1, 139994, 3])
f.shape torch.Size([1, 279984, 3])
v.shape torch.Size([1, 139994, 3])
f.shape torch.Size([1, 279984, 3])
v.shape torch.Size([1, 139994, 3])
f.shape torch.Size([1, 279984, 3])
v.shape torch.Size([1, 139994, 3])
f.shape torch.Size([1, 279984, 3])
v.shape torch.Size([1, 139994, 3])
f.shape torch.Size([1, 279984, 3])
v.shape torch.Size([1, 139994, 3])
f.shape torch.Size([1, 279984, 3])
v.shape torch.Size([1, 139994, 3])
f.shape torch.Size([1, 279984, 3])
v.shape torch.Size([1, 139994, 3])
f.shape torch.Size([1, 279984, 3])
v.shape torch.Size([1, 139994, 3])
f.shape torch.Size([1, 279984, 3])
v.shape torch.Size([1, 139994, 3])
f.shape torch.Size([1, 279984, 3])
v.shape torch.Size([1, 139994, 3])
f.shape torch.Size([1, 279984, 3])
v.shape torch.Size([1, 139994, 3])
f.shape torch.Size([1, 279984, 3])
v.shape torch.Size([1, 139994, 3])
f.shape torch.Size([1, 279984, 3])
v.shape torch.Size([1, 139994, 3])
f.shape torch.Size([1, 279984, 3])
v.shape torch.Size([1, 139994, 3])
f.shape torch.Size([1, 279984, 3])
v.shape torch.Size([1, 139994, 3])
f.shape torch.Size([1, 279984, 3])
v.shape torch.Size([1, 139994, 3])
f.shape torch.Size([1, 279984, 3])
v.shape torch.Size([1, 139994, 3])
f.shape torch.Size([1, 279984, 3])
v.shape torch.Size([1, 139994, 3])
f.shape torch.Size([1, 279984, 3])
v.shape torch.Size([1, 139994, 3])
f.shape torch.Size([1, 279984, 3])
v.shape torch.Size([1, 139994, 3])
f.shape torch.Size([1, 279984, 3])
v.shape torch.Size([1, 139994, 3])
f.shape torch.Size([1, 279984, 3])
v.shape torch.Size([1, 139994, 3])
f.shape torch.Size([1, 279984, 3])
v.shape torch.Size([1, 139994, 3])
f.shape torch.Size([1, 279984, 3])
v.shape torch.Size([1, 139994, 3])
f.shape torch.Size([1, 279984, 3])
v.shape torch.Size([1, 139994, 3])
f.shape torch.Size([1, 279984, 3])
v.shape torch.Size([1, 139994, 3])
f.shape torch.Size([1, 279984, 3])
v.shape torch.Size([1, 139994, 3])
f.shape torch.Size([1, 279984, 3])
v.shape torch.Size([1, 139994, 3])
f.shape torch.Size([1, 279984, 3])
v.shape torch.Size([1, 139994, 3])
f.shape torch.Size([1, 279984, 3])
v.shape torch.Size([1, 139994, 3])
f.shape torch.Size([1, 279984, 3])
v.shape torch.Size([1, 139994, 3])
f.shape torch.Size([1, 279984, 3])
v.shape torch.Size([1, 139994, 3])
f.shape torch.Size([1, 279984, 3])
v.shape torch.Size([1, 139994, 3])
f.shape torch.Size([1, 279984, 3])
v.shape torch.Size([1, 139994, 3])
f.shape torch.Size([1, 279984, 3])
v.shape torch.Size([1, 139994, 3])
f.shape torch.Size([1, 279984, 3])
v.shape torch.Size([1, 139994, 3])
f.shape torch.Size([1, 279984, 3])
v.shape torch.Size([1, 139994, 3])
f.shape torch.Size([1, 279984, 3])
v.shape torch.Size([1, 139994, 3])
f.shape torch.Size([1, 279984, 3])
v.shape torch.Size([1, 139994, 3])
f.shape torch.Size([1, 279984, 3])
v.shape torch.Size([1, 139994, 3])
f.shape torch.Size([1, 279984, 3])
v.shape torch.Size([1, 139994, 3])
f.shape torch.Size([1, 279984, 3])
v.shape torch.Size([1, 139994, 3])
f.shape torch.Size([1, 279984, 3])
v.shape torch.Size([1, 139994, 3])
f.shape torch.Size([1, 279984, 3])
v.shape torch.Size([1, 139994, 3])
f.shape torch.Size([1, 279984, 3])
v.shape torch.Size([1, 139994, 3])
f.shape torch.Size([1, 279984, 3])
v.shape torch.Size([1, 139994, 3])
f.shape torch.Size([1, 279984, 3])
v.shape torch.Size([1, 139994, 3])
f.shape torch.Size([1, 279984, 3])
v.shape torch.Size([1, 139994, 3])
f.shape torch.Size([1, 279984, 3])
v.shape torch.Size([1, 139994, 3])
f.shape torch.Size([1, 279984, 3])
v.shape torch.Size([1, 139994, 3])
f.shape torch.Size([1, 279984, 3])
v.shape torch.Size([1, 139994, 3])
f.shape torch.Size([1, 279984, 3])
v.shape torch.Size([1, 139994, 3])
f.shape torch.Size([1, 279984, 3])
v.shape torch.Size([1, 139994, 3])
f.shape torch.Size([1, 279984, 3])
v.shape torch.Size([1, 139994, 3])
f.shape torch.Size([1, 279984, 3])
v.shape torch.Size([1, 139994, 3])
f.shape torch.Size([1, 279984, 3])
v.shape torch.Size([1, 139994, 3])
f.shape torch.Size([1, 279984, 3])
v.shape torch.Size([1, 139994, 3])
f.shape torch.Size([1, 279984, 3])
v.shape torch.Size([1, 139994, 3])
f.shape torch.Size([1, 279984, 3])
v.shape torch.Size([1, 139994, 3])
f.shape torch.Size([1, 279984, 3])
v.shape torch.Size([1, 139994, 3])
f.shape torch.Size([1, 279984, 3])
v.shape torch.Size([1, 139994, 3])
f.shape torch.Size([1, 279984, 3])
v.shape torch.Size([1, 139994, 3])
f.shape torch.Size([1, 279984, 3])
Epoch:6, training loss:2.645762801170349
v.shape torch.Size([1, 139994, 3])
f.shape torch.Size([1, 279984, 3])
v.shape torch.Size([1, 139994, 3])
f.shape torch.Size([1, 279984, 3])
v.shape torch.Size([1, 139994, 3])
f.shape torch.Size([1, 279984, 3])
v.shape torch.Size([1, 139994, 3])
f.shape torch.Size([1, 279984, 3])
v.shape torch.Size([1, 139994, 3])
f.shape torch.Size([1, 279984, 3])
v.shape torch.Size([1, 139994, 3])
f.shape torch.Size([1, 279984, 3])
v.shape torch.Size([1, 139994, 3])
f.shape torch.Size([1, 279984, 3])
v.shape torch.Size([1, 139994, 3])
f.shape torch.Size([1, 279984, 3])
v.shape torch.Size([1, 139994, 3])
f.shape torch.Size([1, 279984, 3])
v.shape torch.Size([1, 139994, 3])
f.shape torch.Size([1, 279984, 3])
v.shape torch.Size([1, 139994, 3])
f.shape torch.Size([1, 279984, 3])
v.shape torch.Size([1, 139994, 3])
f.shape torch.Size([1, 279984, 3])
v.shape torch.Size([1, 139994, 3])
f.shape torch.Size([1, 279984, 3])
v.shape torch.Size([1, 139994, 3])
f.shape torch.Size([1, 279984, 3])
v.shape torch.Size([1, 139994, 3])
f.shape torch.Size([1, 279984, 3])
v.shape torch.Size([1, 139994, 3])
f.shape torch.Size([1, 279984, 3])
v.shape torch.Size([1, 139994, 3])
f.shape torch.Size([1, 279984, 3])
v.shape torch.Size([1, 139994, 3])
f.shape torch.Size([1, 279984, 3])
v.shape torch.Size([1, 139994, 3])
f.shape torch.Size([1, 279984, 3])
v.shape torch.Size([1, 139994, 3])
f.shape torch.Size([1, 279984, 3])
v.shape torch.Size([1, 139994, 3])
f.shape torch.Size([1, 279984, 3])
v.shape torch.Size([1, 139994, 3])
f.shape torch.Size([1, 279984, 3])
v.shape torch.Size([1, 139994, 3])
f.shape torch.Size([1, 279984, 3])
v.shape torch.Size([1, 139994, 3])
f.shape torch.Size([1, 279984, 3])
v.shape torch.Size([1, 139994, 3])
f.shape torch.Size([1, 279984, 3])
v.shape torch.Size([1, 139994, 3])
f.shape torch.Size([1, 279984, 3])
v.shape torch.Size([1, 139994, 3])
f.shape torch.Size([1, 279984, 3])
v.shape torch.Size([1, 139994, 3])
f.shape torch.Size([1, 279984, 3])
v.shape torch.Size([1, 139994, 3])
f.shape torch.Size([1, 279984, 3])
v.shape torch.Size([1, 139994, 3])
f.shape torch.Size([1, 279984, 3])
v.shape torch.Size([1, 139994, 3])
f.shape torch.Size([1, 279984, 3])
v.shape torch.Size([1, 139994, 3])
f.shape torch.Size([1, 279984, 3])
v.shape torch.Size([1, 139994, 3])
f.shape torch.Size([1, 279984, 3])
v.shape torch.Size([1, 139994, 3])
f.shape torch.Size([1, 279984, 3])
v.shape torch.Size([1, 139994, 3])
f.shape torch.Size([1, 279984, 3])
v.shape torch.Size([1, 139994, 3])
f.shape torch.Size([1, 279984, 3])
v.shape torch.Size([1, 139994, 3])
f.shape torch.Size([1, 279984, 3])
v.shape torch.Size([1, 139994, 3])
f.shape torch.Size([1, 279984, 3])
v.shape torch.Size([1, 139994, 3])
f.shape torch.Size([1, 279984, 3])
v.shape torch.Size([1, 139994, 3])
f.shape torch.Size([1, 279984, 3])
v.shape torch.Size([1, 139994, 3])
f.shape torch.Size([1, 279984, 3])
v.shape torch.Size([1, 139994, 3])
f.shape torch.Size([1, 279984, 3])
v.shape torch.Size([1, 139994, 3])
f.shape torch.Size([1, 279984, 3])
v.shape torch.Size([1, 139994, 3])
f.shape torch.Size([1, 279984, 3])
v.shape torch.Size([1, 139994, 3])
f.shape torch.Size([1, 279984, 3])
v.shape torch.Size([1, 139994, 3])
f.shape torch.Size([1, 279984, 3])
v.shape torch.Size([1, 139994, 3])
f.shape torch.Size([1, 279984, 3])
v.shape torch.Size([1, 139994, 3])
f.shape torch.Size([1, 279984, 3])
v.shape torch.Size([1, 139994, 3])
f.shape torch.Size([1, 279984, 3])
v.shape torch.Size([1, 139994, 3])
f.shape torch.Size([1, 279984, 3])
v.shape torch.Size([1, 139994, 3])
f.shape torch.Size([1, 279984, 3])
v.shape torch.Size([1, 139994, 3])
f.shape torch.Size([1, 279984, 3])
v.shape torch.Size([1, 139994, 3])
f.shape torch.Size([1, 279984, 3])
v.shape torch.Size([1, 139994, 3])
f.shape torch.Size([1, 279984, 3])
v.shape torch.Size([1, 139994, 3])
f.shape torch.Size([1, 279984, 3])
v.shape torch.Size([1, 139994, 3])
f.shape torch.Size([1, 279984, 3])
v.shape torch.Size([1, 139994, 3])
f.shape torch.Size([1, 279984, 3])
v.shape torch.Size([1, 139994, 3])
f.shape torch.Size([1, 279984, 3])
v.shape torch.Size([1, 139994, 3])
f.shape torch.Size([1, 279984, 3])
v.shape torch.Size([1, 139994, 3])
f.shape torch.Size([1, 279984, 3])
v.shape torch.Size([1, 139994, 3])
f.shape torch.Size([1, 279984, 3])
v.shape torch.Size([1, 139994, 3])
f.shape torch.Size([1, 279984, 3])
v.shape torch.Size([1, 139994, 3])
f.shape torch.Size([1, 279984, 3])
v.shape torch.Size([1, 139994, 3])
f.shape torch.Size([1, 279984, 3])
v.shape torch.Size([1, 139994, 3])
f.shape torch.Size([1, 279984, 3])
v.shape torch.Size([1, 139994, 3])
f.shape torch.Size([1, 279984, 3])
v.shape torch.Size([1, 139994, 3])
f.shape torch.Size([1, 279984, 3])
v.shape torch.Size([1, 139994, 3])
f.shape torch.Size([1, 279984, 3])
v.shape torch.Size([1, 139994, 3])
f.shape torch.Size([1, 279984, 3])
v.shape torch.Size([1, 139994, 3])
f.shape torch.Size([1, 279984, 3])
v.shape torch.Size([1, 139994, 3])
f.shape torch.Size([1, 279984, 3])
v.shape torch.Size([1, 139994, 3])
f.shape torch.Size([1, 279984, 3])
v.shape torch.Size([1, 139994, 3])
f.shape torch.Size([1, 279984, 3])
v.shape torch.Size([1, 139994, 3])
f.shape torch.Size([1, 279984, 3])
v.shape torch.Size([1, 139994, 3])
f.shape torch.Size([1, 279984, 3])
Epoch:7, training loss:2.579931696256002
v.shape torch.Size([1, 139994, 3])
f.shape torch.Size([1, 279984, 3])
v.shape torch.Size([1, 139994, 3])
f.shape torch.Size([1, 279984, 3])
v.shape torch.Size([1, 139994, 3])
f.shape torch.Size([1, 279984, 3])
v.shape torch.Size([1, 139994, 3])
f.shape torch.Size([1, 279984, 3])
v.shape torch.Size([1, 139994, 3])
f.shape torch.Size([1, 279984, 3])
v.shape torch.Size([1, 139994, 3])
f.shape torch.Size([1, 279984, 3])
v.shape torch.Size([1, 139994, 3])
f.shape torch.Size([1, 279984, 3])
v.shape torch.Size([1, 139994, 3])
f.shape torch.Size([1, 279984, 3])
v.shape torch.Size([1, 139994, 3])
f.shape torch.Size([1, 279984, 3])
v.shape torch.Size([1, 139994, 3])
f.shape torch.Size([1, 279984, 3])
v.shape torch.Size([1, 139994, 3])
f.shape torch.Size([1, 279984, 3])
v.shape torch.Size([1, 139994, 3])
f.shape torch.Size([1, 279984, 3])
v.shape torch.Size([1, 139994, 3])
f.shape torch.Size([1, 279984, 3])
v.shape torch.Size([1, 139994, 3])
f.shape torch.Size([1, 279984, 3])
v.shape torch.Size([1, 139994, 3])
f.shape torch.Size([1, 279984, 3])
v.shape torch.Size([1, 139994, 3])
f.shape torch.Size([1, 279984, 3])
v.shape torch.Size([1, 139994, 3])
f.shape torch.Size([1, 279984, 3])
v.shape torch.Size([1, 139994, 3])
f.shape torch.Size([1, 279984, 3])
v.shape torch.Size([1, 139994, 3])
f.shape torch.Size([1, 279984, 3])
v.shape torch.Size([1, 139994, 3])
f.shape torch.Size([1, 279984, 3])
v.shape torch.Size([1, 139994, 3])
f.shape torch.Size([1, 279984, 3])
v.shape torch.Size([1, 139994, 3])
f.shape torch.Size([1, 279984, 3])
v.shape torch.Size([1, 139994, 3])
f.shape torch.Size([1, 279984, 3])
v.shape torch.Size([1, 139994, 3])
f.shape torch.Size([1, 279984, 3])
v.shape torch.Size([1, 139994, 3])
f.shape torch.Size([1, 279984, 3])
v.shape torch.Size([1, 139994, 3])
f.shape torch.Size([1, 279984, 3])
v.shape torch.Size([1, 139994, 3])
f.shape torch.Size([1, 279984, 3])
v.shape torch.Size([1, 139994, 3])
f.shape torch.Size([1, 279984, 3])
v.shape torch.Size([1, 139994, 3])
f.shape torch.Size([1, 279984, 3])
v.shape torch.Size([1, 139994, 3])
f.shape torch.Size([1, 279984, 3])
v.shape torch.Size([1, 139994, 3])
f.shape torch.Size([1, 279984, 3])
v.shape torch.Size([1, 139994, 3])
f.shape torch.Size([1, 279984, 3])
v.shape torch.Size([1, 139994, 3])
f.shape torch.Size([1, 279984, 3])
v.shape torch.Size([1, 139994, 3])
f.shape torch.Size([1, 279984, 3])
v.shape torch.Size([1, 139994, 3])
f.shape torch.Size([1, 279984, 3])
v.shape torch.Size([1, 139994, 3])
f.shape torch.Size([1, 279984, 3])
v.shape torch.Size([1, 139994, 3])
f.shape torch.Size([1, 279984, 3])
v.shape torch.Size([1, 139994, 3])
f.shape torch.Size([1, 279984, 3])
v.shape torch.Size([1, 139994, 3])
f.shape torch.Size([1, 279984, 3])
v.shape torch.Size([1, 139994, 3])
f.shape torch.Size([1, 279984, 3])
v.shape torch.Size([1, 139994, 3])
f.shape torch.Size([1, 279984, 3])
v.shape torch.Size([1, 139994, 3])
f.shape torch.Size([1, 279984, 3])
v.shape torch.Size([1, 139994, 3])
f.shape torch.Size([1, 279984, 3])
v.shape torch.Size([1, 139994, 3])
f.shape torch.Size([1, 279984, 3])
v.shape torch.Size([1, 139994, 3])
f.shape torch.Size([1, 279984, 3])
v.shape torch.Size([1, 139994, 3])
f.shape torch.Size([1, 279984, 3])
v.shape torch.Size([1, 139994, 3])
f.shape torch.Size([1, 279984, 3])
v.shape torch.Size([1, 139994, 3])
f.shape torch.Size([1, 279984, 3])
v.shape torch.Size([1, 139994, 3])
f.shape torch.Size([1, 279984, 3])
v.shape torch.Size([1, 139994, 3])
f.shape torch.Size([1, 279984, 3])
v.shape torch.Size([1, 139994, 3])
f.shape torch.Size([1, 279984, 3])
v.shape torch.Size([1, 139994, 3])
f.shape torch.Size([1, 279984, 3])
v.shape torch.Size([1, 139994, 3])
f.shape torch.Size([1, 279984, 3])
v.shape torch.Size([1, 139994, 3])
f.shape torch.Size([1, 279984, 3])
v.shape torch.Size([1, 139994, 3])
f.shape torch.Size([1, 279984, 3])
v.shape torch.Size([1, 139994, 3])
f.shape torch.Size([1, 279984, 3])
v.shape torch.Size([1, 139994, 3])
f.shape torch.Size([1, 279984, 3])
v.shape torch.Size([1, 139994, 3])
f.shape torch.Size([1, 279984, 3])
v.shape torch.Size([1, 139994, 3])
f.shape torch.Size([1, 279984, 3])
v.shape torch.Size([1, 139994, 3])
f.shape torch.Size([1, 279984, 3])
v.shape torch.Size([1, 139994, 3])
f.shape torch.Size([1, 279984, 3])
v.shape torch.Size([1, 139994, 3])
f.shape torch.Size([1, 279984, 3])
v.shape torch.Size([1, 139994, 3])
f.shape torch.Size([1, 279984, 3])
v.shape torch.Size([1, 139994, 3])
f.shape torch.Size([1, 279984, 3])
v.shape torch.Size([1, 139994, 3])
f.shape torch.Size([1, 279984, 3])
v.shape torch.Size([1, 139994, 3])
f.shape torch.Size([1, 279984, 3])
v.shape torch.Size([1, 139994, 3])
f.shape torch.Size([1, 279984, 3])
v.shape torch.Size([1, 139994, 3])
f.shape torch.Size([1, 279984, 3])
v.shape torch.Size([1, 139994, 3])
f.shape torch.Size([1, 279984, 3])
v.shape torch.Size([1, 139994, 3])
f.shape torch.Size([1, 279984, 3])
v.shape torch.Size([1, 139994, 3])
f.shape torch.Size([1, 279984, 3])
v.shape torch.Size([1, 139994, 3])
f.shape torch.Size([1, 279984, 3])
v.shape torch.Size([1, 139994, 3])
f.shape torch.Size([1, 279984, 3])
v.shape torch.Size([1, 139994, 3])
f.shape torch.Size([1, 279984, 3])
v.shape torch.Size([1, 139994, 3])
f.shape torch.Size([1, 279984, 3])
Epoch:8, training loss:2.492542862892151
v.shape torch.Size([1, 139994, 3])
f.shape torch.Size([1, 279984, 3])
v.shape torch.Size([1, 139994, 3])
f.shape torch.Size([1, 279984, 3])
v.shape torch.Size([1, 139994, 3])
f.shape torch.Size([1, 279984, 3])
v.shape torch.Size([1, 139994, 3])
f.shape torch.Size([1, 279984, 3])
v.shape torch.Size([1, 139994, 3])
f.shape torch.Size([1, 279984, 3])
v.shape torch.Size([1, 139994, 3])
f.shape torch.Size([1, 279984, 3])
v.shape torch.Size([1, 139994, 3])
f.shape torch.Size([1, 279984, 3])
v.shape torch.Size([1, 139994, 3])
f.shape torch.Size([1, 279984, 3])
v.shape torch.Size([1, 139994, 3])
f.shape torch.Size([1, 279984, 3])
v.shape torch.Size([1, 139994, 3])
f.shape torch.Size([1, 279984, 3])
