aa
bb
A
B
C
----------------------------
Start loading dataset ...
numbers 100206
numbers 100307
numbers 100408
numbers 100610
Finish loading dataset. There are total 4 subjects.
----------------------------
Start loading model ...
Finish loading model
----------------------------
Start training 200 epochs ...
v.shape,f.shape torch.Size([1, 130879, 3]) torch.Size([1, 261754, 3])
len v, len f 1 1
normals torch.Size([130879, 3])
edges torch.Size([392631, 2])
edge_list torch.Size([2, 785262])
edges torch.Size([392631, 1, 2])
edge_list torch.Size([2, 785262])
edges torch.Size([392631, 1, 2])
D
CC
