aa
bb
A
B
C
----------------------------
Start loading dataset ...
numbers 100206
numbers 100307
numbers 100408
numbers 100610
Finish loading dataset. There are total 4 subjects.
----------------------------
Start loading model ...
Finish loading model
----------------------------
Start training 200 epochs ...
Epoch:0, training loss:0.21166166166464487
----------------------------
Start validation ...
Validation error:0.21166166166464487
Save model checkpoints ... 
Finish validation.
----------------------------
Epoch:1, training loss:0.12841751674811044
Epoch:2, training loss:0.09565651168425877
Epoch:3, training loss:0.09445785482724507
Epoch:4, training loss:0.09751253326733907
Epoch:5, training loss:0.09738519291083018
Epoch:6, training loss:0.0934066300590833
Epoch:7, training loss:0.08858401576677959
Epoch:8, training loss:0.08674482504526775
Epoch:9, training loss:0.08701058973868687
Epoch:10, training loss:0.08730971316496532
----------------------------
Start validation ...
Validation error:0.08730971316496532
Save model checkpoints ... 
Finish validation.
----------------------------
Epoch:11, training loss:0.08660937349001567
Epoch:12, training loss:0.08551158010959625
Epoch:13, training loss:0.08472099403540294
Epoch:14, training loss:0.08454600721597672
Epoch:15, training loss:0.0843339537580808
Epoch:16, training loss:0.0841631293296814
Epoch:17, training loss:0.0838194340467453
Epoch:18, training loss:0.08334071685870488
Epoch:19, training loss:0.08318511893351872
Epoch:20, training loss:0.08298288037379582
----------------------------
Start validation ...
Validation error:0.08298288037379582
Save model checkpoints ... 
Finish validation.
----------------------------
Epoch:21, training loss:0.08275839934746425
Epoch:22, training loss:0.08248403171698253
Epoch:23, training loss:0.0822042499979337
Epoch:24, training loss:0.08203476667404175
Epoch:25, training loss:0.08183712263902028
Epoch:26, training loss:0.08163009583950043
Epoch:27, training loss:0.08137915283441544
Epoch:28, training loss:0.08115706592798233
Epoch:29, training loss:0.08095943679412206
Epoch:30, training loss:0.08077497035264969
----------------------------
Start validation ...
Validation error:0.08077497035264969
Save model checkpoints ... 
Finish validation.
----------------------------
Epoch:31, training loss:0.08063785980145137
Epoch:32, training loss:0.08056293427944183
Epoch:33, training loss:0.08032485594352086
Epoch:34, training loss:0.08017583191394806
Epoch:35, training loss:0.07993612438440323
Epoch:36, training loss:0.0798861434062322
Epoch:37, training loss:0.07956369469563167
Epoch:38, training loss:0.07934276511271794
Epoch:39, training loss:0.07918328295151393
Epoch:40, training loss:0.07905145734548569
----------------------------
Start validation ...
Validation error:0.07905145734548569
Save model checkpoints ... 
Finish validation.
----------------------------
Epoch:41, training loss:0.07873871674140294
Epoch:42, training loss:0.07859177390734355
Epoch:43, training loss:0.0784077246983846
Epoch:44, training loss:0.0782214750846227
Epoch:45, training loss:0.07809012879927953
Epoch:46, training loss:0.07794778794050217
Epoch:47, training loss:0.07779200375080109
Epoch:48, training loss:0.07765666395425797
Epoch:49, training loss:0.07758440574010213
Epoch:50, training loss:0.07748679320017497
----------------------------
Start validation ...
Validation error:0.07748679320017497
Save model checkpoints ... 
Finish validation.
----------------------------
Epoch:51, training loss:0.07731341322263081
Epoch:52, training loss:0.07723615318536758
Epoch:53, training loss:0.0769491046667099
Epoch:54, training loss:0.07690615206956863
Epoch:55, training loss:0.07678091029326121
Epoch:56, training loss:0.07666456699371338
Epoch:57, training loss:0.07656956960757573
Epoch:58, training loss:0.07663516203562419
Epoch:59, training loss:0.07644198834896088
Epoch:60, training loss:0.07635468244552612
----------------------------
Start validation ...
Validation error:0.07635468244552612
Save model checkpoints ... 
Finish validation.
----------------------------
Epoch:61, training loss:0.07638343920310338
Epoch:62, training loss:0.07614824920892715
Epoch:63, training loss:0.07630341003338496
Epoch:64, training loss:0.07601244002580643
Epoch:65, training loss:0.07604512572288513
Epoch:66, training loss:0.07590942581494649
Epoch:67, training loss:0.0756990263859431
Epoch:68, training loss:0.07570044944683711
Epoch:69, training loss:0.0756462166706721
Epoch:70, training loss:0.07570955902338028
----------------------------
Start validation ...
Validation error:0.07570955902338028
Save model checkpoints ... 
Finish validation.
----------------------------
Epoch:71, training loss:0.07551327347755432
Epoch:72, training loss:0.07567794620990753
Epoch:73, training loss:0.07539371152718861
Epoch:74, training loss:0.07548642158508301
Epoch:75, training loss:0.07561547060807546
Epoch:76, training loss:0.07528046766916911
Epoch:77, training loss:0.07531863451004028
Epoch:78, training loss:0.07524402439594269
Epoch:79, training loss:0.07501247525215149
Epoch:80, training loss:0.07496602336565654
----------------------------
Start validation ...
Validation error:0.07496602336565654
Save model checkpoints ... 
Finish validation.
----------------------------
Epoch:81, training loss:0.07490790138641994
Epoch:82, training loss:0.07475417852401733
Epoch:83, training loss:0.07482908914486568
Epoch:84, training loss:0.07475514709949493
Epoch:85, training loss:0.0746655563513438
Epoch:86, training loss:0.07454652339220047
Epoch:87, training loss:0.0744537611802419
Epoch:88, training loss:0.07453861335913341
Epoch:89, training loss:0.07448129852612813
Epoch:90, training loss:0.07423430929581325
----------------------------
Start validation ...
Validation error:0.07423430929581325
Save model checkpoints ... 
Finish validation.
----------------------------
Epoch:91, training loss:0.07420021543900172
Epoch:92, training loss:0.07420776039361954
Epoch:93, training loss:0.07410416503747304
Epoch:94, training loss:0.07408556590477626
Epoch:95, training loss:0.07396857688824336
Epoch:96, training loss:0.07401169836521149
Epoch:97, training loss:0.07389750331640244
Epoch:98, training loss:0.07399417459964752
Epoch:99, training loss:0.07398263613382976
Epoch:100, training loss:0.0737375517686208
----------------------------
Start validation ...
Validation error:0.0737375517686208
Save model checkpoints ... 
Finish validation.
----------------------------
Epoch:101, training loss:0.07356091837088267
Epoch:102, training loss:0.07373492419719696
Epoch:103, training loss:0.07384193688631058
Epoch:104, training loss:0.07369498660167058
Epoch:105, training loss:0.07362095266580582
Epoch:106, training loss:0.07365620632966359
Epoch:107, training loss:0.07378760228554408
Epoch:108, training loss:0.07355929414431255
Epoch:109, training loss:0.07362393538157146
Epoch:110, training loss:0.0733017846941948
----------------------------
Start validation ...
Validation error:0.0733017846941948
Save model checkpoints ... 
Finish validation.
----------------------------
Epoch:111, training loss:0.07306369890769322
Epoch:112, training loss:0.07315982133150101
Epoch:113, training loss:0.0731961578130722
Epoch:114, training loss:0.0732850432395935
Epoch:115, training loss:0.07301550110181172
Epoch:116, training loss:0.07320758203665416
Epoch:117, training loss:0.0727653056383133
Epoch:118, training loss:0.07280007998148601
Epoch:119, training loss:0.07270072400569916
Epoch:120, training loss:0.07262562960386276
----------------------------
Start validation ...
Validation error:0.07262562960386276
Save model checkpoints ... 
Finish validation.
----------------------------
Epoch:121, training loss:0.07244653006394704
Epoch:122, training loss:0.07253818462292354
Epoch:123, training loss:0.07267900307973225
Epoch:124, training loss:0.07262018819650014
Epoch:125, training loss:0.07240146646896999
Epoch:126, training loss:0.07238780210415523
Epoch:127, training loss:0.07213896264632542
Epoch:128, training loss:0.07226981967687607
Epoch:129, training loss:0.07228808601697286
Epoch:130, training loss:0.07212223360935847
----------------------------
Start validation ...
Validation error:0.07212223360935847
Save model checkpoints ... 
Finish validation.
----------------------------
Epoch:131, training loss:0.07190060367186864
Epoch:132, training loss:0.07198107490936916
Epoch:133, training loss:0.07184696197509766
Epoch:134, training loss:0.07172047098477681
Epoch:135, training loss:0.0716408093770345
Epoch:136, training loss:0.07178896417220433
Epoch:137, training loss:0.07154709349075954
Epoch:138, training loss:0.07147086411714554
Epoch:139, training loss:0.07152331620454788
Epoch:140, training loss:0.07166591535011928
----------------------------
Start validation ...
Validation error:0.07166591535011928
Save model checkpoints ... 
Finish validation.
----------------------------
Epoch:141, training loss:0.07152549922466278
Epoch:142, training loss:0.0711767574151357
Epoch:143, training loss:0.07111773143212001
Epoch:144, training loss:0.07122939328352611
Epoch:145, training loss:0.07122235745191574
Epoch:146, training loss:0.07102677722771962
Epoch:147, training loss:0.07102549821138382
Epoch:148, training loss:0.07089916119972865
Epoch:149, training loss:0.07107808192571004
Epoch:150, training loss:0.07090250651041667
----------------------------
Start validation ...
Validation error:0.07090250651041667
Save model checkpoints ... 
Finish validation.
----------------------------
Epoch:151, training loss:0.07068415482838948
Epoch:152, training loss:0.07080888996521632
Epoch:153, training loss:0.07055007417996724
Epoch:154, training loss:0.07072442521651585
Epoch:155, training loss:0.07057370493809383
Epoch:156, training loss:0.07080340882142384
Epoch:157, training loss:0.0706408644715945
Epoch:158, training loss:0.070284237464269
Epoch:159, training loss:0.07045302291711171
Epoch:160, training loss:0.07063373923301697
----------------------------
Start validation ...
Validation error:0.07063373923301697
Save model checkpoints ... 
Finish validation.
----------------------------
Epoch:161, training loss:0.07051850606997807
Epoch:162, training loss:0.07082148144642512
Epoch:163, training loss:0.07040102531512578
Epoch:164, training loss:0.07147335012753804
Epoch:165, training loss:0.07033656537532806
Epoch:166, training loss:0.07068201402823131
Epoch:167, training loss:0.07124558836221695
Epoch:168, training loss:0.07048929731051128
Epoch:169, training loss:0.06995415687561035
Epoch:170, training loss:0.07008233418067296
----------------------------
Start validation ...
Validation error:0.07008233418067296
Save model checkpoints ... 
Finish validation.
----------------------------
Epoch:171, training loss:0.06981495767831802
Epoch:172, training loss:0.06966231142481168
Epoch:173, training loss:0.06952694555123647
Epoch:174, training loss:0.0693225512901942
Epoch:175, training loss:0.06939063469568889
Epoch:176, training loss:0.06951477254430453
Epoch:177, training loss:0.06924904386202495
Epoch:178, training loss:0.06926500797271729
Epoch:179, training loss:0.06952849527200063
Epoch:180, training loss:0.06939631948868434
----------------------------
Start validation ...
Validation error:0.06939631948868434
Save model checkpoints ... 
Finish validation.
----------------------------
Epoch:181, training loss:0.06928205614288648
Epoch:182, training loss:0.06919934352238973
Epoch:183, training loss:0.0689333292345206
Epoch:184, training loss:0.0688847837348779
Epoch:185, training loss:0.06882979596654575
Epoch:186, training loss:0.06878868862986565
Epoch:187, training loss:0.06870740155378978
Epoch:188, training loss:0.06881186366081238
Epoch:189, training loss:0.06887105604012807
Epoch:190, training loss:0.06909168635805447
----------------------------
Start validation ...
Validation error:0.06909168635805447
Save model checkpoints ... 
Finish validation.
----------------------------
Epoch:191, training loss:0.0684769017000993
Epoch:192, training loss:0.06861351678768794
Epoch:193, training loss:0.06848754609624545
Epoch:194, training loss:0.0685092347363631
Epoch:195, training loss:0.06837282578150432
Epoch:196, training loss:0.06874266515175502
Epoch:197, training loss:0.0686470481256644
Epoch:198, training loss:0.06868531306584676
Epoch:199, training loss:0.06833360840876897
Epoch:200, training loss:0.06851184740662575
----------------------------
Start validation ...
Validation error:0.06851184740662575
Save model checkpoints ... 
Finish validation.
----------------------------
Finish training.
----------------------------
D
CC
