aa
bb
A
B
C
----------------------------
Start loading dataset ...
numbers 100206
numbers 100307
numbers 100408
numbers 100610
Finish loading dataset. There are total 4 subjects.
----------------------------
Start loading model ...
Finish loading model
----------------------------
Start training 200 epochs ...
coord torch.Size([1, 166737, 3])
normal torch.Size([1, 166737, 3])
cubes torch.Size([166737, 3, 5, 5, 5])
x_local torch.Size([166737, 128, 1, 1, 1])
x_local torch.Size([166737, 128])
features torch.Size([166737, 134])
x fusion torch.Size([166737, 67])
x fusion torch.Size([166737, 33])
x fusion torch.Size([166737, 3])
coord + x
D
CC
