aa
bb
A
B
C
----------------------------
Start loading dataset ...
numbers 100206
numbers 100307
numbers 100408
numbers 100610
Finish loading dataset. There are total 4 subjects.
Training data length 3
Validation data length 1
----------------------------
Start loading model ...
Finish loading model
----------------------------
Start training 200 epochs ...
Save template surface mesh ... 
v_in template a torch.Size([1, 139994, 3])
f_in template a torch.Size([1, 279984, 3])
v_gt a torch.Size([1, 166737, 3])
f_gt a torch.Size([1, 333470, 3])
v.shape torch.Size([1, 139994, 3])
f.shape torch.Size([1, 279984, 3])
template normal torch.Size([1, 139994, 3])
v_gm (139994, 3)
f_gm (279984, 3)
n_gm (139994, 3)
v.shape torch.Size([1, 139994, 3])
f.shape torch.Size([1, 279984, 3])
v.shape torch.Size([1, 139994, 3])
f.shape torch.Size([1, 279984, 3])
v.shape torch.Size([1, 139994, 3])
f.shape torch.Size([1, 279984, 3])
v.shape torch.Size([1, 139994, 3])
f.shape torch.Size([1, 279984, 3])
v.shape torch.Size([1, 139994, 3])
f.shape torch.Size([1, 279984, 3])
v.shape torch.Size([1, 139994, 3])
f.shape torch.Size([1, 279984, 3])
v.shape torch.Size([1, 139994, 3])
f.shape torch.Size([1, 279984, 3])
v.shape torch.Size([1, 139994, 3])
f.shape torch.Size([1, 279984, 3])
v.shape torch.Size([1, 139994, 3])
f.shape torch.Size([1, 279984, 3])
v.shape torch.Size([1, 139994, 3])
f.shape torch.Size([1, 279984, 3])
v.shape torch.Size([1, 139994, 3])
f.shape torch.Size([1, 279984, 3])
v.shape torch.Size([1, 139994, 3])
f.shape torch.Size([1, 279984, 3])
v.shape torch.Size([1, 139994, 3])
f.shape torch.Size([1, 279984, 3])
v.shape torch.Size([1, 139994, 3])
f.shape torch.Size([1, 279984, 3])
v.shape torch.Size([1, 139994, 3])
f.shape torch.Size([1, 279984, 3])
v.shape torch.Size([1, 139994, 3])
f.shape torch.Size([1, 279984, 3])
v.shape torch.Size([1, 139994, 3])
f.shape torch.Size([1, 279984, 3])
v.shape torch.Size([1, 139994, 3])
f.shape torch.Size([1, 279984, 3])
v.shape torch.Size([1, 139994, 3])
f.shape torch.Size([1, 279984, 3])
v.shape torch.Size([1, 139994, 3])
f.shape torch.Size([1, 279984, 3])
v.shape torch.Size([1, 139994, 3])
f.shape torch.Size([1, 279984, 3])
v.shape torch.Size([1, 139994, 3])
f.shape torch.Size([1, 279984, 3])
v.shape torch.Size([1, 139994, 3])
f.shape torch.Size([1, 279984, 3])
v.shape torch.Size([1, 139994, 3])
f.shape torch.Size([1, 279984, 3])
v.shape torch.Size([1, 139994, 3])
f.shape torch.Size([1, 279984, 3])
v.shape torch.Size([1, 139994, 3])
f.shape torch.Size([1, 279984, 3])
v.shape torch.Size([1, 139994, 3])
f.shape torch.Size([1, 279984, 3])
v.shape torch.Size([1, 139994, 3])
f.shape torch.Size([1, 279984, 3])
v.shape torch.Size([1, 139994, 3])
f.shape torch.Size([1, 279984, 3])
v.shape torch.Size([1, 139994, 3])
f.shape torch.Size([1, 279984, 3])
v.shape torch.Size([1, 139994, 3])
f.shape torch.Size([1, 279984, 3])
v.shape torch.Size([1, 139994, 3])
f.shape torch.Size([1, 279984, 3])
v.shape torch.Size([1, 139994, 3])
f.shape torch.Size([1, 279984, 3])
v.shape torch.Size([1, 139994, 3])
f.shape torch.Size([1, 279984, 3])
v.shape torch.Size([1, 139994, 3])
f.shape torch.Size([1, 279984, 3])
v.shape torch.Size([1, 139994, 3])
f.shape torch.Size([1, 279984, 3])
v.shape torch.Size([1, 139994, 3])
f.shape torch.Size([1, 279984, 3])
v.shape torch.Size([1, 139994, 3])
f.shape torch.Size([1, 279984, 3])
v.shape torch.Size([1, 139994, 3])
f.shape torch.Size([1, 279984, 3])
v.shape torch.Size([1, 139994, 3])
f.shape torch.Size([1, 279984, 3])
v.shape torch.Size([1, 139994, 3])
f.shape torch.Size([1, 279984, 3])
v.shape torch.Size([1, 139994, 3])
f.shape torch.Size([1, 279984, 3])
v.shape torch.Size([1, 139994, 3])
f.shape torch.Size([1, 279984, 3])
v.shape torch.Size([1, 139994, 3])
f.shape torch.Size([1, 279984, 3])
v.shape torch.Size([1, 139994, 3])
f.shape torch.Size([1, 279984, 3])
v.shape torch.Size([1, 139994, 3])
f.shape torch.Size([1, 279984, 3])
v.shape torch.Size([1, 139994, 3])
f.shape torch.Size([1, 279984, 3])
v.shape torch.Size([1, 139994, 3])
f.shape torch.Size([1, 279984, 3])
v.shape torch.Size([1, 139994, 3])
f.shape torch.Size([1, 279984, 3])
v.shape torch.Size([1, 139994, 3])
f.shape torch.Size([1, 279984, 3])
v.shape torch.Size([1, 139994, 3])
f.shape torch.Size([1, 279984, 3])
v.shape torch.Size([1, 139994, 3])
f.shape torch.Size([1, 279984, 3])
v.shape torch.Size([1, 139994, 3])
f.shape torch.Size([1, 279984, 3])
v.shape torch.Size([1, 139994, 3])
f.shape torch.Size([1, 279984, 3])
v.shape torch.Size([1, 139994, 3])
f.shape torch.Size([1, 279984, 3])
v.shape torch.Size([1, 139994, 3])
f.shape torch.Size([1, 279984, 3])
v.shape torch.Size([1, 139994, 3])
f.shape torch.Size([1, 279984, 3])
v.shape torch.Size([1, 139994, 3])
f.shape torch.Size([1, 279984, 3])
v.shape torch.Size([1, 139994, 3])
f.shape torch.Size([1, 279984, 3])
v.shape torch.Size([1, 139994, 3])
f.shape torch.Size([1, 279984, 3])
v.shape torch.Size([1, 139994, 3])
f.shape torch.Size([1, 279984, 3])
v.shape torch.Size([1, 139994, 3])
f.shape torch.Size([1, 279984, 3])
v.shape torch.Size([1, 139994, 3])
f.shape torch.Size([1, 279984, 3])
v.shape torch.Size([1, 139994, 3])
f.shape torch.Size([1, 279984, 3])
v.shape torch.Size([1, 139994, 3])
f.shape torch.Size([1, 279984, 3])
v.shape torch.Size([1, 139994, 3])
f.shape torch.Size([1, 279984, 3])
v.shape torch.Size([1, 139994, 3])
f.shape torch.Size([1, 279984, 3])
v.shape torch.Size([1, 139994, 3])
f.shape torch.Size([1, 279984, 3])
v.shape torch.Size([1, 139994, 3])
f.shape torch.Size([1, 279984, 3])
v.shape torch.Size([1, 139994, 3])
f.shape torch.Size([1, 279984, 3])
v.shape torch.Size([1, 139994, 3])
f.shape torch.Size([1, 279984, 3])
v.shape torch.Size([1, 139994, 3])
f.shape torch.Size([1, 279984, 3])
v.shape torch.Size([1, 139994, 3])
f.shape torch.Size([1, 279984, 3])
v.shape torch.Size([1, 139994, 3])
f.shape torch.Size([1, 279984, 3])
v.shape torch.Size([1, 139994, 3])
f.shape torch.Size([1, 279984, 3])
Epoch:0, training loss:38.11576461791992
----------------------------
Start validation ...
v.shape torch.Size([1, 139994, 3])
f.shape torch.Size([1, 279984, 3])
v.shape torch.Size([1, 139994, 3])
f.shape torch.Size([1, 279984, 3])
v.shape torch.Size([1, 139994, 3])
f.shape torch.Size([1, 279984, 3])
v.shape torch.Size([1, 139994, 3])
f.shape torch.Size([1, 279984, 3])
v.shape torch.Size([1, 139994, 3])
f.shape torch.Size([1, 279984, 3])
v.shape torch.Size([1, 139994, 3])
f.shape torch.Size([1, 279984, 3])
v.shape torch.Size([1, 139994, 3])
f.shape torch.Size([1, 279984, 3])
v.shape torch.Size([1, 139994, 3])
f.shape torch.Size([1, 279984, 3])
v.shape torch.Size([1, 139994, 3])
f.shape torch.Size([1, 279984, 3])
v.shape torch.Size([1, 139994, 3])
f.shape torch.Size([1, 279984, 3])
v.shape torch.Size([1, 139994, 3])
f.shape torch.Size([1, 279984, 3])
v.shape torch.Size([1, 139994, 3])
f.shape torch.Size([1, 279984, 3])
v.shape torch.Size([1, 139994, 3])
f.shape torch.Size([1, 279984, 3])
v.shape torch.Size([1, 139994, 3])
f.shape torch.Size([1, 279984, 3])
v.shape torch.Size([1, 139994, 3])
f.shape torch.Size([1, 279984, 3])
v.shape torch.Size([1, 139994, 3])
f.shape torch.Size([1, 279984, 3])
v.shape torch.Size([1, 139994, 3])
f.shape torch.Size([1, 279984, 3])
v.shape torch.Size([1, 139994, 3])
f.shape torch.Size([1, 279984, 3])
v.shape torch.Size([1, 139994, 3])
f.shape torch.Size([1, 279984, 3])
v.shape torch.Size([1, 139994, 3])
f.shape torch.Size([1, 279984, 3])
v.shape torch.Size([1, 139994, 3])
f.shape torch.Size([1, 279984, 3])
v.shape torch.Size([1, 139994, 3])
f.shape torch.Size([1, 279984, 3])
v.shape torch.Size([1, 139994, 3])
f.shape torch.Size([1, 279984, 3])
v.shape torch.Size([1, 139994, 3])
f.shape torch.Size([1, 279984, 3])
v.shape torch.Size([1, 139994, 3])
f.shape torch.Size([1, 279984, 3])
Validation error:37.466026306152344
Save model checkpoints ... 
Save pial surface mesh ... 
v.shape torch.Size([1, 139994, 3])
f.shape torch.Size([1, 279984, 3])
Maximum allocated GPU memory: 2.66 GiB
Finish validation.
----------------------------
v.shape torch.Size([1, 139994, 3])
f.shape torch.Size([1, 279984, 3])
v.shape torch.Size([1, 139994, 3])
f.shape torch.Size([1, 279984, 3])
v.shape torch.Size([1, 139994, 3])
f.shape torch.Size([1, 279984, 3])
v.shape torch.Size([1, 139994, 3])
f.shape torch.Size([1, 279984, 3])
v.shape torch.Size([1, 139994, 3])
f.shape torch.Size([1, 279984, 3])
v.shape torch.Size([1, 139994, 3])
f.shape torch.Size([1, 279984, 3])
v.shape torch.Size([1, 139994, 3])
f.shape torch.Size([1, 279984, 3])
v.shape torch.Size([1, 139994, 3])
f.shape torch.Size([1, 279984, 3])
v.shape torch.Size([1, 139994, 3])
f.shape torch.Size([1, 279984, 3])
v.shape torch.Size([1, 139994, 3])
f.shape torch.Size([1, 279984, 3])
v.shape torch.Size([1, 139994, 3])
f.shape torch.Size([1, 279984, 3])
v.shape torch.Size([1, 139994, 3])
f.shape torch.Size([1, 279984, 3])
v.shape torch.Size([1, 139994, 3])
f.shape torch.Size([1, 279984, 3])
v.shape torch.Size([1, 139994, 3])
f.shape torch.Size([1, 279984, 3])
v.shape torch.Size([1, 139994, 3])
f.shape torch.Size([1, 279984, 3])
v.shape torch.Size([1, 139994, 3])
f.shape torch.Size([1, 279984, 3])
v.shape torch.Size([1, 139994, 3])
f.shape torch.Size([1, 279984, 3])
v.shape torch.Size([1, 139994, 3])
f.shape torch.Size([1, 279984, 3])
v.shape torch.Size([1, 139994, 3])
f.shape torch.Size([1, 279984, 3])
v.shape torch.Size([1, 139994, 3])
f.shape torch.Size([1, 279984, 3])
v.shape torch.Size([1, 139994, 3])
f.shape torch.Size([1, 279984, 3])
v.shape torch.Size([1, 139994, 3])
f.shape torch.Size([1, 279984, 3])
v.shape torch.Size([1, 139994, 3])
f.shape torch.Size([1, 279984, 3])
v.shape torch.Size([1, 139994, 3])
f.shape torch.Size([1, 279984, 3])
v.shape torch.Size([1, 139994, 3])
f.shape torch.Size([1, 279984, 3])
v.shape torch.Size([1, 139994, 3])
f.shape torch.Size([1, 279984, 3])
v.shape torch.Size([1, 139994, 3])
f.shape torch.Size([1, 279984, 3])
v.shape torch.Size([1, 139994, 3])
f.shape torch.Size([1, 279984, 3])
v.shape torch.Size([1, 139994, 3])
f.shape torch.Size([1, 279984, 3])
v.shape torch.Size([1, 139994, 3])
f.shape torch.Size([1, 279984, 3])
v.shape torch.Size([1, 139994, 3])
f.shape torch.Size([1, 279984, 3])
v.shape torch.Size([1, 139994, 3])
f.shape torch.Size([1, 279984, 3])
v.shape torch.Size([1, 139994, 3])
f.shape torch.Size([1, 279984, 3])
v.shape torch.Size([1, 139994, 3])
f.shape torch.Size([1, 279984, 3])
v.shape torch.Size([1, 139994, 3])
f.shape torch.Size([1, 279984, 3])
v.shape torch.Size([1, 139994, 3])
f.shape torch.Size([1, 279984, 3])
v.shape torch.Size([1, 139994, 3])
f.shape torch.Size([1, 279984, 3])
v.shape torch.Size([1, 139994, 3])
f.shape torch.Size([1, 279984, 3])
v.shape torch.Size([1, 139994, 3])
f.shape torch.Size([1, 279984, 3])
v.shape torch.Size([1, 139994, 3])
f.shape torch.Size([1, 279984, 3])
v.shape torch.Size([1, 139994, 3])
f.shape torch.Size([1, 279984, 3])
v.shape torch.Size([1, 139994, 3])
f.shape torch.Size([1, 279984, 3])
v.shape torch.Size([1, 139994, 3])
f.shape torch.Size([1, 279984, 3])
v.shape torch.Size([1, 139994, 3])
f.shape torch.Size([1, 279984, 3])
v.shape torch.Size([1, 139994, 3])
f.shape torch.Size([1, 279984, 3])
v.shape torch.Size([1, 139994, 3])
f.shape torch.Size([1, 279984, 3])
v.shape torch.Size([1, 139994, 3])
f.shape torch.Size([1, 279984, 3])
v.shape torch.Size([1, 139994, 3])
f.shape torch.Size([1, 279984, 3])
v.shape torch.Size([1, 139994, 3])
f.shape torch.Size([1, 279984, 3])
v.shape torch.Size([1, 139994, 3])
f.shape torch.Size([1, 279984, 3])
v.shape torch.Size([1, 139994, 3])
f.shape torch.Size([1, 279984, 3])
v.shape torch.Size([1, 139994, 3])
f.shape torch.Size([1, 279984, 3])
v.shape torch.Size([1, 139994, 3])
f.shape torch.Size([1, 279984, 3])
v.shape torch.Size([1, 139994, 3])
f.shape torch.Size([1, 279984, 3])
v.shape torch.Size([1, 139994, 3])
f.shape torch.Size([1, 279984, 3])
v.shape torch.Size([1, 139994, 3])
f.shape torch.Size([1, 279984, 3])
v.shape torch.Size([1, 139994, 3])
f.shape torch.Size([1, 279984, 3])
v.shape torch.Size([1, 139994, 3])
f.shape torch.Size([1, 279984, 3])
v.shape torch.Size([1, 139994, 3])
f.shape torch.Size([1, 279984, 3])
v.shape torch.Size([1, 139994, 3])
f.shape torch.Size([1, 279984, 3])
v.shape torch.Size([1, 139994, 3])
f.shape torch.Size([1, 279984, 3])
v.shape torch.Size([1, 139994, 3])
f.shape torch.Size([1, 279984, 3])
v.shape torch.Size([1, 139994, 3])
f.shape torch.Size([1, 279984, 3])
v.shape torch.Size([1, 139994, 3])
f.shape torch.Size([1, 279984, 3])
v.shape torch.Size([1, 139994, 3])
f.shape torch.Size([1, 279984, 3])
v.shape torch.Size([1, 139994, 3])
f.shape torch.Size([1, 279984, 3])
v.shape torch.Size([1, 139994, 3])
f.shape torch.Size([1, 279984, 3])
v.shape torch.Size([1, 139994, 3])
f.shape torch.Size([1, 279984, 3])
v.shape torch.Size([1, 139994, 3])
f.shape torch.Size([1, 279984, 3])
v.shape torch.Size([1, 139994, 3])
f.shape torch.Size([1, 279984, 3])
v.shape torch.Size([1, 139994, 3])
f.shape torch.Size([1, 279984, 3])
v.shape torch.Size([1, 139994, 3])
f.shape torch.Size([1, 279984, 3])
v.shape torch.Size([1, 139994, 3])
f.shape torch.Size([1, 279984, 3])
v.shape torch.Size([1, 139994, 3])
f.shape torch.Size([1, 279984, 3])
v.shape torch.Size([1, 139994, 3])
f.shape torch.Size([1, 279984, 3])
Epoch:1, training loss:33.67122332255045
v.shape torch.Size([1, 139994, 3])
f.shape torch.Size([1, 279984, 3])
v.shape torch.Size([1, 139994, 3])
f.shape torch.Size([1, 279984, 3])
v.shape torch.Size([1, 139994, 3])
f.shape torch.Size([1, 279984, 3])
v.shape torch.Size([1, 139994, 3])
f.shape torch.Size([1, 279984, 3])
v.shape torch.Size([1, 139994, 3])
f.shape torch.Size([1, 279984, 3])
v.shape torch.Size([1, 139994, 3])
f.shape torch.Size([1, 279984, 3])
v.shape torch.Size([1, 139994, 3])
f.shape torch.Size([1, 279984, 3])
v.shape torch.Size([1, 139994, 3])
f.shape torch.Size([1, 279984, 3])
v.shape torch.Size([1, 139994, 3])
f.shape torch.Size([1, 279984, 3])
v.shape torch.Size([1, 139994, 3])
f.shape torch.Size([1, 279984, 3])
v.shape torch.Size([1, 139994, 3])
f.shape torch.Size([1, 279984, 3])
v.shape torch.Size([1, 139994, 3])
f.shape torch.Size([1, 279984, 3])
v.shape torch.Size([1, 139994, 3])
f.shape torch.Size([1, 279984, 3])
v.shape torch.Size([1, 139994, 3])
f.shape torch.Size([1, 279984, 3])
v.shape torch.Size([1, 139994, 3])
f.shape torch.Size([1, 279984, 3])
v.shape torch.Size([1, 139994, 3])
f.shape torch.Size([1, 279984, 3])
v.shape torch.Size([1, 139994, 3])
f.shape torch.Size([1, 279984, 3])
v.shape torch.Size([1, 139994, 3])
f.shape torch.Size([1, 279984, 3])
v.shape torch.Size([1, 139994, 3])
f.shape torch.Size([1, 279984, 3])
v.shape torch.Size([1, 139994, 3])
f.shape torch.Size([1, 279984, 3])
v.shape torch.Size([1, 139994, 3])
f.shape torch.Size([1, 279984, 3])
v.shape torch.Size([1, 139994, 3])
f.shape torch.Size([1, 279984, 3])
v.shape torch.Size([1, 139994, 3])
f.shape torch.Size([1, 279984, 3])
v.shape torch.Size([1, 139994, 3])
f.shape torch.Size([1, 279984, 3])
v.shape torch.Size([1, 139994, 3])
f.shape torch.Size([1, 279984, 3])
v.shape torch.Size([1, 139994, 3])
f.shape torch.Size([1, 279984, 3])
v.shape torch.Size([1, 139994, 3])
f.shape torch.Size([1, 279984, 3])
v.shape torch.Size([1, 139994, 3])
f.shape torch.Size([1, 279984, 3])
v.shape torch.Size([1, 139994, 3])
f.shape torch.Size([1, 279984, 3])
v.shape torch.Size([1, 139994, 3])
f.shape torch.Size([1, 279984, 3])
v.shape torch.Size([1, 139994, 3])
f.shape torch.Size([1, 279984, 3])
v.shape torch.Size([1, 139994, 3])
f.shape torch.Size([1, 279984, 3])
v.shape torch.Size([1, 139994, 3])
f.shape torch.Size([1, 279984, 3])
v.shape torch.Size([1, 139994, 3])
f.shape torch.Size([1, 279984, 3])
v.shape torch.Size([1, 139994, 3])
f.shape torch.Size([1, 279984, 3])
v.shape torch.Size([1, 139994, 3])
f.shape torch.Size([1, 279984, 3])
v.shape torch.Size([1, 139994, 3])
f.shape torch.Size([1, 279984, 3])
v.shape torch.Size([1, 139994, 3])
f.shape torch.Size([1, 279984, 3])
v.shape torch.Size([1, 139994, 3])
f.shape torch.Size([1, 279984, 3])
v.shape torch.Size([1, 139994, 3])
f.shape torch.Size([1, 279984, 3])
v.shape torch.Size([1, 139994, 3])
f.shape torch.Size([1, 279984, 3])
v.shape torch.Size([1, 139994, 3])
f.shape torch.Size([1, 279984, 3])
v.shape torch.Size([1, 139994, 3])
f.shape torch.Size([1, 279984, 3])
v.shape torch.Size([1, 139994, 3])
f.shape torch.Size([1, 279984, 3])
v.shape torch.Size([1, 139994, 3])
f.shape torch.Size([1, 279984, 3])
v.shape torch.Size([1, 139994, 3])
f.shape torch.Size([1, 279984, 3])
v.shape torch.Size([1, 139994, 3])
f.shape torch.Size([1, 279984, 3])
v.shape torch.Size([1, 139994, 3])
f.shape torch.Size([1, 279984, 3])
v.shape torch.Size([1, 139994, 3])
f.shape torch.Size([1, 279984, 3])
v.shape torch.Size([1, 139994, 3])
f.shape torch.Size([1, 279984, 3])
v.shape torch.Size([1, 139994, 3])
f.shape torch.Size([1, 279984, 3])
v.shape torch.Size([1, 139994, 3])
f.shape torch.Size([1, 279984, 3])
v.shape torch.Size([1, 139994, 3])
f.shape torch.Size([1, 279984, 3])
v.shape torch.Size([1, 139994, 3])
f.shape torch.Size([1, 279984, 3])
v.shape torch.Size([1, 139994, 3])
f.shape torch.Size([1, 279984, 3])
v.shape torch.Size([1, 139994, 3])
f.shape torch.Size([1, 279984, 3])
v.shape torch.Size([1, 139994, 3])
f.shape torch.Size([1, 279984, 3])
v.shape torch.Size([1, 139994, 3])
f.shape torch.Size([1, 279984, 3])
v.shape torch.Size([1, 139994, 3])
f.shape torch.Size([1, 279984, 3])
v.shape torch.Size([1, 139994, 3])
f.shape torch.Size([1, 279984, 3])
v.shape torch.Size([1, 139994, 3])
f.shape torch.Size([1, 279984, 3])
v.shape torch.Size([1, 139994, 3])
f.shape torch.Size([1, 279984, 3])
v.shape torch.Size([1, 139994, 3])
f.shape torch.Size([1, 279984, 3])
v.shape torch.Size([1, 139994, 3])
f.shape torch.Size([1, 279984, 3])
v.shape torch.Size([1, 139994, 3])
f.shape torch.Size([1, 279984, 3])
v.shape torch.Size([1, 139994, 3])
f.shape torch.Size([1, 279984, 3])
v.shape torch.Size([1, 139994, 3])
f.shape torch.Size([1, 279984, 3])
v.shape torch.Size([1, 139994, 3])
f.shape torch.Size([1, 279984, 3])
v.shape torch.Size([1, 139994, 3])
f.shape torch.Size([1, 279984, 3])
v.shape torch.Size([1, 139994, 3])
f.shape torch.Size([1, 279984, 3])
v.shape torch.Size([1, 139994, 3])
f.shape torch.Size([1, 279984, 3])
v.shape torch.Size([1, 139994, 3])
f.shape torch.Size([1, 279984, 3])
v.shape torch.Size([1, 139994, 3])
f.shape torch.Size([1, 279984, 3])
v.shape torch.Size([1, 139994, 3])
f.shape torch.Size([1, 279984, 3])
v.shape torch.Size([1, 139994, 3])
f.shape torch.Size([1, 279984, 3])
Epoch:2, training loss:31.885670344034832
v.shape torch.Size([1, 139994, 3])
f.shape torch.Size([1, 279984, 3])
v.shape torch.Size([1, 139994, 3])
f.shape torch.Size([1, 279984, 3])
v.shape torch.Size([1, 139994, 3])
f.shape torch.Size([1, 279984, 3])
v.shape torch.Size([1, 139994, 3])
f.shape torch.Size([1, 279984, 3])
v.shape torch.Size([1, 139994, 3])
f.shape torch.Size([1, 279984, 3])
v.shape torch.Size([1, 139994, 3])
f.shape torch.Size([1, 279984, 3])
v.shape torch.Size([1, 139994, 3])
f.shape torch.Size([1, 279984, 3])
v.shape torch.Size([1, 139994, 3])
f.shape torch.Size([1, 279984, 3])
v.shape torch.Size([1, 139994, 3])
f.shape torch.Size([1, 279984, 3])
v.shape torch.Size([1, 139994, 3])
f.shape torch.Size([1, 279984, 3])
v.shape torch.Size([1, 139994, 3])
f.shape torch.Size([1, 279984, 3])
v.shape torch.Size([1, 139994, 3])
f.shape torch.Size([1, 279984, 3])
v.shape torch.Size([1, 139994, 3])
f.shape torch.Size([1, 279984, 3])
v.shape torch.Size([1, 139994, 3])
f.shape torch.Size([1, 279984, 3])
v.shape torch.Size([1, 139994, 3])
f.shape torch.Size([1, 279984, 3])
v.shape torch.Size([1, 139994, 3])
f.shape torch.Size([1, 279984, 3])
v.shape torch.Size([1, 139994, 3])
f.shape torch.Size([1, 279984, 3])
v.shape torch.Size([1, 139994, 3])
f.shape torch.Size([1, 279984, 3])
v.shape torch.Size([1, 139994, 3])
f.shape torch.Size([1, 279984, 3])
v.shape torch.Size([1, 139994, 3])
f.shape torch.Size([1, 279984, 3])
v.shape torch.Size([1, 139994, 3])
f.shape torch.Size([1, 279984, 3])
v.shape torch.Size([1, 139994, 3])
f.shape torch.Size([1, 279984, 3])
v.shape torch.Size([1, 139994, 3])
f.shape torch.Size([1, 279984, 3])
v.shape torch.Size([1, 139994, 3])
f.shape torch.Size([1, 279984, 3])
v.shape torch.Size([1, 139994, 3])
f.shape torch.Size([1, 279984, 3])
v.shape torch.Size([1, 139994, 3])
f.shape torch.Size([1, 279984, 3])
v.shape torch.Size([1, 139994, 3])
f.shape torch.Size([1, 279984, 3])
v.shape torch.Size([1, 139994, 3])
f.shape torch.Size([1, 279984, 3])
v.shape torch.Size([1, 139994, 3])
f.shape torch.Size([1, 279984, 3])
v.shape torch.Size([1, 139994, 3])
f.shape torch.Size([1, 279984, 3])
v.shape torch.Size([1, 139994, 3])
f.shape torch.Size([1, 279984, 3])
v.shape torch.Size([1, 139994, 3])
f.shape torch.Size([1, 279984, 3])
v.shape torch.Size([1, 139994, 3])
f.shape torch.Size([1, 279984, 3])
v.shape torch.Size([1, 139994, 3])
f.shape torch.Size([1, 279984, 3])
v.shape torch.Size([1, 139994, 3])
f.shape torch.Size([1, 279984, 3])
v.shape torch.Size([1, 139994, 3])
f.shape torch.Size([1, 279984, 3])
v.shape torch.Size([1, 139994, 3])
f.shape torch.Size([1, 279984, 3])
v.shape torch.Size([1, 139994, 3])
f.shape torch.Size([1, 279984, 3])
v.shape torch.Size([1, 139994, 3])
f.shape torch.Size([1, 279984, 3])
v.shape torch.Size([1, 139994, 3])
f.shape torch.Size([1, 279984, 3])
v.shape torch.Size([1, 139994, 3])
f.shape torch.Size([1, 279984, 3])
v.shape torch.Size([1, 139994, 3])
f.shape torch.Size([1, 279984, 3])
v.shape torch.Size([1, 139994, 3])
f.shape torch.Size([1, 279984, 3])
v.shape torch.Size([1, 139994, 3])
f.shape torch.Size([1, 279984, 3])
v.shape torch.Size([1, 139994, 3])
f.shape torch.Size([1, 279984, 3])
v.shape torch.Size([1, 139994, 3])
f.shape torch.Size([1, 279984, 3])
v.shape torch.Size([1, 139994, 3])
f.shape torch.Size([1, 279984, 3])
v.shape torch.Size([1, 139994, 3])
f.shape torch.Size([1, 279984, 3])
v.shape torch.Size([1, 139994, 3])
f.shape torch.Size([1, 279984, 3])
v.shape torch.Size([1, 139994, 3])
f.shape torch.Size([1, 279984, 3])
v.shape torch.Size([1, 139994, 3])
f.shape torch.Size([1, 279984, 3])
v.shape torch.Size([1, 139994, 3])
f.shape torch.Size([1, 279984, 3])
v.shape torch.Size([1, 139994, 3])
f.shape torch.Size([1, 279984, 3])
v.shape torch.Size([1, 139994, 3])
f.shape torch.Size([1, 279984, 3])
v.shape torch.Size([1, 139994, 3])
f.shape torch.Size([1, 279984, 3])
v.shape torch.Size([1, 139994, 3])
f.shape torch.Size([1, 279984, 3])
v.shape torch.Size([1, 139994, 3])
f.shape torch.Size([1, 279984, 3])
v.shape torch.Size([1, 139994, 3])
f.shape torch.Size([1, 279984, 3])
v.shape torch.Size([1, 139994, 3])
f.shape torch.Size([1, 279984, 3])
v.shape torch.Size([1, 139994, 3])
f.shape torch.Size([1, 279984, 3])
v.shape torch.Size([1, 139994, 3])
f.shape torch.Size([1, 279984, 3])
v.shape torch.Size([1, 139994, 3])
f.shape torch.Size([1, 279984, 3])
v.shape torch.Size([1, 139994, 3])
f.shape torch.Size([1, 279984, 3])
v.shape torch.Size([1, 139994, 3])
f.shape torch.Size([1, 279984, 3])
v.shape torch.Size([1, 139994, 3])
f.shape torch.Size([1, 279984, 3])
v.shape torch.Size([1, 139994, 3])
f.shape torch.Size([1, 279984, 3])
v.shape torch.Size([1, 139994, 3])
f.shape torch.Size([1, 279984, 3])
v.shape torch.Size([1, 139994, 3])
f.shape torch.Size([1, 279984, 3])
v.shape torch.Size([1, 139994, 3])
f.shape torch.Size([1, 279984, 3])
v.shape torch.Size([1, 139994, 3])
f.shape torch.Size([1, 279984, 3])
v.shape torch.Size([1, 139994, 3])
f.shape torch.Size([1, 279984, 3])
v.shape torch.Size([1, 139994, 3])
f.shape torch.Size([1, 279984, 3])
v.shape torch.Size([1, 139994, 3])
f.shape torch.Size([1, 279984, 3])
v.shape torch.Size([1, 139994, 3])
f.shape torch.Size([1, 279984, 3])
v.shape torch.Size([1, 139994, 3])
f.shape torch.Size([1, 279984, 3])
Epoch:3, training loss:29.763722737630207
v.shape torch.Size([1, 139994, 3])
f.shape torch.Size([1, 279984, 3])
v.shape torch.Size([1, 139994, 3])
f.shape torch.Size([1, 279984, 3])
v.shape torch.Size([1, 139994, 3])
f.shape torch.Size([1, 279984, 3])
v.shape torch.Size([1, 139994, 3])
f.shape torch.Size([1, 279984, 3])
v.shape torch.Size([1, 139994, 3])
f.shape torch.Size([1, 279984, 3])
v.shape torch.Size([1, 139994, 3])
f.shape torch.Size([1, 279984, 3])
v.shape torch.Size([1, 139994, 3])
f.shape torch.Size([1, 279984, 3])
v.shape torch.Size([1, 139994, 3])
f.shape torch.Size([1, 279984, 3])
v.shape torch.Size([1, 139994, 3])
f.shape torch.Size([1, 279984, 3])
v.shape torch.Size([1, 139994, 3])
f.shape torch.Size([1, 279984, 3])
v.shape torch.Size([1, 139994, 3])
f.shape torch.Size([1, 279984, 3])
v.shape torch.Size([1, 139994, 3])
f.shape torch.Size([1, 279984, 3])
v.shape torch.Size([1, 139994, 3])
f.shape torch.Size([1, 279984, 3])
v.shape torch.Size([1, 139994, 3])
f.shape torch.Size([1, 279984, 3])
v.shape torch.Size([1, 139994, 3])
f.shape torch.Size([1, 279984, 3])
v.shape torch.Size([1, 139994, 3])
f.shape torch.Size([1, 279984, 3])
v.shape torch.Size([1, 139994, 3])
f.shape torch.Size([1, 279984, 3])
v.shape torch.Size([1, 139994, 3])
f.shape torch.Size([1, 279984, 3])
v.shape torch.Size([1, 139994, 3])
f.shape torch.Size([1, 279984, 3])
v.shape torch.Size([1, 139994, 3])
f.shape torch.Size([1, 279984, 3])
v.shape torch.Size([1, 139994, 3])
f.shape torch.Size([1, 279984, 3])
v.shape torch.Size([1, 139994, 3])
f.shape torch.Size([1, 279984, 3])
v.shape torch.Size([1, 139994, 3])
f.shape torch.Size([1, 279984, 3])
v.shape torch.Size([1, 139994, 3])
f.shape torch.Size([1, 279984, 3])
v.shape torch.Size([1, 139994, 3])
f.shape torch.Size([1, 279984, 3])
v.shape torch.Size([1, 139994, 3])
f.shape torch.Size([1, 279984, 3])
v.shape torch.Size([1, 139994, 3])
f.shape torch.Size([1, 279984, 3])
v.shape torch.Size([1, 139994, 3])
f.shape torch.Size([1, 279984, 3])
v.shape torch.Size([1, 139994, 3])
f.shape torch.Size([1, 279984, 3])
v.shape torch.Size([1, 139994, 3])
f.shape torch.Size([1, 279984, 3])
v.shape torch.Size([1, 139994, 3])
f.shape torch.Size([1, 279984, 3])
v.shape torch.Size([1, 139994, 3])
f.shape torch.Size([1, 279984, 3])
v.shape torch.Size([1, 139994, 3])
f.shape torch.Size([1, 279984, 3])
v.shape torch.Size([1, 139994, 3])
f.shape torch.Size([1, 279984, 3])
v.shape torch.Size([1, 139994, 3])
f.shape torch.Size([1, 279984, 3])
v.shape torch.Size([1, 139994, 3])
f.shape torch.Size([1, 279984, 3])
v.shape torch.Size([1, 139994, 3])
f.shape torch.Size([1, 279984, 3])
v.shape torch.Size([1, 139994, 3])
f.shape torch.Size([1, 279984, 3])
v.shape torch.Size([1, 139994, 3])
f.shape torch.Size([1, 279984, 3])
v.shape torch.Size([1, 139994, 3])
f.shape torch.Size([1, 279984, 3])
v.shape torch.Size([1, 139994, 3])
f.shape torch.Size([1, 279984, 3])
v.shape torch.Size([1, 139994, 3])
f.shape torch.Size([1, 279984, 3])
v.shape torch.Size([1, 139994, 3])
f.shape torch.Size([1, 279984, 3])
v.shape torch.Size([1, 139994, 3])
f.shape torch.Size([1, 279984, 3])
v.shape torch.Size([1, 139994, 3])
f.shape torch.Size([1, 279984, 3])
v.shape torch.Size([1, 139994, 3])
f.shape torch.Size([1, 279984, 3])
v.shape torch.Size([1, 139994, 3])
f.shape torch.Size([1, 279984, 3])
v.shape torch.Size([1, 139994, 3])
f.shape torch.Size([1, 279984, 3])
v.shape torch.Size([1, 139994, 3])
f.shape torch.Size([1, 279984, 3])
v.shape torch.Size([1, 139994, 3])
f.shape torch.Size([1, 279984, 3])
v.shape torch.Size([1, 139994, 3])
f.shape torch.Size([1, 279984, 3])
v.shape torch.Size([1, 139994, 3])
f.shape torch.Size([1, 279984, 3])
v.shape torch.Size([1, 139994, 3])
f.shape torch.Size([1, 279984, 3])
v.shape torch.Size([1, 139994, 3])
f.shape torch.Size([1, 279984, 3])
v.shape torch.Size([1, 139994, 3])
f.shape torch.Size([1, 279984, 3])
v.shape torch.Size([1, 139994, 3])
f.shape torch.Size([1, 279984, 3])
v.shape torch.Size([1, 139994, 3])
f.shape torch.Size([1, 279984, 3])
v.shape torch.Size([1, 139994, 3])
f.shape torch.Size([1, 279984, 3])
v.shape torch.Size([1, 139994, 3])
f.shape torch.Size([1, 279984, 3])
v.shape torch.Size([1, 139994, 3])
f.shape torch.Size([1, 279984, 3])
v.shape torch.Size([1, 139994, 3])
f.shape torch.Size([1, 279984, 3])
v.shape torch.Size([1, 139994, 3])
f.shape torch.Size([1, 279984, 3])
v.shape torch.Size([1, 139994, 3])
f.shape torch.Size([1, 279984, 3])
v.shape torch.Size([1, 139994, 3])
f.shape torch.Size([1, 279984, 3])
v.shape torch.Size([1, 139994, 3])
f.shape torch.Size([1, 279984, 3])
v.shape torch.Size([1, 139994, 3])
f.shape torch.Size([1, 279984, 3])
v.shape torch.Size([1, 139994, 3])
f.shape torch.Size([1, 279984, 3])
v.shape torch.Size([1, 139994, 3])
f.shape torch.Size([1, 279984, 3])
v.shape torch.Size([1, 139994, 3])
f.shape torch.Size([1, 279984, 3])
v.shape torch.Size([1, 139994, 3])
f.shape torch.Size([1, 279984, 3])
v.shape torch.Size([1, 139994, 3])
f.shape torch.Size([1, 279984, 3])
v.shape torch.Size([1, 139994, 3])
f.shape torch.Size([1, 279984, 3])
v.shape torch.Size([1, 139994, 3])
f.shape torch.Size([1, 279984, 3])
v.shape torch.Size([1, 139994, 3])
f.shape torch.Size([1, 279984, 3])
v.shape torch.Size([1, 139994, 3])
f.shape torch.Size([1, 279984, 3])
Epoch:4, training loss:28.38159942626953
v.shape torch.Size([1, 139994, 3])
f.shape torch.Size([1, 279984, 3])
v.shape torch.Size([1, 139994, 3])
f.shape torch.Size([1, 279984, 3])
v.shape torch.Size([1, 139994, 3])
f.shape torch.Size([1, 279984, 3])
v.shape torch.Size([1, 139994, 3])
f.shape torch.Size([1, 279984, 3])
v.shape torch.Size([1, 139994, 3])
f.shape torch.Size([1, 279984, 3])
v.shape torch.Size([1, 139994, 3])
f.shape torch.Size([1, 279984, 3])
v.shape torch.Size([1, 139994, 3])
f.shape torch.Size([1, 279984, 3])
v.shape torch.Size([1, 139994, 3])
f.shape torch.Size([1, 279984, 3])
v.shape torch.Size([1, 139994, 3])
f.shape torch.Size([1, 279984, 3])
v.shape torch.Size([1, 139994, 3])
f.shape torch.Size([1, 279984, 3])
v.shape torch.Size([1, 139994, 3])
f.shape torch.Size([1, 279984, 3])
v.shape torch.Size([1, 139994, 3])
f.shape torch.Size([1, 279984, 3])
v.shape torch.Size([1, 139994, 3])
f.shape torch.Size([1, 279984, 3])
v.shape torch.Size([1, 139994, 3])
f.shape torch.Size([1, 279984, 3])
v.shape torch.Size([1, 139994, 3])
f.shape torch.Size([1, 279984, 3])
v.shape torch.Size([1, 139994, 3])
f.shape torch.Size([1, 279984, 3])
v.shape torch.Size([1, 139994, 3])
f.shape torch.Size([1, 279984, 3])
v.shape torch.Size([1, 139994, 3])
f.shape torch.Size([1, 279984, 3])
v.shape torch.Size([1, 139994, 3])
f.shape torch.Size([1, 279984, 3])
v.shape torch.Size([1, 139994, 3])
f.shape torch.Size([1, 279984, 3])
v.shape torch.Size([1, 139994, 3])
f.shape torch.Size([1, 279984, 3])
v.shape torch.Size([1, 139994, 3])
f.shape torch.Size([1, 279984, 3])
v.shape torch.Size([1, 139994, 3])
f.shape torch.Size([1, 279984, 3])
v.shape torch.Size([1, 139994, 3])
f.shape torch.Size([1, 279984, 3])
v.shape torch.Size([1, 139994, 3])
f.shape torch.Size([1, 279984, 3])
v.shape torch.Size([1, 139994, 3])
f.shape torch.Size([1, 279984, 3])
v.shape torch.Size([1, 139994, 3])
f.shape torch.Size([1, 279984, 3])
v.shape torch.Size([1, 139994, 3])
f.shape torch.Size([1, 279984, 3])
v.shape torch.Size([1, 139994, 3])
f.shape torch.Size([1, 279984, 3])
v.shape torch.Size([1, 139994, 3])
f.shape torch.Size([1, 279984, 3])
v.shape torch.Size([1, 139994, 3])
f.shape torch.Size([1, 279984, 3])
v.shape torch.Size([1, 139994, 3])
f.shape torch.Size([1, 279984, 3])
v.shape torch.Size([1, 139994, 3])
f.shape torch.Size([1, 279984, 3])
v.shape torch.Size([1, 139994, 3])
f.shape torch.Size([1, 279984, 3])
v.shape torch.Size([1, 139994, 3])
f.shape torch.Size([1, 279984, 3])
v.shape torch.Size([1, 139994, 3])
f.shape torch.Size([1, 279984, 3])
v.shape torch.Size([1, 139994, 3])
f.shape torch.Size([1, 279984, 3])
v.shape torch.Size([1, 139994, 3])
f.shape torch.Size([1, 279984, 3])
v.shape torch.Size([1, 139994, 3])
f.shape torch.Size([1, 279984, 3])
v.shape torch.Size([1, 139994, 3])
f.shape torch.Size([1, 279984, 3])
v.shape torch.Size([1, 139994, 3])
f.shape torch.Size([1, 279984, 3])
v.shape torch.Size([1, 139994, 3])
f.shape torch.Size([1, 279984, 3])
v.shape torch.Size([1, 139994, 3])
f.shape torch.Size([1, 279984, 3])
v.shape torch.Size([1, 139994, 3])
f.shape torch.Size([1, 279984, 3])
v.shape torch.Size([1, 139994, 3])
f.shape torch.Size([1, 279984, 3])
v.shape torch.Size([1, 139994, 3])
f.shape torch.Size([1, 279984, 3])
v.shape torch.Size([1, 139994, 3])
f.shape torch.Size([1, 279984, 3])
v.shape torch.Size([1, 139994, 3])
f.shape torch.Size([1, 279984, 3])
v.shape torch.Size([1, 139994, 3])
f.shape torch.Size([1, 279984, 3])
v.shape torch.Size([1, 139994, 3])
f.shape torch.Size([1, 279984, 3])
v.shape torch.Size([1, 139994, 3])
f.shape torch.Size([1, 279984, 3])
v.shape torch.Size([1, 139994, 3])
f.shape torch.Size([1, 279984, 3])
v.shape torch.Size([1, 139994, 3])
f.shape torch.Size([1, 279984, 3])
v.shape torch.Size([1, 139994, 3])
f.shape torch.Size([1, 279984, 3])
v.shape torch.Size([1, 139994, 3])
f.shape torch.Size([1, 279984, 3])
v.shape torch.Size([1, 139994, 3])
f.shape torch.Size([1, 279984, 3])
v.shape torch.Size([1, 139994, 3])
f.shape torch.Size([1, 279984, 3])
v.shape torch.Size([1, 139994, 3])
f.shape torch.Size([1, 279984, 3])
v.shape torch.Size([1, 139994, 3])
f.shape torch.Size([1, 279984, 3])
v.shape torch.Size([1, 139994, 3])
f.shape torch.Size([1, 279984, 3])
v.shape torch.Size([1, 139994, 3])
f.shape torch.Size([1, 279984, 3])
v.shape torch.Size([1, 139994, 3])
f.shape torch.Size([1, 279984, 3])
v.shape torch.Size([1, 139994, 3])
f.shape torch.Size([1, 279984, 3])
v.shape torch.Size([1, 139994, 3])
f.shape torch.Size([1, 279984, 3])
v.shape torch.Size([1, 139994, 3])
f.shape torch.Size([1, 279984, 3])
v.shape torch.Size([1, 139994, 3])
f.shape torch.Size([1, 279984, 3])
v.shape torch.Size([1, 139994, 3])
f.shape torch.Size([1, 279984, 3])
v.shape torch.Size([1, 139994, 3])
f.shape torch.Size([1, 279984, 3])
v.shape torch.Size([1, 139994, 3])
f.shape torch.Size([1, 279984, 3])
v.shape torch.Size([1, 139994, 3])
f.shape torch.Size([1, 279984, 3])
v.shape torch.Size([1, 139994, 3])
f.shape torch.Size([1, 279984, 3])
v.shape torch.Size([1, 139994, 3])
f.shape torch.Size([1, 279984, 3])
v.shape torch.Size([1, 139994, 3])
f.shape torch.Size([1, 279984, 3])
v.shape torch.Size([1, 139994, 3])
f.shape torch.Size([1, 279984, 3])
v.shape torch.Size([1, 139994, 3])
f.shape torch.Size([1, 279984, 3])
Epoch:5, training loss:27.58824094136556
v.shape torch.Size([1, 139994, 3])
f.shape torch.Size([1, 279984, 3])
v.shape torch.Size([1, 139994, 3])
f.shape torch.Size([1, 279984, 3])
v.shape torch.Size([1, 139994, 3])
f.shape torch.Size([1, 279984, 3])
v.shape torch.Size([1, 139994, 3])
f.shape torch.Size([1, 279984, 3])
v.shape torch.Size([1, 139994, 3])
f.shape torch.Size([1, 279984, 3])
v.shape torch.Size([1, 139994, 3])
f.shape torch.Size([1, 279984, 3])
v.shape torch.Size([1, 139994, 3])
f.shape torch.Size([1, 279984, 3])
v.shape torch.Size([1, 139994, 3])
f.shape torch.Size([1, 279984, 3])
v.shape torch.Size([1, 139994, 3])
f.shape torch.Size([1, 279984, 3])
v.shape torch.Size([1, 139994, 3])
f.shape torch.Size([1, 279984, 3])
v.shape torch.Size([1, 139994, 3])
f.shape torch.Size([1, 279984, 3])
v.shape torch.Size([1, 139994, 3])
f.shape torch.Size([1, 279984, 3])
v.shape torch.Size([1, 139994, 3])
f.shape torch.Size([1, 279984, 3])
v.shape torch.Size([1, 139994, 3])
f.shape torch.Size([1, 279984, 3])
v.shape torch.Size([1, 139994, 3])
f.shape torch.Size([1, 279984, 3])
v.shape torch.Size([1, 139994, 3])
f.shape torch.Size([1, 279984, 3])
v.shape torch.Size([1, 139994, 3])
f.shape torch.Size([1, 279984, 3])
v.shape torch.Size([1, 139994, 3])
f.shape torch.Size([1, 279984, 3])
v.shape torch.Size([1, 139994, 3])
f.shape torch.Size([1, 279984, 3])
v.shape torch.Size([1, 139994, 3])
f.shape torch.Size([1, 279984, 3])
v.shape torch.Size([1, 139994, 3])
f.shape torch.Size([1, 279984, 3])
v.shape torch.Size([1, 139994, 3])
f.shape torch.Size([1, 279984, 3])
v.shape torch.Size([1, 139994, 3])
f.shape torch.Size([1, 279984, 3])
