aa
bb
A
B
C
----------------------------
Start loading dataset ...
numbers 100206
numbers 100307
numbers 100408
numbers 100610
Finish loading dataset. There are total 4 subjects.
Training data length 3
Validation data length 1
----------------------------
Start loading model ...
Finish loading model
----------------------------
Start training 200 epochs ...
max v_in tensor(0.6474)
min v_in tensor(0.6474)
Save template surface mesh ... 
v_in template a torch.Size([1, 40002, 3])
f_in template a torch.Size([1, 80000, 3])
v.shape torch.Size([1, 40002, 3])
f.shape torch.Size([1, 80000, 3])
template normal torch.Size([1, 40002, 3])
v_gm (40002, 3)
f_gm (80000, 3)
n_gm (40002, 3)
max_face_index 40001
min_face_index 0
v.shapea torch.Size([1, 1, 40002, 3])
f.shapea torch.Size([1, 1, 80000, 3])
D
CC
