aa
bb
A
B
C
----------------------------
Start loading dataset ...
numbers 100206
numbers 100307
numbers 100408
numbers 100610
Finish loading dataset. There are total 4 subjects.
----------------------------
Start loading model ...
number of channels 64
K value 5
Finish loading model
----------------------------
Start training 200 epochs ...
arr 5
arr 5
arr 5
arr 5
arr 5
arr 5
arr 5
arr 5
arr 5
arr 5
arr 5
arr 5
arr 5
arr 5
arr 5
arr 5
arr 5
arr 5
arr 5
arr 5
arr 5
arr 5
arr 5
arr 5
arr 5
arr 5
arr 5
Epoch:0, training loss:1.0151131749153137
----------------------------
Start validation ...
arr 5
arr 5
arr 5
arr 5
arr 5
arr 5
arr 5
arr 5
arr 5
Validation error:1.0151131749153137
Save model checkpoints ... 
Finish validation.
----------------------------
arr 5
arr 5
arr 5
arr 5
arr 5
arr 5
arr 5
arr 5
arr 5
arr 5
arr 5
arr 5
arr 5
arr 5
arr 5
arr 5
arr 5
arr 5
arr 5
arr 5
arr 5
arr 5
arr 5
arr 5
arr 5
arr 5
arr 5
Epoch:1, training loss:0.7719204227129618
arr 5
arr 5
arr 5
arr 5
arr 5
arr 5
arr 5
arr 5
arr 5
arr 5
arr 5
arr 5
arr 5
arr 5
arr 5
arr 5
arr 5
arr 5
arr 5
arr 5
arr 5
arr 5
arr 5
arr 5
arr 5
arr 5
arr 5
Epoch:2, training loss:0.6200526356697083
arr 5
arr 5
arr 5
arr 5
arr 5
arr 5
arr 5
arr 5
arr 5
arr 5
arr 5
arr 5
arr 5
arr 5
arr 5
arr 5
arr 5
arr 5
arr 5
arr 5
arr 5
arr 5
arr 5
arr 5
arr 5
arr 5
arr 5
Epoch:3, training loss:0.5218443274497986
arr 5
arr 5
arr 5
arr 5
arr 5
arr 5
arr 5
arr 5
arr 5
arr 5
arr 5
arr 5
arr 5
arr 5
arr 5
arr 5
arr 5
arr 5
arr 5
arr 5
arr 5
arr 5
arr 5
arr 5
arr 5
arr 5
arr 5
Epoch:4, training loss:0.44818859299023944
arr 5
arr 5
arr 5
arr 5
arr 5
arr 5
arr 5
arr 5
arr 5
arr 5
arr 5
arr 5
arr 5
arr 5
arr 5
arr 5
arr 5
arr 5
arr 5
arr 5
arr 5
arr 5
arr 5
arr 5
arr 5
arr 5
arr 5
Epoch:5, training loss:0.3872455855210622
arr 5
arr 5
arr 5
arr 5
arr 5
arr 5
arr 5
arr 5
arr 5
arr 5
arr 5
arr 5
arr 5
arr 5
arr 5
arr 5
arr 5
arr 5
arr 5
arr 5
arr 5
arr 5
arr 5
arr 5
arr 5
arr 5
arr 5
Epoch:6, training loss:0.3439670403798421
arr 5
arr 5
arr 5
arr 5
arr 5
arr 5
arr 5
arr 5
arr 5
arr 5
arr 5
arr 5
arr 5
arr 5
arr 5
arr 5
arr 5
arr 5
arr 5
arr 5
arr 5
arr 5
arr 5
arr 5
arr 5
arr 5
arr 5
Epoch:7, training loss:0.31884411970774335
arr 5
arr 5
arr 5
arr 5
arr 5
arr 5
arr 5
arr 5
arr 5
arr 5
arr 5
arr 5
arr 5
arr 5
arr 5
arr 5
arr 5
arr 5
arr 5
arr 5
arr 5
arr 5
arr 5
arr 5
arr 5
arr 5
arr 5
Epoch:8, training loss:0.31006620327631634
arr 5
arr 5
arr 5
arr 5
arr 5
arr 5
arr 5
arr 5
arr 5
arr 5
arr 5
arr 5
arr 5
arr 5
arr 5
arr 5
arr 5
arr 5
arr 5
arr 5
arr 5
arr 5
arr 5
arr 5
arr 5
arr 5
arr 5
Epoch:9, training loss:0.3107467591762543
arr 5
arr 5
arr 5
arr 5
arr 5
arr 5
arr 5
arr 5
arr 5
arr 5
arr 5
arr 5
arr 5
arr 5
arr 5
arr 5
arr 5
arr 5
arr 5
arr 5
arr 5
arr 5
arr 5
arr 5
arr 5
arr 5
arr 5
Epoch:10, training loss:0.3146865467230479
----------------------------
Start validation ...
arr 5
arr 5
arr 5
arr 5
arr 5
arr 5
arr 5
arr 5
arr 5
Validation error:0.3146865467230479
Save model checkpoints ... 
Finish validation.
----------------------------
arr 5
arr 5
arr 5
arr 5
arr 5
arr 5
arr 5
arr 5
arr 5
arr 5
arr 5
arr 5
arr 5
arr 5
arr 5
arr 5
arr 5
arr 5
arr 5
arr 5
arr 5
arr 5
arr 5
arr 5
arr 5
arr 5
arr 5
Epoch:11, training loss:0.31328821182250977
arr 5
arr 5
arr 5
arr 5
arr 5
arr 5
arr 5
arr 5
arr 5
arr 5
arr 5
arr 5
arr 5
arr 5
arr 5
arr 5
arr 5
arr 5
arr 5
arr 5
arr 5
arr 5
arr 5
arr 5
arr 5
arr 5
arr 5
Epoch:12, training loss:0.30767232179641724
arr 5
arr 5
arr 5
arr 5
arr 5
arr 5
arr 5
arr 5
arr 5
arr 5
arr 5
arr 5
arr 5
arr 5
arr 5
arr 5
arr 5
arr 5
arr 5
arr 5
arr 5
arr 5
arr 5
arr 5
arr 5
arr 5
arr 5
Epoch:13, training loss:0.3023015856742859
arr 5
arr 5
arr 5
arr 5
arr 5
arr 5
arr 5
arr 5
arr 5
arr 5
arr 5
arr 5
arr 5
arr 5
arr 5
arr 5
arr 5
arr 5
arr 5
arr 5
arr 5
arr 5
arr 5
arr 5
arr 5
arr 5
arr 5
Epoch:14, training loss:0.2972775995731354
arr 5
arr 5
arr 5
arr 5
arr 5
arr 5
arr 5
arr 5
arr 5
arr 5
arr 5
arr 5
arr 5
arr 5
arr 5
arr 5
arr 5
arr 5
arr 5
arr 5
arr 5
arr 5
arr 5
arr 5
arr 5
arr 5
arr 5
Epoch:15, training loss:0.2934541404247284
arr 5
arr 5
arr 5
arr 5
arr 5
arr 5
arr 5
arr 5
arr 5
arr 5
arr 5
arr 5
arr 5
arr 5
arr 5
arr 5
arr 5
arr 5
arr 5
arr 5
arr 5
arr 5
arr 5
arr 5
arr 5
arr 5
arr 5
Epoch:16, training loss:0.29202107588450116
arr 5
arr 5
arr 5
arr 5
arr 5
arr 5
arr 5
arr 5
arr 5
arr 5
arr 5
arr 5
arr 5
arr 5
arr 5
arr 5
arr 5
arr 5
arr 5
arr 5
arr 5
arr 5
arr 5
arr 5
arr 5
arr 5
arr 5
Epoch:17, training loss:0.2901473542054494
arr 5
arr 5
arr 5
arr 5
arr 5
arr 5
arr 5
arr 5
arr 5
arr 5
arr 5
arr 5
arr 5
arr 5
arr 5
arr 5
arr 5
arr 5
arr 5
arr 5
arr 5
arr 5
arr 5
arr 5
arr 5
arr 5
arr 5
Epoch:18, training loss:0.28825146953264874
arr 5
arr 5
arr 5
arr 5
arr 5
arr 5
arr 5
arr 5
arr 5
arr 5
arr 5
arr 5
arr 5
arr 5
arr 5
arr 5
arr 5
arr 5
arr 5
arr 5
arr 5
arr 5
arr 5
arr 5
arr 5
arr 5
arr 5
Epoch:19, training loss:0.28589274485905963
arr 5
arr 5
arr 5
arr 5
arr 5
arr 5
arr 5
arr 5
arr 5
arr 5
arr 5
arr 5
arr 5
arr 5
arr 5
arr 5
arr 5
arr 5
arr 5
arr 5
arr 5
arr 5
arr 5
arr 5
arr 5
arr 5
arr 5
Epoch:20, training loss:0.2835625211397807
----------------------------
Start validation ...
arr 5
arr 5
arr 5
arr 5
arr 5
arr 5
arr 5
arr 5
arr 5
Validation error:0.2835625211397807
Save model checkpoints ... 
Finish validation.
----------------------------
arr 5
arr 5
arr 5
arr 5
arr 5
arr 5
arr 5
arr 5
arr 5
arr 5
arr 5
arr 5
arr 5
arr 5
arr 5
arr 5
arr 5
arr 5
arr 5
arr 5
arr 5
arr 5
arr 5
arr 5
arr 5
arr 5
arr 5
Epoch:21, training loss:0.2815849284331004
arr 5
arr 5
arr 5
arr 5
arr 5
arr 5
arr 5
arr 5
arr 5
arr 5
arr 5
arr 5
arr 5
arr 5
arr 5
arr 5
arr 5
arr 5
arr 5
arr 5
arr 5
arr 5
arr 5
arr 5
arr 5
arr 5
arr 5
Epoch:22, training loss:0.27926382422447205
arr 5
arr 5
arr 5
arr 5
arr 5
arr 5
arr 5
arr 5
arr 5
arr 5
arr 5
arr 5
arr 5
arr 5
arr 5
arr 5
arr 5
arr 5
arr 5
arr 5
arr 5
arr 5
arr 5
arr 5
arr 5
arr 5
arr 5
Epoch:23, training loss:0.27709899346033734
arr 5
arr 5
arr 5
arr 5
arr 5
arr 5
arr 5
arr 5
arr 5
arr 5
arr 5
arr 5
arr 5
arr 5
arr 5
arr 5
arr 5
arr 5
arr 5
arr 5
arr 5
arr 5
arr 5
arr 5
arr 5
arr 5
arr 5
Epoch:24, training loss:0.2748516798019409
arr 5
arr 5
arr 5
arr 5
arr 5
arr 5
arr 5
arr 5
arr 5
arr 5
arr 5
arr 5
arr 5
arr 5
arr 5
arr 5
arr 5
arr 5
arr 5
arr 5
arr 5
arr 5
arr 5
arr 5
arr 5
arr 5
arr 5
Epoch:25, training loss:0.27268819014231366
arr 5
arr 5
arr 5
arr 5
arr 5
arr 5
arr 5
arr 5
arr 5
arr 5
arr 5
arr 5
arr 5
arr 5
arr 5
arr 5
arr 5
arr 5
arr 5
arr 5
arr 5
arr 5
arr 5
arr 5
arr 5
arr 5
arr 5
Epoch:26, training loss:0.2707321047782898
arr 5
arr 5
arr 5
arr 5
arr 5
arr 5
arr 5
arr 5
arr 5
arr 5
arr 5
arr 5
arr 5
arr 5
arr 5
arr 5
arr 5
arr 5
arr 5
arr 5
arr 5
arr 5
arr 5
arr 5
arr 5
arr 5
arr 5
Epoch:27, training loss:0.26887965202331543
arr 5
arr 5
arr 5
arr 5
arr 5
arr 5
arr 5
arr 5
arr 5
arr 5
arr 5
arr 5
arr 5
arr 5
arr 5
arr 5
arr 5
arr 5
arr 5
arr 5
arr 5
arr 5
arr 5
arr 5
arr 5
arr 5
arr 5
Epoch:28, training loss:0.26725690563519794
arr 5
arr 5
arr 5
arr 5
arr 5
arr 5
arr 5
arr 5
arr 5
arr 5
arr 5
arr 5
arr 5
arr 5
arr 5
arr 5
arr 5
arr 5
arr 5
arr 5
arr 5
arr 5
arr 5
arr 5
arr 5
arr 5
arr 5
Epoch:29, training loss:0.2656484544277191
arr 5
arr 5
arr 5
arr 5
arr 5
arr 5
arr 5
arr 5
arr 5
arr 5
arr 5
arr 5
arr 5
arr 5
arr 5
arr 5
arr 5
arr 5
arr 5
arr 5
arr 5
arr 5
arr 5
arr 5
arr 5
arr 5
arr 5
Epoch:30, training loss:0.2641783853371938
----------------------------
Start validation ...
arr 5
arr 5
arr 5
arr 5
arr 5
arr 5
arr 5
arr 5
arr 5
Validation error:0.2641783853371938
Save model checkpoints ... 
Finish validation.
----------------------------
arr 5
arr 5
arr 5
arr 5
arr 5
arr 5
arr 5
arr 5
arr 5
arr 5
arr 5
arr 5
arr 5
arr 5
arr 5
arr 5
arr 5
arr 5
arr 5
arr 5
arr 5
arr 5
arr 5
arr 5
arr 5
arr 5
arr 5
Epoch:31, training loss:0.2626001040140788
arr 5
arr 5
arr 5
arr 5
arr 5
arr 5
arr 5
arr 5
arr 5
arr 5
arr 5
arr 5
arr 5
arr 5
arr 5
arr 5
arr 5
arr 5
arr 5
arr 5
arr 5
arr 5
arr 5
arr 5
arr 5
arr 5
arr 5
Epoch:32, training loss:0.26108019550641376
arr 5
arr 5
arr 5
arr 5
arr 5
arr 5
arr 5
arr 5
arr 5
arr 5
arr 5
arr 5
arr 5
arr 5
arr 5
arr 5
arr 5
arr 5
arr 5
arr 5
arr 5
arr 5
arr 5
arr 5
arr 5
arr 5
arr 5
Epoch:33, training loss:0.2594582786162694
arr 5
arr 5
arr 5
arr 5
arr 5
arr 5
arr 5
arr 5
arr 5
arr 5
arr 5
arr 5
arr 5
arr 5
arr 5
arr 5
arr 5
arr 5
arr 5
arr 5
arr 5
arr 5
arr 5
arr 5
arr 5
arr 5
arr 5
Epoch:34, training loss:0.2579442361990611
arr 5
arr 5
arr 5
arr 5
arr 5
arr 5
arr 5
arr 5
arr 5
arr 5
arr 5
arr 5
arr 5
arr 5
arr 5
arr 5
arr 5
arr 5
arr 5
arr 5
arr 5
arr 5
arr 5
arr 5
arr 5
arr 5
arr 5
Epoch:35, training loss:0.25638074179490405
arr 5
arr 5
arr 5
arr 5
arr 5
arr 5
arr 5
arr 5
arr 5
arr 5
arr 5
arr 5
arr 5
arr 5
arr 5
arr 5
arr 5
arr 5
arr 5
arr 5
arr 5
arr 5
arr 5
arr 5
arr 5
arr 5
arr 5
Epoch:36, training loss:0.2547903011242549
arr 5
arr 5
arr 5
arr 5
arr 5
arr 5
arr 5
arr 5
arr 5
arr 5
arr 5
arr 5
arr 5
arr 5
arr 5
arr 5
arr 5
arr 5
arr 5
arr 5
arr 5
arr 5
arr 5
arr 5
arr 5
arr 5
arr 5
Epoch:37, training loss:0.253142590324084
arr 5
arr 5
arr 5
arr 5
arr 5
arr 5
arr 5
arr 5
arr 5
arr 5
arr 5
arr 5
arr 5
arr 5
arr 5
arr 5
arr 5
arr 5
arr 5
arr 5
arr 5
arr 5
arr 5
arr 5
arr 5
arr 5
arr 5
Epoch:38, training loss:0.2512449622154236
arr 5
arr 5
arr 5
arr 5
arr 5
arr 5
arr 5
arr 5
arr 5
arr 5
arr 5
arr 5
arr 5
arr 5
arr 5
arr 5
arr 5
arr 5
arr 5
arr 5
arr 5
arr 5
arr 5
arr 5
arr 5
arr 5
arr 5
Epoch:39, training loss:0.24886398514111838
arr 5
arr 5
arr 5
arr 5
arr 5
arr 5
arr 5
arr 5
arr 5
arr 5
arr 5
arr 5
arr 5
arr 5
arr 5
arr 5
arr 5
arr 5
arr 5
arr 5
arr 5
arr 5
arr 5
arr 5
arr 5
arr 5
arr 5
Epoch:40, training loss:0.24682211875915527
----------------------------
Start validation ...
arr 5
arr 5
arr 5
arr 5
arr 5
arr 5
arr 5
arr 5
arr 5
Validation error:0.24682211875915527
Save model checkpoints ... 
Finish validation.
----------------------------
arr 5
arr 5
arr 5
arr 5
arr 5
arr 5
arr 5
arr 5
arr 5
arr 5
arr 5
arr 5
arr 5
arr 5
arr 5
arr 5
arr 5
arr 5
arr 5
arr 5
arr 5
arr 5
arr 5
arr 5
arr 5
arr 5
arr 5
Epoch:41, training loss:0.2451413075129191
arr 5
arr 5
arr 5
arr 5
arr 5
arr 5
arr 5
arr 5
arr 5
arr 5
arr 5
arr 5
arr 5
arr 5
arr 5
arr 5
arr 5
arr 5
arr 5
arr 5
arr 5
arr 5
arr 5
arr 5
arr 5
arr 5
arr 5
Epoch:42, training loss:0.24352709452311197
arr 5
arr 5
arr 5
arr 5
arr 5
arr 5
arr 5
arr 5
arr 5
arr 5
arr 5
arr 5
arr 5
arr 5
arr 5
arr 5
arr 5
arr 5
arr 5
arr 5
arr 5
arr 5
arr 5
arr 5
arr 5
arr 5
arr 5
Epoch:43, training loss:0.24187781910101572
arr 5
arr 5
arr 5
arr 5
arr 5
arr 5
arr 5
arr 5
arr 5
arr 5
arr 5
arr 5
arr 5
arr 5
arr 5
arr 5
arr 5
arr 5
arr 5
arr 5
arr 5
arr 5
arr 5
arr 5
arr 5
arr 5
arr 5
Epoch:44, training loss:0.24028907219568887
arr 5
arr 5
arr 5
arr 5
arr 5
arr 5
arr 5
arr 5
arr 5
arr 5
arr 5
arr 5
arr 5
arr 5
arr 5
arr 5
arr 5
arr 5
arr 5
arr 5
arr 5
arr 5
arr 5
arr 5
arr 5
arr 5
arr 5
Epoch:45, training loss:0.2388140211502711
arr 5
arr 5
arr 5
arr 5
arr 5
arr 5
arr 5
arr 5
arr 5
arr 5
arr 5
arr 5
arr 5
arr 5
arr 5
arr 5
arr 5
arr 5
arr 5
arr 5
arr 5
arr 5
arr 5
arr 5
arr 5
arr 5
arr 5
Epoch:46, training loss:0.23731054862340292
arr 5
arr 5
arr 5
arr 5
arr 5
arr 5
arr 5
arr 5
arr 5
arr 5
arr 5
arr 5
arr 5
arr 5
arr 5
arr 5
arr 5
arr 5
arr 5
arr 5
arr 5
arr 5
arr 5
arr 5
arr 5
arr 5
arr 5
Epoch:47, training loss:0.23575949172178903
arr 5
arr 5
arr 5
arr 5
arr 5
arr 5
arr 5
arr 5
arr 5
arr 5
arr 5
arr 5
arr 5
arr 5
arr 5
arr 5
arr 5
arr 5
arr 5
arr 5
arr 5
arr 5
arr 5
arr 5
arr 5
arr 5
arr 5
Epoch:48, training loss:0.23430834710597992
arr 5
arr 5
arr 5
arr 5
arr 5
arr 5
arr 5
arr 5
arr 5
arr 5
arr 5
arr 5
arr 5
arr 5
arr 5
arr 5
arr 5
arr 5
arr 5
arr 5
arr 5
arr 5
arr 5
arr 5
arr 5
arr 5
arr 5
Epoch:49, training loss:0.23282954593499502
arr 5
arr 5
arr 5
arr 5
arr 5
arr 5
arr 5
arr 5
arr 5
arr 5
arr 5
arr 5
arr 5
arr 5
arr 5
arr 5
arr 5
arr 5
arr 5
arr 5
arr 5
arr 5
arr 5
arr 5
arr 5
arr 5
arr 5
Epoch:50, training loss:0.23135786751906076
----------------------------
Start validation ...
arr 5
arr 5
arr 5
arr 5
arr 5
arr 5
arr 5
arr 5
arr 5
Validation error:0.23135786751906076
Save model checkpoints ... 
Finish validation.
----------------------------
arr 5
arr 5
arr 5
arr 5
arr 5
arr 5
arr 5
arr 5
arr 5
arr 5
arr 5
arr 5
arr 5
arr 5
arr 5
arr 5
arr 5
arr 5
arr 5
arr 5
arr 5
arr 5
arr 5
arr 5
arr 5
arr 5
arr 5
Epoch:51, training loss:0.22993460794289908
arr 5
arr 5
arr 5
arr 5
arr 5
arr 5
arr 5
arr 5
arr 5
arr 5
arr 5
arr 5
arr 5
arr 5
arr 5
arr 5
arr 5
arr 5
arr 5
arr 5
arr 5
arr 5
arr 5
arr 5
arr 5
arr 5
arr 5
Epoch:52, training loss:0.22851732869942984
arr 5
arr 5
arr 5
arr 5
arr 5
arr 5
arr 5
arr 5
arr 5
arr 5
arr 5
arr 5
arr 5
arr 5
arr 5
arr 5
arr 5
arr 5
arr 5
arr 5
arr 5
arr 5
arr 5
arr 5
arr 5
arr 5
arr 5
Epoch:53, training loss:0.22708258032798767
arr 5
arr 5
arr 5
arr 5
arr 5
arr 5
arr 5
arr 5
arr 5
arr 5
arr 5
arr 5
arr 5
arr 5
arr 5
arr 5
arr 5
arr 5
arr 5
arr 5
arr 5
arr 5
arr 5
arr 5
arr 5
arr 5
arr 5
Epoch:54, training loss:0.22565720975399017
arr 5
arr 5
arr 5
arr 5
arr 5
arr 5
arr 5
arr 5
arr 5
arr 5
arr 5
arr 5
arr 5
arr 5
arr 5
arr 5
arr 5
arr 5
arr 5
arr 5
arr 5
arr 5
arr 5
arr 5
arr 5
arr 5
arr 5
Epoch:55, training loss:0.22422934075196585
arr 5
arr 5
arr 5
arr 5
arr 5
arr 5
arr 5
arr 5
arr 5
arr 5
arr 5
arr 5
arr 5
arr 5
arr 5
arr 5
arr 5
arr 5
arr 5
arr 5
arr 5
arr 5
arr 5
arr 5
arr 5
arr 5
arr 5
Epoch:56, training loss:0.22269241015116373
arr 5
arr 5
arr 5
arr 5
arr 5
arr 5
arr 5
arr 5
arr 5
arr 5
arr 5
arr 5
arr 5
arr 5
arr 5
arr 5
arr 5
arr 5
arr 5
arr 5
arr 5
arr 5
arr 5
arr 5
arr 5
arr 5
arr 5
Epoch:57, training loss:0.22099420428276062
arr 5
arr 5
arr 5
arr 5
arr 5
arr 5
arr 5
arr 5
arr 5
arr 5
arr 5
arr 5
arr 5
arr 5
arr 5
arr 5
arr 5
arr 5
arr 5
arr 5
arr 5
arr 5
arr 5
arr 5
arr 5
arr 5
arr 5
Epoch:58, training loss:0.21897279222806296
arr 5
arr 5
arr 5
arr 5
arr 5
arr 5
arr 5
arr 5
arr 5
arr 5
arr 5
arr 5
arr 5
arr 5
arr 5
arr 5
arr 5
arr 5
arr 5
arr 5
arr 5
arr 5
arr 5
arr 5
arr 5
arr 5
arr 5
Epoch:59, training loss:0.21678284307320914
arr 5
arr 5
arr 5
arr 5
arr 5
arr 5
arr 5
arr 5
arr 5
arr 5
arr 5
arr 5
arr 5
arr 5
arr 5
arr 5
arr 5
arr 5
arr 5
arr 5
arr 5
arr 5
arr 5
arr 5
arr 5
arr 5
arr 5
Epoch:60, training loss:0.21471843620141348
----------------------------
Start validation ...
arr 5
arr 5
arr 5
arr 5
arr 5
arr 5
arr 5
arr 5
arr 5
Validation error:0.21471843620141348
Save model checkpoints ... 
Finish validation.
----------------------------
arr 5
arr 5
arr 5
arr 5
arr 5
arr 5
arr 5
arr 5
arr 5
arr 5
arr 5
arr 5
arr 5
arr 5
arr 5
arr 5
arr 5
arr 5
arr 5
arr 5
arr 5
arr 5
arr 5
arr 5
arr 5
arr 5
arr 5
Epoch:61, training loss:0.21273537973562875
arr 5
arr 5
arr 5
arr 5
arr 5
arr 5
arr 5
arr 5
arr 5
arr 5
arr 5
arr 5
arr 5
arr 5
arr 5
arr 5
arr 5
arr 5
arr 5
arr 5
arr 5
arr 5
arr 5
arr 5
arr 5
arr 5
arr 5
Epoch:62, training loss:0.21069341897964478
arr 5
arr 5
arr 5
arr 5
arr 5
arr 5
arr 5
arr 5
arr 5
arr 5
arr 5
arr 5
arr 5
arr 5
arr 5
arr 5
arr 5
arr 5
arr 5
arr 5
arr 5
arr 5
arr 5
arr 5
arr 5
arr 5
arr 5
Epoch:63, training loss:0.2088959664106369
arr 5
arr 5
arr 5
arr 5
arr 5
arr 5
arr 5
arr 5
arr 5
arr 5
arr 5
arr 5
arr 5
arr 5
arr 5
arr 5
arr 5
arr 5
arr 5
arr 5
arr 5
arr 5
arr 5
arr 5
arr 5
arr 5
arr 5
Epoch:64, training loss:0.2072311689456304
arr 5
arr 5
arr 5
arr 5
arr 5
arr 5
arr 5
arr 5
arr 5
arr 5
arr 5
arr 5
arr 5
arr 5
arr 5
arr 5
arr 5
arr 5
arr 5
arr 5
arr 5
arr 5
arr 5
arr 5
arr 5
arr 5
arr 5
Epoch:65, training loss:0.20568030575911203
arr 5
arr 5
arr 5
arr 5
arr 5
arr 5
arr 5
arr 5
arr 5
arr 5
arr 5
arr 5
arr 5
arr 5
arr 5
arr 5
arr 5
arr 5
arr 5
arr 5
arr 5
arr 5
arr 5
arr 5
arr 5
arr 5
arr 5
Epoch:66, training loss:0.20422324538230896
arr 5
arr 5
arr 5
arr 5
arr 5
arr 5
arr 5
arr 5
arr 5
arr 5
arr 5
arr 5
arr 5
arr 5
arr 5
arr 5
arr 5
arr 5
arr 5
arr 5
arr 5
arr 5
arr 5
arr 5
arr 5
arr 5
arr 5
Epoch:67, training loss:0.20280029873053232
arr 5
arr 5
arr 5
arr 5
arr 5
arr 5
arr 5
arr 5
arr 5
arr 5
arr 5
arr 5
arr 5
arr 5
arr 5
arr 5
arr 5
arr 5
arr 5
arr 5
arr 5
arr 5
arr 5
arr 5
arr 5
arr 5
arr 5
Epoch:68, training loss:0.20140299201011658
arr 5
arr 5
arr 5
arr 5
arr 5
arr 5
arr 5
arr 5
arr 5
arr 5
arr 5
arr 5
arr 5
arr 5
arr 5
arr 5
arr 5
arr 5
arr 5
arr 5
arr 5
arr 5
arr 5
arr 5
arr 5
arr 5
arr 5
Epoch:69, training loss:0.19997721910476685
arr 5
arr 5
arr 5
arr 5
arr 5
arr 5
arr 5
arr 5
arr 5
arr 5
arr 5
arr 5
arr 5
arr 5
arr 5
arr 5
arr 5
arr 5
arr 5
arr 5
arr 5
arr 5
arr 5
arr 5
arr 5
arr 5
arr 5
Epoch:70, training loss:0.19856279095013937
----------------------------
Start validation ...
arr 5
arr 5
arr 5
arr 5
arr 5
arr 5
arr 5
arr 5
arr 5
Validation error:0.19856279095013937
Save model checkpoints ... 
Finish validation.
----------------------------
arr 5
arr 5
arr 5
arr 5
arr 5
arr 5
arr 5
arr 5
arr 5
arr 5
arr 5
arr 5
arr 5
arr 5
arr 5
arr 5
arr 5
arr 5
arr 5
arr 5
arr 5
arr 5
arr 5
arr 5
arr 5
arr 5
arr 5
Epoch:71, training loss:0.19707737366358438
arr 5
arr 5
arr 5
arr 5
arr 5
arr 5
arr 5
arr 5
arr 5
arr 5
arr 5
arr 5
arr 5
arr 5
arr 5
arr 5
arr 5
arr 5
arr 5
arr 5
arr 5
arr 5
arr 5
arr 5
arr 5
arr 5
arr 5
Epoch:72, training loss:0.19559427599112192
arr 5
arr 5
arr 5
arr 5
arr 5
arr 5
arr 5
arr 5
arr 5
arr 5
arr 5
arr 5
arr 5
arr 5
arr 5
arr 5
arr 5
arr 5
arr 5
arr 5
arr 5
arr 5
arr 5
arr 5
arr 5
arr 5
arr 5
Epoch:73, training loss:0.19408942262331644
arr 5
arr 5
arr 5
arr 5
arr 5
arr 5
arr 5
arr 5
arr 5
arr 5
arr 5
arr 5
arr 5
arr 5
arr 5
arr 5
arr 5
arr 5
arr 5
arr 5
arr 5
arr 5
arr 5
arr 5
arr 5
arr 5
arr 5
Epoch:74, training loss:0.19262767831484476
arr 5
arr 5
arr 5
arr 5
arr 5
arr 5
arr 5
arr 5
arr 5
arr 5
arr 5
arr 5
arr 5
arr 5
arr 5
arr 5
arr 5
arr 5
arr 5
arr 5
arr 5
arr 5
arr 5
arr 5
arr 5
arr 5
arr 5
Epoch:75, training loss:0.1912403702735901
arr 5
arr 5
arr 5
arr 5
arr 5
arr 5
arr 5
arr 5
arr 5
arr 5
arr 5
arr 5
arr 5
arr 5
arr 5
arr 5
arr 5
arr 5
arr 5
arr 5
arr 5
arr 5
arr 5
arr 5
arr 5
arr 5
arr 5
Epoch:76, training loss:0.18988274534543356
arr 5
arr 5
arr 5
arr 5
arr 5
arr 5
arr 5
arr 5
arr 5
arr 5
arr 5
arr 5
arr 5
arr 5
arr 5
arr 5
arr 5
arr 5
arr 5
arr 5
arr 5
arr 5
arr 5
arr 5
arr 5
arr 5
arr 5
Epoch:77, training loss:0.18855308492978415
arr 5
arr 5
arr 5
arr 5
arr 5
arr 5
arr 5
arr 5
arr 5
arr 5
arr 5
arr 5
arr 5
arr 5
arr 5
arr 5
arr 5
arr 5
arr 5
arr 5
arr 5
arr 5
arr 5
arr 5
arr 5
arr 5
arr 5
Epoch:78, training loss:0.18735062579313913
arr 5
arr 5
arr 5
arr 5
arr 5
arr 5
arr 5
arr 5
arr 5
arr 5
arr 5
arr 5
arr 5
arr 5
arr 5
arr 5
arr 5
arr 5
arr 5
arr 5
arr 5
arr 5
arr 5
arr 5
arr 5
arr 5
arr 5
Epoch:79, training loss:0.18609450260798135
arr 5
arr 5
arr 5
arr 5
arr 5
arr 5
arr 5
arr 5
arr 5
arr 5
arr 5
arr 5
arr 5
arr 5
arr 5
arr 5
arr 5
arr 5
arr 5
arr 5
arr 5
arr 5
arr 5
arr 5
arr 5
arr 5
arr 5
Epoch:80, training loss:0.18493484457333884
----------------------------
Start validation ...
arr 5
arr 5
arr 5
arr 5
arr 5
arr 5
arr 5
arr 5
arr 5
Validation error:0.18493484457333884
Save model checkpoints ... 
Finish validation.
----------------------------
arr 5
arr 5
arr 5
arr 5
arr 5
arr 5
arr 5
arr 5
arr 5
arr 5
arr 5
arr 5
arr 5
arr 5
arr 5
arr 5
arr 5
arr 5
arr 5
arr 5
arr 5
arr 5
arr 5
arr 5
arr 5
arr 5
arr 5
Epoch:81, training loss:0.18380379180113474
arr 5
arr 5
arr 5
arr 5
arr 5
arr 5
arr 5
arr 5
arr 5
arr 5
arr 5
arr 5
arr 5
arr 5
arr 5
arr 5
arr 5
arr 5
arr 5
arr 5
arr 5
arr 5
arr 5
arr 5
arr 5
arr 5
arr 5
Epoch:82, training loss:0.18261334796746573
arr 5
arr 5
arr 5
arr 5
arr 5
arr 5
arr 5
arr 5
arr 5
arr 5
arr 5
arr 5
arr 5
arr 5
arr 5
arr 5
arr 5
arr 5
arr 5
arr 5
arr 5
arr 5
arr 5
arr 5
arr 5
arr 5
arr 5
Epoch:83, training loss:0.18151498337586722
arr 5
arr 5
arr 5
arr 5
arr 5
arr 5
arr 5
arr 5
arr 5
arr 5
arr 5
arr 5
arr 5
arr 5
arr 5
arr 5
arr 5
arr 5
arr 5
arr 5
arr 5
arr 5
arr 5
arr 5
arr 5
arr 5
arr 5
Epoch:84, training loss:0.18038105964660645
arr 5
arr 5
arr 5
arr 5
arr 5
arr 5
arr 5
arr 5
arr 5
arr 5
arr 5
arr 5
arr 5
arr 5
arr 5
arr 5
arr 5
arr 5
arr 5
arr 5
arr 5
arr 5
arr 5
arr 5
arr 5
arr 5
arr 5
Epoch:85, training loss:0.17928648988405863
arr 5
arr 5
arr 5
arr 5
arr 5
arr 5
arr 5
arr 5
arr 5
arr 5
arr 5
arr 5
arr 5
arr 5
arr 5
arr 5
arr 5
arr 5
arr 5
arr 5
arr 5
arr 5
arr 5
arr 5
arr 5
arr 5
arr 5
Epoch:86, training loss:0.17817731698354086
arr 5
arr 5
arr 5
arr 5
arr 5
arr 5
arr 5
arr 5
arr 5
arr 5
arr 5
arr 5
arr 5
arr 5
arr 5
arr 5
arr 5
arr 5
arr 5
arr 5
arr 5
arr 5
arr 5
arr 5
arr 5
arr 5
arr 5
Epoch:87, training loss:0.1770808845758438
arr 5
arr 5
arr 5
arr 5
arr 5
arr 5
arr 5
arr 5
arr 5
arr 5
arr 5
arr 5
arr 5
arr 5
arr 5
arr 5
arr 5
arr 5
arr 5
arr 5
arr 5
arr 5
arr 5
arr 5
arr 5
arr 5
arr 5
Epoch:88, training loss:0.17604765792687735
arr 5
arr 5
arr 5
arr 5
arr 5
arr 5
arr 5
arr 5
arr 5
arr 5
arr 5
arr 5
arr 5
arr 5
arr 5
arr 5
arr 5
arr 5
arr 5
arr 5
arr 5
arr 5
arr 5
arr 5
arr 5
arr 5
arr 5
Epoch:89, training loss:0.17490189770857492
arr 5
arr 5
arr 5
arr 5
arr 5
arr 5
arr 5
arr 5
arr 5
arr 5
arr 5
arr 5
arr 5
arr 5
arr 5
arr 5
arr 5
arr 5
arr 5
arr 5
arr 5
arr 5
arr 5
arr 5
arr 5
arr 5
arr 5
Epoch:90, training loss:0.17372780541578928
----------------------------
Start validation ...
arr 5
arr 5
arr 5
arr 5
arr 5
arr 5
arr 5
arr 5
arr 5
Validation error:0.17372780541578928
Save model checkpoints ... 
Finish validation.
----------------------------
arr 5
arr 5
arr 5
arr 5
arr 5
arr 5
arr 5
arr 5
arr 5
arr 5
arr 5
arr 5
arr 5
arr 5
arr 5
arr 5
arr 5
arr 5
arr 5
arr 5
arr 5
arr 5
arr 5
arr 5
arr 5
arr 5
arr 5
Epoch:91, training loss:0.17237557967503866
arr 5
arr 5
arr 5
arr 5
arr 5
arr 5
arr 5
arr 5
arr 5
arr 5
arr 5
arr 5
arr 5
arr 5
arr 5
arr 5
arr 5
arr 5
arr 5
arr 5
arr 5
arr 5
arr 5
arr 5
arr 5
arr 5
arr 5
Epoch:92, training loss:0.17092249790827432
arr 5
arr 5
arr 5
arr 5
arr 5
arr 5
arr 5
arr 5
arr 5
arr 5
arr 5
arr 5
arr 5
arr 5
arr 5
arr 5
arr 5
arr 5
arr 5
arr 5
arr 5
arr 5
arr 5
arr 5
arr 5
arr 5
arr 5
Epoch:93, training loss:0.1697372943162918
arr 5
arr 5
arr 5
arr 5
arr 5
arr 5
arr 5
arr 5
arr 5
arr 5
arr 5
arr 5
arr 5
arr 5
arr 5
arr 5
arr 5
arr 5
arr 5
arr 5
arr 5
arr 5
arr 5
arr 5
arr 5
arr 5
arr 5
Epoch:94, training loss:0.16870369017124176
arr 5
arr 5
arr 5
arr 5
arr 5
arr 5
arr 5
arr 5
arr 5
arr 5
arr 5
arr 5
arr 5
arr 5
arr 5
arr 5
arr 5
arr 5
arr 5
arr 5
arr 5
arr 5
arr 5
arr 5
arr 5
arr 5
arr 5
Epoch:95, training loss:0.16769863168398538
arr 5
arr 5
arr 5
arr 5
arr 5
arr 5
arr 5
arr 5
arr 5
arr 5
arr 5
arr 5
arr 5
arr 5
arr 5
arr 5
arr 5
arr 5
arr 5
arr 5
arr 5
arr 5
arr 5
arr 5
arr 5
arr 5
arr 5
Epoch:96, training loss:0.16676515837510428
arr 5
arr 5
arr 5
arr 5
arr 5
arr 5
arr 5
arr 5
arr 5
arr 5
arr 5
arr 5
arr 5
arr 5
arr 5
arr 5
arr 5
arr 5
arr 5
arr 5
arr 5
arr 5
arr 5
arr 5
arr 5
arr 5
arr 5
Epoch:97, training loss:0.16564023991425833
arr 5
arr 5
arr 5
arr 5
arr 5
arr 5
arr 5
arr 5
arr 5
arr 5
arr 5
arr 5
arr 5
arr 5
arr 5
arr 5
arr 5
arr 5
arr 5
arr 5
arr 5
arr 5
arr 5
arr 5
arr 5
arr 5
arr 5
Epoch:98, training loss:0.16460776329040527
arr 5
arr 5
arr 5
arr 5
arr 5
arr 5
arr 5
arr 5
arr 5
arr 5
arr 5
arr 5
arr 5
arr 5
arr 5
arr 5
arr 5
arr 5
arr 5
arr 5
arr 5
arr 5
arr 5
arr 5
arr 5
arr 5
arr 5
Epoch:99, training loss:0.16353612144788107
arr 5
arr 5
arr 5
arr 5
arr 5
arr 5
arr 5
arr 5
arr 5
arr 5
arr 5
arr 5
arr 5
arr 5
arr 5
arr 5
arr 5
arr 5
arr 5
arr 5
arr 5
arr 5
arr 5
arr 5
arr 5
arr 5
arr 5
Epoch:100, training loss:0.16235255698362985
----------------------------
Start validation ...
arr 5
arr 5
arr 5
arr 5
arr 5
arr 5
arr 5
arr 5
arr 5
Validation error:0.16235255698362985
Save model checkpoints ... 
Finish validation.
----------------------------
arr 5
arr 5
arr 5
arr 5
arr 5
arr 5
arr 5
arr 5
arr 5
arr 5
arr 5
arr 5
arr 5
arr 5
arr 5
arr 5
arr 5
arr 5
arr 5
arr 5
arr 5
arr 5
arr 5
arr 5
arr 5
arr 5
arr 5
Epoch:101, training loss:0.16155913968880972
arr 5
arr 5
arr 5
arr 5
arr 5
arr 5
arr 5
arr 5
arr 5
arr 5
arr 5
arr 5
arr 5
arr 5
arr 5
arr 5
arr 5
arr 5
arr 5
arr 5
arr 5
arr 5
arr 5
arr 5
arr 5
arr 5
arr 5
Epoch:102, training loss:0.16057080527146658
arr 5
arr 5
arr 5
arr 5
arr 5
arr 5
arr 5
arr 5
arr 5
arr 5
arr 5
arr 5
arr 5
arr 5
arr 5
arr 5
arr 5
arr 5
arr 5
arr 5
arr 5
arr 5
arr 5
arr 5
arr 5
arr 5
arr 5
Epoch:103, training loss:0.15968591471513113
arr 5
arr 5
arr 5
arr 5
arr 5
arr 5
arr 5
arr 5
arr 5
arr 5
arr 5
arr 5
arr 5
arr 5
arr 5
arr 5
arr 5
arr 5
arr 5
arr 5
arr 5
arr 5
arr 5
arr 5
arr 5
arr 5
arr 5
Epoch:104, training loss:0.1587549497683843
arr 5
arr 5
arr 5
arr 5
arr 5
arr 5
arr 5
arr 5
arr 5
arr 5
arr 5
arr 5
arr 5
arr 5
arr 5
arr 5
arr 5
arr 5
arr 5
arr 5
arr 5
arr 5
arr 5
arr 5
arr 5
arr 5
arr 5
Epoch:105, training loss:0.15798428654670715
arr 5
arr 5
arr 5
arr 5
arr 5
arr 5
arr 5
arr 5
arr 5
arr 5
arr 5
arr 5
arr 5
arr 5
arr 5
arr 5
arr 5
arr 5
arr 5
arr 5
arr 5
arr 5
arr 5
arr 5
arr 5
arr 5
arr 5
Epoch:106, training loss:0.1570034126440684
arr 5
arr 5
arr 5
arr 5
arr 5
arr 5
arr 5
arr 5
arr 5
arr 5
arr 5
arr 5
arr 5
arr 5
arr 5
arr 5
arr 5
arr 5
arr 5
arr 5
arr 5
arr 5
arr 5
arr 5
arr 5
arr 5
arr 5
Epoch:107, training loss:0.15623983244101206
arr 5
arr 5
arr 5
arr 5
arr 5
arr 5
arr 5
arr 5
arr 5
arr 5
arr 5
arr 5
arr 5
arr 5
arr 5
arr 5
arr 5
arr 5
arr 5
arr 5
arr 5
arr 5
arr 5
arr 5
arr 5
arr 5
arr 5
Epoch:108, training loss:0.15546893576780954
arr 5
arr 5
arr 5
arr 5
arr 5
arr 5
arr 5
arr 5
arr 5
arr 5
arr 5
arr 5
arr 5
arr 5
arr 5
arr 5
arr 5
arr 5
arr 5
arr 5
arr 5
arr 5
arr 5
arr 5
arr 5
arr 5
arr 5
Epoch:109, training loss:0.15447799364725748
arr 5
arr 5
arr 5
arr 5
arr 5
arr 5
arr 5
arr 5
arr 5
arr 5
arr 5
arr 5
arr 5
arr 5
arr 5
arr 5
arr 5
arr 5
arr 5
arr 5
arr 5
arr 5
arr 5
arr 5
arr 5
arr 5
arr 5
Epoch:110, training loss:0.15378460784753165
----------------------------
Start validation ...
arr 5
arr 5
arr 5
arr 5
arr 5
arr 5
arr 5
arr 5
arr 5
Validation error:0.15378460784753165
Save model checkpoints ... 
Finish validation.
----------------------------
arr 5
arr 5
arr 5
arr 5
arr 5
arr 5
arr 5
arr 5
arr 5
arr 5
arr 5
arr 5
arr 5
arr 5
arr 5
arr 5
arr 5
arr 5
arr 5
arr 5
arr 5
arr 5
arr 5
arr 5
arr 5
arr 5
arr 5
Epoch:111, training loss:0.15292071799437204
arr 5
arr 5
arr 5
arr 5
arr 5
arr 5
arr 5
arr 5
arr 5
arr 5
arr 5
arr 5
arr 5
arr 5
arr 5
arr 5
arr 5
arr 5
arr 5
arr 5
arr 5
arr 5
arr 5
arr 5
arr 5
arr 5
arr 5
Epoch:112, training loss:0.15211914976437887
arr 5
arr 5
arr 5
arr 5
arr 5
arr 5
arr 5
arr 5
arr 5
arr 5
arr 5
arr 5
arr 5
arr 5
arr 5
arr 5
arr 5
arr 5
arr 5
arr 5
arr 5
arr 5
arr 5
arr 5
arr 5
arr 5
arr 5
Epoch:113, training loss:0.1513329396645228
arr 5
arr 5
arr 5
arr 5
arr 5
arr 5
arr 5
arr 5
arr 5
arr 5
arr 5
arr 5
arr 5
arr 5
arr 5
arr 5
arr 5
arr 5
arr 5
arr 5
arr 5
arr 5
arr 5
arr 5
arr 5
arr 5
arr 5
Epoch:114, training loss:0.1505934695402781
arr 5
arr 5
arr 5
arr 5
arr 5
arr 5
arr 5
arr 5
arr 5
arr 5
arr 5
arr 5
arr 5
arr 5
arr 5
arr 5
arr 5
arr 5
arr 5
arr 5
arr 5
arr 5
arr 5
arr 5
arr 5
arr 5
arr 5
Epoch:115, training loss:0.14984077711900076
arr 5
arr 5
arr 5
arr 5
arr 5
arr 5
arr 5
arr 5
arr 5
arr 5
arr 5
arr 5
arr 5
arr 5
arr 5
arr 5
arr 5
arr 5
arr 5
arr 5
arr 5
arr 5
arr 5
arr 5
arr 5
arr 5
arr 5
Epoch:116, training loss:0.1491216073433558
arr 5
arr 5
arr 5
arr 5
arr 5
arr 5
arr 5
arr 5
arr 5
arr 5
arr 5
arr 5
arr 5
arr 5
arr 5
arr 5
arr 5
arr 5
arr 5
arr 5
arr 5
arr 5
arr 5
arr 5
arr 5
arr 5
arr 5
Epoch:117, training loss:0.14847064018249512
arr 5
arr 5
arr 5
arr 5
arr 5
arr 5
arr 5
arr 5
arr 5
arr 5
arr 5
arr 5
arr 5
arr 5
arr 5
arr 5
arr 5
arr 5
arr 5
arr 5
arr 5
arr 5
arr 5
arr 5
arr 5
arr 5
arr 5
Epoch:118, training loss:0.14781356851259866
arr 5
arr 5
arr 5
arr 5
arr 5
arr 5
arr 5
arr 5
arr 5
arr 5
arr 5
arr 5
arr 5
arr 5
arr 5
arr 5
arr 5
arr 5
arr 5
arr 5
arr 5
arr 5
arr 5
arr 5
arr 5
arr 5
arr 5
Epoch:119, training loss:0.14694567521413168
arr 5
arr 5
arr 5
arr 5
arr 5
arr 5
arr 5
arr 5
arr 5
arr 5
arr 5
arr 5
arr 5
arr 5
arr 5
arr 5
arr 5
arr 5
arr 5
arr 5
arr 5
arr 5
arr 5
arr 5
arr 5
arr 5
arr 5
Epoch:120, training loss:0.14627602696418762
----------------------------
Start validation ...
arr 5
arr 5
arr 5
arr 5
arr 5
arr 5
arr 5
arr 5
arr 5
Validation error:0.14627602696418762
Save model checkpoints ... 
Finish validation.
----------------------------
arr 5
arr 5
arr 5
arr 5
arr 5
arr 5
arr 5
arr 5
arr 5
arr 5
arr 5
arr 5
arr 5
arr 5
arr 5
arr 5
arr 5
arr 5
arr 5
arr 5
arr 5
arr 5
arr 5
arr 5
arr 5
arr 5
arr 5
Epoch:121, training loss:0.14564000070095062
arr 5
arr 5
arr 5
arr 5
arr 5
arr 5
arr 5
arr 5
arr 5
arr 5
arr 5
arr 5
arr 5
arr 5
arr 5
arr 5
arr 5
arr 5
arr 5
arr 5
arr 5
arr 5
arr 5
arr 5
arr 5
arr 5
arr 5
Epoch:122, training loss:0.14483433961868286
arr 5
arr 5
arr 5
arr 5
arr 5
arr 5
arr 5
arr 5
arr 5
arr 5
arr 5
arr 5
arr 5
arr 5
arr 5
arr 5
arr 5
arr 5
arr 5
arr 5
arr 5
arr 5
arr 5
arr 5
arr 5
arr 5
arr 5
Epoch:123, training loss:0.14416215320428213
arr 5
arr 5
arr 5
arr 5
arr 5
arr 5
arr 5
arr 5
arr 5
arr 5
arr 5
arr 5
arr 5
arr 5
arr 5
arr 5
arr 5
arr 5
arr 5
arr 5
arr 5
arr 5
arr 5
arr 5
arr 5
arr 5
arr 5
Epoch:124, training loss:0.14338836073875427
arr 5
arr 5
arr 5
arr 5
arr 5
arr 5
arr 5
arr 5
arr 5
arr 5
arr 5
arr 5
arr 5
arr 5
arr 5
arr 5
arr 5
arr 5
arr 5
arr 5
arr 5
arr 5
arr 5
arr 5
arr 5
arr 5
arr 5
Epoch:125, training loss:0.14265812933444977
arr 5
arr 5
arr 5
arr 5
arr 5
arr 5
arr 5
arr 5
arr 5
arr 5
arr 5
arr 5
arr 5
arr 5
arr 5
arr 5
arr 5
arr 5
arr 5
arr 5
arr 5
arr 5
arr 5
arr 5
arr 5
arr 5
arr 5
Epoch:126, training loss:0.1419085164864858
arr 5
arr 5
arr 5
arr 5
arr 5
arr 5
arr 5
arr 5
arr 5
arr 5
arr 5
arr 5
arr 5
arr 5
arr 5
arr 5
arr 5
arr 5
arr 5
arr 5
arr 5
arr 5
arr 5
arr 5
arr 5
arr 5
arr 5
Epoch:127, training loss:0.1410813977320989
arr 5
arr 5
arr 5
arr 5
arr 5
arr 5
arr 5
arr 5
arr 5
arr 5
arr 5
arr 5
arr 5
arr 5
arr 5
arr 5
arr 5
arr 5
arr 5
arr 5
arr 5
arr 5
arr 5
arr 5
arr 5
arr 5
arr 5
Epoch:128, training loss:0.14045166472593942
arr 5
arr 5
arr 5
arr 5
arr 5
arr 5
arr 5
arr 5
arr 5
arr 5
arr 5
arr 5
arr 5
arr 5
arr 5
arr 5
arr 5
arr 5
arr 5
arr 5
arr 5
arr 5
arr 5
arr 5
arr 5
arr 5
arr 5
Epoch:129, training loss:0.1397798111041387
arr 5
arr 5
arr 5
arr 5
arr 5
arr 5
arr 5
arr 5
arr 5
arr 5
arr 5
arr 5
arr 5
arr 5
arr 5
arr 5
arr 5
arr 5
arr 5
arr 5
arr 5
arr 5
arr 5
arr 5
arr 5
arr 5
arr 5
Epoch:130, training loss:0.1389829417069753
----------------------------
Start validation ...
arr 5
arr 5
arr 5
arr 5
arr 5
arr 5
arr 5
arr 5
arr 5
Validation error:0.1389829417069753
Save model checkpoints ... 
Finish validation.
----------------------------
arr 5
arr 5
arr 5
arr 5
arr 5
arr 5
arr 5
arr 5
arr 5
arr 5
arr 5
arr 5
arr 5
arr 5
arr 5
arr 5
arr 5
arr 5
arr 5
arr 5
arr 5
arr 5
arr 5
arr 5
arr 5
arr 5
arr 5
Epoch:131, training loss:0.1382912298043569
arr 5
arr 5
arr 5
arr 5
arr 5
arr 5
arr 5
arr 5
arr 5
arr 5
arr 5
arr 5
arr 5
arr 5
arr 5
arr 5
arr 5
arr 5
arr 5
arr 5
arr 5
arr 5
arr 5
arr 5
arr 5
arr 5
arr 5
Epoch:132, training loss:0.1375753382841746
arr 5
arr 5
arr 5
arr 5
arr 5
arr 5
arr 5
arr 5
arr 5
arr 5
arr 5
arr 5
arr 5
arr 5
arr 5
arr 5
arr 5
arr 5
arr 5
arr 5
arr 5
arr 5
arr 5
arr 5
arr 5
arr 5
arr 5
Epoch:133, training loss:0.13682516912619272
arr 5
arr 5
arr 5
arr 5
arr 5
arr 5
arr 5
arr 5
arr 5
arr 5
arr 5
arr 5
arr 5
arr 5
arr 5
arr 5
arr 5
arr 5
arr 5
arr 5
arr 5
arr 5
arr 5
arr 5
arr 5
arr 5
arr 5
Epoch:134, training loss:0.13611109058062235
arr 5
arr 5
arr 5
arr 5
arr 5
arr 5
arr 5
arr 5
arr 5
arr 5
arr 5
arr 5
arr 5
arr 5
arr 5
arr 5
arr 5
arr 5
arr 5
arr 5
arr 5
arr 5
arr 5
arr 5
arr 5
arr 5
arr 5
Epoch:135, training loss:0.13549201438824335
arr 5
arr 5
arr 5
arr 5
arr 5
arr 5
arr 5
arr 5
arr 5
arr 5
arr 5
arr 5
arr 5
arr 5
arr 5
arr 5
arr 5
arr 5
arr 5
arr 5
arr 5
arr 5
arr 5
arr 5
arr 5
arr 5
arr 5
Epoch:136, training loss:0.13482618580261865
arr 5
arr 5
arr 5
arr 5
arr 5
arr 5
arr 5
arr 5
arr 5
arr 5
arr 5
arr 5
arr 5
arr 5
arr 5
arr 5
arr 5
arr 5
arr 5
arr 5
arr 5
arr 5
arr 5
arr 5
arr 5
arr 5
arr 5
Epoch:137, training loss:0.1342406819264094
arr 5
arr 5
arr 5
arr 5
arr 5
arr 5
arr 5
arr 5
arr 5
arr 5
arr 5
arr 5
arr 5
arr 5
arr 5
arr 5
arr 5
arr 5
arr 5
arr 5
arr 5
arr 5
arr 5
arr 5
arr 5
arr 5
arr 5
Epoch:138, training loss:0.13367897272109985
arr 5
arr 5
arr 5
arr 5
arr 5
arr 5
arr 5
arr 5
arr 5
arr 5
arr 5
arr 5
arr 5
arr 5
arr 5
arr 5
arr 5
arr 5
arr 5
arr 5
arr 5
arr 5
arr 5
arr 5
arr 5
arr 5
arr 5
Epoch:139, training loss:0.13312151283025742
arr 5
arr 5
arr 5
arr 5
arr 5
arr 5
arr 5
arr 5
arr 5
arr 5
arr 5
arr 5
arr 5
arr 5
arr 5
arr 5
arr 5
arr 5
arr 5
arr 5
arr 5
arr 5
arr 5
arr 5
arr 5
arr 5
arr 5
Epoch:140, training loss:0.13258658846219382
----------------------------
Start validation ...
arr 5
arr 5
arr 5
arr 5
arr 5
arr 5
arr 5
arr 5
arr 5
Validation error:0.13258658846219382
Save model checkpoints ... 
Finish validation.
----------------------------
arr 5
arr 5
arr 5
arr 5
arr 5
arr 5
arr 5
arr 5
arr 5
arr 5
arr 5
arr 5
arr 5
arr 5
arr 5
arr 5
arr 5
arr 5
arr 5
arr 5
arr 5
arr 5
arr 5
arr 5
arr 5
arr 5
arr 5
Epoch:141, training loss:0.13201155265172324
arr 5
arr 5
arr 5
arr 5
arr 5
arr 5
arr 5
arr 5
arr 5
arr 5
arr 5
arr 5
arr 5
arr 5
arr 5
arr 5
arr 5
arr 5
arr 5
arr 5
arr 5
arr 5
arr 5
arr 5
arr 5
arr 5
arr 5
Epoch:142, training loss:0.1314587170879046
arr 5
arr 5
arr 5
arr 5
arr 5
arr 5
arr 5
arr 5
arr 5
arr 5
arr 5
arr 5
arr 5
arr 5
arr 5
arr 5
arr 5
arr 5
arr 5
arr 5
arr 5
arr 5
arr 5
arr 5
arr 5
arr 5
arr 5
Epoch:143, training loss:0.13092448562383652
arr 5
arr 5
arr 5
arr 5
arr 5
arr 5
arr 5
arr 5
arr 5
arr 5
arr 5
arr 5
arr 5
arr 5
arr 5
arr 5
arr 5
arr 5
arr 5
arr 5
arr 5
arr 5
arr 5
arr 5
arr 5
arr 5
arr 5
Epoch:144, training loss:0.13039366652568182
arr 5
arr 5
arr 5
arr 5
arr 5
arr 5
arr 5
arr 5
arr 5
arr 5
arr 5
arr 5
arr 5
arr 5
arr 5
arr 5
arr 5
arr 5
arr 5
arr 5
arr 5
arr 5
arr 5
arr 5
arr 5
arr 5
arr 5
Epoch:145, training loss:0.12987649937470755
arr 5
arr 5
arr 5
arr 5
arr 5
arr 5
arr 5
arr 5
arr 5
arr 5
arr 5
arr 5
arr 5
arr 5
arr 5
arr 5
arr 5
arr 5
arr 5
arr 5
arr 5
arr 5
arr 5
arr 5
arr 5
arr 5
arr 5
Epoch:146, training loss:0.12925371527671814
arr 5
arr 5
arr 5
arr 5
arr 5
arr 5
arr 5
arr 5
arr 5
arr 5
arr 5
arr 5
arr 5
arr 5
arr 5
arr 5
arr 5
arr 5
arr 5
arr 5
arr 5
arr 5
arr 5
arr 5
arr 5
arr 5
arr 5
Epoch:147, training loss:0.12869094808896384
arr 5
arr 5
arr 5
arr 5
arr 5
arr 5
arr 5
arr 5
arr 5
arr 5
arr 5
arr 5
arr 5
arr 5
arr 5
arr 5
arr 5
arr 5
arr 5
arr 5
arr 5
arr 5
arr 5
arr 5
arr 5
arr 5
arr 5
Epoch:148, training loss:0.12806813418865204
arr 5
arr 5
arr 5
arr 5
arr 5
arr 5
arr 5
arr 5
arr 5
arr 5
arr 5
arr 5
arr 5
arr 5
arr 5
arr 5
arr 5
arr 5
arr 5
arr 5
arr 5
arr 5
arr 5
arr 5
arr 5
arr 5
arr 5
Epoch:149, training loss:0.12750052412350973
arr 5
arr 5
arr 5
arr 5
arr 5
arr 5
arr 5
arr 5
arr 5
arr 5
arr 5
arr 5
arr 5
arr 5
arr 5
arr 5
arr 5
arr 5
arr 5
arr 5
arr 5
arr 5
arr 5
arr 5
arr 5
arr 5
arr 5
Epoch:150, training loss:0.1269314189751943
----------------------------
Start validation ...
arr 5
arr 5
arr 5
arr 5
arr 5
arr 5
arr 5
arr 5
arr 5
Validation error:0.1269314189751943
Save model checkpoints ... 
Finish validation.
----------------------------
arr 5
arr 5
arr 5
arr 5
arr 5
arr 5
arr 5
arr 5
arr 5
arr 5
arr 5
arr 5
arr 5
arr 5
arr 5
arr 5
arr 5
arr 5
arr 5
arr 5
arr 5
arr 5
arr 5
arr 5
arr 5
arr 5
arr 5
Epoch:151, training loss:0.12645835181077322
arr 5
arr 5
arr 5
arr 5
arr 5
arr 5
arr 5
arr 5
arr 5
arr 5
arr 5
arr 5
arr 5
arr 5
arr 5
arr 5
arr 5
arr 5
arr 5
arr 5
arr 5
arr 5
arr 5
arr 5
arr 5
arr 5
arr 5
Epoch:152, training loss:0.12592555830876032
arr 5
arr 5
arr 5
arr 5
arr 5
arr 5
arr 5
arr 5
arr 5
arr 5
arr 5
arr 5
arr 5
arr 5
arr 5
arr 5
arr 5
arr 5
arr 5
arr 5
arr 5
arr 5
arr 5
arr 5
arr 5
arr 5
arr 5
Epoch:153, training loss:0.12543611725171408
arr 5
arr 5
arr 5
arr 5
arr 5
arr 5
arr 5
arr 5
arr 5
arr 5
arr 5
arr 5
arr 5
arr 5
arr 5
arr 5
arr 5
arr 5
arr 5
arr 5
arr 5
arr 5
arr 5
arr 5
arr 5
arr 5
arr 5
Epoch:154, training loss:0.12496358156204224
arr 5
arr 5
arr 5
arr 5
arr 5
arr 5
arr 5
arr 5
arr 5
arr 5
arr 5
arr 5
arr 5
arr 5
arr 5
arr 5
arr 5
arr 5
arr 5
arr 5
arr 5
arr 5
arr 5
arr 5
arr 5
arr 5
arr 5
Epoch:155, training loss:0.12446400771538417
arr 5
arr 5
arr 5
arr 5
arr 5
arr 5
arr 5
arr 5
arr 5
arr 5
arr 5
arr 5
arr 5
arr 5
arr 5
arr 5
arr 5
arr 5
arr 5
arr 5
arr 5
arr 5
arr 5
arr 5
arr 5
arr 5
arr 5
Epoch:156, training loss:0.12395745764176051
arr 5
arr 5
arr 5
arr 5
arr 5
arr 5
arr 5
arr 5
arr 5
arr 5
arr 5
arr 5
arr 5
arr 5
arr 5
arr 5
arr 5
arr 5
arr 5
arr 5
arr 5
arr 5
arr 5
arr 5
arr 5
arr 5
arr 5
Epoch:157, training loss:0.12355034053325653
arr 5
arr 5
arr 5
arr 5
arr 5
arr 5
arr 5
arr 5
arr 5
arr 5
arr 5
arr 5
arr 5
arr 5
arr 5
arr 5
arr 5
arr 5
arr 5
arr 5
arr 5
arr 5
arr 5
arr 5
arr 5
arr 5
arr 5
Epoch:158, training loss:0.12309198826551437
arr 5
arr 5
arr 5
arr 5
arr 5
arr 5
arr 5
arr 5
arr 5
arr 5
arr 5
arr 5
arr 5
arr 5
arr 5
arr 5
arr 5
arr 5
arr 5
arr 5
arr 5
arr 5
arr 5
arr 5
arr 5
arr 5
arr 5
Epoch:159, training loss:0.12255041549603145
arr 5
arr 5
arr 5
arr 5
arr 5
arr 5
arr 5
arr 5
arr 5
arr 5
arr 5
arr 5
arr 5
arr 5
arr 5
arr 5
arr 5
arr 5
arr 5
arr 5
arr 5
arr 5
arr 5
arr 5
arr 5
arr 5
arr 5
Epoch:160, training loss:0.12212018420298894
----------------------------
Start validation ...
arr 5
arr 5
arr 5
arr 5
arr 5
arr 5
arr 5
arr 5
arr 5
Validation error:0.12212018420298894
Save model checkpoints ... 
Finish validation.
----------------------------
arr 5
arr 5
arr 5
arr 5
arr 5
arr 5
arr 5
arr 5
arr 5
arr 5
arr 5
arr 5
arr 5
arr 5
arr 5
arr 5
arr 5
arr 5
arr 5
arr 5
arr 5
arr 5
arr 5
arr 5
arr 5
arr 5
arr 5
Epoch:161, training loss:0.1217387467622757
arr 5
arr 5
arr 5
arr 5
arr 5
arr 5
arr 5
arr 5
arr 5
arr 5
arr 5
arr 5
arr 5
arr 5
arr 5
arr 5
arr 5
arr 5
arr 5
arr 5
arr 5
arr 5
arr 5
arr 5
arr 5
arr 5
arr 5
Epoch:162, training loss:0.12120644748210907
arr 5
arr 5
arr 5
arr 5
arr 5
arr 5
arr 5
arr 5
arr 5
arr 5
arr 5
arr 5
arr 5
arr 5
arr 5
arr 5
arr 5
arr 5
arr 5
arr 5
arr 5
arr 5
arr 5
arr 5
arr 5
arr 5
arr 5
Epoch:163, training loss:0.12075869242350261
arr 5
arr 5
arr 5
arr 5
arr 5
arr 5
arr 5
arr 5
arr 5
arr 5
arr 5
arr 5
arr 5
arr 5
arr 5
arr 5
arr 5
arr 5
arr 5
arr 5
arr 5
arr 5
arr 5
arr 5
arr 5
arr 5
arr 5
Epoch:164, training loss:0.12030161172151566
arr 5
arr 5
arr 5
arr 5
arr 5
arr 5
arr 5
arr 5
arr 5
arr 5
arr 5
arr 5
arr 5
arr 5
arr 5
arr 5
arr 5
arr 5
arr 5
arr 5
arr 5
arr 5
arr 5
arr 5
arr 5
arr 5
arr 5
Epoch:165, training loss:0.11983062823613484
arr 5
arr 5
arr 5
arr 5
arr 5
arr 5
arr 5
arr 5
arr 5
arr 5
arr 5
arr 5
arr 5
arr 5
arr 5
arr 5
arr 5
arr 5
arr 5
arr 5
arr 5
arr 5
arr 5
arr 5
arr 5
arr 5
arr 5
Epoch:166, training loss:0.11939538270235062
arr 5
arr 5
arr 5
arr 5
arr 5
arr 5
arr 5
arr 5
arr 5
arr 5
arr 5
arr 5
arr 5
arr 5
arr 5
arr 5
arr 5
arr 5
arr 5
arr 5
arr 5
arr 5
arr 5
arr 5
arr 5
arr 5
arr 5
Epoch:167, training loss:0.11898172895113628
arr 5
arr 5
arr 5
arr 5
arr 5
arr 5
arr 5
arr 5
arr 5
arr 5
arr 5
arr 5
arr 5
arr 5
arr 5
arr 5
arr 5
arr 5
arr 5
arr 5
arr 5
arr 5
arr 5
arr 5
arr 5
arr 5
arr 5
Epoch:168, training loss:0.11860400438308716
arr 5
arr 5
arr 5
arr 5
arr 5
arr 5
arr 5
arr 5
arr 5
arr 5
arr 5
arr 5
arr 5
arr 5
arr 5
arr 5
arr 5
arr 5
arr 5
arr 5
arr 5
arr 5
arr 5
arr 5
arr 5
arr 5
arr 5
Epoch:169, training loss:0.11812238891919453
arr 5
arr 5
arr 5
arr 5
arr 5
arr 5
arr 5
arr 5
arr 5
arr 5
arr 5
arr 5
arr 5
arr 5
arr 5
arr 5
arr 5
arr 5
arr 5
arr 5
arr 5
arr 5
arr 5
arr 5
arr 5
arr 5
arr 5
Epoch:170, training loss:0.11769312123457591
----------------------------
Start validation ...
arr 5
arr 5
arr 5
arr 5
arr 5
arr 5
arr 5
arr 5
arr 5
Validation error:0.11769312123457591
Save model checkpoints ... 
Finish validation.
----------------------------
arr 5
arr 5
arr 5
arr 5
arr 5
arr 5
arr 5
arr 5
arr 5
arr 5
arr 5
arr 5
arr 5
arr 5
arr 5
arr 5
arr 5
arr 5
arr 5
arr 5
arr 5
arr 5
arr 5
arr 5
arr 5
arr 5
arr 5
Epoch:171, training loss:0.11731490741173427
arr 5
arr 5
arr 5
arr 5
arr 5
arr 5
arr 5
arr 5
arr 5
arr 5
arr 5
arr 5
arr 5
arr 5
arr 5
arr 5
arr 5
arr 5
arr 5
arr 5
arr 5
arr 5
arr 5
arr 5
arr 5
arr 5
arr 5
Epoch:172, training loss:0.1169411689043045
arr 5
arr 5
arr 5
arr 5
arr 5
arr 5
arr 5
arr 5
arr 5
arr 5
arr 5
arr 5
arr 5
arr 5
arr 5
arr 5
arr 5
arr 5
arr 5
arr 5
arr 5
arr 5
arr 5
arr 5
arr 5
arr 5
arr 5
Epoch:173, training loss:0.11645544568697612
arr 5
arr 5
arr 5
arr 5
arr 5
arr 5
arr 5
arr 5
arr 5
arr 5
arr 5
arr 5
arr 5
arr 5
arr 5
arr 5
arr 5
arr 5
arr 5
arr 5
arr 5
arr 5
arr 5
arr 5
arr 5
arr 5
arr 5
Epoch:174, training loss:0.1160734196503957
arr 5
arr 5
arr 5
arr 5
arr 5
arr 5
arr 5
arr 5
arr 5
arr 5
arr 5
arr 5
arr 5
arr 5
arr 5
arr 5
arr 5
arr 5
arr 5
arr 5
arr 5
arr 5
arr 5
arr 5
arr 5
arr 5
arr 5
Epoch:175, training loss:0.11568880826234818
arr 5
arr 5
arr 5
arr 5
arr 5
arr 5
arr 5
arr 5
arr 5
arr 5
arr 5
arr 5
arr 5
arr 5
arr 5
arr 5
arr 5
arr 5
arr 5
arr 5
arr 5
arr 5
arr 5
arr 5
arr 5
arr 5
arr 5
Epoch:176, training loss:0.1153360903263092
arr 5
arr 5
arr 5
arr 5
arr 5
arr 5
arr 5
arr 5
arr 5
arr 5
arr 5
arr 5
arr 5
arr 5
arr 5
arr 5
arr 5
arr 5
arr 5
arr 5
arr 5
arr 5
arr 5
arr 5
arr 5
arr 5
arr 5
Epoch:177, training loss:0.1149538184205691
arr 5
arr 5
arr 5
arr 5
arr 5
arr 5
arr 5
arr 5
arr 5
arr 5
arr 5
arr 5
arr 5
arr 5
arr 5
arr 5
arr 5
arr 5
arr 5
arr 5
arr 5
arr 5
arr 5
arr 5
arr 5
arr 5
arr 5
Epoch:178, training loss:0.11443152278661728
arr 5
arr 5
arr 5
arr 5
arr 5
arr 5
arr 5
arr 5
arr 5
arr 5
arr 5
arr 5
arr 5
arr 5
arr 5
arr 5
arr 5
arr 5
arr 5
arr 5
arr 5
arr 5
arr 5
arr 5
arr 5
arr 5
arr 5
Epoch:179, training loss:0.11407547444105148
arr 5
arr 5
arr 5
arr 5
arr 5
arr 5
arr 5
arr 5
arr 5
arr 5
arr 5
arr 5
arr 5
arr 5
arr 5
arr 5
arr 5
arr 5
arr 5
arr 5
arr 5
arr 5
arr 5
arr 5
arr 5
arr 5
arr 5
Epoch:180, training loss:0.1137247085571289
----------------------------
Start validation ...
arr 5
arr 5
arr 5
arr 5
arr 5
arr 5
arr 5
arr 5
arr 5
Validation error:0.1137247085571289
Save model checkpoints ... 
Finish validation.
----------------------------
arr 5
arr 5
arr 5
arr 5
arr 5
arr 5
arr 5
arr 5
arr 5
arr 5
arr 5
arr 5
arr 5
arr 5
arr 5
arr 5
arr 5
arr 5
arr 5
arr 5
arr 5
arr 5
arr 5
arr 5
arr 5
arr 5
arr 5
Epoch:181, training loss:0.11330330620209376
arr 5
arr 5
arr 5
arr 5
arr 5
arr 5
arr 5
arr 5
arr 5
arr 5
arr 5
arr 5
arr 5
arr 5
arr 5
arr 5
arr 5
arr 5
arr 5
arr 5
arr 5
arr 5
arr 5
arr 5
arr 5
arr 5
arr 5
Epoch:182, training loss:0.11286236345767975
arr 5
arr 5
arr 5
arr 5
arr 5
arr 5
arr 5
arr 5
arr 5
arr 5
arr 5
arr 5
arr 5
arr 5
arr 5
arr 5
arr 5
arr 5
arr 5
arr 5
arr 5
arr 5
arr 5
arr 5
arr 5
arr 5
arr 5
Epoch:183, training loss:0.11245230585336685
arr 5
arr 5
arr 5
arr 5
arr 5
arr 5
arr 5
arr 5
arr 5
arr 5
arr 5
arr 5
arr 5
arr 5
arr 5
arr 5
arr 5
arr 5
arr 5
arr 5
arr 5
arr 5
arr 5
arr 5
arr 5
arr 5
arr 5
Epoch:184, training loss:0.11216108252604802
arr 5
arr 5
arr 5
arr 5
arr 5
arr 5
arr 5
arr 5
arr 5
arr 5
arr 5
arr 5
arr 5
arr 5
arr 5
arr 5
arr 5
arr 5
arr 5
arr 5
arr 5
arr 5
arr 5
arr 5
arr 5
arr 5
arr 5
Epoch:185, training loss:0.11165521293878555
arr 5
arr 5
arr 5
arr 5
arr 5
arr 5
arr 5
arr 5
arr 5
arr 5
arr 5
arr 5
arr 5
arr 5
arr 5
arr 5
arr 5
arr 5
arr 5
arr 5
arr 5
arr 5
arr 5
arr 5
arr 5
arr 5
arr 5
Epoch:186, training loss:0.11122455447912216
arr 5
arr 5
arr 5
arr 5
arr 5
arr 5
arr 5
arr 5
arr 5
arr 5
arr 5
arr 5
arr 5
arr 5
arr 5
arr 5
arr 5
arr 5
arr 5
arr 5
arr 5
arr 5
arr 5
arr 5
arr 5
arr 5
arr 5
Epoch:187, training loss:0.11088532706101735
arr 5
arr 5
arr 5
arr 5
arr 5
arr 5
arr 5
arr 5
arr 5
arr 5
arr 5
arr 5
arr 5
arr 5
arr 5
arr 5
arr 5
arr 5
arr 5
arr 5
arr 5
arr 5
arr 5
arr 5
arr 5
arr 5
arr 5
Epoch:188, training loss:0.1105041354894638
arr 5
arr 5
arr 5
arr 5
arr 5
arr 5
arr 5
arr 5
arr 5
arr 5
arr 5
arr 5
arr 5
arr 5
arr 5
arr 5
arr 5
arr 5
arr 5
arr 5
arr 5
arr 5
arr 5
arr 5
arr 5
arr 5
arr 5
Epoch:189, training loss:0.11012374361356099
arr 5
arr 5
arr 5
arr 5
arr 5
arr 5
arr 5
arr 5
arr 5
arr 5
arr 5
arr 5
arr 5
arr 5
arr 5
arr 5
arr 5
arr 5
arr 5
arr 5
arr 5
arr 5
arr 5
arr 5
arr 5
arr 5
arr 5
Epoch:190, training loss:0.10976738234361012
----------------------------
Start validation ...
arr 5
arr 5
arr 5
arr 5
arr 5
arr 5
arr 5
arr 5
arr 5
Validation error:0.10976738234361012
Save model checkpoints ... 
Finish validation.
----------------------------
arr 5
arr 5
arr 5
arr 5
arr 5
arr 5
arr 5
arr 5
arr 5
arr 5
arr 5
arr 5
arr 5
arr 5
arr 5
arr 5
arr 5
arr 5
arr 5
arr 5
arr 5
arr 5
arr 5
arr 5
arr 5
arr 5
arr 5
Epoch:191, training loss:0.10927075147628784
arr 5
arr 5
arr 5
arr 5
arr 5
arr 5
arr 5
arr 5
arr 5
arr 5
arr 5
arr 5
arr 5
arr 5
arr 5
arr 5
arr 5
arr 5
arr 5
arr 5
arr 5
arr 5
arr 5
arr 5
arr 5
arr 5
arr 5
Epoch:192, training loss:0.10881604502598445
arr 5
arr 5
arr 5
arr 5
arr 5
arr 5
arr 5
arr 5
arr 5
arr 5
arr 5
arr 5
arr 5
arr 5
arr 5
arr 5
arr 5
arr 5
arr 5
arr 5
arr 5
arr 5
arr 5
arr 5
arr 5
arr 5
arr 5
Epoch:193, training loss:0.10828544696172078
arr 5
arr 5
arr 5
arr 5
arr 5
arr 5
arr 5
arr 5
arr 5
arr 5
arr 5
arr 5
arr 5
arr 5
arr 5
arr 5
arr 5
arr 5
arr 5
arr 5
arr 5
arr 5
arr 5
arr 5
arr 5
arr 5
arr 5
Epoch:194, training loss:0.10756693283716838
arr 5
arr 5
arr 5
arr 5
arr 5
arr 5
arr 5
arr 5
arr 5
arr 5
arr 5
arr 5
arr 5
arr 5
arr 5
arr 5
arr 5
arr 5
arr 5
arr 5
arr 5
arr 5
arr 5
arr 5
arr 5
arr 5
arr 5
Epoch:195, training loss:0.10710231959819794
arr 5
arr 5
arr 5
arr 5
arr 5
arr 5
arr 5
arr 5
arr 5
arr 5
arr 5
arr 5
arr 5
arr 5
arr 5
arr 5
arr 5
arr 5
arr 5
arr 5
arr 5
arr 5
arr 5
arr 5
arr 5
arr 5
arr 5
Epoch:196, training loss:0.10674267013867696
arr 5
arr 5
arr 5
arr 5
arr 5
arr 5
arr 5
arr 5
arr 5
arr 5
arr 5
arr 5
arr 5
arr 5
arr 5
arr 5
arr 5
arr 5
arr 5
arr 5
arr 5
arr 5
arr 5
arr 5
arr 5
arr 5
arr 5
Epoch:197, training loss:0.1064065545797348
arr 5
arr 5
arr 5
arr 5
arr 5
arr 5
arr 5
arr 5
arr 5
arr 5
arr 5
arr 5
arr 5
arr 5
arr 5
arr 5
arr 5
arr 5
arr 5
arr 5
arr 5
arr 5
arr 5
arr 5
arr 5
arr 5
arr 5
Epoch:198, training loss:0.10615480691194534
arr 5
arr 5
arr 5
arr 5
arr 5
arr 5
arr 5
arr 5
arr 5
arr 5
arr 5
arr 5
arr 5
arr 5
arr 5
arr 5
arr 5
arr 5
arr 5
arr 5
arr 5
arr 5
arr 5
arr 5
arr 5
arr 5
arr 5
Epoch:199, training loss:0.10584421704212825
arr 5
arr 5
arr 5
arr 5
arr 5
arr 5
arr 5
arr 5
arr 5
arr 5
arr 5
arr 5
arr 5
arr 5
arr 5
arr 5
arr 5
arr 5
arr 5
arr 5
arr 5
arr 5
arr 5
arr 5
arr 5
arr 5
arr 5
Epoch:200, training loss:0.1054806187748909
----------------------------
Start validation ...
arr 5
arr 5
arr 5
arr 5
arr 5
arr 5
arr 5
arr 5
arr 5
Validation error:0.1054806187748909
Save model checkpoints ... 
Finish validation.
----------------------------
Finish training.
----------------------------
D
CC
