aa
bb
A
B
C
----------------------------
Start loading dataset ...
numbers 100206
numbers 100307
numbers 100408
numbers 100610
Finish loading dataset. There are total 4 subjects.
----------------------------
Start loading model ...
Finish loading model
----------------------------
Start training 200 epochs ...
Epoch:0, training loss:0.29131828248500824
----------------------------
Start validation ...
Validation error:0.29131828248500824
Save model checkpoints ... 
Finish validation.
----------------------------
Epoch:1, training loss:0.1645517647266388
Epoch:2, training loss:0.12426288177569707
Epoch:3, training loss:0.10201763858397801
Epoch:4, training loss:0.09908815970023473
Epoch:5, training loss:0.09944843252499898
Epoch:6, training loss:0.0930273433526357
Epoch:7, training loss:0.0928216924269994
Epoch:8, training loss:0.08893807729085286
Epoch:9, training loss:0.08732648193836212
Epoch:10, training loss:0.08653929084539413
----------------------------
Start validation ...
Validation error:0.08653929084539413
Save model checkpoints ... 
Finish validation.
----------------------------
Epoch:11, training loss:0.08551063388586044
Epoch:12, training loss:0.08529823521773021
Epoch:13, training loss:0.08451903859774272
Epoch:14, training loss:0.08380036801099777
Epoch:15, training loss:0.08314189066489537
Epoch:16, training loss:0.08271831274032593
Epoch:17, training loss:0.08231578022241592
Epoch:18, training loss:0.0818834478656451
Epoch:19, training loss:0.08168936024109523
Epoch:20, training loss:0.08129046360651652
----------------------------
Start validation ...
Validation error:0.08129046360651652
Save model checkpoints ... 
Finish validation.
----------------------------
Epoch:21, training loss:0.08102361857891083
Epoch:22, training loss:0.08074757208426793
Epoch:23, training loss:0.08045224845409393
Epoch:24, training loss:0.0802941545844078
Epoch:25, training loss:0.07997287064790726
Epoch:26, training loss:0.07973768065373103
Epoch:27, training loss:0.0794370969136556
Epoch:28, training loss:0.07929846147696178
Epoch:29, training loss:0.07899415741364162
Epoch:30, training loss:0.07880544662475586
----------------------------
Start validation ...
Validation error:0.07880544662475586
Save model checkpoints ... 
Finish validation.
----------------------------
Epoch:31, training loss:0.07860333224137624
Epoch:32, training loss:0.07842504729827245
Epoch:33, training loss:0.07822309931119283
Epoch:34, training loss:0.07806594173113506
Epoch:35, training loss:0.07786609729131062
Epoch:36, training loss:0.0776938150326411
Epoch:37, training loss:0.07750289142131805
Epoch:38, training loss:0.07725041856368382
Epoch:39, training loss:0.07716559122006099
Epoch:40, training loss:0.07689577341079712
----------------------------
Start validation ...
Validation error:0.07689577341079712
Save model checkpoints ... 
Finish validation.
----------------------------
Epoch:41, training loss:0.07676532864570618
Epoch:42, training loss:0.07649532208840053
Epoch:43, training loss:0.07622729490200679
Epoch:44, training loss:0.07605573038260142
Epoch:45, training loss:0.07595045367876689
Epoch:46, training loss:0.07553477088610332
Epoch:47, training loss:0.07540835440158844
Epoch:48, training loss:0.07512255509694417
Epoch:49, training loss:0.07493049651384354
Epoch:50, training loss:0.07478230694929759
----------------------------
Start validation ...
Validation error:0.07478230694929759
Save model checkpoints ... 
Finish validation.
----------------------------
Epoch:51, training loss:0.07461112986008327
Epoch:52, training loss:0.07451680302619934
Epoch:53, training loss:0.07432499031225841
Epoch:54, training loss:0.07406091938416164
Epoch:55, training loss:0.0738555242617925
Epoch:56, training loss:0.07372935861349106
Epoch:57, training loss:0.07361940791209538
Epoch:58, training loss:0.07342098404963811
Epoch:59, training loss:0.07323917249838512
Epoch:60, training loss:0.07311683396498363
----------------------------
Start validation ...
Validation error:0.07311683396498363
Save model checkpoints ... 
Finish validation.
----------------------------
Epoch:61, training loss:0.07286735127369563
Epoch:62, training loss:0.07271039982636769
Epoch:63, training loss:0.0725962221622467
Epoch:64, training loss:0.07255502045154572
Epoch:65, training loss:0.07240938643614452
Epoch:66, training loss:0.07232246547937393
Epoch:67, training loss:0.07201666881640752
Epoch:68, training loss:0.0719908873240153
Epoch:69, training loss:0.07181039949258168
Epoch:70, training loss:0.0717838704586029
----------------------------
Start validation ...
Validation error:0.0717838704586029
Save model checkpoints ... 
Finish validation.
----------------------------
Epoch:71, training loss:0.07138060281674068
Epoch:72, training loss:0.07133874048789342
Epoch:73, training loss:0.07108573118845622
Epoch:74, training loss:0.0709760511914889
Epoch:75, training loss:0.07074785729249318
Epoch:76, training loss:0.07067821671565373
Epoch:77, training loss:0.07061456392208736
Epoch:78, training loss:0.0704056943456332
Epoch:79, training loss:0.07043344775835673
