aa
bb
A
B
C
----------------------------
Start loading dataset ...
numbers 100206
numbers 100307
numbers 100408
numbers 100610
Finish loading dataset. There are total 4 subjects.
----------------------------
Start loading model ...
Finish loading model
----------------------------
Start training 200 epochs ...
i 0
vin tr torch.Size([1, 166737, 3])
fin tr torch.Size([1, 333470, 3])
i 0
vin tr torch.Size([1, 146978, 3])
fin tr torch.Size([1, 293952, 3])
i 0
vin tr torch.Size([1, 130879, 3])
fin tr torch.Size([1, 261754, 3])
Epoch:0, training loss:0.26873883108297986
----------------------------
Start validation ...
Validation error:0.18920432194136083
Save model checkpoints ... 
Maximum allocated GPU memory: 4.70 GiB
Finish validation.
----------------------------
i 0
vin tr torch.Size([1, 130879, 3])
fin tr torch.Size([1, 261754, 3])
i 0
vin tr torch.Size([1, 146978, 3])
fin tr torch.Size([1, 293952, 3])
i 0
vin tr torch.Size([1, 166737, 3])
fin tr torch.Size([1, 333470, 3])
Epoch:1, training loss:0.17698579033215842
i 0
vin tr torch.Size([1, 130879, 3])
fin tr torch.Size([1, 261754, 3])
i 0
vin tr torch.Size([1, 146978, 3])
fin tr torch.Size([1, 293952, 3])
i 0
vin tr torch.Size([1, 166737, 3])
fin tr torch.Size([1, 333470, 3])
Epoch:2, training loss:0.12183839827775955
i 0
vin tr torch.Size([1, 166737, 3])
fin tr torch.Size([1, 333470, 3])
i 0
vin tr torch.Size([1, 146978, 3])
fin tr torch.Size([1, 293952, 3])
i 0
vin tr torch.Size([1, 130879, 3])
fin tr torch.Size([1, 261754, 3])
Epoch:3, training loss:0.09437899788220723
i 0
vin tr torch.Size([1, 130879, 3])
fin tr torch.Size([1, 261754, 3])
i 0
vin tr torch.Size([1, 146978, 3])
fin tr torch.Size([1, 293952, 3])
i 0
vin tr torch.Size([1, 166737, 3])
fin tr torch.Size([1, 333470, 3])
Epoch:4, training loss:0.08802697559197743
i 0
vin tr torch.Size([1, 146978, 3])
fin tr torch.Size([1, 293952, 3])
i 0
vin tr torch.Size([1, 166737, 3])
fin tr torch.Size([1, 333470, 3])
i 0
vin tr torch.Size([1, 130879, 3])
fin tr torch.Size([1, 261754, 3])
Epoch:5, training loss:0.0873462085922559
i 0
vin tr torch.Size([1, 130879, 3])
fin tr torch.Size([1, 261754, 3])
i 0
vin tr torch.Size([1, 166737, 3])
fin tr torch.Size([1, 333470, 3])
i 0
vin tr torch.Size([1, 146978, 3])
fin tr torch.Size([1, 293952, 3])
Epoch:6, training loss:0.08793374647696812
i 0
vin tr torch.Size([1, 130879, 3])
fin tr torch.Size([1, 261754, 3])
i 0
vin tr torch.Size([1, 146978, 3])
fin tr torch.Size([1, 293952, 3])
i 0
vin tr torch.Size([1, 166737, 3])
fin tr torch.Size([1, 333470, 3])
Epoch:7, training loss:0.0852785309155782
i 0
vin tr torch.Size([1, 166737, 3])
fin tr torch.Size([1, 333470, 3])
i 0
vin tr torch.Size([1, 146978, 3])
fin tr torch.Size([1, 293952, 3])
i 0
vin tr torch.Size([1, 130879, 3])
fin tr torch.Size([1, 261754, 3])
Epoch:8, training loss:0.08187778790791829
i 0
vin tr torch.Size([1, 166737, 3])
fin tr torch.Size([1, 333470, 3])
i 0
vin tr torch.Size([1, 146978, 3])
fin tr torch.Size([1, 293952, 3])
i 0
vin tr torch.Size([1, 130879, 3])
fin tr torch.Size([1, 261754, 3])
Epoch:9, training loss:0.0782369648416837
i 0
vin tr torch.Size([1, 130879, 3])
fin tr torch.Size([1, 261754, 3])
i 0
vin tr torch.Size([1, 166737, 3])
fin tr torch.Size([1, 333470, 3])
i 0
vin tr torch.Size([1, 146978, 3])
fin tr torch.Size([1, 293952, 3])
Epoch:10, training loss:0.07642598201831181
----------------------------
Start validation ...
Validation error:0.06832317740190774
Save model checkpoints ... 
Maximum allocated GPU memory: 4.71 GiB
Finish validation.
----------------------------
i 0
vin tr torch.Size([1, 130879, 3])
fin tr torch.Size([1, 261754, 3])
i 0
vin tr torch.Size([1, 146978, 3])
fin tr torch.Size([1, 293952, 3])
i 0
vin tr torch.Size([1, 166737, 3])
fin tr torch.Size([1, 333470, 3])
Epoch:11, training loss:0.0753717968861262
i 0
vin tr torch.Size([1, 166737, 3])
fin tr torch.Size([1, 333470, 3])
i 0
vin tr torch.Size([1, 146978, 3])
fin tr torch.Size([1, 293952, 3])
i 0
vin tr torch.Size([1, 130879, 3])
fin tr torch.Size([1, 261754, 3])
Epoch:12, training loss:0.07523620873689651
i 0
vin tr torch.Size([1, 130879, 3])
fin tr torch.Size([1, 261754, 3])
i 0
vin tr torch.Size([1, 166737, 3])
fin tr torch.Size([1, 333470, 3])
i 0
vin tr torch.Size([1, 146978, 3])
fin tr torch.Size([1, 293952, 3])
Epoch:13, training loss:0.07461607952912648
i 0
vin tr torch.Size([1, 166737, 3])
fin tr torch.Size([1, 333470, 3])
i 0
vin tr torch.Size([1, 130879, 3])
fin tr torch.Size([1, 261754, 3])
i 0
vin tr torch.Size([1, 146978, 3])
fin tr torch.Size([1, 293952, 3])
Epoch:14, training loss:0.07352866977453232
i 0
vin tr torch.Size([1, 130879, 3])
fin tr torch.Size([1, 261754, 3])
i 0
vin tr torch.Size([1, 146978, 3])
fin tr torch.Size([1, 293952, 3])
i 0
vin tr torch.Size([1, 166737, 3])
fin tr torch.Size([1, 333470, 3])
Epoch:15, training loss:0.07269768913586934
i 0
vin tr torch.Size([1, 130879, 3])
fin tr torch.Size([1, 261754, 3])
i 0
vin tr torch.Size([1, 146978, 3])
fin tr torch.Size([1, 293952, 3])
i 0
vin tr torch.Size([1, 166737, 3])
fin tr torch.Size([1, 333470, 3])
Epoch:16, training loss:0.07190629094839096
i 0
vin tr torch.Size([1, 130879, 3])
fin tr torch.Size([1, 261754, 3])
i 0
vin tr torch.Size([1, 166737, 3])
fin tr torch.Size([1, 333470, 3])
i 0
vin tr torch.Size([1, 146978, 3])
fin tr torch.Size([1, 293952, 3])
Epoch:17, training loss:0.07140778501828511
i 0
vin tr torch.Size([1, 130879, 3])
fin tr torch.Size([1, 261754, 3])
i 0
vin tr torch.Size([1, 166737, 3])
fin tr torch.Size([1, 333470, 3])
i 0
vin tr torch.Size([1, 146978, 3])
fin tr torch.Size([1, 293952, 3])
Epoch:18, training loss:0.07111634065707524
i 0
vin tr torch.Size([1, 166737, 3])
fin tr torch.Size([1, 333470, 3])
i 0
vin tr torch.Size([1, 130879, 3])
fin tr torch.Size([1, 261754, 3])
i 0
vin tr torch.Size([1, 146978, 3])
fin tr torch.Size([1, 293952, 3])
Epoch:19, training loss:0.07058670868476231
i 0
vin tr torch.Size([1, 146978, 3])
fin tr torch.Size([1, 293952, 3])
i 0
vin tr torch.Size([1, 130879, 3])
fin tr torch.Size([1, 261754, 3])
i 0
vin tr torch.Size([1, 166737, 3])
fin tr torch.Size([1, 333470, 3])
Epoch:20, training loss:0.0701392392317454
----------------------------
Start validation ...
Validation error:0.0634662646916695
Save model checkpoints ... 
Maximum allocated GPU memory: 4.71 GiB
Finish validation.
----------------------------
i 0
vin tr torch.Size([1, 130879, 3])
fin tr torch.Size([1, 261754, 3])
i 0
vin tr torch.Size([1, 166737, 3])
fin tr torch.Size([1, 333470, 3])
i 0
vin tr torch.Size([1, 146978, 3])
fin tr torch.Size([1, 293952, 3])
Epoch:21, training loss:0.06974355752269427
i 0
vin tr torch.Size([1, 130879, 3])
fin tr torch.Size([1, 261754, 3])
i 0
vin tr torch.Size([1, 166737, 3])
fin tr torch.Size([1, 333470, 3])
i 0
vin tr torch.Size([1, 146978, 3])
fin tr torch.Size([1, 293952, 3])
Epoch:22, training loss:0.06943025936683019
i 0
vin tr torch.Size([1, 130879, 3])
fin tr torch.Size([1, 261754, 3])
i 0
vin tr torch.Size([1, 166737, 3])
fin tr torch.Size([1, 333470, 3])
i 0
vin tr torch.Size([1, 146978, 3])
fin tr torch.Size([1, 293952, 3])
Epoch:23, training loss:0.06915310521920522
i 0
vin tr torch.Size([1, 146978, 3])
fin tr torch.Size([1, 293952, 3])
i 0
vin tr torch.Size([1, 130879, 3])
fin tr torch.Size([1, 261754, 3])
i 0
vin tr torch.Size([1, 166737, 3])
fin tr torch.Size([1, 333470, 3])
Epoch:24, training loss:0.06885948901375134
i 0
vin tr torch.Size([1, 130879, 3])
fin tr torch.Size([1, 261754, 3])
i 0
vin tr torch.Size([1, 146978, 3])
fin tr torch.Size([1, 293952, 3])
i 0
vin tr torch.Size([1, 166737, 3])
fin tr torch.Size([1, 333470, 3])
Epoch:25, training loss:0.06864131490389506
i 0
vin tr torch.Size([1, 146978, 3])
fin tr torch.Size([1, 293952, 3])
i 0
vin tr torch.Size([1, 166737, 3])
fin tr torch.Size([1, 333470, 3])
i 0
vin tr torch.Size([1, 130879, 3])
fin tr torch.Size([1, 261754, 3])
Epoch:26, training loss:0.06852149094144504
i 0
vin tr torch.Size([1, 146978, 3])
fin tr torch.Size([1, 293952, 3])
i 0
vin tr torch.Size([1, 166737, 3])
fin tr torch.Size([1, 333470, 3])
i 0
vin tr torch.Size([1, 130879, 3])
fin tr torch.Size([1, 261754, 3])
Epoch:27, training loss:0.06792331983645757
i 0
vin tr torch.Size([1, 166737, 3])
fin tr torch.Size([1, 333470, 3])
i 0
vin tr torch.Size([1, 146978, 3])
fin tr torch.Size([1, 293952, 3])
i 0
vin tr torch.Size([1, 130879, 3])
fin tr torch.Size([1, 261754, 3])
Epoch:28, training loss:0.06796270857254665
i 0
vin tr torch.Size([1, 146978, 3])
fin tr torch.Size([1, 293952, 3])
i 0
vin tr torch.Size([1, 130879, 3])
fin tr torch.Size([1, 261754, 3])
i 0
vin tr torch.Size([1, 166737, 3])
fin tr torch.Size([1, 333470, 3])
Epoch:29, training loss:0.06756662080685298
i 0
vin tr torch.Size([1, 166737, 3])
fin tr torch.Size([1, 333470, 3])
i 0
vin tr torch.Size([1, 146978, 3])
fin tr torch.Size([1, 293952, 3])
i 0
vin tr torch.Size([1, 130879, 3])
fin tr torch.Size([1, 261754, 3])
Epoch:30, training loss:0.06745622058709462
----------------------------
Start validation ...
Validation error:0.060993021179456264
Save model checkpoints ... 
Maximum allocated GPU memory: 4.71 GiB
Finish validation.
----------------------------
i 0
vin tr torch.Size([1, 146978, 3])
fin tr torch.Size([1, 293952, 3])
i 0
vin tr torch.Size([1, 130879, 3])
fin tr torch.Size([1, 261754, 3])
i 0
vin tr torch.Size([1, 166737, 3])
fin tr torch.Size([1, 333470, 3])
Epoch:31, training loss:0.06713355829318364
i 0
vin tr torch.Size([1, 130879, 3])
fin tr torch.Size([1, 261754, 3])
i 0
vin tr torch.Size([1, 166737, 3])
fin tr torch.Size([1, 333470, 3])
i 0
vin tr torch.Size([1, 146978, 3])
fin tr torch.Size([1, 293952, 3])
Epoch:32, training loss:0.06684360032280286
i 0
vin tr torch.Size([1, 146978, 3])
fin tr torch.Size([1, 293952, 3])
i 0
vin tr torch.Size([1, 166737, 3])
fin tr torch.Size([1, 333470, 3])
i 0
vin tr torch.Size([1, 130879, 3])
fin tr torch.Size([1, 261754, 3])
Epoch:33, training loss:0.06696689625581105
i 0
vin tr torch.Size([1, 130879, 3])
fin tr torch.Size([1, 261754, 3])
i 0
vin tr torch.Size([1, 146978, 3])
fin tr torch.Size([1, 293952, 3])
i 0
vin tr torch.Size([1, 166737, 3])
fin tr torch.Size([1, 333470, 3])
Epoch:34, training loss:0.06731610372662544
i 0
vin tr torch.Size([1, 166737, 3])
fin tr torch.Size([1, 333470, 3])
i 0
vin tr torch.Size([1, 130879, 3])
fin tr torch.Size([1, 261754, 3])
i 0
vin tr torch.Size([1, 146978, 3])
fin tr torch.Size([1, 293952, 3])
Epoch:35, training loss:0.06670903041958809
i 0
vin tr torch.Size([1, 166737, 3])
fin tr torch.Size([1, 333470, 3])
i 0
vin tr torch.Size([1, 130879, 3])
fin tr torch.Size([1, 261754, 3])
i 0
vin tr torch.Size([1, 146978, 3])
fin tr torch.Size([1, 293952, 3])
Epoch:36, training loss:0.06623301034172376
i 0
vin tr torch.Size([1, 130879, 3])
fin tr torch.Size([1, 261754, 3])
i 0
vin tr torch.Size([1, 146978, 3])
fin tr torch.Size([1, 293952, 3])
i 0
vin tr torch.Size([1, 166737, 3])
fin tr torch.Size([1, 333470, 3])
Epoch:37, training loss:0.06625168149669965
i 0
vin tr torch.Size([1, 130879, 3])
fin tr torch.Size([1, 261754, 3])
i 0
vin tr torch.Size([1, 146978, 3])
fin tr torch.Size([1, 293952, 3])
i 0
vin tr torch.Size([1, 166737, 3])
fin tr torch.Size([1, 333470, 3])
Epoch:38, training loss:0.0657789520919323
i 0
vin tr torch.Size([1, 130879, 3])
fin tr torch.Size([1, 261754, 3])
i 0
vin tr torch.Size([1, 146978, 3])
fin tr torch.Size([1, 293952, 3])
i 0
vin tr torch.Size([1, 166737, 3])
fin tr torch.Size([1, 333470, 3])
Epoch:39, training loss:0.06586063901583354
i 0
vin tr torch.Size([1, 166737, 3])
fin tr torch.Size([1, 333470, 3])
i 0
vin tr torch.Size([1, 130879, 3])
fin tr torch.Size([1, 261754, 3])
i 0
vin tr torch.Size([1, 146978, 3])
fin tr torch.Size([1, 293952, 3])
Epoch:40, training loss:0.06539583206176758
----------------------------
Start validation ...
Validation error:0.059215250075794756
Save model checkpoints ... 
Maximum allocated GPU memory: 4.71 GiB
Finish validation.
----------------------------
i 0
vin tr torch.Size([1, 146978, 3])
fin tr torch.Size([1, 293952, 3])
i 0
vin tr torch.Size([1, 130879, 3])
fin tr torch.Size([1, 261754, 3])
i 0
vin tr torch.Size([1, 166737, 3])
fin tr torch.Size([1, 333470, 3])
Epoch:41, training loss:0.06516069794694583
i 0
vin tr torch.Size([1, 146978, 3])
fin tr torch.Size([1, 293952, 3])
i 0
vin tr torch.Size([1, 166737, 3])
fin tr torch.Size([1, 333470, 3])
i 0
vin tr torch.Size([1, 130879, 3])
fin tr torch.Size([1, 261754, 3])
Epoch:42, training loss:0.06503073001901309
i 0
vin tr torch.Size([1, 146978, 3])
fin tr torch.Size([1, 293952, 3])
i 0
vin tr torch.Size([1, 130879, 3])
fin tr torch.Size([1, 261754, 3])
i 0
vin tr torch.Size([1, 166737, 3])
fin tr torch.Size([1, 333470, 3])
Epoch:43, training loss:0.06473622346917789
i 0
vin tr torch.Size([1, 130879, 3])
fin tr torch.Size([1, 261754, 3])
i 0
vin tr torch.Size([1, 146978, 3])
fin tr torch.Size([1, 293952, 3])
i 0
vin tr torch.Size([1, 166737, 3])
fin tr torch.Size([1, 333470, 3])
Epoch:44, training loss:0.06453792254130046
i 0
vin tr torch.Size([1, 130879, 3])
fin tr torch.Size([1, 261754, 3])
i 0
vin tr torch.Size([1, 166737, 3])
fin tr torch.Size([1, 333470, 3])
i 0
vin tr torch.Size([1, 146978, 3])
fin tr torch.Size([1, 293952, 3])
Epoch:45, training loss:0.06439973041415215
i 0
vin tr torch.Size([1, 130879, 3])
fin tr torch.Size([1, 261754, 3])
i 0
vin tr torch.Size([1, 146978, 3])
fin tr torch.Size([1, 293952, 3])
i 0
vin tr torch.Size([1, 166737, 3])
fin tr torch.Size([1, 333470, 3])
Epoch:46, training loss:0.06435635437568028
i 0
vin tr torch.Size([1, 146978, 3])
fin tr torch.Size([1, 293952, 3])
i 0
vin tr torch.Size([1, 166737, 3])
fin tr torch.Size([1, 333470, 3])
i 0
vin tr torch.Size([1, 130879, 3])
fin tr torch.Size([1, 261754, 3])
Epoch:47, training loss:0.06436389560500781
i 0
vin tr torch.Size([1, 146978, 3])
fin tr torch.Size([1, 293952, 3])
i 0
vin tr torch.Size([1, 130879, 3])
fin tr torch.Size([1, 261754, 3])
i 0
vin tr torch.Size([1, 166737, 3])
fin tr torch.Size([1, 333470, 3])
Epoch:48, training loss:0.0640556129316489
i 0
vin tr torch.Size([1, 130879, 3])
fin tr torch.Size([1, 261754, 3])
i 0
vin tr torch.Size([1, 166737, 3])
fin tr torch.Size([1, 333470, 3])
i 0
vin tr torch.Size([1, 146978, 3])
fin tr torch.Size([1, 293952, 3])
Epoch:49, training loss:0.06370514382918675
i 0
vin tr torch.Size([1, 166737, 3])
fin tr torch.Size([1, 333470, 3])
i 0
vin tr torch.Size([1, 130879, 3])
fin tr torch.Size([1, 261754, 3])
i 0
vin tr torch.Size([1, 146978, 3])
fin tr torch.Size([1, 293952, 3])
Epoch:50, training loss:0.06410051261385281
----------------------------
Start validation ...
Validation error:0.05807975321658887
Save model checkpoints ... 
Maximum allocated GPU memory: 4.71 GiB
Finish validation.
----------------------------
i 0
vin tr torch.Size([1, 146978, 3])
fin tr torch.Size([1, 293952, 3])
i 0
vin tr torch.Size([1, 166737, 3])
fin tr torch.Size([1, 333470, 3])
i 0
vin tr torch.Size([1, 130879, 3])
fin tr torch.Size([1, 261754, 3])
Epoch:51, training loss:0.06366896629333496
i 0
vin tr torch.Size([1, 146978, 3])
fin tr torch.Size([1, 293952, 3])
i 0
vin tr torch.Size([1, 130879, 3])
fin tr torch.Size([1, 261754, 3])
i 0
vin tr torch.Size([1, 166737, 3])
fin tr torch.Size([1, 333470, 3])
Epoch:52, training loss:0.06321456904212634
i 0
vin tr torch.Size([1, 146978, 3])
fin tr torch.Size([1, 293952, 3])
i 0
vin tr torch.Size([1, 166737, 3])
fin tr torch.Size([1, 333470, 3])
i 0
vin tr torch.Size([1, 130879, 3])
fin tr torch.Size([1, 261754, 3])
Epoch:53, training loss:0.06296434377630551
i 0
vin tr torch.Size([1, 146978, 3])
fin tr torch.Size([1, 293952, 3])
i 0
vin tr torch.Size([1, 130879, 3])
fin tr torch.Size([1, 261754, 3])
i 0
vin tr torch.Size([1, 166737, 3])
fin tr torch.Size([1, 333470, 3])
Epoch:54, training loss:0.06286548574765523
i 0
vin tr torch.Size([1, 146978, 3])
fin tr torch.Size([1, 293952, 3])
i 0
vin tr torch.Size([1, 166737, 3])
fin tr torch.Size([1, 333470, 3])
i 0
vin tr torch.Size([1, 130879, 3])
fin tr torch.Size([1, 261754, 3])
Epoch:55, training loss:0.06297563016414642
i 0
vin tr torch.Size([1, 146978, 3])
fin tr torch.Size([1, 293952, 3])
i 0
vin tr torch.Size([1, 166737, 3])
fin tr torch.Size([1, 333470, 3])
i 0
vin tr torch.Size([1, 130879, 3])
fin tr torch.Size([1, 261754, 3])
Epoch:56, training loss:0.0624233012398084
i 0
vin tr torch.Size([1, 130879, 3])
fin tr torch.Size([1, 261754, 3])
i 0
vin tr torch.Size([1, 166737, 3])
fin tr torch.Size([1, 333470, 3])
i 0
vin tr torch.Size([1, 146978, 3])
fin tr torch.Size([1, 293952, 3])
Epoch:57, training loss:0.06257845461368561
i 0
vin tr torch.Size([1, 130879, 3])
fin tr torch.Size([1, 261754, 3])
i 0
vin tr torch.Size([1, 166737, 3])
fin tr torch.Size([1, 333470, 3])
i 0
vin tr torch.Size([1, 146978, 3])
fin tr torch.Size([1, 293952, 3])
Epoch:58, training loss:0.062360105415185295
i 0
vin tr torch.Size([1, 146978, 3])
fin tr torch.Size([1, 293952, 3])
i 0
vin tr torch.Size([1, 130879, 3])
fin tr torch.Size([1, 261754, 3])
i 0
vin tr torch.Size([1, 166737, 3])
fin tr torch.Size([1, 333470, 3])
Epoch:59, training loss:0.06218250095844269
i 0
vin tr torch.Size([1, 146978, 3])
fin tr torch.Size([1, 293952, 3])
i 0
vin tr torch.Size([1, 166737, 3])
fin tr torch.Size([1, 333470, 3])
i 0
vin tr torch.Size([1, 130879, 3])
fin tr torch.Size([1, 261754, 3])
Epoch:60, training loss:0.0623065729935964
----------------------------
Start validation ...
Validation error:0.05646365389111452
Save model checkpoints ... 
Maximum allocated GPU memory: 4.71 GiB
Finish validation.
----------------------------
i 0
vin tr torch.Size([1, 130879, 3])
fin tr torch.Size([1, 261754, 3])
i 0
vin tr torch.Size([1, 166737, 3])
fin tr torch.Size([1, 333470, 3])
i 0
vin tr torch.Size([1, 146978, 3])
fin tr torch.Size([1, 293952, 3])
Epoch:61, training loss:0.06231920172770818
i 0
vin tr torch.Size([1, 166737, 3])
fin tr torch.Size([1, 333470, 3])
i 0
vin tr torch.Size([1, 130879, 3])
fin tr torch.Size([1, 261754, 3])
i 0
vin tr torch.Size([1, 146978, 3])
fin tr torch.Size([1, 293952, 3])
Epoch:62, training loss:0.06192611902952194
i 0
vin tr torch.Size([1, 146978, 3])
fin tr torch.Size([1, 293952, 3])
i 0
vin tr torch.Size([1, 166737, 3])
fin tr torch.Size([1, 333470, 3])
i 0
vin tr torch.Size([1, 130879, 3])
fin tr torch.Size([1, 261754, 3])
Epoch:63, training loss:0.06152114147941271
i 0
vin tr torch.Size([1, 146978, 3])
fin tr torch.Size([1, 293952, 3])
i 0
vin tr torch.Size([1, 130879, 3])
fin tr torch.Size([1, 261754, 3])
i 0
vin tr torch.Size([1, 166737, 3])
fin tr torch.Size([1, 333470, 3])
Epoch:64, training loss:0.061501494298378624
i 0
vin tr torch.Size([1, 146978, 3])
fin tr torch.Size([1, 293952, 3])
i 0
vin tr torch.Size([1, 166737, 3])
fin tr torch.Size([1, 333470, 3])
i 0
vin tr torch.Size([1, 130879, 3])
fin tr torch.Size([1, 261754, 3])
Epoch:65, training loss:0.06163837263981501
i 0
vin tr torch.Size([1, 166737, 3])
fin tr torch.Size([1, 333470, 3])
i 0
vin tr torch.Size([1, 130879, 3])
fin tr torch.Size([1, 261754, 3])
i 0
vin tr torch.Size([1, 146978, 3])
fin tr torch.Size([1, 293952, 3])
Epoch:66, training loss:0.06132123495141665
i 0
vin tr torch.Size([1, 146978, 3])
fin tr torch.Size([1, 293952, 3])
i 0
vin tr torch.Size([1, 166737, 3])
fin tr torch.Size([1, 333470, 3])
i 0
vin tr torch.Size([1, 130879, 3])
fin tr torch.Size([1, 261754, 3])
Epoch:67, training loss:0.06165733809272448
i 0
vin tr torch.Size([1, 146978, 3])
fin tr torch.Size([1, 293952, 3])
i 0
vin tr torch.Size([1, 166737, 3])
fin tr torch.Size([1, 333470, 3])
i 0
vin tr torch.Size([1, 130879, 3])
fin tr torch.Size([1, 261754, 3])
Epoch:68, training loss:0.06088129927714666
i 0
vin tr torch.Size([1, 166737, 3])
fin tr torch.Size([1, 333470, 3])
i 0
vin tr torch.Size([1, 130879, 3])
fin tr torch.Size([1, 261754, 3])
i 0
vin tr torch.Size([1, 146978, 3])
fin tr torch.Size([1, 293952, 3])
Epoch:69, training loss:0.06095887968937556
i 0
vin tr torch.Size([1, 130879, 3])
fin tr torch.Size([1, 261754, 3])
i 0
vin tr torch.Size([1, 146978, 3])
fin tr torch.Size([1, 293952, 3])
i 0
vin tr torch.Size([1, 166737, 3])
fin tr torch.Size([1, 333470, 3])
Epoch:70, training loss:0.0607378159960111
----------------------------
Start validation ...
Validation error:0.05547201362787746
Save model checkpoints ... 
Maximum allocated GPU memory: 4.71 GiB
Finish validation.
----------------------------
i 0
vin tr torch.Size([1, 166737, 3])
fin tr torch.Size([1, 333470, 3])
i 0
vin tr torch.Size([1, 130879, 3])
fin tr torch.Size([1, 261754, 3])
i 0
vin tr torch.Size([1, 146978, 3])
fin tr torch.Size([1, 293952, 3])
Epoch:71, training loss:0.06061390166481336
i 0
vin tr torch.Size([1, 146978, 3])
fin tr torch.Size([1, 293952, 3])
i 0
vin tr torch.Size([1, 130879, 3])
fin tr torch.Size([1, 261754, 3])
i 0
vin tr torch.Size([1, 166737, 3])
fin tr torch.Size([1, 333470, 3])
Epoch:72, training loss:0.06047480677564939
i 0
vin tr torch.Size([1, 130879, 3])
fin tr torch.Size([1, 261754, 3])
i 0
vin tr torch.Size([1, 146978, 3])
fin tr torch.Size([1, 293952, 3])
i 0
vin tr torch.Size([1, 166737, 3])
fin tr torch.Size([1, 333470, 3])
Epoch:73, training loss:0.06026835987965266
i 0
vin tr torch.Size([1, 146978, 3])
fin tr torch.Size([1, 293952, 3])
i 0
vin tr torch.Size([1, 130879, 3])
fin tr torch.Size([1, 261754, 3])
i 0
vin tr torch.Size([1, 166737, 3])
fin tr torch.Size([1, 333470, 3])
Epoch:74, training loss:0.060330732415119805
i 0
vin tr torch.Size([1, 166737, 3])
fin tr torch.Size([1, 333470, 3])
i 0
vin tr torch.Size([1, 146978, 3])
fin tr torch.Size([1, 293952, 3])
i 0
vin tr torch.Size([1, 130879, 3])
fin tr torch.Size([1, 261754, 3])
Epoch:75, training loss:0.06024695808688799
i 0
vin tr torch.Size([1, 130879, 3])
fin tr torch.Size([1, 261754, 3])
i 0
vin tr torch.Size([1, 146978, 3])
fin tr torch.Size([1, 293952, 3])
i 0
vin tr torch.Size([1, 166737, 3])
fin tr torch.Size([1, 333470, 3])
Epoch:76, training loss:0.06030834590395292
i 0
vin tr torch.Size([1, 166737, 3])
fin tr torch.Size([1, 333470, 3])
i 0
vin tr torch.Size([1, 130879, 3])
fin tr torch.Size([1, 261754, 3])
i 0
vin tr torch.Size([1, 146978, 3])
fin tr torch.Size([1, 293952, 3])
Epoch:77, training loss:0.060207732021808624
i 0
vin tr torch.Size([1, 166737, 3])
fin tr torch.Size([1, 333470, 3])
i 0
vin tr torch.Size([1, 146978, 3])
fin tr torch.Size([1, 293952, 3])
i 0
vin tr torch.Size([1, 130879, 3])
fin tr torch.Size([1, 261754, 3])
Epoch:78, training loss:0.0597167598704497
i 0
vin tr torch.Size([1, 130879, 3])
fin tr torch.Size([1, 261754, 3])
i 0
vin tr torch.Size([1, 146978, 3])
fin tr torch.Size([1, 293952, 3])
i 0
vin tr torch.Size([1, 166737, 3])
fin tr torch.Size([1, 333470, 3])
Epoch:79, training loss:0.05969278638561567
i 0
vin tr torch.Size([1, 146978, 3])
fin tr torch.Size([1, 293952, 3])
i 0
vin tr torch.Size([1, 130879, 3])
fin tr torch.Size([1, 261754, 3])
i 0
vin tr torch.Size([1, 166737, 3])
fin tr torch.Size([1, 333470, 3])
Epoch:80, training loss:0.05986467252175013
----------------------------
Start validation ...
Validation error:0.054553343943553045
Save model checkpoints ... 
Maximum allocated GPU memory: 4.71 GiB
Finish validation.
----------------------------
i 0
vin tr torch.Size([1, 166737, 3])
fin tr torch.Size([1, 333470, 3])
i 0
vin tr torch.Size([1, 130879, 3])
fin tr torch.Size([1, 261754, 3])
i 0
vin tr torch.Size([1, 146978, 3])
fin tr torch.Size([1, 293952, 3])
Epoch:81, training loss:0.05947183072566986
i 0
vin tr torch.Size([1, 166737, 3])
fin tr torch.Size([1, 333470, 3])
i 0
vin tr torch.Size([1, 146978, 3])
fin tr torch.Size([1, 293952, 3])
i 0
vin tr torch.Size([1, 130879, 3])
fin tr torch.Size([1, 261754, 3])
Epoch:82, training loss:0.0596129484474659
i 0
vin tr torch.Size([1, 166737, 3])
fin tr torch.Size([1, 333470, 3])
i 0
vin tr torch.Size([1, 146978, 3])
fin tr torch.Size([1, 293952, 3])
i 0
vin tr torch.Size([1, 130879, 3])
fin tr torch.Size([1, 261754, 3])
Epoch:83, training loss:0.05922867233554522
i 0
vin tr torch.Size([1, 146978, 3])
fin tr torch.Size([1, 293952, 3])
i 0
vin tr torch.Size([1, 130879, 3])
fin tr torch.Size([1, 261754, 3])
i 0
vin tr torch.Size([1, 166737, 3])
fin tr torch.Size([1, 333470, 3])
Epoch:84, training loss:0.059110223005215325
i 0
vin tr torch.Size([1, 130879, 3])
fin tr torch.Size([1, 261754, 3])
i 0
vin tr torch.Size([1, 146978, 3])
fin tr torch.Size([1, 293952, 3])
i 0
vin tr torch.Size([1, 166737, 3])
fin tr torch.Size([1, 333470, 3])
Epoch:85, training loss:0.0591370053589344
i 0
vin tr torch.Size([1, 130879, 3])
fin tr torch.Size([1, 261754, 3])
i 0
vin tr torch.Size([1, 166737, 3])
fin tr torch.Size([1, 333470, 3])
i 0
vin tr torch.Size([1, 146978, 3])
fin tr torch.Size([1, 293952, 3])
Epoch:86, training loss:0.05889076739549637
i 0
vin tr torch.Size([1, 130879, 3])
fin tr torch.Size([1, 261754, 3])
i 0
vin tr torch.Size([1, 166737, 3])
fin tr torch.Size([1, 333470, 3])
i 0
vin tr torch.Size([1, 146978, 3])
fin tr torch.Size([1, 293952, 3])
Epoch:87, training loss:0.05885010212659836
i 0
vin tr torch.Size([1, 130879, 3])
fin tr torch.Size([1, 261754, 3])
i 0
vin tr torch.Size([1, 146978, 3])
fin tr torch.Size([1, 293952, 3])
i 0
vin tr torch.Size([1, 166737, 3])
fin tr torch.Size([1, 333470, 3])
Epoch:88, training loss:0.058630953232447304
i 0
vin tr torch.Size([1, 146978, 3])
fin tr torch.Size([1, 293952, 3])
i 0
vin tr torch.Size([1, 166737, 3])
fin tr torch.Size([1, 333470, 3])
i 0
vin tr torch.Size([1, 130879, 3])
fin tr torch.Size([1, 261754, 3])
Epoch:89, training loss:0.058794278651475906
i 0
vin tr torch.Size([1, 130879, 3])
fin tr torch.Size([1, 261754, 3])
i 0
vin tr torch.Size([1, 146978, 3])
fin tr torch.Size([1, 293952, 3])
i 0
vin tr torch.Size([1, 166737, 3])
fin tr torch.Size([1, 333470, 3])
Epoch:90, training loss:0.059160235027472176
----------------------------
Start validation ...
Validation error:0.053681640565628186
Save model checkpoints ... 
Maximum allocated GPU memory: 4.71 GiB
Finish validation.
----------------------------
i 0
vin tr torch.Size([1, 166737, 3])
fin tr torch.Size([1, 333470, 3])
i 0
vin tr torch.Size([1, 130879, 3])
fin tr torch.Size([1, 261754, 3])
i 0
vin tr torch.Size([1, 146978, 3])
fin tr torch.Size([1, 293952, 3])
Epoch:91, training loss:0.059303885946671166
i 0
vin tr torch.Size([1, 146978, 3])
fin tr torch.Size([1, 293952, 3])
i 0
vin tr torch.Size([1, 166737, 3])
fin tr torch.Size([1, 333470, 3])
i 0
vin tr torch.Size([1, 130879, 3])
fin tr torch.Size([1, 261754, 3])
Epoch:92, training loss:0.05877290045221647
i 0
vin tr torch.Size([1, 130879, 3])
fin tr torch.Size([1, 261754, 3])
i 0
vin tr torch.Size([1, 146978, 3])
fin tr torch.Size([1, 293952, 3])
i 0
vin tr torch.Size([1, 166737, 3])
fin tr torch.Size([1, 333470, 3])
Epoch:93, training loss:0.05821532880266508
i 0
vin tr torch.Size([1, 166737, 3])
fin tr torch.Size([1, 333470, 3])
i 0
vin tr torch.Size([1, 146978, 3])
fin tr torch.Size([1, 293952, 3])
i 0
vin tr torch.Size([1, 130879, 3])
fin tr torch.Size([1, 261754, 3])
Epoch:94, training loss:0.05817254384358724
i 0
vin tr torch.Size([1, 166737, 3])
fin tr torch.Size([1, 333470, 3])
i 0
vin tr torch.Size([1, 130879, 3])
fin tr torch.Size([1, 261754, 3])
i 0
vin tr torch.Size([1, 146978, 3])
fin tr torch.Size([1, 293952, 3])
Epoch:95, training loss:0.05818364396691322
i 0
vin tr torch.Size([1, 166737, 3])
fin tr torch.Size([1, 333470, 3])
i 0
vin tr torch.Size([1, 146978, 3])
fin tr torch.Size([1, 293952, 3])
i 0
vin tr torch.Size([1, 130879, 3])
fin tr torch.Size([1, 261754, 3])
Epoch:96, training loss:0.05840070297320684
i 0
vin tr torch.Size([1, 130879, 3])
fin tr torch.Size([1, 261754, 3])
i 0
vin tr torch.Size([1, 146978, 3])
fin tr torch.Size([1, 293952, 3])
i 0
vin tr torch.Size([1, 166737, 3])
fin tr torch.Size([1, 333470, 3])
Epoch:97, training loss:0.05885587508479754
i 0
vin tr torch.Size([1, 130879, 3])
fin tr torch.Size([1, 261754, 3])
i 0
vin tr torch.Size([1, 146978, 3])
fin tr torch.Size([1, 293952, 3])
i 0
vin tr torch.Size([1, 166737, 3])
fin tr torch.Size([1, 333470, 3])
Epoch:98, training loss:0.057997663815816246
i 0
vin tr torch.Size([1, 130879, 3])
fin tr torch.Size([1, 261754, 3])
i 0
vin tr torch.Size([1, 146978, 3])
fin tr torch.Size([1, 293952, 3])
i 0
vin tr torch.Size([1, 166737, 3])
fin tr torch.Size([1, 333470, 3])
Epoch:99, training loss:0.05834124361475309
i 0
vin tr torch.Size([1, 130879, 3])
fin tr torch.Size([1, 261754, 3])
i 0
vin tr torch.Size([1, 146978, 3])
fin tr torch.Size([1, 293952, 3])
i 0
vin tr torch.Size([1, 166737, 3])
fin tr torch.Size([1, 333470, 3])
Epoch:100, training loss:0.05750517174601555
----------------------------
Start validation ...
Validation error:0.0531944606336765
Save model checkpoints ... 
Maximum allocated GPU memory: 4.71 GiB
Finish validation.
----------------------------
i 0
vin tr torch.Size([1, 166737, 3])
fin tr torch.Size([1, 333470, 3])
i 0
vin tr torch.Size([1, 130879, 3])
fin tr torch.Size([1, 261754, 3])
i 0
vin tr torch.Size([1, 146978, 3])
fin tr torch.Size([1, 293952, 3])
Epoch:101, training loss:0.05778950204451879
i 0
vin tr torch.Size([1, 166737, 3])
fin tr torch.Size([1, 333470, 3])
i 0
vin tr torch.Size([1, 130879, 3])
fin tr torch.Size([1, 261754, 3])
i 0
vin tr torch.Size([1, 146978, 3])
fin tr torch.Size([1, 293952, 3])
Epoch:102, training loss:0.05768877640366554
i 0
vin tr torch.Size([1, 130879, 3])
fin tr torch.Size([1, 261754, 3])
i 0
vin tr torch.Size([1, 166737, 3])
fin tr torch.Size([1, 333470, 3])
i 0
vin tr torch.Size([1, 146978, 3])
fin tr torch.Size([1, 293952, 3])
Epoch:103, training loss:0.05757585416237513
i 0
vin tr torch.Size([1, 130879, 3])
fin tr torch.Size([1, 261754, 3])
i 0
vin tr torch.Size([1, 166737, 3])
fin tr torch.Size([1, 333470, 3])
i 0
vin tr torch.Size([1, 146978, 3])
fin tr torch.Size([1, 293952, 3])
Epoch:104, training loss:0.05720021824042002
i 0
vin tr torch.Size([1, 146978, 3])
fin tr torch.Size([1, 293952, 3])
i 0
vin tr torch.Size([1, 166737, 3])
fin tr torch.Size([1, 333470, 3])
i 0
vin tr torch.Size([1, 130879, 3])
fin tr torch.Size([1, 261754, 3])
Epoch:105, training loss:0.05741925165057182
i 0
vin tr torch.Size([1, 166737, 3])
fin tr torch.Size([1, 333470, 3])
i 0
vin tr torch.Size([1, 130879, 3])
fin tr torch.Size([1, 261754, 3])
i 0
vin tr torch.Size([1, 146978, 3])
fin tr torch.Size([1, 293952, 3])
Epoch:106, training loss:0.05729281281431516
i 0
vin tr torch.Size([1, 146978, 3])
fin tr torch.Size([1, 293952, 3])
i 0
vin tr torch.Size([1, 130879, 3])
fin tr torch.Size([1, 261754, 3])
i 0
vin tr torch.Size([1, 166737, 3])
fin tr torch.Size([1, 333470, 3])
Epoch:107, training loss:0.05718174825112025
i 0
vin tr torch.Size([1, 130879, 3])
fin tr torch.Size([1, 261754, 3])
i 0
vin tr torch.Size([1, 166737, 3])
fin tr torch.Size([1, 333470, 3])
i 0
vin tr torch.Size([1, 146978, 3])
fin tr torch.Size([1, 293952, 3])
Epoch:108, training loss:0.057185098528862
i 0
vin tr torch.Size([1, 146978, 3])
fin tr torch.Size([1, 293952, 3])
i 0
vin tr torch.Size([1, 166737, 3])
fin tr torch.Size([1, 333470, 3])
i 0
vin tr torch.Size([1, 130879, 3])
fin tr torch.Size([1, 261754, 3])
Epoch:109, training loss:0.05733611310521761
i 0
vin tr torch.Size([1, 166737, 3])
fin tr torch.Size([1, 333470, 3])
i 0
vin tr torch.Size([1, 130879, 3])
fin tr torch.Size([1, 261754, 3])
i 0
vin tr torch.Size([1, 146978, 3])
fin tr torch.Size([1, 293952, 3])
Epoch:110, training loss:0.05708539734284083
----------------------------
Start validation ...
Validation error:0.052022460295120254
Save model checkpoints ... 
Maximum allocated GPU memory: 4.71 GiB
Finish validation.
----------------------------
i 0
vin tr torch.Size([1, 130879, 3])
fin tr torch.Size([1, 261754, 3])
i 0
vin tr torch.Size([1, 166737, 3])
fin tr torch.Size([1, 333470, 3])
i 0
vin tr torch.Size([1, 146978, 3])
fin tr torch.Size([1, 293952, 3])
Epoch:111, training loss:0.05678763488928477
i 0
vin tr torch.Size([1, 146978, 3])
fin tr torch.Size([1, 293952, 3])
i 0
vin tr torch.Size([1, 166737, 3])
fin tr torch.Size([1, 333470, 3])
i 0
vin tr torch.Size([1, 130879, 3])
fin tr torch.Size([1, 261754, 3])
Epoch:112, training loss:0.056666094809770584
i 0
vin tr torch.Size([1, 166737, 3])
fin tr torch.Size([1, 333470, 3])
i 0
vin tr torch.Size([1, 146978, 3])
fin tr torch.Size([1, 293952, 3])
i 0
vin tr torch.Size([1, 130879, 3])
fin tr torch.Size([1, 261754, 3])
Epoch:113, training loss:0.056852548072735466
i 0
vin tr torch.Size([1, 130879, 3])
fin tr torch.Size([1, 261754, 3])
i 0
vin tr torch.Size([1, 146978, 3])
fin tr torch.Size([1, 293952, 3])
i 0
vin tr torch.Size([1, 166737, 3])
fin tr torch.Size([1, 333470, 3])
Epoch:114, training loss:0.05681275576353073
i 0
vin tr torch.Size([1, 166737, 3])
fin tr torch.Size([1, 333470, 3])
i 0
vin tr torch.Size([1, 130879, 3])
fin tr torch.Size([1, 261754, 3])
i 0
vin tr torch.Size([1, 146978, 3])
fin tr torch.Size([1, 293952, 3])
Epoch:115, training loss:0.05672076468666395
i 0
vin tr torch.Size([1, 130879, 3])
fin tr torch.Size([1, 261754, 3])
i 0
vin tr torch.Size([1, 146978, 3])
fin tr torch.Size([1, 293952, 3])
i 0
vin tr torch.Size([1, 166737, 3])
fin tr torch.Size([1, 333470, 3])
Epoch:116, training loss:0.05662983035047849
i 0
vin tr torch.Size([1, 166737, 3])
fin tr torch.Size([1, 333470, 3])
i 0
vin tr torch.Size([1, 130879, 3])
fin tr torch.Size([1, 261754, 3])
i 0
vin tr torch.Size([1, 146978, 3])
fin tr torch.Size([1, 293952, 3])
Epoch:117, training loss:0.05683744698762894
i 0
vin tr torch.Size([1, 130879, 3])
fin tr torch.Size([1, 261754, 3])
i 0
vin tr torch.Size([1, 166737, 3])
fin tr torch.Size([1, 333470, 3])
i 0
vin tr torch.Size([1, 146978, 3])
fin tr torch.Size([1, 293952, 3])
Epoch:118, training loss:0.05677309880654017
i 0
vin tr torch.Size([1, 130879, 3])
fin tr torch.Size([1, 261754, 3])
i 0
vin tr torch.Size([1, 146978, 3])
fin tr torch.Size([1, 293952, 3])
i 0
vin tr torch.Size([1, 166737, 3])
fin tr torch.Size([1, 333470, 3])
Epoch:119, training loss:0.05629912515481313
i 0
vin tr torch.Size([1, 166737, 3])
fin tr torch.Size([1, 333470, 3])
i 0
vin tr torch.Size([1, 130879, 3])
fin tr torch.Size([1, 261754, 3])
i 0
vin tr torch.Size([1, 146978, 3])
fin tr torch.Size([1, 293952, 3])
Epoch:120, training loss:0.056008219718933105
----------------------------
Start validation ...
Validation error:0.051538874686229974
Save model checkpoints ... 
Maximum allocated GPU memory: 4.71 GiB
Finish validation.
----------------------------
i 0
vin tr torch.Size([1, 130879, 3])
fin tr torch.Size([1, 261754, 3])
i 0
vin tr torch.Size([1, 166737, 3])
fin tr torch.Size([1, 333470, 3])
