aa
bb
A
B
C
----------------------------
Start loading dataset ...
numbers 100206
numbers 100307
numbers 100408
numbers 100610
Finish loading dataset. There are total 4 subjects.
----------------------------
Start loading model ...
Finish loading model
----------------------------
Start training 200 epochs ...
volume_in <class 'torch.Tensor'>
v_gt <class 'torch.Tensor'>
f_gt <class 'torch.Tensor'>
v_in <class 'torch.Tensor'>
f_in <class 'torch.Tensor'>
_subject_id <class 'torch.Tensor'>
v <class 'torch.Tensor'>
f <class 'torch.Tensor'>
volume <class 'torch.Tensor'>
v_out <class 'torch.Tensor'>
exiting
D
CC
