aa
bb
A
B
C
----------------------------
Start loading dataset ...
numbers 100206
numbers 100307
numbers 100408
numbers 100610
Finish loading dataset. There are total 4 subjects.
----------------------------
Start loading model ...
Finish loading model
----------------------------
Start training 200 epochs ...
Epoch:0, training loss:0.42829090924490065
----------------------------
Start validation ...
Validation error:0.28098012678258655
Save model checkpoints ... 
Save pial surface mesh ... 
Maximum allocated GPU memory: 0.83 GiB
Finish validation.
----------------------------
Epoch:1, training loss:0.23515460604713076
Epoch:2, training loss:0.16258186066434496
Epoch:3, training loss:0.12399156923804965
Epoch:4, training loss:0.11298913615090507
Epoch:5, training loss:0.10780571081808635
Epoch:6, training loss:0.09262091205233619
Epoch:7, training loss:0.0904529183393433
Epoch:8, training loss:0.0873022157521475
Epoch:9, training loss:0.08488392368668601
Epoch:10, training loss:0.09355624232973371
----------------------------
Start validation ...
Validation error:0.07647660303129149
Save model checkpoints ... 
Save pial surface mesh ... 
Maximum allocated GPU memory: 0.83 GiB
Finish validation.
----------------------------
Epoch:11, training loss:0.08679020795084182
Epoch:12, training loss:0.08534250763200578
Epoch:13, training loss:0.08061913542804264
Epoch:14, training loss:0.07756053727297556
Epoch:15, training loss:0.08332077804065886
Epoch:16, training loss:0.0771769778359504
Epoch:17, training loss:0.0805446860336122
Epoch:18, training loss:0.07231453983556657
Epoch:19, training loss:0.07354866784243357
Epoch:20, training loss:0.07051922327705792
----------------------------
Start validation ...
Validation error:0.06492114646659632
Save model checkpoints ... 
Save pial surface mesh ... 
Maximum allocated GPU memory: 0.83 GiB
Finish validation.
----------------------------
Epoch:21, training loss:0.0747364800245989
Epoch:22, training loss:0.0857009341319402
Epoch:23, training loss:0.07118917061459451
Epoch:24, training loss:0.0706854865309738
Epoch:25, training loss:0.07049741702420372
Epoch:26, training loss:0.07037900175367083
Epoch:27, training loss:0.07255345902272634
Epoch:28, training loss:0.07283753387275196
Epoch:29, training loss:0.0692826271766708
Epoch:30, training loss:0.06662422454073316
----------------------------
Start validation ...
Validation error:0.06124921700185431
Save model checkpoints ... 
Save pial surface mesh ... 
Maximum allocated GPU memory: 0.83 GiB
Finish validation.
----------------------------
Epoch:31, training loss:0.06646342877121199
Epoch:32, training loss:0.06682724310528665
Epoch:33, training loss:0.07217918070299285
Epoch:34, training loss:0.06935220140786398
Epoch:35, training loss:0.0658476957607837
Epoch:36, training loss:0.06976695660324324
Epoch:37, training loss:0.07024325164301055
Epoch:38, training loss:0.06596470748384793
Epoch:39, training loss:0.06614037230610847
Epoch:40, training loss:0.06542256314839635
----------------------------
Start validation ...
Validation error:0.05943595741492962
Save model checkpoints ... 
Save pial surface mesh ... 
Maximum allocated GPU memory: 0.83 GiB
Finish validation.
----------------------------
Epoch:41, training loss:0.06864543347841218
Epoch:42, training loss:0.06648264772125653
Epoch:43, training loss:0.06706481089904195
Epoch:44, training loss:0.06528957596137411
Epoch:45, training loss:0.06530277785800752
Epoch:46, training loss:0.06307043525434676
Epoch:47, training loss:0.06315711495422181
Epoch:48, training loss:0.0655585630309014
Epoch:49, training loss:0.06576384763632502
Epoch:50, training loss:0.0688549056649208
----------------------------
Start validation ...
Validation error:0.05960704740053708
Save model checkpoints ... 
Save pial surface mesh ... 
Maximum allocated GPU memory: 0.83 GiB
Finish validation.
----------------------------
Epoch:51, training loss:0.07140844705558959
Epoch:52, training loss:0.06405417798530488
Epoch:53, training loss:0.06249861241806121
Epoch:54, training loss:0.06241944609653382
Epoch:55, training loss:0.06538142796073641
Epoch:56, training loss:0.06530684285930224
Epoch:57, training loss:0.06431891201507478
Epoch:58, training loss:0.062156240145365395
Epoch:59, training loss:0.06086342604387374
Epoch:60, training loss:0.06545548992497581
----------------------------
Start validation ...
Validation error:0.05764765020493152
Save model checkpoints ... 
Save pial surface mesh ... 
Maximum allocated GPU memory: 0.83 GiB
Finish validation.
----------------------------
Epoch:61, training loss:0.06119328116377195
Epoch:62, training loss:0.06320046527045113
Epoch:63, training loss:0.06471968779251688
Epoch:64, training loss:0.06252629682421684
Epoch:65, training loss:0.0617292331797736
Epoch:66, training loss:0.06205173067393757
Epoch:67, training loss:0.06488546037248202
Epoch:68, training loss:0.06299439480616933
Epoch:69, training loss:0.06229443227251371
Epoch:70, training loss:0.060662101776826946
----------------------------
Start validation ...
Validation error:0.05563524350041656
Save model checkpoints ... 
Save pial surface mesh ... 
Maximum allocated GPU memory: 0.83 GiB
Finish validation.
----------------------------
Epoch:71, training loss:0.06254225614525023
Epoch:72, training loss:0.06296031762446676
Epoch:73, training loss:0.0618605711275623
Epoch:74, training loss:0.060090266700301855
Epoch:75, training loss:0.06136241980961391
Epoch:76, training loss:0.06497399579911005
Epoch:77, training loss:0.06111425054924829
Epoch:78, training loss:0.06349207070611772
Epoch:79, training loss:0.06281980712498937
Epoch:80, training loss:0.05954605269999731
----------------------------
Start validation ...
Validation error:0.054764100890939256
Save model checkpoints ... 
Save pial surface mesh ... 
Maximum allocated GPU memory: 0.83 GiB
Finish validation.
----------------------------
Epoch:81, training loss:0.060415689256929216
Epoch:82, training loss:0.06059234270027706
Epoch:83, training loss:0.05911026416080339
Epoch:84, training loss:0.05880997028379213
Epoch:85, training loss:0.05883099564484188
Epoch:86, training loss:0.05853325554302761
Epoch:87, training loss:0.061590182107119334
Epoch:88, training loss:0.06115004331583068
Epoch:89, training loss:0.05913579375261352
Epoch:90, training loss:0.059364959420192806
----------------------------
Start validation ...
Validation error:0.05421690158462817
Save model checkpoints ... 
Save pial surface mesh ... 
Maximum allocated GPU memory: 0.83 GiB
Finish validation.
----------------------------
Epoch:91, training loss:0.05848262476779166
Epoch:92, training loss:0.059871147253683636
Epoch:93, training loss:0.06160851142236164
Epoch:94, training loss:0.058856975996778124
Epoch:95, training loss:0.05904845662769817
Epoch:96, training loss:0.059296383744194395
Epoch:97, training loss:0.05990897828624362
Epoch:98, training loss:0.059182317838782354
Epoch:99, training loss:0.05808583913104875
Epoch:100, training loss:0.06106470489785785
----------------------------
Start validation ...
Validation error:0.054878532994605066
Save model checkpoints ... 
Save pial surface mesh ... 
Maximum allocated GPU memory: 0.83 GiB
Finish validation.
----------------------------
Epoch:101, training loss:0.061187862108151116
Epoch:102, training loss:0.05778959233845983
Epoch:103, training loss:0.05804287216493061
Epoch:104, training loss:0.06043854391291028
Epoch:105, training loss:0.05952830328827813
Epoch:106, training loss:0.05858427286148071
Epoch:107, training loss:0.0571537319393385
Epoch:108, training loss:0.056997217947528475
Epoch:109, training loss:0.057327372687203546
Epoch:110, training loss:0.05698420852422714
----------------------------
Start validation ...
Validation error:0.0532984610929686
Save model checkpoints ... 
Save pial surface mesh ... 
Maximum allocated GPU memory: 0.83 GiB
Finish validation.
----------------------------
Epoch:111, training loss:0.058428243334804265
Epoch:112, training loss:0.05728695417443911
Epoch:113, training loss:0.057969428244091216
Epoch:114, training loss:0.05710721601332937
Epoch:115, training loss:0.05816315220935004
Epoch:116, training loss:0.06000418907829693
Epoch:117, training loss:0.05689304552617527
Epoch:118, training loss:0.057476624846458435
Epoch:119, training loss:0.05793680907005355
Epoch:120, training loss:0.057736266226995556
----------------------------
Start validation ...
Validation error:0.052597770783385
Save model checkpoints ... 
Save pial surface mesh ... 
Maximum allocated GPU memory: 0.83 GiB
Finish validation.
----------------------------
Epoch:121, training loss:0.05677391109722001
Epoch:122, training loss:0.0570102014711925
Epoch:123, training loss:0.05717093958741143
Epoch:124, training loss:0.05740283074833098
Epoch:125, training loss:0.055671269162779764
Epoch:126, training loss:0.05623849924831163
Epoch:127, training loss:0.05727475509047508
Epoch:128, training loss:0.05617951708180564
Epoch:129, training loss:0.05539832672192937
Epoch:130, training loss:0.05659881163211096
----------------------------
Start validation ...
Validation error:0.05209959012323192
Save model checkpoints ... 
Save pial surface mesh ... 
Maximum allocated GPU memory: 0.83 GiB
Finish validation.
----------------------------
Epoch:131, training loss:0.058278084510848635
Epoch:132, training loss:0.05644469442112105
Epoch:133, training loss:0.05752056251679148
Epoch:134, training loss:0.05768816935874167
Epoch:135, training loss:0.05528394150592032
Epoch:136, training loss:0.05608903279616719
Epoch:137, training loss:0.056657492937076656
Epoch:138, training loss:0.05524693198856853
Epoch:139, training loss:0.05477979885680335
Epoch:140, training loss:0.05614327018459638
----------------------------
Start validation ...
Validation error:0.05122144908195229
Save model checkpoints ... 
Save pial surface mesh ... 
Maximum allocated GPU memory: 0.83 GiB
Finish validation.
----------------------------
Epoch:141, training loss:0.05526150071195194
Epoch:142, training loss:0.05663968445289703
Epoch:143, training loss:0.05855146281066395
Epoch:144, training loss:0.05511131084391049
Epoch:145, training loss:0.05564600140565917
Epoch:146, training loss:0.05467140922943751
Epoch:147, training loss:0.05424548100147929
Epoch:148, training loss:0.055265276914551145
Epoch:149, training loss:0.05692363902926445
Epoch:150, training loss:0.056625383240836005
----------------------------
Start validation ...
Validation error:0.050431118974561935
Save model checkpoints ... 
Save pial surface mesh ... 
Maximum allocated GPU memory: 0.83 GiB
Finish validation.
----------------------------
Epoch:151, training loss:0.05377247468346641
Epoch:152, training loss:0.05417328984254882
Epoch:153, training loss:0.0547048155040968
Epoch:154, training loss:0.05583300068974495
Epoch:155, training loss:0.05633616589364551
Epoch:156, training loss:0.05449978794370379
Epoch:157, training loss:0.05353177675888652
Epoch:158, training loss:0.0544639490544796
Epoch:159, training loss:0.05646995721118791
Epoch:160, training loss:0.05427194635073344
----------------------------
Start validation ...
Validation error:0.050109007653580714
Save model checkpoints ... 
Save pial surface mesh ... 
Maximum allocated GPU memory: 0.83 GiB
Finish validation.
----------------------------
Epoch:161, training loss:0.05409272458581697
Epoch:162, training loss:0.054186949240309853
Epoch:163, training loss:0.055336909279936834
Epoch:164, training loss:0.05510313347691581
Epoch:165, training loss:0.05527925136543456
Epoch:166, training loss:0.05434027527059827
Epoch:167, training loss:0.05400396741571881
Epoch:168, training loss:0.05293348839595204
Epoch:169, training loss:0.05394989447224708
Epoch:170, training loss:0.05393242569906371
----------------------------
Start validation ...
Validation error:0.0498357237250145
Save model checkpoints ... 
Save pial surface mesh ... 
Maximum allocated GPU memory: 0.83 GiB
Finish validation.
----------------------------
Epoch:171, training loss:0.052976748595635094
Epoch:172, training loss:0.053892934428794045
Epoch:173, training loss:0.05312220911894526
Epoch:174, training loss:0.05345038537468229
Epoch:175, training loss:0.05475627772864841
Epoch:176, training loss:0.055317054192225136
Epoch:177, training loss:0.05317260023383867
Epoch:178, training loss:0.053402435566697805
Epoch:179, training loss:0.05382870989186423
Epoch:180, training loss:0.054532707801886966
----------------------------
Start validation ...
Validation error:0.04919951607007533
Save model checkpoints ... 
Save pial surface mesh ... 
Maximum allocated GPU memory: 0.83 GiB
Finish validation.
----------------------------
Epoch:181, training loss:0.05324055999517441
Epoch:182, training loss:0.05337208420747802
Epoch:183, training loss:0.052406776164259226
Epoch:184, training loss:0.0531432188692547
Epoch:185, training loss:0.05358009324187324
Epoch:186, training loss:0.05254937850293659
Epoch:187, training loss:0.052963663779553916
Epoch:188, training loss:0.052490279788062685
Epoch:189, training loss:0.05396985315850803
Epoch:190, training loss:0.05378499130407969
----------------------------
Start validation ...
Validation error:0.048936399772563685
Save model checkpoints ... 
Save pial surface mesh ... 
Maximum allocated GPU memory: 0.83 GiB
Finish validation.
----------------------------
Epoch:191, training loss:0.05417579518897193
Epoch:192, training loss:0.05207193767031034
Epoch:193, training loss:0.05231298506259918
Epoch:194, training loss:0.052219695633365995
Epoch:195, training loss:0.05288586073688099
Epoch:196, training loss:0.05271455822955994
Epoch:197, training loss:0.05185933482079279
Epoch:198, training loss:0.05269247630522365
Epoch:199, training loss:0.05321581981011799
Epoch:200, training loss:0.05281027725764683
----------------------------
Start validation ...
Validation error:0.048936492281167636
Save model checkpoints ... 
Save pial surface mesh ... 
Maximum allocated GPU memory: 0.83 GiB
Finish validation.
----------------------------
Finish training.
----------------------------
D
CC
