aa
bb
A
B
C
----------------------------
Start loading dataset ...
numbers 100206
numbers 100307
numbers 100408
numbers 100610
Finish loading dataset. There are total 4 subjects.
Training data length 3
Validation data length 1
----------------------------
Start loading model ...
Finish loading model
----------------------------
Start training 200 epochs ...
v.shapea torch.Size([1, 139994, 3])
f.shapea torch.Size([1, 279984, 3])
v.shape torch.Size([1, 139994, 3])
f.shape torch.Size([1, 279984, 3])
v.shapea torch.Size([1, 139994, 3])
f.shapea torch.Size([1, 279984, 3])
v.shape torch.Size([1, 139994, 3])
f.shape torch.Size([1, 279984, 3])
D
CC
