aa
bb
A
B
C
----------------------------
Start loading dataset ...
numbers 100206
numbers 100307
numbers 100408
numbers 100610
Finish loading dataset. There are total 4 subjects.
----------------------------
Start loading model ...
Finish loading model
----------------------------
Start training 200 epochs ...
Epoch:0, training loss:0.46235391497612
----------------------------
Start validation ...
Validation error:234.64390635490417
Save model checkpoints ... 
Save pial surface mesh ... 
Maximum allocated GPU memory: 3.17 GiB
Finish validation.
----------------------------
Epoch:1, training loss:0.18329832951227823
Epoch:2, training loss:0.1560885359843572
Epoch:3, training loss:0.14363555113474527
Epoch:4, training loss:0.1357900152603785
Epoch:5, training loss:0.1320150519410769
Epoch:6, training loss:0.12819029639164606
Epoch:7, training loss:0.12540758401155472
Epoch:8, training loss:0.12258860965569814
Epoch:9, training loss:0.1204338123401006
Epoch:10, training loss:0.11884344617525737
----------------------------
Start validation ...
Validation error:120.76867371797562
Save model checkpoints ... 
Save pial surface mesh ... 
Maximum allocated GPU memory: 3.17 GiB
Finish validation.
----------------------------
Epoch:11, training loss:0.11668391029040019
Epoch:12, training loss:0.11487497886021932
Epoch:13, training loss:0.11295616130034129
Epoch:14, training loss:0.1114243467648824
Epoch:15, training loss:0.10977763185898463
Epoch:16, training loss:0.10850090781847636
Epoch:17, training loss:0.10767101248105367
Epoch:18, training loss:0.10508482903242111
Epoch:19, training loss:0.10406734546025594
Epoch:20, training loss:0.10282207777102788
----------------------------
Start validation ...
Validation error:105.48032820224762
Save model checkpoints ... 
Save pial surface mesh ... 
Maximum allocated GPU memory: 3.17 GiB
Finish validation.
----------------------------
Epoch:21, training loss:0.10365833093722661
Epoch:22, training loss:0.10064763575792313
Epoch:23, training loss:0.09934963534275691
Epoch:24, training loss:0.09798080225785573
Epoch:25, training loss:0.09907348702351253
Epoch:26, training loss:0.09687123447656631
Epoch:27, training loss:0.09502693017323811
Epoch:28, training loss:0.0947575569152832
Epoch:29, training loss:0.09383087108532588
Epoch:30, training loss:0.09377332031726837
----------------------------
Start validation ...
Validation error:97.54124283790588
Save model checkpoints ... 
Save pial surface mesh ... 
Maximum allocated GPU memory: 3.17 GiB
Finish validation.
----------------------------
Epoch:31, training loss:0.09434377898772557
Epoch:32, training loss:0.09354004512230556
Epoch:33, training loss:0.09059054901202519
Epoch:34, training loss:0.09022075186173122
Epoch:35, training loss:0.08885645866394043
Epoch:36, training loss:0.08855737994114558
Epoch:37, training loss:0.08740531901518504
Epoch:38, training loss:0.0877406895160675
Epoch:39, training loss:0.0880562091867129
Epoch:40, training loss:0.08601130296786626
----------------------------
Start validation ...
Validation error:88.50590139627457
Save model checkpoints ... 
Save pial surface mesh ... 
Maximum allocated GPU memory: 3.17 GiB
Finish validation.
----------------------------
Epoch:41, training loss:0.08574309200048447
Epoch:42, training loss:0.08521353205045064
Epoch:43, training loss:0.08517239987850189
Epoch:44, training loss:0.08431495726108551
Epoch:45, training loss:0.08261517932017644
Epoch:46, training loss:0.08280596385399501
Epoch:47, training loss:0.08230234930912654
Epoch:48, training loss:0.08185599744319916
Epoch:49, training loss:0.08078147719303767
Epoch:50, training loss:0.08005509525537491
----------------------------
Start validation ...
Validation error:84.33394879102707
Save model checkpoints ... 
Save pial surface mesh ... 
Maximum allocated GPU memory: 3.17 GiB
Finish validation.
----------------------------
Epoch:51, training loss:0.0802664930621783
Epoch:52, training loss:0.08000897367795308
Epoch:53, training loss:0.07953131198883057
Epoch:54, training loss:0.07847425589958827
Epoch:55, training loss:0.07779325544834137
Epoch:56, training loss:0.07810605565706889
Epoch:57, training loss:0.07732280343770981
Epoch:58, training loss:0.07657310118277867
Epoch:59, training loss:0.07761050760746002
Epoch:60, training loss:0.0773750568429629
----------------------------
Start validation ...
Validation error:81.61143213510513
Save model checkpoints ... 
Save pial surface mesh ... 
Maximum allocated GPU memory: 3.17 GiB
Finish validation.
----------------------------
Epoch:61, training loss:0.07631460577249527
Epoch:62, training loss:0.07565109183390935
Epoch:63, training loss:0.07608512292305629
Epoch:64, training loss:0.0756776953736941
Epoch:65, training loss:0.07556866606076558
Epoch:66, training loss:0.07504511376221974
Epoch:67, training loss:0.0742951159675916
Epoch:68, training loss:0.07383668422698975
Epoch:69, training loss:0.07464297115802765
Epoch:70, training loss:0.07409393042325974
----------------------------
Start validation ...
Validation error:79.71267402172089
Save model checkpoints ... 
Save pial surface mesh ... 
Maximum allocated GPU memory: 3.17 GiB
Finish validation.
----------------------------
Epoch:71, training loss:0.07443657765785854
Epoch:72, training loss:0.07374874254067738
Epoch:73, training loss:0.0740781898299853
Epoch:74, training loss:0.07266735037167867
Epoch:75, training loss:0.07272221148014069
Epoch:76, training loss:0.07141777624686559
Epoch:77, training loss:0.07230380425850551
Epoch:78, training loss:0.07208204517761867
Epoch:79, training loss:0.07102008412281673
Epoch:80, training loss:0.07132182270288467
----------------------------
Start validation ...
Validation error:77.35156267881393
Save model checkpoints ... 
Save pial surface mesh ... 
Maximum allocated GPU memory: 3.17 GiB
Finish validation.
----------------------------
Epoch:81, training loss:0.07070605705181758
Epoch:82, training loss:0.07149052868286769
Epoch:83, training loss:0.07180061936378479
Epoch:84, training loss:0.06991468369960785
Epoch:85, training loss:0.0704146499435107
Epoch:86, training loss:0.06998792290687561
Epoch:87, training loss:0.07036569466193517
Epoch:88, training loss:0.06940700113773346
Epoch:89, training loss:0.06995088855425517
Epoch:90, training loss:0.06906276444594066
----------------------------
Start validation ...
Validation error:78.5224437713623
Save model checkpoints ... 
Save pial surface mesh ... 
Maximum allocated GPU memory: 3.17 GiB
Finish validation.
----------------------------
Epoch:91, training loss:0.06833020349343617
Epoch:92, training loss:0.06931188454230626
Epoch:93, training loss:0.06868690500656764
Epoch:94, training loss:0.06863480061292648
Epoch:95, training loss:0.06841522703568141
Epoch:96, training loss:0.06821878751118977
Epoch:97, training loss:0.06784386932849884
Epoch:98, training loss:0.06810608257850011
Epoch:99, training loss:0.06787727524836858
Epoch:100, training loss:0.06766664981842041
----------------------------
Start validation ...
Validation error:75.9371742606163
Save model checkpoints ... 
Save pial surface mesh ... 
Maximum allocated GPU memory: 3.17 GiB
Finish validation.
----------------------------
Epoch:101, training loss:0.06810046980778377
Epoch:102, training loss:0.06699176381031673
Epoch:103, training loss:0.06656631082296371
Epoch:104, training loss:0.06631390005350113
Epoch:105, training loss:0.06666784485181172
Epoch:106, training loss:0.0666385938723882
Epoch:107, training loss:0.06689052035411198
Epoch:108, training loss:0.06653145949045818
Epoch:109, training loss:0.06680409361918767
Epoch:110, training loss:0.06549860040346782
----------------------------
Start validation ...
Validation error:75.66209882497787
Save model checkpoints ... 
Save pial surface mesh ... 
Maximum allocated GPU memory: 3.17 GiB
Finish validation.
----------------------------
Epoch:111, training loss:0.06554361184438069
Epoch:112, training loss:0.06661485135555267
Epoch:113, training loss:0.06672280778487523
Epoch:114, training loss:0.06561051557461421
Epoch:115, training loss:0.06648313005765279
Epoch:116, training loss:0.06460765873392423
Epoch:117, training loss:0.06581529726584752
Epoch:118, training loss:0.0658566877245903
Epoch:119, training loss:0.06514083221554756
Epoch:120, training loss:0.06544444461663564
----------------------------
Start validation ...
Validation error:74.54400509595871
Save model checkpoints ... 
Save pial surface mesh ... 
Maximum allocated GPU memory: 3.17 GiB
Finish validation.
----------------------------
Epoch:121, training loss:0.06545663128296535
Epoch:122, training loss:0.06498477980494499
Epoch:123, training loss:0.06449681892991066
Epoch:124, training loss:0.06384657075007756
Epoch:125, training loss:0.06417424107591312
Epoch:126, training loss:0.06372440233826637
Epoch:127, training loss:0.0636335810025533
Epoch:128, training loss:0.06432087967793147
Epoch:129, training loss:0.06413190066814423
Epoch:130, training loss:0.06341904401779175
----------------------------
Start validation ...
Validation error:74.7029110789299
Save model checkpoints ... 
Save pial surface mesh ... 
Maximum allocated GPU memory: 3.17 GiB
Finish validation.
----------------------------
Epoch:131, training loss:0.06352443372209866
Epoch:132, training loss:0.06316208466887474
Epoch:133, training loss:0.06357715527216594
Epoch:134, training loss:0.06280276676019032
Epoch:135, training loss:0.06330886359016101
Epoch:136, training loss:0.06304532289505005
Epoch:137, training loss:0.06310465435187022
Epoch:138, training loss:0.06280299027760823
Epoch:139, training loss:0.06255923832456271
Epoch:140, training loss:0.06208222111066183
----------------------------
Start validation ...
Validation error:73.81299883127213
Save model checkpoints ... 
Save pial surface mesh ... 
Maximum allocated GPU memory: 3.17 GiB
Finish validation.
----------------------------
Epoch:141, training loss:0.0631000113983949
Epoch:142, training loss:0.06272154673933983
Epoch:143, training loss:0.06190018107493719
Epoch:144, training loss:0.061947291096051536
Epoch:145, training loss:0.06232611462473869
Epoch:146, training loss:0.06211670860648155
Epoch:147, training loss:0.06181073561310768
Epoch:148, training loss:0.061734698712825775
Epoch:149, training loss:0.062400968124469124
Epoch:150, training loss:0.06182038287321726
----------------------------
Start validation ...
Validation error:75.1040056347847
Save model checkpoints ... 
Save pial surface mesh ... 
Maximum allocated GPU memory: 3.17 GiB
Finish validation.
----------------------------
Epoch:151, training loss:0.06177358329296112
Epoch:152, training loss:0.061508319030205406
Epoch:153, training loss:0.06147697319587072
Epoch:154, training loss:0.06151308367649714
Epoch:155, training loss:0.06161828711628914
Epoch:156, training loss:0.061928016444047294
Epoch:157, training loss:0.06075968717535337
Epoch:158, training loss:0.060504296173652015
Epoch:159, training loss:0.06083718687295914
Epoch:160, training loss:0.061069036523501076
----------------------------
Start validation ...
Validation error:72.3317414522171
Save model checkpoints ... 
Save pial surface mesh ... 
Maximum allocated GPU memory: 3.17 GiB
Finish validation.
----------------------------
Epoch:161, training loss:0.06140216439962387
Epoch:162, training loss:0.060836335023244224
Epoch:163, training loss:0.06014754002292951
Epoch:164, training loss:0.060809618482987084
Epoch:165, training loss:0.060998825977245964
Epoch:166, training loss:0.06064428140719732
Epoch:167, training loss:0.06081298117836317
Epoch:168, training loss:0.06043170516689619
Epoch:169, training loss:0.06008266657590866
Epoch:170, training loss:0.060312351832787194
----------------------------
Start validation ...
Validation error:72.02745974063873
Save model checkpoints ... 
Save pial surface mesh ... 
Maximum allocated GPU memory: 3.17 GiB
Finish validation.
----------------------------
Epoch:171, training loss:0.0600584310789903
Epoch:172, training loss:0.06038732330004374
Epoch:173, training loss:0.06022382527589798
Epoch:174, training loss:0.05941688393553098
Epoch:175, training loss:0.05982270588477453
Epoch:176, training loss:0.060237801323334374
Epoch:177, training loss:0.06012005234758059
Epoch:178, training loss:0.05978864928086599
Epoch:179, training loss:0.05953925599654516
Epoch:180, training loss:0.0596042238175869
----------------------------
Start validation ...
Validation error:71.57671451568604
Save model checkpoints ... 
Save pial surface mesh ... 
Maximum allocated GPU memory: 3.17 GiB
Finish validation.
----------------------------
Epoch:181, training loss:0.059872916589180626
Epoch:182, training loss:0.05949497347076734
Epoch:183, training loss:0.05948421234885851
Epoch:184, training loss:0.059432532638311386
Epoch:185, training loss:0.059242854515711464
Epoch:186, training loss:0.05917113025983175
Epoch:187, training loss:0.05934786175688108
Epoch:188, training loss:0.05903478463490804
Epoch:189, training loss:0.05870427067081133
Epoch:190, training loss:0.058663652588923774
----------------------------
Start validation ...
Validation error:71.1233913898468
Save model checkpoints ... 
Save pial surface mesh ... 
Maximum allocated GPU memory: 3.17 GiB
Finish validation.
----------------------------
Epoch:191, training loss:0.0586955634256204
Epoch:192, training loss:0.058697408686081566
Epoch:193, training loss:0.0580873874326547
Epoch:194, training loss:0.05786066378156344
Epoch:195, training loss:0.05854839210708936
Epoch:196, training loss:0.05857286726435026
Epoch:197, training loss:0.05818772812684377
Epoch:198, training loss:0.058457981795072556
Epoch:199, training loss:0.05858964348832766
Epoch:200, training loss:0.05835633724927902
----------------------------
Start validation ...
Validation error:70.6375315785408
Save model checkpoints ... 
Save pial surface mesh ... 
Maximum allocated GPU memory: 3.17 GiB
Finish validation.
----------------------------
Finish training.
----------------------------
D
CC
