aa
bb
A
B
C
----------------------------
Start loading dataset ...
numbers 100206
numbers 100307
numbers 100408
numbers 100610
Finish loading dataset. There are total 4 subjects.
Training data length 3
Validation data length 1
----------------------------
Start loading model ...
Finish loading model
----------------------------
Start training 200 epochs ...
Save template surface mesh ... 
v_in template a torch.Size([1, 139994, 3])
f_in template a torch.Size([1, 279984, 3])
v_gt a torch.Size([1, 146978, 3])
f_gt a torch.Size([1, 293952, 3])
v.shape torch.Size([1, 139994, 3])
f.shape torch.Size([1, 279984, 3])
template normal torch.Size([1, 139994, 3])
v_gm (139994, 3)
f_gm (279984, 3)
n_gm (139994, 3)
v.shape torch.Size([1, 139994, 3])
f.shape torch.Size([1, 279984, 3])
v.shape torch.Size([1, 139994, 3])
f.shape torch.Size([1, 279984, 3])
v.shape torch.Size([1, 139994, 3])
f.shape torch.Size([1, 279984, 3])
v.shape torch.Size([1, 139994, 3])
f.shape torch.Size([1, 279984, 3])
v.shape torch.Size([1, 139994, 3])
f.shape torch.Size([1, 279984, 3])
v.shape torch.Size([1, 139994, 3])
f.shape torch.Size([1, 279984, 3])
v.shape torch.Size([1, 139994, 3])
f.shape torch.Size([1, 279984, 3])
v.shape torch.Size([1, 139994, 3])
f.shape torch.Size([1, 279984, 3])
v.shape torch.Size([1, 139994, 3])
f.shape torch.Size([1, 279984, 3])
v.shape torch.Size([1, 139994, 3])
f.shape torch.Size([1, 279984, 3])
v.shape torch.Size([1, 139994, 3])
f.shape torch.Size([1, 279984, 3])
v.shape torch.Size([1, 139994, 3])
f.shape torch.Size([1, 279984, 3])
v.shape torch.Size([1, 139994, 3])
f.shape torch.Size([1, 279984, 3])
v.shape torch.Size([1, 139994, 3])
f.shape torch.Size([1, 279984, 3])
v.shape torch.Size([1, 139994, 3])
f.shape torch.Size([1, 279984, 3])
v.shape torch.Size([1, 139994, 3])
f.shape torch.Size([1, 279984, 3])
v.shape torch.Size([1, 139994, 3])
f.shape torch.Size([1, 279984, 3])
v.shape torch.Size([1, 139994, 3])
f.shape torch.Size([1, 279984, 3])
v.shape torch.Size([1, 139994, 3])
f.shape torch.Size([1, 279984, 3])
v.shape torch.Size([1, 139994, 3])
f.shape torch.Size([1, 279984, 3])
v.shape torch.Size([1, 139994, 3])
f.shape torch.Size([1, 279984, 3])
v.shape torch.Size([1, 139994, 3])
f.shape torch.Size([1, 279984, 3])
v.shape torch.Size([1, 139994, 3])
f.shape torch.Size([1, 279984, 3])
v.shape torch.Size([1, 139994, 3])
f.shape torch.Size([1, 279984, 3])
v.shape torch.Size([1, 139994, 3])
f.shape torch.Size([1, 279984, 3])
v.shape torch.Size([1, 139994, 3])
f.shape torch.Size([1, 279984, 3])
v.shape torch.Size([1, 139994, 3])
f.shape torch.Size([1, 279984, 3])
v.shape torch.Size([1, 139994, 3])
f.shape torch.Size([1, 279984, 3])
v.shape torch.Size([1, 139994, 3])
f.shape torch.Size([1, 279984, 3])
v.shape torch.Size([1, 139994, 3])
f.shape torch.Size([1, 279984, 3])
v.shape torch.Size([1, 139994, 3])
f.shape torch.Size([1, 279984, 3])
v.shape torch.Size([1, 139994, 3])
f.shape torch.Size([1, 279984, 3])
v.shape torch.Size([1, 139994, 3])
f.shape torch.Size([1, 279984, 3])
v.shape torch.Size([1, 139994, 3])
f.shape torch.Size([1, 279984, 3])
v.shape torch.Size([1, 139994, 3])
f.shape torch.Size([1, 279984, 3])
v.shape torch.Size([1, 139994, 3])
f.shape torch.Size([1, 279984, 3])
v.shape torch.Size([1, 139994, 3])
f.shape torch.Size([1, 279984, 3])
v.shape torch.Size([1, 139994, 3])
f.shape torch.Size([1, 279984, 3])
v.shape torch.Size([1, 139994, 3])
f.shape torch.Size([1, 279984, 3])
v.shape torch.Size([1, 139994, 3])
f.shape torch.Size([1, 279984, 3])
v.shape torch.Size([1, 139994, 3])
f.shape torch.Size([1, 279984, 3])
v.shape torch.Size([1, 139994, 3])
f.shape torch.Size([1, 279984, 3])
v.shape torch.Size([1, 139994, 3])
f.shape torch.Size([1, 279984, 3])
v.shape torch.Size([1, 139994, 3])
f.shape torch.Size([1, 279984, 3])
v.shape torch.Size([1, 139994, 3])
f.shape torch.Size([1, 279984, 3])
v.shape torch.Size([1, 139994, 3])
f.shape torch.Size([1, 279984, 3])
v.shape torch.Size([1, 139994, 3])
f.shape torch.Size([1, 279984, 3])
v.shape torch.Size([1, 139994, 3])
f.shape torch.Size([1, 279984, 3])
v.shape torch.Size([1, 139994, 3])
f.shape torch.Size([1, 279984, 3])
v.shape torch.Size([1, 139994, 3])
f.shape torch.Size([1, 279984, 3])
v.shape torch.Size([1, 139994, 3])
f.shape torch.Size([1, 279984, 3])
v.shape torch.Size([1, 139994, 3])
f.shape torch.Size([1, 279984, 3])
v.shape torch.Size([1, 139994, 3])
f.shape torch.Size([1, 279984, 3])
v.shape torch.Size([1, 139994, 3])
f.shape torch.Size([1, 279984, 3])
v.shape torch.Size([1, 139994, 3])
f.shape torch.Size([1, 279984, 3])
v.shape torch.Size([1, 139994, 3])
f.shape torch.Size([1, 279984, 3])
v.shape torch.Size([1, 139994, 3])
f.shape torch.Size([1, 279984, 3])
v.shape torch.Size([1, 139994, 3])
f.shape torch.Size([1, 279984, 3])
v.shape torch.Size([1, 139994, 3])
f.shape torch.Size([1, 279984, 3])
v.shape torch.Size([1, 139994, 3])
f.shape torch.Size([1, 279984, 3])
v.shape torch.Size([1, 139994, 3])
f.shape torch.Size([1, 279984, 3])
v.shape torch.Size([1, 139994, 3])
f.shape torch.Size([1, 279984, 3])
v.shape torch.Size([1, 139994, 3])
f.shape torch.Size([1, 279984, 3])
v.shape torch.Size([1, 139994, 3])
f.shape torch.Size([1, 279984, 3])
v.shape torch.Size([1, 139994, 3])
f.shape torch.Size([1, 279984, 3])
v.shape torch.Size([1, 139994, 3])
f.shape torch.Size([1, 279984, 3])
v.shape torch.Size([1, 139994, 3])
f.shape torch.Size([1, 279984, 3])
v.shape torch.Size([1, 139994, 3])
f.shape torch.Size([1, 279984, 3])
v.shape torch.Size([1, 139994, 3])
f.shape torch.Size([1, 279984, 3])
v.shape torch.Size([1, 139994, 3])
f.shape torch.Size([1, 279984, 3])
v.shape torch.Size([1, 139994, 3])
f.shape torch.Size([1, 279984, 3])
v.shape torch.Size([1, 139994, 3])
f.shape torch.Size([1, 279984, 3])
v.shape torch.Size([1, 139994, 3])
f.shape torch.Size([1, 279984, 3])
v.shape torch.Size([1, 139994, 3])
f.shape torch.Size([1, 279984, 3])
v.shape torch.Size([1, 139994, 3])
f.shape torch.Size([1, 279984, 3])
Epoch:0, training loss:103.64352925618489
----------------------------
Start validation ...
v.shape torch.Size([1, 139994, 3])
f.shape torch.Size([1, 279984, 3])
v.shape torch.Size([1, 139994, 3])
f.shape torch.Size([1, 279984, 3])
v.shape torch.Size([1, 139994, 3])
f.shape torch.Size([1, 279984, 3])
v.shape torch.Size([1, 139994, 3])
f.shape torch.Size([1, 279984, 3])
v.shape torch.Size([1, 139994, 3])
f.shape torch.Size([1, 279984, 3])
v.shape torch.Size([1, 139994, 3])
f.shape torch.Size([1, 279984, 3])
v.shape torch.Size([1, 139994, 3])
f.shape torch.Size([1, 279984, 3])
v.shape torch.Size([1, 139994, 3])
f.shape torch.Size([1, 279984, 3])
v.shape torch.Size([1, 139994, 3])
f.shape torch.Size([1, 279984, 3])
v.shape torch.Size([1, 139994, 3])
f.shape torch.Size([1, 279984, 3])
v.shape torch.Size([1, 139994, 3])
f.shape torch.Size([1, 279984, 3])
v.shape torch.Size([1, 139994, 3])
f.shape torch.Size([1, 279984, 3])
v.shape torch.Size([1, 139994, 3])
f.shape torch.Size([1, 279984, 3])
v.shape torch.Size([1, 139994, 3])
f.shape torch.Size([1, 279984, 3])
v.shape torch.Size([1, 139994, 3])
f.shape torch.Size([1, 279984, 3])
v.shape torch.Size([1, 139994, 3])
f.shape torch.Size([1, 279984, 3])
v.shape torch.Size([1, 139994, 3])
f.shape torch.Size([1, 279984, 3])
v.shape torch.Size([1, 139994, 3])
f.shape torch.Size([1, 279984, 3])
v.shape torch.Size([1, 139994, 3])
f.shape torch.Size([1, 279984, 3])
v.shape torch.Size([1, 139994, 3])
f.shape torch.Size([1, 279984, 3])
v.shape torch.Size([1, 139994, 3])
f.shape torch.Size([1, 279984, 3])
v.shape torch.Size([1, 139994, 3])
f.shape torch.Size([1, 279984, 3])
v.shape torch.Size([1, 139994, 3])
f.shape torch.Size([1, 279984, 3])
v.shape torch.Size([1, 139994, 3])
f.shape torch.Size([1, 279984, 3])
v.shape torch.Size([1, 139994, 3])
f.shape torch.Size([1, 279984, 3])
Validation error:94.81761932373047
Save model checkpoints ... 
Save pial surface mesh ... 
v.shape torch.Size([1, 139994, 3])
f.shape torch.Size([1, 279984, 3])
Maximum allocated GPU memory: 2.66 GiB
Finish validation.
----------------------------
v.shape torch.Size([1, 139994, 3])
f.shape torch.Size([1, 279984, 3])
v.shape torch.Size([1, 139994, 3])
f.shape torch.Size([1, 279984, 3])
v.shape torch.Size([1, 139994, 3])
f.shape torch.Size([1, 279984, 3])
v.shape torch.Size([1, 139994, 3])
f.shape torch.Size([1, 279984, 3])
v.shape torch.Size([1, 139994, 3])
f.shape torch.Size([1, 279984, 3])
v.shape torch.Size([1, 139994, 3])
f.shape torch.Size([1, 279984, 3])
v.shape torch.Size([1, 139994, 3])
f.shape torch.Size([1, 279984, 3])
v.shape torch.Size([1, 139994, 3])
f.shape torch.Size([1, 279984, 3])
v.shape torch.Size([1, 139994, 3])
f.shape torch.Size([1, 279984, 3])
v.shape torch.Size([1, 139994, 3])
f.shape torch.Size([1, 279984, 3])
v.shape torch.Size([1, 139994, 3])
f.shape torch.Size([1, 279984, 3])
v.shape torch.Size([1, 139994, 3])
f.shape torch.Size([1, 279984, 3])
v.shape torch.Size([1, 139994, 3])
f.shape torch.Size([1, 279984, 3])
v.shape torch.Size([1, 139994, 3])
f.shape torch.Size([1, 279984, 3])
v.shape torch.Size([1, 139994, 3])
f.shape torch.Size([1, 279984, 3])
v.shape torch.Size([1, 139994, 3])
f.shape torch.Size([1, 279984, 3])
v.shape torch.Size([1, 139994, 3])
f.shape torch.Size([1, 279984, 3])
v.shape torch.Size([1, 139994, 3])
f.shape torch.Size([1, 279984, 3])
v.shape torch.Size([1, 139994, 3])
f.shape torch.Size([1, 279984, 3])
v.shape torch.Size([1, 139994, 3])
f.shape torch.Size([1, 279984, 3])
v.shape torch.Size([1, 139994, 3])
f.shape torch.Size([1, 279984, 3])
v.shape torch.Size([1, 139994, 3])
f.shape torch.Size([1, 279984, 3])
v.shape torch.Size([1, 139994, 3])
f.shape torch.Size([1, 279984, 3])
v.shape torch.Size([1, 139994, 3])
f.shape torch.Size([1, 279984, 3])
v.shape torch.Size([1, 139994, 3])
f.shape torch.Size([1, 279984, 3])
v.shape torch.Size([1, 139994, 3])
f.shape torch.Size([1, 279984, 3])
v.shape torch.Size([1, 139994, 3])
f.shape torch.Size([1, 279984, 3])
v.shape torch.Size([1, 139994, 3])
f.shape torch.Size([1, 279984, 3])
v.shape torch.Size([1, 139994, 3])
f.shape torch.Size([1, 279984, 3])
v.shape torch.Size([1, 139994, 3])
f.shape torch.Size([1, 279984, 3])
v.shape torch.Size([1, 139994, 3])
f.shape torch.Size([1, 279984, 3])
v.shape torch.Size([1, 139994, 3])
f.shape torch.Size([1, 279984, 3])
v.shape torch.Size([1, 139994, 3])
f.shape torch.Size([1, 279984, 3])
v.shape torch.Size([1, 139994, 3])
f.shape torch.Size([1, 279984, 3])
v.shape torch.Size([1, 139994, 3])
f.shape torch.Size([1, 279984, 3])
v.shape torch.Size([1, 139994, 3])
f.shape torch.Size([1, 279984, 3])
v.shape torch.Size([1, 139994, 3])
f.shape torch.Size([1, 279984, 3])
v.shape torch.Size([1, 139994, 3])
f.shape torch.Size([1, 279984, 3])
v.shape torch.Size([1, 139994, 3])
f.shape torch.Size([1, 279984, 3])
v.shape torch.Size([1, 139994, 3])
f.shape torch.Size([1, 279984, 3])
v.shape torch.Size([1, 139994, 3])
f.shape torch.Size([1, 279984, 3])
v.shape torch.Size([1, 139994, 3])
f.shape torch.Size([1, 279984, 3])
v.shape torch.Size([1, 139994, 3])
f.shape torch.Size([1, 279984, 3])
v.shape torch.Size([1, 139994, 3])
f.shape torch.Size([1, 279984, 3])
v.shape torch.Size([1, 139994, 3])
f.shape torch.Size([1, 279984, 3])
v.shape torch.Size([1, 139994, 3])
f.shape torch.Size([1, 279984, 3])
v.shape torch.Size([1, 139994, 3])
f.shape torch.Size([1, 279984, 3])
v.shape torch.Size([1, 139994, 3])
f.shape torch.Size([1, 279984, 3])
v.shape torch.Size([1, 139994, 3])
f.shape torch.Size([1, 279984, 3])
v.shape torch.Size([1, 139994, 3])
f.shape torch.Size([1, 279984, 3])
v.shape torch.Size([1, 139994, 3])
f.shape torch.Size([1, 279984, 3])
v.shape torch.Size([1, 139994, 3])
f.shape torch.Size([1, 279984, 3])
v.shape torch.Size([1, 139994, 3])
f.shape torch.Size([1, 279984, 3])
v.shape torch.Size([1, 139994, 3])
f.shape torch.Size([1, 279984, 3])
v.shape torch.Size([1, 139994, 3])
f.shape torch.Size([1, 279984, 3])
v.shape torch.Size([1, 139994, 3])
f.shape torch.Size([1, 279984, 3])
v.shape torch.Size([1, 139994, 3])
f.shape torch.Size([1, 279984, 3])
v.shape torch.Size([1, 139994, 3])
f.shape torch.Size([1, 279984, 3])
v.shape torch.Size([1, 139994, 3])
f.shape torch.Size([1, 279984, 3])
v.shape torch.Size([1, 139994, 3])
f.shape torch.Size([1, 279984, 3])
v.shape torch.Size([1, 139994, 3])
f.shape torch.Size([1, 279984, 3])
v.shape torch.Size([1, 139994, 3])
f.shape torch.Size([1, 279984, 3])
v.shape torch.Size([1, 139994, 3])
f.shape torch.Size([1, 279984, 3])
v.shape torch.Size([1, 139994, 3])
f.shape torch.Size([1, 279984, 3])
v.shape torch.Size([1, 139994, 3])
f.shape torch.Size([1, 279984, 3])
v.shape torch.Size([1, 139994, 3])
f.shape torch.Size([1, 279984, 3])
v.shape torch.Size([1, 139994, 3])
f.shape torch.Size([1, 279984, 3])
v.shape torch.Size([1, 139994, 3])
f.shape torch.Size([1, 279984, 3])
v.shape torch.Size([1, 139994, 3])
f.shape torch.Size([1, 279984, 3])
v.shape torch.Size([1, 139994, 3])
f.shape torch.Size([1, 279984, 3])
v.shape torch.Size([1, 139994, 3])
f.shape torch.Size([1, 279984, 3])
v.shape torch.Size([1, 139994, 3])
f.shape torch.Size([1, 279984, 3])
v.shape torch.Size([1, 139994, 3])
f.shape torch.Size([1, 279984, 3])
v.shape torch.Size([1, 139994, 3])
f.shape torch.Size([1, 279984, 3])
v.shape torch.Size([1, 139994, 3])
f.shape torch.Size([1, 279984, 3])
Epoch:1, training loss:84.22506713867188
v.shape torch.Size([1, 139994, 3])
f.shape torch.Size([1, 279984, 3])
v.shape torch.Size([1, 139994, 3])
f.shape torch.Size([1, 279984, 3])
v.shape torch.Size([1, 139994, 3])
f.shape torch.Size([1, 279984, 3])
v.shape torch.Size([1, 139994, 3])
f.shape torch.Size([1, 279984, 3])
v.shape torch.Size([1, 139994, 3])
f.shape torch.Size([1, 279984, 3])
v.shape torch.Size([1, 139994, 3])
f.shape torch.Size([1, 279984, 3])
v.shape torch.Size([1, 139994, 3])
f.shape torch.Size([1, 279984, 3])
v.shape torch.Size([1, 139994, 3])
f.shape torch.Size([1, 279984, 3])
v.shape torch.Size([1, 139994, 3])
f.shape torch.Size([1, 279984, 3])
v.shape torch.Size([1, 139994, 3])
f.shape torch.Size([1, 279984, 3])
v.shape torch.Size([1, 139994, 3])
f.shape torch.Size([1, 279984, 3])
v.shape torch.Size([1, 139994, 3])
f.shape torch.Size([1, 279984, 3])
v.shape torch.Size([1, 139994, 3])
f.shape torch.Size([1, 279984, 3])
v.shape torch.Size([1, 139994, 3])
f.shape torch.Size([1, 279984, 3])
v.shape torch.Size([1, 139994, 3])
f.shape torch.Size([1, 279984, 3])
v.shape torch.Size([1, 139994, 3])
f.shape torch.Size([1, 279984, 3])
v.shape torch.Size([1, 139994, 3])
f.shape torch.Size([1, 279984, 3])
v.shape torch.Size([1, 139994, 3])
f.shape torch.Size([1, 279984, 3])
v.shape torch.Size([1, 139994, 3])
f.shape torch.Size([1, 279984, 3])
v.shape torch.Size([1, 139994, 3])
f.shape torch.Size([1, 279984, 3])
v.shape torch.Size([1, 139994, 3])
f.shape torch.Size([1, 279984, 3])
v.shape torch.Size([1, 139994, 3])
f.shape torch.Size([1, 279984, 3])
v.shape torch.Size([1, 139994, 3])
f.shape torch.Size([1, 279984, 3])
v.shape torch.Size([1, 139994, 3])
f.shape torch.Size([1, 279984, 3])
v.shape torch.Size([1, 139994, 3])
f.shape torch.Size([1, 279984, 3])
v.shape torch.Size([1, 139994, 3])
f.shape torch.Size([1, 279984, 3])
v.shape torch.Size([1, 139994, 3])
f.shape torch.Size([1, 279984, 3])
v.shape torch.Size([1, 139994, 3])
f.shape torch.Size([1, 279984, 3])
v.shape torch.Size([1, 139994, 3])
f.shape torch.Size([1, 279984, 3])
v.shape torch.Size([1, 139994, 3])
f.shape torch.Size([1, 279984, 3])
v.shape torch.Size([1, 139994, 3])
f.shape torch.Size([1, 279984, 3])
v.shape torch.Size([1, 139994, 3])
f.shape torch.Size([1, 279984, 3])
v.shape torch.Size([1, 139994, 3])
f.shape torch.Size([1, 279984, 3])
v.shape torch.Size([1, 139994, 3])
f.shape torch.Size([1, 279984, 3])
v.shape torch.Size([1, 139994, 3])
f.shape torch.Size([1, 279984, 3])
v.shape torch.Size([1, 139994, 3])
f.shape torch.Size([1, 279984, 3])
v.shape torch.Size([1, 139994, 3])
f.shape torch.Size([1, 279984, 3])
v.shape torch.Size([1, 139994, 3])
f.shape torch.Size([1, 279984, 3])
v.shape torch.Size([1, 139994, 3])
f.shape torch.Size([1, 279984, 3])
v.shape torch.Size([1, 139994, 3])
f.shape torch.Size([1, 279984, 3])
v.shape torch.Size([1, 139994, 3])
f.shape torch.Size([1, 279984, 3])
v.shape torch.Size([1, 139994, 3])
f.shape torch.Size([1, 279984, 3])
v.shape torch.Size([1, 139994, 3])
f.shape torch.Size([1, 279984, 3])
v.shape torch.Size([1, 139994, 3])
f.shape torch.Size([1, 279984, 3])
v.shape torch.Size([1, 139994, 3])
f.shape torch.Size([1, 279984, 3])
v.shape torch.Size([1, 139994, 3])
f.shape torch.Size([1, 279984, 3])
v.shape torch.Size([1, 139994, 3])
f.shape torch.Size([1, 279984, 3])
v.shape torch.Size([1, 139994, 3])
f.shape torch.Size([1, 279984, 3])
v.shape torch.Size([1, 139994, 3])
f.shape torch.Size([1, 279984, 3])
v.shape torch.Size([1, 139994, 3])
f.shape torch.Size([1, 279984, 3])
v.shape torch.Size([1, 139994, 3])
f.shape torch.Size([1, 279984, 3])
v.shape torch.Size([1, 139994, 3])
f.shape torch.Size([1, 279984, 3])
v.shape torch.Size([1, 139994, 3])
f.shape torch.Size([1, 279984, 3])
v.shape torch.Size([1, 139994, 3])
f.shape torch.Size([1, 279984, 3])
v.shape torch.Size([1, 139994, 3])
f.shape torch.Size([1, 279984, 3])
v.shape torch.Size([1, 139994, 3])
f.shape torch.Size([1, 279984, 3])
v.shape torch.Size([1, 139994, 3])
f.shape torch.Size([1, 279984, 3])
v.shape torch.Size([1, 139994, 3])
f.shape torch.Size([1, 279984, 3])
v.shape torch.Size([1, 139994, 3])
f.shape torch.Size([1, 279984, 3])
v.shape torch.Size([1, 139994, 3])
f.shape torch.Size([1, 279984, 3])
v.shape torch.Size([1, 139994, 3])
f.shape torch.Size([1, 279984, 3])
v.shape torch.Size([1, 139994, 3])
f.shape torch.Size([1, 279984, 3])
v.shape torch.Size([1, 139994, 3])
f.shape torch.Size([1, 279984, 3])
v.shape torch.Size([1, 139994, 3])
f.shape torch.Size([1, 279984, 3])
v.shape torch.Size([1, 139994, 3])
f.shape torch.Size([1, 279984, 3])
v.shape torch.Size([1, 139994, 3])
f.shape torch.Size([1, 279984, 3])
v.shape torch.Size([1, 139994, 3])
f.shape torch.Size([1, 279984, 3])
v.shape torch.Size([1, 139994, 3])
f.shape torch.Size([1, 279984, 3])
v.shape torch.Size([1, 139994, 3])
f.shape torch.Size([1, 279984, 3])
v.shape torch.Size([1, 139994, 3])
f.shape torch.Size([1, 279984, 3])
v.shape torch.Size([1, 139994, 3])
f.shape torch.Size([1, 279984, 3])
v.shape torch.Size([1, 139994, 3])
f.shape torch.Size([1, 279984, 3])
v.shape torch.Size([1, 139994, 3])
f.shape torch.Size([1, 279984, 3])
v.shape torch.Size([1, 139994, 3])
f.shape torch.Size([1, 279984, 3])
v.shape torch.Size([1, 139994, 3])
f.shape torch.Size([1, 279984, 3])
Epoch:2, training loss:80.93577575683594
v.shape torch.Size([1, 139994, 3])
f.shape torch.Size([1, 279984, 3])
v.shape torch.Size([1, 139994, 3])
f.shape torch.Size([1, 279984, 3])
v.shape torch.Size([1, 139994, 3])
f.shape torch.Size([1, 279984, 3])
v.shape torch.Size([1, 139994, 3])
f.shape torch.Size([1, 279984, 3])
v.shape torch.Size([1, 139994, 3])
f.shape torch.Size([1, 279984, 3])
v.shape torch.Size([1, 139994, 3])
f.shape torch.Size([1, 279984, 3])
v.shape torch.Size([1, 139994, 3])
f.shape torch.Size([1, 279984, 3])
v.shape torch.Size([1, 139994, 3])
f.shape torch.Size([1, 279984, 3])
v.shape torch.Size([1, 139994, 3])
f.shape torch.Size([1, 279984, 3])
v.shape torch.Size([1, 139994, 3])
f.shape torch.Size([1, 279984, 3])
v.shape torch.Size([1, 139994, 3])
f.shape torch.Size([1, 279984, 3])
v.shape torch.Size([1, 139994, 3])
f.shape torch.Size([1, 279984, 3])
v.shape torch.Size([1, 139994, 3])
f.shape torch.Size([1, 279984, 3])
v.shape torch.Size([1, 139994, 3])
f.shape torch.Size([1, 279984, 3])
v.shape torch.Size([1, 139994, 3])
f.shape torch.Size([1, 279984, 3])
v.shape torch.Size([1, 139994, 3])
f.shape torch.Size([1, 279984, 3])
v.shape torch.Size([1, 139994, 3])
f.shape torch.Size([1, 279984, 3])
v.shape torch.Size([1, 139994, 3])
f.shape torch.Size([1, 279984, 3])
v.shape torch.Size([1, 139994, 3])
f.shape torch.Size([1, 279984, 3])
v.shape torch.Size([1, 139994, 3])
f.shape torch.Size([1, 279984, 3])
v.shape torch.Size([1, 139994, 3])
f.shape torch.Size([1, 279984, 3])
v.shape torch.Size([1, 139994, 3])
f.shape torch.Size([1, 279984, 3])
v.shape torch.Size([1, 139994, 3])
f.shape torch.Size([1, 279984, 3])
v.shape torch.Size([1, 139994, 3])
f.shape torch.Size([1, 279984, 3])
v.shape torch.Size([1, 139994, 3])
f.shape torch.Size([1, 279984, 3])
v.shape torch.Size([1, 139994, 3])
f.shape torch.Size([1, 279984, 3])
v.shape torch.Size([1, 139994, 3])
f.shape torch.Size([1, 279984, 3])
v.shape torch.Size([1, 139994, 3])
f.shape torch.Size([1, 279984, 3])
v.shape torch.Size([1, 139994, 3])
f.shape torch.Size([1, 279984, 3])
v.shape torch.Size([1, 139994, 3])
f.shape torch.Size([1, 279984, 3])
v.shape torch.Size([1, 139994, 3])
f.shape torch.Size([1, 279984, 3])
v.shape torch.Size([1, 139994, 3])
f.shape torch.Size([1, 279984, 3])
v.shape torch.Size([1, 139994, 3])
f.shape torch.Size([1, 279984, 3])
v.shape torch.Size([1, 139994, 3])
f.shape torch.Size([1, 279984, 3])
v.shape torch.Size([1, 139994, 3])
f.shape torch.Size([1, 279984, 3])
v.shape torch.Size([1, 139994, 3])
f.shape torch.Size([1, 279984, 3])
v.shape torch.Size([1, 139994, 3])
f.shape torch.Size([1, 279984, 3])
v.shape torch.Size([1, 139994, 3])
f.shape torch.Size([1, 279984, 3])
v.shape torch.Size([1, 139994, 3])
f.shape torch.Size([1, 279984, 3])
v.shape torch.Size([1, 139994, 3])
f.shape torch.Size([1, 279984, 3])
v.shape torch.Size([1, 139994, 3])
f.shape torch.Size([1, 279984, 3])
v.shape torch.Size([1, 139994, 3])
f.shape torch.Size([1, 279984, 3])
v.shape torch.Size([1, 139994, 3])
f.shape torch.Size([1, 279984, 3])
v.shape torch.Size([1, 139994, 3])
f.shape torch.Size([1, 279984, 3])
v.shape torch.Size([1, 139994, 3])
f.shape torch.Size([1, 279984, 3])
v.shape torch.Size([1, 139994, 3])
f.shape torch.Size([1, 279984, 3])
v.shape torch.Size([1, 139994, 3])
f.shape torch.Size([1, 279984, 3])
v.shape torch.Size([1, 139994, 3])
f.shape torch.Size([1, 279984, 3])
v.shape torch.Size([1, 139994, 3])
f.shape torch.Size([1, 279984, 3])
v.shape torch.Size([1, 139994, 3])
f.shape torch.Size([1, 279984, 3])
v.shape torch.Size([1, 139994, 3])
f.shape torch.Size([1, 279984, 3])
v.shape torch.Size([1, 139994, 3])
f.shape torch.Size([1, 279984, 3])
v.shape torch.Size([1, 139994, 3])
f.shape torch.Size([1, 279984, 3])
v.shape torch.Size([1, 139994, 3])
f.shape torch.Size([1, 279984, 3])
v.shape torch.Size([1, 139994, 3])
f.shape torch.Size([1, 279984, 3])
v.shape torch.Size([1, 139994, 3])
f.shape torch.Size([1, 279984, 3])
v.shape torch.Size([1, 139994, 3])
f.shape torch.Size([1, 279984, 3])
v.shape torch.Size([1, 139994, 3])
f.shape torch.Size([1, 279984, 3])
v.shape torch.Size([1, 139994, 3])
f.shape torch.Size([1, 279984, 3])
v.shape torch.Size([1, 139994, 3])
f.shape torch.Size([1, 279984, 3])
v.shape torch.Size([1, 139994, 3])
f.shape torch.Size([1, 279984, 3])
v.shape torch.Size([1, 139994, 3])
f.shape torch.Size([1, 279984, 3])
v.shape torch.Size([1, 139994, 3])
f.shape torch.Size([1, 279984, 3])
v.shape torch.Size([1, 139994, 3])
f.shape torch.Size([1, 279984, 3])
v.shape torch.Size([1, 139994, 3])
f.shape torch.Size([1, 279984, 3])
v.shape torch.Size([1, 139994, 3])
f.shape torch.Size([1, 279984, 3])
v.shape torch.Size([1, 139994, 3])
f.shape torch.Size([1, 279984, 3])
v.shape torch.Size([1, 139994, 3])
f.shape torch.Size([1, 279984, 3])
v.shape torch.Size([1, 139994, 3])
f.shape torch.Size([1, 279984, 3])
v.shape torch.Size([1, 139994, 3])
f.shape torch.Size([1, 279984, 3])
v.shape torch.Size([1, 139994, 3])
f.shape torch.Size([1, 279984, 3])
v.shape torch.Size([1, 139994, 3])
f.shape torch.Size([1, 279984, 3])
v.shape torch.Size([1, 139994, 3])
f.shape torch.Size([1, 279984, 3])
v.shape torch.Size([1, 139994, 3])
f.shape torch.Size([1, 279984, 3])
v.shape torch.Size([1, 139994, 3])
f.shape torch.Size([1, 279984, 3])
Epoch:3, training loss:79.78119405110677
v.shape torch.Size([1, 139994, 3])
f.shape torch.Size([1, 279984, 3])
v.shape torch.Size([1, 139994, 3])
f.shape torch.Size([1, 279984, 3])
v.shape torch.Size([1, 139994, 3])
f.shape torch.Size([1, 279984, 3])
v.shape torch.Size([1, 139994, 3])
f.shape torch.Size([1, 279984, 3])
v.shape torch.Size([1, 139994, 3])
f.shape torch.Size([1, 279984, 3])
v.shape torch.Size([1, 139994, 3])
f.shape torch.Size([1, 279984, 3])
v.shape torch.Size([1, 139994, 3])
f.shape torch.Size([1, 279984, 3])
v.shape torch.Size([1, 139994, 3])
f.shape torch.Size([1, 279984, 3])
v.shape torch.Size([1, 139994, 3])
f.shape torch.Size([1, 279984, 3])
v.shape torch.Size([1, 139994, 3])
f.shape torch.Size([1, 279984, 3])
v.shape torch.Size([1, 139994, 3])
f.shape torch.Size([1, 279984, 3])
v.shape torch.Size([1, 139994, 3])
f.shape torch.Size([1, 279984, 3])
v.shape torch.Size([1, 139994, 3])
f.shape torch.Size([1, 279984, 3])
v.shape torch.Size([1, 139994, 3])
f.shape torch.Size([1, 279984, 3])
v.shape torch.Size([1, 139994, 3])
f.shape torch.Size([1, 279984, 3])
v.shape torch.Size([1, 139994, 3])
f.shape torch.Size([1, 279984, 3])
v.shape torch.Size([1, 139994, 3])
f.shape torch.Size([1, 279984, 3])
v.shape torch.Size([1, 139994, 3])
f.shape torch.Size([1, 279984, 3])
v.shape torch.Size([1, 139994, 3])
f.shape torch.Size([1, 279984, 3])
v.shape torch.Size([1, 139994, 3])
f.shape torch.Size([1, 279984, 3])
v.shape torch.Size([1, 139994, 3])
f.shape torch.Size([1, 279984, 3])
v.shape torch.Size([1, 139994, 3])
f.shape torch.Size([1, 279984, 3])
v.shape torch.Size([1, 139994, 3])
f.shape torch.Size([1, 279984, 3])
v.shape torch.Size([1, 139994, 3])
f.shape torch.Size([1, 279984, 3])
v.shape torch.Size([1, 139994, 3])
f.shape torch.Size([1, 279984, 3])
v.shape torch.Size([1, 139994, 3])
f.shape torch.Size([1, 279984, 3])
v.shape torch.Size([1, 139994, 3])
f.shape torch.Size([1, 279984, 3])
v.shape torch.Size([1, 139994, 3])
f.shape torch.Size([1, 279984, 3])
v.shape torch.Size([1, 139994, 3])
f.shape torch.Size([1, 279984, 3])
v.shape torch.Size([1, 139994, 3])
f.shape torch.Size([1, 279984, 3])
v.shape torch.Size([1, 139994, 3])
f.shape torch.Size([1, 279984, 3])
v.shape torch.Size([1, 139994, 3])
f.shape torch.Size([1, 279984, 3])
v.shape torch.Size([1, 139994, 3])
f.shape torch.Size([1, 279984, 3])
v.shape torch.Size([1, 139994, 3])
f.shape torch.Size([1, 279984, 3])
v.shape torch.Size([1, 139994, 3])
f.shape torch.Size([1, 279984, 3])
v.shape torch.Size([1, 139994, 3])
f.shape torch.Size([1, 279984, 3])
v.shape torch.Size([1, 139994, 3])
f.shape torch.Size([1, 279984, 3])
v.shape torch.Size([1, 139994, 3])
f.shape torch.Size([1, 279984, 3])
v.shape torch.Size([1, 139994, 3])
f.shape torch.Size([1, 279984, 3])
v.shape torch.Size([1, 139994, 3])
f.shape torch.Size([1, 279984, 3])
v.shape torch.Size([1, 139994, 3])
f.shape torch.Size([1, 279984, 3])
v.shape torch.Size([1, 139994, 3])
f.shape torch.Size([1, 279984, 3])
v.shape torch.Size([1, 139994, 3])
f.shape torch.Size([1, 279984, 3])
v.shape torch.Size([1, 139994, 3])
f.shape torch.Size([1, 279984, 3])
v.shape torch.Size([1, 139994, 3])
f.shape torch.Size([1, 279984, 3])
v.shape torch.Size([1, 139994, 3])
f.shape torch.Size([1, 279984, 3])
v.shape torch.Size([1, 139994, 3])
f.shape torch.Size([1, 279984, 3])
v.shape torch.Size([1, 139994, 3])
f.shape torch.Size([1, 279984, 3])
v.shape torch.Size([1, 139994, 3])
f.shape torch.Size([1, 279984, 3])
v.shape torch.Size([1, 139994, 3])
f.shape torch.Size([1, 279984, 3])
v.shape torch.Size([1, 139994, 3])
f.shape torch.Size([1, 279984, 3])
v.shape torch.Size([1, 139994, 3])
f.shape torch.Size([1, 279984, 3])
v.shape torch.Size([1, 139994, 3])
f.shape torch.Size([1, 279984, 3])
v.shape torch.Size([1, 139994, 3])
f.shape torch.Size([1, 279984, 3])
v.shape torch.Size([1, 139994, 3])
f.shape torch.Size([1, 279984, 3])
v.shape torch.Size([1, 139994, 3])
f.shape torch.Size([1, 279984, 3])
v.shape torch.Size([1, 139994, 3])
f.shape torch.Size([1, 279984, 3])
v.shape torch.Size([1, 139994, 3])
f.shape torch.Size([1, 279984, 3])
v.shape torch.Size([1, 139994, 3])
f.shape torch.Size([1, 279984, 3])
v.shape torch.Size([1, 139994, 3])
f.shape torch.Size([1, 279984, 3])
v.shape torch.Size([1, 139994, 3])
f.shape torch.Size([1, 279984, 3])
v.shape torch.Size([1, 139994, 3])
f.shape torch.Size([1, 279984, 3])
v.shape torch.Size([1, 139994, 3])
f.shape torch.Size([1, 279984, 3])
v.shape torch.Size([1, 139994, 3])
f.shape torch.Size([1, 279984, 3])
v.shape torch.Size([1, 139994, 3])
f.shape torch.Size([1, 279984, 3])
v.shape torch.Size([1, 139994, 3])
f.shape torch.Size([1, 279984, 3])
v.shape torch.Size([1, 139994, 3])
f.shape torch.Size([1, 279984, 3])
v.shape torch.Size([1, 139994, 3])
f.shape torch.Size([1, 279984, 3])
v.shape torch.Size([1, 139994, 3])
f.shape torch.Size([1, 279984, 3])
v.shape torch.Size([1, 139994, 3])
f.shape torch.Size([1, 279984, 3])
v.shape torch.Size([1, 139994, 3])
f.shape torch.Size([1, 279984, 3])
v.shape torch.Size([1, 139994, 3])
f.shape torch.Size([1, 279984, 3])
v.shape torch.Size([1, 139994, 3])
f.shape torch.Size([1, 279984, 3])
v.shape torch.Size([1, 139994, 3])
f.shape torch.Size([1, 279984, 3])
v.shape torch.Size([1, 139994, 3])
f.shape torch.Size([1, 279984, 3])
Epoch:4, training loss:79.18221282958984
v.shape torch.Size([1, 139994, 3])
f.shape torch.Size([1, 279984, 3])
v.shape torch.Size([1, 139994, 3])
f.shape torch.Size([1, 279984, 3])
v.shape torch.Size([1, 139994, 3])
f.shape torch.Size([1, 279984, 3])
v.shape torch.Size([1, 139994, 3])
f.shape torch.Size([1, 279984, 3])
v.shape torch.Size([1, 139994, 3])
f.shape torch.Size([1, 279984, 3])
v.shape torch.Size([1, 139994, 3])
f.shape torch.Size([1, 279984, 3])
v.shape torch.Size([1, 139994, 3])
f.shape torch.Size([1, 279984, 3])
v.shape torch.Size([1, 139994, 3])
f.shape torch.Size([1, 279984, 3])
v.shape torch.Size([1, 139994, 3])
f.shape torch.Size([1, 279984, 3])
v.shape torch.Size([1, 139994, 3])
f.shape torch.Size([1, 279984, 3])
v.shape torch.Size([1, 139994, 3])
f.shape torch.Size([1, 279984, 3])
v.shape torch.Size([1, 139994, 3])
f.shape torch.Size([1, 279984, 3])
v.shape torch.Size([1, 139994, 3])
f.shape torch.Size([1, 279984, 3])
v.shape torch.Size([1, 139994, 3])
f.shape torch.Size([1, 279984, 3])
v.shape torch.Size([1, 139994, 3])
f.shape torch.Size([1, 279984, 3])
v.shape torch.Size([1, 139994, 3])
f.shape torch.Size([1, 279984, 3])
v.shape torch.Size([1, 139994, 3])
f.shape torch.Size([1, 279984, 3])
v.shape torch.Size([1, 139994, 3])
f.shape torch.Size([1, 279984, 3])
v.shape torch.Size([1, 139994, 3])
f.shape torch.Size([1, 279984, 3])
v.shape torch.Size([1, 139994, 3])
f.shape torch.Size([1, 279984, 3])
v.shape torch.Size([1, 139994, 3])
f.shape torch.Size([1, 279984, 3])
v.shape torch.Size([1, 139994, 3])
f.shape torch.Size([1, 279984, 3])
v.shape torch.Size([1, 139994, 3])
f.shape torch.Size([1, 279984, 3])
v.shape torch.Size([1, 139994, 3])
f.shape torch.Size([1, 279984, 3])
v.shape torch.Size([1, 139994, 3])
f.shape torch.Size([1, 279984, 3])
v.shape torch.Size([1, 139994, 3])
f.shape torch.Size([1, 279984, 3])
v.shape torch.Size([1, 139994, 3])
f.shape torch.Size([1, 279984, 3])
v.shape torch.Size([1, 139994, 3])
f.shape torch.Size([1, 279984, 3])
v.shape torch.Size([1, 139994, 3])
f.shape torch.Size([1, 279984, 3])
v.shape torch.Size([1, 139994, 3])
f.shape torch.Size([1, 279984, 3])
v.shape torch.Size([1, 139994, 3])
f.shape torch.Size([1, 279984, 3])
v.shape torch.Size([1, 139994, 3])
f.shape torch.Size([1, 279984, 3])
v.shape torch.Size([1, 139994, 3])
f.shape torch.Size([1, 279984, 3])
v.shape torch.Size([1, 139994, 3])
f.shape torch.Size([1, 279984, 3])
v.shape torch.Size([1, 139994, 3])
f.shape torch.Size([1, 279984, 3])
v.shape torch.Size([1, 139994, 3])
f.shape torch.Size([1, 279984, 3])
v.shape torch.Size([1, 139994, 3])
f.shape torch.Size([1, 279984, 3])
v.shape torch.Size([1, 139994, 3])
f.shape torch.Size([1, 279984, 3])
v.shape torch.Size([1, 139994, 3])
f.shape torch.Size([1, 279984, 3])
v.shape torch.Size([1, 139994, 3])
f.shape torch.Size([1, 279984, 3])
v.shape torch.Size([1, 139994, 3])
f.shape torch.Size([1, 279984, 3])
v.shape torch.Size([1, 139994, 3])
f.shape torch.Size([1, 279984, 3])
v.shape torch.Size([1, 139994, 3])
f.shape torch.Size([1, 279984, 3])
v.shape torch.Size([1, 139994, 3])
f.shape torch.Size([1, 279984, 3])
v.shape torch.Size([1, 139994, 3])
f.shape torch.Size([1, 279984, 3])
v.shape torch.Size([1, 139994, 3])
f.shape torch.Size([1, 279984, 3])
v.shape torch.Size([1, 139994, 3])
f.shape torch.Size([1, 279984, 3])
v.shape torch.Size([1, 139994, 3])
f.shape torch.Size([1, 279984, 3])
v.shape torch.Size([1, 139994, 3])
f.shape torch.Size([1, 279984, 3])
v.shape torch.Size([1, 139994, 3])
f.shape torch.Size([1, 279984, 3])
v.shape torch.Size([1, 139994, 3])
f.shape torch.Size([1, 279984, 3])
v.shape torch.Size([1, 139994, 3])
f.shape torch.Size([1, 279984, 3])
v.shape torch.Size([1, 139994, 3])
f.shape torch.Size([1, 279984, 3])
v.shape torch.Size([1, 139994, 3])
f.shape torch.Size([1, 279984, 3])
v.shape torch.Size([1, 139994, 3])
f.shape torch.Size([1, 279984, 3])
v.shape torch.Size([1, 139994, 3])
f.shape torch.Size([1, 279984, 3])
v.shape torch.Size([1, 139994, 3])
f.shape torch.Size([1, 279984, 3])
v.shape torch.Size([1, 139994, 3])
f.shape torch.Size([1, 279984, 3])
v.shape torch.Size([1, 139994, 3])
f.shape torch.Size([1, 279984, 3])
v.shape torch.Size([1, 139994, 3])
f.shape torch.Size([1, 279984, 3])
v.shape torch.Size([1, 139994, 3])
f.shape torch.Size([1, 279984, 3])
v.shape torch.Size([1, 139994, 3])
f.shape torch.Size([1, 279984, 3])
v.shape torch.Size([1, 139994, 3])
f.shape torch.Size([1, 279984, 3])
v.shape torch.Size([1, 139994, 3])
f.shape torch.Size([1, 279984, 3])
v.shape torch.Size([1, 139994, 3])
f.shape torch.Size([1, 279984, 3])
v.shape torch.Size([1, 139994, 3])
f.shape torch.Size([1, 279984, 3])
v.shape torch.Size([1, 139994, 3])
f.shape torch.Size([1, 279984, 3])
v.shape torch.Size([1, 139994, 3])
f.shape torch.Size([1, 279984, 3])
v.shape torch.Size([1, 139994, 3])
f.shape torch.Size([1, 279984, 3])
v.shape torch.Size([1, 139994, 3])
f.shape torch.Size([1, 279984, 3])
v.shape torch.Size([1, 139994, 3])
f.shape torch.Size([1, 279984, 3])
v.shape torch.Size([1, 139994, 3])
f.shape torch.Size([1, 279984, 3])
v.shape torch.Size([1, 139994, 3])
f.shape torch.Size([1, 279984, 3])
v.shape torch.Size([1, 139994, 3])
f.shape torch.Size([1, 279984, 3])
v.shape torch.Size([1, 139994, 3])
f.shape torch.Size([1, 279984, 3])
Epoch:5, training loss:78.58922322591145
v.shape torch.Size([1, 139994, 3])
f.shape torch.Size([1, 279984, 3])
v.shape torch.Size([1, 139994, 3])
f.shape torch.Size([1, 279984, 3])
v.shape torch.Size([1, 139994, 3])
f.shape torch.Size([1, 279984, 3])
v.shape torch.Size([1, 139994, 3])
f.shape torch.Size([1, 279984, 3])
v.shape torch.Size([1, 139994, 3])
f.shape torch.Size([1, 279984, 3])
v.shape torch.Size([1, 139994, 3])
f.shape torch.Size([1, 279984, 3])
v.shape torch.Size([1, 139994, 3])
f.shape torch.Size([1, 279984, 3])
v.shape torch.Size([1, 139994, 3])
f.shape torch.Size([1, 279984, 3])
v.shape torch.Size([1, 139994, 3])
f.shape torch.Size([1, 279984, 3])
v.shape torch.Size([1, 139994, 3])
f.shape torch.Size([1, 279984, 3])
v.shape torch.Size([1, 139994, 3])
f.shape torch.Size([1, 279984, 3])
v.shape torch.Size([1, 139994, 3])
f.shape torch.Size([1, 279984, 3])
v.shape torch.Size([1, 139994, 3])
f.shape torch.Size([1, 279984, 3])
v.shape torch.Size([1, 139994, 3])
f.shape torch.Size([1, 279984, 3])
v.shape torch.Size([1, 139994, 3])
f.shape torch.Size([1, 279984, 3])
v.shape torch.Size([1, 139994, 3])
f.shape torch.Size([1, 279984, 3])
v.shape torch.Size([1, 139994, 3])
f.shape torch.Size([1, 279984, 3])
v.shape torch.Size([1, 139994, 3])
f.shape torch.Size([1, 279984, 3])
v.shape torch.Size([1, 139994, 3])
f.shape torch.Size([1, 279984, 3])
v.shape torch.Size([1, 139994, 3])
f.shape torch.Size([1, 279984, 3])
v.shape torch.Size([1, 139994, 3])
f.shape torch.Size([1, 279984, 3])
v.shape torch.Size([1, 139994, 3])
f.shape torch.Size([1, 279984, 3])
v.shape torch.Size([1, 139994, 3])
f.shape torch.Size([1, 279984, 3])
v.shape torch.Size([1, 139994, 3])
f.shape torch.Size([1, 279984, 3])
v.shape torch.Size([1, 139994, 3])
f.shape torch.Size([1, 279984, 3])
v.shape torch.Size([1, 139994, 3])
f.shape torch.Size([1, 279984, 3])
v.shape torch.Size([1, 139994, 3])
f.shape torch.Size([1, 279984, 3])
v.shape torch.Size([1, 139994, 3])
f.shape torch.Size([1, 279984, 3])
v.shape torch.Size([1, 139994, 3])
f.shape torch.Size([1, 279984, 3])
v.shape torch.Size([1, 139994, 3])
f.shape torch.Size([1, 279984, 3])
v.shape torch.Size([1, 139994, 3])
f.shape torch.Size([1, 279984, 3])
v.shape torch.Size([1, 139994, 3])
f.shape torch.Size([1, 279984, 3])
v.shape torch.Size([1, 139994, 3])
f.shape torch.Size([1, 279984, 3])
v.shape torch.Size([1, 139994, 3])
f.shape torch.Size([1, 279984, 3])
v.shape torch.Size([1, 139994, 3])
f.shape torch.Size([1, 279984, 3])
v.shape torch.Size([1, 139994, 3])
f.shape torch.Size([1, 279984, 3])
v.shape torch.Size([1, 139994, 3])
f.shape torch.Size([1, 279984, 3])
v.shape torch.Size([1, 139994, 3])
f.shape torch.Size([1, 279984, 3])
v.shape torch.Size([1, 139994, 3])
f.shape torch.Size([1, 279984, 3])
v.shape torch.Size([1, 139994, 3])
f.shape torch.Size([1, 279984, 3])
v.shape torch.Size([1, 139994, 3])
f.shape torch.Size([1, 279984, 3])
v.shape torch.Size([1, 139994, 3])
f.shape torch.Size([1, 279984, 3])
v.shape torch.Size([1, 139994, 3])
f.shape torch.Size([1, 279984, 3])
v.shape torch.Size([1, 139994, 3])
f.shape torch.Size([1, 279984, 3])
v.shape torch.Size([1, 139994, 3])
f.shape torch.Size([1, 279984, 3])
v.shape torch.Size([1, 139994, 3])
f.shape torch.Size([1, 279984, 3])
v.shape torch.Size([1, 139994, 3])
f.shape torch.Size([1, 279984, 3])
v.shape torch.Size([1, 139994, 3])
f.shape torch.Size([1, 279984, 3])
v.shape torch.Size([1, 139994, 3])
f.shape torch.Size([1, 279984, 3])
v.shape torch.Size([1, 139994, 3])
f.shape torch.Size([1, 279984, 3])
v.shape torch.Size([1, 139994, 3])
f.shape torch.Size([1, 279984, 3])
v.shape torch.Size([1, 139994, 3])
f.shape torch.Size([1, 279984, 3])
v.shape torch.Size([1, 139994, 3])
f.shape torch.Size([1, 279984, 3])
v.shape torch.Size([1, 139994, 3])
f.shape torch.Size([1, 279984, 3])
v.shape torch.Size([1, 139994, 3])
f.shape torch.Size([1, 279984, 3])
v.shape torch.Size([1, 139994, 3])
f.shape torch.Size([1, 279984, 3])
v.shape torch.Size([1, 139994, 3])
f.shape torch.Size([1, 279984, 3])
v.shape torch.Size([1, 139994, 3])
f.shape torch.Size([1, 279984, 3])
v.shape torch.Size([1, 139994, 3])
f.shape torch.Size([1, 279984, 3])
v.shape torch.Size([1, 139994, 3])
f.shape torch.Size([1, 279984, 3])
v.shape torch.Size([1, 139994, 3])
f.shape torch.Size([1, 279984, 3])
v.shape torch.Size([1, 139994, 3])
f.shape torch.Size([1, 279984, 3])
v.shape torch.Size([1, 139994, 3])
f.shape torch.Size([1, 279984, 3])
v.shape torch.Size([1, 139994, 3])
f.shape torch.Size([1, 279984, 3])
v.shape torch.Size([1, 139994, 3])
f.shape torch.Size([1, 279984, 3])
v.shape torch.Size([1, 139994, 3])
f.shape torch.Size([1, 279984, 3])
v.shape torch.Size([1, 139994, 3])
f.shape torch.Size([1, 279984, 3])
v.shape torch.Size([1, 139994, 3])
f.shape torch.Size([1, 279984, 3])
v.shape torch.Size([1, 139994, 3])
f.shape torch.Size([1, 279984, 3])
v.shape torch.Size([1, 139994, 3])
f.shape torch.Size([1, 279984, 3])
v.shape torch.Size([1, 139994, 3])
f.shape torch.Size([1, 279984, 3])
v.shape torch.Size([1, 139994, 3])
f.shape torch.Size([1, 279984, 3])
v.shape torch.Size([1, 139994, 3])
f.shape torch.Size([1, 279984, 3])
v.shape torch.Size([1, 139994, 3])
f.shape torch.Size([1, 279984, 3])
v.shape torch.Size([1, 139994, 3])
f.shape torch.Size([1, 279984, 3])
Epoch:6, training loss:78.27339935302734
v.shape torch.Size([1, 139994, 3])
f.shape torch.Size([1, 279984, 3])
v.shape torch.Size([1, 139994, 3])
f.shape torch.Size([1, 279984, 3])
v.shape torch.Size([1, 139994, 3])
f.shape torch.Size([1, 279984, 3])
v.shape torch.Size([1, 139994, 3])
f.shape torch.Size([1, 279984, 3])
v.shape torch.Size([1, 139994, 3])
f.shape torch.Size([1, 279984, 3])
v.shape torch.Size([1, 139994, 3])
f.shape torch.Size([1, 279984, 3])
v.shape torch.Size([1, 139994, 3])
f.shape torch.Size([1, 279984, 3])
v.shape torch.Size([1, 139994, 3])
f.shape torch.Size([1, 279984, 3])
v.shape torch.Size([1, 139994, 3])
f.shape torch.Size([1, 279984, 3])
v.shape torch.Size([1, 139994, 3])
f.shape torch.Size([1, 279984, 3])
v.shape torch.Size([1, 139994, 3])
f.shape torch.Size([1, 279984, 3])
v.shape torch.Size([1, 139994, 3])
f.shape torch.Size([1, 279984, 3])
v.shape torch.Size([1, 139994, 3])
f.shape torch.Size([1, 279984, 3])
v.shape torch.Size([1, 139994, 3])
f.shape torch.Size([1, 279984, 3])
v.shape torch.Size([1, 139994, 3])
f.shape torch.Size([1, 279984, 3])
v.shape torch.Size([1, 139994, 3])
f.shape torch.Size([1, 279984, 3])
v.shape torch.Size([1, 139994, 3])
f.shape torch.Size([1, 279984, 3])
v.shape torch.Size([1, 139994, 3])
f.shape torch.Size([1, 279984, 3])
v.shape torch.Size([1, 139994, 3])
f.shape torch.Size([1, 279984, 3])
v.shape torch.Size([1, 139994, 3])
f.shape torch.Size([1, 279984, 3])
v.shape torch.Size([1, 139994, 3])
f.shape torch.Size([1, 279984, 3])
v.shape torch.Size([1, 139994, 3])
f.shape torch.Size([1, 279984, 3])
v.shape torch.Size([1, 139994, 3])
f.shape torch.Size([1, 279984, 3])
v.shape torch.Size([1, 139994, 3])
f.shape torch.Size([1, 279984, 3])
v.shape torch.Size([1, 139994, 3])
f.shape torch.Size([1, 279984, 3])
v.shape torch.Size([1, 139994, 3])
f.shape torch.Size([1, 279984, 3])
v.shape torch.Size([1, 139994, 3])
f.shape torch.Size([1, 279984, 3])
v.shape torch.Size([1, 139994, 3])
f.shape torch.Size([1, 279984, 3])
v.shape torch.Size([1, 139994, 3])
f.shape torch.Size([1, 279984, 3])
v.shape torch.Size([1, 139994, 3])
f.shape torch.Size([1, 279984, 3])
v.shape torch.Size([1, 139994, 3])
f.shape torch.Size([1, 279984, 3])
v.shape torch.Size([1, 139994, 3])
f.shape torch.Size([1, 279984, 3])
v.shape torch.Size([1, 139994, 3])
f.shape torch.Size([1, 279984, 3])
v.shape torch.Size([1, 139994, 3])
f.shape torch.Size([1, 279984, 3])
v.shape torch.Size([1, 139994, 3])
f.shape torch.Size([1, 279984, 3])
v.shape torch.Size([1, 139994, 3])
f.shape torch.Size([1, 279984, 3])
v.shape torch.Size([1, 139994, 3])
f.shape torch.Size([1, 279984, 3])
v.shape torch.Size([1, 139994, 3])
f.shape torch.Size([1, 279984, 3])
v.shape torch.Size([1, 139994, 3])
f.shape torch.Size([1, 279984, 3])
v.shape torch.Size([1, 139994, 3])
f.shape torch.Size([1, 279984, 3])
v.shape torch.Size([1, 139994, 3])
f.shape torch.Size([1, 279984, 3])
v.shape torch.Size([1, 139994, 3])
f.shape torch.Size([1, 279984, 3])
v.shape torch.Size([1, 139994, 3])
f.shape torch.Size([1, 279984, 3])
v.shape torch.Size([1, 139994, 3])
f.shape torch.Size([1, 279984, 3])
v.shape torch.Size([1, 139994, 3])
f.shape torch.Size([1, 279984, 3])
v.shape torch.Size([1, 139994, 3])
f.shape torch.Size([1, 279984, 3])
v.shape torch.Size([1, 139994, 3])
f.shape torch.Size([1, 279984, 3])
v.shape torch.Size([1, 139994, 3])
f.shape torch.Size([1, 279984, 3])
v.shape torch.Size([1, 139994, 3])
f.shape torch.Size([1, 279984, 3])
v.shape torch.Size([1, 139994, 3])
f.shape torch.Size([1, 279984, 3])
v.shape torch.Size([1, 139994, 3])
f.shape torch.Size([1, 279984, 3])
v.shape torch.Size([1, 139994, 3])
f.shape torch.Size([1, 279984, 3])
v.shape torch.Size([1, 139994, 3])
f.shape torch.Size([1, 279984, 3])
v.shape torch.Size([1, 139994, 3])
f.shape torch.Size([1, 279984, 3])
v.shape torch.Size([1, 139994, 3])
f.shape torch.Size([1, 279984, 3])
v.shape torch.Size([1, 139994, 3])
f.shape torch.Size([1, 279984, 3])
v.shape torch.Size([1, 139994, 3])
f.shape torch.Size([1, 279984, 3])
v.shape torch.Size([1, 139994, 3])
f.shape torch.Size([1, 279984, 3])
v.shape torch.Size([1, 139994, 3])
f.shape torch.Size([1, 279984, 3])
v.shape torch.Size([1, 139994, 3])
f.shape torch.Size([1, 279984, 3])
v.shape torch.Size([1, 139994, 3])
f.shape torch.Size([1, 279984, 3])
v.shape torch.Size([1, 139994, 3])
f.shape torch.Size([1, 279984, 3])
v.shape torch.Size([1, 139994, 3])
f.shape torch.Size([1, 279984, 3])
v.shape torch.Size([1, 139994, 3])
f.shape torch.Size([1, 279984, 3])
v.shape torch.Size([1, 139994, 3])
f.shape torch.Size([1, 279984, 3])
v.shape torch.Size([1, 139994, 3])
f.shape torch.Size([1, 279984, 3])
v.shape torch.Size([1, 139994, 3])
f.shape torch.Size([1, 279984, 3])
v.shape torch.Size([1, 139994, 3])
f.shape torch.Size([1, 279984, 3])
v.shape torch.Size([1, 139994, 3])
f.shape torch.Size([1, 279984, 3])
v.shape torch.Size([1, 139994, 3])
f.shape torch.Size([1, 279984, 3])
v.shape torch.Size([1, 139994, 3])
f.shape torch.Size([1, 279984, 3])
v.shape torch.Size([1, 139994, 3])
f.shape torch.Size([1, 279984, 3])
v.shape torch.Size([1, 139994, 3])
f.shape torch.Size([1, 279984, 3])
v.shape torch.Size([1, 139994, 3])
f.shape torch.Size([1, 279984, 3])
v.shape torch.Size([1, 139994, 3])
f.shape torch.Size([1, 279984, 3])
Epoch:7, training loss:77.95416768391927
v.shape torch.Size([1, 139994, 3])
f.shape torch.Size([1, 279984, 3])
v.shape torch.Size([1, 139994, 3])
f.shape torch.Size([1, 279984, 3])
v.shape torch.Size([1, 139994, 3])
f.shape torch.Size([1, 279984, 3])
v.shape torch.Size([1, 139994, 3])
f.shape torch.Size([1, 279984, 3])
v.shape torch.Size([1, 139994, 3])
f.shape torch.Size([1, 279984, 3])
v.shape torch.Size([1, 139994, 3])
f.shape torch.Size([1, 279984, 3])
v.shape torch.Size([1, 139994, 3])
f.shape torch.Size([1, 279984, 3])
v.shape torch.Size([1, 139994, 3])
f.shape torch.Size([1, 279984, 3])
v.shape torch.Size([1, 139994, 3])
f.shape torch.Size([1, 279984, 3])
v.shape torch.Size([1, 139994, 3])
f.shape torch.Size([1, 279984, 3])
v.shape torch.Size([1, 139994, 3])
f.shape torch.Size([1, 279984, 3])
v.shape torch.Size([1, 139994, 3])
f.shape torch.Size([1, 279984, 3])
v.shape torch.Size([1, 139994, 3])
f.shape torch.Size([1, 279984, 3])
v.shape torch.Size([1, 139994, 3])
f.shape torch.Size([1, 279984, 3])
v.shape torch.Size([1, 139994, 3])
f.shape torch.Size([1, 279984, 3])
v.shape torch.Size([1, 139994, 3])
f.shape torch.Size([1, 279984, 3])
v.shape torch.Size([1, 139994, 3])
f.shape torch.Size([1, 279984, 3])
v.shape torch.Size([1, 139994, 3])
f.shape torch.Size([1, 279984, 3])
v.shape torch.Size([1, 139994, 3])
f.shape torch.Size([1, 279984, 3])
v.shape torch.Size([1, 139994, 3])
f.shape torch.Size([1, 279984, 3])
v.shape torch.Size([1, 139994, 3])
f.shape torch.Size([1, 279984, 3])
v.shape torch.Size([1, 139994, 3])
f.shape torch.Size([1, 279984, 3])
v.shape torch.Size([1, 139994, 3])
f.shape torch.Size([1, 279984, 3])
v.shape torch.Size([1, 139994, 3])
f.shape torch.Size([1, 279984, 3])
v.shape torch.Size([1, 139994, 3])
f.shape torch.Size([1, 279984, 3])
v.shape torch.Size([1, 139994, 3])
f.shape torch.Size([1, 279984, 3])
v.shape torch.Size([1, 139994, 3])
f.shape torch.Size([1, 279984, 3])
v.shape torch.Size([1, 139994, 3])
f.shape torch.Size([1, 279984, 3])
v.shape torch.Size([1, 139994, 3])
f.shape torch.Size([1, 279984, 3])
v.shape torch.Size([1, 139994, 3])
f.shape torch.Size([1, 279984, 3])
v.shape torch.Size([1, 139994, 3])
f.shape torch.Size([1, 279984, 3])
v.shape torch.Size([1, 139994, 3])
f.shape torch.Size([1, 279984, 3])
v.shape torch.Size([1, 139994, 3])
f.shape torch.Size([1, 279984, 3])
v.shape torch.Size([1, 139994, 3])
f.shape torch.Size([1, 279984, 3])
v.shape torch.Size([1, 139994, 3])
f.shape torch.Size([1, 279984, 3])
v.shape torch.Size([1, 139994, 3])
f.shape torch.Size([1, 279984, 3])
v.shape torch.Size([1, 139994, 3])
f.shape torch.Size([1, 279984, 3])
v.shape torch.Size([1, 139994, 3])
f.shape torch.Size([1, 279984, 3])
v.shape torch.Size([1, 139994, 3])
f.shape torch.Size([1, 279984, 3])
