aa
bb
A
B
C
lh training
----------------------------
Start loading dataset ...
numbers 100206
numbers 100307
numbers 100408
numbers 100610
MSE
Finish loading dataset. There are total 4 subjects.
Training data length 3
Validation data length 1
scaling factor  0.1
----------------------------
Start loading model ...
Model is CortexGNN
NLayerGAT 2
Finish loading model
----------------------------
Start training 11 epochs ...
Epoch:0, training loss:0.4863186478614807
----------------------------
Start validation ...
Validation error:0.39630818367004395
Save model checkpoints ... 
Save pial surface mesh ... 
Maximum allocated GPU memory: 1.50 GiB
Finish validation.
----------------------------
Epoch:1, training loss:0.2741234252850215
Epoch:2, training loss:0.1819899727900823
Epoch:3, training loss:0.13704047352075577
Epoch:4, training loss:0.11105480045080185
Epoch:5, training loss:0.09822562088569005
Epoch:6, training loss:0.09079276025295258
Epoch:7, training loss:0.08659907182057698
Epoch:8, training loss:0.08342330654462178
Epoch:9, training loss:0.08078322559595108
Epoch:10, training loss:0.07857474188009898
----------------------------
Start validation ...
Validation error:0.07231983542442322
Save model checkpoints ... 
Save pial surface mesh ... 
Maximum allocated GPU memory: 1.51 GiB
Finish validation.
----------------------------
Epoch:11, training loss:0.07684238255023956
Finish training.
----------------------------
D
CC
