aa
bb
A
B
C
----------------------------
Start loading dataset ...
numbers 100206
numbers 100307
numbers 100408
numbers 100610
Finish loading dataset. There are total 4 subjects.
----------------------------
Start loading model ...
Finish loading model
----------------------------
Start training 200 epochs ...
i 0
vin tr torch.Size([1, 146978, 3])
fin tr torch.Size([1, 293952, 3])
start 0
end 36744
spread 36744
v torch.Size([1, 36744, 3])
normal torch.Size([1, 36744, 3])
start 0
end 36744
spread 36744
D
CC
