aa
bb
A
B
C
----------------------------
Start loading dataset ...
numbers 100206
numbers 100307
numbers 100408
numbers 100610
Finish loading dataset. There are total 4 subjects.
----------------------------
Start loading model ...
Finish loading model
----------------------------
Start training 200 epochs ...
Epoch:0, training loss:0.2840539167324702
----------------------------
Start validation ...
Validation error:0.2840539167324702
Save model checkpoints ... 
Finish validation.
----------------------------
Epoch:1, training loss:0.1889124115308126
Epoch:2, training loss:0.12461267163356145
Epoch:3, training loss:0.10546340296665828
Epoch:4, training loss:0.09352571268876393
Epoch:5, training loss:0.09566671401262283
Epoch:6, training loss:0.09254789600769679
Epoch:7, training loss:0.09240814050038655
Epoch:8, training loss:0.08808408677577972
Epoch:9, training loss:0.08517516652743022
Epoch:10, training loss:0.08190059910217921
----------------------------
Start validation ...
Validation error:0.08190059910217921
Save model checkpoints ... 
Finish validation.
----------------------------
Epoch:11, training loss:0.08048997074365616
Epoch:12, training loss:0.07938072582085927
Epoch:13, training loss:0.07864643385012944
Epoch:14, training loss:0.07813977946837743
Epoch:15, training loss:0.07745246092478435
Epoch:16, training loss:0.07662865271170934
Epoch:17, training loss:0.07570196688175201
Epoch:18, training loss:0.07519945750633876
Epoch:19, training loss:0.07470547656218211
Epoch:20, training loss:0.07423689713080724
----------------------------
Start validation ...
Validation error:0.07423689713080724
Save model checkpoints ... 
Finish validation.
----------------------------
Epoch:21, training loss:0.07398728281259537
Epoch:22, training loss:0.07348312437534332
Epoch:23, training loss:0.07298566152652104
Epoch:24, training loss:0.07262392590443294
Epoch:25, training loss:0.07224506636460622
Epoch:26, training loss:0.07206019510825475
Epoch:27, training loss:0.07172354062398274
