aa
bb
A
B
C
----------------------------
Start loading dataset ...
numbers 100206
numbers 100307
numbers 100408
numbers 100610
Finish loading dataset. There are total 4 subjects.
Training data length 3
Validation data length 1
scaling factor  1.0
----------------------------
Start loading model ...
Finish loading model
----------------------------
Start training 200 epochs ...
Epoch:0, training loss:0.9183817505836487
----------------------------
Start validation ...
Validation error:0.5512591600418091
Save model checkpoints ... 
Save pial surface mesh ... 
Maximum allocated GPU memory: 5.56 GiB
Finish validation.
----------------------------
Epoch:1, training loss:0.35487741231918335
Epoch:2, training loss:0.21187407275040945
Epoch:3, training loss:0.16773762305577597
Epoch:4, training loss:0.1477351983388265
Epoch:5, training loss:0.13443527122338614
Epoch:6, training loss:0.12324313074350357
Epoch:7, training loss:0.11682423204183578
Epoch:8, training loss:0.11056976020336151
