aa
bb
A
B
C
----------------------------
Start loading dataset ...
numbers 100206
numbers 100307
numbers 100408
numbers 100610
Finish loading dataset. There are total 4 subjects.
Training data length 3
Validation data length 1
scaling factor  1.0
----------------------------
Start loading model ...
Finish loading model
----------------------------
Start training 200 epochs ...
Epoch:0, training loss:0.6019937992095947
----------------------------
Start validation ...
Validation error:0.37002721428871155
Save model checkpoints ... 
Save pial surface mesh ... 
D
CC
