aa
bb
A
B
C
----------------------------
Start loading dataset ...
numbers 100206
numbers 100307
numbers 100408
numbers 100610
Finish loading dataset. There are total 4 subjects.
----------------------------
Start loading model ...
Finish loading model
----------------------------
Start training 200 epochs ...
coord torch.Size([1, 146978, 3])
normal torch.Size([1, 146978, 3])
point x torch.Size([1, 146978, 6])
fc1 x torch.Size([1, 146978, 128])
cubes torch.Size([146978, 3, 5, 5, 5])
x_local torch.Size([146978, 128, 1, 1, 1])
x_local torch.Size([1, 146978, 128])
x_local torch.Size([1, 146978, 128])
x fusion torch.Size([1, 146978, 256])
x fusion torch.Size([1, 146978, 512])
x fusion torch.Size([1, 146978, 256])
x fusion torch.Size([1, 146978, 3])
coord + x
block1 torch.Size([1, 146978, 3])
coord torch.Size([1, 146978, 3])
normal torch.Size([1, 146978, 3])
point x torch.Size([1, 146978, 6])
fc1 x torch.Size([1, 146978, 128])
cubes torch.Size([146978, 3, 5, 5, 5])
x_local torch.Size([146978, 128, 1, 1, 1])
x_local torch.Size([1, 146978, 128])
x_local torch.Size([1, 146978, 128])
x fusion torch.Size([1, 146978, 256])
x fusion torch.Size([1, 146978, 512])
x fusion torch.Size([1, 146978, 256])
x fusion torch.Size([1, 146978, 3])
coord + x
block2 torch.Size([1, 146978, 3])
coord torch.Size([1, 146978, 3])
normal torch.Size([1, 146978, 3])
point x torch.Size([1, 146978, 6])
fc1 x torch.Size([1, 146978, 128])
cubes torch.Size([146978, 3, 5, 5, 5])
x_local torch.Size([146978, 128, 1, 1, 1])
x_local torch.Size([1, 146978, 128])
x_local torch.Size([1, 146978, 128])
x fusion torch.Size([1, 146978, 256])
x fusion torch.Size([1, 146978, 512])
x fusion torch.Size([1, 146978, 256])
x fusion torch.Size([1, 146978, 3])
coord + x
block3 torch.Size([1, 146978, 3])
edge_list torch.Size([2, 881856])
x torch.Size([1, 146978, 3])
coord torch.Size([1, 166737, 3])
normal torch.Size([1, 166737, 3])
point x torch.Size([1, 166737, 6])
fc1 x torch.Size([1, 166737, 128])
cubes torch.Size([166737, 3, 5, 5, 5])
x_local torch.Size([166737, 128, 1, 1, 1])
x_local torch.Size([1, 166737, 128])
x_local torch.Size([1, 166737, 128])
x fusion torch.Size([1, 166737, 256])
x fusion torch.Size([1, 166737, 512])
x fusion torch.Size([1, 166737, 256])
x fusion torch.Size([1, 166737, 3])
coord + x
block1 torch.Size([1, 166737, 3])
coord torch.Size([1, 166737, 3])
normal torch.Size([1, 166737, 3])
point x torch.Size([1, 166737, 6])
fc1 x torch.Size([1, 166737, 128])
cubes torch.Size([166737, 3, 5, 5, 5])
x_local torch.Size([166737, 128, 1, 1, 1])
x_local torch.Size([1, 166737, 128])
x_local torch.Size([1, 166737, 128])
x fusion torch.Size([1, 166737, 256])
x fusion torch.Size([1, 166737, 512])
x fusion torch.Size([1, 166737, 256])
x fusion torch.Size([1, 166737, 3])
coord + x
block2 torch.Size([1, 166737, 3])
coord torch.Size([1, 166737, 3])
normal torch.Size([1, 166737, 3])
point x torch.Size([1, 166737, 6])
fc1 x torch.Size([1, 166737, 128])
cubes torch.Size([166737, 3, 5, 5, 5])
x_local torch.Size([166737, 128, 1, 1, 1])
x_local torch.Size([1, 166737, 128])
x_local torch.Size([1, 166737, 128])
x fusion torch.Size([1, 166737, 256])
x fusion torch.Size([1, 166737, 512])
x fusion torch.Size([1, 166737, 256])
x fusion torch.Size([1, 166737, 3])
coord + x
block3 torch.Size([1, 166737, 3])
edge_list torch.Size([2, 1000410])
x torch.Size([1, 166737, 3])
coord torch.Size([1, 130879, 3])
normal torch.Size([1, 130879, 3])
point x torch.Size([1, 130879, 6])
fc1 x torch.Size([1, 130879, 128])
cubes torch.Size([130879, 3, 5, 5, 5])
x_local torch.Size([130879, 128, 1, 1, 1])
x_local torch.Size([1, 130879, 128])
x_local torch.Size([1, 130879, 128])
x fusion torch.Size([1, 130879, 256])
x fusion torch.Size([1, 130879, 512])
x fusion torch.Size([1, 130879, 256])
x fusion torch.Size([1, 130879, 3])
coord + x
block1 torch.Size([1, 130879, 3])
coord torch.Size([1, 130879, 3])
normal torch.Size([1, 130879, 3])
point x torch.Size([1, 130879, 6])
fc1 x torch.Size([1, 130879, 128])
cubes torch.Size([130879, 3, 5, 5, 5])
x_local torch.Size([130879, 128, 1, 1, 1])
x_local torch.Size([1, 130879, 128])
x_local torch.Size([1, 130879, 128])
x fusion torch.Size([1, 130879, 256])
x fusion torch.Size([1, 130879, 512])
x fusion torch.Size([1, 130879, 256])
x fusion torch.Size([1, 130879, 3])
coord + x
block2 torch.Size([1, 130879, 3])
coord torch.Size([1, 130879, 3])
normal torch.Size([1, 130879, 3])
point x torch.Size([1, 130879, 6])
fc1 x torch.Size([1, 130879, 128])
cubes torch.Size([130879, 3, 5, 5, 5])
x_local torch.Size([130879, 128, 1, 1, 1])
x_local torch.Size([1, 130879, 128])
x_local torch.Size([1, 130879, 128])
x fusion torch.Size([1, 130879, 256])
x fusion torch.Size([1, 130879, 512])
x fusion torch.Size([1, 130879, 256])
x fusion torch.Size([1, 130879, 3])
coord + x
block3 torch.Size([1, 130879, 3])
edge_list torch.Size([2, 785262])
x torch.Size([1, 130879, 3])
Epoch:0, training loss:0.2526067743698756
----------------------------
Start validation ...
coord torch.Size([1, 151800, 3])
normal torch.Size([1, 151800, 3])
point x torch.Size([1, 151800, 6])
fc1 x torch.Size([1, 151800, 128])
cubes torch.Size([151800, 3, 5, 5, 5])
x_local torch.Size([151800, 128, 1, 1, 1])
x_local torch.Size([1, 151800, 128])
x_local torch.Size([1, 151800, 128])
x fusion torch.Size([1, 151800, 256])
x fusion torch.Size([1, 151800, 512])
x fusion torch.Size([1, 151800, 256])
x fusion torch.Size([1, 151800, 3])
coord + x
block1 torch.Size([1, 151800, 3])
coord torch.Size([1, 151800, 3])
normal torch.Size([1, 151800, 3])
point x torch.Size([1, 151800, 6])
fc1 x torch.Size([1, 151800, 128])
cubes torch.Size([151800, 3, 5, 5, 5])
x_local torch.Size([151800, 128, 1, 1, 1])
x_local torch.Size([1, 151800, 128])
x_local torch.Size([1, 151800, 128])
x fusion torch.Size([1, 151800, 256])
x fusion torch.Size([1, 151800, 512])
x fusion torch.Size([1, 151800, 256])
x fusion torch.Size([1, 151800, 3])
coord + x
block2 torch.Size([1, 151800, 3])
coord torch.Size([1, 151800, 3])
normal torch.Size([1, 151800, 3])
point x torch.Size([1, 151800, 6])
fc1 x torch.Size([1, 151800, 128])
cubes torch.Size([151800, 3, 5, 5, 5])
x_local torch.Size([151800, 128, 1, 1, 1])
x_local torch.Size([1, 151800, 128])
x_local torch.Size([1, 151800, 128])
x fusion torch.Size([1, 151800, 256])
x fusion torch.Size([1, 151800, 512])
x fusion torch.Size([1, 151800, 256])
x fusion torch.Size([1, 151800, 3])
coord + x
block3 torch.Size([1, 151800, 3])
edge_list torch.Size([2, 910788])
x torch.Size([1, 151800, 3])
Validation error:0.2526067743698756
Finish validation.
----------------------------
D
CC
