aa
bb
A
B
C
----------------------------
Start loading dataset ...
numbers 100206
numbers 100307
numbers 100408
numbers 100610
Finish loading dataset. There are total 4 subjects.
Training data length 3
Validation data length 1
scaling factor  1.0
----------------------------
Start loading model ...
Finish loading model
----------------------------
Start training 200 epochs ...
Epoch:0, training loss:4.8892786502838135
----------------------------
Start validation ...
Validation error:4.242096424102783
Save model checkpoints ... 
Save pial surface mesh ... 
Maximum allocated GPU memory: 4.67 GiB
Finish validation.
----------------------------
Epoch:1, training loss:3.300562620162964
Epoch:2, training loss:2.9291778405507407
Epoch:3, training loss:2.0745240847269693
Epoch:4, training loss:2.1197147369384766
Epoch:5, training loss:2.1441742976506553
Epoch:6, training loss:1.7262258529663086
Epoch:7, training loss:1.672574758529663
Epoch:8, training loss:1.5957465569178264
Epoch:9, training loss:1.538266897201538
Epoch:10, training loss:1.3044612407684326
----------------------------
Start validation ...
Validation error:1.3114572763442993
Save model checkpoints ... 
Save pial surface mesh ... 
Maximum allocated GPU memory: 4.67 GiB
Finish validation.
----------------------------
Epoch:11, training loss:1.3043774763743083
Epoch:12, training loss:1.2296383778254192
Epoch:13, training loss:1.196264346440633
Epoch:14, training loss:1.1677913864453633
Epoch:15, training loss:1.1741815408070881
Epoch:16, training loss:1.0720660885175068
Epoch:17, training loss:1.0762374599774678
Epoch:18, training loss:1.0107843279838562
Epoch:19, training loss:1.0204699436823528
Epoch:20, training loss:0.983992318312327
----------------------------
Start validation ...
Validation error:1.010151982307434
Save model checkpoints ... 
Save pial surface mesh ... 
Maximum allocated GPU memory: 4.67 GiB
Finish validation.
----------------------------
Epoch:21, training loss:0.9076253970464071
Epoch:22, training loss:0.9400738676389059
Epoch:23, training loss:1.0323953032493591
Epoch:24, training loss:0.9135631720225016
Epoch:25, training loss:0.9026087323824564
Epoch:26, training loss:0.8336589733759562
Epoch:27, training loss:0.8925897280375162
Epoch:28, training loss:0.8659635980923971
Epoch:29, training loss:0.8739773035049438
Epoch:30, training loss:0.861635684967041
----------------------------
Start validation ...
Validation error:0.9765061736106873
Save model checkpoints ... 
Save pial surface mesh ... 
Maximum allocated GPU memory: 4.67 GiB
Finish validation.
----------------------------
Epoch:31, training loss:0.8097582658131918
Epoch:32, training loss:0.7886776924133301
Epoch:33, training loss:0.7422349254290262
Epoch:34, training loss:0.7677721579869589
Epoch:35, training loss:0.7283712228139242
Epoch:36, training loss:0.7235613465309143
Epoch:37, training loss:0.7431522210439047
Epoch:38, training loss:0.7120404839515686
Epoch:39, training loss:0.7046872774759928
Epoch:40, training loss:0.6891491015752157
----------------------------
Start validation ...
Validation error:0.9286524653434753
Save model checkpoints ... 
Save pial surface mesh ... 
Maximum allocated GPU memory: 4.67 GiB
Finish validation.
----------------------------
Epoch:41, training loss:0.717699666817983
Epoch:42, training loss:0.7600865761439005
Epoch:43, training loss:0.6820597251256307
Epoch:44, training loss:0.7010712623596191
Epoch:45, training loss:0.6628364324569702
Epoch:46, training loss:0.6932332913080851
Epoch:47, training loss:0.6603950460751852
Epoch:48, training loss:0.6107341051101685
Epoch:49, training loss:0.6195014119148254
Epoch:50, training loss:0.6503093838691711
----------------------------
Start validation ...
Validation error:0.8005959391593933
Save model checkpoints ... 
Save pial surface mesh ... 
Maximum allocated GPU memory: 4.67 GiB
Finish validation.
----------------------------
Epoch:51, training loss:0.6290899515151978
Epoch:52, training loss:0.6447855631510416
Epoch:53, training loss:0.6211925546328226
Epoch:54, training loss:0.6214067339897156
Epoch:55, training loss:0.6093901594479879
Epoch:56, training loss:0.5805649558703104
Epoch:57, training loss:0.5763956705729166
Epoch:58, training loss:0.6020434101422628
Epoch:59, training loss:0.6286964217821757
Epoch:60, training loss:0.5631565451622009
----------------------------
Start validation ...
Validation error:0.8440874814987183
Save model checkpoints ... 
Save pial surface mesh ... 
Maximum allocated GPU memory: 4.67 GiB
Finish validation.
----------------------------
Epoch:61, training loss:0.5666581988334656
Epoch:62, training loss:0.5521367986996969
Epoch:63, training loss:0.5856121381123861
Epoch:64, training loss:0.607470174630483
