aa
bb
A
B
C
----------------------------
Start loading dataset ...
numbers 100206
numbers 100307
numbers 100408
numbers 100610
MSE
Finish loading dataset. There are total 4 subjects.
Training data length 3
Validation data length 1
scaling factor  0.1
----------------------------
Start loading model ...
Finish loading model
----------------------------
Start training 200 epochs ...
Epoch:0, training loss:0.16279073307911554
----------------------------
Start validation ...
Validation error:0.08220644295215607
Save model checkpoints ... 
Save pial surface mesh ... 
Maximum allocated GPU memory: 5.56 GiB
Finish validation.
----------------------------
Epoch:1, training loss:0.0694653516014417
Epoch:2, training loss:0.06109679862856865
Epoch:3, training loss:0.05790374428033829
Epoch:4, training loss:0.055757815639177956
Epoch:5, training loss:0.054521111150582634
Epoch:6, training loss:0.05350535114606222
Epoch:7, training loss:0.052441402028004326
Epoch:8, training loss:0.051248032599687576
Epoch:9, training loss:0.050307574371496834
Epoch:10, training loss:0.04946103443702062
----------------------------
Start validation ...
Validation error:0.04667264595627785
Save model checkpoints ... 
Save pial surface mesh ... 
Maximum allocated GPU memory: 5.56 GiB
Finish validation.
----------------------------
Epoch:11, training loss:0.04861097658673922
Epoch:12, training loss:0.04849598556756973
Epoch:13, training loss:0.04719831421971321
Epoch:14, training loss:0.04683375731110573
Epoch:15, training loss:0.04599421223004659
Epoch:16, training loss:0.04557847355802854
Epoch:17, training loss:0.045044547567764916
Epoch:18, training loss:0.044534685711065926
Epoch:19, training loss:0.04469616959492365
Epoch:20, training loss:0.04365924994150797
----------------------------
Start validation ...
Validation error:0.04196683317422867
Save model checkpoints ... 
Save pial surface mesh ... 
Maximum allocated GPU memory: 5.56 GiB
Finish validation.
----------------------------
Epoch:21, training loss:0.04327698424458504
Epoch:22, training loss:0.04281033451358477
Epoch:23, training loss:0.04235025867819786
Epoch:24, training loss:0.042027585208415985
Epoch:25, training loss:0.041300432135661445
Epoch:26, training loss:0.04243982210755348
Epoch:27, training loss:0.04067476217945417
Epoch:28, training loss:0.04052844767769178
Epoch:29, training loss:0.04077825571099917
Epoch:30, training loss:0.039898054053386055
----------------------------
Start validation ...
Validation error:0.0397479385137558
Save model checkpoints ... 
Save pial surface mesh ... 
Maximum allocated GPU memory: 5.56 GiB
Finish validation.
----------------------------
Epoch:31, training loss:0.03958063075939814
Epoch:32, training loss:0.0400920125345389
Epoch:33, training loss:0.038898348808288574
Epoch:34, training loss:0.0385862390200297
Epoch:35, training loss:0.03855107476313909
Epoch:36, training loss:0.03810384124517441
Epoch:37, training loss:0.03775345658262571
Epoch:38, training loss:0.03746801738937696
Epoch:39, training loss:0.037358447909355164
Epoch:40, training loss:0.03703612710038821
----------------------------
Start validation ...
Validation error:0.03842303156852722
Save model checkpoints ... 
Save pial surface mesh ... 
Maximum allocated GPU memory: 5.56 GiB
Finish validation.
----------------------------
Epoch:41, training loss:0.03662094473838806
Epoch:42, training loss:0.03610206643740336
Epoch:43, training loss:0.03609504550695419
Epoch:44, training loss:0.035325195640325546
Epoch:45, training loss:0.035649534314870834
Epoch:46, training loss:0.03501333544651667
Epoch:47, training loss:0.03553725779056549
Epoch:48, training loss:0.035426387563347816
Epoch:49, training loss:0.033900088320175804
Epoch:50, training loss:0.03429760845998923
----------------------------
Start validation ...
Validation error:0.03664979711174965
Save model checkpoints ... 
Save pial surface mesh ... 
Maximum allocated GPU memory: 5.56 GiB
Finish validation.
----------------------------
Epoch:51, training loss:0.03467077389359474
Epoch:52, training loss:0.033656163762013115
Epoch:53, training loss:0.03304848447442055
Epoch:54, training loss:0.03272027770678202
Epoch:55, training loss:0.03266357071697712
Epoch:56, training loss:0.03297443874180317
Epoch:57, training loss:0.03251216560602188
Epoch:58, training loss:0.03195637899140517
Epoch:59, training loss:0.03202273013691107
Epoch:60, training loss:0.03139148962994417
----------------------------
Start validation ...
Validation error:0.03299466148018837
Save model checkpoints ... 
Save pial surface mesh ... 
Maximum allocated GPU memory: 5.56 GiB
Finish validation.
----------------------------
Epoch:61, training loss:0.03068461020787557
Epoch:62, training loss:0.031411311899622284
Epoch:63, training loss:0.030997249608238537
Epoch:64, training loss:0.030464366699258488
Epoch:65, training loss:0.030101889744400978
Epoch:66, training loss:0.029930179317792256
Epoch:67, training loss:0.029345886781811714
Epoch:68, training loss:0.029671122630437214
Epoch:69, training loss:0.029498540485898655
Epoch:70, training loss:0.02910663311680158
----------------------------
Start validation ...
Validation error:0.03215450420975685
Save model checkpoints ... 
Save pial surface mesh ... 
Maximum allocated GPU memory: 5.56 GiB
Finish validation.
----------------------------
Epoch:71, training loss:0.02864572157462438
Epoch:72, training loss:0.028723526746034622
Epoch:73, training loss:0.028408342351516087
Epoch:74, training loss:0.028401133914788563
Epoch:75, training loss:0.028001725673675537
Epoch:76, training loss:0.02793954126536846
Epoch:77, training loss:0.02765627143283685
Epoch:78, training loss:0.02741543638209502
Epoch:79, training loss:0.027006026357412338
Epoch:80, training loss:0.027191543330748875
----------------------------
Start validation ...
Validation error:0.03113502636551857
Save model checkpoints ... 
Save pial surface mesh ... 
Maximum allocated GPU memory: 5.56 GiB
Finish validation.
----------------------------
Epoch:81, training loss:0.027176163469751675
Epoch:82, training loss:0.026991855973998707
Epoch:83, training loss:0.02661753259599209
Epoch:84, training loss:0.026216980069875717
Epoch:85, training loss:0.026694193482398987
Epoch:86, training loss:0.02598997640113036
Epoch:87, training loss:0.02618594964345296
Epoch:88, training loss:0.025867480784654617
Epoch:89, training loss:0.02596396394073963
Epoch:90, training loss:0.025600169474879902
----------------------------
Start validation ...
Validation error:0.028638364747166634
Save model checkpoints ... 
Save pial surface mesh ... 
Maximum allocated GPU memory: 5.56 GiB
Finish validation.
----------------------------
Epoch:91, training loss:0.025488629937171936
Epoch:92, training loss:0.02515670657157898
Epoch:93, training loss:0.02535787783563137
Epoch:94, training loss:0.024929629638791084
Epoch:95, training loss:0.024995938564340275
Epoch:96, training loss:0.024731711794932682
Epoch:97, training loss:0.02466115728020668
Epoch:98, training loss:0.024777143572767574
Epoch:99, training loss:0.024814819917082787
Epoch:100, training loss:0.024633119503657024
----------------------------
Start validation ...
Validation error:0.028668833896517754
Save model checkpoints ... 
Save pial surface mesh ... 
Maximum allocated GPU memory: 5.56 GiB
Finish validation.
----------------------------
Epoch:101, training loss:0.024740013604362805
Epoch:102, training loss:0.024425674850742023
Epoch:103, training loss:0.02408619535466035
Epoch:104, training loss:0.02452991468211015
