aa
bb
A
B
C
----------------------------
Start loading dataset ...
numbers 100206
numbers 100307
numbers 100408
numbers 100610
Finish loading dataset. There are total 4 subjects.
----------------------------
Start loading model ...
number of channels 128
K value 5
Finish loading model
----------------------------
Start training 200 epochs ...
i progress 0
v gt shape torch.Size([1, 146978, 3])
v start end 0 36744
sub mesh extracted torch.Size([1, 36744, 3]) torch.Size([1, 72752, 3])
first
v_in device: cuda:0
f_in device: cpu
v device: cuda:0
f device: cpu
D
CC
