aa
bb
A
B
C
----------------------------
Start loading dataset ...
numbers 100206
numbers 100307
numbers 100408
numbers 100610
MSE
Finish loading dataset. There are total 4 subjects.
Training data length 3
Validation data length 1
scaling factor  0.1
----------------------------
Start loading model ...
Finish loading model
----------------------------
Start training 200 epochs ...
Epoch:0, training loss:0.1457086925705274
----------------------------
Start validation ...
Validation error:0.09577193856239319
Save model checkpoints ... 
Save pial surface mesh ... 
Maximum allocated GPU memory: 1.51 GiB
Finish validation.
----------------------------
Epoch:1, training loss:0.08644508570432663
Epoch:2, training loss:0.0769084244966507
Epoch:3, training loss:0.07206134001413982
Epoch:4, training loss:0.06907758365074794
Epoch:5, training loss:0.06712145234147708
Epoch:6, training loss:0.06569143384695053
Epoch:7, training loss:0.06453930089871089
Epoch:8, training loss:0.06371516610185306
Epoch:9, training loss:0.06283961733182271
Epoch:10, training loss:0.06221545363465945
----------------------------
Start validation ...
Validation error:0.05745231360197067
Save model checkpoints ... 
Save pial surface mesh ... 
Maximum allocated GPU memory: 1.51 GiB
Finish validation.
----------------------------
Epoch:11, training loss:0.061613822976748146
Epoch:12, training loss:0.061091359704732895
Epoch:13, training loss:0.06045419971148173
Epoch:14, training loss:0.0600653775036335
Epoch:15, training loss:0.059494588524103165
Epoch:16, training loss:0.059117657442887626
Epoch:17, training loss:0.05875260507067045
Epoch:18, training loss:0.058170661330223083
Epoch:19, training loss:0.05796258648236593
Epoch:20, training loss:0.057449268798033394
----------------------------
Start validation ...
Validation error:0.05388055369257927
Save model checkpoints ... 
Save pial surface mesh ... 
Maximum allocated GPU memory: 1.51 GiB
Finish validation.
----------------------------
Epoch:21, training loss:0.05706060056885084
Epoch:22, training loss:0.05675403028726578
Epoch:23, training loss:0.05650872985521952
Epoch:24, training loss:0.05617312714457512
Epoch:25, training loss:0.05573137849569321
Epoch:26, training loss:0.05536492665608724
Epoch:27, training loss:0.0552035557727019
Epoch:28, training loss:0.05481938893596331
Epoch:29, training loss:0.05459419017036756
Epoch:30, training loss:0.05432548746466637
----------------------------
Start validation ...
Validation error:0.050852954387664795
Save model checkpoints ... 
Save pial surface mesh ... 
Maximum allocated GPU memory: 1.51 GiB
Finish validation.
----------------------------
Epoch:31, training loss:0.054033191253741585
Epoch:32, training loss:0.05370540916919708
Epoch:33, training loss:0.053491136680046715
Epoch:34, training loss:0.05339984347422918
Epoch:35, training loss:0.05313711613416672
Epoch:36, training loss:0.05296807736158371
Epoch:37, training loss:0.052621081471443176
Epoch:38, training loss:0.05227571104963621
Epoch:39, training loss:0.05217290918032328
Epoch:40, training loss:0.05177950859069824
----------------------------
Start validation ...
Validation error:0.04885329306125641
Save model checkpoints ... 
Save pial surface mesh ... 
Maximum allocated GPU memory: 1.51 GiB
Finish validation.
----------------------------
Epoch:41, training loss:0.0516337143878142
Epoch:42, training loss:0.05142338573932648
Epoch:43, training loss:0.051260340958833694
Epoch:44, training loss:0.051272913813591
Epoch:45, training loss:0.05103544145822525
Epoch:46, training loss:0.05068583538134893
Epoch:47, training loss:0.0505840890109539
Epoch:48, training loss:0.05057414248585701
Epoch:49, training loss:0.04998918374379476
Epoch:50, training loss:0.04997429500023524
----------------------------
Start validation ...
Validation error:0.04765193536877632
Save model checkpoints ... 
Save pial surface mesh ... 
Maximum allocated GPU memory: 1.51 GiB
Finish validation.
----------------------------
Epoch:51, training loss:0.049708413581053414
Epoch:52, training loss:0.04963857556382815
Epoch:53, training loss:0.049446139484643936
Epoch:54, training loss:0.0493229515850544
Epoch:55, training loss:0.04930122569203377
Epoch:56, training loss:0.048902047177155815
Epoch:57, training loss:0.04897105197111765
Epoch:58, training loss:0.048693341513474785
Epoch:59, training loss:0.04851302752892176
Epoch:60, training loss:0.04841104025642077
----------------------------
Start validation ...
Validation error:0.04627050459384918
Save model checkpoints ... 
Save pial surface mesh ... 
Maximum allocated GPU memory: 1.51 GiB
Finish validation.
----------------------------
Epoch:61, training loss:0.04825002079208692
Epoch:62, training loss:0.04833377028505007
Epoch:63, training loss:0.0480072076121966
Epoch:64, training loss:0.04797947779297829
Epoch:65, training loss:0.04794097195068995
Epoch:66, training loss:0.04775046308835348
Epoch:67, training loss:0.04770031447211901
Epoch:68, training loss:0.04765638957420985
Epoch:69, training loss:0.04756480207045873
Epoch:70, training loss:0.04706889142592748
----------------------------
Start validation ...
Validation error:0.04707174003124237
Save model checkpoints ... 
Save pial surface mesh ... 
Maximum allocated GPU memory: 1.51 GiB
Finish validation.
----------------------------
Epoch:71, training loss:0.04725213969747225
Epoch:72, training loss:0.047058481723070145
Epoch:73, training loss:0.04699487735827764
Epoch:74, training loss:0.046569893757502236
Epoch:75, training loss:0.04655228927731514
Epoch:76, training loss:0.04650869593024254
Epoch:77, training loss:0.04652936259905497
Epoch:78, training loss:0.046399431924025215
Epoch:79, training loss:0.0459548644721508
Epoch:80, training loss:0.04609000931183497
----------------------------
Start validation ...
Validation error:0.04624873027205467
Save model checkpoints ... 
Save pial surface mesh ... 
Maximum allocated GPU memory: 1.51 GiB
Finish validation.
----------------------------
Epoch:81, training loss:0.04622746258974075
Epoch:82, training loss:0.04615195095539093
Epoch:83, training loss:0.04604542379577955
Epoch:84, training loss:0.04588688785831133
Epoch:85, training loss:0.04572506621479988
Epoch:86, training loss:0.04563965772589048
Epoch:87, training loss:0.045530129224061966
Epoch:88, training loss:0.04515261575579643
Epoch:89, training loss:0.04521497090657552
Epoch:90, training loss:0.045147236436605453
----------------------------
Start validation ...
Validation error:0.04443353787064552
Save model checkpoints ... 
Save pial surface mesh ... 
Maximum allocated GPU memory: 1.51 GiB
Finish validation.
----------------------------
Epoch:91, training loss:0.04526968176166216
Epoch:92, training loss:0.04530416056513786
Epoch:93, training loss:0.045058337350686394
Epoch:94, training loss:0.044893706838289894
Epoch:95, training loss:0.04494642838835716
Epoch:96, training loss:0.04480872551600138
Epoch:97, training loss:0.044435955584049225
Epoch:98, training loss:0.044548449416955314
Epoch:99, training loss:0.044522749880949654
Epoch:100, training loss:0.04432697345813116
----------------------------
Start validation ...
Validation error:0.04392089322209358
Save model checkpoints ... 
Save pial surface mesh ... 
Maximum allocated GPU memory: 1.51 GiB
Finish validation.
----------------------------
Epoch:101, training loss:0.04447849839925766
Epoch:102, training loss:0.04450340444842974
Epoch:103, training loss:0.04405382523934046
Epoch:104, training loss:0.044208125521739326
Epoch:105, training loss:0.04400434593359629
Epoch:106, training loss:0.04381919652223587
Epoch:107, training loss:0.0438680462539196
Epoch:108, training loss:0.043631501495838165
Epoch:109, training loss:0.043590003003676735
Epoch:110, training loss:0.04360689967870712
----------------------------
Start validation ...
Validation error:0.0430988147854805
Save model checkpoints ... 
Save pial surface mesh ... 
Maximum allocated GPU memory: 1.51 GiB
Finish validation.
----------------------------
Epoch:111, training loss:0.04376186430454254
Epoch:112, training loss:0.04335493594408035
Epoch:113, training loss:0.04334138582150141
Epoch:114, training loss:0.04359353706240654
Epoch:115, training loss:0.04320387914776802
Epoch:116, training loss:0.043164013574520745
Epoch:117, training loss:0.04315394659837087
Epoch:118, training loss:0.043298959732055664
Epoch:119, training loss:0.04320105413595835
Epoch:120, training loss:0.04306278501947721
----------------------------
Start validation ...
Validation error:0.042640961706638336
Save model checkpoints ... 
Save pial surface mesh ... 
Maximum allocated GPU memory: 1.51 GiB
Finish validation.
----------------------------
Epoch:121, training loss:0.04292766625682513
Epoch:122, training loss:0.04311837628483772
Epoch:123, training loss:0.04304290687044462
Epoch:124, training loss:0.0428740493953228
Epoch:125, training loss:0.04263762757182121
Epoch:126, training loss:0.04268239686886469
Epoch:127, training loss:0.042734132458766304
Epoch:128, training loss:0.042500161876281105
Epoch:129, training loss:0.042337936659653984
Epoch:130, training loss:0.042432766407728195
----------------------------
Start validation ...
Validation error:0.043715700507164
Save model checkpoints ... 
Save pial surface mesh ... 
Maximum allocated GPU memory: 1.51 GiB
Finish validation.
----------------------------
Epoch:131, training loss:0.04249876489241918
Epoch:132, training loss:0.04247569416960081
Epoch:133, training loss:0.0423808308939139
Epoch:134, training loss:0.04228921482960383
Epoch:135, training loss:0.04225483164191246
Epoch:136, training loss:0.04201104864478111
Epoch:137, training loss:0.042071081697940826
Epoch:138, training loss:0.041942340632279716
Epoch:139, training loss:0.04179819921652476
Epoch:140, training loss:0.041819886614878975
----------------------------
Start validation ...
Validation error:0.04195687919855118
Save model checkpoints ... 
Save pial surface mesh ... 
Maximum allocated GPU memory: 1.51 GiB
Finish validation.
----------------------------
Epoch:141, training loss:0.041748564690351486
Epoch:142, training loss:0.04180767014622688
Epoch:143, training loss:0.041622174282868706
Epoch:144, training loss:0.041633098075787224
Epoch:145, training loss:0.04167439664403597
Epoch:146, training loss:0.04150266324480375
Epoch:147, training loss:0.04138262073198954
Epoch:148, training loss:0.04160567248860995
Epoch:149, training loss:0.04123559594154358
Epoch:150, training loss:0.04135044291615486
----------------------------
Start validation ...
Validation error:0.0426572747528553
Save model checkpoints ... 
Save pial surface mesh ... 
Maximum allocated GPU memory: 1.51 GiB
Finish validation.
----------------------------
Epoch:151, training loss:0.04135228445132574
Epoch:152, training loss:0.04115244994560877
Epoch:153, training loss:0.041199722637732826
Epoch:154, training loss:0.04102730005979538
Epoch:155, training loss:0.0411464087665081
Epoch:156, training loss:0.04109379152456919
Epoch:157, training loss:0.04086769993106524
Epoch:158, training loss:0.04101665193835894
Epoch:159, training loss:0.04080618545413017
Epoch:160, training loss:0.04091981425881386
----------------------------
Start validation ...
Validation error:0.042344216257333755
Save model checkpoints ... 
Save pial surface mesh ... 
Maximum allocated GPU memory: 1.51 GiB
Finish validation.
----------------------------
Epoch:161, training loss:0.04099314659833908
Epoch:162, training loss:0.04073361431558927
Epoch:163, training loss:0.040732755015293755
Epoch:164, training loss:0.04083248352011045
Epoch:165, training loss:0.04053387294212977
Epoch:166, training loss:0.04051143303513527
Epoch:167, training loss:0.04047690207759539
Epoch:168, training loss:0.040636504689852394
Epoch:169, training loss:0.04042974611123403
Epoch:170, training loss:0.040328238159418106
----------------------------
Start validation ...
Validation error:0.04191533103585243
Save model checkpoints ... 
Save pial surface mesh ... 
Maximum allocated GPU memory: 1.51 GiB
Finish validation.
----------------------------
Epoch:171, training loss:0.040392653395732246
Epoch:172, training loss:0.04036250834663709
Epoch:173, training loss:0.04027248670657476
Epoch:174, training loss:0.040003735572099686
Epoch:175, training loss:0.04007525245348612
Epoch:176, training loss:0.04019175097346306
Epoch:177, training loss:0.0400722399353981
Epoch:178, training loss:0.04015881692369779
Epoch:179, training loss:0.03994072352846464
Epoch:180, training loss:0.03988345464070638
----------------------------
Start validation ...
Validation error:0.041287779808044434
Save model checkpoints ... 
Save pial surface mesh ... 
Maximum allocated GPU memory: 1.51 GiB
Finish validation.
----------------------------
Epoch:181, training loss:0.039973327269156776
Epoch:182, training loss:0.03970437993605932
Epoch:183, training loss:0.03970218698183695
Epoch:184, training loss:0.039989313731590904
Epoch:185, training loss:0.03953991457819939
Epoch:186, training loss:0.039601266384124756
Epoch:187, training loss:0.03949248666564623
Epoch:188, training loss:0.03963116059700648
Epoch:189, training loss:0.0396834301451842
Epoch:190, training loss:0.03964373469352722
----------------------------
Start validation ...
Validation error:0.041693009436130524
Save model checkpoints ... 
Save pial surface mesh ... 
Maximum allocated GPU memory: 1.51 GiB
Finish validation.
----------------------------
Epoch:191, training loss:0.03958397607008616
Epoch:192, training loss:0.03954782709479332
Epoch:193, training loss:0.03947886203726133
Epoch:194, training loss:0.03946337476372719
Epoch:195, training loss:0.03941262637575468
Epoch:196, training loss:0.03936169669032097
Epoch:197, training loss:0.039209252844254174
Epoch:198, training loss:0.03912144402662913
Epoch:199, training loss:0.03912771989901861
Epoch:200, training loss:0.03924209997057915
----------------------------
Start validation ...
Validation error:0.040623001754283905
Save model checkpoints ... 
Save pial surface mesh ... 
Maximum allocated GPU memory: 1.51 GiB
Finish validation.
----------------------------
Finish training.
----------------------------
D
CC
