aa
bb
Combination: 0, 6
Model location: /data/users2/washbee/websurf/cortexGNN/ckpts/model/lh/PialGCN_GNNlayers6_mse_whitein_full_model_lh_best.pt
gnn: 0
layers: 6
eval.sh model is a pialgnn
----------------------------
Start loading dataset ...
numbers 100206
numbers 100307
numbers 100408
numbers 100610
Finish loading dataset. There are total 4 subjects.
----------------------------
Start loading model ...
NLayerGCN 6
NLayerGCN 6
Model is  PialGCN
config.model_location /data/users2/washbee/websurf/cortexGNN/ckpts/model/lh/PialGCN_GNNlayers6_mse_whitein_full_model_lh_best.pt
Finish loading model
----------------------------
Start evaluation ...
sub_id tensor([100206])
sub_id tensor([100610])
sub_id tensor([100307])
sub_id tensor([100408])
HD: Mean=0.644214151523521, Std=0.04318532907556793
Finish evaluation.
----------------------------
CC
