aa
bb
Combination: 0, 3
A
B
C
lh training
gnn: 0
layers: 3
trainlh.sh model is a pialgnn
----------------------------
Start loading dataset ...
numbers 100206
numbers 100307
numbers 100408
numbers 100610
MSE
Finish loading dataset. There are total 4 subjects.
Training data length 3
Validation data length 1
scaling factor  0.1
----------------------------
Start loading model ...
Model is CortexGNN
NLayerGCN 3
NLayerGCN 3
Finish loading model
----------------------------
Start training 600 epochs ...
Epoch:0, training loss:0.316150705019633
----------------------------
Start validation ...
Validation error:0.21637287735939026
Validation error:0.21637287735939026
New best model saved at epoch 0 with validation error 0.21637287735939026
Save model checkpoints ... 
Save pial surface mesh ... 
Maximum allocated GPU memory: 2.63 GiB
Finish validation.
----------------------------
Epoch:1, training loss:0.17609170824289322
Epoch:2, training loss:0.11672453582286835
Epoch:3, training loss:0.09844192614157994
Epoch:4, training loss:0.1015094742178917
Epoch:5, training loss:0.08966243763764699
Epoch:6, training loss:0.08476040263970692
Epoch:7, training loss:0.0758478045463562
Epoch:8, training loss:0.07301390916109085
Epoch:9, training loss:0.06978204349676768
Epoch:10, training loss:0.06853708749016126
----------------------------
Start validation ...
Validation error:0.062423598021268845
Validation error:0.062423598021268845
New best model saved at epoch 10 with validation error 0.062423598021268845
Save model checkpoints ... 
Save pial surface mesh ... 
Maximum allocated GPU memory: 2.64 GiB
Finish validation.
----------------------------
Epoch:11, training loss:0.06716038286685944
Epoch:12, training loss:0.06547993173201878
Epoch:13, training loss:0.06394189099470775
Epoch:14, training loss:0.06273968269427617
Epoch:15, training loss:0.061853556583325066
Epoch:16, training loss:0.061245063940684
Epoch:17, training loss:0.060215938836336136
Epoch:18, training loss:0.059722243497769036
Epoch:19, training loss:0.058935731649398804
Epoch:20, training loss:0.058398593217134476
----------------------------
Start validation ...
Validation error:0.054215818643569946
Validation error:0.054215818643569946
New best model saved at epoch 20 with validation error 0.054215818643569946
Save model checkpoints ... 
Save pial surface mesh ... 
Maximum allocated GPU memory: 2.64 GiB
Finish validation.
----------------------------
Epoch:21, training loss:0.057941521207491554
Epoch:22, training loss:0.05712891618410746
Epoch:23, training loss:0.056871797889471054
Epoch:24, training loss:0.05658882608016332
Epoch:25, training loss:0.05619245022535324
Epoch:26, training loss:0.05571529393394788
Epoch:27, training loss:0.05511569852630297
Epoch:28, training loss:0.05465347568194071
Epoch:29, training loss:0.05431793133417765
Epoch:30, training loss:0.054149859895308815
----------------------------
Start validation ...
Validation error:0.05013905465602875
Validation error:0.05013905465602875
New best model saved at epoch 30 with validation error 0.05013905465602875
Save model checkpoints ... 
Save pial surface mesh ... 
Maximum allocated GPU memory: 2.64 GiB
Finish validation.
----------------------------
Epoch:31, training loss:0.053735531866550446
Epoch:32, training loss:0.05331198995312055
Epoch:33, training loss:0.05309641112883886
Epoch:34, training loss:0.05274554590384165
Epoch:35, training loss:0.05233450358112653
Epoch:36, training loss:0.05212993174791336
Epoch:37, training loss:0.05188494796554247
Epoch:38, training loss:0.05170253043373426
Epoch:39, training loss:0.051600425193707146
Epoch:40, training loss:0.05138968179623286
----------------------------
Start validation ...
Validation error:0.047636546194553375
Validation error:0.047636546194553375
New best model saved at epoch 40 with validation error 0.047636546194553375
Save model checkpoints ... 
Save pial surface mesh ... 
Maximum allocated GPU memory: 2.64 GiB
Finish validation.
----------------------------
Epoch:41, training loss:0.050909675657749176
Epoch:42, training loss:0.05082933108011881
Epoch:43, training loss:0.05077201376358668
Epoch:44, training loss:0.050306566059589386
Epoch:45, training loss:0.05008968462546667
Epoch:46, training loss:0.049965510765711464
Epoch:47, training loss:0.04969146102666855
Epoch:48, training loss:0.04947632054487864
Epoch:49, training loss:0.04946840927004814
Epoch:50, training loss:0.04926305264234543
----------------------------
Start validation ...
Validation error:0.045815080404281616
Validation error:0.045815080404281616
New best model saved at epoch 50 with validation error 0.045815080404281616
Save model checkpoints ... 
Save pial surface mesh ... 
Maximum allocated GPU memory: 2.64 GiB
Finish validation.
----------------------------
Epoch:51, training loss:0.04910076782107353
Epoch:52, training loss:0.048844028264284134
Epoch:53, training loss:0.04868704453110695
Epoch:54, training loss:0.04861407851179441
Epoch:55, training loss:0.04849704975883166
Epoch:56, training loss:0.04820694401860237
Epoch:57, training loss:0.04814330985148748
Epoch:58, training loss:0.04786574343840281
Epoch:59, training loss:0.04774919152259827
Epoch:60, training loss:0.04757860799630483
----------------------------
Start validation ...
Validation error:0.04470854997634888
Validation error:0.04470854997634888
New best model saved at epoch 60 with validation error 0.04470854997634888
Save model checkpoints ... 
Save pial surface mesh ... 
Maximum allocated GPU memory: 2.64 GiB
Finish validation.
----------------------------
Epoch:61, training loss:0.04738187417387962
Epoch:62, training loss:0.04727504774928093
Epoch:63, training loss:0.04713613664110502
Epoch:64, training loss:0.047053832560777664
Epoch:65, training loss:0.046939327071110405
Epoch:66, training loss:0.04691346610585848
Epoch:67, training loss:0.047029790778954826
Epoch:68, training loss:0.04663499196370443
Epoch:69, training loss:0.04661515106757482
Epoch:70, training loss:0.0465942844748497
----------------------------
Start validation ...
Validation error:0.04362307861447334
Validation error:0.04362307861447334
New best model saved at epoch 70 with validation error 0.04362307861447334
Save model checkpoints ... 
Save pial surface mesh ... 
Maximum allocated GPU memory: 2.64 GiB
Finish validation.
----------------------------
Epoch:71, training loss:0.04615064089496931
Epoch:72, training loss:0.04603253180782
Epoch:73, training loss:0.04596608753005663
Epoch:74, training loss:0.04584698503216108
Epoch:75, training loss:0.04562806338071823
Epoch:76, training loss:0.04562621936202049
Epoch:77, training loss:0.045278300841649376
Epoch:78, training loss:0.0453672781586647
Epoch:79, training loss:0.04507520173986753
Epoch:80, training loss:0.04522917171319326
----------------------------
Start validation ...
Validation error:0.04268758371472359
Validation error:0.04268758371472359
New best model saved at epoch 80 with validation error 0.04268758371472359
Save model checkpoints ... 
Save pial surface mesh ... 
Maximum allocated GPU memory: 2.64 GiB
Finish validation.
----------------------------
Epoch:81, training loss:0.04501635581254959
Epoch:82, training loss:0.04514072587092718
Epoch:83, training loss:0.04522357260187467
Epoch:84, training loss:0.044882871210575104
Epoch:85, training loss:0.044689917316039406
Epoch:86, training loss:0.04463478301962217
Epoch:87, training loss:0.044721078127622604
Epoch:88, training loss:0.04483616476257642
Epoch:89, training loss:0.04440048709511757
Epoch:90, training loss:0.04419014106194178
----------------------------
Start validation ...
Validation error:0.04189017787575722
Validation error:0.04189017787575722
New best model saved at epoch 90 with validation error 0.04189017787575722
Save model checkpoints ... 
Save pial surface mesh ... 
Maximum allocated GPU memory: 2.64 GiB
Finish validation.
----------------------------
Epoch:91, training loss:0.044253963977098465
Epoch:92, training loss:0.04402215903004011
Epoch:93, training loss:0.044309339175621666
Epoch:94, training loss:0.043930732955535255
Epoch:95, training loss:0.044127644350131355
Epoch:96, training loss:0.04391361400485039
Epoch:97, training loss:0.04381893699367841
Epoch:98, training loss:0.043684203177690506
Epoch:99, training loss:0.043527331203222275
Epoch:100, training loss:0.04380655661225319
----------------------------
Start validation ...
Validation error:0.0419517457485199
Validation error:0.0419517457485199
Save model checkpoints ... 
Save pial surface mesh ... 
Maximum allocated GPU memory: 2.64 GiB
Finish validation.
----------------------------
Epoch:101, training loss:0.04389352475603422
Epoch:102, training loss:0.04337015623847643
Epoch:103, training loss:0.04330349341034889
Epoch:104, training loss:0.04314065476258596
Epoch:105, training loss:0.0431692898273468
Epoch:106, training loss:0.043222332994143166
Epoch:107, training loss:0.04319098095099131
Epoch:108, training loss:0.042832991729180016
Epoch:109, training loss:0.043044516195853554
Epoch:110, training loss:0.042762283235788345
----------------------------
Start validation ...
Validation error:0.04092151299118996
Validation error:0.04092151299118996
New best model saved at epoch 110 with validation error 0.04092151299118996
Save model checkpoints ... 
Save pial surface mesh ... 
Maximum allocated GPU memory: 2.64 GiB
Finish validation.
----------------------------
Epoch:111, training loss:0.04279611259698868
Epoch:112, training loss:0.04302108163634936
Epoch:113, training loss:0.04305585597952207
Epoch:114, training loss:0.04287826518217722
Epoch:115, training loss:0.042954545468091965
Epoch:116, training loss:0.04314792280395826
Epoch:117, training loss:0.04301590844988823
Epoch:118, training loss:0.04253010575970014
Epoch:119, training loss:0.04240571955839793
Epoch:120, training loss:0.04219432547688484
----------------------------
Start validation ...
Validation error:0.040440019220113754
Validation error:0.040440019220113754
New best model saved at epoch 120 with validation error 0.040440019220113754
Save model checkpoints ... 
Save pial surface mesh ... 
Maximum allocated GPU memory: 2.64 GiB
Finish validation.
----------------------------
Epoch:121, training loss:0.04233085488279661
Epoch:122, training loss:0.042577906201283135
Epoch:123, training loss:0.04257077475388845
Epoch:124, training loss:0.042624001701672874
Epoch:125, training loss:0.0420737179617087
Epoch:126, training loss:0.04186649868885676
Epoch:127, training loss:0.04163133725523949
Epoch:128, training loss:0.041875588397185005
Epoch:129, training loss:0.04197240248322487
Epoch:130, training loss:0.041942824920018516
----------------------------
Start validation ...
Validation error:0.040525488555431366
Validation error:0.040525488555431366
Save model checkpoints ... 
Save pial surface mesh ... 
Maximum allocated GPU memory: 2.64 GiB
Finish validation.
----------------------------
Epoch:131, training loss:0.04151548693577448
Epoch:132, training loss:0.041508495807647705
Epoch:133, training loss:0.041622565438350044
Epoch:134, training loss:0.04175578927000364
Epoch:135, training loss:0.04144999881585439
Epoch:136, training loss:0.0417101097603639
Epoch:137, training loss:0.041655456026395164
Epoch:138, training loss:0.041388947516679764
Epoch:139, training loss:0.04126661767562231
Epoch:140, training loss:0.04123959317803383
----------------------------
Start validation ...
Validation error:0.040254320949316025
Validation error:0.040254320949316025
New best model saved at epoch 140 with validation error 0.040254320949316025
Save model checkpoints ... 
Save pial surface mesh ... 
Maximum allocated GPU memory: 2.64 GiB
Finish validation.
----------------------------
Epoch:141, training loss:0.04150885591904322
Epoch:142, training loss:0.04132546732823054
Epoch:143, training loss:0.04153496896227201
Epoch:144, training loss:0.041545587281386055
Epoch:145, training loss:0.04135362555583318
Epoch:146, training loss:0.04138856132825216
Epoch:147, training loss:0.04090230787793795
Epoch:148, training loss:0.04084906975428263
Epoch:149, training loss:0.040670360128084816
Epoch:150, training loss:0.040488013376792274
----------------------------
Start validation ...
Validation error:0.04009651392698288
Validation error:0.04009651392698288
New best model saved at epoch 150 with validation error 0.04009651392698288
Save model checkpoints ... 
Save pial surface mesh ... 
Maximum allocated GPU memory: 2.64 GiB
Finish validation.
----------------------------
Epoch:151, training loss:0.04076257596413294
Epoch:152, training loss:0.040364508827527366
Epoch:153, training loss:0.04075764367977778
Epoch:154, training loss:0.04046807189782461
Epoch:155, training loss:0.04043414443731308
Epoch:156, training loss:0.040280286222696304
Epoch:157, training loss:0.04031466692686081
Epoch:158, training loss:0.040707590679327645
Epoch:159, training loss:0.04019868870576223
Epoch:160, training loss:0.04008922353386879
----------------------------
Start validation ...
Validation error:0.03911766782402992
Validation error:0.03911766782402992
New best model saved at epoch 160 with validation error 0.03911766782402992
Save model checkpoints ... 
Save pial surface mesh ... 
Maximum allocated GPU memory: 2.64 GiB
Finish validation.
----------------------------
Epoch:161, training loss:0.04031533499558767
Epoch:162, training loss:0.04070207973321279
Epoch:163, training loss:0.04032710939645767
Epoch:164, training loss:0.04013891518115997
Epoch:165, training loss:0.03984622533122698
Epoch:166, training loss:0.04003724828362465
Epoch:167, training loss:0.03974341104427973
Epoch:168, training loss:0.03972521051764488
Epoch:169, training loss:0.039881168554226555
Epoch:170, training loss:0.03976953402161598
----------------------------
Start validation ...
Validation error:0.03886907920241356
Validation error:0.03886907920241356
New best model saved at epoch 170 with validation error 0.03886907920241356
Save model checkpoints ... 
Save pial surface mesh ... 
Maximum allocated GPU memory: 2.64 GiB
Finish validation.
----------------------------
Epoch:171, training loss:0.03969985991716385
Epoch:172, training loss:0.03948526208599409
Epoch:173, training loss:0.03975446273883184
Epoch:174, training loss:0.03951382637023926
Epoch:175, training loss:0.039355695247650146
Epoch:176, training loss:0.03976989910006523
Epoch:177, training loss:0.039935722947120667
Epoch:178, training loss:0.039862419168154396
Epoch:179, training loss:0.039438566813866295
Epoch:180, training loss:0.03940195838610331
----------------------------
Start validation ...
Validation error:0.03900733217597008
Validation error:0.03900733217597008
Save model checkpoints ... 
Save pial surface mesh ... 
Maximum allocated GPU memory: 2.64 GiB
Finish validation.
----------------------------
Epoch:181, training loss:0.03950142612059911
Epoch:182, training loss:0.03939861680070559
Epoch:183, training loss:0.03942174091935158
Epoch:184, training loss:0.03957210605343183
Epoch:185, training loss:0.039110603431860604
Epoch:186, training loss:0.03918361042936643
Epoch:187, training loss:0.039403373996416725
Epoch:188, training loss:0.03919469192624092
Epoch:189, training loss:0.03892956549922625
Epoch:190, training loss:0.03881304711103439
----------------------------
Start validation ...
Validation error:0.03854764252901077
Validation error:0.03854764252901077
New best model saved at epoch 190 with validation error 0.03854764252901077
Save model checkpoints ... 
Save pial surface mesh ... 
Maximum allocated GPU memory: 2.64 GiB
Finish validation.
----------------------------
Epoch:191, training loss:0.03875873610377312
Epoch:192, training loss:0.03868085518479347
Epoch:193, training loss:0.03892754763364792
Epoch:194, training loss:0.03859007234374682
Epoch:195, training loss:0.038601020971934
Epoch:196, training loss:0.03882341335217158
Epoch:197, training loss:0.03918618708848953
Epoch:198, training loss:0.039358860502640404
Epoch:199, training loss:0.039063421388467155
Epoch:200, training loss:0.03916482379039129
----------------------------
Start validation ...
Validation error:0.03893258422613144
Validation error:0.03893258422613144
Save model checkpoints ... 
Save pial surface mesh ... 
Maximum allocated GPU memory: 2.64 GiB
Finish validation.
----------------------------
Epoch:201, training loss:0.03960289681951205
Epoch:202, training loss:0.03970108677943548
Epoch:203, training loss:0.03906658043464025
Epoch:204, training loss:0.03896161541342735
Epoch:205, training loss:0.038564266016085945
Epoch:206, training loss:0.03831057002147039
Epoch:207, training loss:0.03817009553313255
Epoch:208, training loss:0.038315498580535255
Epoch:209, training loss:0.03803272917866707
Epoch:210, training loss:0.03815718740224838
----------------------------
Start validation ...
Validation error:0.03816197067499161
Validation error:0.03816197067499161
New best model saved at epoch 210 with validation error 0.03816197067499161
Save model checkpoints ... 
Save pial surface mesh ... 
Maximum allocated GPU memory: 2.64 GiB
Finish validation.
----------------------------
Epoch:211, training loss:0.0382632240653038
Epoch:212, training loss:0.03828130289912224
Epoch:213, training loss:0.0379889781276385
Epoch:214, training loss:0.03802205498019854
Epoch:215, training loss:0.03818269819021225
Epoch:216, training loss:0.03807187949617704
Epoch:217, training loss:0.0382855919500192
Epoch:218, training loss:0.038248797257741295
Epoch:219, training loss:0.03801127647360166
Epoch:220, training loss:0.038441369930903115
----------------------------
Start validation ...
Validation error:0.038251910358667374
Validation error:0.038251910358667374
Save model checkpoints ... 
Save pial surface mesh ... 
Maximum allocated GPU memory: 2.64 GiB
Finish validation.
----------------------------
Epoch:221, training loss:0.038657721132040024
Epoch:222, training loss:0.038535404950380325
Epoch:223, training loss:0.038759211699167885
Epoch:224, training loss:0.03885101526975632
Epoch:225, training loss:0.038270809998114906
Epoch:226, training loss:0.03818395733833313
Epoch:227, training loss:0.03760543713967005
Epoch:228, training loss:0.03785459945599238
Epoch:229, training loss:0.03795894732077917
Epoch:230, training loss:0.037774331867694855
----------------------------
Start validation ...
Validation error:0.0378008596599102
Validation error:0.0378008596599102
New best model saved at epoch 230 with validation error 0.0378008596599102
Save model checkpoints ... 
Save pial surface mesh ... 
Maximum allocated GPU memory: 2.64 GiB
Finish validation.
----------------------------
Epoch:231, training loss:0.037543777376413345
Epoch:232, training loss:0.03771104787786802
Epoch:233, training loss:0.03724846368034681
Epoch:234, training loss:0.03756144394477209
Epoch:235, training loss:0.03711852431297302
Epoch:236, training loss:0.03738070527712504
Epoch:237, training loss:0.037667499234279
Epoch:238, training loss:0.03771748145421346
Epoch:239, training loss:0.037752402325471245
Epoch:240, training loss:0.03802787885069847
----------------------------
Start validation ...
Validation error:0.03810466080904007
Validation error:0.03810466080904007
Save model checkpoints ... 
Save pial surface mesh ... 
Maximum allocated GPU memory: 2.64 GiB
Finish validation.
----------------------------
Epoch:241, training loss:0.038021491219600044
Epoch:242, training loss:0.03817172348499298
Epoch:243, training loss:0.038175661116838455
Epoch:244, training loss:0.03847774490714073
Epoch:245, training loss:0.0378320241967837
Epoch:246, training loss:0.037413484106461205
Epoch:247, training loss:0.03746823718150457
Epoch:248, training loss:0.03732023015618324
Epoch:249, training loss:0.037385995189348854
Epoch:250, training loss:0.03699709350864092
----------------------------
Start validation ...
Validation error:0.03808406740427017
Validation error:0.03808406740427017
Save model checkpoints ... 
Save pial surface mesh ... 
Maximum allocated GPU memory: 2.64 GiB
Finish validation.
----------------------------
Epoch:251, training loss:0.03740217164158821
Epoch:252, training loss:0.03735887507597605
Epoch:253, training loss:0.03696625431378683
Epoch:254, training loss:0.03698621938625971
Epoch:255, training loss:0.03685455024242401
Epoch:256, training loss:0.03677511836091677
Epoch:257, training loss:0.03670136878887812
Epoch:258, training loss:0.03690012916922569
Epoch:259, training loss:0.03688256690899531
Epoch:260, training loss:0.03721756239732107
----------------------------
Start validation ...
Validation error:0.03704195097088814
Validation error:0.03704195097088814
New best model saved at epoch 260 with validation error 0.03704195097088814
Save model checkpoints ... 
Save pial surface mesh ... 
Maximum allocated GPU memory: 2.64 GiB
Finish validation.
----------------------------
Epoch:261, training loss:0.03654967248439789
Epoch:262, training loss:0.03683022161324819
Epoch:263, training loss:0.03656721735994021
Epoch:264, training loss:0.03649550552169482
Epoch:265, training loss:0.03646179288625717
Epoch:266, training loss:0.03643665462732315
Epoch:267, training loss:0.03652531901995341
Epoch:268, training loss:0.036517338206370674
Epoch:269, training loss:0.03634085009495417
Epoch:270, training loss:0.03653032332658768
----------------------------
Start validation ...
Validation error:0.036990709602832794
Validation error:0.036990709602832794
New best model saved at epoch 270 with validation error 0.036990709602832794
Save model checkpoints ... 
Save pial surface mesh ... 
Maximum allocated GPU memory: 2.64 GiB
Finish validation.
----------------------------
Epoch:271, training loss:0.0363658107817173
Epoch:272, training loss:0.03624790286024412
Epoch:273, training loss:0.03629949937264124
Epoch:274, training loss:0.036110801001389824
Epoch:275, training loss:0.03642362977067629
Epoch:276, training loss:0.03634410724043846
Epoch:277, training loss:0.03602742403745651
Epoch:278, training loss:0.0360481267174085
Epoch:279, training loss:0.03608695541818937
Epoch:280, training loss:0.036145697037378945
----------------------------
Start validation ...
Validation error:0.037221524864435196
Validation error:0.037221524864435196
Save model checkpoints ... 
Save pial surface mesh ... 
Maximum allocated GPU memory: 2.64 GiB
Finish validation.
----------------------------
Epoch:281, training loss:0.036270646999279656
Epoch:282, training loss:0.03598770499229431
Epoch:283, training loss:0.03595682109395663
Epoch:284, training loss:0.03618229553103447
Epoch:285, training loss:0.035995520651340485
Epoch:286, training loss:0.035873811691999435
Epoch:287, training loss:0.035896667589743934
Epoch:288, training loss:0.035837811728318535
Epoch:289, training loss:0.035787114252646766
Epoch:290, training loss:0.03586600845058759
----------------------------
Start validation ...
Validation error:0.03670472279191017
Validation error:0.03670472279191017
New best model saved at epoch 290 with validation error 0.03670472279191017
Save model checkpoints ... 
Save pial surface mesh ... 
Maximum allocated GPU memory: 2.64 GiB
Finish validation.
----------------------------
Epoch:291, training loss:0.03585312763849894
Epoch:292, training loss:0.03578985730806986
Epoch:293, training loss:0.03565543641646703
Epoch:294, training loss:0.03568917140364647
Epoch:295, training loss:0.035533562302589417
Epoch:296, training loss:0.035560699800650276
Epoch:297, training loss:0.0357010488708814
Epoch:298, training loss:0.03552851205070814
Epoch:299, training loss:0.035761176298062004
Epoch:300, training loss:0.035636380314826965
----------------------------
Start validation ...
Validation error:0.03657818213105202
Validation error:0.03657818213105202
New best model saved at epoch 300 with validation error 0.03657818213105202
Save model checkpoints ... 
Save pial surface mesh ... 
Maximum allocated GPU memory: 2.64 GiB
Finish validation.
----------------------------
Epoch:301, training loss:0.035529871781667076
Epoch:302, training loss:0.035417246321837105
Epoch:303, training loss:0.035416038086016975
Epoch:304, training loss:0.0353703647851944
Epoch:305, training loss:0.035493471970160805
Epoch:306, training loss:0.03516466170549393
Epoch:307, training loss:0.035279990484317146
Epoch:308, training loss:0.0351899154484272
Epoch:309, training loss:0.035204723477363586
Epoch:310, training loss:0.03528940553466479
----------------------------
Start validation ...
Validation error:0.03665449097752571
Validation error:0.03665449097752571
Save model checkpoints ... 
Save pial surface mesh ... 
Maximum allocated GPU memory: 2.64 GiB
Finish validation.
----------------------------
Epoch:311, training loss:0.03522149349252383
Epoch:312, training loss:0.035393464068571724
Epoch:313, training loss:0.03541597972313563
Epoch:314, training loss:0.0351503516236941
Epoch:315, training loss:0.035336416214704514
Epoch:316, training loss:0.035252779722213745
Epoch:317, training loss:0.035105583568414055
Epoch:318, training loss:0.035060349851846695
Epoch:319, training loss:0.035194908579190574
Epoch:320, training loss:0.03529583538571993
----------------------------
Start validation ...
Validation error:0.037207089364528656
Validation error:0.037207089364528656
Save model checkpoints ... 
Save pial surface mesh ... 
Maximum allocated GPU memory: 2.64 GiB
Finish validation.
----------------------------
Epoch:321, training loss:0.03503971422712008
Epoch:322, training loss:0.03516076132655144
Epoch:323, training loss:0.03552274157603582
Epoch:324, training loss:0.035048784067233406
Epoch:325, training loss:0.03492394834756851
Epoch:326, training loss:0.03496648619572321
Epoch:327, training loss:0.03501002863049507
Epoch:328, training loss:0.035149894654750824
Epoch:329, training loss:0.034931844721237816
Epoch:330, training loss:0.0347257765630881
----------------------------
Start validation ...
Validation error:0.03625594079494476
Validation error:0.03625594079494476
New best model saved at epoch 330 with validation error 0.03625594079494476
Save model checkpoints ... 
Save pial surface mesh ... 
Maximum allocated GPU memory: 2.64 GiB
Finish validation.
----------------------------
Epoch:331, training loss:0.03495032216111819
Epoch:332, training loss:0.03531564399600029
Epoch:333, training loss:0.03489122043053309
Epoch:334, training loss:0.03465592240293821
Epoch:335, training loss:0.03485345095396042
Epoch:336, training loss:0.035276235391696296
Epoch:337, training loss:0.03496097524960836
Epoch:338, training loss:0.035353582352399826
Epoch:339, training loss:0.03496464590231577
Epoch:340, training loss:0.03486834093928337
----------------------------
Start validation ...
Validation error:0.03756948933005333
Validation error:0.03756948933005333
Save model checkpoints ... 
Save pial surface mesh ... 
Maximum allocated GPU memory: 2.64 GiB
Finish validation.
----------------------------
Epoch:341, training loss:0.03495252380768458
Epoch:342, training loss:0.035095675537983574
Epoch:343, training loss:0.03474947685996691
Epoch:344, training loss:0.03471188247203827
Epoch:345, training loss:0.03496296579639117
Epoch:346, training loss:0.034997135400772095
Epoch:347, training loss:0.034889734039704
Epoch:348, training loss:0.034705229103565216
Epoch:349, training loss:0.034516219049692154
Epoch:350, training loss:0.034476294492681824
----------------------------
Start validation ...
Validation error:0.03635963425040245
Validation error:0.03635963425040245
Save model checkpoints ... 
Save pial surface mesh ... 
Maximum allocated GPU memory: 2.64 GiB
Finish validation.
----------------------------
Epoch:351, training loss:0.034631129975120224
Epoch:352, training loss:0.034451842308044434
Epoch:353, training loss:0.03443218146761259
Epoch:354, training loss:0.03458695796628793
Epoch:355, training loss:0.03474678720037142
Epoch:356, training loss:0.03445575882991155
Epoch:357, training loss:0.03436895025273164
Epoch:358, training loss:0.03424415923655033
Epoch:359, training loss:0.03411811217665672
Epoch:360, training loss:0.034063475827376045
----------------------------
Start validation ...
Validation error:0.03598589822649956
Validation error:0.03598589822649956
New best model saved at epoch 360 with validation error 0.03598589822649956
Save model checkpoints ... 
Save pial surface mesh ... 
Maximum allocated GPU memory: 2.64 GiB
Finish validation.
----------------------------
Epoch:361, training loss:0.03404970777531465
Epoch:362, training loss:0.03398627229034901
Epoch:363, training loss:0.0338644285996755
Epoch:364, training loss:0.03391180373728275
Epoch:365, training loss:0.03390910538534323
Epoch:366, training loss:0.033731332048773766
Epoch:367, training loss:0.033710784589250885
Epoch:368, training loss:0.03387706416348616
Epoch:369, training loss:0.03407610518236955
Epoch:370, training loss:0.03388355175654093
----------------------------
Start validation ...
Validation error:0.035972028970718384
Validation error:0.035972028970718384
New best model saved at epoch 370 with validation error 0.035972028970718384
Save model checkpoints ... 
Save pial surface mesh ... 
Maximum allocated GPU memory: 2.64 GiB
Finish validation.
----------------------------
Epoch:371, training loss:0.03383632687230905
Epoch:372, training loss:0.033766098941365875
Epoch:373, training loss:0.033865329499046005
Epoch:374, training loss:0.03369245926539103
Epoch:375, training loss:0.033553095534443855
Epoch:376, training loss:0.03381666044394175
Epoch:377, training loss:0.03387377659479777
Epoch:378, training loss:0.03435354803999265
Epoch:379, training loss:0.034131880228718124
Epoch:380, training loss:0.033989048873384796
----------------------------
Start validation ...
Validation error:0.036213234066963196
Validation error:0.036213234066963196
Save model checkpoints ... 
Save pial surface mesh ... 
Maximum allocated GPU memory: 2.64 GiB
Finish validation.
----------------------------
Epoch:381, training loss:0.03385436596969763
Epoch:382, training loss:0.03378907280663649
Epoch:383, training loss:0.03366669329504172
Epoch:384, training loss:0.033665853862961136
Epoch:385, training loss:0.033615402256449066
Epoch:386, training loss:0.03332581433157126
Epoch:387, training loss:0.03341863490641117
Epoch:388, training loss:0.03361878482004007
Epoch:389, training loss:0.033379158626000084
Epoch:390, training loss:0.03340709830323855
----------------------------
Start validation ...
Validation error:0.03599049150943756
Validation error:0.03599049150943756
Save model checkpoints ... 
Save pial surface mesh ... 
Maximum allocated GPU memory: 2.64 GiB
Finish validation.
----------------------------
Epoch:391, training loss:0.03363169046739737
Epoch:392, training loss:0.03385039605200291
Epoch:393, training loss:0.03358151142795881
Epoch:394, training loss:0.0334374625235796
Epoch:395, training loss:0.03318865907688936
Epoch:396, training loss:0.03368009440600872
Epoch:397, training loss:0.03301318362355232
Epoch:398, training loss:0.033163281778494515
Epoch:399, training loss:0.032998607804377876
Epoch:400, training loss:0.03300497060020765
----------------------------
Start validation ...
Validation error:0.03594721108675003
Validation error:0.03594721108675003
New best model saved at epoch 400 with validation error 0.03594721108675003
Save model checkpoints ... 
Save pial surface mesh ... 
Maximum allocated GPU memory: 2.64 GiB
Finish validation.
----------------------------
Epoch:401, training loss:0.033261424551407494
Epoch:402, training loss:0.03373485244810581
Epoch:403, training loss:0.03361250708500544
Epoch:404, training loss:0.03377526439726353
Epoch:405, training loss:0.033646732568740845
Epoch:406, training loss:0.03363458439707756
Epoch:407, training loss:0.03349295941491922
Epoch:408, training loss:0.03332193444172541
Epoch:409, training loss:0.03304959833621979
Epoch:410, training loss:0.03325378025571505
----------------------------
Start validation ...
Validation error:0.036346714943647385
Validation error:0.036346714943647385
Save model checkpoints ... 
Save pial surface mesh ... 
Maximum allocated GPU memory: 2.64 GiB
Finish validation.
----------------------------
Epoch:411, training loss:0.033556198701262474
Epoch:412, training loss:0.03345446474850178
Epoch:413, training loss:0.03317722988625368
Epoch:414, training loss:0.03308566783865293
Epoch:415, training loss:0.03339720889925957
Epoch:416, training loss:0.03295984864234924
Epoch:417, training loss:0.03298150499661764
Epoch:418, training loss:0.03282578165332476
Epoch:419, training loss:0.03277414167920748
Epoch:420, training loss:0.03285793960094452
----------------------------
Start validation ...
Validation error:0.03553216904401779
Validation error:0.03553216904401779
New best model saved at epoch 420 with validation error 0.03553216904401779
Save model checkpoints ... 
Save pial surface mesh ... 
Maximum allocated GPU memory: 2.64 GiB
Finish validation.
----------------------------
Epoch:421, training loss:0.03313603438436985
Epoch:422, training loss:0.03304631511370341
Epoch:423, training loss:0.03333125325540701
Epoch:424, training loss:0.03365051249663035
Epoch:425, training loss:0.033362848684191704
Epoch:426, training loss:0.03341010895868143
Epoch:427, training loss:0.03278530202805996
Epoch:428, training loss:0.03273262269794941
Epoch:429, training loss:0.033032046630978584
Epoch:430, training loss:0.0332021942983071
----------------------------
Start validation ...
Validation error:0.03581489622592926
Validation error:0.03581489622592926
Save model checkpoints ... 
Save pial surface mesh ... 
Maximum allocated GPU memory: 2.64 GiB
Finish validation.
----------------------------
Epoch:431, training loss:0.03319976975520452
Epoch:432, training loss:0.03281253141661485
Epoch:433, training loss:0.032719872891902924
Epoch:434, training loss:0.03258668134609858
Epoch:435, training loss:0.032459344093998276
Epoch:436, training loss:0.032819281642635666
Epoch:437, training loss:0.032800234854221344
Epoch:438, training loss:0.0328227411955595
Epoch:439, training loss:0.03273997580011686
Epoch:440, training loss:0.03257354845603307
----------------------------
Start validation ...
Validation error:0.03537045419216156
Validation error:0.03537045419216156
New best model saved at epoch 440 with validation error 0.03537045419216156
Save model checkpoints ... 
Save pial surface mesh ... 
Maximum allocated GPU memory: 2.64 GiB
Finish validation.
----------------------------
Epoch:441, training loss:0.032403147468964257
Epoch:442, training loss:0.03249500629802545
Epoch:443, training loss:0.03245974021653334
Epoch:444, training loss:0.032351765781641006
Epoch:445, training loss:0.03232656791806221
Epoch:446, training loss:0.032151256377498307
Epoch:447, training loss:0.03219418538113435
Epoch:448, training loss:0.03213815080622832
Epoch:449, training loss:0.032077192018429436
Epoch:450, training loss:0.03205139686663946
----------------------------
Start validation ...
Validation error:0.03492777794599533
Validation error:0.03492777794599533
New best model saved at epoch 450 with validation error 0.03492777794599533
Save model checkpoints ... 
Save pial surface mesh ... 
Maximum allocated GPU memory: 2.64 GiB
Finish validation.
----------------------------
Epoch:451, training loss:0.032107425232728325
Epoch:452, training loss:0.031988002359867096
Epoch:453, training loss:0.03214277264972528
Epoch:454, training loss:0.03212223450342814
Epoch:455, training loss:0.03205385059118271
Epoch:456, training loss:0.032054336120684944
Epoch:457, training loss:0.03212465470035871
Epoch:458, training loss:0.03200309226910273
Epoch:459, training loss:0.031777663777271904
Epoch:460, training loss:0.032053244610627495
----------------------------
Start validation ...
Validation error:0.0356295146048069
Validation error:0.0356295146048069
Save model checkpoints ... 
Save pial surface mesh ... 
Maximum allocated GPU memory: 2.64 GiB
Finish validation.
----------------------------
Epoch:461, training loss:0.03218524592618147
Epoch:462, training loss:0.03211806155741215
Epoch:463, training loss:0.0320014034708341
Epoch:464, training loss:0.032048981015880905
Epoch:465, training loss:0.03200279176235199
Epoch:466, training loss:0.03225008398294449
Epoch:467, training loss:0.0319428164511919
Epoch:468, training loss:0.03232957236468792
Epoch:469, training loss:0.031916627660393715
Epoch:470, training loss:0.03187721533079942
----------------------------
Start validation ...
Validation error:0.03478306904435158
Validation error:0.03478306904435158
New best model saved at epoch 470 with validation error 0.03478306904435158
Save model checkpoints ... 
Save pial surface mesh ... 
Maximum allocated GPU memory: 2.64 GiB
Finish validation.
----------------------------
Epoch:471, training loss:0.03179936731855074
Epoch:472, training loss:0.031723227351903915
Epoch:473, training loss:0.03194848448038101
Epoch:474, training loss:0.031806519255042076
Epoch:475, training loss:0.03210135238866011
Epoch:476, training loss:0.032319785406192146
Epoch:477, training loss:0.03249108542998632
Epoch:478, training loss:0.032286861911416054
Epoch:479, training loss:0.03241458162665367
Epoch:480, training loss:0.03251886926591396
----------------------------
Start validation ...
Validation error:0.03610606864094734
Validation error:0.03610606864094734
Save model checkpoints ... 
Save pial surface mesh ... 
Maximum allocated GPU memory: 2.64 GiB
Finish validation.
----------------------------
Epoch:481, training loss:0.0321322176605463
Epoch:482, training loss:0.032359921062986054
Epoch:483, training loss:0.03205997931460539
Epoch:484, training loss:0.03200775074462096
Epoch:485, training loss:0.03188524519403776
Epoch:486, training loss:0.03194857016205788
Epoch:487, training loss:0.0319950475047032
Epoch:488, training loss:0.03185402477780978
Epoch:489, training loss:0.031711834793289505
Epoch:490, training loss:0.03160132716099421
----------------------------
Start validation ...
Validation error:0.03503115102648735
Validation error:0.03503115102648735
Save model checkpoints ... 
Save pial surface mesh ... 
Maximum allocated GPU memory: 2.64 GiB
Finish validation.
----------------------------
Epoch:491, training loss:0.03143347675601641
Epoch:492, training loss:0.031226045762499172
Epoch:493, training loss:0.03154933825135231
Epoch:494, training loss:0.03153920856614908
Epoch:495, training loss:0.03138538512090842
Epoch:496, training loss:0.031527550891041756
Epoch:497, training loss:0.03145496423045794
Epoch:498, training loss:0.0317424883445104
Epoch:499, training loss:0.03175038595994314
Epoch:500, training loss:0.03168059512972832
----------------------------
Start validation ...
Validation error:0.035207491368055344
Validation error:0.035207491368055344
Save model checkpoints ... 
Save pial surface mesh ... 
Maximum allocated GPU memory: 2.64 GiB
Finish validation.
----------------------------
Epoch:501, training loss:0.03150565177202225
Epoch:502, training loss:0.03168470350404581
Epoch:503, training loss:0.03149334403375784
Epoch:504, training loss:0.03149406611919403
Epoch:505, training loss:0.03134350913266341
Epoch:506, training loss:0.031504000226656594
Epoch:507, training loss:0.03153905955453714
Epoch:508, training loss:0.032057911778489746
Epoch:509, training loss:0.031325759987036385
Epoch:510, training loss:0.03132628525296847
----------------------------
Start validation ...
Validation error:0.03498242795467377
Validation error:0.03498242795467377
Save model checkpoints ... 
Save pial surface mesh ... 
Maximum allocated GPU memory: 2.64 GiB
Finish validation.
----------------------------
Epoch:511, training loss:0.031323762610554695
Epoch:512, training loss:0.03127304712931315
Epoch:513, training loss:0.031219563136498134
Epoch:514, training loss:0.031043408438563347
Epoch:515, training loss:0.03107602832218011
Epoch:516, training loss:0.03091050994892915
Epoch:517, training loss:0.030882760261495907
