aa
bb
Combination: 0, 2
A
B
C
lh training
gnn: 0
layers: 2
trainlh.sh model is a pialgnn
----------------------------
Start loading dataset ...
numbers 100206
numbers 100307
numbers 100408
numbers 100610
MSE
Finish loading dataset. There are total 4 subjects.
Training data length 3
Validation data length 1
scaling factor  0.2
----------------------------
Start loading model ...
Model is CortexGNN
NLayerGCN 2
Finish loading model
----------------------------
Start training 600 epochs ...
Epoch:0, training loss:0.7695969740549723
----------------------------
Start validation ...
Validation error:0.615359902381897
Validation error:0.615359902381897
New best model saved at epoch 0 with validation error 0.615359902381897
Save model checkpoints ... 
Save pial surface mesh ... 
Maximum allocated GPU memory: 0.82 GiB
Finish validation.
----------------------------
Epoch:1, training loss:0.5527917842070261
Epoch:2, training loss:0.3773975769678752
Epoch:3, training loss:0.30115901430447894
Epoch:4, training loss:0.23987379670143127
Epoch:5, training loss:0.21088746190071106
Epoch:6, training loss:0.1864831397930781
Epoch:7, training loss:0.1753454158703486
Epoch:8, training loss:0.1616939256588618
Epoch:9, training loss:0.15570333103338876
Epoch:10, training loss:0.14440153042475382
----------------------------
Start validation ...
Validation error:0.13677933812141418
Validation error:0.13677933812141418
New best model saved at epoch 10 with validation error 0.13677933812141418
Save model checkpoints ... 
Save pial surface mesh ... 
Maximum allocated GPU memory: 0.83 GiB
Finish validation.
----------------------------
Epoch:11, training loss:0.1376709888378779
Epoch:12, training loss:0.12918278326590857
Epoch:13, training loss:0.1233755350112915
Epoch:14, training loss:0.11851593852043152
Epoch:15, training loss:0.11455794672171275
Epoch:16, training loss:0.11181972672541936
Epoch:17, training loss:0.10924175878365834
Epoch:18, training loss:0.1051596353451411
Epoch:19, training loss:0.1035902996857961
Epoch:20, training loss:0.10122898717721303
----------------------------
Start validation ...
Validation error:0.09430243074893951
Validation error:0.09430243074893951
New best model saved at epoch 20 with validation error 0.09430243074893951
Save model checkpoints ... 
Save pial surface mesh ... 
Maximum allocated GPU memory: 0.83 GiB
Finish validation.
----------------------------
Epoch:21, training loss:0.09890670826037724
Epoch:22, training loss:0.0966670090953509
Epoch:23, training loss:0.09507629523674647
Epoch:24, training loss:0.09387247264385223
Epoch:25, training loss:0.09236068278551102
Epoch:26, training loss:0.09124359240134557
Epoch:27, training loss:0.0896923194328944
Epoch:28, training loss:0.08851932485898335
Epoch:29, training loss:0.08765697479248047
Epoch:30, training loss:0.086460975309213
----------------------------
Start validation ...
Validation error:0.0805785283446312
Validation error:0.0805785283446312
New best model saved at epoch 30 with validation error 0.0805785283446312
Save model checkpoints ... 
Save pial surface mesh ... 
Maximum allocated GPU memory: 0.83 GiB
Finish validation.
----------------------------
Epoch:31, training loss:0.08602869759003322
Epoch:32, training loss:0.08481927712758382
Epoch:33, training loss:0.08488912383715312
Epoch:34, training loss:0.08503762384255727
Epoch:35, training loss:0.08447882533073425
Epoch:36, training loss:0.08462047576904297
Epoch:37, training loss:0.0827290986975034
Epoch:38, training loss:0.0827407439549764
Epoch:39, training loss:0.08171515663464864
Epoch:40, training loss:0.08085977286100388
----------------------------
Start validation ...
Validation error:0.07562453299760818
Validation error:0.07562453299760818
New best model saved at epoch 40 with validation error 0.07562453299760818
Save model checkpoints ... 
Save pial surface mesh ... 
Maximum allocated GPU memory: 0.83 GiB
Finish validation.
----------------------------
Epoch:41, training loss:0.07999569177627563
Epoch:42, training loss:0.07950100551048915
Epoch:43, training loss:0.07900648812452953
Epoch:44, training loss:0.07880323380231857
Epoch:45, training loss:0.07778829832871755
Epoch:46, training loss:0.07765776415665944
Epoch:47, training loss:0.07708567877610524
Epoch:48, training loss:0.07688135157028834
Epoch:49, training loss:0.07641170670588811
Epoch:50, training loss:0.0761483758687973
----------------------------
Start validation ...
Validation error:0.0709962323307991
Validation error:0.0709962323307991
New best model saved at epoch 50 with validation error 0.0709962323307991
Save model checkpoints ... 
Save pial surface mesh ... 
Maximum allocated GPU memory: 0.83 GiB
Finish validation.
----------------------------
Epoch:51, training loss:0.0756722241640091
Epoch:52, training loss:0.07553509126106898
Epoch:53, training loss:0.07545789827903111
Epoch:54, training loss:0.0750226080417633
Epoch:55, training loss:0.07487750053405762
Epoch:56, training loss:0.07402029881874721
Epoch:57, training loss:0.07397513339916865
Epoch:58, training loss:0.07348347703615825
Epoch:59, training loss:0.0730592558781306
Epoch:60, training loss:0.07271955410639445
----------------------------
Start validation ...
Validation error:0.06803090870380402
Validation error:0.06803090870380402
New best model saved at epoch 60 with validation error 0.06803090870380402
Save model checkpoints ... 
Save pial surface mesh ... 
Maximum allocated GPU memory: 0.83 GiB
Finish validation.
----------------------------
Epoch:61, training loss:0.0726391151547432
Epoch:62, training loss:0.07235543429851532
Epoch:63, training loss:0.07221219440301259
Epoch:64, training loss:0.07237156232198079
Epoch:65, training loss:0.07166492442289989
Epoch:66, training loss:0.07143528014421463
Epoch:67, training loss:0.07150567571322124
Epoch:68, training loss:0.07097160071134567
Epoch:69, training loss:0.07093784958124161
Epoch:70, training loss:0.07075477888186772
----------------------------
Start validation ...
Validation error:0.06544721126556396
Validation error:0.06544721126556396
New best model saved at epoch 70 with validation error 0.06544721126556396
Save model checkpoints ... 
Save pial surface mesh ... 
Maximum allocated GPU memory: 0.83 GiB
Finish validation.
----------------------------
Epoch:71, training loss:0.07041643559932709
Epoch:72, training loss:0.07042222718397777
Epoch:73, training loss:0.06995926549037297
Epoch:74, training loss:0.06976196418205897
Epoch:75, training loss:0.06934573004643123
Epoch:76, training loss:0.06910408039887746
Epoch:77, training loss:0.06906302273273468
Epoch:78, training loss:0.06887652724981308
Epoch:79, training loss:0.06904048969348271
Epoch:80, training loss:0.0687906841437022
----------------------------
Start validation ...
Validation error:0.06376487761735916
Validation error:0.06376487761735916
New best model saved at epoch 80 with validation error 0.06376487761735916
Save model checkpoints ... 
Save pial surface mesh ... 
Maximum allocated GPU memory: 0.83 GiB
Finish validation.
----------------------------
Epoch:81, training loss:0.06852966050306956
Epoch:82, training loss:0.06830593074361484
Epoch:83, training loss:0.06798587739467621
Epoch:84, training loss:0.06809252500534058
Epoch:85, training loss:0.06795593599478404
Epoch:86, training loss:0.0673874852557977
Epoch:87, training loss:0.06754673644900322
Epoch:88, training loss:0.06712730725606282
Epoch:89, training loss:0.06713791812459628
Epoch:90, training loss:0.06673259288072586
----------------------------
Start validation ...
Validation error:0.06239375099539757
Validation error:0.06239375099539757
New best model saved at epoch 90 with validation error 0.06239375099539757
Save model checkpoints ... 
Save pial surface mesh ... 
Maximum allocated GPU memory: 0.83 GiB
Finish validation.
----------------------------
Epoch:91, training loss:0.0668093351026376
Epoch:92, training loss:0.06702339897553126
Epoch:93, training loss:0.06688436369101207
Epoch:94, training loss:0.06671495983997981
Epoch:95, training loss:0.06629859904448192
Epoch:96, training loss:0.0663402962187926
Epoch:97, training loss:0.06584580739339192
Epoch:98, training loss:0.06599033748110135
Epoch:99, training loss:0.06571068863073985
Epoch:100, training loss:0.065544493496418
----------------------------
Start validation ...
Validation error:0.061299558728933334
Validation error:0.061299558728933334
New best model saved at epoch 100 with validation error 0.061299558728933334
Save model checkpoints ... 
Save pial surface mesh ... 
Maximum allocated GPU memory: 0.83 GiB
Finish validation.
----------------------------
Epoch:101, training loss:0.06549174586931865
Epoch:102, training loss:0.06570854658881824
Epoch:103, training loss:0.06511243060231209
Epoch:104, training loss:0.06504622846841812
Epoch:105, training loss:0.06510154654582341
Epoch:106, training loss:0.06483584766586621
Epoch:107, training loss:0.06492779528101285
Epoch:108, training loss:0.0649165337284406
Epoch:109, training loss:0.06450485065579414
Epoch:110, training loss:0.06428298229972522
----------------------------
Start validation ...
Validation error:0.060562390834093094
Validation error:0.060562390834093094
New best model saved at epoch 110 with validation error 0.060562390834093094
Save model checkpoints ... 
Save pial surface mesh ... 
Maximum allocated GPU memory: 0.83 GiB
Finish validation.
----------------------------
Epoch:111, training loss:0.06463443736235301
Epoch:112, training loss:0.0645768108467261
Epoch:113, training loss:0.06440608700116475
Epoch:114, training loss:0.06409599383672078
Epoch:115, training loss:0.064119557539622
Epoch:116, training loss:0.06372095396121343
Epoch:117, training loss:0.06375985965132713
Epoch:118, training loss:0.06361891080935796
Epoch:119, training loss:0.06376339743534724
Epoch:120, training loss:0.06419474010666211
----------------------------
Start validation ...
Validation error:0.05991820618510246
Validation error:0.05991820618510246
New best model saved at epoch 120 with validation error 0.05991820618510246
Save model checkpoints ... 
Save pial surface mesh ... 
Maximum allocated GPU memory: 0.83 GiB
Finish validation.
----------------------------
Epoch:121, training loss:0.06372770667076111
Epoch:122, training loss:0.06332584594686826
Epoch:123, training loss:0.06370268886288007
Epoch:124, training loss:0.0636735570927461
Epoch:125, training loss:0.06380268310507138
Epoch:126, training loss:0.06364744653304417
Epoch:127, training loss:0.06424727787574132
Epoch:128, training loss:0.06476086626450221
Epoch:129, training loss:0.06517551342646281
Epoch:130, training loss:0.06566138317187627
----------------------------
Start validation ...
Validation error:0.059934768825769424
Validation error:0.059934768825769424
Save model checkpoints ... 
Save pial surface mesh ... 
Maximum allocated GPU memory: 0.83 GiB
Finish validation.
----------------------------
Epoch:131, training loss:0.06544088572263718
Epoch:132, training loss:0.06581299255291621
Epoch:133, training loss:0.06414243454734485
Epoch:134, training loss:0.06340073669950168
Epoch:135, training loss:0.06371185804406802
Epoch:136, training loss:0.06375082458058993
Epoch:137, training loss:0.06421307971080144
Epoch:138, training loss:0.06354323029518127
Epoch:139, training loss:0.06263767927885056
Epoch:140, training loss:0.06305168941617012
----------------------------
Start validation ...
Validation error:0.057983290404081345
Validation error:0.057983290404081345
New best model saved at epoch 140 with validation error 0.057983290404081345
Save model checkpoints ... 
Save pial surface mesh ... 
Maximum allocated GPU memory: 0.83 GiB
Finish validation.
----------------------------
Epoch:141, training loss:0.06212676937381426
Epoch:142, training loss:0.06192418063680331
Epoch:143, training loss:0.06177506223320961
Epoch:144, training loss:0.062249659250179924
Epoch:145, training loss:0.061489218225081764
Epoch:146, training loss:0.06126500914494196
Epoch:147, training loss:0.061293356120586395
Epoch:148, training loss:0.06111584727962812
Epoch:149, training loss:0.06085457528630892
Epoch:150, training loss:0.06121103962262472
----------------------------
Start validation ...
Validation error:0.05769449844956398
Validation error:0.05769449844956398
New best model saved at epoch 150 with validation error 0.05769449844956398
Save model checkpoints ... 
Save pial surface mesh ... 
Maximum allocated GPU memory: 0.83 GiB
Finish validation.
----------------------------
Epoch:151, training loss:0.06092442199587822
Epoch:152, training loss:0.0611613430082798
Epoch:153, training loss:0.06091824918985367
Epoch:154, training loss:0.06110435600082079
Epoch:155, training loss:0.061054278165102005
Epoch:156, training loss:0.060792376597722374
Epoch:157, training loss:0.0610674520333608
Epoch:158, training loss:0.060850780457258224
Epoch:159, training loss:0.060584774861733116
Epoch:160, training loss:0.060556004444758095
----------------------------
Start validation ...
Validation error:0.05688495188951492
Validation error:0.05688495188951492
New best model saved at epoch 160 with validation error 0.05688495188951492
Save model checkpoints ... 
Save pial surface mesh ... 
Maximum allocated GPU memory: 0.83 GiB
Finish validation.
----------------------------
Epoch:161, training loss:0.06035921350121498
Epoch:162, training loss:0.06036471575498581
Epoch:163, training loss:0.060377396643161774
Epoch:164, training loss:0.06020313625534376
Epoch:165, training loss:0.059982759257157646
Epoch:166, training loss:0.06021438166499138
Epoch:167, training loss:0.06020790586868922
Epoch:168, training loss:0.060036669174830117
Epoch:169, training loss:0.05976144100228945
Epoch:170, training loss:0.05988036344448725
----------------------------
Start validation ...
Validation error:0.0567534863948822
Validation error:0.0567534863948822
New best model saved at epoch 170 with validation error 0.0567534863948822
Save model checkpoints ... 
Save pial surface mesh ... 
Maximum allocated GPU memory: 0.83 GiB
Finish validation.
----------------------------
Epoch:171, training loss:0.06057089443008105
Epoch:172, training loss:0.06055786460638046
Epoch:173, training loss:0.06006401404738426
Epoch:174, training loss:0.06008262559771538
Epoch:175, training loss:0.059660601119200386
Epoch:176, training loss:0.059980232268571854
Epoch:177, training loss:0.060476455837488174
Epoch:178, training loss:0.06093531598647436
Epoch:179, training loss:0.0601226290067037
Epoch:180, training loss:0.059672205398480095
----------------------------
Start validation ...
Validation error:0.055665045976638794
Validation error:0.055665045976638794
New best model saved at epoch 180 with validation error 0.055665045976638794
Save model checkpoints ... 
Save pial surface mesh ... 
Maximum allocated GPU memory: 0.83 GiB
Finish validation.
----------------------------
Epoch:181, training loss:0.05970513199766477
Epoch:182, training loss:0.05962631603082021
Epoch:183, training loss:0.060033123940229416
Epoch:184, training loss:0.05947537223498026
Epoch:185, training loss:0.05967493106921514
Epoch:186, training loss:0.05920021360119184
Epoch:187, training loss:0.059548601508140564
Epoch:188, training loss:0.05953278268376986
Epoch:189, training loss:0.05948168784379959
Epoch:190, training loss:0.05933695659041405
----------------------------
Start validation ...
Validation error:0.056126728653907776
Validation error:0.056126728653907776
Save model checkpoints ... 
Save pial surface mesh ... 
Maximum allocated GPU memory: 0.83 GiB
Finish validation.
----------------------------
Epoch:191, training loss:0.05990395819147428
Epoch:192, training loss:0.05947531759738922
Epoch:193, training loss:0.058797491093476616
Epoch:194, training loss:0.058864581088225044
Epoch:195, training loss:0.05841291199127833
Epoch:196, training loss:0.058256580183903374
Epoch:197, training loss:0.058398584524790444
Epoch:198, training loss:0.05827139069636663
Epoch:199, training loss:0.05799262101451556
Epoch:200, training loss:0.058003938446442284
----------------------------
Start validation ...
Validation error:0.054923780262470245
Validation error:0.054923780262470245
New best model saved at epoch 200 with validation error 0.054923780262470245
Save model checkpoints ... 
Save pial surface mesh ... 
Maximum allocated GPU memory: 0.83 GiB
Finish validation.
----------------------------
Epoch:201, training loss:0.058432078609863915
Epoch:202, training loss:0.05877318481604258
Epoch:203, training loss:0.05836769565939903
Epoch:204, training loss:0.05877686167756716
Epoch:205, training loss:0.05848908672730128
Epoch:206, training loss:0.05789276584982872
Epoch:207, training loss:0.058244495342175163
Epoch:208, training loss:0.057625122368335724
Epoch:209, training loss:0.05815229813257853
Epoch:210, training loss:0.05837710698445638
----------------------------
Start validation ...
Validation error:0.05436401069164276
Validation error:0.05436401069164276
New best model saved at epoch 210 with validation error 0.05436401069164276
Save model checkpoints ... 
Save pial surface mesh ... 
Maximum allocated GPU memory: 0.83 GiB
Finish validation.
----------------------------
Epoch:211, training loss:0.05744440605243047
Epoch:212, training loss:0.05738649393121401
Epoch:213, training loss:0.05753452703356743
Epoch:214, training loss:0.05724381779630979
Epoch:215, training loss:0.057211924344301224
Epoch:216, training loss:0.05704012016455332
Epoch:217, training loss:0.057052055994669594
Epoch:218, training loss:0.057139307260513306
Epoch:219, training loss:0.057341458896795906
Epoch:220, training loss:0.05795802672704061
----------------------------
Start validation ...
Validation error:0.05423840135335922
Validation error:0.05423840135335922
New best model saved at epoch 220 with validation error 0.05423840135335922
Save model checkpoints ... 
Save pial surface mesh ... 
Maximum allocated GPU memory: 0.83 GiB
Finish validation.
----------------------------
Epoch:221, training loss:0.05819779013593992
Epoch:222, training loss:0.05770057191451391
Epoch:223, training loss:0.057259065409501396
Epoch:224, training loss:0.05696473767360052
Epoch:225, training loss:0.056827607254187264
Epoch:226, training loss:0.05678387482961019
Epoch:227, training loss:0.056750660141309105
Epoch:228, training loss:0.05681024740139643
Epoch:229, training loss:0.05717821170886358
Epoch:230, training loss:0.05745915323495865
----------------------------
Start validation ...
Validation error:0.05354074388742447
Validation error:0.05354074388742447
New best model saved at epoch 230 with validation error 0.05354074388742447
Save model checkpoints ... 
Save pial surface mesh ... 
Maximum allocated GPU memory: 0.83 GiB
Finish validation.
----------------------------
Epoch:231, training loss:0.056997381150722504
Epoch:232, training loss:0.05701268712679545
Epoch:233, training loss:0.056514316548903785
Epoch:234, training loss:0.05646969750523567
Epoch:235, training loss:0.05675438170631727
Epoch:236, training loss:0.056951362639665604
Epoch:237, training loss:0.05679375802477201
Epoch:238, training loss:0.05654848491152128
Epoch:239, training loss:0.05614426483710607
Epoch:240, training loss:0.056267661352952324
----------------------------
Start validation ...
Validation error:0.05294427275657654
Validation error:0.05294427275657654
New best model saved at epoch 240 with validation error 0.05294427275657654
Save model checkpoints ... 
Save pial surface mesh ... 
Maximum allocated GPU memory: 0.83 GiB
Finish validation.
----------------------------
Epoch:241, training loss:0.05623167877395948
Epoch:242, training loss:0.056420171012481056
Epoch:243, training loss:0.056324321776628494
Epoch:244, training loss:0.05619186038772265
Epoch:245, training loss:0.05607438335816065
Epoch:246, training loss:0.05645211413502693
Epoch:247, training loss:0.05624805515011152
Epoch:248, training loss:0.05633534366885821
Epoch:249, training loss:0.05577415972948074
Epoch:250, training loss:0.056334543973207474
----------------------------
Start validation ...
Validation error:0.05410527065396309
Validation error:0.05410527065396309
Save model checkpoints ... 
Save pial surface mesh ... 
Maximum allocated GPU memory: 0.83 GiB
Finish validation.
----------------------------
Epoch:251, training loss:0.0568773460884889
Epoch:252, training loss:0.05607390155394872
Epoch:253, training loss:0.05608610808849335
Epoch:254, training loss:0.05602555721998215
Epoch:255, training loss:0.05577470858891805
Epoch:256, training loss:0.0560464176038901
Epoch:257, training loss:0.05550821746389071
Epoch:258, training loss:0.05541257684429487
Epoch:259, training loss:0.055350047846635185
Epoch:260, training loss:0.05531316498915354
----------------------------
Start validation ...
Validation error:0.0523027740418911
Validation error:0.0523027740418911
New best model saved at epoch 260 with validation error 0.0523027740418911
Save model checkpoints ... 
Save pial surface mesh ... 
Maximum allocated GPU memory: 0.83 GiB
Finish validation.
----------------------------
Epoch:261, training loss:0.05521059532960256
Epoch:262, training loss:0.054938354839881264
Epoch:263, training loss:0.055298356960217156
Epoch:264, training loss:0.05513023336728414
Epoch:265, training loss:0.055474321047465004
Epoch:266, training loss:0.05515785266955694
Epoch:267, training loss:0.055038501818974815
Epoch:268, training loss:0.054923725624879204
Epoch:269, training loss:0.0549917034804821
Epoch:270, training loss:0.05504549046357473
----------------------------
Start validation ...
Validation error:0.05199902132153511
Validation error:0.05199902132153511
New best model saved at epoch 270 with validation error 0.05199902132153511
Save model checkpoints ... 
Save pial surface mesh ... 
Maximum allocated GPU memory: 0.83 GiB
Finish validation.
----------------------------
Epoch:271, training loss:0.054950484385093055
Epoch:272, training loss:0.055275907119115196
Epoch:273, training loss:0.05520179122686386
Epoch:274, training loss:0.05514791359504064
Epoch:275, training loss:0.05481082201004028
Epoch:276, training loss:0.054980156322320305
Epoch:277, training loss:0.05471769099434217
Epoch:278, training loss:0.05458410456776619
Epoch:279, training loss:0.05477741484840711
Epoch:280, training loss:0.05461683248480161
----------------------------
Start validation ...
Validation error:0.05230407416820526
Validation error:0.05230407416820526
Save model checkpoints ... 
Save pial surface mesh ... 
Maximum allocated GPU memory: 0.83 GiB
Finish validation.
----------------------------
Epoch:281, training loss:0.055048624674479164
Epoch:282, training loss:0.054994298766056694
Epoch:283, training loss:0.054977244387070336
Epoch:284, training loss:0.05501652633150419
Epoch:285, training loss:0.05504857376217842
Epoch:286, training loss:0.054904802391926445
Epoch:287, training loss:0.05452451234062513
Epoch:288, training loss:0.05492252732316653
Epoch:289, training loss:0.054815987745920815
Epoch:290, training loss:0.0549491581817468
----------------------------
Start validation ...
Validation error:0.051430489867925644
Validation error:0.051430489867925644
New best model saved at epoch 290 with validation error 0.051430489867925644
Save model checkpoints ... 
Save pial surface mesh ... 
Maximum allocated GPU memory: 0.83 GiB
Finish validation.
----------------------------
Epoch:291, training loss:0.05469175924857458
Epoch:292, training loss:0.05431675910949707
Epoch:293, training loss:0.054584745317697525
Epoch:294, training loss:0.05452613408366839
Epoch:295, training loss:0.05450798695286115
Epoch:296, training loss:0.05490404864152273
Epoch:297, training loss:0.05455447857578596
Epoch:298, training loss:0.05462376152475675
Epoch:299, training loss:0.054522079726060234
Epoch:300, training loss:0.05404898648460706
----------------------------
Start validation ...
Validation error:0.051152992993593216
Validation error:0.051152992993593216
New best model saved at epoch 300 with validation error 0.051152992993593216
Save model checkpoints ... 
Save pial surface mesh ... 
Maximum allocated GPU memory: 0.83 GiB
Finish validation.
----------------------------
Epoch:301, training loss:0.05389634892344475
Epoch:302, training loss:0.05415833120544752
Epoch:303, training loss:0.05363473296165466
Epoch:304, training loss:0.05369806538025538
Epoch:305, training loss:0.05377334107955297
Epoch:306, training loss:0.05366184189915657
Epoch:307, training loss:0.05366658791899681
Epoch:308, training loss:0.05390769491593043
Epoch:309, training loss:0.0535834456483523
Epoch:310, training loss:0.053635040918986
----------------------------
Start validation ...
Validation error:0.051035262644290924
Validation error:0.051035262644290924
New best model saved at epoch 310 with validation error 0.051035262644290924
Save model checkpoints ... 
Save pial surface mesh ... 
Maximum allocated GPU memory: 0.83 GiB
Finish validation.
----------------------------
Epoch:311, training loss:0.053661178797483444
Epoch:312, training loss:0.05384717509150505
Epoch:313, training loss:0.05370072399576505
Epoch:314, training loss:0.0540101503332456
Epoch:315, training loss:0.054484907537698746
Epoch:316, training loss:0.05463650201757749
Epoch:317, training loss:0.05399224286278089
Epoch:318, training loss:0.05370852227012316
Epoch:319, training loss:0.053791921585798264
Epoch:320, training loss:0.05349045619368553
----------------------------
Start validation ...
Validation error:0.051243048161268234
Validation error:0.051243048161268234
Save model checkpoints ... 
Save pial surface mesh ... 
Maximum allocated GPU memory: 0.83 GiB
Finish validation.
----------------------------
Epoch:321, training loss:0.05338101958235105
Epoch:322, training loss:0.053604998936255775
Epoch:323, training loss:0.05404433483878771
Epoch:324, training loss:0.05379536251227061
Epoch:325, training loss:0.053764348228772484
Epoch:326, training loss:0.05334042136867841
Epoch:327, training loss:0.05361243709921837
Epoch:328, training loss:0.05414076894521713
Epoch:329, training loss:0.05457970251639684
Epoch:330, training loss:0.05382232740521431
----------------------------
Start validation ...
Validation error:0.05065217241644859
Validation error:0.05065217241644859
New best model saved at epoch 330 with validation error 0.05065217241644859
Save model checkpoints ... 
Save pial surface mesh ... 
Maximum allocated GPU memory: 0.83 GiB
Finish validation.
----------------------------
Epoch:331, training loss:0.053281052658955254
Epoch:332, training loss:0.05357330044110616
Epoch:333, training loss:0.052804255237181984
Epoch:334, training loss:0.05297658468286196
Epoch:335, training loss:0.05298107862472534
Epoch:336, training loss:0.052788478632768
Epoch:337, training loss:0.05262974898020426
Epoch:338, training loss:0.053199686110019684
Epoch:339, training loss:0.05274535591403643
Epoch:340, training loss:0.053273419539133705
----------------------------
Start validation ...
Validation error:0.05071859434247017
Validation error:0.05071859434247017
Save model checkpoints ... 
Save pial surface mesh ... 
Maximum allocated GPU memory: 0.83 GiB
Finish validation.
----------------------------
Epoch:341, training loss:0.052699074149131775
Epoch:342, training loss:0.05293029919266701
Epoch:343, training loss:0.0532024713853995
Epoch:344, training loss:0.05272230381766955
Epoch:345, training loss:0.052806383619705834
Epoch:346, training loss:0.05266216645638148
Epoch:347, training loss:0.05249624326825142
Epoch:348, training loss:0.0524056206146876
Epoch:349, training loss:0.0525976245601972
Epoch:350, training loss:0.05250136802593867
----------------------------
Start validation ...
Validation error:0.04983875900506973
Validation error:0.04983875900506973
New best model saved at epoch 350 with validation error 0.04983875900506973
Save model checkpoints ... 
Save pial surface mesh ... 
Maximum allocated GPU memory: 0.83 GiB
Finish validation.
----------------------------
Epoch:351, training loss:0.05246184021234512
Epoch:352, training loss:0.052453738947709404
Epoch:353, training loss:0.0526330495874087
Epoch:354, training loss:0.053128848473230995
Epoch:355, training loss:0.05273148665825526
Epoch:356, training loss:0.05265248194336891
Epoch:357, training loss:0.05243982126315435
Epoch:358, training loss:0.05270798628528913
Epoch:359, training loss:0.05268113687634468
Epoch:360, training loss:0.052328950415054955
----------------------------
Start validation ...
Validation error:0.049804799258708954
Validation error:0.049804799258708954
New best model saved at epoch 360 with validation error 0.049804799258708954
Save model checkpoints ... 
Save pial surface mesh ... 
Maximum allocated GPU memory: 0.83 GiB
Finish validation.
----------------------------
Epoch:361, training loss:0.05234147856632868
Epoch:362, training loss:0.05208865056435267
Epoch:363, training loss:0.052194155752658844
Epoch:364, training loss:0.0521281436085701
Epoch:365, training loss:0.05237367128332456
Epoch:366, training loss:0.05248763288060824
Epoch:367, training loss:0.05230282867948214
Epoch:368, training loss:0.05220381667216619
Epoch:369, training loss:0.05248110617200533
Epoch:370, training loss:0.052470689018567405
----------------------------
Start validation ...
Validation error:0.05021900311112404
Validation error:0.05021900311112404
Save model checkpoints ... 
Save pial surface mesh ... 
Maximum allocated GPU memory: 0.83 GiB
Finish validation.
----------------------------
Epoch:371, training loss:0.052815623581409454
Epoch:372, training loss:0.052202275643746056
Epoch:373, training loss:0.051937313129504524
Epoch:374, training loss:0.05226800714929899
Epoch:375, training loss:0.052172729124625526
Epoch:376, training loss:0.05197074388464292
Epoch:377, training loss:0.05181414385636648
Epoch:378, training loss:0.05184153467416763
Epoch:379, training loss:0.05204953749974569
Epoch:380, training loss:0.05176930626233419
----------------------------
Start validation ...
Validation error:0.04963037744164467
Validation error:0.04963037744164467
New best model saved at epoch 380 with validation error 0.04963037744164467
Save model checkpoints ... 
Save pial surface mesh ... 
Maximum allocated GPU memory: 0.83 GiB
Finish validation.
----------------------------
Epoch:381, training loss:0.051720367123683296
Epoch:382, training loss:0.05164167657494545
Epoch:383, training loss:0.0518075538178285
Epoch:384, training loss:0.051758162677288055
Epoch:385, training loss:0.051969703286886215
Epoch:386, training loss:0.052434916297594704
Epoch:387, training loss:0.05287408952911695
Epoch:388, training loss:0.05256454522411028
Epoch:389, training loss:0.05202748750646909
Epoch:390, training loss:0.05197453871369362
----------------------------
Start validation ...
Validation error:0.04912259429693222
Validation error:0.04912259429693222
New best model saved at epoch 390 with validation error 0.04912259429693222
Save model checkpoints ... 
Save pial surface mesh ... 
Maximum allocated GPU memory: 0.83 GiB
Finish validation.
----------------------------
Epoch:391, training loss:0.052413915594418846
Epoch:392, training loss:0.052400678396224976
Epoch:393, training loss:0.0519477017223835
Epoch:394, training loss:0.05169695119063059
Epoch:395, training loss:0.051692223797241844
Epoch:396, training loss:0.051454140494267143
Epoch:397, training loss:0.051436737179756165
Epoch:398, training loss:0.05150703340768814
Epoch:399, training loss:0.051460920522610344
Epoch:400, training loss:0.05146469175815582
----------------------------
Start validation ...
Validation error:0.048981450498104095
Validation error:0.048981450498104095
New best model saved at epoch 400 with validation error 0.048981450498104095
Save model checkpoints ... 
Save pial surface mesh ... 
Maximum allocated GPU memory: 0.83 GiB
Finish validation.
----------------------------
Epoch:401, training loss:0.051298487931489944
Epoch:402, training loss:0.05151931817332903
Epoch:403, training loss:0.051218186815579735
Epoch:404, training loss:0.05121012280384699
Epoch:405, training loss:0.05120022470752398
Epoch:406, training loss:0.051427166908979416
Epoch:407, training loss:0.05148353924353918
Epoch:408, training loss:0.051307021329800286
Epoch:409, training loss:0.051122001061836876
Epoch:410, training loss:0.051345571875572205
----------------------------
Start validation ...
Validation error:0.049782413989305496
Validation error:0.049782413989305496
Save model checkpoints ... 
Save pial surface mesh ... 
Maximum allocated GPU memory: 0.83 GiB
Finish validation.
----------------------------
Epoch:411, training loss:0.05166591331362724
Epoch:412, training loss:0.05105843519171079
Epoch:413, training loss:0.051104169338941574
Epoch:414, training loss:0.051053655644257866
Epoch:415, training loss:0.051211548348267875
Epoch:416, training loss:0.051380996902783714
Epoch:417, training loss:0.051075672109921776
Epoch:418, training loss:0.05120411763588587
Epoch:419, training loss:0.05112749710679054
Epoch:420, training loss:0.051203060895204544
----------------------------
Start validation ...
Validation error:0.04863443598151207
Validation error:0.04863443598151207
New best model saved at epoch 420 with validation error 0.04863443598151207
Save model checkpoints ... 
Save pial surface mesh ... 
Maximum allocated GPU memory: 0.83 GiB
Finish validation.
----------------------------
Epoch:421, training loss:0.05141984298825264
Epoch:422, training loss:0.05092229569951693
Epoch:423, training loss:0.05090358232458433
Epoch:424, training loss:0.05092798794309298
Epoch:425, training loss:0.050705148528019585
Epoch:426, training loss:0.050596813360850014
Epoch:427, training loss:0.050990113367637
Epoch:428, training loss:0.05127140631278356
Epoch:429, training loss:0.051454655826091766
Epoch:430, training loss:0.05153601119915644
----------------------------
Start validation ...
Validation error:0.04862339049577713
Validation error:0.04862339049577713
New best model saved at epoch 430 with validation error 0.04862339049577713
Save model checkpoints ... 
Save pial surface mesh ... 
Maximum allocated GPU memory: 0.83 GiB
Finish validation.
----------------------------
Epoch:431, training loss:0.05153163770834605
Epoch:432, training loss:0.050941587736209236
Epoch:433, training loss:0.05120376621683439
Epoch:434, training loss:0.05103043342630068
Epoch:435, training loss:0.05091021334131559
Epoch:436, training loss:0.05081286405523618
Epoch:437, training loss:0.05059470981359482
Epoch:438, training loss:0.05079834287365278
Epoch:439, training loss:0.050961495687564216
Epoch:440, training loss:0.050795008738835655
----------------------------
Start validation ...
Validation error:0.0483383946120739
Validation error:0.0483383946120739
New best model saved at epoch 440 with validation error 0.0483383946120739
Save model checkpoints ... 
Save pial surface mesh ... 
Maximum allocated GPU memory: 0.83 GiB
Finish validation.
----------------------------
Epoch:441, training loss:0.050529575596253075
Epoch:442, training loss:0.050830176721016564
Epoch:443, training loss:0.05136120319366455
Epoch:444, training loss:0.05098134155074755
Epoch:445, training loss:0.05080738042791685
Epoch:446, training loss:0.05127368246515592
Epoch:447, training loss:0.05154649416605631
Epoch:448, training loss:0.05099910373489062
Epoch:449, training loss:0.05100417509675026
Epoch:450, training loss:0.05060616135597229
----------------------------
Start validation ...
Validation error:0.048204053193330765
Validation error:0.048204053193330765
New best model saved at epoch 450 with validation error 0.048204053193330765
Save model checkpoints ... 
Save pial surface mesh ... 
Maximum allocated GPU memory: 0.83 GiB
Finish validation.
----------------------------
Epoch:451, training loss:0.0506024199227492
Epoch:452, training loss:0.05077368890245756
Epoch:453, training loss:0.0505903052786986
Epoch:454, training loss:0.05080019558469454
Epoch:455, training loss:0.05037388329704603
Epoch:456, training loss:0.05025494967897733
Epoch:457, training loss:0.05034062638878822
Epoch:458, training loss:0.050604367007811867
Epoch:459, training loss:0.050254449248313904
Epoch:460, training loss:0.05020607883731524
----------------------------
Start validation ...
Validation error:0.04806928709149361
Validation error:0.04806928709149361
New best model saved at epoch 460 with validation error 0.04806928709149361
Save model checkpoints ... 
Save pial surface mesh ... 
Maximum allocated GPU memory: 0.83 GiB
Finish validation.
----------------------------
Epoch:461, training loss:0.05024297907948494
Epoch:462, training loss:0.050077239672342934
Epoch:463, training loss:0.05024657895167669
Epoch:464, training loss:0.050089786450068154
Epoch:465, training loss:0.05036044244964918
Epoch:466, training loss:0.050364057223002114
Epoch:467, training loss:0.050259249905745186
Epoch:468, training loss:0.05042966455221176
Epoch:469, training loss:0.05038472265005112
Epoch:470, training loss:0.050009878973166146
----------------------------
Start validation ...
Validation error:0.047749053686857224
Validation error:0.047749053686857224
New best model saved at epoch 470 with validation error 0.047749053686857224
Save model checkpoints ... 
Save pial surface mesh ... 
Maximum allocated GPU memory: 0.83 GiB
Finish validation.
----------------------------
Epoch:471, training loss:0.050307001918554306
Epoch:472, training loss:0.05008585751056671
Epoch:473, training loss:0.05010472610592842
Epoch:474, training loss:0.0506778284907341
Epoch:475, training loss:0.051015653957923256
Epoch:476, training loss:0.05059917892018954
Epoch:477, training loss:0.05016738052169482
Epoch:478, training loss:0.0501669297615687
Epoch:479, training loss:0.050192464143037796
Epoch:480, training loss:0.05004860584934553
----------------------------
Start validation ...
Validation error:0.04829049110412598
Validation error:0.04829049110412598
Save model checkpoints ... 
Save pial surface mesh ... 
Maximum allocated GPU memory: 0.83 GiB
Finish validation.
----------------------------
Epoch:481, training loss:0.05025942623615265
Epoch:482, training loss:0.050766557455062866
Epoch:483, training loss:0.05015041803320249
Epoch:484, training loss:0.05072088539600372
Epoch:485, training loss:0.05048998445272446
Epoch:486, training loss:0.05008743951718012
Epoch:487, training loss:0.05029103780786196
Epoch:488, training loss:0.049837338427702584
Epoch:489, training loss:0.049645885825157166
Epoch:490, training loss:0.04964705432454745
----------------------------
Start validation ...
Validation error:0.04774385318160057
Validation error:0.04774385318160057
New best model saved at epoch 490 with validation error 0.04774385318160057
Save model checkpoints ... 
Save pial surface mesh ... 
Maximum allocated GPU memory: 0.83 GiB
Finish validation.
----------------------------
Epoch:491, training loss:0.0500201644996802
Epoch:492, training loss:0.050265029072761536
Epoch:493, training loss:0.050302255898714066
Epoch:494, training loss:0.05090146760145823
Epoch:495, training loss:0.05042520289619764
Epoch:496, training loss:0.0502828856309255
Epoch:497, training loss:0.049631272753079735
Epoch:498, training loss:0.05013416955868403
Epoch:499, training loss:0.05020151535669962
Epoch:500, training loss:0.05073717733224233
----------------------------
Start validation ...
Validation error:0.04806587100028992
Validation error:0.04806587100028992
Save model checkpoints ... 
Save pial surface mesh ... 
Maximum allocated GPU memory: 0.83 GiB
Finish validation.
----------------------------
Epoch:501, training loss:0.05104572201768557
Epoch:502, training loss:0.05095519373814265
Epoch:503, training loss:0.05080369984110197
Epoch:504, training loss:0.051298058281342186
Epoch:505, training loss:0.05144596224029859
Epoch:506, training loss:0.05114756648739179
Epoch:507, training loss:0.051001593470573425
Epoch:508, training loss:0.05158897116780281
Epoch:509, training loss:0.05103005841374397
Epoch:510, training loss:0.049867613861958184
----------------------------
Start validation ...
Validation error:0.04765646532177925
Validation error:0.04765646532177925
New best model saved at epoch 510 with validation error 0.04765646532177925
Save model checkpoints ... 
Save pial surface mesh ... 
Maximum allocated GPU memory: 0.83 GiB
Finish validation.
----------------------------
Epoch:511, training loss:0.04972261066238085
Epoch:512, training loss:0.04918599625428518
Epoch:513, training loss:0.049588570992151894
Epoch:514, training loss:0.049050195763508476
Epoch:515, training loss:0.049386431773503624
Epoch:516, training loss:0.049085317800442375
Epoch:517, training loss:0.049093308548132576
Epoch:518, training loss:0.049360375851392746
Epoch:519, training loss:0.049851905554533005
Epoch:520, training loss:0.0500430998702844
----------------------------
Start validation ...
Validation error:0.04741434007883072
Validation error:0.04741434007883072
New best model saved at epoch 520 with validation error 0.04741434007883072
Save model checkpoints ... 
Save pial surface mesh ... 
Maximum allocated GPU memory: 0.83 GiB
Finish validation.
----------------------------
Epoch:521, training loss:0.04944239060084025
Epoch:522, training loss:0.049206387251615524
Epoch:523, training loss:0.04946459953983625
Epoch:524, training loss:0.04955906172593435
Epoch:525, training loss:0.049993512531121574
Epoch:526, training loss:0.04931380351384481
Epoch:527, training loss:0.04943742975592613
Epoch:528, training loss:0.04990035419662794
Epoch:529, training loss:0.049043706307808556
Epoch:530, training loss:0.049375467002391815
----------------------------
Start validation ...
Validation error:0.04711932688951492
Validation error:0.04711932688951492
New best model saved at epoch 530 with validation error 0.04711932688951492
Save model checkpoints ... 
Save pial surface mesh ... 
Maximum allocated GPU memory: 0.83 GiB
Finish validation.
----------------------------
Epoch:531, training loss:0.04901708414157232
Epoch:532, training loss:0.04900758589307467
Epoch:533, training loss:0.04906327774127325
Epoch:534, training loss:0.04916331544518471
Epoch:535, training loss:0.049100822458664574
Epoch:536, training loss:0.04928303882479668
Epoch:537, training loss:0.049356101701656975
Epoch:538, training loss:0.04916579027970632
Epoch:539, training loss:0.04959541807572047
Epoch:540, training loss:0.04913793131709099
----------------------------
Start validation ...
Validation error:0.0471838042140007
Validation error:0.0471838042140007
Save model checkpoints ... 
Save pial surface mesh ... 
Maximum allocated GPU memory: 0.83 GiB
Finish validation.
----------------------------
Epoch:541, training loss:0.04924338807662328
Epoch:542, training loss:0.04907450328270594
Epoch:543, training loss:0.04877474904060364
Epoch:544, training loss:0.048966423918803535
Epoch:545, training loss:0.04938924436767896
Epoch:546, training loss:0.049097528060277305
Epoch:547, training loss:0.04941427831848463
Epoch:548, training loss:0.049649191399415336
Epoch:549, training loss:0.04973185807466507
Epoch:550, training loss:0.04917284597953161
----------------------------
Start validation ...
Validation error:0.04761667922139168
Validation error:0.04761667922139168
Save model checkpoints ... 
Save pial surface mesh ... 
Maximum allocated GPU memory: 0.83 GiB
Finish validation.
----------------------------
Epoch:551, training loss:0.048985764384269714
Epoch:552, training loss:0.04909622917572657
Epoch:553, training loss:0.049278038243452706
Epoch:554, training loss:0.049209415912628174
Epoch:555, training loss:0.04942534118890762
Epoch:556, training loss:0.04933063934246699
Epoch:557, training loss:0.04873350138465563
Epoch:558, training loss:0.04930754626790682
Epoch:559, training loss:0.048360321670770645
Epoch:560, training loss:0.04905295247832934
----------------------------
Start validation ...
Validation error:0.04712078347802162
Validation error:0.04712078347802162
Save model checkpoints ... 
Save pial surface mesh ... 
Maximum allocated GPU memory: 0.83 GiB
Finish validation.
----------------------------
Epoch:561, training loss:0.04867604002356529
Epoch:562, training loss:0.0485911692182223
Epoch:563, training loss:0.048734284937381744
Epoch:564, training loss:0.04856092855334282
Epoch:565, training loss:0.048384882509708405
Epoch:566, training loss:0.048821585873762764
Epoch:567, training loss:0.049114724000295006
Epoch:568, training loss:0.04857388883829117
Epoch:569, training loss:0.04861402014891306
Epoch:570, training loss:0.04900479192535082
----------------------------
Start validation ...
Validation error:0.047692473977804184
Validation error:0.047692473977804184
Save model checkpoints ... 
Save pial surface mesh ... 
Maximum allocated GPU memory: 0.83 GiB
Finish validation.
----------------------------
Epoch:571, training loss:0.04867156222462654
Epoch:572, training loss:0.04906155044833819
Epoch:573, training loss:0.04838663339614868
Epoch:574, training loss:0.04861217985550562
Epoch:575, training loss:0.04835958033800125
Epoch:576, training loss:0.04843935618797938
Epoch:577, training loss:0.04830418651302656
Epoch:578, training loss:0.04843999817967415
Epoch:579, training loss:0.04828657334049543
Epoch:580, training loss:0.04850878442327181
----------------------------
Start validation ...
Validation error:0.046652715653181076
Validation error:0.046652715653181076
New best model saved at epoch 580 with validation error 0.046652715653181076
Save model checkpoints ... 
Save pial surface mesh ... 
Maximum allocated GPU memory: 0.83 GiB
Finish validation.
----------------------------
Epoch:581, training loss:0.048556738843520485
Epoch:582, training loss:0.04844281201561292
Epoch:583, training loss:0.048798748602469764
Epoch:584, training loss:0.048355004439751305
Epoch:585, training loss:0.04822720835606257
Epoch:586, training loss:0.04838320364554723
Epoch:587, training loss:0.048336707055568695
Epoch:588, training loss:0.04892630875110626
Epoch:589, training loss:0.04917790119846662
Epoch:590, training loss:0.04884147519866625
----------------------------
Start validation ...
Validation error:0.04694705456495285
Validation error:0.04694705456495285
Save model checkpoints ... 
Save pial surface mesh ... 
Maximum allocated GPU memory: 0.83 GiB
Finish validation.
----------------------------
Epoch:591, training loss:0.04922421152393023
Epoch:592, training loss:0.04879129305481911
Epoch:593, training loss:0.04839291423559189
Epoch:594, training loss:0.048055785397688545
Epoch:595, training loss:0.048185352236032486
Epoch:596, training loss:0.04865950345993042
Epoch:597, training loss:0.048820777485768
Epoch:598, training loss:0.048356069872776665
Epoch:599, training loss:0.04823752368489901
Epoch:600, training loss:0.048226563880840935
----------------------------
Start validation ...
Validation error:0.047398630529642105
Validation error:0.047398630529642105
Save model checkpoints ... 
Save pial surface mesh ... 
Maximum allocated GPU memory: 0.83 GiB
Finish validation.
----------------------------
Finish training.
----------------------------
D
CC
