aa
bb
Combination: 0, 2
A
B
C
lh training
gnn: 0
layers: 2
trainlh.sh model is a pialgnn
----------------------------
Start loading dataset ...
numbers 100206
numbers 100307
numbers 100408
numbers 100610
MSE
Finish loading dataset. There are total 4 subjects.
Training data length 3
Validation data length 1
scaling factor  0.1
----------------------------
Start loading model ...
Model is CortexGNN
NLayerGCN 2
NLayerGCN 2
Finish loading model
----------------------------
Start training 600 epochs ...
Epoch:0, training loss:0.6466894547144572
----------------------------
Start validation ...
Validation error:0.49587345123291016
Validation error:0.49587345123291016
New best model saved at epoch 0 with validation error 0.49587345123291016
Save model checkpoints ... 
Save pial surface mesh ... 
Maximum allocated GPU memory: 1.95 GiB
Finish validation.
----------------------------
Epoch:1, training loss:0.4383967121442159
Epoch:2, training loss:0.24888617297013602
Epoch:3, training loss:0.19233911236127219
Epoch:4, training loss:0.13437668234109879
Epoch:5, training loss:0.13293727238972983
Epoch:6, training loss:0.11487538119157155
Epoch:7, training loss:0.11566549787918727
Epoch:8, training loss:0.10418736934661865
Epoch:9, training loss:0.09926417221625645
Epoch:10, training loss:0.09337186068296432
----------------------------
Start validation ...
Validation error:0.08355175703763962
Validation error:0.08355175703763962
New best model saved at epoch 10 with validation error 0.08355175703763962
Save model checkpoints ... 
Save pial surface mesh ... 
Maximum allocated GPU memory: 1.95 GiB
Finish validation.
----------------------------
Epoch:11, training loss:0.08972101658582687
Epoch:12, training loss:0.08725602179765701
Epoch:13, training loss:0.08392605185508728
Epoch:14, training loss:0.0817474698026975
Epoch:15, training loss:0.08048146963119507
Epoch:16, training loss:0.07819579790035884
Epoch:17, training loss:0.07692742099364598
Epoch:18, training loss:0.07558402915795644
Epoch:19, training loss:0.07484060029188792
Epoch:20, training loss:0.07410670320192973
----------------------------
Start validation ...
Validation error:0.06891345232725143
Validation error:0.06891345232725143
New best model saved at epoch 20 with validation error 0.06891345232725143
Save model checkpoints ... 
Save pial surface mesh ... 
Maximum allocated GPU memory: 1.96 GiB
Finish validation.
----------------------------
Epoch:21, training loss:0.07307916382948558
Epoch:22, training loss:0.0721374973654747
Epoch:23, training loss:0.07147057354450226
Epoch:24, training loss:0.07066268225510915
Epoch:25, training loss:0.07016174495220184
Epoch:26, training loss:0.06952147434155147
Epoch:27, training loss:0.06916941950718562
Epoch:28, training loss:0.06873149797320366
Epoch:29, training loss:0.0682712843020757
Epoch:30, training loss:0.06763418018817902
----------------------------
Start validation ...
Validation error:0.06345023214817047
Validation error:0.06345023214817047
New best model saved at epoch 30 with validation error 0.06345023214817047
Save model checkpoints ... 
Save pial surface mesh ... 
Maximum allocated GPU memory: 1.96 GiB
Finish validation.
----------------------------
Epoch:31, training loss:0.06747426713506381
Epoch:32, training loss:0.06695857395728429
Epoch:33, training loss:0.06656485299269359
Epoch:34, training loss:0.06627760703365008
Epoch:35, training loss:0.0658586174249649
Epoch:36, training loss:0.0656978040933609
Epoch:37, training loss:0.06548171242078145
Epoch:38, training loss:0.06525753065943718
Epoch:39, training loss:0.06453673789898555
Epoch:40, training loss:0.06460147971908252
----------------------------
Start validation ...
Validation error:0.06025441735982895
Validation error:0.06025441735982895
New best model saved at epoch 40 with validation error 0.06025441735982895
Save model checkpoints ... 
Save pial surface mesh ... 
Maximum allocated GPU memory: 1.96 GiB
Finish validation.
----------------------------
Epoch:41, training loss:0.0642282950381438
Epoch:42, training loss:0.06380362684528033
Epoch:43, training loss:0.06353828931848209
Epoch:44, training loss:0.06335678448279698
Epoch:45, training loss:0.06302824119726817
Epoch:46, training loss:0.06314953168233235
Epoch:47, training loss:0.06307690838972728
Epoch:48, training loss:0.0633918046951294
Epoch:49, training loss:0.06290209665894508
Epoch:50, training loss:0.062459785491228104
----------------------------
Start validation ...
Validation error:0.058299485594034195
Validation error:0.058299485594034195
New best model saved at epoch 50 with validation error 0.058299485594034195
Save model checkpoints ... 
Save pial surface mesh ... 
Maximum allocated GPU memory: 1.96 GiB
Finish validation.
----------------------------
Epoch:51, training loss:0.062194387118021645
Epoch:52, training loss:0.06220510477821032
Epoch:53, training loss:0.06113931785027186
Epoch:54, training loss:0.0615308570365111
Epoch:55, training loss:0.06097239380081495
Epoch:56, training loss:0.060874840865532555
Epoch:57, training loss:0.060873022923866905
Epoch:58, training loss:0.06032538786530495
Epoch:59, training loss:0.060182070980469383
Epoch:60, training loss:0.06035357837875684
----------------------------
Start validation ...
Validation error:0.05649404227733612
Validation error:0.05649404227733612
New best model saved at epoch 60 with validation error 0.05649404227733612
Save model checkpoints ... 
Save pial surface mesh ... 
Maximum allocated GPU memory: 1.96 GiB
Finish validation.
----------------------------
Epoch:61, training loss:0.06061693032582601
Epoch:62, training loss:0.059852179139852524
Epoch:63, training loss:0.05999856566389402
Epoch:64, training loss:0.060276005417108536
Epoch:65, training loss:0.06028800085186958
Epoch:66, training loss:0.059788176168998085
Epoch:67, training loss:0.06011217584212621
Epoch:68, training loss:0.05961777766545614
Epoch:69, training loss:0.05957495917876562
Epoch:70, training loss:0.06004183863600095
----------------------------
Start validation ...
Validation error:0.0555717907845974
Validation error:0.0555717907845974
New best model saved at epoch 70 with validation error 0.0555717907845974
Save model checkpoints ... 
Save pial surface mesh ... 
Maximum allocated GPU memory: 1.96 GiB
Finish validation.
----------------------------
Epoch:71, training loss:0.058466002345085144
Epoch:72, training loss:0.0587908998131752
Epoch:73, training loss:0.05875170727570852
Epoch:74, training loss:0.05889082451661428
Epoch:75, training loss:0.05932265271743139
Epoch:76, training loss:0.05802159756422043
Epoch:77, training loss:0.058573116858800255
Epoch:78, training loss:0.057870486130317055
Epoch:79, training loss:0.057991323371728264
Epoch:80, training loss:0.05804935718576113
----------------------------
Start validation ...
Validation error:0.05467691645026207
Validation error:0.05467691645026207
New best model saved at epoch 80 with validation error 0.05467691645026207
Save model checkpoints ... 
Save pial surface mesh ... 
Maximum allocated GPU memory: 1.96 GiB
Finish validation.
----------------------------
Epoch:81, training loss:0.05750259136160215
Epoch:82, training loss:0.05741982161998749
Epoch:83, training loss:0.057425166169802346
Epoch:84, training loss:0.05708812177181244
Epoch:85, training loss:0.056620482355356216
Epoch:86, training loss:0.05684567615389824
Epoch:87, training loss:0.05649126569430033
Epoch:88, training loss:0.05688481653730074
Epoch:89, training loss:0.05689732978741328
Epoch:90, training loss:0.056642421831687294
----------------------------
Start validation ...
Validation error:0.05413181334733963
Validation error:0.05413181334733963
New best model saved at epoch 90 with validation error 0.05413181334733963
Save model checkpoints ... 
Save pial surface mesh ... 
Maximum allocated GPU memory: 1.96 GiB
Finish validation.
----------------------------
Epoch:91, training loss:0.056646027912696205
Epoch:92, training loss:0.05646169061462084
Epoch:93, training loss:0.05664344131946564
Epoch:94, training loss:0.05657843127846718
Epoch:95, training loss:0.05565745259324709
Epoch:96, training loss:0.05571116879582405
Epoch:97, training loss:0.05566558366020521
Epoch:98, training loss:0.05555745835105578
Epoch:99, training loss:0.05583982666333517
Epoch:100, training loss:0.0559062622487545
----------------------------
Start validation ...
Validation error:0.053038135170936584
Validation error:0.053038135170936584
New best model saved at epoch 100 with validation error 0.053038135170936584
Save model checkpoints ... 
Save pial surface mesh ... 
Maximum allocated GPU memory: 1.96 GiB
Finish validation.
----------------------------
Epoch:101, training loss:0.05587875967224439
Epoch:102, training loss:0.05571111167470614
Epoch:103, training loss:0.05551258226235708
Epoch:104, training loss:0.055391062051057816
Epoch:105, training loss:0.05524216592311859
Epoch:106, training loss:0.054968455185492836
Epoch:107, training loss:0.05494098116954168
Epoch:108, training loss:0.05533981447418531
Epoch:109, training loss:0.05587315311034521
Epoch:110, training loss:0.055635777612527214
----------------------------
Start validation ...
Validation error:0.05304231122136116
Validation error:0.05304231122136116
Save model checkpoints ... 
Save pial surface mesh ... 
Maximum allocated GPU memory: 1.96 GiB
Finish validation.
----------------------------
Epoch:111, training loss:0.055506123850742974
Epoch:112, training loss:0.055698675413926445
Epoch:113, training loss:0.05560698981086413
Epoch:114, training loss:0.055262732009092964
Epoch:115, training loss:0.05566589534282684
Epoch:116, training loss:0.05511310448249181
Epoch:117, training loss:0.05496941631038984
Epoch:118, training loss:0.054623798777659736
Epoch:119, training loss:0.05410381034016609
Epoch:120, training loss:0.054118031014998756
----------------------------
Start validation ...
Validation error:0.051758795976638794
Validation error:0.051758795976638794
New best model saved at epoch 120 with validation error 0.051758795976638794
Save model checkpoints ... 
Save pial surface mesh ... 
Maximum allocated GPU memory: 1.96 GiB
Finish validation.
----------------------------
Epoch:121, training loss:0.054607223719358444
Epoch:122, training loss:0.054152230421702065
Epoch:123, training loss:0.053759763638178505
Epoch:124, training loss:0.0540563240647316
Epoch:125, training loss:0.05392555147409439
Epoch:126, training loss:0.05431833490729332
Epoch:127, training loss:0.053736429661512375
Epoch:128, training loss:0.053964417427778244
Epoch:129, training loss:0.05339236557483673
Epoch:130, training loss:0.05353721107045809
----------------------------
Start validation ...
Validation error:0.050262946635484695
Validation error:0.050262946635484695
New best model saved at epoch 130 with validation error 0.050262946635484695
Save model checkpoints ... 
Save pial surface mesh ... 
Maximum allocated GPU memory: 1.96 GiB
Finish validation.
----------------------------
Epoch:131, training loss:0.05302985509236654
Epoch:132, training loss:0.053134760508934654
Epoch:133, training loss:0.05313157538572947
Epoch:134, training loss:0.053002309054136276
Epoch:135, training loss:0.053156811743974686
Epoch:136, training loss:0.052998180190722145
Epoch:137, training loss:0.05287599191069603
Epoch:138, training loss:0.05301817134022713
Epoch:139, training loss:0.053452104330062866
Epoch:140, training loss:0.05332126344243685
----------------------------
Start validation ...
Validation error:0.05024897679686546
Validation error:0.05024897679686546
New best model saved at epoch 140 with validation error 0.05024897679686546
Save model checkpoints ... 
Save pial surface mesh ... 
Maximum allocated GPU memory: 1.96 GiB
Finish validation.
----------------------------
Epoch:141, training loss:0.0528592715660731
Epoch:142, training loss:0.05281152079502741
Epoch:143, training loss:0.052959803491830826
Epoch:144, training loss:0.052504632622003555
Epoch:145, training loss:0.052664621422688164
Epoch:146, training loss:0.052357914547125496
Epoch:147, training loss:0.05231062819560369
Epoch:148, training loss:0.05234953388571739
Epoch:149, training loss:0.05246011291941007
Epoch:150, training loss:0.05215700094898542
----------------------------
Start validation ...
Validation error:0.04936571791768074
Validation error:0.04936571791768074
New best model saved at epoch 150 with validation error 0.04936571791768074
Save model checkpoints ... 
Save pial surface mesh ... 
Maximum allocated GPU memory: 1.96 GiB
Finish validation.
----------------------------
Epoch:151, training loss:0.05255629246433576
Epoch:152, training loss:0.05272755026817322
Epoch:153, training loss:0.05272221937775612
Epoch:154, training loss:0.05264735718568166
Epoch:155, training loss:0.052527795235315956
Epoch:156, training loss:0.052287803341945015
Epoch:157, training loss:0.05209057778120041
Epoch:158, training loss:0.05184958502650261
Epoch:159, training loss:0.05175520231326421
Epoch:160, training loss:0.05195095265905062
----------------------------
Start validation ...
Validation error:0.049447525292634964
Validation error:0.049447525292634964
Save model checkpoints ... 
Save pial surface mesh ... 
Maximum allocated GPU memory: 1.96 GiB
Finish validation.
----------------------------
Epoch:161, training loss:0.05194505179921786
Epoch:162, training loss:0.05145763730009397
Epoch:163, training loss:0.05147736271222433
Epoch:164, training loss:0.05135863398512205
Epoch:165, training loss:0.051229183872540794
Epoch:166, training loss:0.05149704838792483
Epoch:167, training loss:0.05134966969490051
Epoch:168, training loss:0.05193527787923813
Epoch:169, training loss:0.05178082858522733
Epoch:170, training loss:0.051331852873166404
----------------------------
Start validation ...
Validation error:0.04854734241962433
Validation error:0.04854734241962433
New best model saved at epoch 170 with validation error 0.04854734241962433
Save model checkpoints ... 
Save pial surface mesh ... 
Maximum allocated GPU memory: 1.96 GiB
Finish validation.
----------------------------
Epoch:171, training loss:0.051441386342048645
Epoch:172, training loss:0.05153731629252434
Epoch:173, training loss:0.05124046032627424
Epoch:174, training loss:0.05101614445447922
Epoch:175, training loss:0.0510019784172376
Epoch:176, training loss:0.05094084143638611
Epoch:177, training loss:0.051289363453785576
Epoch:178, training loss:0.051084358245134354
Epoch:179, training loss:0.051021783302227654
Epoch:180, training loss:0.05075468371311823
----------------------------
Start validation ...
Validation error:0.04854376241564751
Validation error:0.04854376241564751
New best model saved at epoch 180 with validation error 0.04854376241564751
Save model checkpoints ... 
Save pial surface mesh ... 
Maximum allocated GPU memory: 1.96 GiB
Finish validation.
----------------------------
Epoch:181, training loss:0.05083551754554113
Epoch:182, training loss:0.051052639881769814
Epoch:183, training loss:0.05057328442732493
Epoch:184, training loss:0.05081969375411669
Epoch:185, training loss:0.050878231724103294
Epoch:186, training loss:0.050821433464686074
Epoch:187, training loss:0.05018216371536255
Epoch:188, training loss:0.05039482687910398
Epoch:189, training loss:0.05025913938879967
Epoch:190, training loss:0.05020885914564133
----------------------------
Start validation ...
Validation error:0.047946345061063766
Validation error:0.047946345061063766
New best model saved at epoch 190 with validation error 0.047946345061063766
Save model checkpoints ... 
Save pial surface mesh ... 
Maximum allocated GPU memory: 1.96 GiB
Finish validation.
----------------------------
Epoch:191, training loss:0.0505296823879083
Epoch:192, training loss:0.05014716958006223
Epoch:193, training loss:0.05012848104039828
Epoch:194, training loss:0.05006187533338865
Epoch:195, training loss:0.0502085325618585
Epoch:196, training loss:0.05004843324422836
Epoch:197, training loss:0.05001878490050634
Epoch:198, training loss:0.050047796219587326
Epoch:199, training loss:0.05055994043747584
Epoch:200, training loss:0.050540649642546974
----------------------------
Start validation ...
Validation error:0.04746003448963165
Validation error:0.04746003448963165
New best model saved at epoch 200 with validation error 0.04746003448963165
Save model checkpoints ... 
Save pial surface mesh ... 
Maximum allocated GPU memory: 1.96 GiB
Finish validation.
----------------------------
Epoch:201, training loss:0.050138176729281746
Epoch:202, training loss:0.049867067486047745
Epoch:203, training loss:0.049843911081552505
Epoch:204, training loss:0.04973193754752477
Epoch:205, training loss:0.04949792722860972
Epoch:206, training loss:0.04959530010819435
Epoch:207, training loss:0.04942664628227552
Epoch:208, training loss:0.04933250571290652
Epoch:209, training loss:0.04943960905075073
Epoch:210, training loss:0.049816922595103584
----------------------------
Start validation ...
Validation error:0.04789998382329941
Validation error:0.04789998382329941
Save model checkpoints ... 
Save pial surface mesh ... 
Maximum allocated GPU memory: 1.96 GiB
Finish validation.
----------------------------
Epoch:211, training loss:0.05009026328722636
Epoch:212, training loss:0.04953505595525106
Epoch:213, training loss:0.049285350988308586
Epoch:214, training loss:0.049457779775063195
Epoch:215, training loss:0.049022636065880455
Epoch:216, training loss:0.049230666210254036
Epoch:217, training loss:0.048967702935139336
Epoch:218, training loss:0.04908831541736921
Epoch:219, training loss:0.04907335961858431
Epoch:220, training loss:0.04920265078544617
----------------------------
Start validation ...
Validation error:0.04708782210946083
Validation error:0.04708782210946083
New best model saved at epoch 220 with validation error 0.04708782210946083
Save model checkpoints ... 
Save pial surface mesh ... 
Maximum allocated GPU memory: 1.96 GiB
Finish validation.
----------------------------
Epoch:221, training loss:0.049150675535202026
Epoch:222, training loss:0.049382819483677544
Epoch:223, training loss:0.049341333409150444
Epoch:224, training loss:0.049580927938222885
Epoch:225, training loss:0.04953215271234512
Epoch:226, training loss:0.048903610557317734
Epoch:227, training loss:0.04892693335811297
Epoch:228, training loss:0.049175672233104706
Epoch:229, training loss:0.0491486464937528
Epoch:230, training loss:0.048901282250881195
----------------------------
Start validation ...
Validation error:0.04685346782207489
Validation error:0.04685346782207489
New best model saved at epoch 230 with validation error 0.04685346782207489
Save model checkpoints ... 
Save pial surface mesh ... 
Maximum allocated GPU memory: 1.96 GiB
Finish validation.
----------------------------
Epoch:231, training loss:0.048761915415525436
Epoch:232, training loss:0.04914996400475502
Epoch:233, training loss:0.04914271334807078
Epoch:234, training loss:0.04941895976662636
Epoch:235, training loss:0.04882605498035749
Epoch:236, training loss:0.04894156754016876
Epoch:237, training loss:0.048472306380669274
Epoch:238, training loss:0.04851767917474111
Epoch:239, training loss:0.04841913655400276
Epoch:240, training loss:0.048826634883880615
----------------------------
Start validation ...
Validation error:0.046468719840049744
Validation error:0.046468719840049744
New best model saved at epoch 240 with validation error 0.046468719840049744
Save model checkpoints ... 
Save pial surface mesh ... 
Maximum allocated GPU memory: 1.96 GiB
Finish validation.
----------------------------
Epoch:241, training loss:0.048385330786307655
Epoch:242, training loss:0.04829404875636101
Epoch:243, training loss:0.04826460282007853
Epoch:244, training loss:0.048138423512379326
Epoch:245, training loss:0.0482636367281278
Epoch:246, training loss:0.04818599050243696
Epoch:247, training loss:0.04875316719214121
Epoch:248, training loss:0.04794825489322344
Epoch:249, training loss:0.048148841907580696
Epoch:250, training loss:0.0480525940656662
----------------------------
Start validation ...
Validation error:0.04628990590572357
Validation error:0.04628990590572357
New best model saved at epoch 250 with validation error 0.04628990590572357
Save model checkpoints ... 
Save pial surface mesh ... 
Maximum allocated GPU memory: 1.96 GiB
Finish validation.
----------------------------
Epoch:251, training loss:0.04804882655541102
Epoch:252, training loss:0.04812096183498701
Epoch:253, training loss:0.04792962223291397
Epoch:254, training loss:0.04787292331457138
Epoch:255, training loss:0.048141635954380035
Epoch:256, training loss:0.04810287430882454
Epoch:257, training loss:0.04796139895915985
Epoch:258, training loss:0.04807370280226072
Epoch:259, training loss:0.048023407657941185
Epoch:260, training loss:0.04864373182257017
----------------------------
Start validation ...
Validation error:0.0456378273665905
Validation error:0.0456378273665905
New best model saved at epoch 260 with validation error 0.0456378273665905
Save model checkpoints ... 
Save pial surface mesh ... 
Maximum allocated GPU memory: 1.96 GiB
Finish validation.
----------------------------
Epoch:261, training loss:0.048242648442586265
Epoch:262, training loss:0.0483851432800293
Epoch:263, training loss:0.04832896962761879
Epoch:264, training loss:0.04774061217904091
Epoch:265, training loss:0.0478175717095534
Epoch:266, training loss:0.04770037407676379
Epoch:267, training loss:0.047807847460110985
Epoch:268, training loss:0.04818920294443766
Epoch:269, training loss:0.04830650488535563
Epoch:270, training loss:0.04853906109929085
----------------------------
Start validation ...
Validation error:0.045937102288007736
Validation error:0.045937102288007736
Save model checkpoints ... 
Save pial surface mesh ... 
Maximum allocated GPU memory: 1.96 GiB
Finish validation.
----------------------------
Epoch:271, training loss:0.04823483650883039
Epoch:272, training loss:0.047726852198441826
Epoch:273, training loss:0.04805438841382662
Epoch:274, training loss:0.047532305121421814
Epoch:275, training loss:0.0479759636024634
Epoch:276, training loss:0.04820133248964945
Epoch:277, training loss:0.047483702500661217
Epoch:278, training loss:0.047632300605376564
Epoch:279, training loss:0.04803830881913503
Epoch:280, training loss:0.048152364790439606
----------------------------
Start validation ...
Validation error:0.0454365573823452
Validation error:0.0454365573823452
New best model saved at epoch 280 with validation error 0.0454365573823452
Save model checkpoints ... 
Save pial surface mesh ... 
Maximum allocated GPU memory: 1.96 GiB
Finish validation.
----------------------------
Epoch:281, training loss:0.04741052910685539
Epoch:282, training loss:0.047493583212296166
Epoch:283, training loss:0.047285051395495735
Epoch:284, training loss:0.047389596700668335
Epoch:285, training loss:0.04784328117966652
Epoch:286, training loss:0.046932597955067955
Epoch:287, training loss:0.04706902801990509
Epoch:288, training loss:0.04724342500170072
Epoch:289, training loss:0.04703306779265404
Epoch:290, training loss:0.04714486996332804
----------------------------
Start validation ...
Validation error:0.04521751403808594
Validation error:0.04521751403808594
New best model saved at epoch 290 with validation error 0.04521751403808594
Save model checkpoints ... 
Save pial surface mesh ... 
Maximum allocated GPU memory: 1.96 GiB
Finish validation.
----------------------------
Epoch:291, training loss:0.047124107678731285
Epoch:292, training loss:0.04696400339404742
Epoch:293, training loss:0.04713135833541552
Epoch:294, training loss:0.046867078791062035
Epoch:295, training loss:0.04668432598312696
Epoch:296, training loss:0.04676611348986626
Epoch:297, training loss:0.04663120831052462
Epoch:298, training loss:0.046594757586717606
Epoch:299, training loss:0.04657161608338356
Epoch:300, training loss:0.04657744616270065
----------------------------
Start validation ...
Validation error:0.04513627663254738
Validation error:0.04513627663254738
New best model saved at epoch 300 with validation error 0.04513627663254738
Save model checkpoints ... 
Save pial surface mesh ... 
Maximum allocated GPU memory: 1.96 GiB
Finish validation.
----------------------------
Epoch:301, training loss:0.046655615170796715
Epoch:302, training loss:0.0466573437054952
Epoch:303, training loss:0.04710482060909271
Epoch:304, training loss:0.046684231609106064
Epoch:305, training loss:0.04651270185907682
Epoch:306, training loss:0.04680311928192774
Epoch:307, training loss:0.04666402439276377
Epoch:308, training loss:0.04641489312052727
Epoch:309, training loss:0.046514601757129036
Epoch:310, training loss:0.046618275344371796
----------------------------
Start validation ...
Validation error:0.04493327438831329
Validation error:0.04493327438831329
New best model saved at epoch 310 with validation error 0.04493327438831329
Save model checkpoints ... 
Save pial surface mesh ... 
Maximum allocated GPU memory: 1.96 GiB
Finish validation.
----------------------------
Epoch:311, training loss:0.046189614882071815
Epoch:312, training loss:0.04644714295864105
Epoch:313, training loss:0.0464453250169754
Epoch:314, training loss:0.04637478167812029
Epoch:315, training loss:0.046599301199118294
Epoch:316, training loss:0.046144054581721626
Epoch:317, training loss:0.04622932771841685
Epoch:318, training loss:0.04625722020864487
Epoch:319, training loss:0.04618183275063833
Epoch:320, training loss:0.04639014850060145
----------------------------
Start validation ...
Validation error:0.044904641807079315
Validation error:0.044904641807079315
New best model saved at epoch 320 with validation error 0.044904641807079315
Save model checkpoints ... 
Save pial surface mesh ... 
Maximum allocated GPU memory: 1.96 GiB
Finish validation.
----------------------------
Epoch:321, training loss:0.04650815079609553
Epoch:322, training loss:0.04654848948121071
Epoch:323, training loss:0.04688479875524839
Epoch:324, training loss:0.04629869634906451
Epoch:325, training loss:0.04600141942501068
Epoch:326, training loss:0.046489172925551735
Epoch:327, training loss:0.046369375040133796
Epoch:328, training loss:0.04647151008248329
Epoch:329, training loss:0.04594672719637553
Epoch:330, training loss:0.04634803036848704
----------------------------
Start validation ...
Validation error:0.04454371705651283
Validation error:0.04454371705651283
New best model saved at epoch 330 with validation error 0.04454371705651283
Save model checkpoints ... 
Save pial surface mesh ... 
Maximum allocated GPU memory: 1.96 GiB
Finish validation.
----------------------------
Epoch:331, training loss:0.04591388752063116
Epoch:332, training loss:0.04594497134288152
Epoch:333, training loss:0.046054226656754814
Epoch:334, training loss:0.04624731962879499
Epoch:335, training loss:0.04569566249847412
Epoch:336, training loss:0.04583664362629255
Epoch:337, training loss:0.04597801715135574
Epoch:338, training loss:0.04581488172213236
Epoch:339, training loss:0.04576697573065758
Epoch:340, training loss:0.045686643570661545
----------------------------
Start validation ...
Validation error:0.044310446828603745
Validation error:0.044310446828603745
New best model saved at epoch 340 with validation error 0.044310446828603745
Save model checkpoints ... 
Save pial surface mesh ... 
Maximum allocated GPU memory: 1.96 GiB
Finish validation.
----------------------------
Epoch:341, training loss:0.04562695696949959
Epoch:342, training loss:0.04592888926466306
Epoch:343, training loss:0.0459115207195282
Epoch:344, training loss:0.04580653707186381
Epoch:345, training loss:0.04606198022762934
Epoch:346, training loss:0.045797597616910934
Epoch:347, training loss:0.045507186402877174
Epoch:348, training loss:0.045594858626524605
Epoch:349, training loss:0.045712027698755264
Epoch:350, training loss:0.04631539558370908
----------------------------
Start validation ...
Validation error:0.04580496996641159
Validation error:0.04580496996641159
Save model checkpoints ... 
Save pial surface mesh ... 
Maximum allocated GPU memory: 1.96 GiB
Finish validation.
----------------------------
Epoch:351, training loss:0.04595693449179331
Epoch:352, training loss:0.04664961248636246
Epoch:353, training loss:0.04607761651277542
Epoch:354, training loss:0.045815846572319664
Epoch:355, training loss:0.046199649572372437
Epoch:356, training loss:0.046345011641581856
Epoch:357, training loss:0.04566718886295954
Epoch:358, training loss:0.045514196157455444
Epoch:359, training loss:0.0452883318066597
Epoch:360, training loss:0.04566747695207596
----------------------------
Start validation ...
Validation error:0.044189538806676865
Validation error:0.044189538806676865
New best model saved at epoch 360 with validation error 0.044189538806676865
Save model checkpoints ... 
Save pial surface mesh ... 
Maximum allocated GPU memory: 1.96 GiB
Finish validation.
----------------------------
Epoch:361, training loss:0.04560055956244469
Epoch:362, training loss:0.04604034870862961
Epoch:363, training loss:0.04647991433739662
Epoch:364, training loss:0.04675276577472687
Epoch:365, training loss:0.04632501179973284
Epoch:366, training loss:0.04615548128883044
Epoch:367, training loss:0.04628818482160568
Epoch:368, training loss:0.04601427788535754
Epoch:369, training loss:0.04647553091247877
Epoch:370, training loss:0.04609696691234907
----------------------------
Start validation ...
Validation error:0.0458870492875576
Validation error:0.0458870492875576
Save model checkpoints ... 
Save pial surface mesh ... 
Maximum allocated GPU memory: 1.96 GiB
Finish validation.
----------------------------
Epoch:371, training loss:0.04624017079671224
Epoch:372, training loss:0.04577148581544558
Epoch:373, training loss:0.04566702991724014
Epoch:374, training loss:0.04489238808552424
Epoch:375, training loss:0.045300268878539406
Epoch:376, training loss:0.04483013848463694
Epoch:377, training loss:0.044844675809144974
Epoch:378, training loss:0.04500048483411471
Epoch:379, training loss:0.04542150472601255
Epoch:380, training loss:0.044913481920957565
----------------------------
Start validation ...
Validation error:0.04374530538916588
Validation error:0.04374530538916588
New best model saved at epoch 380 with validation error 0.04374530538916588
Save model checkpoints ... 
Save pial surface mesh ... 
Maximum allocated GPU memory: 1.96 GiB
Finish validation.
----------------------------
Epoch:381, training loss:0.044865203400452934
Epoch:382, training loss:0.045242304603258766
Epoch:383, training loss:0.04521143560608228
Epoch:384, training loss:0.045582820971806846
Epoch:385, training loss:0.04524337500333786
Epoch:386, training loss:0.04515472799539566
Epoch:387, training loss:0.04506998757521311
Epoch:388, training loss:0.044944661358992256
Epoch:389, training loss:0.04506918912132581
Epoch:390, training loss:0.04512298355499903
----------------------------
Start validation ...
Validation error:0.04477826505899429
Validation error:0.04477826505899429
Save model checkpoints ... 
Save pial surface mesh ... 
Maximum allocated GPU memory: 1.96 GiB
Finish validation.
----------------------------
Epoch:391, training loss:0.04571559652686119
Epoch:392, training loss:0.04491833224892616
Epoch:393, training loss:0.045138860742251076
Epoch:394, training loss:0.04571001107494036
Epoch:395, training loss:0.04599353795250257
Epoch:396, training loss:0.04480763400594393
Epoch:397, training loss:0.04469776774446169
Epoch:398, training loss:0.04457711304227511
Epoch:399, training loss:0.04481258491675059
Epoch:400, training loss:0.04453337689240774
----------------------------
Start validation ...
Validation error:0.043747272342443466
Validation error:0.043747272342443466
Save model checkpoints ... 
Save pial surface mesh ... 
Maximum allocated GPU memory: 1.96 GiB
Finish validation.
----------------------------
Epoch:401, training loss:0.04452265674869219
Epoch:402, training loss:0.04446258147557577
Epoch:403, training loss:0.04475747669736544
Epoch:404, training loss:0.04506355275710424
Epoch:405, training loss:0.04489860932032267
Epoch:406, training loss:0.04505894457300504
Epoch:407, training loss:0.04478539153933525
Epoch:408, training loss:0.04472994307676951
Epoch:409, training loss:0.044484302401542664
Epoch:410, training loss:0.04447127257784208
----------------------------
Start validation ...
Validation error:0.043896861374378204
Validation error:0.043896861374378204
Save model checkpoints ... 
Save pial surface mesh ... 
Maximum allocated GPU memory: 1.96 GiB
Finish validation.
----------------------------
Epoch:411, training loss:0.04459646840890249
Epoch:412, training loss:0.04482093950112661
Epoch:413, training loss:0.0444778377811114
Epoch:414, training loss:0.044916888078053795
Epoch:415, training loss:0.044744702676932015
Epoch:416, training loss:0.04424440239866575
Epoch:417, training loss:0.04432869081695875
Epoch:418, training loss:0.044227456053098045
Epoch:419, training loss:0.04427622010310491
Epoch:420, training loss:0.044294665257136025
----------------------------
Start validation ...
Validation error:0.043301772326231
Validation error:0.043301772326231
New best model saved at epoch 420 with validation error 0.043301772326231
Save model checkpoints ... 
Save pial surface mesh ... 
Maximum allocated GPU memory: 1.96 GiB
Finish validation.
----------------------------
Epoch:421, training loss:0.04415333271026611
Epoch:422, training loss:0.0443347729742527
Epoch:423, training loss:0.04415410757064819
Epoch:424, training loss:0.044036153703927994
Epoch:425, training loss:0.04450320079922676
Epoch:426, training loss:0.044467419385910034
Epoch:427, training loss:0.04439005504051844
Epoch:428, training loss:0.04425928741693497
Epoch:429, training loss:0.04405990615487099
Epoch:430, training loss:0.04421466216444969
----------------------------
Start validation ...
Validation error:0.043381210416555405
Validation error:0.043381210416555405
Save model checkpoints ... 
Save pial surface mesh ... 
Maximum allocated GPU memory: 1.96 GiB
Finish validation.
----------------------------
Epoch:431, training loss:0.044125242779652275
Epoch:432, training loss:0.044353775680065155
Epoch:433, training loss:0.04458868751923243
Epoch:434, training loss:0.04439491654435793
Epoch:435, training loss:0.04445873945951462
Epoch:436, training loss:0.04448043803373972
Epoch:437, training loss:0.04421523710091909
Epoch:438, training loss:0.04416521514455477
Epoch:439, training loss:0.04441546524564425
Epoch:440, training loss:0.044892011831204094
----------------------------
Start validation ...
Validation error:0.043259162455797195
Validation error:0.043259162455797195
New best model saved at epoch 440 with validation error 0.043259162455797195
Save model checkpoints ... 
Save pial surface mesh ... 
Maximum allocated GPU memory: 1.96 GiB
Finish validation.
----------------------------
Epoch:441, training loss:0.04378419741988182
Epoch:442, training loss:0.043961334973573685
Epoch:443, training loss:0.04415824388464292
Epoch:444, training loss:0.04429888352751732
Epoch:445, training loss:0.04428694645563761
Epoch:446, training loss:0.04393324380119642
Epoch:447, training loss:0.04420877993106842
Epoch:448, training loss:0.04389868304133415
Epoch:449, training loss:0.04380944992105166
Epoch:450, training loss:0.04395762706796328
----------------------------
Start validation ...
Validation error:0.04334063082933426
Validation error:0.04334063082933426
Save model checkpoints ... 
Save pial surface mesh ... 
Maximum allocated GPU memory: 1.96 GiB
Finish validation.
----------------------------
Epoch:451, training loss:0.04358119641741117
Epoch:452, training loss:0.043860928465922676
Epoch:453, training loss:0.04438264047106107
Epoch:454, training loss:0.04402552296717962
Epoch:455, training loss:0.04509408647815386
Epoch:456, training loss:0.04447359343369802
Epoch:457, training loss:0.04400210827589035
Epoch:458, training loss:0.044005442410707474
Epoch:459, training loss:0.04370007539788882
Epoch:460, training loss:0.04400970786809921
----------------------------
Start validation ...
Validation error:0.04312534257769585
Validation error:0.04312534257769585
New best model saved at epoch 460 with validation error 0.04312534257769585
Save model checkpoints ... 
Save pial surface mesh ... 
Maximum allocated GPU memory: 1.96 GiB
Finish validation.
----------------------------
Epoch:461, training loss:0.04342876747250557
Epoch:462, training loss:0.043492186814546585
Epoch:463, training loss:0.0437814990679423
Epoch:464, training loss:0.04367721453309059
Epoch:465, training loss:0.04394058510661125
Epoch:466, training loss:0.04387465491890907
Epoch:467, training loss:0.04371067012349764
Epoch:468, training loss:0.04343447958429655
Epoch:469, training loss:0.043452996760606766
Epoch:470, training loss:0.04324407627185186
----------------------------
Start validation ...
Validation error:0.043083738535642624
Validation error:0.043083738535642624
New best model saved at epoch 470 with validation error 0.043083738535642624
Save model checkpoints ... 
Save pial surface mesh ... 
Maximum allocated GPU memory: 1.96 GiB
Finish validation.
----------------------------
Epoch:471, training loss:0.04324264576037725
Epoch:472, training loss:0.04338261981805166
Epoch:473, training loss:0.04341982305049896
Epoch:474, training loss:0.043360717594623566
Epoch:475, training loss:0.04323362931609154
Epoch:476, training loss:0.04344619562228521
Epoch:477, training loss:0.04358714694778124
Epoch:478, training loss:0.043280946711699166
Epoch:479, training loss:0.043198236574729286
Epoch:480, training loss:0.043270863592624664
----------------------------
Start validation ...
Validation error:0.04263840988278389
Validation error:0.04263840988278389
New best model saved at epoch 480 with validation error 0.04263840988278389
Save model checkpoints ... 
Save pial surface mesh ... 
Maximum allocated GPU memory: 1.96 GiB
Finish validation.
----------------------------
Epoch:481, training loss:0.04326949641108513
Epoch:482, training loss:0.043158975740273796
Epoch:483, training loss:0.04334043338894844
Epoch:484, training loss:0.043169744312763214
Epoch:485, training loss:0.04310515150427818
Epoch:486, training loss:0.0430741918583711
Epoch:487, training loss:0.04289096718033155
Epoch:488, training loss:0.04327744742234548
Epoch:489, training loss:0.0431814839442571
Epoch:490, training loss:0.04301423331101736
----------------------------
Start validation ...
Validation error:0.04256729409098625
Validation error:0.04256729409098625
New best model saved at epoch 490 with validation error 0.04256729409098625
Save model checkpoints ... 
Save pial surface mesh ... 
Maximum allocated GPU memory: 1.96 GiB
Finish validation.
----------------------------
Epoch:491, training loss:0.04321827987829844
Epoch:492, training loss:0.04299678405125936
Epoch:493, training loss:0.043409054478009544
Epoch:494, training loss:0.04359789565205574
Epoch:495, training loss:0.04312242567539215
Epoch:496, training loss:0.04319219167033831
Epoch:497, training loss:0.042992175867160164
Epoch:498, training loss:0.042923882603645325
Epoch:499, training loss:0.04281583055853844
Epoch:500, training loss:0.042791793743769325
----------------------------
Start validation ...
Validation error:0.0426652617752552
Validation error:0.0426652617752552
Save model checkpoints ... 
Save pial surface mesh ... 
Maximum allocated GPU memory: 1.96 GiB
Finish validation.
----------------------------
Epoch:501, training loss:0.04275625944137573
Epoch:502, training loss:0.043058883398771286
Epoch:503, training loss:0.04304146890838941
Epoch:504, training loss:0.04373590648174286
Epoch:505, training loss:0.04346006611982981
Epoch:506, training loss:0.04303074131409327
Epoch:507, training loss:0.0430114616950353
Epoch:508, training loss:0.04276333128412565
Epoch:509, training loss:0.04269068563977877
Epoch:510, training loss:0.04268148417274157
----------------------------
Start validation ...
Validation error:0.042570699006319046
Validation error:0.042570699006319046
Save model checkpoints ... 
Save pial surface mesh ... 
Maximum allocated GPU memory: 1.96 GiB
Finish validation.
----------------------------
Epoch:511, training loss:0.04293530061841011
Epoch:512, training loss:0.04287055879831314
Epoch:513, training loss:0.042684933791557945
Epoch:514, training loss:0.0426288607219855
Epoch:515, training loss:0.042769751201073326
Epoch:516, training loss:0.04273515194654465
Epoch:517, training loss:0.04267457996805509
Epoch:518, training loss:0.04258663083116213
Epoch:519, training loss:0.04240816459059715
Epoch:520, training loss:0.0428901972870032
----------------------------
Start validation ...
Validation error:0.042280297726392746
Validation error:0.042280297726392746
New best model saved at epoch 520 with validation error 0.042280297726392746
Save model checkpoints ... 
Save pial surface mesh ... 
Maximum allocated GPU memory: 1.96 GiB
Finish validation.
----------------------------
Epoch:521, training loss:0.04285289843877157
Epoch:522, training loss:0.04318491990367571
Epoch:523, training loss:0.04301562160253525
Epoch:524, training loss:0.04326338072617849
Epoch:525, training loss:0.0430682897567749
Epoch:526, training loss:0.04314999282360077
Epoch:527, training loss:0.043745859215656914
Epoch:528, training loss:0.043486240009466805
Epoch:529, training loss:0.042928015192349754
Epoch:530, training loss:0.04279183099667231
----------------------------
Start validation ...
Validation error:0.042153600603342056
Validation error:0.042153600603342056
New best model saved at epoch 530 with validation error 0.042153600603342056
Save model checkpoints ... 
Save pial surface mesh ... 
Maximum allocated GPU memory: 1.96 GiB
Finish validation.
----------------------------
Epoch:531, training loss:0.04238204782207807
Epoch:532, training loss:0.04250075916449229
Epoch:533, training loss:0.042312045892079674
Epoch:534, training loss:0.04235298310716947
Epoch:535, training loss:0.04224755118290583
Epoch:536, training loss:0.042403653264045715
Epoch:537, training loss:0.04273772115508715
Epoch:538, training loss:0.04222988958160082
Epoch:539, training loss:0.0422328586379687
Epoch:540, training loss:0.042280872662862144
----------------------------
Start validation ...
Validation error:0.0421520471572876
Validation error:0.0421520471572876
New best model saved at epoch 540 with validation error 0.0421520471572876
Save model checkpoints ... 
Save pial surface mesh ... 
Maximum allocated GPU memory: 1.96 GiB
Finish validation.
----------------------------
Epoch:541, training loss:0.042226326962312065
Epoch:542, training loss:0.04223500192165375
Epoch:543, training loss:0.04217796648542086
Epoch:544, training loss:0.04244907945394516
Epoch:545, training loss:0.0423529917995135
Epoch:546, training loss:0.04221174990137418
Epoch:547, training loss:0.04206010947624842
Epoch:548, training loss:0.042358361184597015
Epoch:549, training loss:0.042090547581513725
Epoch:550, training loss:0.042135427395502724
----------------------------
Start validation ...
Validation error:0.042265839874744415
Validation error:0.042265839874744415
Save model checkpoints ... 
Save pial surface mesh ... 
Maximum allocated GPU memory: 1.96 GiB
Finish validation.
----------------------------
Epoch:551, training loss:0.04256770263115565
Epoch:552, training loss:0.04214663431048393
Epoch:553, training loss:0.042239245027303696
Epoch:554, training loss:0.04219134648640951
Epoch:555, training loss:0.04243723923961321
Epoch:556, training loss:0.04234743118286133
Epoch:557, training loss:0.04195774098237356
Epoch:558, training loss:0.04235448936621348
Epoch:559, training loss:0.042334333062171936
Epoch:560, training loss:0.04285530000925064
----------------------------
Start validation ...
Validation error:0.042162876576185226
Validation error:0.042162876576185226
Save model checkpoints ... 
Save pial surface mesh ... 
Maximum allocated GPU memory: 1.96 GiB
Finish validation.
----------------------------
Epoch:561, training loss:0.04222331568598747
Epoch:562, training loss:0.04256633296608925
Epoch:563, training loss:0.04227401688694954
Epoch:564, training loss:0.042228045562903084
Epoch:565, training loss:0.04233466958006223
Epoch:566, training loss:0.04287846510608991
Epoch:567, training loss:0.043231201668580375
Epoch:568, training loss:0.04293214405576388
Epoch:569, training loss:0.042426941295464836
Epoch:570, training loss:0.042107182244459786
----------------------------
Start validation ...
Validation error:0.041951484978199005
Validation error:0.041951484978199005
New best model saved at epoch 570 with validation error 0.041951484978199005
Save model checkpoints ... 
Save pial surface mesh ... 
Maximum allocated GPU memory: 1.96 GiB
Finish validation.
----------------------------
Epoch:571, training loss:0.041934759666522346
Epoch:572, training loss:0.04195571566621462
Epoch:573, training loss:0.04218039785822233
Epoch:574, training loss:0.04262405261397362
Epoch:575, training loss:0.04197404161095619
Epoch:576, training loss:0.04190374289949735
Epoch:577, training loss:0.04202784597873688
Epoch:578, training loss:0.042142619689305626
Epoch:579, training loss:0.041815463453531265
Epoch:580, training loss:0.041851973781983055
----------------------------
Start validation ...
Validation error:0.04165942966938019
Validation error:0.04165942966938019
New best model saved at epoch 580 with validation error 0.04165942966938019
Save model checkpoints ... 
Save pial surface mesh ... 
Maximum allocated GPU memory: 1.96 GiB
Finish validation.
----------------------------
Epoch:581, training loss:0.04172100871801376
Epoch:582, training loss:0.041706389437119164
Epoch:583, training loss:0.04181049888332685
Epoch:584, training loss:0.04179044316212336
Epoch:585, training loss:0.041927690307299294
Epoch:586, training loss:0.04171233375867208
Epoch:587, training loss:0.041589671125014625
Epoch:588, training loss:0.04161665712793668
Epoch:589, training loss:0.04168447603782018
Epoch:590, training loss:0.041772140810887017
----------------------------
Start validation ...
Validation error:0.04191875830292702
Validation error:0.04191875830292702
Save model checkpoints ... 
Save pial surface mesh ... 
Maximum allocated GPU memory: 1.96 GiB
Finish validation.
----------------------------
Epoch:591, training loss:0.04156560326615969
Epoch:592, training loss:0.041722734769185386
Epoch:593, training loss:0.041760039826234184
Epoch:594, training loss:0.041966636975606285
Epoch:595, training loss:0.04170954103271166
Epoch:596, training loss:0.04217809562881788
Epoch:597, training loss:0.04167396078507105
Epoch:598, training loss:0.04155435040593147
Epoch:599, training loss:0.04165718828638395
Epoch:600, training loss:0.04205687716603279
----------------------------
Start validation ...
Validation error:0.04156597703695297
Validation error:0.04156597703695297
New best model saved at epoch 600 with validation error 0.04156597703695297
Save model checkpoints ... 
Save pial surface mesh ... 
Maximum allocated GPU memory: 1.96 GiB
Finish validation.
----------------------------
Finish training.
----------------------------
D
CC
