aa
bb
Combination: 0, 3
A
B
C
lh training
gnn: 0
layers: 3
trainlh.sh model is a pialgnn
----------------------------
Start loading dataset ...
numbers 100206
numbers 100307
numbers 100408
numbers 100610
MSE
Finish loading dataset. There are total 4 subjects.
Training data length 3
Validation data length 1
scaling factor  0.1
----------------------------
Start loading model ...
Model is CortexGNN
NLayerGCN 3
NLayerGCN 3
Finish loading model
----------------------------
Start training 600 epochs ...
Epoch:0, training loss:0.6828777492046356
----------------------------
Start validation ...
Validation error:0.433095246553421
Validation error:0.433095246553421
New best model saved at epoch 0 with validation error 0.433095246553421
Save model checkpoints ... 
Save pial surface mesh ... 
Maximum allocated GPU memory: 1.99 GiB
Finish validation.
----------------------------
Epoch:1, training loss:0.42571858565012616
Epoch:2, training loss:0.330366571744283
Epoch:3, training loss:0.2116293708483378
Epoch:4, training loss:0.16806709269682565
Epoch:5, training loss:0.14364978671073914
Epoch:6, training loss:0.11394227047761281
Epoch:7, training loss:0.11072201778491338
Epoch:8, training loss:0.10473585625489552
Epoch:9, training loss:0.09445080906152725
Epoch:10, training loss:0.0937254677216212
----------------------------
Start validation ...
Validation error:0.0872143805027008
Validation error:0.0872143805027008
New best model saved at epoch 10 with validation error 0.0872143805027008
Save model checkpoints ... 
Save pial surface mesh ... 
Maximum allocated GPU memory: 2.00 GiB
Finish validation.
----------------------------
Epoch:11, training loss:0.08884040266275406
Epoch:12, training loss:0.08490599443515141
Epoch:13, training loss:0.08345954120159149
Epoch:14, training loss:0.08031530181566875
Epoch:15, training loss:0.07854471852382024
Epoch:16, training loss:0.07696964591741562
Epoch:17, training loss:0.07519603768984477
Epoch:18, training loss:0.07425633072853088
Epoch:19, training loss:0.07306948552529018
Epoch:20, training loss:0.07204529146353404
----------------------------
Start validation ...
Validation error:0.06748730689287186
Validation error:0.06748730689287186
New best model saved at epoch 20 with validation error 0.06748730689287186
Save model checkpoints ... 
Save pial surface mesh ... 
Maximum allocated GPU memory: 2.00 GiB
Finish validation.
----------------------------
Epoch:21, training loss:0.07117238889137904
Epoch:22, training loss:0.07023305942614873
Epoch:23, training loss:0.06946806609630585
Epoch:24, training loss:0.06883521874745686
Epoch:25, training loss:0.06812107811371486
Epoch:26, training loss:0.06758592774470647
Epoch:27, training loss:0.06686501825849216
Epoch:28, training loss:0.0664886049926281
Epoch:29, training loss:0.06602797657251358
Epoch:30, training loss:0.0652530404428641
----------------------------
Start validation ...
Validation error:0.06120900809764862
Validation error:0.06120900809764862
New best model saved at epoch 30 with validation error 0.06120900809764862
Save model checkpoints ... 
Save pial surface mesh ... 
Maximum allocated GPU memory: 2.00 GiB
Finish validation.
----------------------------
Epoch:31, training loss:0.06504812091588974
Epoch:32, training loss:0.06453993419806163
Epoch:33, training loss:0.06391745805740356
Epoch:34, training loss:0.06356348469853401
Epoch:35, training loss:0.0632026878496011
Epoch:36, training loss:0.06289124613006909
Epoch:37, training loss:0.06249146039287249
Epoch:38, training loss:0.0620892159640789
Epoch:39, training loss:0.06177323187390963
Epoch:40, training loss:0.06149368112285932
----------------------------
Start validation ...
Validation error:0.05753270536661148
Validation error:0.05753270536661148
New best model saved at epoch 40 with validation error 0.05753270536661148
Save model checkpoints ... 
Save pial surface mesh ... 
Maximum allocated GPU memory: 2.00 GiB
Finish validation.
----------------------------
Epoch:41, training loss:0.06112852692604065
Epoch:42, training loss:0.060891455660263695
Epoch:43, training loss:0.06077117597063383
Epoch:44, training loss:0.06024519229928652
Epoch:45, training loss:0.06010125825802485
Epoch:46, training loss:0.059983991086483
Epoch:47, training loss:0.05943895628054937
Epoch:48, training loss:0.059363568822542824
Epoch:49, training loss:0.05902581289410591
Epoch:50, training loss:0.05882356936732928
----------------------------
Start validation ...
Validation error:0.05526001751422882
Validation error:0.05526001751422882
New best model saved at epoch 50 with validation error 0.05526001751422882
Save model checkpoints ... 
Save pial surface mesh ... 
Maximum allocated GPU memory: 2.00 GiB
Finish validation.
----------------------------
Epoch:51, training loss:0.05854461838801702
Epoch:52, training loss:0.05848213409384092
Epoch:53, training loss:0.05802368000149727
Epoch:54, training loss:0.05807956804831823
Epoch:55, training loss:0.05772333840529124
Epoch:56, training loss:0.05752274269858996
Epoch:57, training loss:0.05734951669971148
Epoch:58, training loss:0.0571871263285478
Epoch:59, training loss:0.057019468396902084
Epoch:60, training loss:0.05674369012316068
----------------------------
Start validation ...
Validation error:0.053435005247592926
Validation error:0.053435005247592926
New best model saved at epoch 60 with validation error 0.053435005247592926
Save model checkpoints ... 
Save pial surface mesh ... 
Maximum allocated GPU memory: 2.00 GiB
Finish validation.
----------------------------
Epoch:61, training loss:0.05668774122993151
Epoch:62, training loss:0.05680731559793154
Epoch:63, training loss:0.056923275192578636
Epoch:64, training loss:0.0564304826160272
Epoch:65, training loss:0.0559707743426164
Epoch:66, training loss:0.05626119921604792
Epoch:67, training loss:0.05585379401842753
Epoch:68, training loss:0.056209009140729904
Epoch:69, training loss:0.055746015161275864
Epoch:70, training loss:0.05563367282350858
----------------------------
Start validation ...
Validation error:0.05210873857140541
Validation error:0.05210873857140541
New best model saved at epoch 70 with validation error 0.05210873857140541
Save model checkpoints ... 
Save pial surface mesh ... 
Maximum allocated GPU memory: 2.00 GiB
Finish validation.
----------------------------
Epoch:71, training loss:0.05564677342772484
Epoch:72, training loss:0.05515249321858088
Epoch:73, training loss:0.0547574982047081
Epoch:74, training loss:0.055287085473537445
Epoch:75, training loss:0.05470774446924528
Epoch:76, training loss:0.05462022249897321
Epoch:77, training loss:0.05462779228885969
Epoch:78, training loss:0.05418556556105614
Epoch:79, training loss:0.054085702945788704
Epoch:80, training loss:0.05403681347767512
----------------------------
Start validation ...
Validation error:0.051067691296339035
Validation error:0.051067691296339035
New best model saved at epoch 80 with validation error 0.051067691296339035
Save model checkpoints ... 
Save pial surface mesh ... 
Maximum allocated GPU memory: 2.00 GiB
Finish validation.
----------------------------
Epoch:81, training loss:0.05397912487387657
Epoch:82, training loss:0.0536798449854056
Epoch:83, training loss:0.05374486496051153
Epoch:84, training loss:0.05373305082321167
Epoch:85, training loss:0.053508393466472626
Epoch:86, training loss:0.05336910610397657
Epoch:87, training loss:0.05339605982104937
Epoch:88, training loss:0.05323323979973793
Epoch:89, training loss:0.05281761785348257
Epoch:90, training loss:0.05289141461253166
----------------------------
Start validation ...
Validation error:0.050156332552433014
Validation error:0.050156332552433014
New best model saved at epoch 90 with validation error 0.050156332552433014
Save model checkpoints ... 
Save pial surface mesh ... 
Maximum allocated GPU memory: 2.00 GiB
Finish validation.
----------------------------
Epoch:91, training loss:0.05276505028208097
Epoch:92, training loss:0.05302963902552923
Epoch:93, training loss:0.052599440018335976
Epoch:94, training loss:0.052505930264790855
Epoch:95, training loss:0.052430082112550735
Epoch:96, training loss:0.052128978073596954
Epoch:97, training loss:0.05213788151741028
Epoch:98, training loss:0.051903976748387017
Epoch:99, training loss:0.05219291150569916
Epoch:100, training loss:0.0521182914574941
----------------------------
Start validation ...
Validation error:0.048895660787820816
Validation error:0.048895660787820816
New best model saved at epoch 100 with validation error 0.048895660787820816
Save model checkpoints ... 
Save pial surface mesh ... 
Maximum allocated GPU memory: 2.00 GiB
Finish validation.
----------------------------
Epoch:101, training loss:0.052316028624773026
Epoch:102, training loss:0.051667033384243645
Epoch:103, training loss:0.05135665088891983
Epoch:104, training loss:0.05140478784839312
Epoch:105, training loss:0.05135325839122137
Epoch:106, training loss:0.05117364600300789
Epoch:107, training loss:0.051223061978816986
Epoch:108, training loss:0.051219665755828224
Epoch:109, training loss:0.0510119857887427
Epoch:110, training loss:0.05097953975200653
----------------------------
Start validation ...
Validation error:0.04817130044102669
Validation error:0.04817130044102669
New best model saved at epoch 110 with validation error 0.04817130044102669
Save model checkpoints ... 
Save pial surface mesh ... 
Maximum allocated GPU memory: 2.00 GiB
Finish validation.
----------------------------
Epoch:111, training loss:0.05070610096057256
Epoch:112, training loss:0.050570366283257805
Epoch:113, training loss:0.050601065158843994
Epoch:114, training loss:0.05074379096428553
Epoch:115, training loss:0.0505307192603747
Epoch:116, training loss:0.05059624587496122
Epoch:117, training loss:0.05020234982172648
Epoch:118, training loss:0.050147611647844315
Epoch:119, training loss:0.050246129433314
Epoch:120, training loss:0.05003102868795395
----------------------------
Start validation ...
Validation error:0.04742973670363426
Validation error:0.04742973670363426
New best model saved at epoch 120 with validation error 0.04742973670363426
Save model checkpoints ... 
Save pial surface mesh ... 
Maximum allocated GPU memory: 2.00 GiB
Finish validation.
----------------------------
Epoch:121, training loss:0.049851282189289726
Epoch:122, training loss:0.04994110266367594
Epoch:123, training loss:0.04976554090778033
Epoch:124, training loss:0.05021329720815023
Epoch:125, training loss:0.04990393171707789
Epoch:126, training loss:0.05076850205659866
Epoch:127, training loss:0.05106532325347265
Epoch:128, training loss:0.050480389346679054
Epoch:129, training loss:0.0493354598681132
Epoch:130, training loss:0.049319539219141006
----------------------------
Start validation ...
Validation error:0.04769815132021904
Validation error:0.04769815132021904
Save model checkpoints ... 
Save pial surface mesh ... 
Maximum allocated GPU memory: 2.00 GiB
Finish validation.
----------------------------
Epoch:131, training loss:0.04985068614284197
Epoch:132, training loss:0.04958972459038099
Epoch:133, training loss:0.048936229199171066
Epoch:134, training loss:0.04896995176871618
Epoch:135, training loss:0.04906868189573288
Epoch:136, training loss:0.049198793868223824
Epoch:137, training loss:0.04890064895153046
Epoch:138, training loss:0.04914851114153862
Epoch:139, training loss:0.04878000418345133
Epoch:140, training loss:0.04871769373615583
----------------------------
Start validation ...
Validation error:0.0463692806661129
Validation error:0.0463692806661129
New best model saved at epoch 140 with validation error 0.0463692806661129
Save model checkpoints ... 
Save pial surface mesh ... 
Maximum allocated GPU memory: 2.00 GiB
Finish validation.
----------------------------
Epoch:141, training loss:0.04843509073058764
Epoch:142, training loss:0.048563006023565926
Epoch:143, training loss:0.04848030333717664
Epoch:144, training loss:0.048424805204073586
Epoch:145, training loss:0.04861160243550936
Epoch:146, training loss:0.04866064960757891
Epoch:147, training loss:0.048465551187594734
Epoch:148, training loss:0.048024569948514305
Epoch:149, training loss:0.04801170155405998
Epoch:150, training loss:0.048196197797854744
----------------------------
Start validation ...
Validation error:0.04625726118683815
Validation error:0.04625726118683815
New best model saved at epoch 150 with validation error 0.04625726118683815
Save model checkpoints ... 
Save pial surface mesh ... 
Maximum allocated GPU memory: 2.00 GiB
Finish validation.
----------------------------
Epoch:151, training loss:0.047946407149235405
Epoch:152, training loss:0.04813908040523529
Epoch:153, training loss:0.04788942262530327
Epoch:154, training loss:0.047883796195189156
Epoch:155, training loss:0.04773575688401858
Epoch:156, training loss:0.047702024380366005
Epoch:157, training loss:0.04753957316279411
Epoch:158, training loss:0.047546579192082085
Epoch:159, training loss:0.04763982072472572
Epoch:160, training loss:0.04761318241556486
----------------------------
Start validation ...
Validation error:0.04547671228647232
Validation error:0.04547671228647232
New best model saved at epoch 160 with validation error 0.04547671228647232
Save model checkpoints ... 
Save pial surface mesh ... 
Maximum allocated GPU memory: 2.00 GiB
Finish validation.
----------------------------
Epoch:161, training loss:0.04744611059625944
Epoch:162, training loss:0.047350810219844185
Epoch:163, training loss:0.04726973424355189
Epoch:164, training loss:0.04713985944787661
Epoch:165, training loss:0.04731689145167669
Epoch:166, training loss:0.047633107751607895
Epoch:167, training loss:0.04779479652643204
Epoch:168, training loss:0.04827422400315603
Epoch:169, training loss:0.04878367359439532
Epoch:170, training loss:0.048280046631892524
----------------------------
Start validation ...
Validation error:0.04566769301891327
Validation error:0.04566769301891327
Save model checkpoints ... 
Save pial surface mesh ... 
Maximum allocated GPU memory: 2.00 GiB
Finish validation.
----------------------------
Epoch:171, training loss:0.047527038802703224
Epoch:172, training loss:0.04735031723976135
Epoch:173, training loss:0.04720809434851011
Epoch:174, training loss:0.047587686528762184
Epoch:175, training loss:0.046702309201161064
Epoch:176, training loss:0.04708144317070643
Epoch:177, training loss:0.04656509806712469
Epoch:178, training loss:0.04687040423353513
Epoch:179, training loss:0.04661677653590838
Epoch:180, training loss:0.04675150911013285
----------------------------
Start validation ...
Validation error:0.044625598937273026
Validation error:0.044625598937273026
New best model saved at epoch 180 with validation error 0.044625598937273026
Save model checkpoints ... 
Save pial surface mesh ... 
Maximum allocated GPU memory: 2.00 GiB
Finish validation.
----------------------------
Epoch:181, training loss:0.046710306157668434
Epoch:182, training loss:0.0466397392253081
Epoch:183, training loss:0.04651091247797012
Epoch:184, training loss:0.046642220268646874
Epoch:185, training loss:0.04658439507087072
Epoch:186, training loss:0.046787478029727936
Epoch:187, training loss:0.046855878084897995
Epoch:188, training loss:0.04619743302464485
Epoch:189, training loss:0.04598592842618624
Epoch:190, training loss:0.04595098023613294
----------------------------
Start validation ...
Validation error:0.04411637783050537
Validation error:0.04411637783050537
New best model saved at epoch 190 with validation error 0.04411637783050537
Save model checkpoints ... 
Save pial surface mesh ... 
Maximum allocated GPU memory: 2.00 GiB
Finish validation.
----------------------------
Epoch:191, training loss:0.04585140570998192
Epoch:192, training loss:0.04604250689347585
Epoch:193, training loss:0.046184622993071876
Epoch:194, training loss:0.046663147707780205
Epoch:195, training loss:0.04687712838252386
Epoch:196, training loss:0.04703802242875099
Epoch:197, training loss:0.04656229416529337
Epoch:198, training loss:0.04620456943909327
Epoch:199, training loss:0.04589019467433294
Epoch:200, training loss:0.045567465325196586
----------------------------
Start validation ...
Validation error:0.04402383416891098
Validation error:0.04402383416891098
New best model saved at epoch 200 with validation error 0.04402383416891098
Save model checkpoints ... 
Save pial surface mesh ... 
Maximum allocated GPU memory: 2.00 GiB
Finish validation.
----------------------------
Epoch:201, training loss:0.04554500554998716
Epoch:202, training loss:0.045441266149282455
Epoch:203, training loss:0.04542695234219233
Epoch:204, training loss:0.045567949612935386
Epoch:205, training loss:0.04564128319422404
Epoch:206, training loss:0.04537558555603027
Epoch:207, training loss:0.04527272035678228
Epoch:208, training loss:0.04524184142549833
Epoch:209, training loss:0.04544217015306155
Epoch:210, training loss:0.04554348438978195
----------------------------
Start validation ...
Validation error:0.04350525885820389
Validation error:0.04350525885820389
New best model saved at epoch 210 with validation error 0.04350525885820389
Save model checkpoints ... 
Save pial surface mesh ... 
Maximum allocated GPU memory: 2.00 GiB
Finish validation.
----------------------------
Epoch:211, training loss:0.04520517215132713
Epoch:212, training loss:0.045711042980353035
Epoch:213, training loss:0.04533586775263151
Epoch:214, training loss:0.04513947914044062
Epoch:215, training loss:0.045005867878595986
Epoch:216, training loss:0.04520626738667488
Epoch:217, training loss:0.0452879915634791
Epoch:218, training loss:0.045774867137273155
Epoch:219, training loss:0.04543380563457807
Epoch:220, training loss:0.044799596071243286
----------------------------
Start validation ...
Validation error:0.04322836548089981
Validation error:0.04322836548089981
New best model saved at epoch 220 with validation error 0.04322836548089981
Save model checkpoints ... 
Save pial surface mesh ... 
Maximum allocated GPU memory: 2.00 GiB
Finish validation.
----------------------------
Epoch:221, training loss:0.044915116081635155
Epoch:222, training loss:0.04493224496642748
Epoch:223, training loss:0.04456446568171183
Epoch:224, training loss:0.04469646761814753
Epoch:225, training loss:0.045028520127137504
Epoch:226, training loss:0.04513044531146685
Epoch:227, training loss:0.04471430058280627
Epoch:228, training loss:0.04443462689717611
Epoch:229, training loss:0.04488510390122732
Epoch:230, training loss:0.04527123272418976
----------------------------
Start validation ...
Validation error:0.04315197467803955
Validation error:0.04315197467803955
New best model saved at epoch 230 with validation error 0.04315197467803955
Save model checkpoints ... 
Save pial surface mesh ... 
Maximum allocated GPU memory: 2.00 GiB
Finish validation.
----------------------------
Epoch:231, training loss:0.04508999362587929
Epoch:232, training loss:0.045055208106835685
Epoch:233, training loss:0.04541924223303795
Epoch:234, training loss:0.04458117485046387
Epoch:235, training loss:0.04433312639594078
Epoch:236, training loss:0.04443769405285517
Epoch:237, training loss:0.04423518354694048
Epoch:238, training loss:0.04426380122701327
Epoch:239, training loss:0.044276393949985504
Epoch:240, training loss:0.04418643315633138
----------------------------
Start validation ...
Validation error:0.04297185316681862
Validation error:0.04297185316681862
New best model saved at epoch 240 with validation error 0.04297185316681862
Save model checkpoints ... 
Save pial surface mesh ... 
Maximum allocated GPU memory: 2.00 GiB
Finish validation.
----------------------------
Epoch:241, training loss:0.04420251895984014
Epoch:242, training loss:0.044033680111169815
Epoch:243, training loss:0.0440371073782444
Epoch:244, training loss:0.0443156361579895
Epoch:245, training loss:0.044137898832559586
Epoch:246, training loss:0.04383913055062294
Epoch:247, training loss:0.04380735754966736
Epoch:248, training loss:0.04388212785124779
Epoch:249, training loss:0.04393526415030161
Epoch:250, training loss:0.043804010997215904
----------------------------
Start validation ...
Validation error:0.04276977479457855
Validation error:0.04276977479457855
New best model saved at epoch 250 with validation error 0.04276977479457855
Save model checkpoints ... 
Save pial surface mesh ... 
Maximum allocated GPU memory: 2.00 GiB
Finish validation.
----------------------------
Epoch:251, training loss:0.04374889160195986
Epoch:252, training loss:0.044118769466876984
Epoch:253, training loss:0.04440603405237198
Epoch:254, training loss:0.043841847529013954
Epoch:255, training loss:0.04376978551348051
Epoch:256, training loss:0.04366473605235418
Epoch:257, training loss:0.04420007144411405
Epoch:258, training loss:0.043991568187872566
Epoch:259, training loss:0.04345449308554331
Epoch:260, training loss:0.04342463364203771
----------------------------
Start validation ...
Validation error:0.04245443269610405
Validation error:0.04245443269610405
New best model saved at epoch 260 with validation error 0.04245443269610405
Save model checkpoints ... 
Save pial surface mesh ... 
Maximum allocated GPU memory: 2.00 GiB
Finish validation.
----------------------------
Epoch:261, training loss:0.04341267173488935
Epoch:262, training loss:0.04346074412266413
Epoch:263, training loss:0.04368645573655764
Epoch:264, training loss:0.04331666106979052
Epoch:265, training loss:0.04340031246344248
Epoch:266, training loss:0.04367397601405779
Epoch:267, training loss:0.043297929068406425
Epoch:268, training loss:0.04353646064798037
Epoch:269, training loss:0.043321835498015084
Epoch:270, training loss:0.04371138413747152
----------------------------
Start validation ...
Validation error:0.043367769569158554
Validation error:0.043367769569158554
Save model checkpoints ... 
Save pial surface mesh ... 
Maximum allocated GPU memory: 2.00 GiB
Finish validation.
----------------------------
Epoch:271, training loss:0.04350518683592478
Epoch:272, training loss:0.04372810572385788
Epoch:273, training loss:0.044092985490957894
Epoch:274, training loss:0.04396046698093414
Epoch:275, training loss:0.04356461142500242
Epoch:276, training loss:0.04306983451048533
Epoch:277, training loss:0.04303170243899027
Epoch:278, training loss:0.042901494850715004
Epoch:279, training loss:0.042889662086963654
Epoch:280, training loss:0.04303611194094022
----------------------------
Start validation ...
Validation error:0.042255792766809464
Validation error:0.042255792766809464
New best model saved at epoch 280 with validation error 0.042255792766809464
Save model checkpoints ... 
Save pial surface mesh ... 
Maximum allocated GPU memory: 2.00 GiB
Finish validation.
----------------------------
Epoch:281, training loss:0.043405077109734215
Epoch:282, training loss:0.04367374380429586
Epoch:283, training loss:0.04320302481452624
Epoch:284, training loss:0.04330106327931086
Epoch:285, training loss:0.042917992919683456
Epoch:286, training loss:0.043603974084059395
Epoch:287, training loss:0.04380345965425173
Epoch:288, training loss:0.04298727090160052
Epoch:289, training loss:0.04287287717064222
Epoch:290, training loss:0.04306669533252716
----------------------------
Start validation ...
Validation error:0.041819293051958084
Validation error:0.041819293051958084
New best model saved at epoch 290 with validation error 0.041819293051958084
Save model checkpoints ... 
Save pial surface mesh ... 
Maximum allocated GPU memory: 2.00 GiB
Finish validation.
----------------------------
Epoch:291, training loss:0.042511931310097374
Epoch:292, training loss:0.042601184298594795
Epoch:293, training loss:0.04263788710037867
Epoch:294, training loss:0.04253667965531349
Epoch:295, training loss:0.0425951803723971
Epoch:296, training loss:0.04274115338921547
Epoch:297, training loss:0.042843177914619446
Epoch:298, training loss:0.04315320526560148
Epoch:299, training loss:0.04273794963955879
Epoch:300, training loss:0.04340593268473943
----------------------------
Start validation ...
Validation error:0.04338312894105911
Validation error:0.04338312894105911
Save model checkpoints ... 
Save pial surface mesh ... 
Maximum allocated GPU memory: 2.00 GiB
Finish validation.
----------------------------
Epoch:301, training loss:0.04358508686224619
Epoch:302, training loss:0.04306963955362638
Epoch:303, training loss:0.04255130762855212
Epoch:304, training loss:0.04259407023588816
Epoch:305, training loss:0.04244848961631457
Epoch:306, training loss:0.04234993830323219
Epoch:307, training loss:0.04224483792980512
Epoch:308, training loss:0.042136743664741516
Epoch:309, training loss:0.042345643043518066
Epoch:310, training loss:0.04264075433214506
----------------------------
Start validation ...
Validation error:0.04138711839914322
Validation error:0.04138711839914322
New best model saved at epoch 310 with validation error 0.04138711839914322
Save model checkpoints ... 
Save pial surface mesh ... 
Maximum allocated GPU memory: 2.00 GiB
Finish validation.
----------------------------
Epoch:311, training loss:0.04258989170193672
Epoch:312, training loss:0.042330374320348106
Epoch:313, training loss:0.0422848624487718
Epoch:314, training loss:0.041976187378168106
Epoch:315, training loss:0.04212252298990885
Epoch:316, training loss:0.04215616608659426
Epoch:317, training loss:0.04226361960172653
Epoch:318, training loss:0.042388943334420524
Epoch:319, training loss:0.04273411755760511
Epoch:320, training loss:0.042460461457570396
----------------------------
Start validation ...
Validation error:0.04125312343239784
Validation error:0.04125312343239784
New best model saved at epoch 320 with validation error 0.04125312343239784
Save model checkpoints ... 
Save pial surface mesh ... 
Maximum allocated GPU memory: 2.00 GiB
Finish validation.
----------------------------
Epoch:321, training loss:0.042058454205592476
Epoch:322, training loss:0.04201421017448107
Epoch:323, training loss:0.042402258763710655
Epoch:324, training loss:0.04232794667283694
Epoch:325, training loss:0.04245405395825704
Epoch:326, training loss:0.04239577303330103
Epoch:327, training loss:0.042151941607395806
Epoch:328, training loss:0.04242235670487086
Epoch:329, training loss:0.042958578715721764
Epoch:330, training loss:0.043148837983608246
----------------------------
Start validation ...
Validation error:0.04163305088877678
Validation error:0.04163305088877678
Save model checkpoints ... 
Save pial surface mesh ... 
Maximum allocated GPU memory: 2.00 GiB
Finish validation.
----------------------------
Epoch:331, training loss:0.04300718382000923
Epoch:332, training loss:0.04270716259876887
Epoch:333, training loss:0.04251553614934286
Epoch:334, training loss:0.042405822624762855
Epoch:335, training loss:0.04225142300128937
Epoch:336, training loss:0.04250490417083105
Epoch:337, training loss:0.04255900035301844
Epoch:338, training loss:0.04200522477428118
Epoch:339, training loss:0.0415521872540315
Epoch:340, training loss:0.04193301871418953
----------------------------
Start validation ...
Validation error:0.0407848097383976
Validation error:0.0407848097383976
New best model saved at epoch 340 with validation error 0.0407848097383976
Save model checkpoints ... 
Save pial surface mesh ... 
Maximum allocated GPU memory: 2.00 GiB
Finish validation.
----------------------------
Epoch:341, training loss:0.04151133820414543
Epoch:342, training loss:0.04153518254558245
Epoch:343, training loss:0.04131177191932996
Epoch:344, training loss:0.04133939618865649
Epoch:345, training loss:0.041345501939455666
Epoch:346, training loss:0.041261875381072365
Epoch:347, training loss:0.041274177531401314
Epoch:348, training loss:0.0414513424038887
Epoch:349, training loss:0.041258495301008224
Epoch:350, training loss:0.04129480570554733
----------------------------
Start validation ...
Validation error:0.04063596948981285
Validation error:0.04063596948981285
New best model saved at epoch 350 with validation error 0.04063596948981285
Save model checkpoints ... 
Save pial surface mesh ... 
Maximum allocated GPU memory: 2.00 GiB
Finish validation.
----------------------------
Epoch:351, training loss:0.041511007895072304
Epoch:352, training loss:0.04130495712161064
Epoch:353, training loss:0.04130778585871061
Epoch:354, training loss:0.041346997022628784
Epoch:355, training loss:0.041658010333776474
Epoch:356, training loss:0.04219409575064977
Epoch:357, training loss:0.04237497722109159
Epoch:358, training loss:0.04228538150588671
Epoch:359, training loss:0.04222718998789787
Epoch:360, training loss:0.04140220955014229
----------------------------
Start validation ...
Validation error:0.04048555716872215
Validation error:0.04048555716872215
New best model saved at epoch 360 with validation error 0.04048555716872215
Save model checkpoints ... 
Save pial surface mesh ... 
Maximum allocated GPU memory: 2.00 GiB
Finish validation.
----------------------------
Epoch:361, training loss:0.0409639577070872
Epoch:362, training loss:0.040911116947730385
Epoch:363, training loss:0.04107821608583132
Epoch:364, training loss:0.040894334514935814
Epoch:365, training loss:0.04100579892595609
Epoch:366, training loss:0.04084784910082817
Epoch:367, training loss:0.040774388859669365
Epoch:368, training loss:0.04077116151650747
Epoch:369, training loss:0.040794008721907936
Epoch:370, training loss:0.04100456337134043
----------------------------
Start validation ...
Validation error:0.040529441088438034
Validation error:0.040529441088438034
Save model checkpoints ... 
Save pial surface mesh ... 
Maximum allocated GPU memory: 2.00 GiB
Finish validation.
----------------------------
Epoch:371, training loss:0.040839239954948425
Epoch:372, training loss:0.04072817166646322
Epoch:373, training loss:0.04065848266084989
Epoch:374, training loss:0.04058776795864105
Epoch:375, training loss:0.04089958593249321
Epoch:376, training loss:0.04096229871114095
Epoch:377, training loss:0.040653212616840996
Epoch:378, training loss:0.040787254770596824
Epoch:379, training loss:0.04077692578236262
Epoch:380, training loss:0.04042897621790568
----------------------------
Start validation ...
Validation error:0.04045477882027626
Validation error:0.04045477882027626
New best model saved at epoch 380 with validation error 0.04045477882027626
Save model checkpoints ... 
Save pial surface mesh ... 
Maximum allocated GPU memory: 2.00 GiB
Finish validation.
----------------------------
Epoch:381, training loss:0.04064510017633438
Epoch:382, training loss:0.04068654154737791
Epoch:383, training loss:0.040806892017523445
Epoch:384, training loss:0.04060280695557594
Epoch:385, training loss:0.04067357877890269
Epoch:386, training loss:0.04036391402284304
Epoch:387, training loss:0.04035835092266401
Epoch:388, training loss:0.04061776027083397
Epoch:389, training loss:0.040360977252324425
Epoch:390, training loss:0.04038753733038902
----------------------------
Start validation ...
Validation error:0.040148306638002396
Validation error:0.040148306638002396
New best model saved at epoch 390 with validation error 0.040148306638002396
Save model checkpoints ... 
Save pial surface mesh ... 
Maximum allocated GPU memory: 2.00 GiB
Finish validation.
----------------------------
Epoch:391, training loss:0.040257891019185386
Epoch:392, training loss:0.0402982272207737
Epoch:393, training loss:0.04029552141825358
Epoch:394, training loss:0.04030946517984072
Epoch:395, training loss:0.040231929471095405
Epoch:396, training loss:0.04011614123980204
Epoch:397, training loss:0.04019426554441452
Epoch:398, training loss:0.04019886131087939
Epoch:399, training loss:0.04012938837210337
Epoch:400, training loss:0.04032530759771665
----------------------------
Start validation ...
Validation error:0.040490247309207916
Validation error:0.040490247309207916
Save model checkpoints ... 
Save pial surface mesh ... 
Maximum allocated GPU memory: 2.00 GiB
Finish validation.
----------------------------
Epoch:401, training loss:0.040668413043022156
Epoch:402, training loss:0.040829818695783615
Epoch:403, training loss:0.041076800475517906
Epoch:404, training loss:0.04069053381681442
Epoch:405, training loss:0.04039898390571276
Epoch:406, training loss:0.040897068878014885
Epoch:407, training loss:0.04082189500331879
Epoch:408, training loss:0.039979495108127594
Epoch:409, training loss:0.04019372910261154
Epoch:410, training loss:0.040342140942811966
----------------------------
Start validation ...
Validation error:0.0402650311589241
Validation error:0.0402650311589241
Save model checkpoints ... 
Save pial surface mesh ... 
Maximum allocated GPU memory: 2.00 GiB
Finish validation.
----------------------------
Epoch:411, training loss:0.03995890791217486
Epoch:412, training loss:0.039955321699380875
Epoch:413, training loss:0.03988717868924141
Epoch:414, training loss:0.03997402017315229
Epoch:415, training loss:0.03977113217115402
Epoch:416, training loss:0.03980803738037745
Epoch:417, training loss:0.039862047880887985
Epoch:418, training loss:0.039967150737841926
Epoch:419, training loss:0.04028524582584699
Epoch:420, training loss:0.04074227685729662
----------------------------
Start validation ...
Validation error:0.041175875812768936
Validation error:0.041175875812768936
Save model checkpoints ... 
Save pial surface mesh ... 
Maximum allocated GPU memory: 2.00 GiB
Finish validation.
----------------------------
Epoch:421, training loss:0.04034142072002093
Epoch:422, training loss:0.040479583044846855
Epoch:423, training loss:0.04005304599801699
Epoch:424, training loss:0.040655327339967094
Epoch:425, training loss:0.04033030072848002
Epoch:426, training loss:0.04079143578807513
Epoch:427, training loss:0.04021185884873072
Epoch:428, training loss:0.04085181777675947
Epoch:429, training loss:0.03982679297526678
Epoch:430, training loss:0.04028768837451935
----------------------------
Start validation ...
Validation error:0.04026971012353897
Validation error:0.04026971012353897
Save model checkpoints ... 
Save pial surface mesh ... 
Maximum allocated GPU memory: 2.00 GiB
Finish validation.
----------------------------
Epoch:431, training loss:0.039686682323614754
Epoch:432, training loss:0.0397137887775898
Epoch:433, training loss:0.03962717453638712
Epoch:434, training loss:0.040081399182478585
Epoch:435, training loss:0.03962071115771929
Epoch:436, training loss:0.03944446767369906
Epoch:437, training loss:0.039582288513580956
Epoch:438, training loss:0.0395780640343825
Epoch:439, training loss:0.03950474411249161
Epoch:440, training loss:0.03959037860234579
----------------------------
Start validation ...
Validation error:0.039694856852293015
Validation error:0.039694856852293015
New best model saved at epoch 440 with validation error 0.039694856852293015
Save model checkpoints ... 
Save pial surface mesh ... 
Maximum allocated GPU memory: 2.00 GiB
Finish validation.
----------------------------
Epoch:441, training loss:0.039632550130287804
Epoch:442, training loss:0.039543340603510536
Epoch:443, training loss:0.03951249519983927
Epoch:444, training loss:0.03947026158372561
Epoch:445, training loss:0.03946854049960772
Epoch:446, training loss:0.03939793755610784
Epoch:447, training loss:0.039494787653287254
Epoch:448, training loss:0.03979563961426417
Epoch:449, training loss:0.0400764470299085
Epoch:450, training loss:0.03981399039427439
----------------------------
Start validation ...
Validation error:0.039675917476415634
Validation error:0.039675917476415634
New best model saved at epoch 450 with validation error 0.039675917476415634
Save model checkpoints ... 
Save pial surface mesh ... 
Maximum allocated GPU memory: 2.00 GiB
Finish validation.
----------------------------
Epoch:451, training loss:0.03951569770773252
Epoch:452, training loss:0.03933811311920484
Epoch:453, training loss:0.03953377157449722
Epoch:454, training loss:0.039958350360393524
Epoch:455, training loss:0.040278868128856025
Epoch:456, training loss:0.04022482161720594
Epoch:457, training loss:0.03944627195596695
Epoch:458, training loss:0.03986721858382225
Epoch:459, training loss:0.04030255849162737
Epoch:460, training loss:0.04003867755333582
----------------------------
Start validation ...
Validation error:0.04057255759835243
Validation error:0.04057255759835243
Save model checkpoints ... 
Save pial surface mesh ... 
Maximum allocated GPU memory: 2.00 GiB
Finish validation.
----------------------------
Epoch:461, training loss:0.04042797535657883
Epoch:462, training loss:0.040195636451244354
Epoch:463, training loss:0.040489645053943
Epoch:464, training loss:0.040162851413091026
Epoch:465, training loss:0.040310836086670555
Epoch:466, training loss:0.040457047522068024
Epoch:467, training loss:0.040143441408872604
Epoch:468, training loss:0.03973810623089472
Epoch:469, training loss:0.03937740127245585
Epoch:470, training loss:0.03900845100482305
----------------------------
Start validation ...
Validation error:0.03942748159170151
Validation error:0.03942748159170151
New best model saved at epoch 470 with validation error 0.03942748159170151
Save model checkpoints ... 
Save pial surface mesh ... 
Maximum allocated GPU memory: 2.00 GiB
Finish validation.
----------------------------
Epoch:471, training loss:0.03901345282793045
Epoch:472, training loss:0.03884069745739301
Epoch:473, training loss:0.0389098177353541
Epoch:474, training loss:0.03886909782886505
Epoch:475, training loss:0.03879407544930776
Epoch:476, training loss:0.03876911227901777
Epoch:477, training loss:0.038748107850551605
Epoch:478, training loss:0.038883077601591744
Epoch:479, training loss:0.03896778076887131
Epoch:480, training loss:0.038886199394861855
----------------------------
Start validation ...
Validation error:0.03936639428138733
Validation error:0.03936639428138733
New best model saved at epoch 480 with validation error 0.03936639428138733
Save model checkpoints ... 
Save pial surface mesh ... 
Maximum allocated GPU memory: 2.00 GiB
Finish validation.
----------------------------
Epoch:481, training loss:0.03873768448829651
Epoch:482, training loss:0.03877227877577146
Epoch:483, training loss:0.03878527879714966
Epoch:484, training loss:0.03875577946503957
Epoch:485, training loss:0.03894231220086416
Epoch:486, training loss:0.038982597490151726
Epoch:487, training loss:0.0387549897034963
Epoch:488, training loss:0.03858784834543864
Epoch:489, training loss:0.038781718661387764
Epoch:490, training loss:0.03868401423096657
----------------------------
Start validation ...
Validation error:0.039249882102012634
Validation error:0.039249882102012634
New best model saved at epoch 490 with validation error 0.039249882102012634
Save model checkpoints ... 
Save pial surface mesh ... 
Maximum allocated GPU memory: 2.00 GiB
Finish validation.
----------------------------
Epoch:491, training loss:0.03865707665681839
Epoch:492, training loss:0.03867476309339205
Epoch:493, training loss:0.03849510351816813
Epoch:494, training loss:0.03851828848322233
Epoch:495, training loss:0.03850218032797178
Epoch:496, training loss:0.03846388806899389
Epoch:497, training loss:0.03870173046986262
Epoch:498, training loss:0.03881810853878657
Epoch:499, training loss:0.038511076321204506
Epoch:500, training loss:0.038444348921378456
----------------------------
Start validation ...
Validation error:0.03917408362030983
Validation error:0.03917408362030983
New best model saved at epoch 500 with validation error 0.03917408362030983
Save model checkpoints ... 
Save pial surface mesh ... 
Maximum allocated GPU memory: 2.00 GiB
Finish validation.
----------------------------
Epoch:501, training loss:0.03828356166680654
Epoch:502, training loss:0.038421509166558586
Epoch:503, training loss:0.038425529996554054
Epoch:504, training loss:0.03847693155209223
Epoch:505, training loss:0.038770255943139396
Epoch:506, training loss:0.038640283048152924
Epoch:507, training loss:0.03846415008107821
Epoch:508, training loss:0.03834160417318344
Epoch:509, training loss:0.03829622517029444
Epoch:510, training loss:0.038235084464152656
----------------------------
Start validation ...
Validation error:0.039222728461027145
Validation error:0.039222728461027145
Save model checkpoints ... 
Save pial surface mesh ... 
Maximum allocated GPU memory: 2.00 GiB
Finish validation.
----------------------------
Epoch:511, training loss:0.03848110015193621
Epoch:512, training loss:0.0385437048971653
Epoch:513, training loss:0.038295953224102654
Epoch:514, training loss:0.03825638070702553
Epoch:515, training loss:0.03841574241717657
Epoch:516, training loss:0.038370825350284576
Epoch:517, training loss:0.03819268072644869
Epoch:518, training loss:0.038120037565628685
Epoch:519, training loss:0.038264885544776917
Epoch:520, training loss:0.038000411043564476
----------------------------
Start validation ...
Validation error:0.03909517452120781
Validation error:0.03909517452120781
New best model saved at epoch 520 with validation error 0.03909517452120781
Save model checkpoints ... 
Save pial surface mesh ... 
Maximum allocated GPU memory: 2.00 GiB
Finish validation.
----------------------------
Epoch:521, training loss:0.03816637024283409
Epoch:522, training loss:0.03837542856733004
Epoch:523, training loss:0.03853029509385427
Epoch:524, training loss:0.038549537460009255
Epoch:525, training loss:0.03830862914522489
Epoch:526, training loss:0.03792452315489451
Epoch:527, training loss:0.0380281408627828
Epoch:528, training loss:0.03811125333110491
Epoch:529, training loss:0.03809309005737305
Epoch:530, training loss:0.03831894571582476
----------------------------
Start validation ...
Validation error:0.039006154984235764
Validation error:0.039006154984235764
New best model saved at epoch 530 with validation error 0.039006154984235764
Save model checkpoints ... 
Save pial surface mesh ... 
Maximum allocated GPU memory: 2.00 GiB
Finish validation.
----------------------------
Epoch:531, training loss:0.03814841310183207
Epoch:532, training loss:0.03799058745304743
Epoch:533, training loss:0.038061611354351044
Epoch:534, training loss:0.037832324703534446
Epoch:535, training loss:0.037857952217260994
Epoch:536, training loss:0.03791641319791476
Epoch:537, training loss:0.03800172607103983
Epoch:538, training loss:0.037758275866508484
Epoch:539, training loss:0.03785654033223788
Epoch:540, training loss:0.037837459395329155
----------------------------
Start validation ...
Validation error:0.03896227478981018
Validation error:0.03896227478981018
New best model saved at epoch 540 with validation error 0.03896227478981018
Save model checkpoints ... 
Save pial surface mesh ... 
Maximum allocated GPU memory: 2.00 GiB
Finish validation.
----------------------------
Epoch:541, training loss:0.03785858924190203
Epoch:542, training loss:0.037786342203617096
Epoch:543, training loss:0.03789633388320605
Epoch:544, training loss:0.03797169278065363
Epoch:545, training loss:0.03810007000962893
Epoch:546, training loss:0.037647414952516556
Epoch:547, training loss:0.03793014958500862
Epoch:548, training loss:0.03802281990647316
Epoch:549, training loss:0.03814096748828888
Epoch:550, training loss:0.03775753825902939
----------------------------
Start validation ...
Validation error:0.039281439036130905
Validation error:0.039281439036130905
Save model checkpoints ... 
Save pial surface mesh ... 
Maximum allocated GPU memory: 2.00 GiB
Finish validation.
----------------------------
Epoch:551, training loss:0.03791085879007975
Epoch:552, training loss:0.03828784575064977
Epoch:553, training loss:0.03828649843732516
Epoch:554, training loss:0.0378848152856032
Epoch:555, training loss:0.03755949934323629
Epoch:556, training loss:0.03755166629950205
Epoch:557, training loss:0.03752333919207255
Epoch:558, training loss:0.03759667525688807
Epoch:559, training loss:0.037589030961195626
Epoch:560, training loss:0.03760527322689692
----------------------------
Start validation ...
Validation error:0.03868003934621811
Validation error:0.03868003934621811
New best model saved at epoch 560 with validation error 0.03868003934621811
Save model checkpoints ... 
Save pial surface mesh ... 
Maximum allocated GPU memory: 2.00 GiB
Finish validation.
----------------------------
Epoch:561, training loss:0.03746804346640905
Epoch:562, training loss:0.037467483431100845
Epoch:563, training loss:0.03743990262349447
Epoch:564, training loss:0.03745501364270846
Epoch:565, training loss:0.0374494343996048
Epoch:566, training loss:0.03760396192471186
Epoch:567, training loss:0.03757200390100479
Epoch:568, training loss:0.03758585328857104
Epoch:569, training loss:0.03773107752203941
Epoch:570, training loss:0.037598745276530586
----------------------------
Start validation ...
Validation error:0.03921214118599892
Validation error:0.03921214118599892
Save model checkpoints ... 
Save pial surface mesh ... 
Maximum allocated GPU memory: 2.00 GiB
Finish validation.
----------------------------
Epoch:571, training loss:0.03741686915357908
Epoch:572, training loss:0.03749162579576174
Epoch:573, training loss:0.03752203285694122
Epoch:574, training loss:0.03781495615839958
Epoch:575, training loss:0.03814352427919706
Epoch:576, training loss:0.037788605938355126
Epoch:577, training loss:0.03753143300612768
Epoch:578, training loss:0.03766303509473801
Epoch:579, training loss:0.03794163465499878
Epoch:580, training loss:0.03728607793649038
----------------------------
Start validation ...
Validation error:0.039149798452854156
Validation error:0.039149798452854156
Save model checkpoints ... 
Save pial surface mesh ... 
Maximum allocated GPU memory: 2.00 GiB
Finish validation.
----------------------------
Epoch:581, training loss:0.03751750787099203
Epoch:582, training loss:0.037209268659353256
Epoch:583, training loss:0.03721992919842402
Epoch:584, training loss:0.037385404109954834
Epoch:585, training loss:0.037515971809625626
Epoch:586, training loss:0.037201616913080215
Epoch:587, training loss:0.03769234071175257
Epoch:588, training loss:0.03778006136417389
Epoch:589, training loss:0.03760986775159836
Epoch:590, training loss:0.0376747710009416
----------------------------
Start validation ...
Validation error:0.03902769461274147
Validation error:0.03902769461274147
Save model checkpoints ... 
Save pial surface mesh ... 
Maximum allocated GPU memory: 2.00 GiB
Finish validation.
----------------------------
Epoch:591, training loss:0.03710936134060224
Epoch:592, training loss:0.03721020122369131
Epoch:593, training loss:0.03723702828089396
Epoch:594, training loss:0.03701241686940193
Epoch:595, training loss:0.037006814032793045
Epoch:596, training loss:0.037020684530337654
Epoch:597, training loss:0.03696056455373764
Epoch:598, training loss:0.03701748078068098
Epoch:599, training loss:0.036958868304888405
Epoch:600, training loss:0.03703919053077698
----------------------------
Start validation ...
Validation error:0.03846772387623787
Validation error:0.03846772387623787
New best model saved at epoch 600 with validation error 0.03846772387623787
Save model checkpoints ... 
Save pial surface mesh ... 
Maximum allocated GPU memory: 2.00 GiB
Finish validation.
----------------------------
Finish training.
----------------------------
D
CC
