aa
bb
Combination: -1, 2
A
B
C
lh training
gnn: -1
layers: 2
trainlh.sh model is pialnn
----------------------------
Start loading dataset ...
numbers 100206
numbers 100307
numbers 100408
numbers 100610
MSE
Finish loading dataset. There are total 4 subjects.
Training data length 3
Validation data length 1
scaling factor  0.1
----------------------------
Start loading model ...
Model is PialNN
Finish loading model
----------------------------
Start training 600 epochs ...
Epoch:0, training loss:0.2188852330048879
----------------------------
Start validation ...
Validation error:0.1498541682958603
Validation error:0.1498541682958603
New best model saved at epoch 0 with validation error 0.1498541682958603
Save model checkpoints ... 
Save pial surface mesh ... 
Maximum allocated GPU memory: 4.70 GiB
Finish validation.
----------------------------
Epoch:1, training loss:0.13577165951331457
Epoch:2, training loss:0.095150426030159
Epoch:3, training loss:0.08464352538188298
Epoch:4, training loss:0.08562833815813065
Epoch:5, training loss:0.08556125064690907
Epoch:6, training loss:0.08165027449528377
Epoch:7, training loss:0.07723713666200638
Epoch:8, training loss:0.07532607764005661
Epoch:9, training loss:0.07520476480325063
Epoch:10, training loss:0.0750277911623319
----------------------------
Start validation ...
Validation error:0.06703433394432068
Validation error:0.06703433394432068
New best model saved at epoch 10 with validation error 0.06703433394432068
Save model checkpoints ... 
Save pial surface mesh ... 
Maximum allocated GPU memory: 4.71 GiB
Finish validation.
----------------------------
Epoch:11, training loss:0.07444160431623459
Epoch:12, training loss:0.0736036350329717
Epoch:13, training loss:0.0726788913210233
Epoch:14, training loss:0.07141547401746114
Epoch:15, training loss:0.07165740678707759
Epoch:16, training loss:0.07133007297913234
Epoch:17, training loss:0.07030623902877171
Epoch:18, training loss:0.07034452135364215
Epoch:19, training loss:0.06982336069146793
Epoch:20, training loss:0.06946874037384987
----------------------------
Start validation ...
Validation error:0.06282920390367508
Validation error:0.06282920390367508
New best model saved at epoch 20 with validation error 0.06282920390367508
Save model checkpoints ... 
Save pial surface mesh ... 
Maximum allocated GPU memory: 4.71 GiB
Finish validation.
----------------------------
Epoch:21, training loss:0.06899764637152354
Epoch:22, training loss:0.06884162748853366
Epoch:23, training loss:0.06838613748550415
Epoch:24, training loss:0.06823057557145755
Epoch:25, training loss:0.06812751417358716
Epoch:26, training loss:0.06764806186159451
Epoch:27, training loss:0.06748429064949353
Epoch:28, training loss:0.06726237510641415
Epoch:29, training loss:0.0671722802023093
Epoch:30, training loss:0.06721336518724759
----------------------------
Start validation ...
Validation error:0.06058751419186592
Validation error:0.06058751419186592
New best model saved at epoch 30 with validation error 0.06058751419186592
Save model checkpoints ... 
Save pial surface mesh ... 
Maximum allocated GPU memory: 4.71 GiB
Finish validation.
----------------------------
Epoch:31, training loss:0.0673563393453757
Epoch:32, training loss:0.06720656777421634
Epoch:33, training loss:0.06712502986192703
Epoch:34, training loss:0.06618193412820499
Epoch:35, training loss:0.06622328857580821
Epoch:36, training loss:0.06598622103532155
Epoch:37, training loss:0.06556980187694232
Epoch:38, training loss:0.06549898783365886
Epoch:39, training loss:0.06511822591225307
Epoch:40, training loss:0.06475686157743137
----------------------------
Start validation ...
Validation error:0.05909481644630432
Validation error:0.05909481644630432
New best model saved at epoch 40 with validation error 0.05909481644630432
Save model checkpoints ... 
Save pial surface mesh ... 
Maximum allocated GPU memory: 4.71 GiB
Finish validation.
----------------------------
Epoch:41, training loss:0.06466478854417801
Epoch:42, training loss:0.06439735492070515
Epoch:43, training loss:0.06434446821610133
Epoch:44, training loss:0.06430775175491969
Epoch:45, training loss:0.0639129417637984
Epoch:46, training loss:0.06384066368142764
Epoch:47, training loss:0.06386171281337738
Epoch:48, training loss:0.06336384018262227
Epoch:49, training loss:0.06320850178599358
Epoch:50, training loss:0.06307368228832881
----------------------------
Start validation ...
Validation error:0.05764148384332657
Validation error:0.05764148384332657
New best model saved at epoch 50 with validation error 0.05764148384332657
Save model checkpoints ... 
Save pial surface mesh ... 
Maximum allocated GPU memory: 4.71 GiB
Finish validation.
----------------------------
Epoch:51, training loss:0.06309160590171814
Epoch:52, training loss:0.06345433617631595
Epoch:53, training loss:0.06257155040899913
Epoch:54, training loss:0.0629363755385081
Epoch:55, training loss:0.06205981224775314
Epoch:56, training loss:0.062450166791677475
Epoch:57, training loss:0.062187742441892624
Epoch:58, training loss:0.06244243557254473
Epoch:59, training loss:0.06207112719615301
Epoch:60, training loss:0.062173470854759216
----------------------------
Start validation ...
Validation error:0.05629447102546692
Validation error:0.05629447102546692
New best model saved at epoch 60 with validation error 0.05629447102546692
Save model checkpoints ... 
Save pial surface mesh ... 
Maximum allocated GPU memory: 4.71 GiB
Finish validation.
----------------------------
Epoch:61, training loss:0.062450993806123734
Epoch:62, training loss:0.061239427576462425
Epoch:63, training loss:0.06172998622059822
Epoch:64, training loss:0.06119246035814285
Epoch:65, training loss:0.06106427187720934
Epoch:66, training loss:0.06085186451673508
Epoch:67, training loss:0.06071742996573448
Epoch:68, training loss:0.06072622165083885
Epoch:69, training loss:0.06059745326638222
Epoch:70, training loss:0.060515684386094414
----------------------------
Start validation ...
Validation error:0.0552394837141037
Validation error:0.0552394837141037
New best model saved at epoch 70 with validation error 0.0552394837141037
Save model checkpoints ... 
Save pial surface mesh ... 
Maximum allocated GPU memory: 4.71 GiB
Finish validation.
----------------------------
Epoch:71, training loss:0.06048419326543808
Epoch:72, training loss:0.060062902669111885
Epoch:73, training loss:0.05997835844755173
Epoch:74, training loss:0.060044207920630775
Epoch:75, training loss:0.059751491993665695
Epoch:76, training loss:0.05985548843940099
Epoch:77, training loss:0.06004631767670313
Epoch:78, training loss:0.059426527470350266
Epoch:79, training loss:0.05937712515393893
Epoch:80, training loss:0.05937593802809715
----------------------------
Start validation ...
Validation error:0.054207779467105865
Validation error:0.054207779467105865
New best model saved at epoch 80 with validation error 0.054207779467105865
Save model checkpoints ... 
Save pial surface mesh ... 
Maximum allocated GPU memory: 4.71 GiB
Finish validation.
----------------------------
Epoch:81, training loss:0.05929908280571302
Epoch:82, training loss:0.05899781982103983
Epoch:83, training loss:0.05894286185503006
Epoch:84, training loss:0.05870871618390083
Epoch:85, training loss:0.05872985099752744
Epoch:86, training loss:0.05858996510505676
Epoch:87, training loss:0.058453949789206185
Epoch:88, training loss:0.058375311394532524
Epoch:89, training loss:0.0584529402355353
Epoch:90, training loss:0.05807597438494364
----------------------------
Start validation ...
Validation error:0.053440630435943604
Validation error:0.053440630435943604
New best model saved at epoch 90 with validation error 0.053440630435943604
Save model checkpoints ... 
Save pial surface mesh ... 
Maximum allocated GPU memory: 4.71 GiB
Finish validation.
----------------------------
Epoch:91, training loss:0.058476753532886505
Epoch:92, training loss:0.05877857282757759
Epoch:93, training loss:0.059314982344706856
Epoch:94, training loss:0.059309687465429306
Epoch:95, training loss:0.058399745573600136
Epoch:96, training loss:0.05781977251172066
Epoch:97, training loss:0.05741602306564649
Epoch:98, training loss:0.05746247122685114
Epoch:99, training loss:0.057522947589556374
Epoch:100, training loss:0.05740732575456301
----------------------------
Start validation ...
Validation error:0.05268963798880577
Validation error:0.05268963798880577
New best model saved at epoch 100 with validation error 0.05268963798880577
Save model checkpoints ... 
Save pial surface mesh ... 
Maximum allocated GPU memory: 4.71 GiB
Finish validation.
----------------------------
Epoch:101, training loss:0.05720131595929464
Epoch:102, training loss:0.05738767609000206
Epoch:103, training loss:0.057124361395835876
Epoch:104, training loss:0.05697437499960264
Epoch:105, training loss:0.05680803830424944
Epoch:106, training loss:0.0568591778477033
Epoch:107, training loss:0.056515308717886605
Epoch:108, training loss:0.056546577562888466
Epoch:109, training loss:0.05671898151437441
Epoch:110, training loss:0.0565975047647953
----------------------------
Start validation ...
Validation error:0.052073851227760315
Validation error:0.052073851227760315
New best model saved at epoch 110 with validation error 0.052073851227760315
Save model checkpoints ... 
Save pial surface mesh ... 
Maximum allocated GPU memory: 4.71 GiB
Finish validation.
----------------------------
Epoch:111, training loss:0.0564743106563886
Epoch:112, training loss:0.056292466819286346
Epoch:113, training loss:0.056434071312348046
Epoch:114, training loss:0.05588227013746897
Epoch:115, training loss:0.05614529922604561
Epoch:116, training loss:0.0559036818643411
Epoch:117, training loss:0.05601996059219042
Epoch:118, training loss:0.0563006562491258
Epoch:119, training loss:0.05598790074388186
Epoch:120, training loss:0.05592973530292511
----------------------------
Start validation ...
Validation error:0.05151516571640968
Validation error:0.05151516571640968
New best model saved at epoch 120 with validation error 0.05151516571640968
Save model checkpoints ... 
Save pial surface mesh ... 
Maximum allocated GPU memory: 4.71 GiB
Finish validation.
----------------------------
Epoch:121, training loss:0.05586111297210058
Epoch:122, training loss:0.05612662682930628
Epoch:123, training loss:0.05671382571260134
Epoch:124, training loss:0.05691967159509659
Epoch:125, training loss:0.05648465206225713
Epoch:126, training loss:0.05641135200858116
Epoch:127, training loss:0.05632598573962847
Epoch:128, training loss:0.05546722561120987
Epoch:129, training loss:0.05511994535724322
Epoch:130, training loss:0.0555302103360494
----------------------------
Start validation ...
Validation error:0.05086766928434372
Validation error:0.05086766928434372
New best model saved at epoch 130 with validation error 0.05086766928434372
Save model checkpoints ... 
Save pial surface mesh ... 
Maximum allocated GPU memory: 4.71 GiB
Finish validation.
----------------------------
Epoch:131, training loss:0.05504035453001658
Epoch:132, training loss:0.055012840777635574
Epoch:133, training loss:0.05499048034350077
Epoch:134, training loss:0.05523903419574102
Epoch:135, training loss:0.055409846206506096
Epoch:136, training loss:0.05529374753435453
Epoch:137, training loss:0.05477717767159144
Epoch:138, training loss:0.05450876553853353
Epoch:139, training loss:0.05451982965071996
Epoch:140, training loss:0.05454103276133537
----------------------------
Start validation ...
Validation error:0.05054985731840134
Validation error:0.05054985731840134
New best model saved at epoch 140 with validation error 0.05054985731840134
Save model checkpoints ... 
Save pial surface mesh ... 
Maximum allocated GPU memory: 4.71 GiB
Finish validation.
----------------------------
Epoch:141, training loss:0.05445231621464094
Epoch:142, training loss:0.05436188355088234
Epoch:143, training loss:0.05426029612620672
Epoch:144, training loss:0.054289091378450394
Epoch:145, training loss:0.054216920087734856
Epoch:146, training loss:0.054302273939053215
Epoch:147, training loss:0.054194421817859016
Epoch:148, training loss:0.05413733174403509
Epoch:149, training loss:0.05415105074644089
Epoch:150, training loss:0.05398018658161163
----------------------------
Start validation ...
Validation error:0.05041629821062088
Validation error:0.05041629821062088
New best model saved at epoch 150 with validation error 0.05041629821062088
Save model checkpoints ... 
Save pial surface mesh ... 
Maximum allocated GPU memory: 4.71 GiB
Finish validation.
----------------------------
Epoch:151, training loss:0.05396286646525065
Epoch:152, training loss:0.05362769216299057
Epoch:153, training loss:0.05388961608211199
Epoch:154, training loss:0.05392282952864965
Epoch:155, training loss:0.053825464099645615
Epoch:156, training loss:0.053994266937176384
Epoch:157, training loss:0.053724948316812515
Epoch:158, training loss:0.05335503816604614
Epoch:159, training loss:0.05343185241023699
Epoch:160, training loss:0.05380000670750936
----------------------------
Start validation ...
Validation error:0.04961787909269333
Validation error:0.04961787909269333
New best model saved at epoch 160 with validation error 0.04961787909269333
Save model checkpoints ... 
Save pial surface mesh ... 
Maximum allocated GPU memory: 4.71 GiB
Finish validation.
----------------------------
Epoch:161, training loss:0.05334354440371195
Epoch:162, training loss:0.05324132367968559
Epoch:163, training loss:0.05340822786092758
Epoch:164, training loss:0.053305954982837044
Epoch:165, training loss:0.05345830818017324
Epoch:166, training loss:0.05335488667090734
Epoch:167, training loss:0.05303323889772097
Epoch:168, training loss:0.053134892135858536
Epoch:169, training loss:0.05300122375289599
Epoch:170, training loss:0.0530569019416968
----------------------------
Start validation ...
Validation error:0.049105238169431686
Validation error:0.049105238169431686
New best model saved at epoch 170 with validation error 0.049105238169431686
Save model checkpoints ... 
Save pial surface mesh ... 
Maximum allocated GPU memory: 4.71 GiB
Finish validation.
----------------------------
Epoch:171, training loss:0.0527887816230456
Epoch:172, training loss:0.053212051590283714
Epoch:173, training loss:0.05337836593389511
Epoch:174, training loss:0.05313636610905329
Epoch:175, training loss:0.0529091606537501
Epoch:176, training loss:0.052950682739416756
Epoch:177, training loss:0.052609603852033615
Epoch:178, training loss:0.05253908162315687
Epoch:179, training loss:0.05269160742561022
Epoch:180, training loss:0.05293607587615649
----------------------------
Start validation ...
Validation error:0.04944340139627457
Validation error:0.04944340139627457
Save model checkpoints ... 
Save pial surface mesh ... 
Maximum allocated GPU memory: 4.71 GiB
Finish validation.
----------------------------
Epoch:181, training loss:0.05263992647329966
Epoch:182, training loss:0.05246186380585035
Epoch:183, training loss:0.052336531380812325
Epoch:184, training loss:0.052192363888025284
Epoch:185, training loss:0.05209678163131078
Epoch:186, training loss:0.052137124041716255
Epoch:187, training loss:0.05206725870569547
Epoch:188, training loss:0.0519507663945357
Epoch:189, training loss:0.051918418457110725
Epoch:190, training loss:0.05190608402093252
----------------------------
Start validation ...
Validation error:0.04878193140029907
Validation error:0.04878193140029907
New best model saved at epoch 190 with validation error 0.04878193140029907
Save model checkpoints ... 
Save pial surface mesh ... 
Maximum allocated GPU memory: 4.71 GiB
Finish validation.
----------------------------
Epoch:191, training loss:0.05188834791382154
Epoch:192, training loss:0.051806693275769554
Epoch:193, training loss:0.05202909807364146
Epoch:194, training loss:0.052276925494273506
Epoch:195, training loss:0.051975722114245095
Epoch:196, training loss:0.052057785292466484
Epoch:197, training loss:0.051646776497364044
Epoch:198, training loss:0.05213680490851402
Epoch:199, training loss:0.05203668400645256
Epoch:200, training loss:0.0518809457619985
----------------------------
Start validation ...
Validation error:0.04833801090717316
Validation error:0.04833801090717316
New best model saved at epoch 200 with validation error 0.04833801090717316
Save model checkpoints ... 
Save pial surface mesh ... 
Maximum allocated GPU memory: 4.71 GiB
Finish validation.
----------------------------
Epoch:201, training loss:0.05174492175380389
Epoch:202, training loss:0.05154828975598017
Epoch:203, training loss:0.051477428525686264
Epoch:204, training loss:0.05136581386129061
Epoch:205, training loss:0.05130370954672495
Epoch:206, training loss:0.05114848166704178
Epoch:207, training loss:0.05115210389097532
Epoch:208, training loss:0.05116886521379153
Epoch:209, training loss:0.05120659122864405
Epoch:210, training loss:0.05111240968108177
----------------------------
Start validation ...
Validation error:0.04811287298798561
Validation error:0.04811287298798561
New best model saved at epoch 210 with validation error 0.04811287298798561
Save model checkpoints ... 
Save pial surface mesh ... 
Maximum allocated GPU memory: 4.71 GiB
Finish validation.
----------------------------
Epoch:211, training loss:0.05111934741338094
Epoch:212, training loss:0.051310798774162926
Epoch:213, training loss:0.05126394828160604
Epoch:214, training loss:0.050924005607763924
Epoch:215, training loss:0.05096798514326414
Epoch:216, training loss:0.05104091142614683
Epoch:217, training loss:0.051387318720420204
Epoch:218, training loss:0.05126922329266866
Epoch:219, training loss:0.05133091161648432
Epoch:220, training loss:0.05169046421845754
----------------------------
Start validation ...
Validation error:0.04926825687289238
Validation error:0.04926825687289238
Save model checkpoints ... 
Save pial surface mesh ... 
Maximum allocated GPU memory: 4.71 GiB
Finish validation.
----------------------------
Epoch:221, training loss:0.05123364180326462
Epoch:222, training loss:0.05118089665969213
Epoch:223, training loss:0.050668702771266304
Epoch:224, training loss:0.050932660698890686
Epoch:225, training loss:0.05103337516387304
Epoch:226, training loss:0.05099477991461754
Epoch:227, training loss:0.0504147931933403
Epoch:228, training loss:0.050776317715644836
Epoch:229, training loss:0.05069165180126826
Epoch:230, training loss:0.050667946537335716
----------------------------
Start validation ...
Validation error:0.04853516444563866
Validation error:0.04853516444563866
Save model checkpoints ... 
Save pial surface mesh ... 
Maximum allocated GPU memory: 4.71 GiB
Finish validation.
----------------------------
Epoch:231, training loss:0.050931635002295174
Epoch:232, training loss:0.05076994622747103
Epoch:233, training loss:0.050381562362114586
Epoch:234, training loss:0.05031693230072657
Epoch:235, training loss:0.05052781974275907
Epoch:236, training loss:0.0503997802734375
Epoch:237, training loss:0.05025078232089678
Epoch:238, training loss:0.05025747542579969
Epoch:239, training loss:0.04992348328232765
Epoch:240, training loss:0.04999057079354922
----------------------------
Start validation ...
Validation error:0.04753466695547104
Validation error:0.04753466695547104
New best model saved at epoch 240 with validation error 0.04753466695547104
Save model checkpoints ... 
Save pial surface mesh ... 
Maximum allocated GPU memory: 4.71 GiB
Finish validation.
----------------------------
Epoch:241, training loss:0.05032437667250633
Epoch:242, training loss:0.05037472024559975
Epoch:243, training loss:0.050304522116978966
Epoch:244, training loss:0.05038745328783989
Epoch:245, training loss:0.05050701151291529
Epoch:246, training loss:0.05018321921428045
Epoch:247, training loss:0.0500796673198541
Epoch:248, training loss:0.05003806327780088
Epoch:249, training loss:0.04976737623413404
Epoch:250, training loss:0.05002904310822487
----------------------------
Start validation ...
Validation error:0.04740339145064354
Validation error:0.04740339145064354
New best model saved at epoch 250 with validation error 0.04740339145064354
Save model checkpoints ... 
Save pial surface mesh ... 
Maximum allocated GPU memory: 4.71 GiB
Finish validation.
----------------------------
Epoch:251, training loss:0.04975218201677004
Epoch:252, training loss:0.04999908556540807
Epoch:253, training loss:0.050023600459098816
Epoch:254, training loss:0.049891227235396705
Epoch:255, training loss:0.05005938187241554
Epoch:256, training loss:0.04987455035249392
Epoch:257, training loss:0.04984730233748754
Epoch:258, training loss:0.05014613022406896
Epoch:259, training loss:0.049843963235616684
Epoch:260, training loss:0.04956480612357458
----------------------------
Start validation ...
Validation error:0.04809108003973961
Validation error:0.04809108003973961
Save model checkpoints ... 
Save pial surface mesh ... 
Maximum allocated GPU memory: 4.71 GiB
Finish validation.
----------------------------
Epoch:261, training loss:0.04950234666466713
Epoch:262, training loss:0.04973424971103668
Epoch:263, training loss:0.049529917538166046
Epoch:264, training loss:0.04971542830268542
Epoch:265, training loss:0.04973400756716728
Epoch:266, training loss:0.049471778174241386
Epoch:267, training loss:0.04942485193411509
Epoch:268, training loss:0.04931448151667913
Epoch:269, training loss:0.04908424988389015
Epoch:270, training loss:0.049358206490675606
----------------------------
Start validation ...
Validation error:0.046991899609565735
Validation error:0.046991899609565735
New best model saved at epoch 270 with validation error 0.046991899609565735
Save model checkpoints ... 
Save pial surface mesh ... 
Maximum allocated GPU memory: 4.71 GiB
Finish validation.
----------------------------
Epoch:271, training loss:0.049284081906080246
Epoch:272, training loss:0.048968552301327385
Epoch:273, training loss:0.04905768111348152
Epoch:274, training loss:0.04890259603659312
Epoch:275, training loss:0.04878447080651919
Epoch:276, training loss:0.049174707382917404
Epoch:277, training loss:0.04928653438886007
Epoch:278, training loss:0.04922796537478765
Epoch:279, training loss:0.04910113910833994
Epoch:280, training loss:0.04890421777963638
----------------------------
Start validation ...
Validation error:0.04700016230344772
Validation error:0.04700016230344772
Save model checkpoints ... 
Save pial surface mesh ... 
Maximum allocated GPU memory: 4.71 GiB
Finish validation.
----------------------------
Epoch:281, training loss:0.048863839358091354
Epoch:282, training loss:0.04914779091874758
Epoch:283, training loss:0.04909796888629595
Epoch:284, training loss:0.04938920587301254
Epoch:285, training loss:0.049099805454413094
Epoch:286, training loss:0.048811912536621094
Epoch:287, training loss:0.0488776241739591
Epoch:288, training loss:0.04929815729459127
Epoch:289, training loss:0.04939089467128118
Epoch:290, training loss:0.0488366869588693
----------------------------
Start validation ...
Validation error:0.04717324674129486
Validation error:0.04717324674129486
Save model checkpoints ... 
Save pial surface mesh ... 
Maximum allocated GPU memory: 4.71 GiB
Finish validation.
----------------------------
Epoch:291, training loss:0.04867891843120257
Epoch:292, training loss:0.04887871568401655
Epoch:293, training loss:0.04876490185658137
Epoch:294, training loss:0.04869135096669197
Epoch:295, training loss:0.04843862603108088
Epoch:296, training loss:0.04837263251344363
Epoch:297, training loss:0.048372061302264534
Epoch:298, training loss:0.048403557389974594
Epoch:299, training loss:0.048244728396336235
Epoch:300, training loss:0.04808701078097025
----------------------------
Start validation ...
Validation error:0.04671154543757439
Validation error:0.04671154543757439
New best model saved at epoch 300 with validation error 0.04671154543757439
Save model checkpoints ... 
Save pial surface mesh ... 
Maximum allocated GPU memory: 4.71 GiB
Finish validation.
----------------------------
Epoch:301, training loss:0.04837524642546972
Epoch:302, training loss:0.048545461148023605
Epoch:303, training loss:0.04853088657061259
Epoch:304, training loss:0.04846299315492312
Epoch:305, training loss:0.04854705184698105
Epoch:306, training loss:0.04797199616829554
Epoch:307, training loss:0.04808268447717031
Epoch:308, training loss:0.048237331211566925
Epoch:309, training loss:0.04847048968076706
Epoch:310, training loss:0.0487593337893486
----------------------------
Start validation ...
Validation error:0.04744495823979378
Validation error:0.04744495823979378
Save model checkpoints ... 
Save pial surface mesh ... 
Maximum allocated GPU memory: 4.71 GiB
Finish validation.
----------------------------
Epoch:311, training loss:0.04837125912308693
Epoch:312, training loss:0.04807600875695547
Epoch:313, training loss:0.048499071349700294
Epoch:314, training loss:0.04817101980249087
Epoch:315, training loss:0.0481046698987484
Epoch:316, training loss:0.048004742711782455
Epoch:317, training loss:0.04802978162964185
Epoch:318, training loss:0.04832088823119799
Epoch:319, training loss:0.04799015695850054
Epoch:320, training loss:0.04814767216642698
----------------------------
Start validation ...
Validation error:0.046106595546007156
Validation error:0.046106595546007156
New best model saved at epoch 320 with validation error 0.046106595546007156
Save model checkpoints ... 
Save pial surface mesh ... 
Maximum allocated GPU memory: 4.71 GiB
Finish validation.
----------------------------
Epoch:321, training loss:0.04780122637748718
Epoch:322, training loss:0.047811876982450485
Epoch:323, training loss:0.04752561077475548
Epoch:324, training loss:0.04786358649532
Epoch:325, training loss:0.04775931810339292
Epoch:326, training loss:0.0480747806529204
Epoch:327, training loss:0.04807687426606814
Epoch:328, training loss:0.04841823875904083
Epoch:329, training loss:0.04850419362386068
Epoch:330, training loss:0.04763314997156461
----------------------------
Start validation ...
Validation error:0.04628519341349602
Validation error:0.04628519341349602
Save model checkpoints ... 
Save pial surface mesh ... 
Maximum allocated GPU memory: 4.71 GiB
Finish validation.
----------------------------
Epoch:331, training loss:0.047622510542472206
Epoch:332, training loss:0.047182040909926094
Epoch:333, training loss:0.04733574762940407
Epoch:334, training loss:0.04769092674056689
Epoch:335, training loss:0.047370040168364845
Epoch:336, training loss:0.04739754522840182
Epoch:337, training loss:0.04710127040743828
Epoch:338, training loss:0.04704945534467697
Epoch:339, training loss:0.046993578473726906
Epoch:340, training loss:0.0472560649116834
----------------------------
Start validation ...
Validation error:0.045900505036115646
Validation error:0.045900505036115646
New best model saved at epoch 340 with validation error 0.045900505036115646
Save model checkpoints ... 
Save pial surface mesh ... 
Maximum allocated GPU memory: 4.71 GiB
Finish validation.
----------------------------
Epoch:341, training loss:0.047020406772693
Epoch:342, training loss:0.046976945052544274
Epoch:343, training loss:0.04697682956854502
Epoch:344, training loss:0.0472257174551487
Epoch:345, training loss:0.04695862531661987
Epoch:346, training loss:0.04707155500849088
Epoch:347, training loss:0.04717092961072922
Epoch:348, training loss:0.046737627436717354
Epoch:349, training loss:0.047019075602293015
Epoch:350, training loss:0.04681984211007754
----------------------------
Start validation ...
Validation error:0.04574517160654068
Validation error:0.04574517160654068
New best model saved at epoch 350 with validation error 0.04574517160654068
Save model checkpoints ... 
Save pial surface mesh ... 
Maximum allocated GPU memory: 4.71 GiB
Finish validation.
----------------------------
Epoch:351, training loss:0.046984980503718056
Epoch:352, training loss:0.04744112119078636
Epoch:353, training loss:0.04738101611534754
Epoch:354, training loss:0.04769997919599215
Epoch:355, training loss:0.04750503351291021
Epoch:356, training loss:0.04784518231948217
Epoch:357, training loss:0.04785254721840223
Epoch:358, training loss:0.04785573482513428
Epoch:359, training loss:0.04726791878541311
Epoch:360, training loss:0.04693907002607981
----------------------------
Start validation ...
Validation error:0.04598085582256317
Validation error:0.04598085582256317
Save model checkpoints ... 
Save pial surface mesh ... 
Maximum allocated GPU memory: 4.71 GiB
Finish validation.
----------------------------
Epoch:361, training loss:0.04677091663082441
Epoch:362, training loss:0.046602096408605576
Epoch:363, training loss:0.04656290883819262
Epoch:364, training loss:0.04656634479761124
Epoch:365, training loss:0.046372439712285995
Epoch:366, training loss:0.04669465869665146
Epoch:367, training loss:0.0466022752225399
Epoch:368, training loss:0.04643638556202253
Epoch:369, training loss:0.04660883297522863
Epoch:370, training loss:0.0462912085155646
----------------------------
Start validation ...
Validation error:0.045403264462947845
Validation error:0.045403264462947845
New best model saved at epoch 370 with validation error 0.045403264462947845
Save model checkpoints ... 
Save pial surface mesh ... 
Maximum allocated GPU memory: 4.71 GiB
Finish validation.
----------------------------
Epoch:371, training loss:0.04618066052595774
Epoch:372, training loss:0.046176522970199585
Epoch:373, training loss:0.04627707973122597
Epoch:374, training loss:0.046072096874316536
Epoch:375, training loss:0.046554253747065864
Epoch:376, training loss:0.046393487602472305
Epoch:377, training loss:0.046311533699433007
Epoch:378, training loss:0.046584816028674446
Epoch:379, training loss:0.04647186646858851
Epoch:380, training loss:0.04650003711382548
----------------------------
Start validation ...
Validation error:0.04511004313826561
Validation error:0.04511004313826561
New best model saved at epoch 380 with validation error 0.04511004313826561
Save model checkpoints ... 
Save pial surface mesh ... 
Maximum allocated GPU memory: 4.71 GiB
Finish validation.
----------------------------
Epoch:381, training loss:0.04611479242642721
Epoch:382, training loss:0.0462129053970178
Epoch:383, training loss:0.04616581772764524
Epoch:384, training loss:0.04627428203821182
Epoch:385, training loss:0.04603187243143717
Epoch:386, training loss:0.045875146985054016
Epoch:387, training loss:0.045923009514808655
Epoch:388, training loss:0.04635493581493696
Epoch:389, training loss:0.04692428931593895
Epoch:390, training loss:0.046382019917170204
----------------------------
Start validation ...
Validation error:0.04551886022090912
Validation error:0.04551886022090912
Save model checkpoints ... 
Save pial surface mesh ... 
Maximum allocated GPU memory: 4.71 GiB
Finish validation.
----------------------------
Epoch:391, training loss:0.04612076406677564
Epoch:392, training loss:0.04616625855366389
Epoch:393, training loss:0.04624011615912119
Epoch:394, training loss:0.04621134201685587
Epoch:395, training loss:0.0460638627409935
Epoch:396, training loss:0.046244668463865914
Epoch:397, training loss:0.04596290861566862
Epoch:398, training loss:0.04634073252479235
Epoch:399, training loss:0.04600232963760694
Epoch:400, training loss:0.04604935894409815
----------------------------
Start validation ...
Validation error:0.04537259042263031
Validation error:0.04537259042263031
Save model checkpoints ... 
Save pial surface mesh ... 
Maximum allocated GPU memory: 4.71 GiB
Finish validation.
----------------------------
Epoch:401, training loss:0.046213061859210335
Epoch:402, training loss:0.04562810932596525
Epoch:403, training loss:0.045808978378772736
Epoch:404, training loss:0.04548701892296473
Epoch:405, training loss:0.04548388347029686
Epoch:406, training loss:0.045484558989604316
Epoch:407, training loss:0.04540541519721349
Epoch:408, training loss:0.04505613073706627
Epoch:409, training loss:0.04512661695480347
Epoch:410, training loss:0.04531041036049525
----------------------------
Start validation ...
Validation error:0.04487797990441322
Validation error:0.04487797990441322
New best model saved at epoch 410 with validation error 0.04487797990441322
Save model checkpoints ... 
Save pial surface mesh ... 
Maximum allocated GPU memory: 4.71 GiB
Finish validation.
----------------------------
Epoch:411, training loss:0.04553454493482908
Epoch:412, training loss:0.04533537973960241
Epoch:413, training loss:0.045309806863466896
Epoch:414, training loss:0.04483837137619654
Epoch:415, training loss:0.045346640050411224
Epoch:416, training loss:0.045369273672501244
Epoch:417, training loss:0.04520626117785772
Epoch:418, training loss:0.04525328427553177
Epoch:419, training loss:0.045177495727936424
Epoch:420, training loss:0.04489713783065478
----------------------------
Start validation ...
Validation error:0.04481251910328865
Validation error:0.04481251910328865
New best model saved at epoch 420 with validation error 0.04481251910328865
Save model checkpoints ... 
Save pial surface mesh ... 
Maximum allocated GPU memory: 4.71 GiB
Finish validation.
----------------------------
Epoch:421, training loss:0.045196292301019035
Epoch:422, training loss:0.04490626727541288
Epoch:423, training loss:0.045199221620957054
Epoch:424, training loss:0.04553163548310598
Epoch:425, training loss:0.04599640270074209
Epoch:426, training loss:0.0452996256450812
Epoch:427, training loss:0.04592821498711904
Epoch:428, training loss:0.04523612434665362
Epoch:429, training loss:0.04515909403562546
Epoch:430, training loss:0.04483288029829661
----------------------------
Start validation ...
Validation error:0.04524863511323929
Validation error:0.04524863511323929
Save model checkpoints ... 
Save pial surface mesh ... 
Maximum allocated GPU memory: 4.71 GiB
Finish validation.
----------------------------
Epoch:431, training loss:0.04483982796470324
Epoch:432, training loss:0.04473878691593806
Epoch:433, training loss:0.04479248200853666
Epoch:434, training loss:0.04531075432896614
Epoch:435, training loss:0.04562355577945709
Epoch:436, training loss:0.04529542848467827
Epoch:437, training loss:0.044882251570622124
Epoch:438, training loss:0.04521452387173971
Epoch:439, training loss:0.04515207062164942
Epoch:440, training loss:0.045215193182229996
----------------------------
Start validation ...
Validation error:0.044597506523132324
Validation error:0.044597506523132324
New best model saved at epoch 440 with validation error 0.044597506523132324
Save model checkpoints ... 
Save pial surface mesh ... 
Maximum allocated GPU memory: 4.71 GiB
Finish validation.
----------------------------
Epoch:441, training loss:0.04476688553889593
Epoch:442, training loss:0.044507745653390884
Epoch:443, training loss:0.044391234715779625
Epoch:444, training loss:0.04438817625244459
Epoch:445, training loss:0.04438196991880735
Epoch:446, training loss:0.04431452105442683
Epoch:447, training loss:0.04435942322015762
Epoch:448, training loss:0.04422346750895182
Epoch:449, training loss:0.04432789360483488
Epoch:450, training loss:0.04415467629830042
----------------------------
Start validation ...
Validation error:0.04426755756139755
Validation error:0.04426755756139755
New best model saved at epoch 450 with validation error 0.04426755756139755
Save model checkpoints ... 
Save pial surface mesh ... 
Maximum allocated GPU memory: 4.71 GiB
Finish validation.
----------------------------
Epoch:451, training loss:0.0441491591433684
Epoch:452, training loss:0.04405553142229716
Epoch:453, training loss:0.04421203210949898
Epoch:454, training loss:0.04422027120987574
Epoch:455, training loss:0.044102770586808525
Epoch:456, training loss:0.04394739245374998
Epoch:457, training loss:0.044073489805062614
Epoch:458, training loss:0.04406252751747767
Epoch:459, training loss:0.04385456318656603
Epoch:460, training loss:0.04395010073979696
----------------------------
Start validation ...
Validation error:0.04427614063024521
Validation error:0.04427614063024521
Save model checkpoints ... 
Save pial surface mesh ... 
Maximum allocated GPU memory: 4.71 GiB
Finish validation.
----------------------------
Epoch:461, training loss:0.0439210000137488
Epoch:462, training loss:0.0440410648783048
Epoch:463, training loss:0.04424381007750829
Epoch:464, training loss:0.044361806164185204
Epoch:465, training loss:0.04414786770939827
Epoch:466, training loss:0.04398073876897494
Epoch:467, training loss:0.043985653668642044
Epoch:468, training loss:0.0445035013059775
Epoch:469, training loss:0.043812863528728485
Epoch:470, training loss:0.04387803375720978
----------------------------
Start validation ...
Validation error:0.04490277171134949
Validation error:0.04490277171134949
Save model checkpoints ... 
Save pial surface mesh ... 
Maximum allocated GPU memory: 4.71 GiB
Finish validation.
----------------------------
Epoch:471, training loss:0.0439072884619236
Epoch:472, training loss:0.04412895068526268
Epoch:473, training loss:0.043805199364821114
Epoch:474, training loss:0.0439135804772377
Epoch:475, training loss:0.043926370640595756
Epoch:476, training loss:0.04414517059922218
Epoch:477, training loss:0.04390427221854528
Epoch:478, training loss:0.04381921887397766
Epoch:479, training loss:0.04382369046409925
Epoch:480, training loss:0.04371550803383192
----------------------------
Start validation ...
Validation error:0.045061033219099045
Validation error:0.045061033219099045
Save model checkpoints ... 
Save pial surface mesh ... 
Maximum allocated GPU memory: 4.71 GiB
Finish validation.
----------------------------
Epoch:481, training loss:0.04378537212808927
Epoch:482, training loss:0.04391288012266159
Epoch:483, training loss:0.043658206860224404
Epoch:484, training loss:0.043637181321779885
Epoch:485, training loss:0.04347783699631691
Epoch:486, training loss:0.04370319346586863
Epoch:487, training loss:0.04379783943295479
Epoch:488, training loss:0.04411587864160538
Epoch:489, training loss:0.04384828979770342
Epoch:490, training loss:0.0436413399875164
----------------------------
Start validation ...
Validation error:0.04433566704392433
Validation error:0.04433566704392433
Save model checkpoints ... 
Save pial surface mesh ... 
Maximum allocated GPU memory: 4.71 GiB
Finish validation.
----------------------------
Epoch:491, training loss:0.04362637922167778
Epoch:492, training loss:0.04328243682781855
Epoch:493, training loss:0.04317135984698931
Epoch:494, training loss:0.043374103804429374
Epoch:495, training loss:0.0431480718155702
Epoch:496, training loss:0.04379831254482269
Epoch:497, training loss:0.0436410183707873
Epoch:498, training loss:0.04339143633842468
Epoch:499, training loss:0.043524593114852905
Epoch:500, training loss:0.043793000280857086
----------------------------
Start validation ...
Validation error:0.044087305665016174
Validation error:0.044087305665016174
New best model saved at epoch 500 with validation error 0.044087305665016174
Save model checkpoints ... 
Save pial surface mesh ... 
Maximum allocated GPU memory: 4.71 GiB
Finish validation.
----------------------------
Epoch:501, training loss:0.043214987963438034
Epoch:502, training loss:0.04310210173328718
Epoch:503, training loss:0.043132574607928596
Epoch:504, training loss:0.04282649606466293
Epoch:505, training loss:0.04294783746202787
Epoch:506, training loss:0.04314643641312917
Epoch:507, training loss:0.04348959649602572
Epoch:508, training loss:0.043163218845923744
Epoch:509, training loss:0.04298651466766993
Epoch:510, training loss:0.04271200795968374
----------------------------
Start validation ...
Validation error:0.04390861466526985
Validation error:0.04390861466526985
New best model saved at epoch 510 with validation error 0.04390861466526985
Save model checkpoints ... 
Save pial surface mesh ... 
Maximum allocated GPU memory: 4.71 GiB
Finish validation.
----------------------------
Epoch:511, training loss:0.04270512362321218
Epoch:512, training loss:0.04272706185777982
Epoch:513, training loss:0.04281120871504148
Epoch:514, training loss:0.04271548862258593
Epoch:515, training loss:0.04300141210357348
Epoch:516, training loss:0.04247790575027466
Epoch:517, training loss:0.0429313654700915
Epoch:518, training loss:0.042966537177562714
Epoch:519, training loss:0.042818634460369744
Epoch:520, training loss:0.04284625127911568
----------------------------
Start validation ...
Validation error:0.04387817531824112
Validation error:0.04387817531824112
New best model saved at epoch 520 with validation error 0.04387817531824112
Save model checkpoints ... 
Save pial surface mesh ... 
Maximum allocated GPU memory: 4.71 GiB
Finish validation.
----------------------------
Epoch:521, training loss:0.04262465611100197
Epoch:522, training loss:0.04262096186478933
Epoch:523, training loss:0.042717753599087395
Epoch:524, training loss:0.04260911171634992
Epoch:525, training loss:0.04250935713450114
Epoch:526, training loss:0.042533605049053826
Epoch:527, training loss:0.042440379659334816
Epoch:528, training loss:0.04232161740461985
Epoch:529, training loss:0.04237238069375356
Epoch:530, training loss:0.04256646459301313
----------------------------
Start validation ...
Validation error:0.044122565537691116
Validation error:0.044122565537691116
Save model checkpoints ... 
Save pial surface mesh ... 
Maximum allocated GPU memory: 4.71 GiB
Finish validation.
----------------------------
Epoch:531, training loss:0.04244483386476835
Epoch:532, training loss:0.04250127077102661
Epoch:533, training loss:0.04219591245055199
Epoch:534, training loss:0.04229424397150675
Epoch:535, training loss:0.04223207508524259
Epoch:536, training loss:0.04258134216070175
Epoch:537, training loss:0.04227130487561226
Epoch:538, training loss:0.042499855160713196
Epoch:539, training loss:0.042121924459934235
Epoch:540, training loss:0.0422943060596784
----------------------------
Start validation ...
Validation error:0.04387117177248001
Validation error:0.04387117177248001
New best model saved at epoch 540 with validation error 0.04387117177248001
Save model checkpoints ... 
Save pial surface mesh ... 
Maximum allocated GPU memory: 4.71 GiB
Finish validation.
----------------------------
Epoch:541, training loss:0.04237287988265356
Epoch:542, training loss:0.04267133648196856
Epoch:543, training loss:0.042495218416055046
Epoch:544, training loss:0.04260626807808876
Epoch:545, training loss:0.04282371327280998
Epoch:546, training loss:0.04225091139475504
Epoch:547, training loss:0.04200878615180651
Epoch:548, training loss:0.0419482576350371
Epoch:549, training loss:0.041962869465351105
Epoch:550, training loss:0.04214690004785856
----------------------------
Start validation ...
Validation error:0.04374697804450989
Validation error:0.04374697804450989
New best model saved at epoch 550 with validation error 0.04374697804450989
Save model checkpoints ... 
Save pial surface mesh ... 
Maximum allocated GPU memory: 4.71 GiB
Finish validation.
----------------------------
Epoch:551, training loss:0.042020811388889946
Epoch:552, training loss:0.04238398000597954
Epoch:553, training loss:0.0423182857533296
Epoch:554, training loss:0.04256504774093628
Epoch:555, training loss:0.04209584121902784
Epoch:556, training loss:0.04185874635974566
Epoch:557, training loss:0.042075008153915405
Epoch:558, training loss:0.0423161673049132
Epoch:559, training loss:0.04210029045740763
Epoch:560, training loss:0.042196874817212425
----------------------------
Start validation ...
Validation error:0.04387405514717102
Validation error:0.04387405514717102
Save model checkpoints ... 
Save pial surface mesh ... 
Maximum allocated GPU memory: 4.71 GiB
Finish validation.
----------------------------
Epoch:561, training loss:0.04223059738675753
Epoch:562, training loss:0.04240065192182859
Epoch:563, training loss:0.041696115086476006
Epoch:564, training loss:0.041830447812875114
Epoch:565, training loss:0.0419238843023777
Epoch:566, training loss:0.0420912466943264
Epoch:567, training loss:0.042135062317053475
Epoch:568, training loss:0.04132163027922312
Epoch:569, training loss:0.04163044815262159
Epoch:570, training loss:0.04144808898369471
----------------------------
Start validation ...
Validation error:0.04387155547738075
Validation error:0.04387155547738075
Save model checkpoints ... 
Save pial surface mesh ... 
Maximum allocated GPU memory: 4.71 GiB
Finish validation.
----------------------------
Epoch:571, training loss:0.041691120713949203
Epoch:572, training loss:0.04180140172441801
Epoch:573, training loss:0.0417126901447773
Epoch:574, training loss:0.04230265443523725
Epoch:575, training loss:0.04190307234724363
Epoch:576, training loss:0.04149867221713066
Epoch:577, training loss:0.04151423399647077
Epoch:578, training loss:0.04157826552788416
Epoch:579, training loss:0.0414412667353948
Epoch:580, training loss:0.041335677107175194
----------------------------
Start validation ...
Validation error:0.04385293647646904
Validation error:0.04385293647646904
Save model checkpoints ... 
Save pial surface mesh ... 
Maximum allocated GPU memory: 4.71 GiB
Finish validation.
----------------------------
Epoch:581, training loss:0.04143005982041359
Epoch:582, training loss:0.041592467576265335
Epoch:583, training loss:0.04174858952562014
Epoch:584, training loss:0.04178051774700483
Epoch:585, training loss:0.04201901828249296
Epoch:586, training loss:0.04185272008180618
Epoch:587, training loss:0.04177303363879522
Epoch:588, training loss:0.041194857408603035
Epoch:589, training loss:0.041899854938189186
Epoch:590, training loss:0.04197027037541071
----------------------------
Start validation ...
Validation error:0.04339160397648811
Validation error:0.04339160397648811
New best model saved at epoch 590 with validation error 0.04339160397648811
Save model checkpoints ... 
Save pial surface mesh ... 
Maximum allocated GPU memory: 4.71 GiB
Finish validation.
----------------------------
Epoch:591, training loss:0.04150427753726641
Epoch:592, training loss:0.04165202627579371
Epoch:593, training loss:0.041303480664889015
Epoch:594, training loss:0.041439798971017204
Epoch:595, training loss:0.04159113888939222
Epoch:596, training loss:0.04170318817098936
Epoch:597, training loss:0.04138761137922605
Epoch:598, training loss:0.041487112641334534
Epoch:599, training loss:0.041172453512748085
Epoch:600, training loss:0.041271958500146866
----------------------------
Start validation ...
Validation error:0.04390989616513252
Validation error:0.04390989616513252
Save model checkpoints ... 
Save pial surface mesh ... 
Maximum allocated GPU memory: 4.71 GiB
Finish validation.
----------------------------
Finish training.
----------------------------
D
CC
