aa
bb
Combination: 0, 5
A
B
C
lh training
gnn: 0
layers: 5
trainlh.sh model is a pialgnn
----------------------------
Start loading dataset ...
numbers 100206
numbers 100307
numbers 100408
numbers 100610
MSE
Finish loading dataset. There are total 4 subjects.
Training data length 3
Validation data length 1
scaling factor  0.1
----------------------------
Start loading model ...
Model is CortexGNN
NLayerGCN 5
NLayerGCN 5
Finish loading model
----------------------------
Start training 600 epochs ...
Epoch:0, training loss:0.28679805994033813
----------------------------
Start validation ...
Validation error:0.1962597519159317
Validation error:0.1962597519159317
New best model saved at epoch 0 with validation error 0.1962597519159317
Save model checkpoints ... 
Save pial surface mesh ... 
Maximum allocated GPU memory: 3.99 GiB
Finish validation.
----------------------------
Epoch:1, training loss:0.17588619391123453
Epoch:2, training loss:0.10966921349366505
Epoch:3, training loss:0.08274193356434505
Epoch:4, training loss:0.07289959241946538
Epoch:5, training loss:0.07068334271510442
Epoch:6, training loss:0.06841902683178584
Epoch:7, training loss:0.06313624729712804
Epoch:8, training loss:0.06058238819241524
Epoch:9, training loss:0.059734861056009926
Epoch:10, training loss:0.058280804504950844
----------------------------
Start validation ...
Validation error:0.0534018836915493
Validation error:0.0534018836915493
New best model saved at epoch 10 with validation error 0.0534018836915493
Save model checkpoints ... 
Save pial surface mesh ... 
Maximum allocated GPU memory: 4.00 GiB
Finish validation.
----------------------------
Epoch:11, training loss:0.05692056939005852
Epoch:12, training loss:0.055828443417946495
Epoch:13, training loss:0.054760321974754333
Epoch:14, training loss:0.05412214621901512
Epoch:15, training loss:0.053383953869342804
Epoch:16, training loss:0.05285090580582619
Epoch:17, training loss:0.05232962965965271
Epoch:18, training loss:0.051939062774181366
Epoch:19, training loss:0.05191929514209429
Epoch:20, training loss:0.05209045733014742
----------------------------
Start validation ...
Validation error:0.0475233756005764
Validation error:0.0475233756005764
New best model saved at epoch 20 with validation error 0.0475233756005764
Save model checkpoints ... 
Save pial surface mesh ... 
Maximum allocated GPU memory: 4.00 GiB
Finish validation.
----------------------------
Epoch:21, training loss:0.0505331518749396
Epoch:22, training loss:0.050546745459238686
Epoch:23, training loss:0.05046724403897921
Epoch:24, training loss:0.049852306644121804
Epoch:25, training loss:0.04894566287597021
Epoch:26, training loss:0.04898941641052564
Epoch:27, training loss:0.04887546847263972
Epoch:28, training loss:0.048520619670550026
Epoch:29, training loss:0.04783205067118009
Epoch:30, training loss:0.04796986157695452
----------------------------
Start validation ...
Validation error:0.044587861746549606
Validation error:0.044587861746549606
New best model saved at epoch 30 with validation error 0.044587861746549606
Save model checkpoints ... 
Save pial surface mesh ... 
Maximum allocated GPU memory: 4.00 GiB
Finish validation.
----------------------------
Epoch:31, training loss:0.04786868145068487
Epoch:32, training loss:0.04719203089674314
Epoch:33, training loss:0.046754771222670875
Epoch:34, training loss:0.04680172478159269
Epoch:35, training loss:0.046286411583423615
Epoch:36, training loss:0.04604184006651243
Epoch:37, training loss:0.045629079143206276
Epoch:38, training loss:0.04556144525607427
Epoch:39, training loss:0.045142838110526405
Epoch:40, training loss:0.045363896836837135
----------------------------
Start validation ...
Validation error:0.042726773768663406
Validation error:0.042726773768663406
New best model saved at epoch 40 with validation error 0.042726773768663406
Save model checkpoints ... 
Save pial surface mesh ... 
Maximum allocated GPU memory: 4.00 GiB
Finish validation.
----------------------------
Epoch:41, training loss:0.04482685526212057
Epoch:42, training loss:0.04463774959246317
Epoch:43, training loss:0.044241487979888916
Epoch:44, training loss:0.04413067549467087
Epoch:45, training loss:0.04383553440372149
Epoch:46, training loss:0.0440433993935585
Epoch:47, training loss:0.043619637688001
Epoch:48, training loss:0.04387521247069041
Epoch:49, training loss:0.04343667874733607
Epoch:50, training loss:0.04375508055090904
----------------------------
Start validation ...
Validation error:0.041203536093235016
Validation error:0.041203536093235016
New best model saved at epoch 50 with validation error 0.041203536093235016
Save model checkpoints ... 
Save pial surface mesh ... 
Maximum allocated GPU memory: 4.00 GiB
Finish validation.
----------------------------
Epoch:51, training loss:0.04322199150919914
Epoch:52, training loss:0.0426193413635095
Epoch:53, training loss:0.04274344692627589
Epoch:54, training loss:0.04208293681343397
Epoch:55, training loss:0.042007461190223694
Epoch:56, training loss:0.041897621005773544
Epoch:57, training loss:0.04176219552755356
Epoch:58, training loss:0.04168828452626864
Epoch:59, training loss:0.041392059375842415
Epoch:60, training loss:0.041280741492907204
----------------------------
Start validation ...
Validation error:0.0390569306910038
Validation error:0.0390569306910038
New best model saved at epoch 60 with validation error 0.0390569306910038
Save model checkpoints ... 
Save pial surface mesh ... 
Maximum allocated GPU memory: 4.00 GiB
Finish validation.
----------------------------
Epoch:61, training loss:0.041200694938500725
Epoch:62, training loss:0.041031417747338615
Epoch:63, training loss:0.0412125401198864
Epoch:64, training loss:0.04071573664744695
Epoch:65, training loss:0.04073729117711385
Epoch:66, training loss:0.04026775682965914
Epoch:67, training loss:0.04007534931103388
Epoch:68, training loss:0.04006660977999369
Epoch:69, training loss:0.040141125520070396
Epoch:70, training loss:0.039855338633060455
----------------------------
Start validation ...
Validation error:0.0381779745221138
Validation error:0.0381779745221138
New best model saved at epoch 70 with validation error 0.0381779745221138
Save model checkpoints ... 
Save pial surface mesh ... 
Maximum allocated GPU memory: 4.00 GiB
Finish validation.
----------------------------
Epoch:71, training loss:0.039637198050816856
Epoch:72, training loss:0.039450567215681076
Epoch:73, training loss:0.0393706647058328
Epoch:74, training loss:0.03947940841317177
Epoch:75, training loss:0.039595273633797966
Epoch:76, training loss:0.03914787620306015
Epoch:77, training loss:0.03868056461215019
Epoch:78, training loss:0.03889005755384763
Epoch:79, training loss:0.03857200096050898
Epoch:80, training loss:0.038746509701013565
----------------------------
Start validation ...
Validation error:0.0374419204890728
Validation error:0.0374419204890728
New best model saved at epoch 80 with validation error 0.0374419204890728
Save model checkpoints ... 
Save pial surface mesh ... 
Maximum allocated GPU memory: 4.00 GiB
Finish validation.
----------------------------
Epoch:81, training loss:0.03868782644470533
Epoch:82, training loss:0.03813688084483147
Epoch:83, training loss:0.038344815373420715
Epoch:84, training loss:0.03868045285344124
Epoch:85, training loss:0.037825096398591995
Epoch:86, training loss:0.038183823227882385
Epoch:87, training loss:0.037930868566036224
Epoch:88, training loss:0.037587313602368035
Epoch:89, training loss:0.03778627018133799
Epoch:90, training loss:0.03766841068863869
----------------------------
Start validation ...
Validation error:0.03653830289840698
Validation error:0.03653830289840698
New best model saved at epoch 90 with validation error 0.03653830289840698
Save model checkpoints ... 
Save pial surface mesh ... 
Maximum allocated GPU memory: 4.00 GiB
Finish validation.
----------------------------
Epoch:91, training loss:0.03784897178411484
Epoch:92, training loss:0.03775431215763092
Epoch:93, training loss:0.03727830449740092
Epoch:94, training loss:0.03697824850678444
Epoch:95, training loss:0.03691788266102473
Epoch:96, training loss:0.03678003574411074
Epoch:97, training loss:0.0368273618320624
Epoch:98, training loss:0.03682998691995939
Epoch:99, training loss:0.0366764689485232
Epoch:100, training loss:0.03667370602488518
----------------------------
Start validation ...
Validation error:0.036962464451789856
Validation error:0.036962464451789856
Save model checkpoints ... 
Save pial surface mesh ... 
Maximum allocated GPU memory: 4.00 GiB
Finish validation.
----------------------------
Epoch:101, training loss:0.03758292396863302
Epoch:102, training loss:0.03786290933688482
Epoch:103, training loss:0.0369560569524765
Epoch:104, training loss:0.03699885308742523
Epoch:105, training loss:0.037253892670075096
Epoch:106, training loss:0.03615675990780195
Epoch:107, training loss:0.03645241012175878
Epoch:108, training loss:0.0360109011332194
Epoch:109, training loss:0.03591714551051458
Epoch:110, training loss:0.035720461358626686
----------------------------
Start validation ...
Validation error:0.035867929458618164
Validation error:0.035867929458618164
New best model saved at epoch 110 with validation error 0.035867929458618164
Save model checkpoints ... 
Save pial surface mesh ... 
Maximum allocated GPU memory: 4.00 GiB
Finish validation.
----------------------------
Epoch:111, training loss:0.035900731881459556
Epoch:112, training loss:0.03584371010462443
Epoch:113, training loss:0.03574971233805021
Epoch:114, training loss:0.03558757777015368
Epoch:115, training loss:0.035624088098605476
Epoch:116, training loss:0.03569083660840988
Epoch:117, training loss:0.03557064508398374
Epoch:118, training loss:0.035195608933766685
Epoch:119, training loss:0.03501635789871216
Epoch:120, training loss:0.03493664041161537
----------------------------
Start validation ...
Validation error:0.03488188609480858
Validation error:0.03488188609480858
New best model saved at epoch 120 with validation error 0.03488188609480858
Save model checkpoints ... 
Save pial surface mesh ... 
Maximum allocated GPU memory: 4.00 GiB
Finish validation.
----------------------------
Epoch:121, training loss:0.03507480521996816
Epoch:122, training loss:0.035053265591462456
Epoch:123, training loss:0.034924005468686424
Epoch:124, training loss:0.03526357188820839
Epoch:125, training loss:0.03522982448339462
Epoch:126, training loss:0.034744826455911
Epoch:127, training loss:0.034574092055360474
Epoch:128, training loss:0.03445649643739065
Epoch:129, training loss:0.03431528061628342
Epoch:130, training loss:0.034433092921972275
----------------------------
Start validation ...
Validation error:0.034447185695171356
Validation error:0.034447185695171356
New best model saved at epoch 130 with validation error 0.034447185695171356
Save model checkpoints ... 
Save pial surface mesh ... 
Maximum allocated GPU memory: 4.00 GiB
Finish validation.
----------------------------
Epoch:131, training loss:0.03416222706437111
Epoch:132, training loss:0.03422903145352999
Epoch:133, training loss:0.03403502826889356
Epoch:134, training loss:0.03379058403273424
Epoch:135, training loss:0.033906580259402595
Epoch:136, training loss:0.033723450576265655
Epoch:137, training loss:0.033738620579242706
Epoch:138, training loss:0.03400252138574918
Epoch:139, training loss:0.03409507870674133
Epoch:140, training loss:0.034033726900815964
----------------------------
Start validation ...
Validation error:0.034535039216279984
Validation error:0.034535039216279984
Save model checkpoints ... 
Save pial surface mesh ... 
Maximum allocated GPU memory: 4.00 GiB
Finish validation.
----------------------------
Epoch:141, training loss:0.033779616778095566
Epoch:142, training loss:0.033494869247078896
Epoch:143, training loss:0.03324223185578982
Epoch:144, training loss:0.03332000287870566
Epoch:145, training loss:0.033332146083315216
Epoch:146, training loss:0.03327268796662489
Epoch:147, training loss:0.03302596757809321
Epoch:148, training loss:0.03307759885986646
Epoch:149, training loss:0.03336635480324427
Epoch:150, training loss:0.03328063649435838
----------------------------
Start validation ...
Validation error:0.034303732216358185
Validation error:0.034303732216358185
New best model saved at epoch 150 with validation error 0.034303732216358185
Save model checkpoints ... 
Save pial surface mesh ... 
Maximum allocated GPU memory: 4.00 GiB
Finish validation.
----------------------------
Epoch:151, training loss:0.03304662927985191
Epoch:152, training loss:0.03345551465948423
Epoch:153, training loss:0.03275130006174246
Epoch:154, training loss:0.032566445569197335
Epoch:155, training loss:0.03261150109271208
Epoch:156, training loss:0.03257497400045395
Epoch:157, training loss:0.03268663088480631
Epoch:158, training loss:0.032931492353479065
Epoch:159, training loss:0.032460144410530724
Epoch:160, training loss:0.03236722511549791
----------------------------
Start validation ...
Validation error:0.03341381996870041
Validation error:0.03341381996870041
New best model saved at epoch 160 with validation error 0.03341381996870041
Save model checkpoints ... 
Save pial surface mesh ... 
Maximum allocated GPU memory: 4.00 GiB
Finish validation.
----------------------------
Epoch:161, training loss:0.032869238406419754
Epoch:162, training loss:0.032642144709825516
Epoch:163, training loss:0.03274884323279063
Epoch:164, training loss:0.03371161346634229
Epoch:165, training loss:0.03226037696003914
Epoch:166, training loss:0.03221368851761023
Epoch:167, training loss:0.031920263543725014
Epoch:168, training loss:0.03193229747315248
Epoch:169, training loss:0.032284485176205635
Epoch:170, training loss:0.03194162497917811
----------------------------
Start validation ...
Validation error:0.03283354267477989
Validation error:0.03283354267477989
New best model saved at epoch 170 with validation error 0.03283354267477989
Save model checkpoints ... 
Save pial surface mesh ... 
Maximum allocated GPU memory: 4.00 GiB
Finish validation.
----------------------------
Epoch:171, training loss:0.03176190455754598
Epoch:172, training loss:0.031515180443724
Epoch:173, training loss:0.03163782569269339
Epoch:174, training loss:0.031409613167246185
Epoch:175, training loss:0.031519148498773575
Epoch:176, training loss:0.03173858424027761
Epoch:177, training loss:0.03158405857781569
Epoch:178, training loss:0.03182683698832989
Epoch:179, training loss:0.03139033913612366
Epoch:180, training loss:0.03150300495326519
----------------------------
Start validation ...
Validation error:0.03258756548166275
Validation error:0.03258756548166275
New best model saved at epoch 180 with validation error 0.03258756548166275
Save model checkpoints ... 
Save pial surface mesh ... 
Maximum allocated GPU memory: 4.00 GiB
Finish validation.
----------------------------
Epoch:181, training loss:0.031135613098740578
Epoch:182, training loss:0.0313712532321612
Epoch:183, training loss:0.031349766378601394
Epoch:184, training loss:0.031597910448908806
Epoch:185, training loss:0.031471999982992806
Epoch:186, training loss:0.03180966402093569
Epoch:187, training loss:0.031152773648500443
Epoch:188, training loss:0.03107597368458907
Epoch:189, training loss:0.030874862646063168
Epoch:190, training loss:0.03095059220989545
----------------------------
Start validation ...
Validation error:0.0321924053132534
Validation error:0.0321924053132534
New best model saved at epoch 190 with validation error 0.0321924053132534
Save model checkpoints ... 
Save pial surface mesh ... 
Maximum allocated GPU memory: 4.00 GiB
Finish validation.
----------------------------
Epoch:191, training loss:0.03077976716061433
Epoch:192, training loss:0.03090746079881986
Epoch:193, training loss:0.03062574068705241
Epoch:194, training loss:0.03054217000802358
Epoch:195, training loss:0.030714325606822968
Epoch:196, training loss:0.03086506264905135
Epoch:197, training loss:0.03133261948823929
Epoch:198, training loss:0.03070192225277424
Epoch:199, training loss:0.0304274329294761
Epoch:200, training loss:0.030392864098151524
----------------------------
Start validation ...
Validation error:0.03181737661361694
Validation error:0.03181737661361694
New best model saved at epoch 200 with validation error 0.03181737661361694
Save model checkpoints ... 
Save pial surface mesh ... 
Maximum allocated GPU memory: 4.00 GiB
Finish validation.
----------------------------
Epoch:201, training loss:0.03018541509906451
Epoch:202, training loss:0.030351808294653893
Epoch:203, training loss:0.03007868987818559
Epoch:204, training loss:0.03015948583682378
Epoch:205, training loss:0.030062024171153705
Epoch:206, training loss:0.030510080978274345
Epoch:207, training loss:0.030404080947240193
Epoch:208, training loss:0.030338697756330173
Epoch:209, training loss:0.030148619785904884
Epoch:210, training loss:0.029975461463133495
----------------------------
Start validation ...
Validation error:0.03176688030362129
Validation error:0.03176688030362129
New best model saved at epoch 210 with validation error 0.03176688030362129
Save model checkpoints ... 
Save pial surface mesh ... 
Maximum allocated GPU memory: 4.00 GiB
Finish validation.
----------------------------
Epoch:211, training loss:0.029771216834584873
Epoch:212, training loss:0.02988860197365284
Epoch:213, training loss:0.029775553693373997
Epoch:214, training loss:0.02955244667828083
Epoch:215, training loss:0.029786372557282448
Epoch:216, training loss:0.029704884936412174
Epoch:217, training loss:0.029710598289966583
Epoch:218, training loss:0.029488328844308853
Epoch:219, training loss:0.029597143332163494
Epoch:220, training loss:0.029696084558963776
----------------------------
Start validation ...
Validation error:0.0314573235809803
Validation error:0.0314573235809803
New best model saved at epoch 220 with validation error 0.0314573235809803
Save model checkpoints ... 
Save pial surface mesh ... 
Maximum allocated GPU memory: 4.00 GiB
Finish validation.
----------------------------
Epoch:221, training loss:0.029654980326692264
Epoch:222, training loss:0.02939724052945773
Epoch:223, training loss:0.029453761254747707
Epoch:224, training loss:0.029203565170367558
Epoch:225, training loss:0.02954294408361117
Epoch:226, training loss:0.029256326456864674
Epoch:227, training loss:0.029055700326959293
Epoch:228, training loss:0.02914298822482427
Epoch:229, training loss:0.029278265312314034
Epoch:230, training loss:0.029317647218704224
----------------------------
Start validation ...
Validation error:0.031264979392290115
Validation error:0.031264979392290115
New best model saved at epoch 230 with validation error 0.031264979392290115
Save model checkpoints ... 
Save pial surface mesh ... 
Maximum allocated GPU memory: 4.00 GiB
Finish validation.
----------------------------
Epoch:231, training loss:0.029160107175509136
Epoch:232, training loss:0.029114389171202976
Epoch:233, training loss:0.02882820926606655
Epoch:234, training loss:0.02917269617319107
Epoch:235, training loss:0.02921469509601593
Epoch:236, training loss:0.029502715294559795
Epoch:237, training loss:0.029371121898293495
Epoch:238, training loss:0.02879826972881953
Epoch:239, training loss:0.029086276267965634
Epoch:240, training loss:0.02945368488629659
----------------------------
Start validation ...
Validation error:0.030990729108452797
Validation error:0.030990729108452797
New best model saved at epoch 240 with validation error 0.030990729108452797
Save model checkpoints ... 
Save pial surface mesh ... 
Maximum allocated GPU memory: 4.00 GiB
Finish validation.
----------------------------
Epoch:241, training loss:0.029363370190064114
Epoch:242, training loss:0.029147160549958546
Epoch:243, training loss:0.029097043598691624
Epoch:244, training loss:0.028743748863538105
Epoch:245, training loss:0.028738487511873245
Epoch:246, training loss:0.028524911031126976
Epoch:247, training loss:0.028883205105861027
Epoch:248, training loss:0.028805960590640705
Epoch:249, training loss:0.029309187084436417
Epoch:250, training loss:0.029227212071418762
----------------------------
Start validation ...
Validation error:0.031788431107997894
Validation error:0.031788431107997894
Save model checkpoints ... 
Save pial surface mesh ... 
Maximum allocated GPU memory: 4.00 GiB
Finish validation.
----------------------------
Epoch:251, training loss:0.02911879929403464
Epoch:252, training loss:0.029270726566513378
Epoch:253, training loss:0.028917669629057247
Epoch:254, training loss:0.028768479203184445
Epoch:255, training loss:0.029581180463234585
Epoch:256, training loss:0.028723328684767086
Epoch:257, training loss:0.028215958426396053
Epoch:258, training loss:0.02815696286658446
Epoch:259, training loss:0.028032708292206127
Epoch:260, training loss:0.027951054895917576
----------------------------
Start validation ...
Validation error:0.030860664322972298
Validation error:0.030860664322972298
New best model saved at epoch 260 with validation error 0.030860664322972298
Save model checkpoints ... 
Save pial surface mesh ... 
Maximum allocated GPU memory: 4.00 GiB
Finish validation.
----------------------------
Epoch:261, training loss:0.02786705642938614
Epoch:262, training loss:0.02846448061366876
Epoch:263, training loss:0.028531430289149284
Epoch:264, training loss:0.02863435074687004
Epoch:265, training loss:0.02861282726128896
Epoch:266, training loss:0.02780487947165966
Epoch:267, training loss:0.027883386860291164
Epoch:268, training loss:0.02777409739792347
Epoch:269, training loss:0.02794249231616656
Epoch:270, training loss:0.028293016677101452
----------------------------
Start validation ...
Validation error:0.03115631267428398
Validation error:0.03115631267428398
Save model checkpoints ... 
Save pial surface mesh ... 
Maximum allocated GPU memory: 4.00 GiB
Finish validation.
----------------------------
Epoch:271, training loss:0.027799495806296665
Epoch:272, training loss:0.02796883260210355
Epoch:273, training loss:0.027968505397439003
Epoch:274, training loss:0.0282367126395305
Epoch:275, training loss:0.02798529714345932
Epoch:276, training loss:0.027860383813579876
Epoch:277, training loss:0.028309480597575504
Epoch:278, training loss:0.027681230877836544
Epoch:279, training loss:0.02741055314739545
Epoch:280, training loss:0.027367502450942993
----------------------------
Start validation ...
Validation error:0.030235735699534416
Validation error:0.030235735699534416
New best model saved at epoch 280 with validation error 0.030235735699534416
Save model checkpoints ... 
Save pial surface mesh ... 
Maximum allocated GPU memory: 4.00 GiB
Finish validation.
----------------------------
Epoch:281, training loss:0.02752961094180743
Epoch:282, training loss:0.027559812491138775
Epoch:283, training loss:0.027304769183198612
Epoch:284, training loss:0.027125410735607147
Epoch:285, training loss:0.02717286099990209
Epoch:286, training loss:0.02716282693048318
Epoch:287, training loss:0.02715994231402874
Epoch:288, training loss:0.027275710677107174
Epoch:289, training loss:0.02744172637661298
Epoch:290, training loss:0.027628814180692036
----------------------------
Start validation ...
Validation error:0.031053077429533005
Validation error:0.031053077429533005
Save model checkpoints ... 
Save pial surface mesh ... 
Maximum allocated GPU memory: 4.00 GiB
Finish validation.
----------------------------
Epoch:291, training loss:0.027487785865863163
Epoch:292, training loss:0.027033815160393715
Epoch:293, training loss:0.02681511950989564
Epoch:294, training loss:0.027049491181969643
Epoch:295, training loss:0.02720889573295911
Epoch:296, training loss:0.026834944263100624
Epoch:297, training loss:0.027251562103629112
Epoch:298, training loss:0.027103809639811516
Epoch:299, training loss:0.02680598944425583
Epoch:300, training loss:0.026514500379562378
----------------------------
Start validation ...
Validation error:0.03010939061641693
Validation error:0.03010939061641693
New best model saved at epoch 300 with validation error 0.03010939061641693
Save model checkpoints ... 
Save pial surface mesh ... 
Maximum allocated GPU memory: 4.00 GiB
Finish validation.
----------------------------
Epoch:301, training loss:0.026512855663895607
Epoch:302, training loss:0.026688897982239723
Epoch:303, training loss:0.02648709776500861
Epoch:304, training loss:0.026302962253491085
Epoch:305, training loss:0.02648141545554002
Epoch:306, training loss:0.026525632788737614
Epoch:307, training loss:0.026496770481268566
Epoch:308, training loss:0.026369634394844372
Epoch:309, training loss:0.026422983035445213
Epoch:310, training loss:0.02621402156849702
----------------------------
Start validation ...
Validation error:0.03017323464155197
Validation error:0.03017323464155197
Save model checkpoints ... 
Save pial surface mesh ... 
Maximum allocated GPU memory: 4.00 GiB
Finish validation.
----------------------------
Epoch:311, training loss:0.02627125506599744
Epoch:312, training loss:0.026193100959062576
Epoch:313, training loss:0.02620897814631462
Epoch:314, training loss:0.026311318079630535
Epoch:315, training loss:0.02614462065200011
Epoch:316, training loss:0.026178528865178425
Epoch:317, training loss:0.026204564919074375
Epoch:318, training loss:0.026456015184521675
Epoch:319, training loss:0.02665604278445244
Epoch:320, training loss:0.026299169287085533
----------------------------
Start validation ...
Validation error:0.030843086540699005
Validation error:0.030843086540699005
Save model checkpoints ... 
Save pial surface mesh ... 
Maximum allocated GPU memory: 4.00 GiB
Finish validation.
----------------------------
Epoch:321, training loss:0.026441266760230064
Epoch:322, training loss:0.02710317571957906
Epoch:323, training loss:0.026429589837789536
Epoch:324, training loss:0.02688140484193961
Epoch:325, training loss:0.02599966526031494
Epoch:326, training loss:0.02611304447054863
Epoch:327, training loss:0.02624251755575339
Epoch:328, training loss:0.02607889597614606
Epoch:329, training loss:0.026179437215129536
Epoch:330, training loss:0.026139435668786366
----------------------------
Start validation ...
Validation error:0.029875047504901886
Validation error:0.029875047504901886
New best model saved at epoch 330 with validation error 0.029875047504901886
Save model checkpoints ... 
Save pial surface mesh ... 
Maximum allocated GPU memory: 4.00 GiB
Finish validation.
----------------------------
Epoch:331, training loss:0.025705955922603607
Epoch:332, training loss:0.026051247492432594
Epoch:333, training loss:0.026014740268389385
Epoch:334, training loss:0.025618947421511013
Epoch:335, training loss:0.02557924948632717
Epoch:336, training loss:0.02568284918864568
Epoch:337, training loss:0.025857986882328987
Epoch:338, training loss:0.025798012192050617
Epoch:339, training loss:0.026198516910274822
Epoch:340, training loss:0.026232736185193062
----------------------------
Start validation ...
Validation error:0.029834693297743797
Validation error:0.029834693297743797
New best model saved at epoch 340 with validation error 0.029834693297743797
Save model checkpoints ... 
Save pial surface mesh ... 
Maximum allocated GPU memory: 4.00 GiB
Finish validation.
----------------------------
Epoch:341, training loss:0.025685300429662068
Epoch:342, training loss:0.025419071937600773
Epoch:343, training loss:0.02597467228770256
Epoch:344, training loss:0.02587123215198517
Epoch:345, training loss:0.025386416042844456
Epoch:346, training loss:0.02578030029932658
Epoch:347, training loss:0.0257478350152572
Epoch:348, training loss:0.02564878451327483
Epoch:349, training loss:0.02610474576552709
Epoch:350, training loss:0.0253107442210118
----------------------------
Start validation ...
Validation error:0.029545508325099945
Validation error:0.029545508325099945
New best model saved at epoch 350 with validation error 0.029545508325099945
Save model checkpoints ... 
Save pial surface mesh ... 
Maximum allocated GPU memory: 4.00 GiB
Finish validation.
----------------------------
Epoch:351, training loss:0.02517567140360673
Epoch:352, training loss:0.02507798746228218
Epoch:353, training loss:0.02521053080757459
Epoch:354, training loss:0.025094281882047653
Epoch:355, training loss:0.02511722097794215
Epoch:356, training loss:0.025034260625640552
Epoch:357, training loss:0.025116098423798878
Epoch:358, training loss:0.025230264912048977
Epoch:359, training loss:0.025248792643348377
Epoch:360, training loss:0.024954442555705707
----------------------------
Start validation ...
Validation error:0.03001060150563717
Validation error:0.03001060150563717
Save model checkpoints ... 
Save pial surface mesh ... 
Maximum allocated GPU memory: 4.00 GiB
Finish validation.
----------------------------
Epoch:361, training loss:0.02526111900806427
Epoch:362, training loss:0.02489079162478447
Epoch:363, training loss:0.024971827243765194
Epoch:364, training loss:0.025566086793939274
Epoch:365, training loss:0.025702842821677525
Epoch:366, training loss:0.025634172062079113
Epoch:367, training loss:0.026128701244791348
Epoch:368, training loss:0.025605240215857823
Epoch:369, training loss:0.02520973173280557
Epoch:370, training loss:0.025270087644457817
----------------------------
Start validation ...
Validation error:0.029578406363725662
Validation error:0.029578406363725662
Save model checkpoints ... 
Save pial surface mesh ... 
Maximum allocated GPU memory: 4.00 GiB
Finish validation.
----------------------------
Epoch:371, training loss:0.024767932792504627
Epoch:372, training loss:0.02510095511873563
Epoch:373, training loss:0.024984305103619892
Epoch:374, training loss:0.02489369424680869
Epoch:375, training loss:0.024710367744167645
Epoch:376, training loss:0.02466704323887825
Epoch:377, training loss:0.024674393857518833
Epoch:378, training loss:0.024469181895256042
Epoch:379, training loss:0.024593334645032883
Epoch:380, training loss:0.024524829039971035
----------------------------
Start validation ...
Validation error:0.029662244021892548
Validation error:0.029662244021892548
Save model checkpoints ... 
Save pial surface mesh ... 
Maximum allocated GPU memory: 4.00 GiB
Finish validation.
----------------------------
Epoch:381, training loss:0.024778883904218674
Epoch:382, training loss:0.025218689814209938
Epoch:383, training loss:0.024541570494572323
Epoch:384, training loss:0.024496313805381458
Epoch:385, training loss:0.025089964891473453
Epoch:386, training loss:0.024923627575238545
Epoch:387, training loss:0.024668011193474133
Epoch:388, training loss:0.024741423626740772
Epoch:389, training loss:0.024722572416067123
Epoch:390, training loss:0.024824967607855797
----------------------------
Start validation ...
Validation error:0.02963896654546261
Validation error:0.02963896654546261
Save model checkpoints ... 
Save pial surface mesh ... 
Maximum allocated GPU memory: 4.00 GiB
Finish validation.
----------------------------
Epoch:391, training loss:0.024774029850959778
Epoch:392, training loss:0.02466020795206229
Epoch:393, training loss:0.024603794018427532
Epoch:394, training loss:0.02446998345355193
Epoch:395, training loss:0.024465336153904598
Epoch:396, training loss:0.024304594844579697
Epoch:397, training loss:0.02436971167723338
Epoch:398, training loss:0.02461991769572099
Epoch:399, training loss:0.02469029153386752
Epoch:400, training loss:0.02433861481646697
----------------------------
Start validation ...
Validation error:0.029971709474921227
Validation error:0.029971709474921227
Save model checkpoints ... 
Save pial surface mesh ... 
Maximum allocated GPU memory: 4.00 GiB
Finish validation.
----------------------------
Epoch:401, training loss:0.02454349398612976
Epoch:402, training loss:0.024226976558566093
Epoch:403, training loss:0.024278075744708378
Epoch:404, training loss:0.02437481905023257
Epoch:405, training loss:0.024217847734689713
Epoch:406, training loss:0.024165691807866096
Epoch:407, training loss:0.024134913459420204
Epoch:408, training loss:0.024157607307036717
Epoch:409, training loss:0.023979929586251576
Epoch:410, training loss:0.024064291268587112
----------------------------
Start validation ...
Validation error:0.029556309804320335
Validation error:0.029556309804320335
Save model checkpoints ... 
Save pial surface mesh ... 
Maximum allocated GPU memory: 4.00 GiB
Finish validation.
----------------------------
Epoch:411, training loss:0.023974545300006866
Epoch:412, training loss:0.024148620665073395
Epoch:413, training loss:0.023920269683003426
Epoch:414, training loss:0.024340107416113217
Epoch:415, training loss:0.02379628208776315
Epoch:416, training loss:0.02383568820854028
Epoch:417, training loss:0.023622329036394756
Epoch:418, training loss:0.023805010442932446
Epoch:419, training loss:0.023943177113930385
Epoch:420, training loss:0.02373319740096728
----------------------------
Start validation ...
Validation error:0.029596855863928795
Validation error:0.029596855863928795
Save model checkpoints ... 
Save pial surface mesh ... 
Maximum allocated GPU memory: 4.00 GiB
Finish validation.
----------------------------
Epoch:421, training loss:0.023787301654616993
Epoch:422, training loss:0.02383186233540376
Epoch:423, training loss:0.02365530530611674
Epoch:424, training loss:0.023765357211232185
Epoch:425, training loss:0.023593638713161152
Epoch:426, training loss:0.023598645503322285
Epoch:427, training loss:0.023513769110043842
Epoch:428, training loss:0.023575936754544575
Epoch:429, training loss:0.023514972378810246
Epoch:430, training loss:0.023291023448109627
----------------------------
Start validation ...
Validation error:0.02934998832643032
Validation error:0.02934998832643032
New best model saved at epoch 430 with validation error 0.02934998832643032
Save model checkpoints ... 
Save pial surface mesh ... 
Maximum allocated GPU memory: 4.00 GiB
Finish validation.
----------------------------
Epoch:431, training loss:0.023468297595779102
Epoch:432, training loss:0.023541565984487534
Epoch:433, training loss:0.0238569180170695
Epoch:434, training loss:0.02407201814154784
Epoch:435, training loss:0.024107882132132847
Epoch:436, training loss:0.024299606680870056
Epoch:437, training loss:0.024173304438591003
Epoch:438, training loss:0.024576166023810703
Epoch:439, training loss:0.024010122443238895
Epoch:440, training loss:0.023963938777645428
----------------------------
Start validation ...
Validation error:0.03078272193670273
Validation error:0.03078272193670273
Save model checkpoints ... 
Save pial surface mesh ... 
Maximum allocated GPU memory: 4.00 GiB
Finish validation.
----------------------------
Epoch:441, training loss:0.02382671150068442
Epoch:442, training loss:0.023560654371976852
Epoch:443, training loss:0.02338695339858532
Epoch:444, training loss:0.02334189973771572
Epoch:445, training loss:0.023236195867260296
Epoch:446, training loss:0.02338152565062046
Epoch:447, training loss:0.02335745965441068
Epoch:448, training loss:0.02318782111008962
Epoch:449, training loss:0.023474866524338722
Epoch:450, training loss:0.02315798153479894
----------------------------
Start validation ...
Validation error:0.02946445718407631
Validation error:0.02946445718407631
Save model checkpoints ... 
Save pial surface mesh ... 
Maximum allocated GPU memory: 4.00 GiB
Finish validation.
----------------------------
Epoch:451, training loss:0.023291909446318943
Epoch:452, training loss:0.023241159195701282
Epoch:453, training loss:0.02328064727286498
Epoch:454, training loss:0.023276284337043762
Epoch:455, training loss:0.02342647748688857
Epoch:456, training loss:0.023463327437639236
Epoch:457, training loss:0.023554671555757523
Epoch:458, training loss:0.02375756638745467
Epoch:459, training loss:0.023464781542619068
Epoch:460, training loss:0.023595656578739483
----------------------------
Start validation ...
Validation error:0.030278967693448067
Validation error:0.030278967693448067
Save model checkpoints ... 
Save pial surface mesh ... 
Maximum allocated GPU memory: 4.00 GiB
Finish validation.
----------------------------
Epoch:461, training loss:0.02422176922361056
Epoch:462, training loss:0.0239037877569596
Epoch:463, training loss:0.023122038692235947
Epoch:464, training loss:0.0231688159207503
Epoch:465, training loss:0.023078447828690212
Epoch:466, training loss:0.023015956083933514
Epoch:467, training loss:0.023102647935350735
Epoch:468, training loss:0.023283513262867928
Epoch:469, training loss:0.023242895180980366
Epoch:470, training loss:0.023268806437651317
----------------------------
Start validation ...
Validation error:0.029242215678095818
Validation error:0.029242215678095818
New best model saved at epoch 470 with validation error 0.029242215678095818
Save model checkpoints ... 
Save pial surface mesh ... 
Maximum allocated GPU memory: 4.00 GiB
Finish validation.
----------------------------
Epoch:471, training loss:0.02326148251692454
Epoch:472, training loss:0.023333401729663212
Epoch:473, training loss:0.022904560590783756
Epoch:474, training loss:0.022952628632386524
Epoch:475, training loss:0.02292786290248235
Epoch:476, training loss:0.023136057580510776
Epoch:477, training loss:0.023223891854286194
Epoch:478, training loss:0.022802713016668957
Epoch:479, training loss:0.022978699455658596
Epoch:480, training loss:0.022749030962586403
----------------------------
Start validation ...
Validation error:0.02910950779914856
Validation error:0.02910950779914856
New best model saved at epoch 480 with validation error 0.02910950779914856
Save model checkpoints ... 
Save pial surface mesh ... 
Maximum allocated GPU memory: 4.00 GiB
Finish validation.
----------------------------
Epoch:481, training loss:0.02252611704170704
Epoch:482, training loss:0.022501543785134952
Epoch:483, training loss:0.022588511928915977
Epoch:484, training loss:0.022581834346055984
Epoch:485, training loss:0.022670498117804527
Epoch:486, training loss:0.02277577978869279
Epoch:487, training loss:0.022645009060700733
Epoch:488, training loss:0.022361712530255318
Epoch:489, training loss:0.02239535686870416
Epoch:490, training loss:0.022750720381736755
----------------------------
Start validation ...
Validation error:0.028936875984072685
Validation error:0.028936875984072685
New best model saved at epoch 490 with validation error 0.028936875984072685
Save model checkpoints ... 
Save pial surface mesh ... 
Maximum allocated GPU memory: 4.00 GiB
Finish validation.
----------------------------
Epoch:491, training loss:0.022414313008387882
Epoch:492, training loss:0.022778406118353207
Epoch:493, training loss:0.022609352444609005
Epoch:494, training loss:0.022884316742420197
Epoch:495, training loss:0.022438325608770054
Epoch:496, training loss:0.022281426936388016
Epoch:497, training loss:0.022212952996293705
Epoch:498, training loss:0.02246806149681409
Epoch:499, training loss:0.022369748602310818
Epoch:500, training loss:0.022521141916513443
----------------------------
Start validation ...
Validation error:0.0294457096606493
Validation error:0.0294457096606493
Save model checkpoints ... 
Save pial surface mesh ... 
Maximum allocated GPU memory: 4.00 GiB
Finish validation.
----------------------------
Epoch:501, training loss:0.02235286869108677
Epoch:502, training loss:0.022149693220853806
Epoch:503, training loss:0.022171365718046825
Epoch:504, training loss:0.022147922466198604
Epoch:505, training loss:0.022318038468559582
Epoch:506, training loss:0.022644902269045513
Epoch:507, training loss:0.022399711112181347
Epoch:508, training loss:0.022815190255641937
Epoch:509, training loss:0.022502571965257328
Epoch:510, training loss:0.022649052863319714
----------------------------
Start validation ...
Validation error:0.029488565400242805
Validation error:0.029488565400242805
Save model checkpoints ... 
Save pial surface mesh ... 
Maximum allocated GPU memory: 4.00 GiB
Finish validation.
----------------------------
Epoch:511, training loss:0.022765443349877994
Epoch:512, training loss:0.022878414019942284
Epoch:513, training loss:0.022857639317711193
Epoch:514, training loss:0.022535563136140507
Epoch:515, training loss:0.022367789099613827
Epoch:516, training loss:0.02222534517447154
Epoch:517, training loss:0.022200995435317356
Epoch:518, training loss:0.022118166089057922
Epoch:519, training loss:0.02208689662317435
Epoch:520, training loss:0.022354658072193462
----------------------------
Start validation ...
Validation error:0.02874169498682022
Validation error:0.02874169498682022
New best model saved at epoch 520 with validation error 0.02874169498682022
Save model checkpoints ... 
Save pial surface mesh ... 
Maximum allocated GPU memory: 4.00 GiB
Finish validation.
----------------------------
