aa
bb
Combination: 0, 3
Model location: /data/users2/washbee/websurf/cortexGNN/ckpts/model/lh/PialGCN_GNNlayers3_mse_whitein_full_model_lh_best.pt
gnn: 0
layers: 3
eval.sh model is a pialgnn
----------------------------
Start loading dataset ...
numbers 100206
numbers 100307
numbers 100408
numbers 100610
Finish loading dataset. There are total 4 subjects.
----------------------------
Start loading model ...
NLayerGCN 3
NLayerGCN 3
Model is  PialGCN
config.model_location /data/users2/washbee/websurf/cortexGNN/ckpts/model/lh/PialGCN_GNNlayers3_mse_whitein_full_model_lh_best.pt
Finish loading model
----------------------------
Start evaluation ...
sub_id tensor([100206])
sub_id tensor([100610])
sub_id tensor([100408])
sub_id tensor([100307])
HD: Mean=0.7210824815329631, Std=0.05565170701451396
Finish evaluation.
----------------------------
CC
