aa
bb
Combination: 0, 4
A
B
C
lh training
gnn: 0
layers: 4
trainlh.sh model is a pialgnn
----------------------------
Start loading dataset ...
numbers 100206
numbers 100307
numbers 100408
numbers 100610
MSE
Finish loading dataset. There are total 4 subjects.
Training data length 3
Validation data length 1
scaling factor  0.1
----------------------------
Start loading model ...
Model is CortexGNN
NLayerGCN 4
NLayerGCN 4
Finish loading model
----------------------------
Start training 600 epochs ...
Epoch:0, training loss:0.38334280252456665
----------------------------
Start validation ...
Validation error:0.2304617315530777
Validation error:0.2304617315530777
New best model saved at epoch 0 with validation error 0.2304617315530777
Save model checkpoints ... 
Save pial surface mesh ... 
Maximum allocated GPU memory: 3.31 GiB
Finish validation.
----------------------------
Epoch:1, training loss:0.21941479047139487
Epoch:2, training loss:0.13364115605751672
Epoch:3, training loss:0.094545212884744
Epoch:4, training loss:0.08895872284968694
Epoch:5, training loss:0.07770773023366928
Epoch:6, training loss:0.07928241789340973
Epoch:7, training loss:0.07172261426846187
Epoch:8, training loss:0.06829654673735301
Epoch:9, training loss:0.06509934614102046
Epoch:10, training loss:0.06157063071926435
----------------------------
Start validation ...
Validation error:0.05678139999508858
Validation error:0.05678139999508858
New best model saved at epoch 10 with validation error 0.05678139999508858
Save model checkpoints ... 
Save pial surface mesh ... 
Maximum allocated GPU memory: 3.32 GiB
Finish validation.
----------------------------
Epoch:11, training loss:0.06123648087183634
Epoch:12, training loss:0.05930144588152567
Epoch:13, training loss:0.05880707999070486
Epoch:14, training loss:0.057280879467725754
Epoch:15, training loss:0.05635978157321612
Epoch:16, training loss:0.05561003709832827
Epoch:17, training loss:0.05502296363313993
Epoch:18, training loss:0.054348847518364586
Epoch:19, training loss:0.05376753335197767
Epoch:20, training loss:0.05329175045092901
----------------------------
Start validation ...
Validation error:0.04961211234331131
Validation error:0.04961211234331131
New best model saved at epoch 20 with validation error 0.04961211234331131
Save model checkpoints ... 
Save pial surface mesh ... 
Maximum allocated GPU memory: 3.32 GiB
Finish validation.
----------------------------
Epoch:21, training loss:0.05281062920888265
Epoch:22, training loss:0.052499464402596153
Epoch:23, training loss:0.05192239210009575
Epoch:24, training loss:0.05170982082684835
Epoch:25, training loss:0.05139971524477005
Epoch:26, training loss:0.05085384721557299
Epoch:27, training loss:0.05071889112393061
Epoch:28, training loss:0.050323152293761574
Epoch:29, training loss:0.05020988856752714
Epoch:30, training loss:0.049871642142534256
----------------------------
Start validation ...
Validation error:0.046814076602458954
Validation error:0.046814076602458954
New best model saved at epoch 30 with validation error 0.046814076602458954
Save model checkpoints ... 
Save pial surface mesh ... 
Maximum allocated GPU memory: 3.32 GiB
Finish validation.
----------------------------
Epoch:31, training loss:0.04942150662342707
Epoch:32, training loss:0.04923252885540327
Epoch:33, training loss:0.04881248871485392
Epoch:34, training loss:0.04859296977519989
Epoch:35, training loss:0.0484287291765213
Epoch:36, training loss:0.04811215400695801
Epoch:37, training loss:0.04782199362913767
Epoch:38, training loss:0.04767475898067156
Epoch:39, training loss:0.04743325958649317
Epoch:40, training loss:0.04728429267803828
----------------------------
Start validation ...
Validation error:0.04421548172831535
Validation error:0.04421548172831535
New best model saved at epoch 40 with validation error 0.04421548172831535
Save model checkpoints ... 
Save pial surface mesh ... 
Maximum allocated GPU memory: 3.32 GiB
Finish validation.
----------------------------
Epoch:41, training loss:0.04721345379948616
Epoch:42, training loss:0.047185023625691734
Epoch:43, training loss:0.04670759290456772
Epoch:44, training loss:0.04644431794683138
Epoch:45, training loss:0.04615293691555659
Epoch:46, training loss:0.045938136676947273
Epoch:47, training loss:0.04576340317726135
Epoch:48, training loss:0.04553307592868805
Epoch:49, training loss:0.0454647404452165
Epoch:50, training loss:0.04546697189410528
----------------------------
Start validation ...
Validation error:0.04261702299118042
Validation error:0.04261702299118042
New best model saved at epoch 50 with validation error 0.04261702299118042
Save model checkpoints ... 
Save pial surface mesh ... 
Maximum allocated GPU memory: 3.32 GiB
Finish validation.
----------------------------
Epoch:51, training loss:0.045416134099165596
Epoch:52, training loss:0.04481219624479612
Epoch:53, training loss:0.04478250443935394
Epoch:54, training loss:0.04461546614766121
Epoch:55, training loss:0.044547545413176216
Epoch:56, training loss:0.044311157117287316
Epoch:57, training loss:0.04422156388560931
Epoch:58, training loss:0.04382051775852839
Epoch:59, training loss:0.04382941250999769
Epoch:60, training loss:0.04350228731830915
----------------------------
Start validation ...
Validation error:0.04134257882833481
Validation error:0.04134257882833481
New best model saved at epoch 60 with validation error 0.04134257882833481
Save model checkpoints ... 
Save pial surface mesh ... 
Maximum allocated GPU memory: 3.32 GiB
Finish validation.
----------------------------
Epoch:61, training loss:0.043442435562610626
Epoch:62, training loss:0.043283864855766296
Epoch:63, training loss:0.04319832970698675
Epoch:64, training loss:0.043105212350686394
Epoch:65, training loss:0.042958262066046395
Epoch:66, training loss:0.04276419306794802
Epoch:67, training loss:0.04253824179371198
Epoch:68, training loss:0.04241697117686272
Epoch:69, training loss:0.04257898156841596
Epoch:70, training loss:0.04219473650058111
----------------------------
Start validation ...
Validation error:0.04037026688456535
Validation error:0.04037026688456535
New best model saved at epoch 70 with validation error 0.04037026688456535
Save model checkpoints ... 
Save pial surface mesh ... 
Maximum allocated GPU memory: 3.32 GiB
Finish validation.
----------------------------
Epoch:71, training loss:0.042039706061283745
Epoch:72, training loss:0.04221827909350395
Epoch:73, training loss:0.04230755195021629
Epoch:74, training loss:0.042242664843797684
Epoch:75, training loss:0.04248865693807602
Epoch:76, training loss:0.042518436908721924
Epoch:77, training loss:0.042017459869384766
Epoch:78, training loss:0.04148813461263975
Epoch:79, training loss:0.04123273864388466
Epoch:80, training loss:0.04117936392625173
----------------------------
Start validation ...
Validation error:0.03950438275933266
Validation error:0.03950438275933266
New best model saved at epoch 80 with validation error 0.03950438275933266
Save model checkpoints ... 
Save pial surface mesh ... 
Maximum allocated GPU memory: 3.32 GiB
Finish validation.
----------------------------
Epoch:81, training loss:0.041141399492820106
Epoch:82, training loss:0.0415771429737409
Epoch:83, training loss:0.04093291237950325
Epoch:84, training loss:0.040656790137290955
Epoch:85, training loss:0.04084079712629318
Epoch:86, training loss:0.04056324685613314
Epoch:87, training loss:0.04045795649290085
Epoch:88, training loss:0.04036017507314682
Epoch:89, training loss:0.04035091151793798
Epoch:90, training loss:0.04043322801589966
----------------------------
Start validation ...
Validation error:0.038790248334407806
Validation error:0.038790248334407806
New best model saved at epoch 90 with validation error 0.038790248334407806
Save model checkpoints ... 
Save pial surface mesh ... 
Maximum allocated GPU memory: 3.32 GiB
Finish validation.
----------------------------
Epoch:91, training loss:0.040155100325743355
Epoch:92, training loss:0.039828738818566
Epoch:93, training loss:0.03997206687927246
Epoch:94, training loss:0.03982380032539368
Epoch:95, training loss:0.03961644694209099
Epoch:96, training loss:0.03956052536765734
Epoch:97, training loss:0.03969612345099449
Epoch:98, training loss:0.0395756500462691
Epoch:99, training loss:0.03944856797655424
Epoch:100, training loss:0.039347356806198754
----------------------------
Start validation ...
Validation error:0.03800170496106148
Validation error:0.03800170496106148
New best model saved at epoch 100 with validation error 0.03800170496106148
Save model checkpoints ... 
Save pial surface mesh ... 
Maximum allocated GPU memory: 3.32 GiB
Finish validation.
----------------------------
Epoch:101, training loss:0.039086513221263885
Epoch:102, training loss:0.03908415138721466
Epoch:103, training loss:0.038938806702693306
Epoch:104, training loss:0.03905211885770162
Epoch:105, training loss:0.039056060214837394
Epoch:106, training loss:0.039016315092643104
Epoch:107, training loss:0.03904301548997561
Epoch:108, training loss:0.03881805141766866
Epoch:109, training loss:0.038599707186222076
Epoch:110, training loss:0.03840925792853037
----------------------------
Start validation ...
Validation error:0.037619877606630325
Validation error:0.037619877606630325
New best model saved at epoch 110 with validation error 0.037619877606630325
Save model checkpoints ... 
Save pial surface mesh ... 
Maximum allocated GPU memory: 3.32 GiB
Finish validation.
----------------------------
Epoch:111, training loss:0.03850585843125979
Epoch:112, training loss:0.038618734727303185
Epoch:113, training loss:0.03869262213508288
Epoch:114, training loss:0.0384578046699365
Epoch:115, training loss:0.038290378948052727
Epoch:116, training loss:0.03834580381711324
Epoch:117, training loss:0.03846529250343641
Epoch:118, training loss:0.03829861804842949
Epoch:119, training loss:0.03826827059189478
Epoch:120, training loss:0.038008431593577065
----------------------------
Start validation ...
Validation error:0.037105854600667953
Validation error:0.037105854600667953
New best model saved at epoch 120 with validation error 0.037105854600667953
Save model checkpoints ... 
Save pial surface mesh ... 
Maximum allocated GPU memory: 3.32 GiB
Finish validation.
----------------------------
Epoch:121, training loss:0.03759737436970075
Epoch:122, training loss:0.03762239838639895
Epoch:123, training loss:0.03758001203338305
Epoch:124, training loss:0.0374557264149189
Epoch:125, training loss:0.03767523542046547
Epoch:126, training loss:0.03795308123032252
Epoch:127, training loss:0.03753867124517759
Epoch:128, training loss:0.03727562849720319
Epoch:129, training loss:0.037585808585087456
Epoch:130, training loss:0.037481389939785004
----------------------------
Start validation ...
Validation error:0.037273257970809937
Validation error:0.037273257970809937
Save model checkpoints ... 
Save pial surface mesh ... 
Maximum allocated GPU memory: 3.32 GiB
Finish validation.
----------------------------
Epoch:131, training loss:0.03744239111741384
Epoch:132, training loss:0.03708009670178095
Epoch:133, training loss:0.036987967789173126
Epoch:134, training loss:0.0368715338408947
Epoch:135, training loss:0.03680352866649628
Epoch:136, training loss:0.0367042509218057
Epoch:137, training loss:0.03666576991478602
Epoch:138, training loss:0.03673768291870753
Epoch:139, training loss:0.03651446724931399
Epoch:140, training loss:0.03663364052772522
----------------------------
Start validation ...
Validation error:0.03641694784164429
Validation error:0.03641694784164429
New best model saved at epoch 140 with validation error 0.03641694784164429
Save model checkpoints ... 
Save pial surface mesh ... 
Maximum allocated GPU memory: 3.32 GiB
Finish validation.
----------------------------
Epoch:141, training loss:0.03679937124252319
Epoch:142, training loss:0.03688501318295797
Epoch:143, training loss:0.03717059642076492
Epoch:144, training loss:0.03744525834918022
Epoch:145, training loss:0.037425532937049866
Epoch:146, training loss:0.036884188652038574
Epoch:147, training loss:0.0368733877936999
Epoch:148, training loss:0.03639425585667292
Epoch:149, training loss:0.03626810014247894
Epoch:150, training loss:0.0362147664030393
----------------------------
Start validation ...
Validation error:0.036384738981723785
Validation error:0.036384738981723785
New best model saved at epoch 150 with validation error 0.036384738981723785
Save model checkpoints ... 
Save pial surface mesh ... 
Maximum allocated GPU memory: 3.32 GiB
Finish validation.
----------------------------
Epoch:151, training loss:0.03617023055752119
Epoch:152, training loss:0.035999931395053864
Epoch:153, training loss:0.035928270469109215
Epoch:154, training loss:0.03596200545628866
Epoch:155, training loss:0.035944888989130654
Epoch:156, training loss:0.035905065635840096
Epoch:157, training loss:0.03559784715374311
Epoch:158, training loss:0.03569889316956202
Epoch:159, training loss:0.03548720106482506
Epoch:160, training loss:0.03536336620648702
----------------------------
Start validation ...
Validation error:0.03567398712038994
Validation error:0.03567398712038994
New best model saved at epoch 160 with validation error 0.03567398712038994
Save model checkpoints ... 
Save pial surface mesh ... 
Maximum allocated GPU memory: 3.32 GiB
Finish validation.
----------------------------
Epoch:161, training loss:0.03533498321970304
Epoch:162, training loss:0.035377836475769676
Epoch:163, training loss:0.03543677429358164
Epoch:164, training loss:0.03527372827132543
Epoch:165, training loss:0.03516320139169693
Epoch:166, training loss:0.035365828623374305
Epoch:167, training loss:0.0354609340429306
Epoch:168, training loss:0.035729583352804184
Epoch:169, training loss:0.03561796868840853
Epoch:170, training loss:0.035805992782115936
----------------------------
Start validation ...
Validation error:0.036442555487155914
Validation error:0.036442555487155914
Save model checkpoints ... 
Save pial surface mesh ... 
Maximum allocated GPU memory: 3.32 GiB
Finish validation.
----------------------------
Epoch:171, training loss:0.035889005909363426
Epoch:172, training loss:0.03624590486288071
Epoch:173, training loss:0.03572274868686994
Epoch:174, training loss:0.035143895695606865
Epoch:175, training loss:0.0352105088531971
Epoch:176, training loss:0.03480321789781252
Epoch:177, training loss:0.03483432158827782
Epoch:178, training loss:0.03458870202302933
Epoch:179, training loss:0.0345375103255113
Epoch:180, training loss:0.03493869677186012
----------------------------
Start validation ...
Validation error:0.035641346126794815
Validation error:0.035641346126794815
New best model saved at epoch 180 with validation error 0.035641346126794815
Save model checkpoints ... 
Save pial surface mesh ... 
Maximum allocated GPU memory: 3.32 GiB
Finish validation.
----------------------------
Epoch:181, training loss:0.034621031334002815
Epoch:182, training loss:0.034483841309944786
Epoch:183, training loss:0.034371974567572273
Epoch:184, training loss:0.03424631617963314
Epoch:185, training loss:0.034320677941044174
Epoch:186, training loss:0.03414237933854262
Epoch:187, training loss:0.03417223443587621
Epoch:188, training loss:0.034247572223345436
Epoch:189, training loss:0.03427538648247719
Epoch:190, training loss:0.034288519993424416
----------------------------
Start validation ...
Validation error:0.03508109971880913
Validation error:0.03508109971880913
New best model saved at epoch 190 with validation error 0.03508109971880913
Save model checkpoints ... 
Save pial surface mesh ... 
Maximum allocated GPU memory: 3.32 GiB
Finish validation.
----------------------------
Epoch:191, training loss:0.03430329697827498
Epoch:192, training loss:0.03402840718626976
Epoch:193, training loss:0.03406763697663943
Epoch:194, training loss:0.03411323390901089
Epoch:195, training loss:0.03421414395173391
Epoch:196, training loss:0.033856114372611046
Epoch:197, training loss:0.03406779343883196
Epoch:198, training loss:0.03385080272952715
Epoch:199, training loss:0.03371817246079445
Epoch:200, training loss:0.033680362006028496
----------------------------
Start validation ...
Validation error:0.034602414816617966
Validation error:0.034602414816617966
New best model saved at epoch 200 with validation error 0.034602414816617966
Save model checkpoints ... 
Save pial surface mesh ... 
Maximum allocated GPU memory: 3.32 GiB
Finish validation.
----------------------------
Epoch:201, training loss:0.0337407353023688
Epoch:202, training loss:0.03365741980572542
Epoch:203, training loss:0.033815523609519005
Epoch:204, training loss:0.03375665284693241
Epoch:205, training loss:0.033813403298457466
Epoch:206, training loss:0.033856590588887535
Epoch:207, training loss:0.03355378036697706
Epoch:208, training loss:0.03338444543381532
Epoch:209, training loss:0.03368167827526728
Epoch:210, training loss:0.033289567877848945
----------------------------
Start validation ...
Validation error:0.034937504678964615
Validation error:0.034937504678964615
Save model checkpoints ... 
Save pial surface mesh ... 
Maximum allocated GPU memory: 3.32 GiB
Finish validation.
----------------------------
Epoch:211, training loss:0.03342185479899248
Epoch:212, training loss:0.03331769444048405
Epoch:213, training loss:0.033094105000297226
Epoch:214, training loss:0.03313397181530794
Epoch:215, training loss:0.03307259517411391
Epoch:216, training loss:0.032971673955519996
Epoch:217, training loss:0.0329839593420426
Epoch:218, training loss:0.032872957487901054
Epoch:219, training loss:0.03283523271481196
Epoch:220, training loss:0.03289941884577274
----------------------------
Start validation ...
Validation error:0.03429211676120758
Validation error:0.03429211676120758
New best model saved at epoch 220 with validation error 0.03429211676120758
Save model checkpoints ... 
Save pial surface mesh ... 
Maximum allocated GPU memory: 3.32 GiB
Finish validation.
----------------------------
Epoch:221, training loss:0.03305117040872574
Epoch:222, training loss:0.033126961439847946
Epoch:223, training loss:0.03266919466356436
Epoch:224, training loss:0.03289807649950186
Epoch:225, training loss:0.03297615982592106
Epoch:226, training loss:0.032750170677900314
Epoch:227, training loss:0.03269740007817745
Epoch:228, training loss:0.032623053838809334
Epoch:229, training loss:0.032627844562133156
Epoch:230, training loss:0.03280117797354857
----------------------------
Start validation ...
Validation error:0.03426187485456467
Validation error:0.03426187485456467
New best model saved at epoch 230 with validation error 0.03426187485456467
Save model checkpoints ... 
Save pial surface mesh ... 
Maximum allocated GPU memory: 3.32 GiB
Finish validation.
----------------------------
Epoch:231, training loss:0.032755726327498756
Epoch:232, training loss:0.0326302790393432
Epoch:233, training loss:0.03248556579152743
Epoch:234, training loss:0.03233698010444641
Epoch:235, training loss:0.03236388973891735
Epoch:236, training loss:0.03255710067848364
Epoch:237, training loss:0.03201978219052156
Epoch:238, training loss:0.03225396014750004
Epoch:239, training loss:0.03226352545122305
Epoch:240, training loss:0.03217980327705542
----------------------------
Start validation ...
Validation error:0.034074973315000534
Validation error:0.034074973315000534
New best model saved at epoch 240 with validation error 0.034074973315000534
Save model checkpoints ... 
Save pial surface mesh ... 
Maximum allocated GPU memory: 3.32 GiB
Finish validation.
----------------------------
Epoch:241, training loss:0.032080053662260376
Epoch:242, training loss:0.03197117770711581
Epoch:243, training loss:0.03190630363921324
Epoch:244, training loss:0.032035150254766144
Epoch:245, training loss:0.032102091858784355
Epoch:246, training loss:0.03195974479118983
Epoch:247, training loss:0.031744216879208885
Epoch:248, training loss:0.03193495546778043
Epoch:249, training loss:0.03190183825790882
Epoch:250, training loss:0.03180913502971331
----------------------------
Start validation ...
Validation error:0.033697497099637985
Validation error:0.033697497099637985
New best model saved at epoch 250 with validation error 0.033697497099637985
Save model checkpoints ... 
Save pial surface mesh ... 
Maximum allocated GPU memory: 3.32 GiB
Finish validation.
----------------------------
Epoch:251, training loss:0.03178832742075125
Epoch:252, training loss:0.031884090354045234
Epoch:253, training loss:0.03178819579382738
Epoch:254, training loss:0.03188782371580601
Epoch:255, training loss:0.0322225938240687
Epoch:256, training loss:0.031458561619122825
Epoch:257, training loss:0.031441480542222656
Epoch:258, training loss:0.03155746248861154
Epoch:259, training loss:0.03165351723631223
Epoch:260, training loss:0.03211112692952156
----------------------------
Start validation ...
Validation error:0.034424781799316406
Validation error:0.034424781799316406
Save model checkpoints ... 
Save pial surface mesh ... 
Maximum allocated GPU memory: 3.32 GiB
Finish validation.
----------------------------
Epoch:261, training loss:0.0319282573958238
Epoch:262, training loss:0.03189019858837128
Epoch:263, training loss:0.03168375107149283
Epoch:264, training loss:0.03136874424914519
Epoch:265, training loss:0.03136964080234369
Epoch:266, training loss:0.03135937079787254
Epoch:267, training loss:0.031627984096606575
Epoch:268, training loss:0.031116129209597904
Epoch:269, training loss:0.031148289019862812
Epoch:270, training loss:0.03108216201265653
----------------------------
Start validation ...
Validation error:0.03350275009870529
Validation error:0.03350275009870529
New best model saved at epoch 270 with validation error 0.03350275009870529
Save model checkpoints ... 
Save pial surface mesh ... 
Maximum allocated GPU memory: 3.32 GiB
Finish validation.
----------------------------
Epoch:271, training loss:0.031075286368529003
Epoch:272, training loss:0.030926046272118885
Epoch:273, training loss:0.0310780331492424
Epoch:274, training loss:0.031180716430147488
Epoch:275, training loss:0.031193406010667484
Epoch:276, training loss:0.031041859338680904
Epoch:277, training loss:0.03116913139820099
Epoch:278, training loss:0.03068067692220211
Epoch:279, training loss:0.030797244980931282
Epoch:280, training loss:0.030908771480123203
----------------------------
Start validation ...
Validation error:0.033473044633865356
Validation error:0.033473044633865356
New best model saved at epoch 280 with validation error 0.033473044633865356
Save model checkpoints ... 
Save pial surface mesh ... 
Maximum allocated GPU memory: 3.32 GiB
Finish validation.
----------------------------
Epoch:281, training loss:0.03087197182079156
Epoch:282, training loss:0.030697986483573914
Epoch:283, training loss:0.030778502424558003
Epoch:284, training loss:0.031090018649895985
Epoch:285, training loss:0.030928519864877064
Epoch:286, training loss:0.03083072416484356
Epoch:287, training loss:0.03086336888372898
Epoch:288, training loss:0.030684572954972584
Epoch:289, training loss:0.030509103089571
Epoch:290, training loss:0.030459302787979443
----------------------------
Start validation ...
Validation error:0.03327101469039917
Validation error:0.03327101469039917
New best model saved at epoch 290 with validation error 0.03327101469039917
Save model checkpoints ... 
Save pial surface mesh ... 
Maximum allocated GPU memory: 3.32 GiB
Finish validation.
----------------------------
Epoch:291, training loss:0.03058061624566714
Epoch:292, training loss:0.030582938964168232
Epoch:293, training loss:0.030635520194967587
Epoch:294, training loss:0.030309580887357395
Epoch:295, training loss:0.030400710180401802
Epoch:296, training loss:0.030247040713826816
Epoch:297, training loss:0.030214456841349602
Epoch:298, training loss:0.030286548659205437
Epoch:299, training loss:0.030138238643606503
Epoch:300, training loss:0.03018287941813469
----------------------------
Start validation ...
Validation error:0.03292029723525047
Validation error:0.03292029723525047
New best model saved at epoch 300 with validation error 0.03292029723525047
Save model checkpoints ... 
Save pial surface mesh ... 
Maximum allocated GPU memory: 3.32 GiB
Finish validation.
----------------------------
Epoch:301, training loss:0.030045483882228535
Epoch:302, training loss:0.030192498117685318
Epoch:303, training loss:0.03008567231396834
Epoch:304, training loss:0.030097385868430138
Epoch:305, training loss:0.030102467785278957
Epoch:306, training loss:0.030026028553644817
Epoch:307, training loss:0.03040691837668419
Epoch:308, training loss:0.03010615644355615
Epoch:309, training loss:0.02999555692076683
Epoch:310, training loss:0.030202914650241535
----------------------------
Start validation ...
Validation error:0.03327491879463196
Validation error:0.03327491879463196
Save model checkpoints ... 
Save pial surface mesh ... 
Maximum allocated GPU memory: 3.32 GiB
Finish validation.
----------------------------
Epoch:311, training loss:0.030334147314230602
Epoch:312, training loss:0.030205717931191128
Epoch:313, training loss:0.030360430479049683
Epoch:314, training loss:0.030000794678926468
Epoch:315, training loss:0.029771552110711735
Epoch:316, training loss:0.029814040288329124
Epoch:317, training loss:0.0299350389589866
Epoch:318, training loss:0.029567305619517963
Epoch:319, training loss:0.029568014666438103
Epoch:320, training loss:0.029670550177494686
----------------------------
Start validation ...
Validation error:0.032785311341285706
Validation error:0.032785311341285706
New best model saved at epoch 320 with validation error 0.032785311341285706
Save model checkpoints ... 
Save pial surface mesh ... 
Maximum allocated GPU memory: 3.32 GiB
Finish validation.
----------------------------
Epoch:321, training loss:0.029447037105758984
Epoch:322, training loss:0.02964402176439762
Epoch:323, training loss:0.02965717452267806
Epoch:324, training loss:0.029577435304721195
Epoch:325, training loss:0.029482823486129444
Epoch:326, training loss:0.029343827938040096
Epoch:327, training loss:0.02928587483863036
Epoch:328, training loss:0.029311050350467365
Epoch:329, training loss:0.029318009192744892
Epoch:330, training loss:0.029376853878299396
----------------------------
Start validation ...
Validation error:0.03263474255800247
Validation error:0.03263474255800247
New best model saved at epoch 330 with validation error 0.03263474255800247
Save model checkpoints ... 
Save pial surface mesh ... 
Maximum allocated GPU memory: 3.32 GiB
Finish validation.
----------------------------
Epoch:331, training loss:0.029157417515913647
Epoch:332, training loss:0.029170218855142593
Epoch:333, training loss:0.029230803872148197
Epoch:334, training loss:0.029088161885738373
Epoch:335, training loss:0.029051357259353
Epoch:336, training loss:0.029171661163369816
Epoch:337, training loss:0.02901986489693324
Epoch:338, training loss:0.029276587069034576
Epoch:339, training loss:0.029036628703276317
Epoch:340, training loss:0.02906874008476734
----------------------------
Start validation ...
Validation error:0.03321940451860428
Validation error:0.03321940451860428
Save model checkpoints ... 
Save pial surface mesh ... 
Maximum allocated GPU memory: 3.32 GiB
Finish validation.
----------------------------
Epoch:341, training loss:0.029331345111131668
Epoch:342, training loss:0.029126739129424095
Epoch:343, training loss:0.029322973762949307
Epoch:344, training loss:0.029618507872025173
Epoch:345, training loss:0.02985028550028801
Epoch:346, training loss:0.02940930922826131
Epoch:347, training loss:0.0294015488276879
Epoch:348, training loss:0.029358408724268276
Epoch:349, training loss:0.02970160109301408
Epoch:350, training loss:0.029367338865995407
----------------------------
Start validation ...
Validation error:0.032910481095314026
Validation error:0.032910481095314026
Save model checkpoints ... 
Save pial surface mesh ... 
Maximum allocated GPU memory: 3.32 GiB
Finish validation.
----------------------------
Epoch:351, training loss:0.029347078253825504
Epoch:352, training loss:0.02919006658097108
Epoch:353, training loss:0.028966739773750305
Epoch:354, training loss:0.02894327975809574
Epoch:355, training loss:0.028709254538019497
Epoch:356, training loss:0.0286455936729908
Epoch:357, training loss:0.02877860888838768
Epoch:358, training loss:0.0284800020356973
Epoch:359, training loss:0.028748150914907455
Epoch:360, training loss:0.028612293303012848
----------------------------
Start validation ...
Validation error:0.03236674889922142
Validation error:0.03236674889922142
New best model saved at epoch 360 with validation error 0.03236674889922142
Save model checkpoints ... 
Save pial surface mesh ... 
Maximum allocated GPU memory: 3.32 GiB
Finish validation.
----------------------------
Epoch:361, training loss:0.028679731612404186
Epoch:362, training loss:0.02866983227431774
Epoch:363, training loss:0.028886397058765095
Epoch:364, training loss:0.028489194189508755
Epoch:365, training loss:0.02854056345919768
Epoch:366, training loss:0.028486959636211395
Epoch:367, training loss:0.02855748124420643
Epoch:368, training loss:0.028223703304926556
Epoch:369, training loss:0.028290262445807457
Epoch:370, training loss:0.028140810628732044
----------------------------
Start validation ...
Validation error:0.03215103596448898
Validation error:0.03215103596448898
New best model saved at epoch 370 with validation error 0.03215103596448898
Save model checkpoints ... 
Save pial surface mesh ... 
Maximum allocated GPU memory: 3.32 GiB
Finish validation.
----------------------------
Epoch:371, training loss:0.02815798545877139
Epoch:372, training loss:0.028291113674640656
Epoch:373, training loss:0.02822917451461156
Epoch:374, training loss:0.028289668262004852
Epoch:375, training loss:0.028620972608526547
Epoch:376, training loss:0.028463263685504597
Epoch:377, training loss:0.028288135925928753
Epoch:378, training loss:0.028426801164944965
Epoch:379, training loss:0.028293260062734287
Epoch:380, training loss:0.02833486410478751
----------------------------
Start validation ...
Validation error:0.03207482770085335
Validation error:0.03207482770085335
New best model saved at epoch 380 with validation error 0.03207482770085335
Save model checkpoints ... 
Save pial surface mesh ... 
Maximum allocated GPU memory: 3.32 GiB
Finish validation.
----------------------------
Epoch:381, training loss:0.02801067816714446
Epoch:382, training loss:0.028113345926006634
Epoch:383, training loss:0.028123990322152775
Epoch:384, training loss:0.027969760199387867
Epoch:385, training loss:0.027941597625613213
Epoch:386, training loss:0.02804729901254177
Epoch:387, training loss:0.027974245448907215
Epoch:388, training loss:0.02791760489344597
Epoch:389, training loss:0.027807621906201046
Epoch:390, training loss:0.02790362263719241
----------------------------
Start validation ...
Validation error:0.03231474384665489
Validation error:0.03231474384665489
Save model checkpoints ... 
Save pial surface mesh ... 
Maximum allocated GPU memory: 3.32 GiB
Finish validation.
----------------------------
Epoch:391, training loss:0.028145759056011837
Epoch:392, training loss:0.027784015983343124
Epoch:393, training loss:0.028035075093309086
Epoch:394, training loss:0.028069401780764263
Epoch:395, training loss:0.02806076655785243
Epoch:396, training loss:0.02810729170838992
Epoch:397, training loss:0.027862145255009334
Epoch:398, training loss:0.027957478538155556
Epoch:399, training loss:0.027618300790588062
Epoch:400, training loss:0.027658817047874134
----------------------------
Start validation ...
Validation error:0.03252436965703964
Validation error:0.03252436965703964
Save model checkpoints ... 
Save pial surface mesh ... 
Maximum allocated GPU memory: 3.32 GiB
Finish validation.
----------------------------
Epoch:401, training loss:0.027917564536134403
Epoch:402, training loss:0.027816686779260635
Epoch:403, training loss:0.027896394953131676
Epoch:404, training loss:0.027833273634314537
Epoch:405, training loss:0.02749999302128951
Epoch:406, training loss:0.027624554311235745
Epoch:407, training loss:0.02784605696797371
Epoch:408, training loss:0.02776567575832208
Epoch:409, training loss:0.028202077373862267
Epoch:410, training loss:0.027877047657966614
----------------------------
Start validation ...
Validation error:0.03188462182879448
Validation error:0.03188462182879448
New best model saved at epoch 410 with validation error 0.03188462182879448
Save model checkpoints ... 
Save pial surface mesh ... 
Maximum allocated GPU memory: 3.32 GiB
Finish validation.
----------------------------
Epoch:411, training loss:0.027480526516834896
Epoch:412, training loss:0.02735281176865101
Epoch:413, training loss:0.02776101790368557
Epoch:414, training loss:0.027381060644984245
Epoch:415, training loss:0.027477956066528957
Epoch:416, training loss:0.027469439432024956
Epoch:417, training loss:0.02740514154235522
Epoch:418, training loss:0.027182303369045258
Epoch:419, training loss:0.027124326055248577
Epoch:420, training loss:0.027057256549596786
----------------------------
Start validation ...
Validation error:0.03202391043305397
Validation error:0.03202391043305397
Save model checkpoints ... 
Save pial surface mesh ... 
Maximum allocated GPU memory: 3.32 GiB
Finish validation.
----------------------------
Epoch:421, training loss:0.027358489111065865
Epoch:422, training loss:0.027130433668692906
Epoch:423, training loss:0.027228531738122303
Epoch:424, training loss:0.027272349844376247
Epoch:425, training loss:0.02723640762269497
Epoch:426, training loss:0.02709346016248067
Epoch:427, training loss:0.027423823873202007
Epoch:428, training loss:0.027256614218155544
Epoch:429, training loss:0.027210801218946774
Epoch:430, training loss:0.027197761461138725
----------------------------
Start validation ...
Validation error:0.0319092757999897
Validation error:0.0319092757999897
Save model checkpoints ... 
Save pial surface mesh ... 
Maximum allocated GPU memory: 3.32 GiB
Finish validation.
----------------------------
Epoch:431, training loss:0.027434807891647022
Epoch:432, training loss:0.02761676535010338
Epoch:433, training loss:0.026961910848816235
Epoch:434, training loss:0.0270050261169672
Epoch:435, training loss:0.02724493791659673
Epoch:436, training loss:0.027069331457217533
Epoch:437, training loss:0.026845062151551247
Epoch:438, training loss:0.02672325385113557
Epoch:439, training loss:0.02677287595967452
Epoch:440, training loss:0.02693173723916213
----------------------------
Start validation ...
Validation error:0.03164201229810715
Validation error:0.03164201229810715
New best model saved at epoch 440 with validation error 0.03164201229810715
Save model checkpoints ... 
Save pial surface mesh ... 
Maximum allocated GPU memory: 3.32 GiB
Finish validation.
----------------------------
Epoch:441, training loss:0.02681493138273557
Epoch:442, training loss:0.02683983991543452
Epoch:443, training loss:0.027111123005549114
Epoch:444, training loss:0.026861962551871937
Epoch:445, training loss:0.026854509487748146
Epoch:446, training loss:0.0265007180472215
Epoch:447, training loss:0.026604614531000454
Epoch:448, training loss:0.02661833663781484
Epoch:449, training loss:0.026761947199702263
Epoch:450, training loss:0.02683485982318719
----------------------------
Start validation ...
Validation error:0.03198818862438202
Validation error:0.03198818862438202
Save model checkpoints ... 
Save pial surface mesh ... 
Maximum allocated GPU memory: 3.32 GiB
Finish validation.
----------------------------
Epoch:451, training loss:0.026728748654325802
Epoch:452, training loss:0.02662360854446888
Epoch:453, training loss:0.026530712222059567
Epoch:454, training loss:0.026826242605845135
Epoch:455, training loss:0.026776092126965523
Epoch:456, training loss:0.02681823819875717
Epoch:457, training loss:0.02668328769505024
Epoch:458, training loss:0.026727762694160145
Epoch:459, training loss:0.0267096155633529
Epoch:460, training loss:0.026429897795120876
----------------------------
Start validation ...
Validation error:0.03174426779150963
Validation error:0.03174426779150963
Save model checkpoints ... 
Save pial surface mesh ... 
Maximum allocated GPU memory: 3.32 GiB
Finish validation.
----------------------------
Epoch:461, training loss:0.02656210648516814
Epoch:462, training loss:0.026917604729533195
Epoch:463, training loss:0.026945992062489193
Epoch:464, training loss:0.027104090278347332
Epoch:465, training loss:0.026691125084956486
Epoch:466, training loss:0.02658022753894329
Epoch:467, training loss:0.02642981708049774
Epoch:468, training loss:0.026401741430163383
Epoch:469, training loss:0.026425234352548916
Epoch:470, training loss:0.02641119249165058
----------------------------
Start validation ...
Validation error:0.03220495954155922
Validation error:0.03220495954155922
Save model checkpoints ... 
Save pial surface mesh ... 
Maximum allocated GPU memory: 3.32 GiB
Finish validation.
----------------------------
Epoch:471, training loss:0.02667574832836787
Epoch:472, training loss:0.02696799362699191
Epoch:473, training loss:0.026752117400368054
Epoch:474, training loss:0.02695554494857788
Epoch:475, training loss:0.026652988667289417
Epoch:476, training loss:0.0265423742433389
Epoch:477, training loss:0.026568446929256122
Epoch:478, training loss:0.02609165074924628
Epoch:479, training loss:0.026431225861112278
Epoch:480, training loss:0.026130711659789085
----------------------------
Start validation ...
Validation error:0.03159581124782562
Validation error:0.03159581124782562
New best model saved at epoch 480 with validation error 0.03159581124782562
Save model checkpoints ... 
Save pial surface mesh ... 
Maximum allocated GPU memory: 3.32 GiB
Finish validation.
----------------------------
Epoch:481, training loss:0.026038796951373417
Epoch:482, training loss:0.026087016488114994
Epoch:483, training loss:0.0260147824883461
Epoch:484, training loss:0.02599219356973966
Epoch:485, training loss:0.026009774456421535
Epoch:486, training loss:0.02595570869743824
Epoch:487, training loss:0.025929711138208706
Epoch:488, training loss:0.025787796825170517
Epoch:489, training loss:0.026008183757464092
Epoch:490, training loss:0.026144767180085182
----------------------------
Start validation ...
Validation error:0.031571146100759506
Validation error:0.031571146100759506
New best model saved at epoch 490 with validation error 0.031571146100759506
Save model checkpoints ... 
Save pial surface mesh ... 
Maximum allocated GPU memory: 3.32 GiB
Finish validation.
----------------------------
Epoch:491, training loss:0.02597794185082118
Epoch:492, training loss:0.025952434167265892
Epoch:493, training loss:0.02624306579430898
Epoch:494, training loss:0.026206898192564648
Epoch:495, training loss:0.026301193982362747
Epoch:496, training loss:0.0267101942251126
Epoch:497, training loss:0.026165538777907688
Epoch:498, training loss:0.026648183663686115
Epoch:499, training loss:0.026776033143202465
Epoch:500, training loss:0.02604313629368941
----------------------------
Start validation ...
Validation error:0.031766150146722794
Validation error:0.031766150146722794
Save model checkpoints ... 
Save pial surface mesh ... 
Maximum allocated GPU memory: 3.32 GiB
Finish validation.
----------------------------
Epoch:501, training loss:0.026101047173142433
Epoch:502, training loss:0.02568010240793228
Epoch:503, training loss:0.02587098814547062
Epoch:504, training loss:0.025618514666954677
Epoch:505, training loss:0.025779123107592266
Epoch:506, training loss:0.02569483344753583
Epoch:507, training loss:0.025639160225788753
Epoch:508, training loss:0.02580069626371066
Epoch:509, training loss:0.025815774997075398
Epoch:510, training loss:0.0255935521175464
----------------------------
Start validation ...
Validation error:0.03186627849936485
Validation error:0.03186627849936485
Save model checkpoints ... 
Save pial surface mesh ... 
Maximum allocated GPU memory: 3.32 GiB
Finish validation.
----------------------------
Epoch:511, training loss:0.026077525690197945
Epoch:512, training loss:0.02603684241573016
Epoch:513, training loss:0.025939614201585453
Epoch:514, training loss:0.02568066492676735
Epoch:515, training loss:0.025668888663252194
Epoch:516, training loss:0.025662759318947792
Epoch:517, training loss:0.02567177141706149
Epoch:518, training loss:0.02598436859746774
Epoch:519, training loss:0.025504954159259796
Epoch:520, training loss:0.025819206610322
----------------------------
Start validation ...
Validation error:0.03203173726797104
Validation error:0.03203173726797104
Save model checkpoints ... 
Save pial surface mesh ... 
Maximum allocated GPU memory: 3.32 GiB
Finish validation.
----------------------------
Epoch:521, training loss:0.025946618368228275
Epoch:522, training loss:0.025736454874277115
Epoch:523, training loss:0.025838620339830715
Epoch:524, training loss:0.025922377904256184
Epoch:525, training loss:0.0255031269043684
Epoch:526, training loss:0.02559610828757286
Epoch:527, training loss:0.02571197599172592
Epoch:528, training loss:0.025622166693210602
Epoch:529, training loss:0.025690799579024315
Epoch:530, training loss:0.02584538298348586
----------------------------
Start validation ...
Validation error:0.0313192680478096
Validation error:0.0313192680478096
New best model saved at epoch 530 with validation error 0.0313192680478096
Save model checkpoints ... 
Save pial surface mesh ... 
Maximum allocated GPU memory: 3.32 GiB
Finish validation.
----------------------------
Epoch:531, training loss:0.025627703095475834
Epoch:532, training loss:0.025591850901643436
Epoch:533, training loss:0.025512663026650746
Epoch:534, training loss:0.025064130624135334
Epoch:535, training loss:0.025014958654840786
Epoch:536, training loss:0.024980253850420315
Epoch:537, training loss:0.025044428805510204
Epoch:538, training loss:0.02493192379673322
Epoch:539, training loss:0.025046952689687412
Epoch:540, training loss:0.024931504080692928
----------------------------
Start validation ...
Validation error:0.03152032941579819
Validation error:0.03152032941579819
Save model checkpoints ... 
Save pial surface mesh ... 
Maximum allocated GPU memory: 3.32 GiB
Finish validation.
----------------------------
Epoch:541, training loss:0.025230266774694126
Epoch:542, training loss:0.0250092005978028
Epoch:543, training loss:0.024970907097061474
Epoch:544, training loss:0.025049560392896335
Epoch:545, training loss:0.025000511358181637
Epoch:546, training loss:0.02493322143952052
Epoch:547, training loss:0.024986906598011654
Epoch:548, training loss:0.024895711491505306
Epoch:549, training loss:0.024756085748473804
Epoch:550, training loss:0.024767452230056126
----------------------------
Start validation ...
Validation error:0.03145531937479973
Validation error:0.03145531937479973
Save model checkpoints ... 
Save pial surface mesh ... 
Maximum allocated GPU memory: 3.32 GiB
Finish validation.
----------------------------
Epoch:551, training loss:0.024813514823714893
Epoch:552, training loss:0.02470032808681329
Epoch:553, training loss:0.024841057136654854
Epoch:554, training loss:0.024933868398269016
Epoch:555, training loss:0.02496921829879284
Epoch:556, training loss:0.024955781176686287
Epoch:557, training loss:0.02486751228570938
Epoch:558, training loss:0.024807330841819446
Epoch:559, training loss:0.02491128568847974
Epoch:560, training loss:0.025254957377910614
----------------------------
Start validation ...
Validation error:0.031281132251024246
Validation error:0.031281132251024246
New best model saved at epoch 560 with validation error 0.031281132251024246
Save model checkpoints ... 
Save pial surface mesh ... 
Maximum allocated GPU memory: 3.32 GiB
Finish validation.
----------------------------
Epoch:561, training loss:0.024936257551113766
Epoch:562, training loss:0.025020358463128407
Epoch:563, training loss:0.025178421288728714
Epoch:564, training loss:0.0246491643289725
Epoch:565, training loss:0.024813196311394375
Epoch:566, training loss:0.02447919299205144
Epoch:567, training loss:0.024481141939759254
Epoch:568, training loss:0.024748898421724636
Epoch:569, training loss:0.024774441495537758
Epoch:570, training loss:0.024807849898934364
----------------------------
Start validation ...
Validation error:0.031323064118623734
Validation error:0.031323064118623734
Save model checkpoints ... 
Save pial surface mesh ... 
Maximum allocated GPU memory: 3.32 GiB
Finish validation.
----------------------------
Epoch:571, training loss:0.024509947126110394
Epoch:572, training loss:0.024554232756296795
Epoch:573, training loss:0.024662244444092114
Epoch:574, training loss:0.024392198771238327
Epoch:575, training loss:0.02437915528813998
Epoch:576, training loss:0.024444693699479103
Epoch:577, training loss:0.0246174360315005
Epoch:578, training loss:0.024595482274889946
Epoch:579, training loss:0.024620171015461285
Epoch:580, training loss:0.02459101441005866
----------------------------
Start validation ...
Validation error:0.03137718141078949
Validation error:0.03137718141078949
Save model checkpoints ... 
Save pial surface mesh ... 
Maximum allocated GPU memory: 3.32 GiB
Finish validation.
----------------------------
Epoch:581, training loss:0.024573187654217083
Epoch:582, training loss:0.02441173481444518
Epoch:583, training loss:0.024315614253282547
Epoch:584, training loss:0.024440638720989227
Epoch:585, training loss:0.02469878705839316
Epoch:586, training loss:0.02436704933643341
Epoch:587, training loss:0.024398706232508022
Epoch:588, training loss:0.024225375304619472
Epoch:589, training loss:0.024365786463022232
Epoch:590, training loss:0.024363645662864048
----------------------------
Start validation ...
Validation error:0.031150247901678085
Validation error:0.031150247901678085
New best model saved at epoch 590 with validation error 0.031150247901678085
Save model checkpoints ... 
Save pial surface mesh ... 
Maximum allocated GPU memory: 3.32 GiB
Finish validation.
----------------------------
Epoch:591, training loss:0.024471619476874668
Epoch:592, training loss:0.02440548688173294
Epoch:593, training loss:0.02426701287428538
Epoch:594, training loss:0.024190988391637802
Epoch:595, training loss:0.024324188629786175
Epoch:596, training loss:0.024283232788244884
Epoch:597, training loss:0.024334458634257317
