aa
bb
Combination: 1, 4
A
B
C
lh training
gnn: 1
layers: 4
----------------------------
Start loading dataset ...
numbers 100206
numbers 100307
numbers 100408
numbers 100610
MSE
Finish loading dataset. There are total 4 subjects.
Training data length 3
Validation data length 1
scaling factor  0.1
----------------------------
Start loading model ...
Model is CortexGNN
NLayerGAT 4
Finish loading model
----------------------------
Start training 200 epochs ...
Epoch:0, training loss:0.43896181384722394
----------------------------
Start validation ...
Validation error:0.2968562841415405
Save model checkpoints ... 
Save pial surface mesh ... 
Maximum allocated GPU memory: 3.17 GiB
Finish validation.
----------------------------
Epoch:1, training loss:0.2302136073509852
Epoch:2, training loss:0.18701107800006866
Epoch:3, training loss:0.18230568369229636
Epoch:4, training loss:0.18032226463158926
Epoch:5, training loss:0.15521930158138275
Epoch:6, training loss:0.13434220850467682
Epoch:7, training loss:0.12574572364489237
Epoch:8, training loss:0.12488418569167455
Epoch:9, training loss:0.12476344654957454
Epoch:10, training loss:0.12366584688425064
----------------------------
Start validation ...
Validation error:0.12999190390110016
Save model checkpoints ... 
Save pial surface mesh ... 
Maximum allocated GPU memory: 3.17 GiB
Finish validation.
----------------------------
Epoch:11, training loss:0.12412247558434804
Epoch:12, training loss:0.11491246273120244
Epoch:13, training loss:0.12377973645925522
Epoch:14, training loss:0.11475074291229248
Epoch:15, training loss:0.11735119173924129
Epoch:16, training loss:0.10682055354118347
Epoch:17, training loss:0.10995221138000488
Epoch:18, training loss:0.10923539350430171
Epoch:19, training loss:0.11106052498022716
Epoch:20, training loss:0.10853272179762523
----------------------------
Start validation ...
Validation error:0.10318675637245178
Save model checkpoints ... 
Save pial surface mesh ... 
Maximum allocated GPU memory: 3.17 GiB
Finish validation.
----------------------------
Epoch:21, training loss:0.10862784336010615
Epoch:22, training loss:0.11124166597922643
Epoch:23, training loss:0.1126147136092186
Epoch:24, training loss:0.1118305375178655
Epoch:25, training loss:0.11070073395967484
Epoch:26, training loss:0.10564190149307251
Epoch:27, training loss:0.10753066092729568
Epoch:28, training loss:0.10873821377754211
Epoch:29, training loss:0.11159886419773102
Epoch:30, training loss:0.11282092581192653
----------------------------
Start validation ...
Validation error:0.11941312998533249
Save model checkpoints ... 
Save pial surface mesh ... 
Maximum allocated GPU memory: 3.17 GiB
Finish validation.
----------------------------
Epoch:31, training loss:0.11337967713673909
Epoch:32, training loss:0.10778170575698216
Epoch:33, training loss:0.10467664897441864
Epoch:34, training loss:0.10751960426568985
Epoch:35, training loss:0.10656738529602687
Epoch:36, training loss:0.10718277593453725
Epoch:37, training loss:0.10655406614144643
Epoch:38, training loss:0.1022823800643285
Epoch:39, training loss:0.10140502204497655
Epoch:40, training loss:0.10514482855796814
----------------------------
Start validation ...
Validation error:0.11307535320520401
Save model checkpoints ... 
Save pial surface mesh ... 
Maximum allocated GPU memory: 3.17 GiB
Finish validation.
----------------------------
Epoch:41, training loss:0.10693028569221497
Epoch:42, training loss:0.10333563884099324
Epoch:43, training loss:0.09873492519060771
Epoch:44, training loss:0.09923725326855977
Epoch:45, training loss:0.10230124245087306
Epoch:46, training loss:0.10341607530911763
Epoch:47, training loss:0.100002554555734
Epoch:48, training loss:0.09713573257128398
Epoch:49, training loss:0.10168822358051936
Epoch:50, training loss:0.09995079288880031
----------------------------
Start validation ...
Validation error:0.10269399732351303
Save model checkpoints ... 
Save pial surface mesh ... 
Maximum allocated GPU memory: 3.17 GiB
Finish validation.
----------------------------
Epoch:51, training loss:0.10141234596570332
Epoch:52, training loss:0.10238638271888097
Epoch:53, training loss:0.10230517387390137
Epoch:54, training loss:0.09954919914404552
Epoch:55, training loss:0.10155397901932399
Epoch:56, training loss:0.10453175753355026
Epoch:57, training loss:0.10257357358932495
Epoch:58, training loss:0.10297879079977672
Epoch:59, training loss:0.10327662279208501
Epoch:60, training loss:0.10182636727889378
----------------------------
Start validation ...
Validation error:0.10421663522720337
Save model checkpoints ... 
Save pial surface mesh ... 
Maximum allocated GPU memory: 3.17 GiB
Finish validation.
----------------------------
Epoch:61, training loss:0.10156174252430598
Epoch:62, training loss:0.09954019635915756
Epoch:63, training loss:0.10066478699445724
Epoch:64, training loss:0.09552233169476192
Epoch:65, training loss:0.09659416725238164
Epoch:66, training loss:0.09918664147456487
Epoch:67, training loss:0.10286308079957962
Epoch:68, training loss:0.09806105494499207
Epoch:69, training loss:0.0943151166041692
Epoch:70, training loss:0.09925876806179683
----------------------------
Start validation ...
Validation error:0.10188217461109161
Save model checkpoints ... 
Save pial surface mesh ... 
Maximum allocated GPU memory: 3.17 GiB
Finish validation.
----------------------------
Epoch:71, training loss:0.10084531704584758
Epoch:72, training loss:0.09929858644803365
Epoch:73, training loss:0.09769269575675328
Epoch:74, training loss:0.09407298018534978
Epoch:75, training loss:0.09587657451629639
Epoch:76, training loss:0.09919790923595428
Epoch:77, training loss:0.09875003000100453
Epoch:78, training loss:0.09934905668099721
Epoch:79, training loss:0.09598687539498012
Epoch:80, training loss:0.09449281543493271
----------------------------
Start validation ...
Validation error:0.09899120777845383
Save model checkpoints ... 
Save pial surface mesh ... 
Maximum allocated GPU memory: 3.17 GiB
Finish validation.
----------------------------
Epoch:81, training loss:0.09818564355373383
Epoch:82, training loss:0.09908194343249004
Epoch:83, training loss:0.09278411666552226
Epoch:84, training loss:0.0947555551926295
Epoch:85, training loss:0.10001796235640843
Epoch:86, training loss:0.09604632357756297
Epoch:87, training loss:0.09471137076616287
Epoch:88, training loss:0.09780893723169963
Epoch:89, training loss:0.09368383387724559
Epoch:90, training loss:0.0939428706963857
----------------------------
Start validation ...
Validation error:0.09815390408039093
Save model checkpoints ... 
Save pial surface mesh ... 
Maximum allocated GPU memory: 3.17 GiB
Finish validation.
----------------------------
Epoch:91, training loss:0.10081232090791066
Epoch:92, training loss:0.09772233168284099
Epoch:93, training loss:0.09057237456242244
Epoch:94, training loss:0.0968664934237798
Epoch:95, training loss:0.10197317103544871
Epoch:96, training loss:0.09441573917865753
Epoch:97, training loss:0.09067381670077641
Epoch:98, training loss:0.09594696015119553
Epoch:99, training loss:0.09980738411347072
Epoch:100, training loss:0.0950664555033048
----------------------------
Start validation ...
Validation error:0.09390232712030411
Save model checkpoints ... 
Save pial surface mesh ... 
Maximum allocated GPU memory: 3.17 GiB
Finish validation.
----------------------------
Epoch:101, training loss:0.09498397509256999
Epoch:102, training loss:0.09661963830391566
Epoch:103, training loss:0.10025493800640106
Epoch:104, training loss:0.09744084626436234
Epoch:105, training loss:0.09329227358102798
Epoch:106, training loss:0.09548632303873698
Epoch:107, training loss:0.1019292026758194
Epoch:108, training loss:0.0944220299522082
Epoch:109, training loss:0.09417600681384404
Epoch:110, training loss:0.10348312308390935
----------------------------
Start validation ...
Validation error:0.10185138136148453
Save model checkpoints ... 
Save pial surface mesh ... 
Maximum allocated GPU memory: 3.17 GiB
Finish validation.
----------------------------
Epoch:111, training loss:0.09708976497252782
Epoch:112, training loss:0.09461226562658946
Epoch:113, training loss:0.09631902972857158
Epoch:114, training loss:0.09958310176928838
Epoch:115, training loss:0.09621007988850276
Epoch:116, training loss:0.09741347034772237
Epoch:117, training loss:0.094197283188502
Epoch:118, training loss:0.09796145061651866
Epoch:119, training loss:0.09712151686350505
Epoch:120, training loss:0.09738393127918243
----------------------------
Start validation ...
Validation error:0.1017100140452385
Save model checkpoints ... 
Save pial surface mesh ... 
Maximum allocated GPU memory: 3.17 GiB
Finish validation.
----------------------------
Epoch:121, training loss:0.09797049065430959
Epoch:122, training loss:0.09871938327948253
Epoch:123, training loss:0.09714917590220769
Epoch:124, training loss:0.09900781512260437
Epoch:125, training loss:0.10248883565266927
Epoch:126, training loss:0.09614609678586324
Epoch:127, training loss:0.09447650859753291
Epoch:128, training loss:0.1015043705701828
Epoch:129, training loss:0.09606894850730896
Epoch:130, training loss:0.09275368104378383
----------------------------
Start validation ...
Validation error:0.10000976920127869
Save model checkpoints ... 
Save pial surface mesh ... 
Maximum allocated GPU memory: 3.17 GiB
Finish validation.
----------------------------
Epoch:131, training loss:0.09828571726878484
Epoch:132, training loss:0.09737735986709595
Epoch:133, training loss:0.0916995108127594
Epoch:134, training loss:0.09333992252747218
Epoch:135, training loss:0.09852534035841624
Epoch:136, training loss:0.09337406853834788
Epoch:137, training loss:0.09357175727685292
Epoch:138, training loss:0.09209074079990387
Epoch:139, training loss:0.09060810257991155
Epoch:140, training loss:0.09528555472691853
----------------------------
Start validation ...
Validation error:0.0984620675444603
Save model checkpoints ... 
Save pial surface mesh ... 
Maximum allocated GPU memory: 3.17 GiB
Finish validation.
----------------------------
Epoch:141, training loss:0.09432977189620335
Epoch:142, training loss:0.08903235445419948
Epoch:143, training loss:0.09085921198129654
Epoch:144, training loss:0.0965848093231519
Epoch:145, training loss:0.0948633998632431
Epoch:146, training loss:0.08821780482927959
Epoch:147, training loss:0.09325068940718968
Epoch:148, training loss:0.09442983816067378
Epoch:149, training loss:0.09120818724234898
Epoch:150, training loss:0.09009334693352382
----------------------------
Start validation ...
Validation error:0.09482350200414658
Save model checkpoints ... 
Save pial surface mesh ... 
Maximum allocated GPU memory: 3.17 GiB
Finish validation.
----------------------------
Epoch:151, training loss:0.09306671718756358
Epoch:152, training loss:0.09452051669359207
Epoch:153, training loss:0.095082292954127
Epoch:154, training loss:0.09102908273537953
Epoch:155, training loss:0.09419082601865132
Epoch:156, training loss:0.09661585092544556
Epoch:157, training loss:0.09318606058756511
Epoch:158, training loss:0.09581946084896724
Epoch:159, training loss:0.09434625754753749
Epoch:160, training loss:0.0946160505215327
----------------------------
Start validation ...
Validation error:0.09953272342681885
Save model checkpoints ... 
Save pial surface mesh ... 
Maximum allocated GPU memory: 3.17 GiB
Finish validation.
----------------------------
Epoch:161, training loss:0.09629432360331218
Epoch:162, training loss:0.09369251628716786
Epoch:163, training loss:0.0910420094927152
Epoch:164, training loss:0.09558659295241038
Epoch:165, training loss:0.09382564822832744
Epoch:166, training loss:0.09309434394041698
Epoch:167, training loss:0.09270015358924866
Epoch:168, training loss:0.0950488696495692
Epoch:169, training loss:0.10014307250579198
Epoch:170, training loss:0.09221522013346355
----------------------------
Start validation ...
Validation error:0.09213916212320328
Save model checkpoints ... 
Save pial surface mesh ... 
Maximum allocated GPU memory: 3.17 GiB
Finish validation.
----------------------------
Epoch:171, training loss:0.0919681762655576
Epoch:172, training loss:0.09683129688103993
Epoch:173, training loss:0.0936795895298322
Epoch:174, training loss:0.09532565126816432
Epoch:175, training loss:0.0972689837217331
Epoch:176, training loss:0.0917741929491361
Epoch:177, training loss:0.09561904768149058
Epoch:178, training loss:0.09776052335898082
Epoch:179, training loss:0.09326580663522084
Epoch:180, training loss:0.09667102247476578
----------------------------
Start validation ...
Validation error:0.09846644103527069
Save model checkpoints ... 
Save pial surface mesh ... 
Maximum allocated GPU memory: 3.17 GiB
Finish validation.
----------------------------
Epoch:181, training loss:0.09588325023651123
Epoch:182, training loss:0.09452407310406367
Epoch:183, training loss:0.09464547038078308
Epoch:184, training loss:0.09530277798573177
Epoch:185, training loss:0.09370887279510498
Epoch:186, training loss:0.09527338296175003
Epoch:187, training loss:0.09304045389095943
Epoch:188, training loss:0.09448331594467163
Epoch:189, training loss:0.09454422195752461
Epoch:190, training loss:0.09130929410457611
----------------------------
Start validation ...
Validation error:0.09709437936544418
Save model checkpoints ... 
Save pial surface mesh ... 
Maximum allocated GPU memory: 3.17 GiB
Finish validation.
----------------------------
Epoch:191, training loss:0.09622780978679657
Epoch:192, training loss:0.09120824684699376
Epoch:193, training loss:0.09053822606801987
Epoch:194, training loss:0.0936071053147316
Epoch:195, training loss:0.09232413520415624
Epoch:196, training loss:0.09278389811515808
Epoch:197, training loss:0.09272550294796626
Epoch:198, training loss:0.09241324166456859
Epoch:199, training loss:0.09185224274794261
Epoch:200, training loss:0.09566338111956914
----------------------------
Start validation ...
Validation error:0.09434891492128372
Save model checkpoints ... 
Save pial surface mesh ... 
Maximum allocated GPU memory: 3.17 GiB
Finish validation.
----------------------------
Finish training.
----------------------------
D
CC
