aa
bb
Combination: 1, 2
A
B
C
lh training
gnn: 1
layers: 2
trainlh.sh model is a pialgnn
----------------------------
Start loading dataset ...
numbers 100206
numbers 100307
numbers 100408
numbers 100610
MSE
Finish loading dataset. There are total 4 subjects.
Training data length 3
Validation data length 1
scaling factor  0.1
----------------------------
Start loading model ...
Model is CortexGNN
NLayerGAT 2
NLayerGAT 2
Finish loading model
----------------------------
Start training 600 epochs ...
Epoch:0, training loss:0.37682146827379864
----------------------------
Start validation ...
Validation error:0.29034313559532166
Validation error:0.29034313559532166
New best model saved at epoch 0 with validation error 0.29034313559532166
Save model checkpoints ... 
Save pial surface mesh ... 
Maximum allocated GPU memory: 2.99 GiB
Finish validation.
----------------------------
Epoch:1, training loss:0.25011802713076275
Epoch:2, training loss:0.16775317986806235
Epoch:3, training loss:0.1414456640680631
Epoch:4, training loss:0.12434709320465724
Epoch:5, training loss:0.11528915166854858
Epoch:6, training loss:0.10687929143508275
Epoch:7, training loss:0.10146294782559077
Epoch:8, training loss:0.09651493777831395
Epoch:9, training loss:0.09328628331422806
Epoch:10, training loss:0.08908802767594655
----------------------------
Start validation ...
Validation error:0.08106382191181183
Validation error:0.08106382191181183
New best model saved at epoch 10 with validation error 0.08106382191181183
Save model checkpoints ... 
Save pial surface mesh ... 
Maximum allocated GPU memory: 3.00 GiB
Finish validation.
----------------------------
Epoch:11, training loss:0.08534481128056844
Epoch:12, training loss:0.08409541596968968
Epoch:13, training loss:0.08248136440912883
Epoch:14, training loss:0.08075942595799764
Epoch:15, training loss:0.07891775916020076
Epoch:16, training loss:0.07776459803183873
Epoch:17, training loss:0.0764553298552831
Epoch:18, training loss:0.07555520286162694
Epoch:19, training loss:0.07455932845671971
Epoch:20, training loss:0.07366315523783366
----------------------------
Start validation ...
Validation error:0.06767526268959045
Validation error:0.06767526268959045
New best model saved at epoch 20 with validation error 0.06767526268959045
Save model checkpoints ... 
Save pial surface mesh ... 
Maximum allocated GPU memory: 3.00 GiB
Finish validation.
----------------------------
Epoch:21, training loss:0.07297806193431218
Epoch:22, training loss:0.07197432965040207
Epoch:23, training loss:0.07155293226242065
Epoch:24, training loss:0.07085364311933517
Epoch:25, training loss:0.07039439181486766
Epoch:26, training loss:0.06992116570472717
Epoch:27, training loss:0.06918925046920776
Epoch:28, training loss:0.06869943688313167
Epoch:29, training loss:0.06832096725702286
Epoch:30, training loss:0.06829212109247844
----------------------------
Start validation ...
Validation error:0.06312388926744461
Validation error:0.06312388926744461
New best model saved at epoch 30 with validation error 0.06312388926744461
Save model checkpoints ... 
Save pial surface mesh ... 
Maximum allocated GPU memory: 3.00 GiB
Finish validation.
----------------------------
Epoch:31, training loss:0.06793299565712611
Epoch:32, training loss:0.06721204395095508
Epoch:33, training loss:0.06729698429505031
Epoch:34, training loss:0.06648055091500282
Epoch:35, training loss:0.06630010902881622
Epoch:36, training loss:0.06622909257809322
Epoch:37, training loss:0.06587901959816615
Epoch:38, training loss:0.06535125523805618
Epoch:39, training loss:0.0651452864209811
Epoch:40, training loss:0.06464008241891861
----------------------------
Start validation ...
Validation error:0.06004242226481438
Validation error:0.06004242226481438
New best model saved at epoch 40 with validation error 0.06004242226481438
Save model checkpoints ... 
Save pial surface mesh ... 
Maximum allocated GPU memory: 3.00 GiB
Finish validation.
----------------------------
Epoch:41, training loss:0.06443606565395991
Epoch:42, training loss:0.06417777265111606
Epoch:43, training loss:0.06388036410013835
Epoch:44, training loss:0.06356888512770335
Epoch:45, training loss:0.06336686511834462
Epoch:46, training loss:0.06328615794579188
Epoch:47, training loss:0.06339585160215695
Epoch:48, training loss:0.06253362322847049
Epoch:49, training loss:0.06281472494204839
Epoch:50, training loss:0.06256696457664172
----------------------------
Start validation ...
Validation error:0.057678431272506714
Validation error:0.057678431272506714
New best model saved at epoch 50 with validation error 0.057678431272506714
Save model checkpoints ... 
Save pial surface mesh ... 
Maximum allocated GPU memory: 3.00 GiB
Finish validation.
----------------------------
Epoch:51, training loss:0.062159071365992226
Epoch:52, training loss:0.062034896264473595
Epoch:53, training loss:0.061773298929135
Epoch:54, training loss:0.06165612985690435
Epoch:55, training loss:0.061461390306552253
Epoch:56, training loss:0.06123911961913109
Epoch:57, training loss:0.06100647275646528
Epoch:58, training loss:0.06091981505354246
Epoch:59, training loss:0.06069924309849739
Epoch:60, training loss:0.0605844222009182
----------------------------
Start validation ...
Validation error:0.056257542222738266
Validation error:0.056257542222738266
New best model saved at epoch 60 with validation error 0.056257542222738266
Save model checkpoints ... 
Save pial surface mesh ... 
Maximum allocated GPU memory: 3.00 GiB
Finish validation.
----------------------------
Epoch:61, training loss:0.06058725714683533
Epoch:62, training loss:0.06027862181266149
Epoch:63, training loss:0.06056129684050878
Epoch:64, training loss:0.06005303934216499
Epoch:65, training loss:0.06000488996505737
Epoch:66, training loss:0.059883613139390945
Epoch:67, training loss:0.05969091132283211
Epoch:68, training loss:0.059690131495396294
Epoch:69, training loss:0.059275899082422256
Epoch:70, training loss:0.05903600653012594
----------------------------
Start validation ...
Validation error:0.05522250011563301
Validation error:0.05522250011563301
New best model saved at epoch 70 with validation error 0.05522250011563301
Save model checkpoints ... 
Save pial surface mesh ... 
Maximum allocated GPU memory: 3.00 GiB
Finish validation.
----------------------------
Epoch:71, training loss:0.059085254867871605
Epoch:72, training loss:0.058880278219779335
Epoch:73, training loss:0.05872064580519994
Epoch:74, training loss:0.05868716165423393
Epoch:75, training loss:0.05858886366089185
Epoch:76, training loss:0.05898953229188919
Epoch:77, training loss:0.059125284353892006
Epoch:78, training loss:0.05859332407514254
Epoch:79, training loss:0.058393266052007675
Epoch:80, training loss:0.0582247128089269
----------------------------
Start validation ...
Validation error:0.05440394580364227
Validation error:0.05440394580364227
New best model saved at epoch 80 with validation error 0.05440394580364227
Save model checkpoints ... 
Save pial surface mesh ... 
Maximum allocated GPU memory: 3.00 GiB
Finish validation.
----------------------------
Epoch:81, training loss:0.058122376600901283
Epoch:82, training loss:0.05827637016773224
Epoch:83, training loss:0.05832436804970106
Epoch:84, training loss:0.05866143852472305
Epoch:85, training loss:0.05791135380665461
Epoch:86, training loss:0.05819043144583702
Epoch:87, training loss:0.05740876371661822
Epoch:88, training loss:0.058204645911852516
Epoch:89, training loss:0.0577036589384079
Epoch:90, training loss:0.05779237051804861
----------------------------
Start validation ...
Validation error:0.05335596203804016
Validation error:0.05335596203804016
New best model saved at epoch 90 with validation error 0.05335596203804016
Save model checkpoints ... 
Save pial surface mesh ... 
Maximum allocated GPU memory: 3.00 GiB
Finish validation.
----------------------------
Epoch:91, training loss:0.05723046511411667
Epoch:92, training loss:0.05696577702959379
Epoch:93, training loss:0.05678694819410642
Epoch:94, training loss:0.05667329952120781
Epoch:95, training loss:0.056783622751633324
Epoch:96, training loss:0.05722877631584803
Epoch:97, training loss:0.056968054423729576
Epoch:98, training loss:0.0566990760465463
Epoch:99, training loss:0.05692160998781522
Epoch:100, training loss:0.05618476246794065
----------------------------
Start validation ...
Validation error:0.05300226807594299
Validation error:0.05300226807594299
New best model saved at epoch 100 with validation error 0.05300226807594299
Save model checkpoints ... 
Save pial surface mesh ... 
Maximum allocated GPU memory: 3.00 GiB
Finish validation.
----------------------------
Epoch:101, training loss:0.05603271474440893
Epoch:102, training loss:0.0560652328034242
Epoch:103, training loss:0.056000483532746635
Epoch:104, training loss:0.05617431799570719
Epoch:105, training loss:0.05580719063679377
Epoch:106, training loss:0.05568567290902138
Epoch:107, training loss:0.05594490468502045
Epoch:108, training loss:0.0555641899506251
Epoch:109, training loss:0.05544773985942205
Epoch:110, training loss:0.055377449840307236
----------------------------
Start validation ...
Validation error:0.051940690726041794
Validation error:0.051940690726041794
New best model saved at epoch 110 with validation error 0.051940690726041794
Save model checkpoints ... 
Save pial surface mesh ... 
Maximum allocated GPU memory: 3.00 GiB
Finish validation.
----------------------------
Epoch:111, training loss:0.05536888912320137
Epoch:112, training loss:0.05562428757548332
Epoch:113, training loss:0.055901505053043365
Epoch:114, training loss:0.05559742699066798
Epoch:115, training loss:0.055409432699282966
Epoch:116, training loss:0.055091436952352524
Epoch:117, training loss:0.05517834176619848
Epoch:118, training loss:0.05499873558680216
Epoch:119, training loss:0.054375523080428444
Epoch:120, training loss:0.054656693090995155
----------------------------
Start validation ...
Validation error:0.05145896598696709
Validation error:0.05145896598696709
New best model saved at epoch 120 with validation error 0.05145896598696709
Save model checkpoints ... 
Save pial surface mesh ... 
Maximum allocated GPU memory: 3.00 GiB
Finish validation.
----------------------------
Epoch:121, training loss:0.0542387900253137
Epoch:122, training loss:0.054355982691049576
Epoch:123, training loss:0.05438795934120814
Epoch:124, training loss:0.05470444137851397
Epoch:125, training loss:0.054929555704196296
Epoch:126, training loss:0.05482150614261627
Epoch:127, training loss:0.05425192912419637
Epoch:128, training loss:0.054799433797597885
Epoch:129, training loss:0.05455566942691803
Epoch:130, training loss:0.054158483942349754
----------------------------
Start validation ...
Validation error:0.051065199077129364
Validation error:0.051065199077129364
New best model saved at epoch 130 with validation error 0.051065199077129364
Save model checkpoints ... 
Save pial surface mesh ... 
Maximum allocated GPU memory: 3.00 GiB
Finish validation.
----------------------------
Epoch:131, training loss:0.05420086036125819
Epoch:132, training loss:0.05389812837044398
Epoch:133, training loss:0.05384634807705879
Epoch:134, training loss:0.053551509976387024
Epoch:135, training loss:0.0538690984249115
Epoch:136, training loss:0.054103134820858635
Epoch:137, training loss:0.054522447288036346
Epoch:138, training loss:0.05417788773775101
Epoch:139, training loss:0.05376961703101794
Epoch:140, training loss:0.0533060630162557
----------------------------
Start validation ...
Validation error:0.050385087728500366
Validation error:0.050385087728500366
New best model saved at epoch 140 with validation error 0.050385087728500366
Save model checkpoints ... 
Save pial surface mesh ... 
Maximum allocated GPU memory: 3.00 GiB
Finish validation.
----------------------------
Epoch:141, training loss:0.05323139950633049
Epoch:142, training loss:0.05337266872326533
Epoch:143, training loss:0.0535645584265391
Epoch:144, training loss:0.053643581767876945
Epoch:145, training loss:0.053154600163300834
Epoch:146, training loss:0.05315369367599487
Epoch:147, training loss:0.052831683307886124
Epoch:148, training loss:0.0531573531528314
Epoch:149, training loss:0.05297550931572914
Epoch:150, training loss:0.0529809333384037
----------------------------
Start validation ...
Validation error:0.049943678081035614
Validation error:0.049943678081035614
New best model saved at epoch 150 with validation error 0.049943678081035614
Save model checkpoints ... 
Save pial surface mesh ... 
Maximum allocated GPU memory: 3.00 GiB
Finish validation.
----------------------------
Epoch:151, training loss:0.05268079414963722
Epoch:152, training loss:0.052468804021676384
Epoch:153, training loss:0.05262630432844162
Epoch:154, training loss:0.052606100837389626
Epoch:155, training loss:0.052610465635855995
Epoch:156, training loss:0.05229754994312922
Epoch:157, training loss:0.05249000837405523
Epoch:158, training loss:0.05288383364677429
Epoch:159, training loss:0.053036859879891075
Epoch:160, training loss:0.05251674478252729
----------------------------
Start validation ...
Validation error:0.0496252104640007
Validation error:0.0496252104640007
New best model saved at epoch 160 with validation error 0.0496252104640007
Save model checkpoints ... 
Save pial surface mesh ... 
Maximum allocated GPU memory: 3.00 GiB
Finish validation.
----------------------------
Epoch:161, training loss:0.05226242790619532
Epoch:162, training loss:0.05239518483479818
Epoch:163, training loss:0.052030364672342934
Epoch:164, training loss:0.0520592766503493
Epoch:165, training loss:0.05182041351993879
Epoch:166, training loss:0.05188713346918424
Epoch:167, training loss:0.052363755802313484
Epoch:168, training loss:0.05230799193183581
Epoch:169, training loss:0.05184166505932808
Epoch:170, training loss:0.05199085672696432
----------------------------
Start validation ...
Validation error:0.04889495298266411
Validation error:0.04889495298266411
New best model saved at epoch 170 with validation error 0.04889495298266411
Save model checkpoints ... 
Save pial surface mesh ... 
Maximum allocated GPU memory: 3.00 GiB
Finish validation.
----------------------------
Epoch:171, training loss:0.05155069629351298
Epoch:172, training loss:0.05154646188020706
Epoch:173, training loss:0.05148733283082644
Epoch:174, training loss:0.05141519010066986
Epoch:175, training loss:0.05163135503729185
Epoch:176, training loss:0.05151834959785143
Epoch:177, training loss:0.051725611090660095
Epoch:178, training loss:0.05159080525239309
Epoch:179, training loss:0.051321075608332954
Epoch:180, training loss:0.05110563586155573
----------------------------
Start validation ...
Validation error:0.04869471862912178
Validation error:0.04869471862912178
New best model saved at epoch 180 with validation error 0.04869471862912178
Save model checkpoints ... 
Save pial surface mesh ... 
Maximum allocated GPU memory: 3.00 GiB
Finish validation.
----------------------------
Epoch:181, training loss:0.05116700381040573
Epoch:182, training loss:0.051357836772998176
Epoch:183, training loss:0.051175826539595924
Epoch:184, training loss:0.051019674787918724
Epoch:185, training loss:0.050893993427356087
Epoch:186, training loss:0.050737716257572174
Epoch:187, training loss:0.05079811935623487
Epoch:188, training loss:0.05096582074960073
Epoch:189, training loss:0.050883907824754715
Epoch:190, training loss:0.05067623779177666
----------------------------
Start validation ...
Validation error:0.04845310375094414
Validation error:0.04845310375094414
New best model saved at epoch 190 with validation error 0.04845310375094414
Save model checkpoints ... 
Save pial surface mesh ... 
Maximum allocated GPU memory: 3.00 GiB
Finish validation.
----------------------------
Epoch:191, training loss:0.05106086035569509
Epoch:192, training loss:0.051166695853074394
Epoch:193, training loss:0.051572139064470925
Epoch:194, training loss:0.05180912961562475
Epoch:195, training loss:0.05158109466234843
Epoch:196, training loss:0.05082229276498159
Epoch:197, training loss:0.05097062637408575
Epoch:198, training loss:0.05060550073782603
Epoch:199, training loss:0.05151069909334183
Epoch:200, training loss:0.051174440731604896
----------------------------
Start validation ...
Validation error:0.0482695996761322
Validation error:0.0482695996761322
New best model saved at epoch 200 with validation error 0.0482695996761322
Save model checkpoints ... 
Save pial surface mesh ... 
Maximum allocated GPU memory: 3.00 GiB
Finish validation.
----------------------------
Epoch:201, training loss:0.05074453974763552
Epoch:202, training loss:0.05053325245777766
Epoch:203, training loss:0.050676984091599785
Epoch:204, training loss:0.050298926730950676
Epoch:205, training loss:0.0502576952179273
Epoch:206, training loss:0.050580973426500954
Epoch:207, training loss:0.05059504757324854
Epoch:208, training loss:0.050685608138640724
Epoch:209, training loss:0.05051783348123232
Epoch:210, training loss:0.0503463422258695
----------------------------
Start validation ...
Validation error:0.04843677580356598
Validation error:0.04843677580356598
Save model checkpoints ... 
Save pial surface mesh ... 
Maximum allocated GPU memory: 3.00 GiB
Finish validation.
----------------------------
Epoch:211, training loss:0.049864607552687325
Epoch:212, training loss:0.05016384646296501
Epoch:213, training loss:0.05027593672275543
Epoch:214, training loss:0.050396356731653214
Epoch:215, training loss:0.05030151829123497
Epoch:216, training loss:0.05010644098122915
Epoch:217, training loss:0.05001445238788923
Epoch:218, training loss:0.04988822961846987
Epoch:219, training loss:0.049440047393242516
Epoch:220, training loss:0.049749293675025306
----------------------------
Start validation ...
Validation error:0.04778604954481125
Validation error:0.04778604954481125
New best model saved at epoch 220 with validation error 0.04778604954481125
Save model checkpoints ... 
Save pial surface mesh ... 
Maximum allocated GPU memory: 3.00 GiB
Finish validation.
----------------------------
Epoch:221, training loss:0.049872782081365585
Epoch:222, training loss:0.05000107983748118
Epoch:223, training loss:0.04985792810718218
Epoch:224, training loss:0.04965277512868246
Epoch:225, training loss:0.04976798842350642
Epoch:226, training loss:0.04938140759865443
Epoch:227, training loss:0.049173531432946525
Epoch:228, training loss:0.0490616075694561
Epoch:229, training loss:0.04920760914683342
Epoch:230, training loss:0.04897222419579824
----------------------------
Start validation ...
Validation error:0.047173332422971725
Validation error:0.047173332422971725
New best model saved at epoch 230 with validation error 0.047173332422971725
Save model checkpoints ... 
Save pial surface mesh ... 
Maximum allocated GPU memory: 3.00 GiB
Finish validation.
----------------------------
Epoch:231, training loss:0.049086615443229675
Epoch:232, training loss:0.04901032398144404
Epoch:233, training loss:0.049190585811932884
Epoch:234, training loss:0.04888393233219782
Epoch:235, training loss:0.04902143528064092
Epoch:236, training loss:0.048980746418237686
Epoch:237, training loss:0.0487808162967364
Epoch:238, training loss:0.04861107220252355
Epoch:239, training loss:0.04887839282552401
Epoch:240, training loss:0.04859288285175959
----------------------------
Start validation ...
Validation error:0.04690578207373619
Validation error:0.04690578207373619
New best model saved at epoch 240 with validation error 0.04690578207373619
Save model checkpoints ... 
Save pial surface mesh ... 
Maximum allocated GPU memory: 3.00 GiB
Finish validation.
----------------------------
Epoch:241, training loss:0.04887151593963305
Epoch:242, training loss:0.04867576559384664
Epoch:243, training loss:0.04881079370776812
Epoch:244, training loss:0.04860191295544306
Epoch:245, training loss:0.04836184283097585
Epoch:246, training loss:0.04848664874831835
Epoch:247, training loss:0.04856768622994423
Epoch:248, training loss:0.04847662275036176
Epoch:249, training loss:0.04845565930008888
Epoch:250, training loss:0.048143421610196434
----------------------------
Start validation ...
Validation error:0.0467759445309639
Validation error:0.0467759445309639
New best model saved at epoch 250 with validation error 0.0467759445309639
Save model checkpoints ... 
Save pial surface mesh ... 
Maximum allocated GPU memory: 3.00 GiB
Finish validation.
----------------------------
Epoch:251, training loss:0.048499430219332375
Epoch:252, training loss:0.04842062170306841
Epoch:253, training loss:0.04846980546911558
Epoch:254, training loss:0.04841600606838862
Epoch:255, training loss:0.04844593132535616
Epoch:256, training loss:0.0482466754813989
Epoch:257, training loss:0.04835443322857221
Epoch:258, training loss:0.04828708494702975
Epoch:259, training loss:0.04823199907938639
Epoch:260, training loss:0.04823002095023791
----------------------------
Start validation ...
Validation error:0.04645258188247681
Validation error:0.04645258188247681
New best model saved at epoch 260 with validation error 0.04645258188247681
Save model checkpoints ... 
Save pial surface mesh ... 
Maximum allocated GPU memory: 3.00 GiB
Finish validation.
----------------------------
Epoch:261, training loss:0.048226250956455864
Epoch:262, training loss:0.04810951898495356
Epoch:263, training loss:0.04819821690519651
Epoch:264, training loss:0.0483481672902902
Epoch:265, training loss:0.04879949241876602
Epoch:266, training loss:0.04879591862360636
Epoch:267, training loss:0.0483303926885128
Epoch:268, training loss:0.04802216589450836
Epoch:269, training loss:0.04837343841791153
Epoch:270, training loss:0.04773278037707011
----------------------------
Start validation ...
Validation error:0.04604597017168999
Validation error:0.04604597017168999
New best model saved at epoch 270 with validation error 0.04604597017168999
Save model checkpoints ... 
Save pial surface mesh ... 
Maximum allocated GPU memory: 3.00 GiB
Finish validation.
----------------------------
Epoch:271, training loss:0.04772599165638288
Epoch:272, training loss:0.04753482093413671
Epoch:273, training loss:0.047523858646551766
Epoch:274, training loss:0.04753252863883972
Epoch:275, training loss:0.047769746432701744
Epoch:276, training loss:0.04760332033038139
Epoch:277, training loss:0.04753583793838819
Epoch:278, training loss:0.04745440557599068
Epoch:279, training loss:0.047482085724671684
Epoch:280, training loss:0.04762489969531695
----------------------------
Start validation ...
Validation error:0.04566464573144913
Validation error:0.04566464573144913
New best model saved at epoch 280 with validation error 0.04566464573144913
Save model checkpoints ... 
Save pial surface mesh ... 
Maximum allocated GPU memory: 3.00 GiB
Finish validation.
----------------------------
Epoch:281, training loss:0.04809695854783058
Epoch:282, training loss:0.048270334800084434
Epoch:283, training loss:0.048354284216960274
Epoch:284, training loss:0.048282833149035774
Epoch:285, training loss:0.04883073394497236
Epoch:286, training loss:0.0477031817038854
Epoch:287, training loss:0.04727090274294218
Epoch:288, training loss:0.047066776702801384
Epoch:289, training loss:0.04775034015377363
Epoch:290, training loss:0.04754957432548205
----------------------------
Start validation ...
Validation error:0.04561322554945946
Validation error:0.04561322554945946
New best model saved at epoch 290 with validation error 0.04561322554945946
Save model checkpoints ... 
Save pial surface mesh ... 
Maximum allocated GPU memory: 3.00 GiB
Finish validation.
----------------------------
Epoch:291, training loss:0.047249519576629005
Epoch:292, training loss:0.047260639568169914
Epoch:293, training loss:0.04735153168439865
Epoch:294, training loss:0.047473520040512085
Epoch:295, training loss:0.047118802865346275
Epoch:296, training loss:0.04696382209658623
Epoch:297, training loss:0.04725807532668114
Epoch:298, training loss:0.04678109039862951
Epoch:299, training loss:0.046734925359487534
Epoch:300, training loss:0.046739041805267334
----------------------------
Start validation ...
Validation error:0.04584619402885437
Validation error:0.04584619402885437
Save model checkpoints ... 
Save pial surface mesh ... 
Maximum allocated GPU memory: 3.00 GiB
Finish validation.
----------------------------
Epoch:301, training loss:0.04681006446480751
Epoch:302, training loss:0.04682560513416926
Epoch:303, training loss:0.04699645812312762
Epoch:304, training loss:0.04696330055594444
Epoch:305, training loss:0.04667402555545171
Epoch:306, training loss:0.04697973653674126
Epoch:307, training loss:0.0463743694126606
Epoch:308, training loss:0.04635252679387728
Epoch:309, training loss:0.046617843210697174
Epoch:310, training loss:0.0472290093700091
----------------------------
Start validation ...
Validation error:0.04532623291015625
Validation error:0.04532623291015625
New best model saved at epoch 310 with validation error 0.04532623291015625
Save model checkpoints ... 
Save pial surface mesh ... 
Maximum allocated GPU memory: 3.00 GiB
Finish validation.
----------------------------
Epoch:311, training loss:0.046715001265207924
Epoch:312, training loss:0.0466244121392568
Epoch:313, training loss:0.04653084774812063
Epoch:314, training loss:0.04654201120138168
Epoch:315, training loss:0.046231623739004135
Epoch:316, training loss:0.04616536200046539
Epoch:317, training loss:0.04637540876865387
Epoch:318, training loss:0.046307213604450226
Epoch:319, training loss:0.04636124521493912
Epoch:320, training loss:0.046404204020897545
----------------------------
Start validation ...
Validation error:0.04499363526701927
Validation error:0.04499363526701927
New best model saved at epoch 320 with validation error 0.04499363526701927
Save model checkpoints ... 
Save pial surface mesh ... 
Maximum allocated GPU memory: 3.00 GiB
Finish validation.
----------------------------
Epoch:321, training loss:0.046241926650206246
Epoch:322, training loss:0.04639192049702009
Epoch:323, training loss:0.04618056366840998
Epoch:324, training loss:0.046003385136524834
Epoch:325, training loss:0.04636060446500778
Epoch:326, training loss:0.046532075852155685
Epoch:327, training loss:0.0471147025624911
Epoch:328, training loss:0.046755921095609665
Epoch:329, training loss:0.04652227833867073
Epoch:330, training loss:0.046394101033608116
----------------------------
Start validation ...
Validation error:0.0447758324444294
Validation error:0.0447758324444294
New best model saved at epoch 330 with validation error 0.0447758324444294
Save model checkpoints ... 
Save pial surface mesh ... 
Maximum allocated GPU memory: 3.00 GiB
Finish validation.
----------------------------
Epoch:331, training loss:0.04639700427651405
Epoch:332, training loss:0.046351052820682526
Epoch:333, training loss:0.046383356054623924
Epoch:334, training loss:0.04653653378287951
Epoch:335, training loss:0.04667890692750613
Epoch:336, training loss:0.04628545790910721
Epoch:337, training loss:0.04657081887125969
Epoch:338, training loss:0.04580738892157873
Epoch:339, training loss:0.04569533343116442
Epoch:340, training loss:0.04577604805429777
----------------------------
Start validation ...
Validation error:0.04478495195508003
Validation error:0.04478495195508003
Save model checkpoints ... 
Save pial surface mesh ... 
Maximum allocated GPU memory: 3.00 GiB
Finish validation.
----------------------------
Epoch:341, training loss:0.04618531217177709
Epoch:342, training loss:0.04624187077085177
Epoch:343, training loss:0.0460155059893926
Epoch:344, training loss:0.04619416346152624
Epoch:345, training loss:0.04594661543766657
Epoch:346, training loss:0.04622014860312144
Epoch:347, training loss:0.045603825400273
Epoch:348, training loss:0.04585057124495506
Epoch:349, training loss:0.045657663295666374
Epoch:350, training loss:0.04597315937280655
----------------------------
Start validation ...
Validation error:0.044552020728588104
Validation error:0.044552020728588104
New best model saved at epoch 350 with validation error 0.044552020728588104
Save model checkpoints ... 
Save pial surface mesh ... 
Maximum allocated GPU memory: 3.00 GiB
Finish validation.
----------------------------
Epoch:351, training loss:0.04618974278370539
Epoch:352, training loss:0.046854496002197266
Epoch:353, training loss:0.04720194389422735
Epoch:354, training loss:0.04645210007826487
Epoch:355, training loss:0.04613753532369932
Epoch:356, training loss:0.0457161379357179
Epoch:357, training loss:0.045743901282548904
Epoch:358, training loss:0.04539893940091133
Epoch:359, training loss:0.04535779977838198
Epoch:360, training loss:0.04551881179213524
----------------------------
Start validation ...
Validation error:0.044308558106422424
Validation error:0.044308558106422424
New best model saved at epoch 360 with validation error 0.044308558106422424
Save model checkpoints ... 
Save pial surface mesh ... 
Maximum allocated GPU memory: 3.00 GiB
Finish validation.
----------------------------
Epoch:361, training loss:0.04525718837976456
Epoch:362, training loss:0.045116398483514786
Epoch:363, training loss:0.04556097462773323
Epoch:364, training loss:0.045545805245637894
Epoch:365, training loss:0.045514399806658425
Epoch:366, training loss:0.04562034954627355
Epoch:367, training loss:0.04536901041865349
Epoch:368, training loss:0.04552758733431498
Epoch:369, training loss:0.04503800844152769
Epoch:370, training loss:0.0452720212439696
----------------------------
Start validation ...
Validation error:0.04398660734295845
Validation error:0.04398660734295845
New best model saved at epoch 370 with validation error 0.04398660734295845
Save model checkpoints ... 
Save pial surface mesh ... 
Maximum allocated GPU memory: 3.00 GiB
Finish validation.
----------------------------
Epoch:371, training loss:0.04502856110533079
Epoch:372, training loss:0.044851688047250114
Epoch:373, training loss:0.04523248473803202
Epoch:374, training loss:0.04499276354908943
Epoch:375, training loss:0.045200396329164505
Epoch:376, training loss:0.04545966908335686
Epoch:377, training loss:0.04517798994978269
Epoch:378, training loss:0.0451394518216451
Epoch:379, training loss:0.045100207130114235
Epoch:380, training loss:0.04484399904807409
----------------------------
Start validation ...
Validation error:0.04417503625154495
Validation error:0.04417503625154495
Save model checkpoints ... 
Save pial surface mesh ... 
Maximum allocated GPU memory: 3.00 GiB
Finish validation.
----------------------------
Epoch:381, training loss:0.04493798936406771
Epoch:382, training loss:0.045402951538562775
Epoch:383, training loss:0.045704230666160583
Epoch:384, training loss:0.04518747329711914
Epoch:385, training loss:0.04492403815189997
Epoch:386, training loss:0.045078021784623466
Epoch:387, training loss:0.045422359059254326
Epoch:388, training loss:0.045572285850842796
Epoch:389, training loss:0.045538398126761116
Epoch:390, training loss:0.045507496843735375
----------------------------
Start validation ...
Validation error:0.043745171278715134
Validation error:0.043745171278715134
New best model saved at epoch 390 with validation error 0.043745171278715134
Save model checkpoints ... 
Save pial surface mesh ... 
Maximum allocated GPU memory: 3.00 GiB
Finish validation.
----------------------------
Epoch:391, training loss:0.04494263976812363
Epoch:392, training loss:0.045137071361144386
Epoch:393, training loss:0.044560675819714866
Epoch:394, training loss:0.04482645417253176
Epoch:395, training loss:0.04499887799223264
Epoch:396, training loss:0.045587251583735146
Epoch:397, training loss:0.04544926558931669
Epoch:398, training loss:0.044824618846178055
Epoch:399, training loss:0.04451049491763115
Epoch:400, training loss:0.04514814789096514
----------------------------
Start validation ...
Validation error:0.04407715052366257
Validation error:0.04407715052366257
Save model checkpoints ... 
Save pial surface mesh ... 
Maximum allocated GPU memory: 3.00 GiB
Finish validation.
----------------------------
Epoch:401, training loss:0.04486853753527006
Epoch:402, training loss:0.044364391515652336
Epoch:403, training loss:0.04437328254183134
Epoch:404, training loss:0.04431919132669767
Epoch:405, training loss:0.04461532334486643
Epoch:406, training loss:0.044752600292364754
Epoch:407, training loss:0.04514431580901146
Epoch:408, training loss:0.04460842286547025
Epoch:409, training loss:0.04447940612832705
Epoch:410, training loss:0.04446843390663465
----------------------------
Start validation ...
Validation error:0.04446157440543175
Validation error:0.04446157440543175
Save model checkpoints ... 
Save pial surface mesh ... 
Maximum allocated GPU memory: 3.00 GiB
Finish validation.
----------------------------
Epoch:411, training loss:0.04466973120967547
Epoch:412, training loss:0.044555933525164924
Epoch:413, training loss:0.044680709640185036
Epoch:414, training loss:0.0441792830824852
Epoch:415, training loss:0.04460068171223005
Epoch:416, training loss:0.04480653380354246
Epoch:417, training loss:0.04476878916223844
Epoch:418, training loss:0.04499123121301333
Epoch:419, training loss:0.04495862623055776
Epoch:420, training loss:0.044878977040449776
----------------------------
Start validation ...
Validation error:0.04345846176147461
Validation error:0.04345846176147461
New best model saved at epoch 420 with validation error 0.04345846176147461
Save model checkpoints ... 
Save pial surface mesh ... 
Maximum allocated GPU memory: 3.00 GiB
Finish validation.
----------------------------
Epoch:421, training loss:0.044788505882024765
Epoch:422, training loss:0.04530088479320208
Epoch:423, training loss:0.04506666213274002
Epoch:424, training loss:0.04421591634551684
Epoch:425, training loss:0.044639437148968376
Epoch:426, training loss:0.04483278344074885
Epoch:427, training loss:0.045247018337249756
Epoch:428, training loss:0.04438088337580363
Epoch:429, training loss:0.04394323006272316
Epoch:430, training loss:0.04403805360198021
----------------------------
Start validation ...
Validation error:0.043754857033491135
Validation error:0.043754857033491135
Save model checkpoints ... 
Save pial surface mesh ... 
Maximum allocated GPU memory: 3.00 GiB
Finish validation.
----------------------------
Epoch:431, training loss:0.04376497368017832
Epoch:432, training loss:0.044188192735115685
Epoch:433, training loss:0.04363761469721794
Epoch:434, training loss:0.04375544190406799
Epoch:435, training loss:0.04370192065834999
Epoch:436, training loss:0.043752589573462806
Epoch:437, training loss:0.04394217704733213
Epoch:438, training loss:0.04411229491233826
Epoch:439, training loss:0.04383416225512823
Epoch:440, training loss:0.04358785475293795
----------------------------
Start validation ...
Validation error:0.04347041994333267
Validation error:0.04347041994333267
Save model checkpoints ... 
Save pial surface mesh ... 
Maximum allocated GPU memory: 3.00 GiB
Finish validation.
----------------------------
Epoch:441, training loss:0.043873281528552376
Epoch:442, training loss:0.04336426531275114
Epoch:443, training loss:0.043593393017848335
Epoch:444, training loss:0.043584530552228294
Epoch:445, training loss:0.043528467416763306
Epoch:446, training loss:0.04356807842850685
Epoch:447, training loss:0.043499067425727844
Epoch:448, training loss:0.0433859738210837
Epoch:449, training loss:0.043357218305269875
Epoch:450, training loss:0.043527363489071526
----------------------------
Start validation ...
Validation error:0.04291495308279991
Validation error:0.04291495308279991
New best model saved at epoch 450 with validation error 0.04291495308279991
Save model checkpoints ... 
Save pial surface mesh ... 
Maximum allocated GPU memory: 3.00 GiB
Finish validation.
----------------------------
Epoch:451, training loss:0.04336233561237653
Epoch:452, training loss:0.04346881185968717
Epoch:453, training loss:0.04384589443604151
Epoch:454, training loss:0.04369529833396276
Epoch:455, training loss:0.04350073511401812
Epoch:456, training loss:0.043321854124466576
Epoch:457, training loss:0.04347882171471914
Epoch:458, training loss:0.04346243912974993
Epoch:459, training loss:0.04323924581209818
Epoch:460, training loss:0.04339845975240072
----------------------------
Start validation ...
Validation error:0.04280063882470131
Validation error:0.04280063882470131
New best model saved at epoch 460 with validation error 0.04280063882470131
Save model checkpoints ... 
Save pial surface mesh ... 
Maximum allocated GPU memory: 3.00 GiB
Finish validation.
----------------------------
Epoch:461, training loss:0.043318234384059906
Epoch:462, training loss:0.04340259979168574
Epoch:463, training loss:0.04327481985092163
Epoch:464, training loss:0.04326300819714864
Epoch:465, training loss:0.04359332968791326
Epoch:466, training loss:0.043372251093387604
Epoch:467, training loss:0.04313996682564417
Epoch:468, training loss:0.04320203637083372
Epoch:469, training loss:0.043137398858865104
Epoch:470, training loss:0.043258403738339744
----------------------------
Start validation ...
Validation error:0.04266722872853279
Validation error:0.04266722872853279
New best model saved at epoch 470 with validation error 0.04266722872853279
Save model checkpoints ... 
Save pial surface mesh ... 
Maximum allocated GPU memory: 3.00 GiB
Finish validation.
----------------------------
Epoch:471, training loss:0.043199002742767334
Epoch:472, training loss:0.043156035244464874
Epoch:473, training loss:0.0432905505100886
Epoch:474, training loss:0.0432329997420311
Epoch:475, training loss:0.04303394133845965
Epoch:476, training loss:0.043327897787094116
Epoch:477, training loss:0.04310547808806101
Epoch:478, training loss:0.04344132790962855
Epoch:479, training loss:0.043624397367239
Epoch:480, training loss:0.04322521264354388
----------------------------
Start validation ...
Validation error:0.04341758042573929
Validation error:0.04341758042573929
Save model checkpoints ... 
Save pial surface mesh ... 
Maximum allocated GPU memory: 3.00 GiB
Finish validation.
----------------------------
Epoch:481, training loss:0.04337628185749054
Epoch:482, training loss:0.04331095268328985
Epoch:483, training loss:0.04350128894050916
Epoch:484, training loss:0.043712357680002846
Epoch:485, training loss:0.04354225595792135
Epoch:486, training loss:0.04358779390652975
Epoch:487, training loss:0.04298738141854604
Epoch:488, training loss:0.042798276990652084
Epoch:489, training loss:0.04289280747373899
Epoch:490, training loss:0.04275104155143102
----------------------------
Start validation ...
Validation error:0.042562082409858704
Validation error:0.042562082409858704
New best model saved at epoch 490 with validation error 0.042562082409858704
Save model checkpoints ... 
Save pial surface mesh ... 
Maximum allocated GPU memory: 3.00 GiB
Finish validation.
----------------------------
Epoch:491, training loss:0.04300650705893835
Epoch:492, training loss:0.04301917056242625
Epoch:493, training loss:0.0428824375073115
Epoch:494, training loss:0.04281536862254143
Epoch:495, training loss:0.04285279040535291
Epoch:496, training loss:0.042941898107528687
Epoch:497, training loss:0.04288974652687708
Epoch:498, training loss:0.04297033200661341
Epoch:499, training loss:0.04308164119720459
Epoch:500, training loss:0.043366613487402596
----------------------------
Start validation ...
Validation error:0.04335607960820198
Validation error:0.04335607960820198
Save model checkpoints ... 
Save pial surface mesh ... 
Maximum allocated GPU memory: 3.00 GiB
Finish validation.
----------------------------
Epoch:501, training loss:0.04373365764816602
Epoch:502, training loss:0.04319726427396139
Epoch:503, training loss:0.04274465392033259
Epoch:504, training loss:0.04271543771028519
Epoch:505, training loss:0.04310909534494082
Epoch:506, training loss:0.04246028264363607
Epoch:507, training loss:0.042488280683755875
Epoch:508, training loss:0.042689633866151176
Epoch:509, training loss:0.042451102286577225
Epoch:510, training loss:0.04248565932114919
----------------------------
Start validation ...
Validation error:0.042116791009902954
Validation error:0.042116791009902954
New best model saved at epoch 510 with validation error 0.042116791009902954
Save model checkpoints ... 
Save pial surface mesh ... 
Maximum allocated GPU memory: 3.00 GiB
Finish validation.
----------------------------
Epoch:511, training loss:0.04231258109211922
Epoch:512, training loss:0.04228923221429189
Epoch:513, training loss:0.04222434634963671
Epoch:514, training loss:0.042269304394721985
Epoch:515, training loss:0.042367263386646904
Epoch:516, training loss:0.042435807486375175
Epoch:517, training loss:0.0425293097893397
Epoch:518, training loss:0.04247081776460012
Epoch:519, training loss:0.04227713371316592
Epoch:520, training loss:0.04258367791771889
----------------------------
Start validation ...
Validation error:0.04322105646133423
Validation error:0.04322105646133423
Save model checkpoints ... 
Save pial surface mesh ... 
Maximum allocated GPU memory: 3.00 GiB
Finish validation.
----------------------------
Epoch:521, training loss:0.04306429252028465
Epoch:522, training loss:0.04260105018814405
Epoch:523, training loss:0.043189759055773415
Epoch:524, training loss:0.0422775037586689
Epoch:525, training loss:0.04236217215657234
Epoch:526, training loss:0.04236999899148941
Epoch:527, training loss:0.042174416283766426
Epoch:528, training loss:0.04217030853033066
Epoch:529, training loss:0.042307958006858826
Epoch:530, training loss:0.04211255287130674
----------------------------
Start validation ...
Validation error:0.04191408306360245
Validation error:0.04191408306360245
New best model saved at epoch 530 with validation error 0.04191408306360245
Save model checkpoints ... 
Save pial surface mesh ... 
Maximum allocated GPU memory: 3.00 GiB
Finish validation.
----------------------------
Epoch:531, training loss:0.04206356778740883
Epoch:532, training loss:0.04200948774814606
Epoch:533, training loss:0.04202491914232572
Epoch:534, training loss:0.042292567590872444
Epoch:535, training loss:0.04240697001417478
Epoch:536, training loss:0.04291574160257975
Epoch:537, training loss:0.042323616643746696
Epoch:538, training loss:0.042075399309396744
Epoch:539, training loss:0.04211139430602392
Epoch:540, training loss:0.04204375917712847
----------------------------
Start validation ...
Validation error:0.04167352244257927
Validation error:0.04167352244257927
New best model saved at epoch 540 with validation error 0.04167352244257927
Save model checkpoints ... 
Save pial surface mesh ... 
Maximum allocated GPU memory: 3.00 GiB
Finish validation.
----------------------------
Epoch:541, training loss:0.04211193323135376
Epoch:542, training loss:0.042108286172151566
Epoch:543, training loss:0.04238378753264745
Epoch:544, training loss:0.04229567075769106
Epoch:545, training loss:0.04199932267268499
Epoch:546, training loss:0.04211360216140747
Epoch:547, training loss:0.04246242344379425
Epoch:548, training loss:0.042256224900484085
Epoch:549, training loss:0.041826741149028145
Epoch:550, training loss:0.041799742728471756
----------------------------
Start validation ...
Validation error:0.041676077991724014
Validation error:0.041676077991724014
Save model checkpoints ... 
Save pial surface mesh ... 
Maximum allocated GPU memory: 3.00 GiB
Finish validation.
----------------------------
Epoch:551, training loss:0.041839516411225
Epoch:552, training loss:0.04214141642053922
Epoch:553, training loss:0.041767947375774384
Epoch:554, training loss:0.041636787354946136
Epoch:555, training loss:0.041817293812831245
Epoch:556, training loss:0.042021325478951134
Epoch:557, training loss:0.041662621001402535
Epoch:558, training loss:0.04204837108651797
Epoch:559, training loss:0.04183680812517802
Epoch:560, training loss:0.0417200376590093
----------------------------
Start validation ...
Validation error:0.04159547761082649
Validation error:0.04159547761082649
New best model saved at epoch 560 with validation error 0.04159547761082649
Save model checkpoints ... 
Save pial surface mesh ... 
Maximum allocated GPU memory: 3.00 GiB
Finish validation.
----------------------------
Epoch:561, training loss:0.041832701613505684
Epoch:562, training loss:0.04195081442594528
Epoch:563, training loss:0.04163838674624761
Epoch:564, training loss:0.04181100179751714
Epoch:565, training loss:0.04153352975845337
Epoch:566, training loss:0.04138901208837827
Epoch:567, training loss:0.04163466393947601
Epoch:568, training loss:0.04134603589773178
Epoch:569, training loss:0.041485828657945
Epoch:570, training loss:0.04149011025826136
----------------------------
Start validation ...
Validation error:0.041462868452072144
Validation error:0.041462868452072144
New best model saved at epoch 570 with validation error 0.041462868452072144
Save model checkpoints ... 
Save pial surface mesh ... 
Maximum allocated GPU memory: 3.00 GiB
Finish validation.
----------------------------
Epoch:571, training loss:0.04150736331939697
Epoch:572, training loss:0.041404525438944496
Epoch:573, training loss:0.041524225225051246
Epoch:574, training loss:0.04138731708129247
Epoch:575, training loss:0.04143184299270312
Epoch:576, training loss:0.041318939377864204
Epoch:577, training loss:0.041554914166529976
Epoch:578, training loss:0.04196975380182266
Epoch:579, training loss:0.04200457036495209
Epoch:580, training loss:0.04158494248986244
----------------------------
Start validation ...
Validation error:0.0416712611913681
Validation error:0.0416712611913681
Save model checkpoints ... 
Save pial surface mesh ... 
Maximum allocated GPU memory: 3.00 GiB
Finish validation.
----------------------------
Epoch:581, training loss:0.04159663369258245
Epoch:582, training loss:0.041662017504374184
Epoch:583, training loss:0.041830593099196754
Epoch:584, training loss:0.041636129220326744
Epoch:585, training loss:0.04165500029921532
Epoch:586, training loss:0.04180406406521797
Epoch:587, training loss:0.041641720881064735
Epoch:588, training loss:0.041947184751431145
Epoch:589, training loss:0.042174977560838066
Epoch:590, training loss:0.041850910832484566
----------------------------
Start validation ...
Validation error:0.041973672807216644
Validation error:0.041973672807216644
Save model checkpoints ... 
Save pial surface mesh ... 
Maximum allocated GPU memory: 3.00 GiB
Finish validation.
----------------------------
Epoch:591, training loss:0.041668093452850975
Epoch:592, training loss:0.041529801984628044
Epoch:593, training loss:0.04174645493427912
Epoch:594, training loss:0.04184860115249952
Epoch:595, training loss:0.040983088314533234
Epoch:596, training loss:0.04123438894748688
Epoch:597, training loss:0.04106153671940168
Epoch:598, training loss:0.041311316192150116
Epoch:599, training loss:0.041142129649718605
Epoch:600, training loss:0.04127511382102966
----------------------------
Start validation ...
Validation error:0.04132850468158722
Validation error:0.04132850468158722
New best model saved at epoch 600 with validation error 0.04132850468158722
Save model checkpoints ... 
Save pial surface mesh ... 
Maximum allocated GPU memory: 3.00 GiB
Finish validation.
----------------------------
Finish training.
----------------------------
D
CC
