aa
bb
Combination: 0, 2
A
B
C
lh training
gnn: 0
layers: 2
trainlh.sh model is a pialgnn
----------------------------
Start loading dataset ...
numbers 100206
numbers 100307
numbers 100408
numbers 100610
MSE
Finish loading dataset. There are total 4 subjects.
Training data length 3
Validation data length 1
scaling factor  0.1
----------------------------
Start loading model ...
Model is CortexGNN
NLayerGCN 2
Finish loading model
----------------------------
Start training 600 epochs ...
Epoch:0, training loss:0.8371778925259908
----------------------------
Start validation ...
Validation error:0.4601062536239624
Validation error:0.4601062536239624
New best model saved at epoch 0 with validation error 0.4601062536239624
Save model checkpoints ... 
Save pial surface mesh ... 
Maximum allocated GPU memory: 0.98 GiB
Finish validation.
----------------------------
Epoch:1, training loss:0.3936408758163452
Epoch:2, training loss:0.3105749587217967
Epoch:3, training loss:0.29046303033828735
Epoch:4, training loss:0.23339075346787772
Epoch:5, training loss:0.16677124798297882
Epoch:6, training loss:0.13519621888796488
Epoch:7, training loss:0.13256089637676874
Epoch:8, training loss:0.12297522524992625
Epoch:9, training loss:0.10620868702729543
Epoch:10, training loss:0.10036757588386536
----------------------------
Start validation ...
Validation error:0.09393310546875
Validation error:0.09393310546875
New best model saved at epoch 10 with validation error 0.09393310546875
Save model checkpoints ... 
Save pial surface mesh ... 
Maximum allocated GPU memory: 0.99 GiB
Finish validation.
----------------------------
Epoch:11, training loss:0.10052587588628133
Epoch:12, training loss:0.0972393477956454
Epoch:13, training loss:0.09232584635416667
Epoch:14, training loss:0.09092897425095241
Epoch:15, training loss:0.08997560789187749
Epoch:16, training loss:0.0870487888654073
Epoch:17, training loss:0.08510832240184148
Epoch:18, training loss:0.0841821829477946
Epoch:19, training loss:0.08237728973229726
Epoch:20, training loss:0.08104101816813152
----------------------------
Start validation ...
Validation error:0.07463512569665909
Validation error:0.07463512569665909
New best model saved at epoch 20 with validation error 0.07463512569665909
Save model checkpoints ... 
Save pial surface mesh ... 
Maximum allocated GPU memory: 0.99 GiB
Finish validation.
----------------------------
Epoch:21, training loss:0.08006911724805832
Epoch:22, training loss:0.0788782611489296
Epoch:23, training loss:0.07777497917413712
Epoch:24, training loss:0.07699350516001384
Epoch:25, training loss:0.07616186638673146
Epoch:26, training loss:0.07529016087452571
Epoch:27, training loss:0.07459780325492223
Epoch:28, training loss:0.07381691535313924
Epoch:29, training loss:0.07323881735404332
Epoch:30, training loss:0.07267814377943675
----------------------------
Start validation ...
Validation error:0.06702511757612228
Validation error:0.06702511757612228
New best model saved at epoch 30 with validation error 0.06702511757612228
Save model checkpoints ... 
Save pial surface mesh ... 
Maximum allocated GPU memory: 0.99 GiB
Finish validation.
----------------------------
Epoch:31, training loss:0.0720110610127449
Epoch:32, training loss:0.07147795706987381
Epoch:33, training loss:0.07094984253247578
Epoch:34, training loss:0.07053068031867345
Epoch:35, training loss:0.0699492593606313
Epoch:36, training loss:0.06970566635330518
Epoch:37, training loss:0.06924097239971161
Epoch:38, training loss:0.06873947878678639
Epoch:39, training loss:0.06882999340693156
Epoch:40, training loss:0.06805909425020218
----------------------------
Start validation ...
Validation error:0.06333139538764954
Validation error:0.06333139538764954
New best model saved at epoch 40 with validation error 0.06333139538764954
Save model checkpoints ... 
Save pial surface mesh ... 
Maximum allocated GPU memory: 0.99 GiB
Finish validation.
----------------------------
Epoch:41, training loss:0.06789810707171758
Epoch:42, training loss:0.06753837689757347
Epoch:43, training loss:0.06732341274619102
Epoch:44, training loss:0.06695298105478287
Epoch:45, training loss:0.06698903938134511
Epoch:46, training loss:0.06665194903810819
Epoch:47, training loss:0.06629506250222524
Epoch:48, training loss:0.06623934333523114
Epoch:49, training loss:0.06604639316598575
Epoch:50, training loss:0.06571999813119571
----------------------------
Start validation ...
Validation error:0.060790207237005234
Validation error:0.060790207237005234
New best model saved at epoch 50 with validation error 0.060790207237005234
Save model checkpoints ... 
Save pial surface mesh ... 
Maximum allocated GPU memory: 0.99 GiB
Finish validation.
----------------------------
Epoch:51, training loss:0.06543720016876857
Epoch:52, training loss:0.06528731808066368
Epoch:53, training loss:0.0650685044626395
Epoch:54, training loss:0.06496269876758258
Epoch:55, training loss:0.06460198884208997
Epoch:56, training loss:0.06470723574360211
Epoch:57, training loss:0.06432083373268445
Epoch:58, training loss:0.0641778049369653
Epoch:59, training loss:0.06408267219861348
Epoch:60, training loss:0.06422234947482745
----------------------------
Start validation ...
Validation error:0.05933590978384018
Validation error:0.05933590978384018
New best model saved at epoch 60 with validation error 0.05933590978384018
Save model checkpoints ... 
Save pial surface mesh ... 
Maximum allocated GPU memory: 0.99 GiB
Finish validation.
----------------------------
Epoch:61, training loss:0.0642474889755249
Epoch:62, training loss:0.06409994636972745
Epoch:63, training loss:0.06351772074898084
Epoch:64, training loss:0.06346401572227478
Epoch:65, training loss:0.06315628811717033
Epoch:66, training loss:0.0632058506210645
Epoch:67, training loss:0.06298267344633739
Epoch:68, training loss:0.06285082797209422
Epoch:69, training loss:0.06272184227903684
Epoch:70, training loss:0.06280938660105069
----------------------------
Start validation ...
Validation error:0.05808538198471069
Validation error:0.05808538198471069
New best model saved at epoch 70 with validation error 0.05808538198471069
Save model checkpoints ... 
Save pial surface mesh ... 
Maximum allocated GPU memory: 0.99 GiB
Finish validation.
----------------------------
Epoch:71, training loss:0.0625563549498717
Epoch:72, training loss:0.062341111401716866
Epoch:73, training loss:0.06235591694712639
Epoch:74, training loss:0.06224243839581808
Epoch:75, training loss:0.061995195845762886
Epoch:76, training loss:0.06197380522886912
Epoch:77, training loss:0.06183738509813944
Epoch:78, training loss:0.06176955997943878
Epoch:79, training loss:0.06147884577512741
Epoch:80, training loss:0.0615957056482633
----------------------------
Start validation ...
Validation error:0.05708814784884453
Validation error:0.05708814784884453
New best model saved at epoch 80 with validation error 0.05708814784884453
Save model checkpoints ... 
Save pial surface mesh ... 
Maximum allocated GPU memory: 0.99 GiB
Finish validation.
----------------------------
Epoch:81, training loss:0.06151004880666733
Epoch:82, training loss:0.06115504105885824
Epoch:83, training loss:0.06130607798695564
Epoch:84, training loss:0.06119714801510175
Epoch:85, training loss:0.06084316223859787
Epoch:86, training loss:0.06092032169302305
Epoch:87, training loss:0.06074990580479304
Epoch:88, training loss:0.06078223139047623
Epoch:89, training loss:0.06046884506940842
Epoch:90, training loss:0.060488263765970864
----------------------------
Start validation ...
Validation error:0.056176915764808655
Validation error:0.056176915764808655
New best model saved at epoch 90 with validation error 0.056176915764808655
Save model checkpoints ... 
Save pial surface mesh ... 
Maximum allocated GPU memory: 0.99 GiB
Finish validation.
----------------------------
Epoch:91, training loss:0.060320173700650535
Epoch:92, training loss:0.060422939558823906
Epoch:93, training loss:0.06030909592906634
Epoch:94, training loss:0.06017277265588442
Epoch:95, training loss:0.059957340359687805
Epoch:96, training loss:0.060086422910292946
Epoch:97, training loss:0.05977971603473028
Epoch:98, training loss:0.05980946744481722
Epoch:99, training loss:0.05970604966084162
Epoch:100, training loss:0.05962758387128512
----------------------------
Start validation ...
Validation error:0.05535241216421127
Validation error:0.05535241216421127
New best model saved at epoch 100 with validation error 0.05535241216421127
Save model checkpoints ... 
Save pial surface mesh ... 
Maximum allocated GPU memory: 0.99 GiB
Finish validation.
----------------------------
Epoch:101, training loss:0.059565264731645584
Epoch:102, training loss:0.059440985321998596
Epoch:103, training loss:0.05941170578201612
Epoch:104, training loss:0.059317837158838906
Epoch:105, training loss:0.05932873363296191
Epoch:106, training loss:0.05947221318880717
Epoch:107, training loss:0.05899221325914065
Epoch:108, training loss:0.05898536369204521
Epoch:109, training loss:0.05897936721642812
Epoch:110, training loss:0.05876039589444796
----------------------------
Start validation ...
Validation error:0.054748646914958954
Validation error:0.054748646914958954
New best model saved at epoch 110 with validation error 0.054748646914958954
Save model checkpoints ... 
Save pial surface mesh ... 
Maximum allocated GPU memory: 0.99 GiB
Finish validation.
----------------------------
Epoch:111, training loss:0.05878681316971779
Epoch:112, training loss:0.058865226805210114
Epoch:113, training loss:0.05859997123479843
Epoch:114, training loss:0.05878859510024389
Epoch:115, training loss:0.05832705025871595
Epoch:116, training loss:0.05853405346473058
Epoch:117, training loss:0.05821624274055163
Epoch:118, training loss:0.058537766337394714
Epoch:119, training loss:0.058057527989149094
Epoch:120, training loss:0.058261855194965996
----------------------------
Start validation ...
Validation error:0.05448082834482193
Validation error:0.05448082834482193
New best model saved at epoch 120 with validation error 0.05448082834482193
Save model checkpoints ... 
Save pial surface mesh ... 
Maximum allocated GPU memory: 0.99 GiB
Finish validation.
----------------------------
Epoch:121, training loss:0.0580912580092748
Epoch:122, training loss:0.05863327533006668
Epoch:123, training loss:0.05809983735283216
Epoch:124, training loss:0.05776189019282659
Epoch:125, training loss:0.057989912728468575
Epoch:126, training loss:0.05803526441256205
Epoch:127, training loss:0.057533777008454
Epoch:128, training loss:0.05777089670300484
Epoch:129, training loss:0.05754544958472252
Epoch:130, training loss:0.05765331660707792
----------------------------
Start validation ...
Validation error:0.053641971200704575
Validation error:0.053641971200704575
New best model saved at epoch 130 with validation error 0.053641971200704575
Save model checkpoints ... 
Save pial surface mesh ... 
Maximum allocated GPU memory: 0.99 GiB
Finish validation.
----------------------------
Epoch:131, training loss:0.05743826056520144
Epoch:132, training loss:0.05717975149552027
Epoch:133, training loss:0.057420377930005394
Epoch:134, training loss:0.05730094636480013
Epoch:135, training loss:0.05720324565966924
Epoch:136, training loss:0.05748074625929197
Epoch:137, training loss:0.05707459275921186
Epoch:138, training loss:0.056945317735274635
Epoch:139, training loss:0.05749087780714035
Epoch:140, training loss:0.057120216389497123
----------------------------
Start validation ...
Validation error:0.05307011306285858
Validation error:0.05307011306285858
New best model saved at epoch 140 with validation error 0.05307011306285858
Save model checkpoints ... 
Save pial surface mesh ... 
Maximum allocated GPU memory: 0.99 GiB
Finish validation.
----------------------------
Epoch:141, training loss:0.05703077962001165
Epoch:142, training loss:0.05742644270261129
Epoch:143, training loss:0.05658620223402977
Epoch:144, training loss:0.05708318452040354
Epoch:145, training loss:0.056936703622341156
Epoch:146, training loss:0.057299369325240455
Epoch:147, training loss:0.056953889628251396
Epoch:148, training loss:0.05743951350450516
Epoch:149, training loss:0.056880162407954536
Epoch:150, training loss:0.056591060012578964
----------------------------
Start validation ...
Validation error:0.05315060168504715
Validation error:0.05315060168504715
Save model checkpoints ... 
Save pial surface mesh ... 
Maximum allocated GPU memory: 0.99 GiB
Finish validation.
----------------------------
Epoch:151, training loss:0.05677665521701177
Epoch:152, training loss:0.05663934846719106
Epoch:153, training loss:0.056306395679712296
Epoch:154, training loss:0.056113217025995255
Epoch:155, training loss:0.0561921497186025
Epoch:156, training loss:0.056148964911699295
Epoch:157, training loss:0.056060037265221276
Epoch:158, training loss:0.05585813646515211
Epoch:159, training loss:0.05613919720053673
Epoch:160, training loss:0.055882676194111504
----------------------------
Start validation ...
Validation error:0.05235150456428528
Validation error:0.05235150456428528
New best model saved at epoch 160 with validation error 0.05235150456428528
Save model checkpoints ... 
Save pial surface mesh ... 
Maximum allocated GPU memory: 0.99 GiB
Finish validation.
----------------------------
Epoch:161, training loss:0.05576877916852633
Epoch:162, training loss:0.05580675477782885
Epoch:163, training loss:0.055754621823628746
Epoch:164, training loss:0.05577274039387703
Epoch:165, training loss:0.05562072743972143
Epoch:166, training loss:0.055559832602739334
Epoch:167, training loss:0.05562283595403036
Epoch:168, training loss:0.05543419967095057
Epoch:169, training loss:0.05553960924347242
Epoch:170, training loss:0.055580499271551766
----------------------------
Start validation ...
Validation error:0.05188998579978943
Validation error:0.05188998579978943
New best model saved at epoch 170 with validation error 0.05188998579978943
Save model checkpoints ... 
Save pial surface mesh ... 
Maximum allocated GPU memory: 0.99 GiB
Finish validation.
----------------------------
Epoch:171, training loss:0.05563269307216009
Epoch:172, training loss:0.05527251213788986
Epoch:173, training loss:0.05525763829549154
Epoch:174, training loss:0.055235217014948525
Epoch:175, training loss:0.055190676202376686
Epoch:176, training loss:0.05514054745435715
Epoch:177, training loss:0.055157611767450966
Epoch:178, training loss:0.05495626976092657
Epoch:179, training loss:0.05506586655974388
Epoch:180, training loss:0.054972381641467415
----------------------------
Start validation ...
Validation error:0.05160662531852722
Validation error:0.05160662531852722
New best model saved at epoch 180 with validation error 0.05160662531852722
Save model checkpoints ... 
Save pial surface mesh ... 
Maximum allocated GPU memory: 0.99 GiB
Finish validation.
----------------------------
Epoch:181, training loss:0.05519353970885277
Epoch:182, training loss:0.05540139600634575
Epoch:183, training loss:0.055577793469031654
Epoch:184, training loss:0.055840522050857544
Epoch:185, training loss:0.055924154818058014
Epoch:186, training loss:0.05484995866815249
Epoch:187, training loss:0.055247856924931206
Epoch:188, training loss:0.05467640360196432
Epoch:189, training loss:0.05477115139365196
Epoch:190, training loss:0.054691627621650696
----------------------------
Start validation ...
Validation error:0.05123937129974365
Validation error:0.05123937129974365
New best model saved at epoch 190 with validation error 0.05123937129974365
Save model checkpoints ... 
Save pial surface mesh ... 
Maximum allocated GPU memory: 0.99 GiB
Finish validation.
----------------------------
Epoch:191, training loss:0.054452259093523026
Epoch:192, training loss:0.05450996135671934
Epoch:193, training loss:0.0544845275580883
Epoch:194, training loss:0.054443945487340294
Epoch:195, training loss:0.05438273400068283
Epoch:196, training loss:0.054397025456031166
Epoch:197, training loss:0.05436596771081289
Epoch:198, training loss:0.05427055060863495
Epoch:199, training loss:0.05421257515748342
Epoch:200, training loss:0.05440100530783335
----------------------------
Start validation ...
Validation error:0.050934527069330215
Validation error:0.050934527069330215
New best model saved at epoch 200 with validation error 0.050934527069330215
Save model checkpoints ... 
Save pial surface mesh ... 
Maximum allocated GPU memory: 0.99 GiB
Finish validation.
----------------------------
Epoch:201, training loss:0.05411028986175855
Epoch:202, training loss:0.05418169250090917
Epoch:203, training loss:0.05411096786459287
Epoch:204, training loss:0.05419024080038071
Epoch:205, training loss:0.053994908928871155
Epoch:206, training loss:0.05392251660426458
Epoch:207, training loss:0.054216849307219185
Epoch:208, training loss:0.05410472551981608
Epoch:209, training loss:0.054006900638341904
Epoch:210, training loss:0.05394983167449633
----------------------------
Start validation ...
Validation error:0.05080636963248253
Validation error:0.05080636963248253
New best model saved at epoch 210 with validation error 0.05080636963248253
Save model checkpoints ... 
Save pial surface mesh ... 
Maximum allocated GPU memory: 0.99 GiB
Finish validation.
----------------------------
Epoch:211, training loss:0.053829144686460495
Epoch:212, training loss:0.053969282656908035
Epoch:213, training loss:0.05379716803630193
Epoch:214, training loss:0.053925927728414536
Epoch:215, training loss:0.05381832271814346
Epoch:216, training loss:0.05359486614664396
Epoch:217, training loss:0.053819842636585236
Epoch:218, training loss:0.053406890481710434
Epoch:219, training loss:0.053640798976023994
Epoch:220, training loss:0.05349747836589813
----------------------------
Start validation ...
Validation error:0.050384435802698135
Validation error:0.050384435802698135
New best model saved at epoch 220 with validation error 0.050384435802698135
Save model checkpoints ... 
Save pial surface mesh ... 
Maximum allocated GPU memory: 0.99 GiB
Finish validation.
----------------------------
Epoch:221, training loss:0.053665436804294586
Epoch:222, training loss:0.05332305158178011
Epoch:223, training loss:0.05349062258998553
Epoch:224, training loss:0.05358803768952688
Epoch:225, training loss:0.05341859286030134
Epoch:226, training loss:0.05322657401363055
Epoch:227, training loss:0.05322077497839928
Epoch:228, training loss:0.053415091087420784
Epoch:229, training loss:0.05376911163330078
Epoch:230, training loss:0.05386888484160105
----------------------------
Start validation ...
Validation error:0.05002704635262489
Validation error:0.05002704635262489
New best model saved at epoch 230 with validation error 0.05002704635262489
Save model checkpoints ... 
Save pial surface mesh ... 
Maximum allocated GPU memory: 0.99 GiB
Finish validation.
----------------------------
Epoch:231, training loss:0.054179454843203224
Epoch:232, training loss:0.05343622838457426
Epoch:233, training loss:0.05326610803604126
Epoch:234, training loss:0.053532566875219345
Epoch:235, training loss:0.05301991353432337
Epoch:236, training loss:0.05309470867117246
Epoch:237, training loss:0.05298652251561483
Epoch:238, training loss:0.05288698524236679
Epoch:239, training loss:0.05280288060506185
Epoch:240, training loss:0.052967979262272515
----------------------------
Start validation ...
Validation error:0.04981276020407677
Validation error:0.04981276020407677
New best model saved at epoch 240 with validation error 0.04981276020407677
Save model checkpoints ... 
Save pial surface mesh ... 
Maximum allocated GPU memory: 0.99 GiB
Finish validation.
----------------------------
Epoch:241, training loss:0.05279271428783735
Epoch:242, training loss:0.05288404723008474
Epoch:243, training loss:0.05272054672241211
Epoch:244, training loss:0.05300986394286156
Epoch:245, training loss:0.05338196083903313
Epoch:246, training loss:0.05316027378042539
Epoch:247, training loss:0.05323550974329313
Epoch:248, training loss:0.05340002104640007
Epoch:249, training loss:0.05353358139594396
Epoch:250, training loss:0.05283204217751821
----------------------------
Start validation ...
Validation error:0.04973981902003288
Validation error:0.04973981902003288
New best model saved at epoch 250 with validation error 0.04973981902003288
Save model checkpoints ... 
Save pial surface mesh ... 
Maximum allocated GPU memory: 0.99 GiB
Finish validation.
----------------------------
Epoch:251, training loss:0.052444844196240105
Epoch:252, training loss:0.0529167465865612
Epoch:253, training loss:0.05325920755664507
Epoch:254, training loss:0.05292384202281634
Epoch:255, training loss:0.0523286002377669
Epoch:256, training loss:0.053097713738679886
Epoch:257, training loss:0.05232854684193929
Epoch:258, training loss:0.05279172087709109
Epoch:259, training loss:0.05336063727736473
Epoch:260, training loss:0.05242061739166578
----------------------------
Start validation ...
Validation error:0.04995317384600639
Validation error:0.04995317384600639
Save model checkpoints ... 
Save pial surface mesh ... 
Maximum allocated GPU memory: 0.99 GiB
Finish validation.
----------------------------
Epoch:261, training loss:0.052578811844189964
Epoch:262, training loss:0.05295415843526522
Epoch:263, training loss:0.052508109559615455
Epoch:264, training loss:0.052246766785780586
Epoch:265, training loss:0.05222505331039429
Epoch:266, training loss:0.05204982807238897
Epoch:267, training loss:0.052072539925575256
Epoch:268, training loss:0.051980009923378624
Epoch:269, training loss:0.05195796489715576
Epoch:270, training loss:0.05190319816271464
----------------------------
Start validation ...
Validation error:0.0489831306040287
Validation error:0.0489831306040287
New best model saved at epoch 270 with validation error 0.0489831306040287
Save model checkpoints ... 
Save pial surface mesh ... 
Maximum allocated GPU memory: 0.99 GiB
Finish validation.
----------------------------
Epoch:271, training loss:0.052000049501657486
Epoch:272, training loss:0.05238800371686617
Epoch:273, training loss:0.052558609594901405
Epoch:274, training loss:0.05207591007153193
Epoch:275, training loss:0.051759948333104454
Epoch:276, training loss:0.052191478510697685
Epoch:277, training loss:0.05233972271283468
Epoch:278, training loss:0.05221384887893995
Epoch:279, training loss:0.051640444745620094
Epoch:280, training loss:0.051673089464505516
----------------------------
Start validation ...
Validation error:0.04882686585187912
Validation error:0.04882686585187912
New best model saved at epoch 280 with validation error 0.04882686585187912
Save model checkpoints ... 
Save pial surface mesh ... 
Maximum allocated GPU memory: 0.99 GiB
Finish validation.
----------------------------
Epoch:281, training loss:0.051864532132943474
Epoch:282, training loss:0.05159493659933408
Epoch:283, training loss:0.05151516819993655
Epoch:284, training loss:0.051898449659347534
Epoch:285, training loss:0.05183589085936546
Epoch:286, training loss:0.05140288049976031
Epoch:287, training loss:0.051654585947593055
Epoch:288, training loss:0.05174079413215319
Epoch:289, training loss:0.051446898529926934
Epoch:290, training loss:0.05150516827901205
----------------------------
Start validation ...
Validation error:0.04846983030438423
Validation error:0.04846983030438423
New best model saved at epoch 290 with validation error 0.04846983030438423
Save model checkpoints ... 
Save pial surface mesh ... 
Maximum allocated GPU memory: 0.99 GiB
Finish validation.
----------------------------
Epoch:291, training loss:0.05136557295918465
Epoch:292, training loss:0.05151806647578875
Epoch:293, training loss:0.05137921993931135
Epoch:294, training loss:0.05119538183013598
Epoch:295, training loss:0.051663012554248176
Epoch:296, training loss:0.05141389245788256
Epoch:297, training loss:0.05114520713686943
Epoch:298, training loss:0.0513156329592069
Epoch:299, training loss:0.05142122755448023
Epoch:300, training loss:0.051293935626745224
----------------------------
Start validation ...
Validation error:0.04849996045231819
Validation error:0.04849996045231819
Save model checkpoints ... 
Save pial surface mesh ... 
Maximum allocated GPU memory: 0.99 GiB
Finish validation.
----------------------------
Epoch:301, training loss:0.051638245582580566
Epoch:302, training loss:0.05133498211701711
Epoch:303, training loss:0.05118620271484057
Epoch:304, training loss:0.05112717424829801
Epoch:305, training loss:0.051605148861805596
Epoch:306, training loss:0.051910899579524994
Epoch:307, training loss:0.052334945648908615
Epoch:308, training loss:0.051597929249207176
Epoch:309, training loss:0.05106934408346812
Epoch:310, training loss:0.051367110262314476
----------------------------
Start validation ...
Validation error:0.048378780484199524
Validation error:0.048378780484199524
New best model saved at epoch 310 with validation error 0.048378780484199524
Save model checkpoints ... 
Save pial surface mesh ... 
Maximum allocated GPU memory: 0.99 GiB
Finish validation.
----------------------------
Epoch:311, training loss:0.051578457156817116
Epoch:312, training loss:0.05108284577727318
Epoch:313, training loss:0.050938356667757034
Epoch:314, training loss:0.05100438122948011
Epoch:315, training loss:0.05097963040073713
Epoch:316, training loss:0.0513050543765227
Epoch:317, training loss:0.05119396994511286
Epoch:318, training loss:0.05063799520333608
Epoch:319, training loss:0.05134428292512894
Epoch:320, training loss:0.05108329653739929
----------------------------
Start validation ...
Validation error:0.04802362993359566
Validation error:0.04802362993359566
New best model saved at epoch 320 with validation error 0.04802362993359566
Save model checkpoints ... 
Save pial surface mesh ... 
Maximum allocated GPU memory: 0.99 GiB
Finish validation.
----------------------------
Epoch:321, training loss:0.051015558342138924
Epoch:322, training loss:0.050777548303206764
Epoch:323, training loss:0.050803545862436295
Epoch:324, training loss:0.05089957763751348
Epoch:325, training loss:0.05074520409107208
Epoch:326, training loss:0.05052108814318975
Epoch:327, training loss:0.05092384169499079
Epoch:328, training loss:0.050653417905171715
Epoch:329, training loss:0.05093964313467344
Epoch:330, training loss:0.05143477271000544
----------------------------
Start validation ...
Validation error:0.04796220362186432
Validation error:0.04796220362186432
New best model saved at epoch 330 with validation error 0.04796220362186432
Save model checkpoints ... 
Save pial surface mesh ... 
Maximum allocated GPU memory: 0.99 GiB
Finish validation.
----------------------------
Epoch:331, training loss:0.05096115916967392
Epoch:332, training loss:0.050387486815452576
Epoch:333, training loss:0.05070369690656662
Epoch:334, training loss:0.0504418450097243
Epoch:335, training loss:0.050408280144135155
Epoch:336, training loss:0.05035603791475296
Epoch:337, training loss:0.05035552258292834
Epoch:338, training loss:0.0503227524459362
Epoch:339, training loss:0.0504961758852005
Epoch:340, training loss:0.050236022720734276
----------------------------
Start validation ...
Validation error:0.04755474999547005
Validation error:0.04755474999547005
New best model saved at epoch 340 with validation error 0.04755474999547005
Save model checkpoints ... 
Save pial surface mesh ... 
Maximum allocated GPU memory: 0.99 GiB
Finish validation.
----------------------------
Epoch:341, training loss:0.05024015779296557
Epoch:342, training loss:0.050384471813837685
Epoch:343, training loss:0.05011079584558805
Epoch:344, training loss:0.05032015343507131
Epoch:345, training loss:0.050007469952106476
Epoch:346, training loss:0.05029455324014028
Epoch:347, training loss:0.05018612866600355
Epoch:348, training loss:0.050111460189024605
Epoch:349, training loss:0.05014277249574661
Epoch:350, training loss:0.049981861064831413
----------------------------
Start validation ...
Validation error:0.04746883735060692
Validation error:0.04746883735060692
New best model saved at epoch 350 with validation error 0.04746883735060692
Save model checkpoints ... 
Save pial surface mesh ... 
Maximum allocated GPU memory: 0.99 GiB
Finish validation.
----------------------------
Epoch:351, training loss:0.04999394714832306
Epoch:352, training loss:0.04994075372815132
Epoch:353, training loss:0.04995819802085558
Epoch:354, training loss:0.04993649820486704
Epoch:355, training loss:0.04993376508355141
Epoch:356, training loss:0.05012529840071996
Epoch:357, training loss:0.050072863698005676
Epoch:358, training loss:0.05036026487747828
Epoch:359, training loss:0.049817503740390144
Epoch:360, training loss:0.049860874811808266
----------------------------
Start validation ...
Validation error:0.04738226532936096
Validation error:0.04738226532936096
New best model saved at epoch 360 with validation error 0.04738226532936096
Save model checkpoints ... 
Save pial surface mesh ... 
Maximum allocated GPU memory: 0.99 GiB
Finish validation.
----------------------------
Epoch:361, training loss:0.04996455584963163
Epoch:362, training loss:0.049932156999905906
Epoch:363, training loss:0.049971566845973335
Epoch:364, training loss:0.049777387330929436
Epoch:365, training loss:0.0500545526544253
Epoch:366, training loss:0.04984871173898379
Epoch:367, training loss:0.04982853680849075
Epoch:368, training loss:0.04984148840109507
Epoch:369, training loss:0.049900868286689125
Epoch:370, training loss:0.04964641605814298
----------------------------
Start validation ...
Validation error:0.047140829265117645
Validation error:0.047140829265117645
New best model saved at epoch 370 with validation error 0.047140829265117645
Save model checkpoints ... 
Save pial surface mesh ... 
Maximum allocated GPU memory: 0.99 GiB
Finish validation.
----------------------------
Epoch:371, training loss:0.04958478609720866
Epoch:372, training loss:0.04965886101126671
Epoch:373, training loss:0.049647893756628036
Epoch:374, training loss:0.04965477933486303
Epoch:375, training loss:0.049430879453818
Epoch:376, training loss:0.049500505129496254
Epoch:377, training loss:0.0498175211250782
Epoch:378, training loss:0.0494497815767924
Epoch:379, training loss:0.04948831101258596
Epoch:380, training loss:0.04946270709236463
----------------------------
Start validation ...
Validation error:0.047172047197818756
Validation error:0.047172047197818756
Save model checkpoints ... 
Save pial surface mesh ... 
Maximum allocated GPU memory: 0.99 GiB
Finish validation.
----------------------------
Epoch:381, training loss:0.04985599343975385
Epoch:382, training loss:0.0495329312980175
Epoch:383, training loss:0.049597072104612984
Epoch:384, training loss:0.049354725827773414
Epoch:385, training loss:0.049380987882614136
Epoch:386, training loss:0.04931832601626714
Epoch:387, training loss:0.04951573287447294
Epoch:388, training loss:0.04979554812113444
Epoch:389, training loss:0.04948903496066729
Epoch:390, training loss:0.04920818408330282
----------------------------
Start validation ...
Validation error:0.04686248302459717
Validation error:0.04686248302459717
New best model saved at epoch 390 with validation error 0.04686248302459717
Save model checkpoints ... 
Save pial surface mesh ... 
Maximum allocated GPU memory: 0.99 GiB
Finish validation.
----------------------------
Epoch:391, training loss:0.04922913759946823
Epoch:392, training loss:0.049387376755476
Epoch:393, training loss:0.04914829755822817
Epoch:394, training loss:0.04913572842876116
Epoch:395, training loss:0.04922109593947729
Epoch:396, training loss:0.049128759652376175
Epoch:397, training loss:0.049039880434672035
Epoch:398, training loss:0.04925850157936414
Epoch:399, training loss:0.04928550372521082
Epoch:400, training loss:0.049634808053572975
----------------------------
Start validation ...
Validation error:0.04667900130152702
Validation error:0.04667900130152702
New best model saved at epoch 400 with validation error 0.04667900130152702
Save model checkpoints ... 
Save pial surface mesh ... 
Maximum allocated GPU memory: 0.99 GiB
Finish validation.
----------------------------
Epoch:401, training loss:0.04911069696148237
Epoch:402, training loss:0.04907508194446564
Epoch:403, training loss:0.04913796360294024
Epoch:404, training loss:0.048992772897084556
Epoch:405, training loss:0.049075370033582054
Epoch:406, training loss:0.04898831248283386
Epoch:407, training loss:0.04902194564541181
Epoch:408, training loss:0.049218439807494484
Epoch:409, training loss:0.049160132805506386
Epoch:410, training loss:0.04884441321094831
----------------------------
Start validation ...
Validation error:0.04693151265382767
Validation error:0.04693151265382767
Save model checkpoints ... 
Save pial surface mesh ... 
Maximum allocated GPU memory: 0.99 GiB
Finish validation.
----------------------------
Epoch:411, training loss:0.04918107017874718
Epoch:412, training loss:0.0490274503827095
Epoch:413, training loss:0.04933618754148483
Epoch:414, training loss:0.04921969026327133
Epoch:415, training loss:0.04878936087091764
Epoch:416, training loss:0.04898474117120107
Epoch:417, training loss:0.04890612016121546
Epoch:418, training loss:0.04919789110620817
Epoch:419, training loss:0.048863439510265984
Epoch:420, training loss:0.04864539951086044
----------------------------
Start validation ...
Validation error:0.046466194093227386
Validation error:0.046466194093227386
New best model saved at epoch 420 with validation error 0.046466194093227386
Save model checkpoints ... 
Save pial surface mesh ... 
Maximum allocated GPU memory: 0.99 GiB
Finish validation.
----------------------------
Epoch:421, training loss:0.04886384184161822
Epoch:422, training loss:0.04868020241459211
Epoch:423, training loss:0.04866526400049528
Epoch:424, training loss:0.04865529264012972
Epoch:425, training loss:0.048652912179629006
Epoch:426, training loss:0.048589255660772324
Epoch:427, training loss:0.04886899764339129
Epoch:428, training loss:0.04857564469178518
Epoch:429, training loss:0.04845305656393369
Epoch:430, training loss:0.04876067737738291
----------------------------
Start validation ...
Validation error:0.04631727561354637
Validation error:0.04631727561354637
New best model saved at epoch 430 with validation error 0.04631727561354637
Save model checkpoints ... 
Save pial surface mesh ... 
Maximum allocated GPU memory: 0.99 GiB
Finish validation.
----------------------------
Epoch:431, training loss:0.048634069661299385
Epoch:432, training loss:0.04843492557605108
Epoch:433, training loss:0.04857498904069265
Epoch:434, training loss:0.04866004238526026
Epoch:435, training loss:0.04844829191764196
Epoch:436, training loss:0.04853024954597155
Epoch:437, training loss:0.04841423655549685
Epoch:438, training loss:0.0484019989768664
Epoch:439, training loss:0.04860891898473104
Epoch:440, training loss:0.04826676845550537
----------------------------
Start validation ...
Validation error:0.04624371975660324
Validation error:0.04624371975660324
New best model saved at epoch 440 with validation error 0.04624371975660324
Save model checkpoints ... 
Save pial surface mesh ... 
Maximum allocated GPU memory: 0.99 GiB
Finish validation.
----------------------------
Epoch:441, training loss:0.0482926107943058
Epoch:442, training loss:0.04837979127963384
Epoch:443, training loss:0.04829062273104986
Epoch:444, training loss:0.04821444054444631
Epoch:445, training loss:0.04827715208133062
Epoch:446, training loss:0.048291437327861786
Epoch:447, training loss:0.04829186946153641
Epoch:448, training loss:0.048223357647657394
Epoch:449, training loss:0.04830807447433472
Epoch:450, training loss:0.04826814060409864
----------------------------
Start validation ...
Validation error:0.04593741148710251
Validation error:0.04593741148710251
New best model saved at epoch 450 with validation error 0.04593741148710251
Save model checkpoints ... 
Save pial surface mesh ... 
Maximum allocated GPU memory: 0.99 GiB
Finish validation.
----------------------------
Epoch:451, training loss:0.04827215025822321
Epoch:452, training loss:0.0481113630036513
Epoch:453, training loss:0.0481861320634683
Epoch:454, training loss:0.048107887307802834
Epoch:455, training loss:0.048128547767798104
Epoch:456, training loss:0.048267768075068794
Epoch:457, training loss:0.04820715884367625
Epoch:458, training loss:0.04795084148645401
Epoch:459, training loss:0.04841252168019613
Epoch:460, training loss:0.04809505492448807
----------------------------
Start validation ...
Validation error:0.0458725281059742
Validation error:0.0458725281059742
New best model saved at epoch 460 with validation error 0.0458725281059742
Save model checkpoints ... 
Save pial surface mesh ... 
Maximum allocated GPU memory: 0.99 GiB
Finish validation.
----------------------------
Epoch:461, training loss:0.04800495505332947
Epoch:462, training loss:0.04807449256380399
Epoch:463, training loss:0.04795540124177933
Epoch:464, training loss:0.04801837479074796
Epoch:465, training loss:0.04804869989554087
Epoch:466, training loss:0.04797143613298734
Epoch:467, training loss:0.0478976679344972
Epoch:468, training loss:0.047883021334807076
Epoch:469, training loss:0.04797298088669777
Epoch:470, training loss:0.0479793647925059
----------------------------
Start validation ...
Validation error:0.04570440948009491
Validation error:0.04570440948009491
New best model saved at epoch 470 with validation error 0.04570440948009491
Save model checkpoints ... 
Save pial surface mesh ... 
Maximum allocated GPU memory: 0.99 GiB
Finish validation.
----------------------------
Epoch:471, training loss:0.04776756217082342
Epoch:472, training loss:0.04794763897856077
Epoch:473, training loss:0.0480613112449646
Epoch:474, training loss:0.0478976716597875
Epoch:475, training loss:0.04785233984390894
Epoch:476, training loss:0.04791428272922834
Epoch:477, training loss:0.04778520638744036
Epoch:478, training loss:0.04774284362792969
Epoch:479, training loss:0.047682903707027435
Epoch:480, training loss:0.04772356773416201
----------------------------
Start validation ...
Validation error:0.04574942961335182
Validation error:0.04574942961335182
Save model checkpoints ... 
Save pial surface mesh ... 
Maximum allocated GPU memory: 0.99 GiB
Finish validation.
----------------------------
Epoch:481, training loss:0.047840515772501625
Epoch:482, training loss:0.047746015091737114
Epoch:483, training loss:0.047632155319054924
Epoch:484, training loss:0.04761214181780815
Epoch:485, training loss:0.04759615287184715
Epoch:486, training loss:0.04773444434007009
Epoch:487, training loss:0.0476421428223451
Epoch:488, training loss:0.04762196292479833
Epoch:489, training loss:0.04770175491770109
Epoch:490, training loss:0.047609444707632065
----------------------------
Start validation ...
Validation error:0.045522935688495636
Validation error:0.045522935688495636
New best model saved at epoch 490 with validation error 0.045522935688495636
Save model checkpoints ... 
Save pial surface mesh ... 
Maximum allocated GPU memory: 0.99 GiB
Finish validation.
----------------------------
Epoch:491, training loss:0.04755300531784693
Epoch:492, training loss:0.04767179489135742
Epoch:493, training loss:0.04763217891256014
Epoch:494, training loss:0.04746674373745918
Epoch:495, training loss:0.04767230525612831
Epoch:496, training loss:0.04752334083120028
Epoch:497, training loss:0.04759404435753822
Epoch:498, training loss:0.0474216602742672
Epoch:499, training loss:0.04742801437775294
Epoch:500, training loss:0.04745108634233475
----------------------------
Start validation ...
Validation error:0.0453806072473526
Validation error:0.0453806072473526
New best model saved at epoch 500 with validation error 0.0453806072473526
Save model checkpoints ... 
Save pial surface mesh ... 
Maximum allocated GPU memory: 0.99 GiB
Finish validation.
----------------------------
Epoch:501, training loss:0.04735526069998741
Epoch:502, training loss:0.047348144153753914
Epoch:503, training loss:0.047399560610453285
Epoch:504, training loss:0.047334554294745125
Epoch:505, training loss:0.04750650003552437
Epoch:506, training loss:0.04726982737580935
Epoch:507, training loss:0.0472865104675293
Epoch:508, training loss:0.04755728070934614
Epoch:509, training loss:0.04716319590806961
Epoch:510, training loss:0.04727055380741755
----------------------------
Start validation ...
Validation error:0.04534071683883667
Validation error:0.04534071683883667
New best model saved at epoch 510 with validation error 0.04534071683883667
Save model checkpoints ... 
Save pial surface mesh ... 
Maximum allocated GPU memory: 0.99 GiB
Finish validation.
----------------------------
Epoch:511, training loss:0.04729383190472921
Epoch:512, training loss:0.047282529373963676
Epoch:513, training loss:0.04720131059487661
Epoch:514, training loss:0.04729027797778448
Epoch:515, training loss:0.04724841440717379
Epoch:516, training loss:0.04741532728075981
Epoch:517, training loss:0.04718777537345886
Epoch:518, training loss:0.047222282737493515
Epoch:519, training loss:0.047270910193522774
Epoch:520, training loss:0.047037324557701744
----------------------------
Start validation ...
Validation error:0.04524845629930496
Validation error:0.04524845629930496
New best model saved at epoch 520 with validation error 0.04524845629930496
Save model checkpoints ... 
Save pial surface mesh ... 
Maximum allocated GPU memory: 0.99 GiB
Finish validation.
----------------------------
Epoch:521, training loss:0.04716883723934492
Epoch:522, training loss:0.047332807133595146
Epoch:523, training loss:0.047180951883395515
Epoch:524, training loss:0.04739286626378695
Epoch:525, training loss:0.047270492961009346
Epoch:526, training loss:0.04735987881819407
Epoch:527, training loss:0.0473698228597641
Epoch:528, training loss:0.046976618468761444
Epoch:529, training loss:0.04715881124138832
Epoch:530, training loss:0.04704565927386284
----------------------------
Start validation ...
Validation error:0.04533218964934349
Validation error:0.04533218964934349
Save model checkpoints ... 
Save pial surface mesh ... 
Maximum allocated GPU memory: 0.99 GiB
Finish validation.
----------------------------
Epoch:531, training loss:0.04727232828736305
Epoch:532, training loss:0.047221520294745765
Epoch:533, training loss:0.04712522650758425
Epoch:534, training loss:0.046903256326913834
Epoch:535, training loss:0.04693809772531191
Epoch:536, training loss:0.04697673891981443
Epoch:537, training loss:0.046851263691981636
Epoch:538, training loss:0.04694853723049164
Epoch:539, training loss:0.04686663051446279
Epoch:540, training loss:0.046876657754182816
----------------------------
Start validation ...
Validation error:0.04504438862204552
Validation error:0.04504438862204552
New best model saved at epoch 540 with validation error 0.04504438862204552
Save model checkpoints ... 
Save pial surface mesh ... 
Maximum allocated GPU memory: 0.99 GiB
Finish validation.
----------------------------
Epoch:541, training loss:0.046930680672327675
Epoch:542, training loss:0.04670894145965576
Epoch:543, training loss:0.046783958872159324
Epoch:544, training loss:0.04673659180601438
Epoch:545, training loss:0.046757761389017105
Epoch:546, training loss:0.046775929629802704
Epoch:547, training loss:0.04674150918920835
Epoch:548, training loss:0.04665904367963473
Epoch:549, training loss:0.0467121551434199
Epoch:550, training loss:0.046713740875323616
----------------------------
Start validation ...
Validation error:0.044928595423698425
Validation error:0.044928595423698425
New best model saved at epoch 550 with validation error 0.044928595423698425
Save model checkpoints ... 
Save pial surface mesh ... 
Maximum allocated GPU memory: 0.99 GiB
Finish validation.
----------------------------
Epoch:551, training loss:0.04684562484423319
Epoch:552, training loss:0.04683820654948553
Epoch:553, training loss:0.04686651130517324
Epoch:554, training loss:0.04671864459911982
Epoch:555, training loss:0.046567652374506
Epoch:556, training loss:0.04660069445768992
Epoch:557, training loss:0.04676740492383639
Epoch:558, training loss:0.047011869649092354
Epoch:559, training loss:0.046526035914818444
Epoch:560, training loss:0.04660404101014137
----------------------------
Start validation ...
Validation error:0.04503782093524933
Validation error:0.04503782093524933
Save model checkpoints ... 
Save pial surface mesh ... 
Maximum allocated GPU memory: 0.99 GiB
Finish validation.
----------------------------
Epoch:561, training loss:0.04657472545901934
Epoch:562, training loss:0.04678662990530332
Epoch:563, training loss:0.046893237779537834
Epoch:564, training loss:0.04648025333881378
Epoch:565, training loss:0.04654010757803917
Epoch:566, training loss:0.046444772432247795
Epoch:567, training loss:0.04675600677728653
Epoch:568, training loss:0.04651183510820071
Epoch:569, training loss:0.04662206148107847
Epoch:570, training loss:0.04661609108249346
----------------------------
Start validation ...
Validation error:0.04475071281194687
Validation error:0.04475071281194687
New best model saved at epoch 570 with validation error 0.04475071281194687
Save model checkpoints ... 
Save pial surface mesh ... 
Maximum allocated GPU memory: 0.99 GiB
Finish validation.
----------------------------
Epoch:571, training loss:0.04639819264411926
Epoch:572, training loss:0.046680718660354614
Epoch:573, training loss:0.04622017592191696
Epoch:574, training loss:0.04662757987777392
Epoch:575, training loss:0.046476698170105614
Epoch:576, training loss:0.04644577577710152
Epoch:577, training loss:0.04633355513215065
Epoch:578, training loss:0.046284726510445275
Epoch:579, training loss:0.0463906874259313
Epoch:580, training loss:0.04633789633711179
----------------------------
Start validation ...
Validation error:0.04460221901535988
Validation error:0.04460221901535988
New best model saved at epoch 580 with validation error 0.04460221901535988
Save model checkpoints ... 
Save pial surface mesh ... 
Maximum allocated GPU memory: 0.99 GiB
Finish validation.
----------------------------
Epoch:581, training loss:0.04663305108745893
Epoch:582, training loss:0.04638752962152163
Epoch:583, training loss:0.0463087297976017
Epoch:584, training loss:0.046315621584653854
Epoch:585, training loss:0.04639232407013575
Epoch:586, training loss:0.04632738480965296
Epoch:587, training loss:0.046180120358864464
Epoch:588, training loss:0.04623716448744138
Epoch:589, training loss:0.046150632202625275
Epoch:590, training loss:0.046103342125813164
----------------------------
Start validation ...
Validation error:0.04458026960492134
Validation error:0.04458026960492134
New best model saved at epoch 590 with validation error 0.04458026960492134
Save model checkpoints ... 
Save pial surface mesh ... 
Maximum allocated GPU memory: 0.99 GiB
Finish validation.
----------------------------
Epoch:591, training loss:0.04634395738442739
Epoch:592, training loss:0.04632260650396347
Epoch:593, training loss:0.04624129210909208
Epoch:594, training loss:0.04618778948982557
Epoch:595, training loss:0.046054462591807045
Epoch:596, training loss:0.046202042450507484
Epoch:597, training loss:0.04615571349859238
Epoch:598, training loss:0.046413550774256386
Epoch:599, training loss:0.04620668416221937
Epoch:600, training loss:0.04617701470851898
----------------------------
Start validation ...
Validation error:0.044506024569272995
Validation error:0.044506024569272995
New best model saved at epoch 600 with validation error 0.044506024569272995
Save model checkpoints ... 
Save pial surface mesh ... 
Maximum allocated GPU memory: 0.99 GiB
Finish validation.
----------------------------
Finish training.
----------------------------
D
CC
