aa
bb
Combination: 1, 3
A
B
C
lh training
gnn: 1
layers: 3
trainlh.sh model is a pialgnn
----------------------------
Start loading dataset ...
numbers 100206
numbers 100307
numbers 100408
numbers 100610
MSE
Finish loading dataset. There are total 4 subjects.
Training data length 3
Validation data length 1
scaling factor  0.1
----------------------------
Start loading model ...
Model is CortexGNN
NLayerGAT 3
NLayerGAT 3
Finish loading model
----------------------------
Start training 600 epochs ...
Epoch:0, training loss:0.3264133532842
----------------------------
Start validation ...
Validation error:0.1987234354019165
Validation error:0.1987234354019165
New best model saved at epoch 0 with validation error 0.1987234354019165
Save model checkpoints ... 
Save pial surface mesh ... 
Maximum allocated GPU memory: 4.66 GiB
Finish validation.
----------------------------
Epoch:1, training loss:0.20624533792336783
Epoch:2, training loss:0.1590640147527059
Epoch:3, training loss:0.11698041359583537
Epoch:4, training loss:0.1051498254140218
Epoch:5, training loss:0.09750332186619441
Epoch:6, training loss:0.08708314597606659
Epoch:7, training loss:0.08475834131240845
Epoch:8, training loss:0.08262733370065689
Epoch:9, training loss:0.07667120297749837
Epoch:10, training loss:0.07639607042074203
----------------------------
Start validation ...
Validation error:0.06897029280662537
Validation error:0.06897029280662537
New best model saved at epoch 10 with validation error 0.06897029280662537
Save model checkpoints ... 
Save pial surface mesh ... 
Maximum allocated GPU memory: 4.66 GiB
Finish validation.
----------------------------
Epoch:11, training loss:0.07331654926141103
Epoch:12, training loss:0.07108497867981593
Epoch:13, training loss:0.07051385939121246
Epoch:14, training loss:0.06878358001510303
Epoch:15, training loss:0.06818399454156558
Epoch:16, training loss:0.0673440583050251
Epoch:17, training loss:0.06631630659103394
Epoch:18, training loss:0.06572865694761276
Epoch:19, training loss:0.06482818846901257
Epoch:20, training loss:0.06449449807405472
----------------------------
Start validation ...
Validation error:0.059455595910549164
Validation error:0.059455595910549164
New best model saved at epoch 20 with validation error 0.059455595910549164
Save model checkpoints ... 
Save pial surface mesh ... 
Maximum allocated GPU memory: 4.66 GiB
Finish validation.
----------------------------
Epoch:21, training loss:0.06373666847745578
Epoch:22, training loss:0.06328713521361351
Epoch:23, training loss:0.0628451369702816
Epoch:24, training loss:0.0624919186035792
Epoch:25, training loss:0.06216282397508621
Epoch:26, training loss:0.061634618788957596
Epoch:27, training loss:0.06113119795918465
Epoch:28, training loss:0.06087212264537811
Epoch:29, training loss:0.06045403331518173
Epoch:30, training loss:0.060147284219662346
----------------------------
Start validation ...
Validation error:0.05562233179807663
Validation error:0.05562233179807663
New best model saved at epoch 30 with validation error 0.05562233179807663
Save model checkpoints ... 
Save pial surface mesh ... 
Maximum allocated GPU memory: 4.66 GiB
Finish validation.
----------------------------
Epoch:31, training loss:0.059773433953523636
Epoch:32, training loss:0.05948826173941294
Epoch:33, training loss:0.05929754301905632
Epoch:34, training loss:0.05882450193166733
Epoch:35, training loss:0.058735465010007225
Epoch:36, training loss:0.05831408500671387
Epoch:37, training loss:0.058189415683348976
Epoch:38, training loss:0.05784109607338905
Epoch:39, training loss:0.05755225941538811
Epoch:40, training loss:0.05733892321586609
----------------------------
Start validation ...
Validation error:0.053230442106723785
Validation error:0.053230442106723785
New best model saved at epoch 40 with validation error 0.053230442106723785
Save model checkpoints ... 
Save pial surface mesh ... 
Maximum allocated GPU memory: 4.66 GiB
Finish validation.
----------------------------
Epoch:41, training loss:0.057286580403645836
Epoch:42, training loss:0.057226359844207764
Epoch:43, training loss:0.05676610271135966
Epoch:44, training loss:0.05650572975476583
Epoch:45, training loss:0.05627034852902094
Epoch:46, training loss:0.056207374980052315
Epoch:47, training loss:0.05575624108314514
Epoch:48, training loss:0.055785857141017914
Epoch:49, training loss:0.055336322635412216
Epoch:50, training loss:0.05530554552872976
----------------------------
Start validation ...
Validation error:0.05143453925848007
Validation error:0.05143453925848007
New best model saved at epoch 50 with validation error 0.05143453925848007
Save model checkpoints ... 
Save pial surface mesh ... 
Maximum allocated GPU memory: 4.66 GiB
Finish validation.
----------------------------
Epoch:51, training loss:0.05506936584909757
Epoch:52, training loss:0.05498188237349192
Epoch:53, training loss:0.05475088953971863
Epoch:54, training loss:0.05451412250598272
Epoch:55, training loss:0.05441116417447726
Epoch:56, training loss:0.05425328016281128
Epoch:57, training loss:0.0539843775331974
Epoch:58, training loss:0.05390595023830732
Epoch:59, training loss:0.05367275203267733
Epoch:60, training loss:0.05367928619186083
----------------------------
Start validation ...
Validation error:0.049764517694711685
Validation error:0.049764517694711685
New best model saved at epoch 60 with validation error 0.049764517694711685
Save model checkpoints ... 
Save pial surface mesh ... 
Maximum allocated GPU memory: 4.66 GiB
Finish validation.
----------------------------
Epoch:61, training loss:0.05371898909409841
Epoch:62, training loss:0.05357383439938227
Epoch:63, training loss:0.053074816862742104
Epoch:64, training loss:0.05335859333475431
Epoch:65, training loss:0.053170349448919296
Epoch:66, training loss:0.053085083762804665
Epoch:67, training loss:0.052566210428873696
Epoch:68, training loss:0.05280026296774546
Epoch:69, training loss:0.05251880114277204
Epoch:70, training loss:0.05253103872140249
----------------------------
Start validation ...
Validation error:0.048800356686115265
Validation error:0.048800356686115265
New best model saved at epoch 70 with validation error 0.048800356686115265
Save model checkpoints ... 
Save pial surface mesh ... 
Maximum allocated GPU memory: 4.66 GiB
Finish validation.
----------------------------
Epoch:71, training loss:0.052139762789011
Epoch:72, training loss:0.052072866509358086
Epoch:73, training loss:0.05213627095023791
Epoch:74, training loss:0.0522748331228892
Epoch:75, training loss:0.05214946592847506
Epoch:76, training loss:0.051990424593289696
Epoch:77, training loss:0.051743323604265846
Epoch:78, training loss:0.05138344690203667
Epoch:79, training loss:0.05127646898229917
Epoch:80, training loss:0.051206267128388085
----------------------------
Start validation ...
Validation error:0.047736603766679764
Validation error:0.047736603766679764
New best model saved at epoch 80 with validation error 0.047736603766679764
Save model checkpoints ... 
Save pial surface mesh ... 
Maximum allocated GPU memory: 4.66 GiB
Finish validation.
----------------------------
Epoch:81, training loss:0.05090899268786112
Epoch:82, training loss:0.0509376327196757
Epoch:83, training loss:0.05077789848049482
Epoch:84, training loss:0.05069675420721372
Epoch:85, training loss:0.05052914470434189
Epoch:86, training loss:0.05045648540059725
Epoch:87, training loss:0.050349959482749305
Epoch:88, training loss:0.050434576968352
Epoch:89, training loss:0.05024012674887975
Epoch:90, training loss:0.05040508757034937
----------------------------
Start validation ...
Validation error:0.046853870153427124
Validation error:0.046853870153427124
New best model saved at epoch 90 with validation error 0.046853870153427124
Save model checkpoints ... 
Save pial surface mesh ... 
Maximum allocated GPU memory: 4.66 GiB
Finish validation.
----------------------------
Epoch:91, training loss:0.050360885759194694
Epoch:92, training loss:0.049856990575790405
Epoch:93, training loss:0.050026893615722656
Epoch:94, training loss:0.049808137118816376
Epoch:95, training loss:0.04960820327202479
Epoch:96, training loss:0.049631799260775246
Epoch:97, training loss:0.04946697627504667
Epoch:98, training loss:0.04951231802503268
Epoch:99, training loss:0.04930664226412773
Epoch:100, training loss:0.049148699889580406
----------------------------
Start validation ...
Validation error:0.0462062768638134
Validation error:0.0462062768638134
New best model saved at epoch 100 with validation error 0.0462062768638134
Save model checkpoints ... 
Save pial surface mesh ... 
Maximum allocated GPU memory: 4.66 GiB
Finish validation.
----------------------------
Epoch:101, training loss:0.049240498493115105
Epoch:102, training loss:0.049518766502539315
Epoch:103, training loss:0.04965753729144732
Epoch:104, training loss:0.04912854731082916
Epoch:105, training loss:0.04907701164484024
Epoch:106, training loss:0.0490186574558417
Epoch:107, training loss:0.048863526433706284
Epoch:108, training loss:0.04862285405397415
Epoch:109, training loss:0.048613291233778
Epoch:110, training loss:0.04863797997434934
----------------------------
Start validation ...
Validation error:0.045439694076776505
Validation error:0.045439694076776505
New best model saved at epoch 110 with validation error 0.045439694076776505
Save model checkpoints ... 
Save pial surface mesh ... 
Maximum allocated GPU memory: 4.66 GiB
Finish validation.
----------------------------
Epoch:111, training loss:0.048336693396170936
Epoch:112, training loss:0.048208789279063545
Epoch:113, training loss:0.04817067335049311
Epoch:114, training loss:0.048362698405981064
Epoch:115, training loss:0.04795904954274496
Epoch:116, training loss:0.04803642009695371
Epoch:117, training loss:0.04820874705910683
Epoch:118, training loss:0.0480074534813563
Epoch:119, training loss:0.04773806780576706
Epoch:120, training loss:0.04767255485057831
----------------------------
Start validation ...
Validation error:0.04480999708175659
Validation error:0.04480999708175659
New best model saved at epoch 120 with validation error 0.04480999708175659
Save model checkpoints ... 
Save pial surface mesh ... 
Maximum allocated GPU memory: 4.66 GiB
Finish validation.
----------------------------
Epoch:121, training loss:0.04757376884420713
Epoch:122, training loss:0.047433480620384216
Epoch:123, training loss:0.04757251963019371
Epoch:124, training loss:0.04790538425246874
Epoch:125, training loss:0.04730265215039253
Epoch:126, training loss:0.04744808375835419
Epoch:127, training loss:0.04728295157353083
Epoch:128, training loss:0.04716270292798678
Epoch:129, training loss:0.04716344798604647
Epoch:130, training loss:0.04688036317626635
----------------------------
Start validation ...
Validation error:0.04440652206540108
Validation error:0.04440652206540108
New best model saved at epoch 130 with validation error 0.04440652206540108
Save model checkpoints ... 
Save pial surface mesh ... 
Maximum allocated GPU memory: 4.66 GiB
Finish validation.
----------------------------
Epoch:131, training loss:0.04699197659889857
Epoch:132, training loss:0.04680356631676356
Epoch:133, training loss:0.046805245180924736
Epoch:134, training loss:0.0467445341249307
Epoch:135, training loss:0.04686683788895607
Epoch:136, training loss:0.047009486705064774
Epoch:137, training loss:0.04716701557238897
Epoch:138, training loss:0.04645023370782534
Epoch:139, training loss:0.04654973869522413
Epoch:140, training loss:0.04647967095176379
----------------------------
Start validation ...
Validation error:0.04390935227274895
Validation error:0.04390935227274895
New best model saved at epoch 140 with validation error 0.04390935227274895
Save model checkpoints ... 
Save pial surface mesh ... 
Maximum allocated GPU memory: 4.66 GiB
Finish validation.
----------------------------
Epoch:141, training loss:0.04633287961284319
Epoch:142, training loss:0.04608685523271561
Epoch:143, training loss:0.04607263207435608
Epoch:144, training loss:0.04592237373193105
Epoch:145, training loss:0.04584364096323649
Epoch:146, training loss:0.04579034447669983
Epoch:147, training loss:0.04574860135714213
Epoch:148, training loss:0.045919657995303474
Epoch:149, training loss:0.046029807378848396
Epoch:150, training loss:0.046304466823736824
----------------------------
Start validation ...
Validation error:0.04329022020101547
Validation error:0.04329022020101547
New best model saved at epoch 150 with validation error 0.04329022020101547
Save model checkpoints ... 
Save pial surface mesh ... 
Maximum allocated GPU memory: 4.66 GiB
Finish validation.
----------------------------
Epoch:151, training loss:0.045626011987527214
Epoch:152, training loss:0.04546788955728213
Epoch:153, training loss:0.04576041425267855
Epoch:154, training loss:0.04544194042682648
Epoch:155, training loss:0.0454648161927859
Epoch:156, training loss:0.045621984948714576
Epoch:157, training loss:0.04596895600358645
Epoch:158, training loss:0.045838127533594765
Epoch:159, training loss:0.045335045705238976
Epoch:160, training loss:0.045632587124904
----------------------------
Start validation ...
Validation error:0.042765095829963684
Validation error:0.042765095829963684
New best model saved at epoch 160 with validation error 0.042765095829963684
Save model checkpoints ... 
Save pial surface mesh ... 
Maximum allocated GPU memory: 4.66 GiB
Finish validation.
----------------------------
Epoch:161, training loss:0.045678277810414634
Epoch:162, training loss:0.04521673917770386
Epoch:163, training loss:0.0450389397641023
Epoch:164, training loss:0.04490988701581955
Epoch:165, training loss:0.04475186516841253
Epoch:166, training loss:0.04507667447129885
Epoch:167, training loss:0.044980945686499275
Epoch:168, training loss:0.04457358146707217
Epoch:169, training loss:0.044543771694103874
Epoch:170, training loss:0.04450145239631335
----------------------------
Start validation ...
Validation error:0.042398303747177124
Validation error:0.042398303747177124
New best model saved at epoch 170 with validation error 0.042398303747177124
Save model checkpoints ... 
Save pial surface mesh ... 
Maximum allocated GPU memory: 4.66 GiB
Finish validation.
----------------------------
Epoch:171, training loss:0.044348965088526406
Epoch:172, training loss:0.044415950775146484
Epoch:173, training loss:0.044231001287698746
Epoch:174, training loss:0.04423793156941732
Epoch:175, training loss:0.04419920966029167
Epoch:176, training loss:0.04406970366835594
Epoch:177, training loss:0.044075763473908104
Epoch:178, training loss:0.04405068978667259
Epoch:179, training loss:0.044099570562442146
Epoch:180, training loss:0.044037712117036186
----------------------------
Start validation ...
Validation error:0.04202673211693764
Validation error:0.04202673211693764
New best model saved at epoch 180 with validation error 0.04202673211693764
Save model checkpoints ... 
Save pial surface mesh ... 
Maximum allocated GPU memory: 4.66 GiB
Finish validation.
----------------------------
Epoch:181, training loss:0.04385207096735636
Epoch:182, training loss:0.043822833647330604
Epoch:183, training loss:0.04380174105366071
Epoch:184, training loss:0.043755256881316505
Epoch:185, training loss:0.04376932978630066
Epoch:186, training loss:0.04381771385669708
Epoch:187, training loss:0.044029347598552704
Epoch:188, training loss:0.04368466138839722
Epoch:189, training loss:0.043565248449643455
Epoch:190, training loss:0.043475194523731865
----------------------------
Start validation ...
Validation error:0.041640520095825195
Validation error:0.041640520095825195
New best model saved at epoch 190 with validation error 0.041640520095825195
Save model checkpoints ... 
Save pial surface mesh ... 
Maximum allocated GPU memory: 4.66 GiB
Finish validation.
----------------------------
Epoch:191, training loss:0.04338976865013441
Epoch:192, training loss:0.04348548377553622
Epoch:193, training loss:0.043553667763868965
Epoch:194, training loss:0.043309434006611504
Epoch:195, training loss:0.04331780473391215
Epoch:196, training loss:0.04320335884888967
Epoch:197, training loss:0.04303824529051781
Epoch:198, training loss:0.04323341076572736
Epoch:199, training loss:0.04327975586056709
Epoch:200, training loss:0.043464587380488716
----------------------------
Start validation ...
Validation error:0.04128782078623772
Validation error:0.04128782078623772
New best model saved at epoch 200 with validation error 0.04128782078623772
Save model checkpoints ... 
Save pial surface mesh ... 
Maximum allocated GPU memory: 4.66 GiB
Finish validation.
----------------------------
Epoch:201, training loss:0.042929364989201226
Epoch:202, training loss:0.04304168621699015
Epoch:203, training loss:0.04290462906161944
Epoch:204, training loss:0.04274986063440641
Epoch:205, training loss:0.04313990970452627
Epoch:206, training loss:0.04320487380027771
Epoch:207, training loss:0.04284644747773806
Epoch:208, training loss:0.04272912939389547
Epoch:209, training loss:0.04266446456313133
Epoch:210, training loss:0.04243403673171997
----------------------------
Start validation ...
Validation error:0.04094603657722473
Validation error:0.04094603657722473
New best model saved at epoch 210 with validation error 0.04094603657722473
Save model checkpoints ... 
Save pial surface mesh ... 
Maximum allocated GPU memory: 4.66 GiB
Finish validation.
----------------------------
Epoch:211, training loss:0.04267323389649391
Epoch:212, training loss:0.04251207411289215
Epoch:213, training loss:0.04271629949410757
Epoch:214, training loss:0.04305364936590195
Epoch:215, training loss:0.043104191621144615
Epoch:216, training loss:0.042991007367769875
Epoch:217, training loss:0.04284641767541567
Epoch:218, training loss:0.04230670506755511
Epoch:219, training loss:0.042205040653546654
Epoch:220, training loss:0.04221115633845329
----------------------------
Start validation ...
Validation error:0.0406518429517746
Validation error:0.0406518429517746
New best model saved at epoch 220 with validation error 0.0406518429517746
Save model checkpoints ... 
Save pial surface mesh ... 
Maximum allocated GPU memory: 4.66 GiB
Finish validation.
----------------------------
Epoch:221, training loss:0.04239355027675629
Epoch:222, training loss:0.042470855017503105
Epoch:223, training loss:0.042106445878744125
Epoch:224, training loss:0.042294236520926155
Epoch:225, training loss:0.042557962238788605
Epoch:226, training loss:0.04201515391469002
Epoch:227, training loss:0.04180729761719704
Epoch:228, training loss:0.04193018997708956
Epoch:229, training loss:0.042079728096723557
Epoch:230, training loss:0.041657437880833946
----------------------------
Start validation ...
Validation error:0.04057060182094574
Validation error:0.04057060182094574
New best model saved at epoch 230 with validation error 0.04057060182094574
Save model checkpoints ... 
Save pial surface mesh ... 
Maximum allocated GPU memory: 4.66 GiB
Finish validation.
----------------------------
Epoch:231, training loss:0.04189750924706459
Epoch:232, training loss:0.04181817298134168
Epoch:233, training loss:0.04208492487668991
Epoch:234, training loss:0.0417495829363664
Epoch:235, training loss:0.04169052715102831
Epoch:236, training loss:0.04195942853887876
Epoch:237, training loss:0.042190643648306526
Epoch:238, training loss:0.04195142785708109
Epoch:239, training loss:0.041958274940649666
Epoch:240, training loss:0.04156750068068504
----------------------------
Start validation ...
Validation error:0.04022806137800217
Validation error:0.04022806137800217
New best model saved at epoch 240 with validation error 0.04022806137800217
Save model checkpoints ... 
Save pial surface mesh ... 
Maximum allocated GPU memory: 4.66 GiB
Finish validation.
----------------------------
Epoch:241, training loss:0.04137208561102549
Epoch:242, training loss:0.04138177012403806
Epoch:243, training loss:0.041509948670864105
Epoch:244, training loss:0.04110900064309438
Epoch:245, training loss:0.04127455254395803
Epoch:246, training loss:0.0411394772430261
Epoch:247, training loss:0.041041637460390724
Epoch:248, training loss:0.0411580428481102
Epoch:249, training loss:0.04103634009758631
Epoch:250, training loss:0.0412699393928051
----------------------------
Start validation ...
Validation error:0.04000571370124817
Validation error:0.04000571370124817
New best model saved at epoch 250 with validation error 0.04000571370124817
Save model checkpoints ... 
Save pial surface mesh ... 
Maximum allocated GPU memory: 4.66 GiB
Finish validation.
----------------------------
Epoch:251, training loss:0.04112422342101733
Epoch:252, training loss:0.040975614140431084
Epoch:253, training loss:0.040981379648049675
Epoch:254, training loss:0.04111903036634127
Epoch:255, training loss:0.04142441973090172
Epoch:256, training loss:0.04101185500621796
Epoch:257, training loss:0.04112882415453593
Epoch:258, training loss:0.04109314829111099
Epoch:259, training loss:0.04066192855437597
Epoch:260, training loss:0.040718584010998406
----------------------------
Start validation ...
Validation error:0.039620231837034225
Validation error:0.039620231837034225
New best model saved at epoch 260 with validation error 0.039620231837034225
Save model checkpoints ... 
Save pial surface mesh ... 
Maximum allocated GPU memory: 4.66 GiB
Finish validation.
----------------------------
Epoch:261, training loss:0.040494141479333244
Epoch:262, training loss:0.04064522311091423
Epoch:263, training loss:0.040417185674111046
Epoch:264, training loss:0.040515877306461334
Epoch:265, training loss:0.04065964246789614
Epoch:266, training loss:0.040605815748373665
Epoch:267, training loss:0.040833198775847755
Epoch:268, training loss:0.04069205249349276
Epoch:269, training loss:0.04109520837664604
Epoch:270, training loss:0.04141582176089287
----------------------------
Start validation ...
Validation error:0.03952920809388161
Validation error:0.03952920809388161
New best model saved at epoch 270 with validation error 0.03952920809388161
Save model checkpoints ... 
Save pial surface mesh ... 
Maximum allocated GPU memory: 4.66 GiB
Finish validation.
----------------------------
Epoch:271, training loss:0.04144350439310074
Epoch:272, training loss:0.041043312599261604
Epoch:273, training loss:0.040443550795316696
Epoch:274, training loss:0.0403318057457606
Epoch:275, training loss:0.040291941414276757
Epoch:276, training loss:0.04020348687966665
Epoch:277, training loss:0.04034546514352163
Epoch:278, training loss:0.040182407945394516
Epoch:279, training loss:0.04054540892442068
Epoch:280, training loss:0.04076933612426122
----------------------------
Start validation ...
Validation error:0.03918057680130005
Validation error:0.03918057680130005
New best model saved at epoch 280 with validation error 0.03918057680130005
Save model checkpoints ... 
Save pial surface mesh ... 
Maximum allocated GPU memory: 4.66 GiB
Finish validation.
----------------------------
Epoch:281, training loss:0.04109834755460421
Epoch:282, training loss:0.041207682341337204
Epoch:283, training loss:0.04153399417797724
Epoch:284, training loss:0.04041115194559097
Epoch:285, training loss:0.040930582831303276
Epoch:286, training loss:0.040018452952305474
Epoch:287, training loss:0.04050773506363233
Epoch:288, training loss:0.04036059230566025
Epoch:289, training loss:0.04036883513132731
Epoch:290, training loss:0.040101746718088783
----------------------------
Start validation ...
Validation error:0.03916438668966293
Validation error:0.03916438668966293
New best model saved at epoch 290 with validation error 0.03916438668966293
Save model checkpoints ... 
Save pial surface mesh ... 
Maximum allocated GPU memory: 4.66 GiB
Finish validation.
----------------------------
Epoch:291, training loss:0.04030488307277361
Epoch:292, training loss:0.03996683160463969
Epoch:293, training loss:0.04008701319495837
Epoch:294, training loss:0.03946273277203242
Epoch:295, training loss:0.03956131140391032
Epoch:296, training loss:0.03940041239062945
Epoch:297, training loss:0.03945024063189825
Epoch:298, training loss:0.039333369582891464
Epoch:299, training loss:0.03941835214694341
Epoch:300, training loss:0.039389909555514656
----------------------------
Start validation ...
Validation error:0.03892805054783821
Validation error:0.03892805054783821
New best model saved at epoch 300 with validation error 0.03892805054783821
Save model checkpoints ... 
Save pial surface mesh ... 
Maximum allocated GPU memory: 4.67 GiB
Finish validation.
----------------------------
Epoch:301, training loss:0.03950292492906252
Epoch:302, training loss:0.03975843389829
Epoch:303, training loss:0.03918315594395002
Epoch:304, training loss:0.039522131284077965
Epoch:305, training loss:0.03965465600291888
Epoch:306, training loss:0.03981430704394976
Epoch:307, training loss:0.03916322191556295
Epoch:308, training loss:0.03923626119891802
Epoch:309, training loss:0.03924672305583954
Epoch:310, training loss:0.03919572507341703
----------------------------
Start validation ...
Validation error:0.039030734449625015
Validation error:0.039030734449625015
Save model checkpoints ... 
Save pial surface mesh ... 
Maximum allocated GPU memory: 4.67 GiB
Finish validation.
----------------------------
Epoch:311, training loss:0.038976870477199554
Epoch:312, training loss:0.039101233084996544
Epoch:313, training loss:0.03944880391160647
Epoch:314, training loss:0.03894208495815595
Epoch:315, training loss:0.039143564800421395
Epoch:316, training loss:0.03904131675759951
Epoch:317, training loss:0.038760011394818626
Epoch:318, training loss:0.03868399063746134
Epoch:319, training loss:0.038657388339440026
Epoch:320, training loss:0.038604747503995895
----------------------------
Start validation ...
Validation error:0.03868835046887398
Validation error:0.03868835046887398
New best model saved at epoch 320 with validation error 0.03868835046887398
Save model checkpoints ... 
Save pial surface mesh ... 
Maximum allocated GPU memory: 4.67 GiB
Finish validation.
----------------------------
Epoch:321, training loss:0.03888871520757675
Epoch:322, training loss:0.03883634880185127
Epoch:323, training loss:0.03916643559932709
Epoch:324, training loss:0.03899971271554629
Epoch:325, training loss:0.03900774071613947
Epoch:326, training loss:0.03857210154334704
Epoch:327, training loss:0.03850756213068962
Epoch:328, training loss:0.038613504419724144
Epoch:329, training loss:0.03814090912540754
Epoch:330, training loss:0.03838880235950152
----------------------------
Start validation ...
Validation error:0.038478970527648926
Validation error:0.038478970527648926
New best model saved at epoch 330 with validation error 0.038478970527648926
Save model checkpoints ... 
Save pial surface mesh ... 
Maximum allocated GPU memory: 4.67 GiB
Finish validation.
----------------------------
Epoch:331, training loss:0.038358560452858605
Epoch:332, training loss:0.03834388653437296
Epoch:333, training loss:0.038276657462120056
Epoch:334, training loss:0.03813638538122177
Epoch:335, training loss:0.03810736288626989
Epoch:336, training loss:0.03817461927731832
Epoch:337, training loss:0.03806458165248235
Epoch:338, training loss:0.03821784754594167
Epoch:339, training loss:0.03842774654428164
Epoch:340, training loss:0.03866043190161387
----------------------------
Start validation ...
Validation error:0.03798382356762886
Validation error:0.03798382356762886
New best model saved at epoch 340 with validation error 0.03798382356762886
Save model checkpoints ... 
Save pial surface mesh ... 
Maximum allocated GPU memory: 4.67 GiB
Finish validation.
----------------------------
Epoch:341, training loss:0.03885093331336975
Epoch:342, training loss:0.03882003451387087
Epoch:343, training loss:0.038127431025107704
Epoch:344, training loss:0.03795883556207021
Epoch:345, training loss:0.03795677050948143
Epoch:346, training loss:0.038156718015670776
Epoch:347, training loss:0.038014430552721024
Epoch:348, training loss:0.037976719439029694
Epoch:349, training loss:0.038040634244680405
Epoch:350, training loss:0.037735383957624435
----------------------------
Start validation ...
Validation error:0.037882257252931595
Validation error:0.037882257252931595
New best model saved at epoch 350 with validation error 0.037882257252931595
Save model checkpoints ... 
Save pial surface mesh ... 
Maximum allocated GPU memory: 4.67 GiB
Finish validation.
----------------------------
Epoch:351, training loss:0.03781692311167717
Epoch:352, training loss:0.03738216434915861
Epoch:353, training loss:0.03757240374883016
Epoch:354, training loss:0.03749848653872808
Epoch:355, training loss:0.037520126750071846
Epoch:356, training loss:0.037429340183734894
Epoch:357, training loss:0.037644121795892715
Epoch:358, training loss:0.037492564568916954
Epoch:359, training loss:0.03738564749558767
Epoch:360, training loss:0.0373941200474898
----------------------------
Start validation ...
Validation error:0.037682320922613144
Validation error:0.037682320922613144
New best model saved at epoch 360 with validation error 0.037682320922613144
Save model checkpoints ... 
Save pial surface mesh ... 
Maximum allocated GPU memory: 4.67 GiB
Finish validation.
----------------------------
Epoch:361, training loss:0.037711549550294876
Epoch:362, training loss:0.03708275407552719
Epoch:363, training loss:0.03741487363974253
Epoch:364, training loss:0.03719845165808996
Epoch:365, training loss:0.037412753949562706
Epoch:366, training loss:0.03693169976274172
Epoch:367, training loss:0.03716087838013967
Epoch:368, training loss:0.03730123365918795
Epoch:369, training loss:0.03732028976082802
Epoch:370, training loss:0.03710222740968069
----------------------------
Start validation ...
Validation error:0.038003452122211456
Validation error:0.038003452122211456
Save model checkpoints ... 
Save pial surface mesh ... 
Maximum allocated GPU memory: 4.67 GiB
Finish validation.
----------------------------
Epoch:371, training loss:0.037026189267635345
Epoch:372, training loss:0.036819287886222206
Epoch:373, training loss:0.036891876409451164
Epoch:374, training loss:0.03674786165356636
Epoch:375, training loss:0.03675450384616852
Epoch:376, training loss:0.036716186751921974
Epoch:377, training loss:0.036851885418097176
Epoch:378, training loss:0.036649517714977264
Epoch:379, training loss:0.036686611672242485
Epoch:380, training loss:0.03665915255745252
----------------------------
Start validation ...
Validation error:0.037314850836992264
Validation error:0.037314850836992264
New best model saved at epoch 380 with validation error 0.037314850836992264
Save model checkpoints ... 
Save pial surface mesh ... 
Maximum allocated GPU memory: 4.67 GiB
Finish validation.
----------------------------
Epoch:381, training loss:0.036908216774463654
Epoch:382, training loss:0.036521938939889274
Epoch:383, training loss:0.036722391843795776
Epoch:384, training loss:0.03649984921018282
Epoch:385, training loss:0.03681685899694761
Epoch:386, training loss:0.03631359959642092
Epoch:387, training loss:0.036538382371266685
Epoch:388, training loss:0.0366908460855484
Epoch:389, training loss:0.03620978693167368
Epoch:390, training loss:0.03648403286933899
----------------------------
Start validation ...
Validation error:0.03715984895825386
Validation error:0.03715984895825386
New best model saved at epoch 390 with validation error 0.03715984895825386
Save model checkpoints ... 
Save pial surface mesh ... 
Maximum allocated GPU memory: 4.67 GiB
Finish validation.
----------------------------
Epoch:391, training loss:0.036363206803798676
Epoch:392, training loss:0.03626128782828649
Epoch:393, training loss:0.03628390779097875
Epoch:394, training loss:0.036260721584161125
Epoch:395, training loss:0.03630939374367396
Epoch:396, training loss:0.03606455276409785
Epoch:397, training loss:0.036141287535429
Epoch:398, training loss:0.03602305427193642
Epoch:399, training loss:0.03604736551642418
Epoch:400, training loss:0.03594978774587313
----------------------------
Start validation ...
Validation error:0.03676460310816765
Validation error:0.03676460310816765
New best model saved at epoch 400 with validation error 0.03676460310816765
Save model checkpoints ... 
Save pial surface mesh ... 
Maximum allocated GPU memory: 4.67 GiB
Finish validation.
----------------------------
Epoch:401, training loss:0.036091335117816925
Epoch:402, training loss:0.03602398559451103
Epoch:403, training loss:0.036046876261631645
Epoch:404, training loss:0.035812941690286
Epoch:405, training loss:0.036084399869044624
Epoch:406, training loss:0.03604018067320188
Epoch:407, training loss:0.035728236039479576
Epoch:408, training loss:0.03591520960132281
Epoch:409, training loss:0.03602255384127299
Epoch:410, training loss:0.035807703932126365
----------------------------
Start validation ...
Validation error:0.036692190915346146
Validation error:0.036692190915346146
New best model saved at epoch 410 with validation error 0.036692190915346146
Save model checkpoints ... 
Save pial surface mesh ... 
Maximum allocated GPU memory: 4.67 GiB
Finish validation.
----------------------------
Epoch:411, training loss:0.03576710447669029
Epoch:412, training loss:0.035585189859072365
Epoch:413, training loss:0.03550612057248751
Epoch:414, training loss:0.03568709890047709
Epoch:415, training loss:0.035661280155181885
Epoch:416, training loss:0.0357115293542544
Epoch:417, training loss:0.035366894056399666
Epoch:418, training loss:0.0355165551106135
Epoch:419, training loss:0.03579113259911537
Epoch:420, training loss:0.035895666728417076
----------------------------
Start validation ...
Validation error:0.03676785156130791
Validation error:0.03676785156130791
Save model checkpoints ... 
Save pial surface mesh ... 
Maximum allocated GPU memory: 4.67 GiB
Finish validation.
----------------------------
Epoch:421, training loss:0.03562730302413305
Epoch:422, training loss:0.03560815751552582
Epoch:423, training loss:0.035600803792476654
Epoch:424, training loss:0.03585895150899887
Epoch:425, training loss:0.035503461956977844
Epoch:426, training loss:0.03535893186926842
Epoch:427, training loss:0.03541134794553121
Epoch:428, training loss:0.03507262965043386
Epoch:429, training loss:0.03537068764368693
Epoch:430, training loss:0.03496698414285978
----------------------------
Start validation ...
Validation error:0.0364953950047493
Validation error:0.0364953950047493
New best model saved at epoch 430 with validation error 0.0364953950047493
Save model checkpoints ... 
Save pial surface mesh ... 
Maximum allocated GPU memory: 4.67 GiB
Finish validation.
----------------------------
Epoch:431, training loss:0.035178529719511666
Epoch:432, training loss:0.03529478733738264
Epoch:433, training loss:0.035510823130607605
Epoch:434, training loss:0.03549627214670181
Epoch:435, training loss:0.03508938476443291
Epoch:436, training loss:0.03503701090812683
Epoch:437, training loss:0.03553980961441994
Epoch:438, training loss:0.03562214970588684
Epoch:439, training loss:0.035251991202433906
Epoch:440, training loss:0.035184615602095924
----------------------------
Start validation ...
Validation error:0.036619920283555984
Validation error:0.036619920283555984
Save model checkpoints ... 
Save pial surface mesh ... 
Maximum allocated GPU memory: 4.67 GiB
Finish validation.
----------------------------
Epoch:441, training loss:0.03503515447179476
Epoch:442, training loss:0.03511422872543335
Epoch:443, training loss:0.035294009993473686
Epoch:444, training loss:0.035180180023113884
Epoch:445, training loss:0.0350083913654089
Epoch:446, training loss:0.034897368401288986
Epoch:447, training loss:0.034871830294529595
Epoch:448, training loss:0.03465568336347739
Epoch:449, training loss:0.0345518005390962
Epoch:450, training loss:0.034525117526451744
----------------------------
Start validation ...
Validation error:0.03590470179915428
Validation error:0.03590470179915428
New best model saved at epoch 450 with validation error 0.03590470179915428
Save model checkpoints ... 
Save pial surface mesh ... 
Maximum allocated GPU memory: 4.67 GiB
Finish validation.
----------------------------
Epoch:451, training loss:0.03446675588687261
Epoch:452, training loss:0.0344815527399381
Epoch:453, training loss:0.03450885663429896
Epoch:454, training loss:0.03445229741434256
Epoch:455, training loss:0.03438989631831646
Epoch:456, training loss:0.03428207151591778
Epoch:457, training loss:0.03426214555899302
Epoch:458, training loss:0.03420670765141646
Epoch:459, training loss:0.034193856020768486
Epoch:460, training loss:0.03412625504036745
----------------------------
Start validation ...
Validation error:0.035784222185611725
Validation error:0.035784222185611725
New best model saved at epoch 460 with validation error 0.035784222185611725
Save model checkpoints ... 
Save pial surface mesh ... 
Maximum allocated GPU memory: 4.67 GiB
Finish validation.
----------------------------
Epoch:461, training loss:0.0342039397607247
Epoch:462, training loss:0.034127345929543175
Epoch:463, training loss:0.03409053198993206
Epoch:464, training loss:0.03403605024019877
Epoch:465, training loss:0.03414433946212133
Epoch:466, training loss:0.03392349431912104
Epoch:467, training loss:0.03407353224853674
Epoch:468, training loss:0.034190837293863297
Epoch:469, training loss:0.034063018237551056
Epoch:470, training loss:0.034063377107183136
----------------------------
Start validation ...
Validation error:0.035588059574365616
Validation error:0.035588059574365616
New best model saved at epoch 470 with validation error 0.035588059574365616
Save model checkpoints ... 
Save pial surface mesh ... 
Maximum allocated GPU memory: 4.67 GiB
Finish validation.
----------------------------
Epoch:471, training loss:0.03408348374068737
Epoch:472, training loss:0.03416107470790545
Epoch:473, training loss:0.03423581706980864
Epoch:474, training loss:0.03436491638422012
Epoch:475, training loss:0.03459507289032141
Epoch:476, training loss:0.034424517303705215
Epoch:477, training loss:0.034647410114606224
Epoch:478, training loss:0.034335983296235405
Epoch:479, training loss:0.034311254198352494
Epoch:480, training loss:0.0348049042125543
----------------------------
Start validation ...
Validation error:0.03560749068856239
Validation error:0.03560749068856239
Save model checkpoints ... 
Save pial surface mesh ... 
Maximum allocated GPU memory: 4.67 GiB
Finish validation.
----------------------------
Epoch:481, training loss:0.03442063927650452
Epoch:482, training loss:0.033978536104162536
Epoch:483, training loss:0.03400403819978237
Epoch:484, training loss:0.03368092949191729
Epoch:485, training loss:0.033597925677895546
Epoch:486, training loss:0.03355180596311887
Epoch:487, training loss:0.03351056637863318
Epoch:488, training loss:0.03350933144489924
Epoch:489, training loss:0.03334733905891577
Epoch:490, training loss:0.033400606364011765
----------------------------
Start validation ...
Validation error:0.03533700481057167
Validation error:0.03533700481057167
New best model saved at epoch 490 with validation error 0.03533700481057167
Save model checkpoints ... 
Save pial surface mesh ... 
Maximum allocated GPU memory: 4.67 GiB
Finish validation.
----------------------------
Epoch:491, training loss:0.03341400437057018
Epoch:492, training loss:0.03351604317625364
Epoch:493, training loss:0.03330147701005141
Epoch:494, training loss:0.033356004705031715
Epoch:495, training loss:0.03341907014449438
Epoch:496, training loss:0.033363361532489456
Epoch:497, training loss:0.03327027459939321
Epoch:498, training loss:0.033235798900326095
Epoch:499, training loss:0.033432778591910996
Epoch:500, training loss:0.033243577306469284
----------------------------
Start validation ...
Validation error:0.035170238465070724
Validation error:0.035170238465070724
New best model saved at epoch 500 with validation error 0.035170238465070724
Save model checkpoints ... 
Save pial surface mesh ... 
Maximum allocated GPU memory: 4.67 GiB
Finish validation.
----------------------------
Epoch:501, training loss:0.0332825401177009
Epoch:502, training loss:0.03348046044508616
Epoch:503, training loss:0.03366761219998201
Epoch:504, training loss:0.03392145906885465
Epoch:505, training loss:0.033934871976574264
Epoch:506, training loss:0.03366923270126184
Epoch:507, training loss:0.03378742436567942
Epoch:508, training loss:0.03402751932541529
Epoch:509, training loss:0.03373047150671482
Epoch:510, training loss:0.0335623516390721
----------------------------
Start validation ...
Validation error:0.03504627197980881
Validation error:0.03504627197980881
New best model saved at epoch 510 with validation error 0.03504627197980881
Save model checkpoints ... 
Save pial surface mesh ... 
Maximum allocated GPU memory: 4.67 GiB
Finish validation.
----------------------------
Epoch:511, training loss:0.03321841359138489
Epoch:512, training loss:0.03295906695226828
Epoch:513, training loss:0.0329865620781978
Epoch:514, training loss:0.03295270663996538
Epoch:515, training loss:0.03271198024352392
Epoch:516, training loss:0.03293495128552119
Epoch:517, training loss:0.03282050850490729
Epoch:518, training loss:0.03271141089498997
Epoch:519, training loss:0.032753037909666695
Epoch:520, training loss:0.03270885410408179
----------------------------
Start validation ...
Validation error:0.03493327274918556
Validation error:0.03493327274918556
New best model saved at epoch 520 with validation error 0.03493327274918556
Save model checkpoints ... 
Save pial surface mesh ... 
Maximum allocated GPU memory: 4.67 GiB
Finish validation.
----------------------------
Epoch:521, training loss:0.032695998127261795
Epoch:522, training loss:0.03277397652467092
Epoch:523, training loss:0.03272815483311812
Epoch:524, training loss:0.03267402326067289
Epoch:525, training loss:0.03253057971596718
Epoch:526, training loss:0.03250389794508616
Epoch:527, training loss:0.032798352340857186
Epoch:528, training loss:0.03245947447915872
Epoch:529, training loss:0.032774281998475395
Epoch:530, training loss:0.03263676601151625
----------------------------
Start validation ...
Validation error:0.03475582227110863
Validation error:0.03475582227110863
New best model saved at epoch 530 with validation error 0.03475582227110863
Save model checkpoints ... 
Save pial surface mesh ... 
Maximum allocated GPU memory: 4.67 GiB
Finish validation.
----------------------------
Epoch:531, training loss:0.03247228388984998
Epoch:532, training loss:0.03242052222291628
Epoch:533, training loss:0.032467578848203026
Epoch:534, training loss:0.0325994323939085
Epoch:535, training loss:0.03248872421681881
Epoch:536, training loss:0.032487368832031883
Epoch:537, training loss:0.03247563789288203
Epoch:538, training loss:0.03248805490632852
Epoch:539, training loss:0.03216800279915333
Epoch:540, training loss:0.03221638252337774
----------------------------
Start validation ...
Validation error:0.03454820066690445
Validation error:0.03454820066690445
New best model saved at epoch 540 with validation error 0.03454820066690445
Save model checkpoints ... 
Save pial surface mesh ... 
Maximum allocated GPU memory: 4.67 GiB
Finish validation.
----------------------------
Epoch:541, training loss:0.03217826224863529
Epoch:542, training loss:0.032199413205186524
Epoch:543, training loss:0.03235682658851147
Epoch:544, training loss:0.03203895315527916
Epoch:545, training loss:0.03222975259025892
Epoch:546, training loss:0.03211327766378721
Epoch:547, training loss:0.0321932869652907
Epoch:548, training loss:0.03218486035863558
Epoch:549, training loss:0.03227870166301727
Epoch:550, training loss:0.031925574565927185
----------------------------
Start validation ...
Validation error:0.03478936478495598
Validation error:0.03478936478495598
Save model checkpoints ... 
Save pial surface mesh ... 
Maximum allocated GPU memory: 4.67 GiB
Finish validation.
----------------------------
Epoch:551, training loss:0.03232019953429699
Epoch:552, training loss:0.03201718317965666
Epoch:553, training loss:0.032110790411631264
Epoch:554, training loss:0.03215783399840196
Epoch:555, training loss:0.0320537518709898
Epoch:556, training loss:0.03203497206171354
Epoch:557, training loss:0.03189971670508385
Epoch:558, training loss:0.032188438499967255
Epoch:559, training loss:0.03248737379908562
Epoch:560, training loss:0.03265620954334736
----------------------------
Start validation ...
Validation error:0.034876007586717606
Validation error:0.034876007586717606
Save model checkpoints ... 
Save pial surface mesh ... 
Maximum allocated GPU memory: 4.67 GiB
Finish validation.
----------------------------
Epoch:561, training loss:0.032642687360445656
Epoch:562, training loss:0.03269797873993715
Epoch:563, training loss:0.03210718805591265
Epoch:564, training loss:0.031852410485347114
Epoch:565, training loss:0.03176037843028704
Epoch:566, training loss:0.031919414177536964
Epoch:567, training loss:0.031571278969446816
Epoch:568, training loss:0.031758952885866165
Epoch:569, training loss:0.03173621868093809
Epoch:570, training loss:0.03163221788903078
----------------------------
Start validation ...
Validation error:0.034299056977033615
Validation error:0.034299056977033615
New best model saved at epoch 570 with validation error 0.034299056977033615
Save model checkpoints ... 
Save pial surface mesh ... 
Maximum allocated GPU memory: 4.67 GiB
Finish validation.
----------------------------
Epoch:571, training loss:0.031741022442777954
Epoch:572, training loss:0.03154268736640612
Epoch:573, training loss:0.03167054305473963
Epoch:574, training loss:0.031519352147976555
Epoch:575, training loss:0.03149551525712013
Epoch:576, training loss:0.03157006266216437
Epoch:577, training loss:0.03151969673732916
Epoch:578, training loss:0.03156293618182341
Epoch:579, training loss:0.03205308876931667
Epoch:580, training loss:0.03200699451069037
----------------------------
Start validation ...
Validation error:0.03483651578426361
Validation error:0.03483651578426361
Save model checkpoints ... 
Save pial surface mesh ... 
Maximum allocated GPU memory: 4.67 GiB
Finish validation.
----------------------------
Epoch:581, training loss:0.03190495818853378
Epoch:582, training loss:0.03178355470299721
Epoch:583, training loss:0.031631063049038254
Epoch:584, training loss:0.031803215543429054
Epoch:585, training loss:0.031818427766362824
Epoch:586, training loss:0.03152461163699627
Epoch:587, training loss:0.031596521536509194
Epoch:588, training loss:0.03140606234471003
Epoch:589, training loss:0.031311361119151115
Epoch:590, training loss:0.031288462380568184
----------------------------
Start validation ...
Validation error:0.034197308123111725
Validation error:0.034197308123111725
New best model saved at epoch 590 with validation error 0.034197308123111725
Save model checkpoints ... 
Save pial surface mesh ... 
Maximum allocated GPU memory: 4.67 GiB
Finish validation.
----------------------------
Epoch:591, training loss:0.03135087030629317
Epoch:592, training loss:0.031279098863403
Epoch:593, training loss:0.0312392208725214
Epoch:594, training loss:0.031143587082624435
Epoch:595, training loss:0.031094374756018322
Epoch:596, training loss:0.031084289774298668
Epoch:597, training loss:0.03098508467276891
Epoch:598, training loss:0.031024777020017307
Epoch:599, training loss:0.03093758039176464
Epoch:600, training loss:0.031054990986982983
----------------------------
Start validation ...
Validation error:0.034036219120025635
Validation error:0.034036219120025635
New best model saved at epoch 600 with validation error 0.034036219120025635
Save model checkpoints ... 
Save pial surface mesh ... 
Maximum allocated GPU memory: 4.67 GiB
Finish validation.
----------------------------
Finish training.
----------------------------
D
CC
