aa
bb
Combination: 0, 2
gnn: 0
layers: 2
----------------------------
Start loading dataset ...
numbers 100206
numbers 100307
numbers 100408
numbers 100610
Finish loading dataset. There are total 4 subjects.
----------------------------
Start loading model ...
Model is CortexGNN
NLayerGCN 2
Finish loading model
----------------------------
Start evaluation ...
sub_id tensor([100408])
sub_id tensor([100206])
sub_id tensor([100610])
sub_id tensor([100307])
CD: Mean=0.5519903334194698, Std=0.006976814604604848
AD: Mean=0.361613417235643, Std=0.015200940952480726
HD: Mean=0.7723375490076133, Std=0.03640387384028355
Finish evaluation.
----------------------------
CC
