aa
bb
Combination: 0, 2
A
B
C
lh training
gnn: 0
layers: 2
trainlh.sh model is a pialgnn
----------------------------
Start loading dataset ...
numbers 100206
numbers 100307
numbers 100408
numbers 100610
MSE
Finish loading dataset. There are total 4 subjects.
Training data length 3
Validation data length 1
scaling factor  0.1
----------------------------
Start loading model ...
Model is CortexGNN
NLayerGCN 2
Finish loading model
----------------------------
Start training 600 epochs ...
Epoch:0, training loss:0.3811376690864563
----------------------------
Start validation ...
Validation error:0.29973945021629333
Validation error:0.29973945021629333
New best model saved at epoch 0 with validation error 0.29973945021629333
Save model checkpoints ... 
Save pial surface mesh ... 
Maximum allocated GPU memory: 0.82 GiB
Finish validation.
----------------------------
Epoch:1, training loss:0.2696801573038101
Epoch:2, training loss:0.19777285059293112
Epoch:3, training loss:0.15466614564259848
Epoch:4, training loss:0.129069613913695
Epoch:5, training loss:0.11388960232337315
Epoch:6, training loss:0.1058167889714241
Epoch:7, training loss:0.10100250194470088
Epoch:8, training loss:0.0978147213657697
Epoch:9, training loss:0.09538910289605458
Epoch:10, training loss:0.09348662942647934
----------------------------
Start validation ...
Validation error:0.08555672317743301
Validation error:0.08555672317743301
New best model saved at epoch 10 with validation error 0.08555672317743301
Save model checkpoints ... 
Save pial surface mesh ... 
Maximum allocated GPU memory: 0.83 GiB
Finish validation.
----------------------------
Epoch:11, training loss:0.09112386653820674
Epoch:12, training loss:0.0880237619082133
Epoch:13, training loss:0.08552078406016032
Epoch:14, training loss:0.0836885745326678
Epoch:15, training loss:0.08240377902984619
Epoch:16, training loss:0.08146288990974426
Epoch:17, training loss:0.0797082061568896
Epoch:18, training loss:0.0778758426507314
Epoch:19, training loss:0.07762350638707478
Epoch:20, training loss:0.07613754520813625
----------------------------
Start validation ...
Validation error:0.07025489211082458
Validation error:0.07025489211082458
New best model saved at epoch 20 with validation error 0.07025489211082458
Save model checkpoints ... 
Save pial surface mesh ... 
Maximum allocated GPU memory: 0.83 GiB
Finish validation.
----------------------------
Epoch:21, training loss:0.07500095913807552
Epoch:22, training loss:0.07443907856941223
Epoch:23, training loss:0.07362150897582372
Epoch:24, training loss:0.07349128276109695
Epoch:25, training loss:0.07332420349121094
Epoch:26, training loss:0.07250578701496124
Epoch:27, training loss:0.07164841890335083
Epoch:28, training loss:0.07159917056560516
Epoch:29, training loss:0.07037146886189778
Epoch:30, training loss:0.0706770767768224
----------------------------
Start validation ...
Validation error:0.06544625014066696
Validation error:0.06544625014066696
New best model saved at epoch 30 with validation error 0.06544625014066696
Save model checkpoints ... 
Save pial surface mesh ... 
Maximum allocated GPU memory: 0.83 GiB
Finish validation.
----------------------------
Epoch:31, training loss:0.07022013018528621
Epoch:32, training loss:0.06969091047843297
Epoch:33, training loss:0.06932717189192772
Epoch:34, training loss:0.06894007449348767
Epoch:35, training loss:0.0683972140153249
Epoch:36, training loss:0.06864103426535924
Epoch:37, training loss:0.06780172015229861
Epoch:38, training loss:0.0679348496099313
Epoch:39, training loss:0.06739367172122002
Epoch:40, training loss:0.06711146235466003
----------------------------
Start validation ...
Validation error:0.06208835169672966
Validation error:0.06208835169672966
New best model saved at epoch 40 with validation error 0.06208835169672966
Save model checkpoints ... 
Save pial surface mesh ... 
Maximum allocated GPU memory: 0.83 GiB
Finish validation.
----------------------------
Epoch:41, training loss:0.0670458475748698
Epoch:42, training loss:0.06677492335438728
Epoch:43, training loss:0.06632320707043012
Epoch:44, training loss:0.06658162300785382
Epoch:45, training loss:0.06623989716172218
Epoch:46, training loss:0.06602263823151588
Epoch:47, training loss:0.06571061039964358
Epoch:48, training loss:0.06567744165658951
Epoch:49, training loss:0.06569303572177887
Epoch:50, training loss:0.0652392568687598
----------------------------
Start validation ...
Validation error:0.060230787843465805
Validation error:0.060230787843465805
New best model saved at epoch 50 with validation error 0.060230787843465805
Save model checkpoints ... 
Save pial surface mesh ... 
Maximum allocated GPU memory: 0.83 GiB
Finish validation.
----------------------------
Epoch:51, training loss:0.06517251084248225
Epoch:52, training loss:0.06504881878693898
Epoch:53, training loss:0.06495700652400653
Epoch:54, training loss:0.06464385986328125
Epoch:55, training loss:0.06475433831413586
Epoch:56, training loss:0.06496212134758632
Epoch:57, training loss:0.06560389325022697
Epoch:58, training loss:0.06522152448693912
Epoch:59, training loss:0.06486814717451732
Epoch:60, training loss:0.06472896784543991
----------------------------
Start validation ...
Validation error:0.05913936719298363
Validation error:0.05913936719298363
New best model saved at epoch 60 with validation error 0.05913936719298363
Save model checkpoints ... 
Save pial surface mesh ... 
Maximum allocated GPU memory: 0.83 GiB
Finish validation.
----------------------------
Epoch:61, training loss:0.06389990076422691
Epoch:62, training loss:0.06355553865432739
Epoch:63, training loss:0.06365104267994563
Epoch:64, training loss:0.06401891137162845
Epoch:65, training loss:0.06342241788903873
Epoch:66, training loss:0.06359100093444188
Epoch:67, training loss:0.0635896089176337
Epoch:68, training loss:0.06392962858080864
Epoch:69, training loss:0.06290894870956738
Epoch:70, training loss:0.06279728809992473
----------------------------
Start validation ...
Validation error:0.05856528505682945
Validation error:0.05856528505682945
New best model saved at epoch 70 with validation error 0.05856528505682945
Save model checkpoints ... 
Save pial surface mesh ... 
Maximum allocated GPU memory: 0.83 GiB
Finish validation.
----------------------------
Epoch:71, training loss:0.06285290544231732
Epoch:72, training loss:0.06266443928082784
Epoch:73, training loss:0.06266747042536736
Epoch:74, training loss:0.06251166015863419
Epoch:75, training loss:0.06291881576180458
Epoch:76, training loss:0.06335363040367763
Epoch:77, training loss:0.06292073056101799
Epoch:78, training loss:0.062056428442398705
Epoch:79, training loss:0.06221986562013626
Epoch:80, training loss:0.06247782583038012
----------------------------
Start validation ...
Validation error:0.057494014501571655
Validation error:0.057494014501571655
New best model saved at epoch 80 with validation error 0.057494014501571655
Save model checkpoints ... 
Save pial surface mesh ... 
Maximum allocated GPU memory: 0.83 GiB
Finish validation.
----------------------------
Epoch:81, training loss:0.061871460328499474
Epoch:82, training loss:0.061599435905615486
Epoch:83, training loss:0.06196548913915952
Epoch:84, training loss:0.06158612295985222
Epoch:85, training loss:0.06159000347057978
Epoch:86, training loss:0.061437398195266724
Epoch:87, training loss:0.06134734426935514
Epoch:88, training loss:0.06131632750233015
Epoch:89, training loss:0.0612319881717364
Epoch:90, training loss:0.06104288498560587
----------------------------
Start validation ...
Validation error:0.056924544274806976
Validation error:0.056924544274806976
New best model saved at epoch 90 with validation error 0.056924544274806976
Save model checkpoints ... 
Save pial surface mesh ... 
Maximum allocated GPU memory: 0.83 GiB
Finish validation.
----------------------------
Epoch:91, training loss:0.061339368422826133
Epoch:92, training loss:0.061063092201948166
Epoch:93, training loss:0.0609746997555097
Epoch:94, training loss:0.06088641285896301
Epoch:95, training loss:0.0609588585793972
Epoch:96, training loss:0.06139450271924337
Epoch:97, training loss:0.061737717439730964
Epoch:98, training loss:0.061394985765218735
Epoch:99, training loss:0.06186652680238088
Epoch:100, training loss:0.06157161295413971
----------------------------
Start validation ...
Validation error:0.056676991283893585
Validation error:0.056676991283893585
New best model saved at epoch 100 with validation error 0.056676991283893585
Save model checkpoints ... 
Save pial surface mesh ... 
Maximum allocated GPU memory: 0.83 GiB
Finish validation.
----------------------------
Epoch:101, training loss:0.06129699572920799
Epoch:102, training loss:0.060756608843803406
Epoch:103, training loss:0.060296203941106796
Epoch:104, training loss:0.060897557685772576
Epoch:105, training loss:0.0608049010237058
Epoch:106, training loss:0.06051908309261004
Epoch:107, training loss:0.06061540792385737
Epoch:108, training loss:0.06053271392981211
Epoch:109, training loss:0.059906418124834694
Epoch:110, training loss:0.059931675593058266
----------------------------
Start validation ...
Validation error:0.055954381823539734
Validation error:0.055954381823539734
New best model saved at epoch 110 with validation error 0.055954381823539734
Save model checkpoints ... 
Save pial surface mesh ... 
Maximum allocated GPU memory: 0.83 GiB
Finish validation.
----------------------------
Epoch:111, training loss:0.05981136610110601
Epoch:112, training loss:0.060344576835632324
Epoch:113, training loss:0.06023719782630602
Epoch:114, training loss:0.05979213863611221
Epoch:115, training loss:0.05954322963953018
Epoch:116, training loss:0.05958140020569166
Epoch:117, training loss:0.05953814834356308
Epoch:118, training loss:0.05934318403402964
Epoch:119, training loss:0.05957042301694552
Epoch:120, training loss:0.059584375470876694
----------------------------
Start validation ...
Validation error:0.05514640361070633
Validation error:0.05514640361070633
New best model saved at epoch 120 with validation error 0.05514640361070633
Save model checkpoints ... 
Save pial surface mesh ... 
Maximum allocated GPU memory: 0.83 GiB
Finish validation.
----------------------------
Epoch:121, training loss:0.059926312416791916
Epoch:122, training loss:0.06022949889302254
Epoch:123, training loss:0.0596675140162309
Epoch:124, training loss:0.059032014260689415
Epoch:125, training loss:0.05956923464934031
Epoch:126, training loss:0.05955188845594724
Epoch:127, training loss:0.05989476665854454
Epoch:128, training loss:0.05888711909453074
Epoch:129, training loss:0.059033386409282684
Epoch:130, training loss:0.05945522959033648
----------------------------
Start validation ...
Validation error:0.05484290048480034
Validation error:0.05484290048480034
New best model saved at epoch 130 with validation error 0.05484290048480034
Save model checkpoints ... 
Save pial surface mesh ... 
Maximum allocated GPU memory: 0.83 GiB
Finish validation.
----------------------------
Epoch:131, training loss:0.059014433374007545
Epoch:132, training loss:0.0593234288195769
Epoch:133, training loss:0.05883485823869705
Epoch:134, training loss:0.0587423009177049
Epoch:135, training loss:0.05885383983453115
Epoch:136, training loss:0.058679876228173576
Epoch:137, training loss:0.05850077296296755
Epoch:138, training loss:0.05833719422419866
Epoch:139, training loss:0.05848166967431704
Epoch:140, training loss:0.0583884504934152
----------------------------
Start validation ...
Validation error:0.05494089052081108
Validation error:0.05494089052081108
Save model checkpoints ... 
Save pial surface mesh ... 
Maximum allocated GPU memory: 0.83 GiB
Finish validation.
----------------------------
Epoch:141, training loss:0.058970849961042404
Epoch:142, training loss:0.05882415920495987
Epoch:143, training loss:0.05941519637902578
Epoch:144, training loss:0.059559507916371025
Epoch:145, training loss:0.059455731262763344
Epoch:146, training loss:0.06012800211707751
Epoch:147, training loss:0.05975892270604769
Epoch:148, training loss:0.05846689517299334
Epoch:149, training loss:0.0582892137269179
Epoch:150, training loss:0.058044906705617905
----------------------------
Start validation ...
Validation error:0.054358139634132385
Validation error:0.054358139634132385
New best model saved at epoch 150 with validation error 0.054358139634132385
Save model checkpoints ... 
Save pial surface mesh ... 
Maximum allocated GPU memory: 0.83 GiB
Finish validation.
----------------------------
Epoch:151, training loss:0.05832854410012563
Epoch:152, training loss:0.05836867913603783
Epoch:153, training loss:0.05822805936137835
Epoch:154, training loss:0.057809554040431976
Epoch:155, training loss:0.05810056875149409
Epoch:156, training loss:0.05758866419394811
Epoch:157, training loss:0.057940968622763954
Epoch:158, training loss:0.057756041487058006
Epoch:159, training loss:0.057699630657831825
Epoch:160, training loss:0.05810781940817833
----------------------------
Start validation ...
Validation error:0.05382517725229263
Validation error:0.05382517725229263
New best model saved at epoch 160 with validation error 0.05382517725229263
Save model checkpoints ... 
Save pial surface mesh ... 
Maximum allocated GPU memory: 0.83 GiB
Finish validation.
----------------------------
Epoch:161, training loss:0.05842324843009313
Epoch:162, training loss:0.0578544648985068
Epoch:163, training loss:0.057786665856838226
Epoch:164, training loss:0.05740892142057419
Epoch:165, training loss:0.057393169651428856
Epoch:166, training loss:0.05742813150087992
Epoch:167, training loss:0.05728502074877421
Epoch:168, training loss:0.05759081865350405
Epoch:169, training loss:0.05739870915810267
Epoch:170, training loss:0.05713691314061483
----------------------------
Start validation ...
Validation error:0.0533948615193367
Validation error:0.0533948615193367
New best model saved at epoch 170 with validation error 0.0533948615193367
Save model checkpoints ... 
Save pial surface mesh ... 
Maximum allocated GPU memory: 0.83 GiB
Finish validation.
----------------------------
Epoch:171, training loss:0.057148744662602745
Epoch:172, training loss:0.05717202151815096
Epoch:173, training loss:0.05738041425744692
Epoch:174, training loss:0.05712742358446121
Epoch:175, training loss:0.0569909413655599
Epoch:176, training loss:0.05734232937296232
Epoch:177, training loss:0.05748124544819196
Epoch:178, training loss:0.05698815112312635
Epoch:179, training loss:0.056746805707613625
Epoch:180, training loss:0.05691243832310041
----------------------------
Start validation ...
Validation error:0.05347257852554321
Validation error:0.05347257852554321
Save model checkpoints ... 
Save pial surface mesh ... 
Maximum allocated GPU memory: 0.83 GiB
Finish validation.
----------------------------
Epoch:181, training loss:0.057124714056650795
Epoch:182, training loss:0.056635115295648575
Epoch:183, training loss:0.05668730288743973
Epoch:184, training loss:0.05664211635788282
Epoch:185, training loss:0.056644096970558167
Epoch:186, training loss:0.0566355362534523
Epoch:187, training loss:0.05653123060862223
Epoch:188, training loss:0.05646782616774241
Epoch:189, training loss:0.05652060235540072
Epoch:190, training loss:0.05651425942778587
----------------------------
Start validation ...
Validation error:0.05294911190867424
Validation error:0.05294911190867424
New best model saved at epoch 190 with validation error 0.05294911190867424
Save model checkpoints ... 
Save pial surface mesh ... 
Maximum allocated GPU memory: 0.83 GiB
Finish validation.
----------------------------
Epoch:191, training loss:0.05688688904047012
Epoch:192, training loss:0.05741154154141744
Epoch:193, training loss:0.05703554302453995
Epoch:194, training loss:0.05632719273368517
Epoch:195, training loss:0.056338569770256676
Epoch:196, training loss:0.05627552544077238
Epoch:197, training loss:0.05625490595897039
Epoch:198, training loss:0.05642154440283775
Epoch:199, training loss:0.05629300574461619
Epoch:200, training loss:0.05635011817018191
----------------------------
Start validation ...
Validation error:0.05250949785113335
Validation error:0.05250949785113335
New best model saved at epoch 200 with validation error 0.05250949785113335
Save model checkpoints ... 
Save pial surface mesh ... 
Maximum allocated GPU memory: 0.83 GiB
Finish validation.
----------------------------
Epoch:201, training loss:0.05608669171730677
Epoch:202, training loss:0.05622838189204534
Epoch:203, training loss:0.0565749059120814
Epoch:204, training loss:0.0564307284851869
Epoch:205, training loss:0.055990914503733315
Epoch:206, training loss:0.056016091257333755
Epoch:207, training loss:0.05600567658742269
Epoch:208, training loss:0.05600624158978462
Epoch:209, training loss:0.056374059369166694
Epoch:210, training loss:0.056958855440219246
----------------------------
Start validation ...
Validation error:0.05259111896157265
Validation error:0.05259111896157265
Save model checkpoints ... 
Save pial surface mesh ... 
Maximum allocated GPU memory: 0.83 GiB
Finish validation.
----------------------------
Epoch:211, training loss:0.05710390955209732
Epoch:212, training loss:0.056544382125139236
Epoch:213, training loss:0.05582582205533981
Epoch:214, training loss:0.05573208505908648
Epoch:215, training loss:0.05595017100373904
Epoch:216, training loss:0.056366694470246635
Epoch:217, training loss:0.05711184193690618
Epoch:218, training loss:0.057279584308465324
Epoch:219, training loss:0.05669553205370903
Epoch:220, training loss:0.05641754095753034
----------------------------
Start validation ...
Validation error:0.052357640117406845
Validation error:0.052357640117406845
New best model saved at epoch 220 with validation error 0.052357640117406845
Save model checkpoints ... 
Save pial surface mesh ... 
Maximum allocated GPU memory: 0.83 GiB
Finish validation.
----------------------------
Epoch:221, training loss:0.05594709888100624
Epoch:222, training loss:0.055934680004914604
Epoch:223, training loss:0.05588806296388308
Epoch:224, training loss:0.05598554015159607
Epoch:225, training loss:0.05638075868288676
Epoch:226, training loss:0.0556945763528347
Epoch:227, training loss:0.056012582033872604
Epoch:228, training loss:0.05592652037739754
Epoch:229, training loss:0.05550763259331385
Epoch:230, training loss:0.05534385020534197
----------------------------
Start validation ...
Validation error:0.0519300140440464
Validation error:0.0519300140440464
New best model saved at epoch 230 with validation error 0.0519300140440464
Save model checkpoints ... 
Save pial surface mesh ... 
Maximum allocated GPU memory: 0.83 GiB
Finish validation.
----------------------------
Epoch:231, training loss:0.0552769328157107
Epoch:232, training loss:0.05529128511746725
Epoch:233, training loss:0.055134582022825875
Epoch:234, training loss:0.055332764983177185
Epoch:235, training loss:0.055209667732318245
Epoch:236, training loss:0.05532654871543249
Epoch:237, training loss:0.05503776172796885
Epoch:238, training loss:0.05507718647519747
Epoch:239, training loss:0.05501612772544225
Epoch:240, training loss:0.0549470546344916
----------------------------
Start validation ...
Validation error:0.05168649181723595
Validation error:0.05168649181723595
New best model saved at epoch 240 with validation error 0.05168649181723595
Save model checkpoints ... 
Save pial surface mesh ... 
Maximum allocated GPU memory: 0.83 GiB
Finish validation.
----------------------------
Epoch:241, training loss:0.05501465002695719
Epoch:242, training loss:0.05523461724321047
Epoch:243, training loss:0.05490544065833092
Epoch:244, training loss:0.05508029212554296
Epoch:245, training loss:0.05493721986810366
Epoch:246, training loss:0.05475242932637533
Epoch:247, training loss:0.055023295183976494
Epoch:248, training loss:0.05499623964230219
Epoch:249, training loss:0.05489061896999677
Epoch:250, training loss:0.05464609091480573
----------------------------
Start validation ...
Validation error:0.051570262759923935
Validation error:0.051570262759923935
New best model saved at epoch 250 with validation error 0.051570262759923935
Save model checkpoints ... 
Save pial surface mesh ... 
Maximum allocated GPU memory: 0.83 GiB
Finish validation.
----------------------------
Epoch:251, training loss:0.05469565962751707
Epoch:252, training loss:0.05468693872292837
Epoch:253, training loss:0.05471172804633776
Epoch:254, training loss:0.054610071082909904
Epoch:255, training loss:0.05457380786538124
Epoch:256, training loss:0.054652709513902664
Epoch:257, training loss:0.05459734424948692
Epoch:258, training loss:0.05482383444905281
Epoch:259, training loss:0.05511194095015526
Epoch:260, training loss:0.05490741009513537
----------------------------
Start validation ...
Validation error:0.05161188170313835
Validation error:0.05161188170313835
Save model checkpoints ... 
Save pial surface mesh ... 
Maximum allocated GPU memory: 0.83 GiB
Finish validation.
----------------------------
Epoch:261, training loss:0.05549469217658043
Epoch:262, training loss:0.05502700308958689
Epoch:263, training loss:0.054546582202116646
Epoch:264, training loss:0.05473199983437856
Epoch:265, training loss:0.054551231364409127
Epoch:266, training loss:0.05504509434103966
Epoch:267, training loss:0.05581505720814069
Epoch:268, training loss:0.056171268224716187
Epoch:269, training loss:0.055723149329423904
Epoch:270, training loss:0.05509821201364199
----------------------------
Start validation ...
Validation error:0.05139923840761185
Validation error:0.05139923840761185
New best model saved at epoch 270 with validation error 0.05139923840761185
Save model checkpoints ... 
Save pial surface mesh ... 
Maximum allocated GPU memory: 0.83 GiB
Finish validation.
----------------------------
Epoch:271, training loss:0.05509906758864721
Epoch:272, training loss:0.05448798338572184
Epoch:273, training loss:0.05466463416814804
Epoch:274, training loss:0.05445547898610433
Epoch:275, training loss:0.05446074903011322
Epoch:276, training loss:0.05428470422824224
Epoch:277, training loss:0.05408649270733198
Epoch:278, training loss:0.05410649627447128
Epoch:279, training loss:0.05456652368108431
Epoch:280, training loss:0.05515109499295553
----------------------------
Start validation ...
Validation error:0.05102326720952988
Validation error:0.05102326720952988
New best model saved at epoch 280 with validation error 0.05102326720952988
Save model checkpoints ... 
Save pial surface mesh ... 
Maximum allocated GPU memory: 0.83 GiB
Finish validation.
----------------------------
Epoch:281, training loss:0.05497046560049057
Epoch:282, training loss:0.0549854983886083
Epoch:283, training loss:0.05447697142759959
Epoch:284, training loss:0.05428627630074819
Epoch:285, training loss:0.05407026534279188
Epoch:286, training loss:0.05428907026847204
Epoch:287, training loss:0.05404221639037132
Epoch:288, training loss:0.05399979278445244
Epoch:289, training loss:0.054140073557694755
Epoch:290, training loss:0.054003200183312096
----------------------------
Start validation ...
Validation error:0.050966598093509674
Validation error:0.050966598093509674
New best model saved at epoch 290 with validation error 0.050966598093509674
Save model checkpoints ... 
Save pial surface mesh ... 
Maximum allocated GPU memory: 0.83 GiB
Finish validation.
----------------------------
Epoch:291, training loss:0.05380609631538391
Epoch:292, training loss:0.05382320409019788
Epoch:293, training loss:0.05375468855102857
Epoch:294, training loss:0.05377750347057978
Epoch:295, training loss:0.05387558043003082
Epoch:296, training loss:0.05374730254213015
Epoch:297, training loss:0.05361532047390938
Epoch:298, training loss:0.05361464247107506
Epoch:299, training loss:0.05376499518752098
Epoch:300, training loss:0.05375634878873825
----------------------------
Start validation ...
Validation error:0.05090503767132759
Validation error:0.05090503767132759
New best model saved at epoch 300 with validation error 0.05090503767132759
Save model checkpoints ... 
Save pial surface mesh ... 
Maximum allocated GPU memory: 0.83 GiB
Finish validation.
----------------------------
Epoch:301, training loss:0.05420989915728569
Epoch:302, training loss:0.054103889813025795
Epoch:303, training loss:0.05416655167937279
Epoch:304, training loss:0.053932523975769676
Epoch:305, training loss:0.054352005322774254
Epoch:306, training loss:0.0539251926044623
Epoch:307, training loss:0.05346884950995445
Epoch:308, training loss:0.053608531753222145
Epoch:309, training loss:0.05384796982010206
Epoch:310, training loss:0.05350084230303764
----------------------------
Start validation ...
Validation error:0.050391148775815964
Validation error:0.050391148775815964
New best model saved at epoch 310 with validation error 0.050391148775815964
Save model checkpoints ... 
Save pial surface mesh ... 
Maximum allocated GPU memory: 0.83 GiB
Finish validation.
----------------------------
Epoch:311, training loss:0.053469459215799965
Epoch:312, training loss:0.05347369238734245
Epoch:313, training loss:0.0536506325006485
Epoch:314, training loss:0.05364841346939405
Epoch:315, training loss:0.05363412449757258
Epoch:316, training loss:0.05368959655364355
Epoch:317, training loss:0.05367820958296458
Epoch:318, training loss:0.05335231373707453
Epoch:319, training loss:0.05330683166782061
Epoch:320, training loss:0.053265019009510674
----------------------------
Start validation ...
Validation error:0.05037291720509529
Validation error:0.05037291720509529
New best model saved at epoch 320 with validation error 0.05037291720509529
Save model checkpoints ... 
Save pial surface mesh ... 
Maximum allocated GPU memory: 0.83 GiB
Finish validation.
----------------------------
Epoch:321, training loss:0.05344674736261368
Epoch:322, training loss:0.053185454259316124
Epoch:323, training loss:0.053258016705513
Epoch:324, training loss:0.053099864472945534
Epoch:325, training loss:0.05326491345961889
Epoch:326, training loss:0.0531176303823789
Epoch:327, training loss:0.053143477688233055
Epoch:328, training loss:0.05305440599719683
Epoch:329, training loss:0.053424360851446785
Epoch:330, training loss:0.05315938095251719
----------------------------
Start validation ...
Validation error:0.05012809857726097
Validation error:0.05012809857726097
New best model saved at epoch 330 with validation error 0.05012809857726097
Save model checkpoints ... 
Save pial surface mesh ... 
Maximum allocated GPU memory: 0.83 GiB
Finish validation.
----------------------------
Epoch:331, training loss:0.05288689831892649
Epoch:332, training loss:0.0531481479605039
Epoch:333, training loss:0.053091501196225487
Epoch:334, training loss:0.05356632173061371
Epoch:335, training loss:0.05328999583919843
Epoch:336, training loss:0.05293497443199158
Epoch:337, training loss:0.052916958928108215
Epoch:338, training loss:0.053128172953923546
Epoch:339, training loss:0.0527777262032032
Epoch:340, training loss:0.052942669639984764
----------------------------
Start validation ...
Validation error:0.049937810748815536
Validation error:0.049937810748815536
New best model saved at epoch 340 with validation error 0.049937810748815536
Save model checkpoints ... 
Save pial surface mesh ... 
Maximum allocated GPU memory: 0.83 GiB
Finish validation.
----------------------------
Epoch:341, training loss:0.052941303700208664
Epoch:342, training loss:0.05273602902889252
Epoch:343, training loss:0.05274014174938202
Epoch:344, training loss:0.05276161928971609
Epoch:345, training loss:0.05259791389107704
Epoch:346, training loss:0.052877905468146004
Epoch:347, training loss:0.05270060027639071
Epoch:348, training loss:0.05260398983955383
Epoch:349, training loss:0.05258135497570038
Epoch:350, training loss:0.05269922440250715
----------------------------
Start validation ...
Validation error:0.04974681884050369
Validation error:0.04974681884050369
New best model saved at epoch 350 with validation error 0.04974681884050369
Save model checkpoints ... 
Save pial surface mesh ... 
Maximum allocated GPU memory: 0.83 GiB
Finish validation.
----------------------------
Epoch:351, training loss:0.05252557744582494
Epoch:352, training loss:0.052539627999067307
Epoch:353, training loss:0.05256028721729914
Epoch:354, training loss:0.05254576231042544
Epoch:355, training loss:0.05260679870843887
Epoch:356, training loss:0.05243703226248423
Epoch:357, training loss:0.052493538707494736
Epoch:358, training loss:0.05241799851258596
Epoch:359, training loss:0.05252940580248833
Epoch:360, training loss:0.05237940698862076
----------------------------
Start validation ...
Validation error:0.04970231279730797
Validation error:0.04970231279730797
New best model saved at epoch 360 with validation error 0.04970231279730797
Save model checkpoints ... 
Save pial surface mesh ... 
Maximum allocated GPU memory: 0.83 GiB
Finish validation.
----------------------------
Epoch:361, training loss:0.0524138535062472
Epoch:362, training loss:0.05236425995826721
Epoch:363, training loss:0.05254156142473221
Epoch:364, training loss:0.05288315316041311
Epoch:365, training loss:0.052839272965987526
Epoch:366, training loss:0.05268493418892225
Epoch:367, training loss:0.05311234792073568
Epoch:368, training loss:0.05295713742574056
Epoch:369, training loss:0.05296467492977778
Epoch:370, training loss:0.05289591352144877
----------------------------
Start validation ...
Validation error:0.050057392567396164
Validation error:0.050057392567396164
Save model checkpoints ... 
Save pial surface mesh ... 
Maximum allocated GPU memory: 0.83 GiB
Finish validation.
----------------------------
Epoch:371, training loss:0.05301160365343094
Epoch:372, training loss:0.05282828087608019
Epoch:373, training loss:0.05307576929529508
Epoch:374, training loss:0.052681575218836464
Epoch:375, training loss:0.052400549252827965
Epoch:376, training loss:0.05276156092683474
Epoch:377, training loss:0.05236205458641052
Epoch:378, training loss:0.0523713044822216
Epoch:379, training loss:0.05241248135765394
Epoch:380, training loss:0.0520876944065094
----------------------------
Start validation ...
Validation error:0.0494006872177124
Validation error:0.0494006872177124
New best model saved at epoch 380 with validation error 0.0494006872177124
Save model checkpoints ... 
Save pial surface mesh ... 
Maximum allocated GPU memory: 0.83 GiB
Finish validation.
----------------------------
Epoch:381, training loss:0.05198275546232859
Epoch:382, training loss:0.05199673647681872
Epoch:383, training loss:0.052104481806357704
Epoch:384, training loss:0.051972392946481705
Epoch:385, training loss:0.05210364982485771
Epoch:386, training loss:0.05196561415990194
Epoch:387, training loss:0.05176271249850591
Epoch:388, training loss:0.05191676442821821
Epoch:389, training loss:0.05201923350493113
Epoch:390, training loss:0.05244209865729014
----------------------------
Start validation ...
Validation error:0.04915296658873558
Validation error:0.04915296658873558
New best model saved at epoch 390 with validation error 0.04915296658873558
Save model checkpoints ... 
Save pial surface mesh ... 
Maximum allocated GPU memory: 0.83 GiB
Finish validation.
----------------------------
Epoch:391, training loss:0.05240372816721598
Epoch:392, training loss:0.0524928147594134
Epoch:393, training loss:0.052414381255706154
Epoch:394, training loss:0.0525665357708931
Epoch:395, training loss:0.05218531439701716
Epoch:396, training loss:0.05198090026775996
Epoch:397, training loss:0.05180299902955691
Epoch:398, training loss:0.05191719283660253
Epoch:399, training loss:0.051870511223872505
Epoch:400, training loss:0.05210806429386139
----------------------------
Start validation ...
Validation error:0.04933222755789757
Validation error:0.04933222755789757
Save model checkpoints ... 
Save pial surface mesh ... 
Maximum allocated GPU memory: 0.83 GiB
Finish validation.
----------------------------
Epoch:401, training loss:0.052738942205905914
Epoch:402, training loss:0.05208966632684072
Epoch:403, training loss:0.05159639815489451
Epoch:404, training loss:0.05185471226771673
Epoch:405, training loss:0.05171438927451769
Epoch:406, training loss:0.0516932929555575
Epoch:407, training loss:0.051762315134207405
Epoch:408, training loss:0.051803545405467354
Epoch:409, training loss:0.051762572179238
Epoch:410, training loss:0.05157549430926641
----------------------------
Start validation ...
Validation error:0.0488010048866272
Validation error:0.0488010048866272
New best model saved at epoch 410 with validation error 0.0488010048866272
Save model checkpoints ... 
Save pial surface mesh ... 
Maximum allocated GPU memory: 0.83 GiB
Finish validation.
----------------------------
Epoch:411, training loss:0.0515094685057799
Epoch:412, training loss:0.05151106044650078
Epoch:413, training loss:0.05146041760842005
Epoch:414, training loss:0.051443795363108315
Epoch:415, training loss:0.05149964615702629
Epoch:416, training loss:0.051456864923238754
Epoch:417, training loss:0.05137146636843681
Epoch:418, training loss:0.05145025004943212
Epoch:419, training loss:0.051844016959269844
Epoch:420, training loss:0.05196364844838778
----------------------------
Start validation ...
Validation error:0.048829980194568634
Validation error:0.048829980194568634
Save model checkpoints ... 
Save pial surface mesh ... 
Maximum allocated GPU memory: 0.83 GiB
Finish validation.
----------------------------
Epoch:421, training loss:0.05143845950563749
Epoch:422, training loss:0.051616013050079346
Epoch:423, training loss:0.05132183929284414
Epoch:424, training loss:0.05120896175503731
Epoch:425, training loss:0.051409970968961716
Epoch:426, training loss:0.05126047879457474
Epoch:427, training loss:0.051278854409853615
Epoch:428, training loss:0.0513227308789889
Epoch:429, training loss:0.051287648578484855
Epoch:430, training loss:0.051303363094727196
----------------------------
Start validation ...
Validation error:0.04856327176094055
Validation error:0.04856327176094055
New best model saved at epoch 430 with validation error 0.04856327176094055
Save model checkpoints ... 
Save pial surface mesh ... 
Maximum allocated GPU memory: 0.83 GiB
Finish validation.
----------------------------
Epoch:431, training loss:0.051177640755971275
Epoch:432, training loss:0.051132041960954666
Epoch:433, training loss:0.051136826475461326
Epoch:434, training loss:0.05131714170177778
Epoch:435, training loss:0.051045374323924385
Epoch:436, training loss:0.05104237919052442
Epoch:437, training loss:0.05106687669952711
Epoch:438, training loss:0.05107661709189415
Epoch:439, training loss:0.051026580234368644
Epoch:440, training loss:0.051301577438910805
----------------------------
Start validation ...
Validation error:0.048502493649721146
Validation error:0.048502493649721146
New best model saved at epoch 440 with validation error 0.048502493649721146
Save model checkpoints ... 
Save pial surface mesh ... 
Maximum allocated GPU memory: 0.83 GiB
Finish validation.
----------------------------
Epoch:441, training loss:0.05134081467986107
Epoch:442, training loss:0.051036411275466285
Epoch:443, training loss:0.05111170063416163
Epoch:444, training loss:0.051043037325143814
Epoch:445, training loss:0.05104584867755572
Epoch:446, training loss:0.05093568687637647
Epoch:447, training loss:0.05097305029630661
Epoch:448, training loss:0.0510362833738327
Epoch:449, training loss:0.05096174031496048
Epoch:450, training loss:0.050972603261470795
----------------------------
Start validation ...
Validation error:0.04825114086270332
Validation error:0.04825114086270332
New best model saved at epoch 450 with validation error 0.04825114086270332
Save model checkpoints ... 
Save pial surface mesh ... 
Maximum allocated GPU memory: 0.83 GiB
Finish validation.
----------------------------
Epoch:451, training loss:0.05086207017302513
Epoch:452, training loss:0.050902508199214935
Epoch:453, training loss:0.05130024502674738
Epoch:454, training loss:0.05130899325013161
Epoch:455, training loss:0.05111772567033768
Epoch:456, training loss:0.051361686239639916
Epoch:457, training loss:0.051150716841220856
Epoch:458, training loss:0.051336185385783516
Epoch:459, training loss:0.0513924223681291
Epoch:460, training loss:0.05077646548549334
----------------------------
Start validation ...
Validation error:0.04826078563928604
Validation error:0.04826078563928604
Save model checkpoints ... 
Save pial surface mesh ... 
Maximum allocated GPU memory: 0.83 GiB
Finish validation.
----------------------------
Epoch:461, training loss:0.05096302802364031
Epoch:462, training loss:0.05087810133894285
Epoch:463, training loss:0.05077704911430677
Epoch:464, training loss:0.05095083639025688
Epoch:465, training loss:0.05101300527652105
Epoch:466, training loss:0.05066797882318497
Epoch:467, training loss:0.05057376871506373
Epoch:468, training loss:0.050708613047997154
Epoch:469, training loss:0.05059410631656647
Epoch:470, training loss:0.050642888993024826
----------------------------
Start validation ...
Validation error:0.04808853194117546
Validation error:0.04808853194117546
New best model saved at epoch 470 with validation error 0.04808853194117546
Save model checkpoints ... 
Save pial surface mesh ... 
Maximum allocated GPU memory: 0.83 GiB
Finish validation.
----------------------------
Epoch:471, training loss:0.05067986249923706
Epoch:472, training loss:0.05077580983440081
Epoch:473, training loss:0.05050821602344513
Epoch:474, training loss:0.05045141279697418
Epoch:475, training loss:0.050561937193075814
Epoch:476, training loss:0.05051079019904137
Epoch:477, training loss:0.05063503483931223
Epoch:478, training loss:0.05053567389647166
Epoch:479, training loss:0.050447540978590645
Epoch:480, training loss:0.05028709024190903
----------------------------
Start validation ...
Validation error:0.0482122041285038
Validation error:0.0482122041285038
Save model checkpoints ... 
Save pial surface mesh ... 
Maximum allocated GPU memory: 0.83 GiB
Finish validation.
----------------------------
Epoch:481, training loss:0.0505815160771211
Epoch:482, training loss:0.05044212192296982
Epoch:483, training loss:0.05045776069164276
Epoch:484, training loss:0.05034309501449267
Epoch:485, training loss:0.050547404835621514
Epoch:486, training loss:0.0511177492638429
Epoch:487, training loss:0.05147826547423998
Epoch:488, training loss:0.05129599943757057
Epoch:489, training loss:0.05128836755951246
Epoch:490, training loss:0.05058938140670458
----------------------------
Start validation ...
Validation error:0.04847565293312073
Validation error:0.04847565293312073
Save model checkpoints ... 
Save pial surface mesh ... 
Maximum allocated GPU memory: 0.83 GiB
Finish validation.
----------------------------
Epoch:491, training loss:0.0505397692322731
Epoch:492, training loss:0.050876046220461525
Epoch:493, training loss:0.05083774775266647
Epoch:494, training loss:0.05038351068894068
Epoch:495, training loss:0.05026432126760483
Epoch:496, training loss:0.05030577133099238
Epoch:497, training loss:0.05028361827135086
Epoch:498, training loss:0.05038358395298322
Epoch:499, training loss:0.050243458400170006
Epoch:500, training loss:0.05066400393843651
----------------------------
Start validation ...
Validation error:0.04775777459144592
Validation error:0.04775777459144592
New best model saved at epoch 500 with validation error 0.04775777459144592
Save model checkpoints ... 
Save pial surface mesh ... 
Maximum allocated GPU memory: 0.83 GiB
Finish validation.
----------------------------
Epoch:501, training loss:0.05110864465435346
Epoch:502, training loss:0.05019185692071915
Epoch:503, training loss:0.049975973864396415
Epoch:504, training loss:0.050496711085240044
Epoch:505, training loss:0.04993921394149462
Epoch:506, training loss:0.05030869320034981
Epoch:507, training loss:0.05026426042119662
Epoch:508, training loss:0.05002239843209585
Epoch:509, training loss:0.05001587669054667
Epoch:510, training loss:0.05002022782961527
----------------------------
Start validation ...
Validation error:0.047845080494880676
Validation error:0.047845080494880676
Save model checkpoints ... 
Save pial surface mesh ... 
Maximum allocated GPU memory: 0.83 GiB
Finish validation.
----------------------------
Epoch:511, training loss:0.05025107661883036
Epoch:512, training loss:0.05015457049012184
Epoch:513, training loss:0.0501855139931043
Epoch:514, training loss:0.05013867591818174
Epoch:515, training loss:0.05054754267136256
Epoch:516, training loss:0.0502929724752903
Epoch:517, training loss:0.05045364052057266
Epoch:518, training loss:0.04997867594162623
Epoch:519, training loss:0.050074336429437004
Epoch:520, training loss:0.050172711412111916
----------------------------
Start validation ...
Validation error:0.04789326339960098
Validation error:0.04789326339960098
Save model checkpoints ... 
Save pial surface mesh ... 
Maximum allocated GPU memory: 0.83 GiB
Finish validation.
----------------------------
Epoch:521, training loss:0.04989813268184662
Epoch:522, training loss:0.049822566409905754
Epoch:523, training loss:0.04987945035099983
Epoch:524, training loss:0.04996375491221746
Epoch:525, training loss:0.0497610109547774
Epoch:526, training loss:0.04973284030954043
Epoch:527, training loss:0.049664525936047234
Epoch:528, training loss:0.04993247240781784
Epoch:529, training loss:0.04972779626647631
Epoch:530, training loss:0.04982483511169752
----------------------------
Start validation ...
Validation error:0.04748716577887535
Validation error:0.04748716577887535
New best model saved at epoch 530 with validation error 0.04748716577887535
Save model checkpoints ... 
Save pial surface mesh ... 
Maximum allocated GPU memory: 0.83 GiB
Finish validation.
----------------------------
Epoch:531, training loss:0.04971104363600413
Epoch:532, training loss:0.04972479368249575
Epoch:533, training loss:0.0496830182770888
Epoch:534, training loss:0.05002490431070328
Epoch:535, training loss:0.05062110970417658
Epoch:536, training loss:0.05082831780115763
Epoch:537, training loss:0.05069923276702563
Epoch:538, training loss:0.050709390391906105
Epoch:539, training loss:0.050002152721087136
Epoch:540, training loss:0.05036782721678416
----------------------------
Start validation ...
Validation error:0.04747176170349121
Validation error:0.04747176170349121
New best model saved at epoch 540 with validation error 0.04747176170349121
Save model checkpoints ... 
Save pial surface mesh ... 
Maximum allocated GPU memory: 0.83 GiB
Finish validation.
----------------------------
Epoch:541, training loss:0.050057834635178246
Epoch:542, training loss:0.05020505686601003
Epoch:543, training loss:0.04985174039999644
Epoch:544, training loss:0.04977112760146459
Epoch:545, training loss:0.049942427625258766
Epoch:546, training loss:0.05022661139567693
Epoch:547, training loss:0.049922251453002296
Epoch:548, training loss:0.04940102994441986
Epoch:549, training loss:0.04950824628273646
Epoch:550, training loss:0.049764921267827354
----------------------------
Start validation ...
Validation error:0.04753493517637253
Validation error:0.04753493517637253
Save model checkpoints ... 
Save pial surface mesh ... 
Maximum allocated GPU memory: 0.83 GiB
Finish validation.
----------------------------
Epoch:551, training loss:0.04989748323957125
Epoch:552, training loss:0.0494991218050321
Epoch:553, training loss:0.049884056051572166
Epoch:554, training loss:0.049228655795256294
Epoch:555, training loss:0.049540785451730095
Epoch:556, training loss:0.049491179486115776
Epoch:557, training loss:0.049718824525674186
Epoch:558, training loss:0.049327999353408813
Epoch:559, training loss:0.04928357154130936
Epoch:560, training loss:0.04941968247294426
----------------------------
Start validation ...
Validation error:0.04727800935506821
Validation error:0.04727800935506821
New best model saved at epoch 560 with validation error 0.04727800935506821
Save model checkpoints ... 
Save pial surface mesh ... 
Maximum allocated GPU memory: 0.83 GiB
Finish validation.
----------------------------
Epoch:561, training loss:0.04924746478597323
Epoch:562, training loss:0.049411832044521965
Epoch:563, training loss:0.049426848689715065
Epoch:564, training loss:0.049636645863453545
Epoch:565, training loss:0.049245441953341164
Epoch:566, training loss:0.04930815100669861
Epoch:567, training loss:0.04914478833476702
Epoch:568, training loss:0.04921600595116615
Epoch:569, training loss:0.04942559078335762
Epoch:570, training loss:0.04956382388869921
----------------------------
Start validation ...
Validation error:0.04716767743229866
Validation error:0.04716767743229866
New best model saved at epoch 570 with validation error 0.04716767743229866
Save model checkpoints ... 
Save pial surface mesh ... 
Maximum allocated GPU memory: 0.83 GiB
Finish validation.
----------------------------
Epoch:571, training loss:0.049319423735141754
Epoch:572, training loss:0.04920785625775655
Epoch:573, training loss:0.049069471657276154
Epoch:574, training loss:0.049135291328032814
Epoch:575, training loss:0.04953194037079811
Epoch:576, training loss:0.04966885969042778
Epoch:577, training loss:0.04949346308906873
Epoch:578, training loss:0.04983073597153028
Epoch:579, training loss:0.049717516948779426
Epoch:580, training loss:0.04935574779907862
----------------------------
Start validation ...
Validation error:0.046924836933612823
Validation error:0.046924836933612823
New best model saved at epoch 580 with validation error 0.046924836933612823
Save model checkpoints ... 
Save pial surface mesh ... 
Maximum allocated GPU memory: 0.83 GiB
Finish validation.
----------------------------
Epoch:581, training loss:0.049101067086060844
Epoch:582, training loss:0.04909900575876236
Epoch:583, training loss:0.04911288246512413
Epoch:584, training loss:0.04900196443001429
Epoch:585, training loss:0.049256581813097
Epoch:586, training loss:0.048979248851537704
Epoch:587, training loss:0.049184958140055336
Epoch:588, training loss:0.04951407884558042
Epoch:589, training loss:0.0497598002354304
Epoch:590, training loss:0.05026672532161077
----------------------------
Start validation ...
Validation error:0.04726821184158325
Validation error:0.04726821184158325
Save model checkpoints ... 
Save pial surface mesh ... 
Maximum allocated GPU memory: 0.83 GiB
Finish validation.
----------------------------
Epoch:591, training loss:0.04917586098114649
Epoch:592, training loss:0.04889237011472384
Epoch:593, training loss:0.04913315549492836
Epoch:594, training loss:0.0495662714044253
Epoch:595, training loss:0.049213726073503494
Epoch:596, training loss:0.04947605108221372
Epoch:597, training loss:0.049387561778227486
Epoch:598, training loss:0.04952262466152509
Epoch:599, training loss:0.04899457966287931
Epoch:600, training loss:0.04939872274796168
----------------------------
Start validation ...
Validation error:0.046721797436475754
Validation error:0.046721797436475754
New best model saved at epoch 600 with validation error 0.046721797436475754
Save model checkpoints ... 
Save pial surface mesh ... 
Maximum allocated GPU memory: 0.83 GiB
Finish validation.
----------------------------
Finish training.
----------------------------
D
CC
