aa
bb
Combination: 0, 2
gnn: 0
layers: 2
----------------------------
Start loading dataset ...
numbers 100206
numbers 100307
numbers 100408
numbers 100610
Finish loading dataset. There are total 4 subjects.
----------------------------
Start loading model ...
Model is CortexGNN
NLayerGCN 2
Finish loading model
----------------------------
Start evaluation ...
sub_id tensor([100206])
sub_id tensor([100610])
sub_id tensor([100307])
sub_id tensor([100408])
CD: Mean=0.551990334753063, Std=0.006976813928300366
AD: Mean=0.3617161906115228, Std=0.014885444208790753
HD: Mean=0.773033899634954, Std=0.03728792371742538
CC
