aa
bb
Combination: -1, 2
A
B
C
lh training
gnn: -1
layers: 2
trainlh.sh model is pialnn
----------------------------
Start loading dataset ...
numbers 100206
numbers 100307
numbers 100408
numbers 100610
MSE
Finish loading dataset. There are total 4 subjects.
Training data length 3
Validation data length 1
scaling factor  0.1
----------------------------
Start loading model ...
Model is PialNN
Finish loading model
----------------------------
Start training 600 epochs ...
Epoch:0, training loss:0.2582524170478185
----------------------------
Start validation ...
Validation error:0.18778946995735168
Save model checkpoints ... 
Save pial surface mesh ... 
Maximum allocated GPU memory: 4.70 GiB
Finish validation.
----------------------------
Epoch:1, training loss:0.17265159885088602
Epoch:2, training loss:0.11626609166463216
Epoch:3, training loss:0.0933721512556076
Epoch:4, training loss:0.08431406070788701
Epoch:5, training loss:0.08620675404866536
Epoch:6, training loss:0.08558790634075801
Epoch:7, training loss:0.08368401477734248
Epoch:8, training loss:0.07946010927359264
Epoch:9, training loss:0.0764803836743037
Epoch:10, training loss:0.0745392565925916
----------------------------
Start validation ...
Validation error:0.06772153079509735
Save model checkpoints ... 
Save pial surface mesh ... 
Maximum allocated GPU memory: 4.71 GiB
Finish validation.
----------------------------
Epoch:11, training loss:0.07436276723941167
Epoch:12, training loss:0.07398371646801631
Epoch:13, training loss:0.07330259929100673
Epoch:14, training loss:0.07225483904282252
Epoch:15, training loss:0.07167977343002956
Epoch:16, training loss:0.07172328482071559
Epoch:17, training loss:0.0709596499800682
Epoch:18, training loss:0.07083552579085033
Epoch:19, training loss:0.07038714239994685
Epoch:20, training loss:0.06994487593571345
----------------------------
Start validation ...
Validation error:0.0634496733546257
Save model checkpoints ... 
Save pial surface mesh ... 
Maximum allocated GPU memory: 4.71 GiB
Finish validation.
----------------------------
Epoch:21, training loss:0.06977952644228935
Epoch:22, training loss:0.06951975201567014
Epoch:23, training loss:0.0691048229734103
Epoch:24, training loss:0.06896017988522847
Epoch:25, training loss:0.06887783606847127
Epoch:26, training loss:0.06833027179042499
Epoch:27, training loss:0.06830597296357155
Epoch:28, training loss:0.0682520680129528
Epoch:29, training loss:0.06790163616339366
Epoch:30, training loss:0.0679918850461642
----------------------------
Start validation ...
Validation error:0.06145879253745079
Save model checkpoints ... 
Save pial surface mesh ... 
Maximum allocated GPU memory: 4.71 GiB
Finish validation.
----------------------------
Epoch:31, training loss:0.06723030284047127
Epoch:32, training loss:0.06724977244933446
Epoch:33, training loss:0.06694509088993073
Epoch:34, training loss:0.06688762083649635
Epoch:35, training loss:0.06707106406490008
Epoch:36, training loss:0.06655304258068402
Epoch:37, training loss:0.06631230811278026
Epoch:38, training loss:0.06606966877977054
Epoch:39, training loss:0.06616117929418881
Epoch:40, training loss:0.06565953542788823
----------------------------
Start validation ...
Validation error:0.05991024523973465
Save model checkpoints ... 
Save pial surface mesh ... 
Maximum allocated GPU memory: 4.71 GiB
Finish validation.
----------------------------
Epoch:41, training loss:0.06577422842383385
Epoch:42, training loss:0.06566614905993144
Epoch:43, training loss:0.0655236765742302
Epoch:44, training loss:0.06492981935540836
Epoch:45, training loss:0.0647611916065216
Epoch:46, training loss:0.06479706118504207
Epoch:47, training loss:0.06456449503699939
Epoch:48, training loss:0.06421630457043648
Epoch:49, training loss:0.06416143601139386
Epoch:50, training loss:0.0639689527451992
----------------------------
Start validation ...
Validation error:0.05838555097579956
Save model checkpoints ... 
Save pial surface mesh ... 
Maximum allocated GPU memory: 4.71 GiB
Finish validation.
----------------------------
Epoch:51, training loss:0.06369981293876965
Epoch:52, training loss:0.06375773002703984
Epoch:53, training loss:0.06413720423976581
Epoch:54, training loss:0.06375350678960483
Epoch:55, training loss:0.06308726221323013
Epoch:56, training loss:0.06319710736473401
Epoch:57, training loss:0.06300002460678418
Epoch:58, training loss:0.06276251375675201
Epoch:59, training loss:0.0625891350209713
Epoch:60, training loss:0.062471866607666016
----------------------------
Start validation ...
Validation error:0.05702589079737663
Save model checkpoints ... 
Save pial surface mesh ... 
Maximum allocated GPU memory: 4.71 GiB
Finish validation.
----------------------------
Epoch:61, training loss:0.06237052008509636
Epoch:62, training loss:0.062223738680283226
Epoch:63, training loss:0.06201951081554095
Epoch:64, training loss:0.062190376222133636
Epoch:65, training loss:0.062137710551420845
Epoch:66, training loss:0.06159458930293719
Epoch:67, training loss:0.061817098408937454
Epoch:68, training loss:0.0615800308684508
Epoch:69, training loss:0.061339277774095535
Epoch:70, training loss:0.06124910215536753
----------------------------
Start validation ...
Validation error:0.05584802106022835
Save model checkpoints ... 
Save pial surface mesh ... 
Maximum allocated GPU memory: 4.71 GiB
Finish validation.
----------------------------
Epoch:71, training loss:0.06094996134440104
Epoch:72, training loss:0.06113184243440628
Epoch:73, training loss:0.06112386410435041
Epoch:74, training loss:0.06096149111787478
Epoch:75, training loss:0.06140372157096863
Epoch:76, training loss:0.06104638303319613
Epoch:77, training loss:0.06055035442113876
Epoch:78, training loss:0.06101605792840322
Epoch:79, training loss:0.060086468855539955
Epoch:80, training loss:0.060407799979050956
----------------------------
Start validation ...
Validation error:0.054980743676424026
Save model checkpoints ... 
Save pial surface mesh ... 
Maximum allocated GPU memory: 4.71 GiB
Finish validation.
----------------------------
Epoch:81, training loss:0.05995198835929235
Epoch:82, training loss:0.059926470120747886
Epoch:83, training loss:0.05988557015856107
Epoch:84, training loss:0.06001046051581701
Epoch:85, training loss:0.059948429465293884
Epoch:86, training loss:0.06010897954305013
Epoch:87, training loss:0.05959672853350639
Epoch:88, training loss:0.059232729176680245
Epoch:89, training loss:0.05928551902373632
Epoch:90, training loss:0.05939371511340141
----------------------------
Start validation ...
Validation error:0.053943533450365067
Save model checkpoints ... 
Save pial surface mesh ... 
Maximum allocated GPU memory: 4.71 GiB
Finish validation.
----------------------------
Epoch:91, training loss:0.059090288976828255
Epoch:92, training loss:0.059491295367479324
Epoch:93, training loss:0.05880632624030113
Epoch:94, training loss:0.05866769949595133
Epoch:95, training loss:0.05884136135379473
Epoch:96, training loss:0.05878800774614016
Epoch:97, training loss:0.05876098697384199
Epoch:98, training loss:0.058600870271523796
Epoch:99, training loss:0.05851924295226733
Epoch:100, training loss:0.058489661663770676
----------------------------
Start validation ...
Validation error:0.053741008043289185
Save model checkpoints ... 
Save pial surface mesh ... 
Maximum allocated GPU memory: 4.71 GiB
Finish validation.
----------------------------
Epoch:101, training loss:0.058521548906962075
Epoch:102, training loss:0.058304596692323685
Epoch:103, training loss:0.05822507788737615
Epoch:104, training loss:0.05785137787461281
Epoch:105, training loss:0.058057197680075966
Epoch:106, training loss:0.05816354354222616
Epoch:107, training loss:0.058504778891801834
Epoch:108, training loss:0.058746080845594406
Epoch:109, training loss:0.05812570328513781
Epoch:110, training loss:0.05844466636578242
----------------------------
Start validation ...
Validation error:0.05294525995850563
Save model checkpoints ... 
Save pial surface mesh ... 
Maximum allocated GPU memory: 4.71 GiB
Finish validation.
----------------------------
Epoch:111, training loss:0.05747402831912041
Epoch:112, training loss:0.0577142300705115
Epoch:113, training loss:0.05710518111785253
Epoch:114, training loss:0.05743869642416636
Epoch:115, training loss:0.05768497412403425
Epoch:116, training loss:0.057372002551952996
Epoch:117, training loss:0.05684855207800865
Epoch:118, training loss:0.057172117133935295
Epoch:119, training loss:0.05655079707503319
Epoch:120, training loss:0.057035443683465324
----------------------------
Start validation ...
Validation error:0.05212786793708801
Save model checkpoints ... 
Save pial surface mesh ... 
Maximum allocated GPU memory: 4.71 GiB
Finish validation.
----------------------------
Epoch:121, training loss:0.05749479432900747
Epoch:122, training loss:0.05702902749180794
Epoch:123, training loss:0.056465366234381996
Epoch:124, training loss:0.05661895001928011
Epoch:125, training loss:0.05665173878272375
Epoch:126, training loss:0.056561208019653954
Epoch:127, training loss:0.05643153935670853
Epoch:128, training loss:0.05626014247536659
Epoch:129, training loss:0.056132469326257706
Epoch:130, training loss:0.05588568622867266
----------------------------
Start validation ...
Validation error:0.05154423415660858
Save model checkpoints ... 
Save pial surface mesh ... 
Maximum allocated GPU memory: 4.71 GiB
Finish validation.
----------------------------
Epoch:131, training loss:0.055736069877942405
Epoch:132, training loss:0.05577112610141436
Epoch:133, training loss:0.055566202849149704
Epoch:134, training loss:0.05558408424258232
Epoch:135, training loss:0.05540913467605909
Epoch:136, training loss:0.055415538450082145
Epoch:137, training loss:0.05536356940865517
Epoch:138, training loss:0.055414244532585144
Epoch:139, training loss:0.055508011331160866
Epoch:140, training loss:0.05521781245867411
----------------------------
Start validation ...
Validation error:0.05144263431429863
Save model checkpoints ... 
Save pial surface mesh ... 
Maximum allocated GPU memory: 4.71 GiB
Finish validation.
----------------------------
Epoch:141, training loss:0.05531355241934458
Epoch:142, training loss:0.05522939935326576
Epoch:143, training loss:0.05503992115457853
Epoch:144, training loss:0.055077116936445236
Epoch:145, training loss:0.0551127257446448
Epoch:146, training loss:0.05484102169672648
Epoch:147, training loss:0.05484906956553459
Epoch:148, training loss:0.05475164080659548
Epoch:149, training loss:0.0548505075275898
Epoch:150, training loss:0.05456289152304331
----------------------------
Start validation ...
Validation error:0.05055075138807297
Save model checkpoints ... 
Save pial surface mesh ... 
Maximum allocated GPU memory: 4.71 GiB
Finish validation.
----------------------------
Epoch:151, training loss:0.054590146988630295
Epoch:152, training loss:0.05461257075270017
Epoch:153, training loss:0.054731315622727074
Epoch:154, training loss:0.05448458840449651
Epoch:155, training loss:0.05459460740288099
Epoch:156, training loss:0.054484982043504715
Epoch:157, training loss:0.0544159933924675
Epoch:158, training loss:0.054457866897185646
Epoch:159, training loss:0.05429486806193987
Epoch:160, training loss:0.05403157820304235
----------------------------
Start validation ...
Validation error:0.05041850358247757
Save model checkpoints ... 
Save pial surface mesh ... 
Maximum allocated GPU memory: 4.71 GiB
Finish validation.
----------------------------
Epoch:161, training loss:0.054121067126592
Epoch:162, training loss:0.05428237716356913
Epoch:163, training loss:0.054159343242645264
Epoch:164, training loss:0.05407764886816343
Epoch:165, training loss:0.054064967979987465
Epoch:166, training loss:0.0542722021540006
Epoch:167, training loss:0.05431932955980301
Epoch:168, training loss:0.054400003204743065
Epoch:169, training loss:0.053954395155111946
Epoch:170, training loss:0.054062191396951675
----------------------------
Start validation ...
Validation error:0.04994835704565048
Save model checkpoints ... 
Save pial surface mesh ... 
Maximum allocated GPU memory: 4.71 GiB
Finish validation.
----------------------------
Epoch:171, training loss:0.053562314560016
Epoch:172, training loss:0.053483555714289345
Epoch:173, training loss:0.05343980466326078
Epoch:174, training loss:0.053236999859412514
Epoch:175, training loss:0.05344379941622416
Epoch:176, training loss:0.053462009876966476
Epoch:177, training loss:0.0532563142478466
Epoch:178, training loss:0.05342514564593633
Epoch:179, training loss:0.05322206641236941
Epoch:180, training loss:0.053297627717256546
----------------------------
Start validation ...
Validation error:0.049504294991493225
Save model checkpoints ... 
Save pial surface mesh ... 
Maximum allocated GPU memory: 4.71 GiB
Finish validation.
----------------------------
Epoch:181, training loss:0.05308794975280762
Epoch:182, training loss:0.05313253651062647
Epoch:183, training loss:0.053111969182888664
Epoch:184, training loss:0.053137410432100296
Epoch:185, training loss:0.05306615183750788
Epoch:186, training loss:0.053108385453621544
Epoch:187, training loss:0.052919819951057434
Epoch:188, training loss:0.052986071755488716
Epoch:189, training loss:0.052647133668263756
Epoch:190, training loss:0.05294268950819969
----------------------------
Start validation ...
Validation error:0.04936690628528595
Save model checkpoints ... 
Save pial surface mesh ... 
Maximum allocated GPU memory: 4.71 GiB
Finish validation.
----------------------------
Epoch:191, training loss:0.052712337424357734
Epoch:192, training loss:0.052620782206455864
Epoch:193, training loss:0.0526871383190155
Epoch:194, training loss:0.05260975162188212
Epoch:195, training loss:0.052644760658343635
Epoch:196, training loss:0.052696271489063896
Epoch:197, training loss:0.05213720475633939
Epoch:198, training loss:0.05246483658750852
Epoch:199, training loss:0.052288622905810676
Epoch:200, training loss:0.05231611058115959
----------------------------
Start validation ...
Validation error:0.04893979802727699
Save model checkpoints ... 
Save pial surface mesh ... 
Maximum allocated GPU memory: 4.71 GiB
Finish validation.
----------------------------
Epoch:201, training loss:0.052217443784077965
Epoch:202, training loss:0.05224000786741575
Epoch:203, training loss:0.05220345283548037
Epoch:204, training loss:0.05209897210200628
Epoch:205, training loss:0.05211693296829859
Epoch:206, training loss:0.0520713838438193
Epoch:207, training loss:0.05195455625653267
Epoch:208, training loss:0.05251564706365267
Epoch:209, training loss:0.05268560474117597
Epoch:210, training loss:0.052401911467313766
----------------------------
Start validation ...
Validation error:0.05005527660250664
Save model checkpoints ... 
Save pial surface mesh ... 
Maximum allocated GPU memory: 4.71 GiB
Finish validation.
----------------------------
Epoch:211, training loss:0.05232918635010719
Epoch:212, training loss:0.05200375740726789
Epoch:213, training loss:0.051814693957567215
Epoch:214, training loss:0.05167294045289358
Epoch:215, training loss:0.05151409034927686
Epoch:216, training loss:0.05169224242369334
Epoch:217, training loss:0.05145422617594401
Epoch:218, training loss:0.05171948174635569
Epoch:219, training loss:0.051887571811676025
Epoch:220, training loss:0.05209932972987493
----------------------------
Start validation ...
Validation error:0.04928917437791824
Save model checkpoints ... 
Save pial surface mesh ... 
Maximum allocated GPU memory: 4.71 GiB
Finish validation.
----------------------------
Epoch:221, training loss:0.05191610877712568
Epoch:222, training loss:0.051850044478972755
Epoch:223, training loss:0.051593173295259476
Epoch:224, training loss:0.05170731619000435
Epoch:225, training loss:0.051559449483950935
Epoch:226, training loss:0.05149175226688385
Epoch:227, training loss:0.05118052661418915
Epoch:228, training loss:0.05178368339935938
Epoch:229, training loss:0.05134206141034762
Epoch:230, training loss:0.05179306616385778
----------------------------
Start validation ...
Validation error:0.04883264750242233
Save model checkpoints ... 
Save pial surface mesh ... 
Maximum allocated GPU memory: 4.71 GiB
Finish validation.
----------------------------
Epoch:231, training loss:0.051654829333225884
Epoch:232, training loss:0.05134055515130361
Epoch:233, training loss:0.05167851597070694
Epoch:234, training loss:0.0513283871114254
Epoch:235, training loss:0.051258412500222526
Epoch:236, training loss:0.050684226055939995
Epoch:237, training loss:0.050838008522987366
Epoch:238, training loss:0.05106693382064501
Epoch:239, training loss:0.05086783443888029
Epoch:240, training loss:0.051030596097310386
----------------------------
Start validation ...
Validation error:0.04833889752626419
Save model checkpoints ... 
Save pial surface mesh ... 
Maximum allocated GPU memory: 4.71 GiB
Finish validation.
----------------------------
Epoch:241, training loss:0.05117189263304075
Epoch:242, training loss:0.051108172784248986
Epoch:243, training loss:0.05091931174198786
Epoch:244, training loss:0.05089529976248741
Epoch:245, training loss:0.050483785569667816
Epoch:246, training loss:0.05057855571309725
Epoch:247, training loss:0.05088596045970917
Epoch:248, training loss:0.05075764780243238
Epoch:249, training loss:0.050633071611324944
Epoch:250, training loss:0.05041323105494181
----------------------------
Start validation ...
Validation error:0.04784289374947548
Save model checkpoints ... 
Save pial surface mesh ... 
Maximum allocated GPU memory: 4.71 GiB
Finish validation.
----------------------------
Epoch:251, training loss:0.05021525795261065
Epoch:252, training loss:0.05043590689698855
Epoch:253, training loss:0.050419012705485024
Epoch:254, training loss:0.050399752954641976
Epoch:255, training loss:0.050267734875281654
Epoch:256, training loss:0.050362703700860344
Epoch:257, training loss:0.050439475725094475
Epoch:258, training loss:0.05054479464888573
Epoch:259, training loss:0.05027120063702265
Epoch:260, training loss:0.05016368503371874
----------------------------
Start validation ...
Validation error:0.047799788415431976
Save model checkpoints ... 
Save pial surface mesh ... 
Maximum allocated GPU memory: 4.71 GiB
Finish validation.
----------------------------
Epoch:261, training loss:0.050289767483870186
Epoch:262, training loss:0.05015217885375023
Epoch:263, training loss:0.050764172027508415
Epoch:264, training loss:0.049677857508262
Epoch:265, training loss:0.05006688709060351
Epoch:266, training loss:0.049984849989414215
Epoch:267, training loss:0.049889138589302696
Epoch:268, training loss:0.0499578391512235
Epoch:269, training loss:0.049821265041828156
Epoch:270, training loss:0.050061178704102836
----------------------------
Start validation ...
Validation error:0.047217030078172684
Save model checkpoints ... 
Save pial surface mesh ... 
Maximum allocated GPU memory: 4.71 GiB
Finish validation.
----------------------------
Epoch:271, training loss:0.04973029966155688
Epoch:272, training loss:0.04963480060299238
Epoch:273, training loss:0.04966537902752558
Epoch:274, training loss:0.04954594870408376
Epoch:275, training loss:0.049535089482863746
Epoch:276, training loss:0.04959858457247416
Epoch:277, training loss:0.0499745545287927
Epoch:278, training loss:0.04964506377776464
Epoch:279, training loss:0.04966437816619873
Epoch:280, training loss:0.04984379559755325
----------------------------
Start validation ...
Validation error:0.047595132142305374
Save model checkpoints ... 
Save pial surface mesh ... 
Maximum allocated GPU memory: 4.71 GiB
Finish validation.
----------------------------
Epoch:281, training loss:0.04952597369750341
Epoch:282, training loss:0.0493379607796669
Epoch:283, training loss:0.049323213597138725
Epoch:284, training loss:0.04926640912890434
Epoch:285, training loss:0.049385727693637214
Epoch:286, training loss:0.049060807873805366
Epoch:287, training loss:0.04922934869925181
Epoch:288, training loss:0.04919975499312083
Epoch:289, training loss:0.049309867123762764
Epoch:290, training loss:0.04956058536966642
----------------------------
Start validation ...
Validation error:0.04756549745798111
Save model checkpoints ... 
Save pial surface mesh ... 
Maximum allocated GPU memory: 4.71 GiB
Finish validation.
----------------------------
Epoch:291, training loss:0.0491774653395017
Epoch:292, training loss:0.04964336007833481
Epoch:293, training loss:0.0496204619606336
Epoch:294, training loss:0.04930150881409645
Epoch:295, training loss:0.04941053440173467
Epoch:296, training loss:0.04935163756211599
Epoch:297, training loss:0.049245357513427734
Epoch:298, training loss:0.04900063822666804
Epoch:299, training loss:0.04891757294535637
Epoch:300, training loss:0.049122815330823265
----------------------------
Start validation ...
Validation error:0.04754827544093132
Save model checkpoints ... 
Save pial surface mesh ... 
Maximum allocated GPU memory: 4.71 GiB
Finish validation.
----------------------------
Epoch:301, training loss:0.04909643158316612
Epoch:302, training loss:0.048849040021499
Epoch:303, training loss:0.048730961978435516
Epoch:304, training loss:0.04908387611309687
Epoch:305, training loss:0.048886933674414955
Epoch:306, training loss:0.0487929272154967
Epoch:307, training loss:0.04881927246848742
Epoch:308, training loss:0.04874858011802038
Epoch:309, training loss:0.04862983897328377
Epoch:310, training loss:0.048417460173368454
----------------------------
Start validation ...
Validation error:0.04645908623933792
Save model checkpoints ... 
Save pial surface mesh ... 
Maximum allocated GPU memory: 4.71 GiB
Finish validation.
----------------------------
Epoch:311, training loss:0.04827960083882014
Epoch:312, training loss:0.048659712076187134
Epoch:313, training loss:0.048611202587684
Epoch:314, training loss:0.04872977609435717
Epoch:315, training loss:0.04903510461250941
Epoch:316, training loss:0.04831912244359652
Epoch:317, training loss:0.04861902818083763
Epoch:318, training loss:0.04840754841764768
Epoch:319, training loss:0.04830909644563993
Epoch:320, training loss:0.04868871718645096
----------------------------
Start validation ...
Validation error:0.04635557159781456
Save model checkpoints ... 
Save pial surface mesh ... 
Maximum allocated GPU memory: 4.71 GiB
Finish validation.
----------------------------
Epoch:321, training loss:0.04818873852491379
Epoch:322, training loss:0.0485144667327404
Epoch:323, training loss:0.048631115506092705
Epoch:324, training loss:0.0487037238975366
Epoch:325, training loss:0.048916108906269073
Epoch:326, training loss:0.048887837678194046
Epoch:327, training loss:0.0488347572584947
Epoch:328, training loss:0.04871912548939387
Epoch:329, training loss:0.04827279970049858
Epoch:330, training loss:0.0483156219124794
----------------------------
Start validation ...
Validation error:0.04717312753200531
Save model checkpoints ... 
Save pial surface mesh ... 
Maximum allocated GPU memory: 4.71 GiB
Finish validation.
----------------------------
Epoch:331, training loss:0.04797192166248957
Epoch:332, training loss:0.048194631934165955
Epoch:333, training loss:0.048260735968748726
Epoch:334, training loss:0.047698927422364555
Epoch:335, training loss:0.04772823924819628
Epoch:336, training loss:0.04780790706475576
Epoch:337, training loss:0.04768076663215955
Epoch:338, training loss:0.04760406414667765
Epoch:339, training loss:0.04775178184111913
Epoch:340, training loss:0.04795209194223086
----------------------------
Start validation ...
Validation error:0.046320218592882156
Save model checkpoints ... 
Save pial surface mesh ... 
Maximum allocated GPU memory: 4.71 GiB
Finish validation.
----------------------------
Epoch:341, training loss:0.047664703180392586
Epoch:342, training loss:0.04756476109226545
Epoch:343, training loss:0.04749000817537308
Epoch:344, training loss:0.04777629797657331
Epoch:345, training loss:0.04768275593717893
Epoch:346, training loss:0.04754594340920448
Epoch:347, training loss:0.047526506086190544
Epoch:348, training loss:0.047632950047651924
Epoch:349, training loss:0.04801873366038004
Epoch:350, training loss:0.047669931004444756
----------------------------
Start validation ...
Validation error:0.046990152448415756
Save model checkpoints ... 
Save pial surface mesh ... 
Maximum allocated GPU memory: 4.71 GiB
Finish validation.
----------------------------
Epoch:351, training loss:0.047760059436162315
Epoch:352, training loss:0.047467938313881554
Epoch:353, training loss:0.047370072454214096
Epoch:354, training loss:0.047504605104525886
Epoch:355, training loss:0.04785746211806933
Epoch:356, training loss:0.048259311666091285
Epoch:357, training loss:0.04777537782986959
Epoch:358, training loss:0.048194028437137604
Epoch:359, training loss:0.048040772477785744
Epoch:360, training loss:0.047894496470689774
----------------------------
Start validation ...
Validation error:0.04727403447031975
Save model checkpoints ... 
Save pial surface mesh ... 
Maximum allocated GPU memory: 4.71 GiB
Finish validation.
----------------------------
Epoch:361, training loss:0.04740463197231293
Epoch:362, training loss:0.04746303583184878
Epoch:363, training loss:0.04725786671042442
Epoch:364, training loss:0.04725522299607595
Epoch:365, training loss:0.04743662104010582
Epoch:366, training loss:0.04769011462728182
Epoch:367, training loss:0.047833344588677086
Epoch:368, training loss:0.047537305702765785
Epoch:369, training loss:0.047327893475691475
Epoch:370, training loss:0.0470338836312294
----------------------------
Start validation ...
Validation error:0.04590407386422157
Save model checkpoints ... 
Save pial surface mesh ... 
Maximum allocated GPU memory: 4.71 GiB
Finish validation.
----------------------------
Epoch:371, training loss:0.046947672963142395
Epoch:372, training loss:0.04687218740582466
Epoch:373, training loss:0.04703757166862488
Epoch:374, training loss:0.0469146432975928
Epoch:375, training loss:0.04718071098128954
Epoch:376, training loss:0.04664409284790357
Epoch:377, training loss:0.04654046148061752
Epoch:378, training loss:0.046812995026508965
Epoch:379, training loss:0.0467411403854688
Epoch:380, training loss:0.04681459193428358
----------------------------
Start validation ...
Validation error:0.046312592923641205
Save model checkpoints ... 
Save pial surface mesh ... 
Maximum allocated GPU memory: 4.71 GiB
Finish validation.
----------------------------
Epoch:381, training loss:0.04702680930495262
Epoch:382, training loss:0.04727480808893839
Epoch:383, training loss:0.047165015091498695
Epoch:384, training loss:0.047468108435471855
Epoch:385, training loss:0.047017715871334076
Epoch:386, training loss:0.046747842182715736
Epoch:387, training loss:0.04676131531596184
Epoch:388, training loss:0.04669525225957235
Epoch:389, training loss:0.04653909429907799
Epoch:390, training loss:0.04693916315833727
----------------------------
Start validation ...
Validation error:0.04632288217544556
Save model checkpoints ... 
Save pial surface mesh ... 
Maximum allocated GPU memory: 4.71 GiB
Finish validation.
----------------------------
Epoch:391, training loss:0.04715638607740402
Epoch:392, training loss:0.0465162917971611
Epoch:393, training loss:0.046303581446409225
Epoch:394, training loss:0.04641631990671158
Epoch:395, training loss:0.046281322836875916
Epoch:396, training loss:0.0464643066128095
Epoch:397, training loss:0.04626995945970217
Epoch:398, training loss:0.04625661422808965
Epoch:399, training loss:0.04638285438219706
Epoch:400, training loss:0.0463277039428552
----------------------------
Start validation ...
Validation error:0.046323012560606
Save model checkpoints ... 
Save pial surface mesh ... 
Maximum allocated GPU memory: 4.71 GiB
Finish validation.
----------------------------
Epoch:401, training loss:0.046629853546619415
Epoch:402, training loss:0.045964404940605164
Epoch:403, training loss:0.04623794928193092
Epoch:404, training loss:0.046409531186024346
Epoch:405, training loss:0.04600386197368304
Epoch:406, training loss:0.045815677692492805
Epoch:407, training loss:0.04581361263990402
Epoch:408, training loss:0.045973783979813256
Epoch:409, training loss:0.04588169604539871
Epoch:410, training loss:0.04581864302357038
----------------------------
Start validation ...
Validation error:0.045253414660692215
Save model checkpoints ... 
Save pial surface mesh ... 
Maximum allocated GPU memory: 4.71 GiB
Finish validation.
----------------------------
Epoch:411, training loss:0.045819746951262154
Epoch:412, training loss:0.04591452330350876
Epoch:413, training loss:0.045824519048134484
Epoch:414, training loss:0.04604708030819893
Epoch:415, training loss:0.045835873732964195
Epoch:416, training loss:0.04578968013326327
Epoch:417, training loss:0.04571832964817683
Epoch:418, training loss:0.04560011252760887
Epoch:419, training loss:0.04565329849720001
Epoch:420, training loss:0.045581068843603134
----------------------------
Start validation ...
Validation error:0.04548177123069763
Save model checkpoints ... 
Save pial surface mesh ... 
Maximum allocated GPU memory: 4.71 GiB
Finish validation.
----------------------------
Epoch:421, training loss:0.045590883741776146
Epoch:422, training loss:0.04585821305712064
Epoch:423, training loss:0.045364136497179665
Epoch:424, training loss:0.04542690391341845
Epoch:425, training loss:0.04564591124653816
Epoch:426, training loss:0.045978691428899765
Epoch:427, training loss:0.04555900519092878
Epoch:428, training loss:0.045555416494607925
Epoch:429, training loss:0.04548302417000135
Epoch:430, training loss:0.04538899784286817
----------------------------
Start validation ...
Validation error:0.04517562687397003
Save model checkpoints ... 
Save pial surface mesh ... 
Maximum allocated GPU memory: 4.71 GiB
Finish validation.
----------------------------
Epoch:431, training loss:0.04531616469224294
Epoch:432, training loss:0.04538725440700849
Epoch:433, training loss:0.04513574888308843
Epoch:434, training loss:0.045113163689772286
Epoch:435, training loss:0.04520949721336365
Epoch:436, training loss:0.04537212600310644
Epoch:437, training loss:0.04554154723882675
Epoch:438, training loss:0.045678691317637764
Epoch:439, training loss:0.04556194071968397
Epoch:440, training loss:0.0457191988825798
----------------------------
Start validation ...
Validation error:0.045963600277900696
Save model checkpoints ... 
Save pial surface mesh ... 
Maximum allocated GPU memory: 4.71 GiB
Finish validation.
----------------------------
Epoch:441, training loss:0.04607405140995979
Epoch:442, training loss:0.045351856698592506
Epoch:443, training loss:0.04544566199183464
Epoch:444, training loss:0.04553312808275223
Epoch:445, training loss:0.04565798987944921
Epoch:446, training loss:0.04563657070199648
Epoch:447, training loss:0.045757987846930824
Epoch:448, training loss:0.04551597684621811
Epoch:449, training loss:0.04557841892043749
Epoch:450, training loss:0.04543644314010938
----------------------------
Start validation ...
Validation error:0.0451873354613781
Save model checkpoints ... 
Save pial surface mesh ... 
Maximum allocated GPU memory: 4.71 GiB
Finish validation.
----------------------------
Epoch:451, training loss:0.045167334377765656
Epoch:452, training loss:0.045112546533346176
Epoch:453, training loss:0.045133087784051895
Epoch:454, training loss:0.04556980977455775
Epoch:455, training loss:0.046067334711551666
Epoch:456, training loss:0.04577831303079923
Epoch:457, training loss:0.045515891164541245
Epoch:458, training loss:0.04587117706735929
Epoch:459, training loss:0.045485506455103554
Epoch:460, training loss:0.04511452838778496
----------------------------
Start validation ...
Validation error:0.04492181912064552
Save model checkpoints ... 
Save pial surface mesh ... 
Maximum allocated GPU memory: 4.71 GiB
Finish validation.
----------------------------
Epoch:461, training loss:0.04496243347724279
Epoch:462, training loss:0.04480548327167829
Epoch:463, training loss:0.04501127700010935
Epoch:464, training loss:0.04489786426226298
Epoch:465, training loss:0.04473661879698435
Epoch:466, training loss:0.04446708535154661
Epoch:467, training loss:0.04472297430038452
Epoch:468, training loss:0.04460985337694486
Epoch:469, training loss:0.04436338941256205
Epoch:470, training loss:0.044509515166282654
----------------------------
Start validation ...
Validation error:0.04493898153305054
Save model checkpoints ... 
Save pial surface mesh ... 
Maximum allocated GPU memory: 4.71 GiB
Finish validation.
----------------------------
Epoch:471, training loss:0.04448070749640465
Epoch:472, training loss:0.04441043237845103
Epoch:473, training loss:0.04430341223875681
Epoch:474, training loss:0.04447852695981661
Epoch:475, training loss:0.04419316972295443
Epoch:476, training loss:0.04463209956884384
Epoch:477, training loss:0.04445934544006983
Epoch:478, training loss:0.044288087636232376
Epoch:479, training loss:0.04462555547555288
Epoch:480, training loss:0.04431448504328728
----------------------------
Start validation ...
Validation error:0.04549957066774368
Save model checkpoints ... 
Save pial surface mesh ... 
Maximum allocated GPU memory: 4.71 GiB
Finish validation.
----------------------------
Epoch:481, training loss:0.04425897945960363
Epoch:482, training loss:0.04421903068820635
Epoch:483, training loss:0.04409142086903254
Epoch:484, training loss:0.04419004668792089
Epoch:485, training loss:0.04419838388760885
Epoch:486, training loss:0.04393392552932104
Epoch:487, training loss:0.04397973294059435
Epoch:488, training loss:0.04444856817523638
Epoch:489, training loss:0.04501138627529144
Epoch:490, training loss:0.04522624984383583
----------------------------
Start validation ...
Validation error:0.04482806473970413
Save model checkpoints ... 
Save pial surface mesh ... 
Maximum allocated GPU memory: 4.71 GiB
Finish validation.
----------------------------
Epoch:491, training loss:0.04441081484158834
Epoch:492, training loss:0.04437132179737091
Epoch:493, training loss:0.04436138520638148
Epoch:494, training loss:0.044081561267375946
Epoch:495, training loss:0.04430951798955599
Epoch:496, training loss:0.0439310148358345
Epoch:497, training loss:0.04452900091807047
Epoch:498, training loss:0.044536699851353966
Epoch:499, training loss:0.04413413256406784
Epoch:500, training loss:0.04396257549524307
----------------------------
Start validation ...
Validation error:0.0449986569583416
Save model checkpoints ... 
Save pial surface mesh ... 
Maximum allocated GPU memory: 4.71 GiB
Finish validation.
----------------------------
Epoch:501, training loss:0.04406022404630979
Epoch:502, training loss:0.04392890880505244
Epoch:503, training loss:0.04362815866867701
Epoch:504, training loss:0.043633002787828445
Epoch:505, training loss:0.04351813097794851
Epoch:506, training loss:0.04369793211420377
Epoch:507, training loss:0.04362275078892708
Epoch:508, training loss:0.04356614872813225
Epoch:509, training loss:0.04360550766189893
Epoch:510, training loss:0.043589906146128975
----------------------------
Start validation ...
Validation error:0.044466909021139145
Save model checkpoints ... 
Save pial surface mesh ... 
Maximum allocated GPU memory: 4.71 GiB
Finish validation.
----------------------------
Epoch:511, training loss:0.043659768998622894
Epoch:512, training loss:0.043759722262620926
Epoch:513, training loss:0.043455819288889565
Epoch:514, training loss:0.04354484751820564
Epoch:515, training loss:0.04358242452144623
Epoch:516, training loss:0.043725124249855675
Epoch:517, training loss:0.043880811582008995
Epoch:518, training loss:0.04347513119379679
Epoch:519, training loss:0.04370433961351713
Epoch:520, training loss:0.04393290852506956
----------------------------
Start validation ...
Validation error:0.0443962886929512
Save model checkpoints ... 
Save pial surface mesh ... 
Maximum allocated GPU memory: 4.71 GiB
Finish validation.
----------------------------
Epoch:521, training loss:0.04434444506963094
Epoch:522, training loss:0.04410650084416071
Epoch:523, training loss:0.043498256554206215
Epoch:524, training loss:0.04383082687854767
Epoch:525, training loss:0.043627236038446426
Epoch:526, training loss:0.044071264564991
Epoch:527, training loss:0.04370363677541415
Epoch:528, training loss:0.04341651995976766
Epoch:529, training loss:0.04324572657545408
Epoch:530, training loss:0.04339581479628881
----------------------------
Start validation ...
Validation error:0.04432971403002739
Save model checkpoints ... 
Save pial surface mesh ... 
Maximum allocated GPU memory: 4.71 GiB
Finish validation.
----------------------------
Epoch:531, training loss:0.04317299649119377
Epoch:532, training loss:0.04341354469458262
Epoch:533, training loss:0.04335202028354009
Epoch:534, training loss:0.043640503038962684
Epoch:535, training loss:0.04314024125536283
Epoch:536, training loss:0.04320111001531283
Epoch:537, training loss:0.042922784884770714
Epoch:538, training loss:0.043012216687202454
Epoch:539, training loss:0.04293696582317352
Epoch:540, training loss:0.04273848235607147
----------------------------
Start validation ...
Validation error:0.044545333832502365
Save model checkpoints ... 
Save pial surface mesh ... 
Maximum allocated GPU memory: 4.71 GiB
Finish validation.
----------------------------
Epoch:541, training loss:0.04283264527718226
Epoch:542, training loss:0.04304128636916479
Epoch:543, training loss:0.042650761703650154
Epoch:544, training loss:0.04265538354714712
Epoch:545, training loss:0.042815914998451866
Epoch:546, training loss:0.04266617322961489
Epoch:547, training loss:0.04299419249097506
Epoch:548, training loss:0.043378137052059174
Epoch:549, training loss:0.04285702481865883
Epoch:550, training loss:0.04299634322524071
----------------------------
Start validation ...
Validation error:0.04462062567472458
Save model checkpoints ... 
Save pial surface mesh ... 
Maximum allocated GPU memory: 4.71 GiB
Finish validation.
----------------------------
Epoch:551, training loss:0.0432950034737587
Epoch:552, training loss:0.04329511026541392
Epoch:553, training loss:0.04361139113704363
Epoch:554, training loss:0.043230827897787094
Epoch:555, training loss:0.04338350767890612
Epoch:556, training loss:0.04346297929684321
Epoch:557, training loss:0.042923844108978905
Epoch:558, training loss:0.04285644739866257
Epoch:559, training loss:0.04307474195957184
Epoch:560, training loss:0.04344013581673304
----------------------------
Start validation ...
Validation error:0.04546288400888443
Save model checkpoints ... 
Save pial surface mesh ... 
Maximum allocated GPU memory: 4.71 GiB
Finish validation.
----------------------------
Epoch:561, training loss:0.04421252633134524
Epoch:562, training loss:0.04336963966488838
Epoch:563, training loss:0.04320808003346125
Epoch:564, training loss:0.04298819974064827
Epoch:565, training loss:0.043295995642741524
Epoch:566, training loss:0.04364326720436414
Epoch:567, training loss:0.04369512821237246
Epoch:568, training loss:0.04302281389633814
Epoch:569, training loss:0.04293393592039744
Epoch:570, training loss:0.04289772237340609
----------------------------
Start validation ...
Validation error:0.04506026580929756
Save model checkpoints ... 
Save pial surface mesh ... 
Maximum allocated GPU memory: 4.71 GiB
Finish validation.
----------------------------
Epoch:571, training loss:0.04248483603199323
Epoch:572, training loss:0.04274305949608485
Epoch:573, training loss:0.042413814614216484
Epoch:574, training loss:0.04254561414321264
Epoch:575, training loss:0.04267327735821406
Epoch:576, training loss:0.04299783706665039
Epoch:577, training loss:0.04240226000547409
Epoch:578, training loss:0.04241757343212763
Epoch:579, training loss:0.04223703717192014
Epoch:580, training loss:0.04266404857238134
----------------------------
Start validation ...
Validation error:0.04415484517812729
Save model checkpoints ... 
Save pial surface mesh ... 
Maximum allocated GPU memory: 4.71 GiB
Finish validation.
----------------------------
Epoch:581, training loss:0.04220171396931013
Epoch:582, training loss:0.042200216402610145
Epoch:583, training loss:0.04217347006003062
Epoch:584, training loss:0.04231996089220047
Epoch:585, training loss:0.04254815230766932
Epoch:586, training loss:0.04275453835725784
Epoch:587, training loss:0.04305544992287954
Epoch:588, training loss:0.04264577974875768
Epoch:589, training loss:0.042619808266560234
Epoch:590, training loss:0.0423261821269989
----------------------------
Start validation ...
Validation error:0.04504343122243881
Save model checkpoints ... 
Save pial surface mesh ... 
Maximum allocated GPU memory: 4.71 GiB
Finish validation.
----------------------------
Epoch:591, training loss:0.04239152620236079
Epoch:592, training loss:0.0422294537226359
Epoch:593, training loss:0.04222453013062477
Epoch:594, training loss:0.04255673040946325
Epoch:595, training loss:0.0426166777809461
Epoch:596, training loss:0.042012723783651985
Epoch:597, training loss:0.04217621063192686
Epoch:598, training loss:0.041854349275430046
Epoch:599, training loss:0.041855634500583015
Epoch:600, training loss:0.04213958357771238
----------------------------
Start validation ...
Validation error:0.04390561580657959
Save model checkpoints ... 
Save pial surface mesh ... 
Maximum allocated GPU memory: 4.71 GiB
Finish validation.
----------------------------
Finish training.
----------------------------
D
CC
