aa
bb
Combination: -1, -1
Model location: /data/users2/washbee/websurf/cortexGNN/ckpts/model/lh/pialnn_model_lh_200epochs.pt
gnn: -1
layers: -1
eval.sh model is pialnn
----------------------------
Start loading dataset ...
numbers 100206
numbers 100307
numbers 100408
numbers 100610
Finish loading dataset. There are total 4 subjects.
----------------------------
Start loading model ...
Model is  PialNN
config.model_location /data/users2/washbee/websurf/cortexGNN/ckpts/model/lh/pialnn_model_lh_200epochs.pt
Finish loading model
----------------------------
Start evaluation ...
sub_id tensor([100307])
sub_id tensor([100610])
sub_id tensor([100408])
sub_id tensor([100206])
HD: Mean=0.8070013913147693, Std=0.06199122382751963
Finish evaluation.
----------------------------
CC
