aa
bb
Combination: 1, 3
Model location: /data/users2/washbee/websurf/cortexGNN/ckpts/model/lh/cortexGAT_GNNlayers3_mse_whitein_full_model_lh_200epochs.pt
gnn: 1
layers: 3
----------------------------
Start loading dataset ...
numbers 100206
numbers 100307
numbers 100408
numbers 100610
Finish loading dataset. There are total 4 subjects.
----------------------------
Start loading model ...
Model is CortexGNN
NLayerGAT 3
Finish loading model
----------------------------
Start evaluation ...
sub_id tensor([100307])
sub_id tensor([100206])
sub_id tensor([100408])
sub_id tensor([100610])
HD: Mean=0.6993177121783091, Std=0.030116133877653866
Finish evaluation.
----------------------------
CC
