aa
bb
Combination: 1, 4
Model location: /data/users2/washbee/websurf/cortexGNN/ckpts/model/lh/cortexGAT_GNNlayers4_mse_whitein_full_model_lh_200epochs.pt
gnn: 1
layers: 4
eval.sh model is a pialgnn
----------------------------
Start loading dataset ...
numbers 100206
numbers 100307
numbers 100408
numbers 100610
Finish loading dataset. There are total 4 subjects.
----------------------------
Start loading model ...
Model is CortexGNN
NLayerGAT 4
Finish loading model
----------------------------
Start evaluation ...
sub_id tensor([100408])
sub_id tensor([100206])
sub_id tensor([100307])
sub_id tensor([100610])
HD: Mean=0.6763581922421985, Std=0.03551106297840035
Finish evaluation.
----------------------------
CC
