aa
bb
Combination: 0, 2
A
B
C
lh training
gnn: 0
layers: 2
trainlh.sh model is a pialgnn
----------------------------
Start loading dataset ...
numbers 100206
numbers 100307
numbers 100408
numbers 100610
MSE
Finish loading dataset. There are total 4 subjects.
Training data length 3
Validation data length 1
scaling factor  0.1
----------------------------
Start loading model ...
Model is CortexGNN
NLayerGCN 2
NLayerGCN 2
Finish loading model
----------------------------
Start training 600 epochs ...
Epoch:0, training loss:0.9720280369122823
----------------------------
Start validation ...
Validation error:0.5055347681045532
Validation error:0.5055347681045532
New best model saved at epoch 0 with validation error 0.5055347681045532
Save model checkpoints ... 
Save pial surface mesh ... 
Maximum allocated GPU memory: 1.63 GiB
Finish validation.
----------------------------
Epoch:1, training loss:0.5678017338116964
Epoch:2, training loss:0.509998599688212
Epoch:3, training loss:0.29995524883270264
Epoch:4, training loss:0.2593836784362793
Epoch:5, training loss:0.24520058433214822
Epoch:6, training loss:0.17546828091144562
Epoch:7, training loss:0.15536229809125265
Epoch:8, training loss:0.15347384413083395
Epoch:9, training loss:0.12789321939150491
Epoch:10, training loss:0.11697939534982045
----------------------------
Start validation ...
Validation error:0.11162977665662766
Validation error:0.11162977665662766
New best model saved at epoch 10 with validation error 0.11162977665662766
Save model checkpoints ... 
Save pial surface mesh ... 
Maximum allocated GPU memory: 1.64 GiB
Finish validation.
----------------------------
Epoch:11, training loss:0.11579416940609615
Epoch:12, training loss:0.10460336754719417
Epoch:13, training loss:0.10034723828236262
Epoch:14, training loss:0.09917740275462468
Epoch:15, training loss:0.09416419764359792
Epoch:16, training loss:0.09334318588177364
Epoch:17, training loss:0.09106323619683583
Epoch:18, training loss:0.08830949912468593
Epoch:19, training loss:0.08791479965051015
Epoch:20, training loss:0.08574741085370381
----------------------------
Start validation ...
Validation error:0.0782293751835823
Validation error:0.0782293751835823
New best model saved at epoch 20 with validation error 0.0782293751835823
Save model checkpoints ... 
Save pial surface mesh ... 
Maximum allocated GPU memory: 1.64 GiB
Finish validation.
----------------------------
Epoch:21, training loss:0.08438768982887268
Epoch:22, training loss:0.08316028118133545
Epoch:23, training loss:0.08198689669370651
Epoch:24, training loss:0.08112103988726933
Epoch:25, training loss:0.0799262523651123
Epoch:26, training loss:0.0793415034810702
Epoch:27, training loss:0.07842534283796947
Epoch:28, training loss:0.07747987409432729
Epoch:29, training loss:0.07701474676529567
Epoch:30, training loss:0.07639431456724803
----------------------------
Start validation ...
Validation error:0.07023057341575623
Validation error:0.07023057341575623
New best model saved at epoch 30 with validation error 0.07023057341575623
Save model checkpoints ... 
Save pial surface mesh ... 
Maximum allocated GPU memory: 1.64 GiB
Finish validation.
----------------------------
Epoch:31, training loss:0.07587556044260661
Epoch:32, training loss:0.07517201205094655
Epoch:33, training loss:0.07466343541940053
Epoch:34, training loss:0.0741397961974144
Epoch:35, training loss:0.07370365659395854
Epoch:36, training loss:0.07328227410713832
Epoch:37, training loss:0.0727264607946078
Epoch:38, training loss:0.0724834327896436
Epoch:39, training loss:0.07201072325309117
Epoch:40, training loss:0.07167217632134755
----------------------------
Start validation ...
Validation error:0.06625759601593018
Validation error:0.06625759601593018
New best model saved at epoch 40 with validation error 0.06625759601593018
Save model checkpoints ... 
Save pial surface mesh ... 
Maximum allocated GPU memory: 1.64 GiB
Finish validation.
----------------------------
Epoch:41, training loss:0.07127233843008678
Epoch:42, training loss:0.07086504499117534
Epoch:43, training loss:0.07061423858006795
Epoch:44, training loss:0.07026533285776775
Epoch:45, training loss:0.07011935363213222
Epoch:46, training loss:0.06955930590629578
Epoch:47, training loss:0.06933109710613887
Epoch:48, training loss:0.06904822339614232
Epoch:49, training loss:0.06869695335626602
Epoch:50, training loss:0.06850013136863708
----------------------------
Start validation ...
Validation error:0.06350178271532059
Validation error:0.06350178271532059
New best model saved at epoch 50 with validation error 0.06350178271532059
Save model checkpoints ... 
Save pial surface mesh ... 
Maximum allocated GPU memory: 1.64 GiB
Finish validation.
----------------------------
Epoch:51, training loss:0.06840804715951283
Epoch:52, training loss:0.06809677928686142
Epoch:53, training loss:0.06785547981659572
Epoch:54, training loss:0.06769869476556778
Epoch:55, training loss:0.0671082300444444
Epoch:56, training loss:0.06727668022116025
Epoch:57, training loss:0.06724063555399577
Epoch:58, training loss:0.06709082424640656
Epoch:59, training loss:0.0665843387444814
Epoch:60, training loss:0.0663762738307317
----------------------------
Start validation ...
Validation error:0.06155680492520332
Validation error:0.06155680492520332
New best model saved at epoch 60 with validation error 0.06155680492520332
Save model checkpoints ... 
Save pial surface mesh ... 
Maximum allocated GPU memory: 1.64 GiB
Finish validation.
----------------------------
Epoch:61, training loss:0.06619205698370934
Epoch:62, training loss:0.0657941959798336
Epoch:63, training loss:0.06558492034673691
Epoch:64, training loss:0.06545405089855194
Epoch:65, training loss:0.06510549783706665
Epoch:66, training loss:0.06498364110787709
Epoch:67, training loss:0.06484487901131313
Epoch:68, training loss:0.06476647406816483
Epoch:69, training loss:0.06474836294849713
Epoch:70, training loss:0.06447811548908551
----------------------------
Start validation ...
Validation error:0.0598938874900341
Validation error:0.0598938874900341
New best model saved at epoch 70 with validation error 0.0598938874900341
Save model checkpoints ... 
Save pial surface mesh ... 
Maximum allocated GPU memory: 1.64 GiB
Finish validation.
----------------------------
Epoch:71, training loss:0.06426755214730899
Epoch:72, training loss:0.06410921240846316
Epoch:73, training loss:0.06418902923663457
Epoch:74, training loss:0.06377506131927173
Epoch:75, training loss:0.06386953592300415
Epoch:76, training loss:0.06337450196345647
Epoch:77, training loss:0.06323793654640515
Epoch:78, training loss:0.06322747220595677
Epoch:79, training loss:0.06314590200781822
Epoch:80, training loss:0.06272012864549954
----------------------------
Start validation ...
Validation error:0.05847425386309624
Validation error:0.05847425386309624
New best model saved at epoch 80 with validation error 0.05847425386309624
Save model checkpoints ... 
Save pial surface mesh ... 
Maximum allocated GPU memory: 1.64 GiB
Finish validation.
----------------------------
Epoch:81, training loss:0.06279301767547925
Epoch:82, training loss:0.06273197010159492
Epoch:83, training loss:0.06253040581941605
Epoch:84, training loss:0.06249724825223287
Epoch:85, training loss:0.062115764866272606
Epoch:86, training loss:0.06225193291902542
Epoch:87, training loss:0.06199327111244202
Epoch:88, training loss:0.06174753482143084
Epoch:89, training loss:0.06168051560719808
Epoch:90, training loss:0.06142375742395719
----------------------------
Start validation ...
Validation error:0.05721697956323624
Validation error:0.05721697956323624
New best model saved at epoch 90 with validation error 0.05721697956323624
Save model checkpoints ... 
Save pial surface mesh ... 
Maximum allocated GPU memory: 1.64 GiB
Finish validation.
----------------------------
Epoch:91, training loss:0.061477772891521454
Epoch:92, training loss:0.06147820254166921
Epoch:93, training loss:0.06111519287029902
Epoch:94, training loss:0.061069065084060035
Epoch:95, training loss:0.0609899548192819
Epoch:96, training loss:0.0609104298055172
Epoch:97, training loss:0.06068952257434527
Epoch:98, training loss:0.06051540623108546
Epoch:99, training loss:0.060310810804367065
Epoch:100, training loss:0.06027209386229515
----------------------------
Start validation ...
Validation error:0.05606646463274956
Validation error:0.05606646463274956
New best model saved at epoch 100 with validation error 0.05606646463274956
Save model checkpoints ... 
Save pial surface mesh ... 
Maximum allocated GPU memory: 1.64 GiB
Finish validation.
----------------------------
Epoch:101, training loss:0.060093507170677185
Epoch:102, training loss:0.06010194246967634
Epoch:103, training loss:0.06002446139852206
Epoch:104, training loss:0.05991518124938011
Epoch:105, training loss:0.05993674322962761
Epoch:106, training loss:0.05973228315512339
Epoch:107, training loss:0.05969839543104172
Epoch:108, training loss:0.059447240084409714
Epoch:109, training loss:0.059485637893279396
Epoch:110, training loss:0.05934910476207733
----------------------------
Start validation ...
Validation error:0.05538174882531166
Validation error:0.05538174882531166
New best model saved at epoch 110 with validation error 0.05538174882531166
Save model checkpoints ... 
Save pial surface mesh ... 
Maximum allocated GPU memory: 1.64 GiB
Finish validation.
----------------------------
Epoch:111, training loss:0.059493238727251686
Epoch:112, training loss:0.05910472820202509
Epoch:113, training loss:0.05908047159512838
Epoch:114, training loss:0.05909883106748263
Epoch:115, training loss:0.05876546601454417
Epoch:116, training loss:0.058637313544750214
Epoch:117, training loss:0.058794621378183365
Epoch:118, training loss:0.058422576636075974
Epoch:119, training loss:0.058535438030958176
Epoch:120, training loss:0.05867208416263262
----------------------------
Start validation ...
Validation error:0.054593946784734726
Validation error:0.054593946784734726
New best model saved at epoch 120 with validation error 0.054593946784734726
Save model checkpoints ... 
Save pial surface mesh ... 
Maximum allocated GPU memory: 1.64 GiB
Finish validation.
----------------------------
Epoch:121, training loss:0.058441018064816795
Epoch:122, training loss:0.05832617481549581
Epoch:123, training loss:0.05814062058925629
Epoch:124, training loss:0.05793095504244169
Epoch:125, training loss:0.058030009269714355
Epoch:126, training loss:0.05779490744074186
Epoch:127, training loss:0.05765425538023313
Epoch:128, training loss:0.05764467269182205
Epoch:129, training loss:0.05748662600914637
Epoch:130, training loss:0.057552095502614975
----------------------------
Start validation ...
Validation error:0.05373288691043854
Validation error:0.05373288691043854
New best model saved at epoch 130 with validation error 0.05373288691043854
Save model checkpoints ... 
Save pial surface mesh ... 
Maximum allocated GPU memory: 1.64 GiB
Finish validation.
----------------------------
Epoch:131, training loss:0.05769173055887222
Epoch:132, training loss:0.057866127540667854
Epoch:133, training loss:0.057567961513996124
Epoch:134, training loss:0.05740859235326449
Epoch:135, training loss:0.05724216625094414
Epoch:136, training loss:0.05715327709913254
Epoch:137, training loss:0.057433764139811196
Epoch:138, training loss:0.05703116829196612
Epoch:139, training loss:0.05702320113778114
Epoch:140, training loss:0.056820965061585106
----------------------------
Start validation ...
Validation error:0.0530678853392601
Validation error:0.0530678853392601
New best model saved at epoch 140 with validation error 0.0530678853392601
Save model checkpoints ... 
Save pial surface mesh ... 
Maximum allocated GPU memory: 1.64 GiB
Finish validation.
----------------------------
Epoch:141, training loss:0.05670932804544767
Epoch:142, training loss:0.056579610953728356
Epoch:143, training loss:0.05650700877110163
Epoch:144, training loss:0.056510601192712784
Epoch:145, training loss:0.056372836232185364
Epoch:146, training loss:0.05640121797720591
Epoch:147, training loss:0.05629081527392069
Epoch:148, training loss:0.05617433165510496
Epoch:149, training loss:0.05623512715101242
Epoch:150, training loss:0.05633105585972468
----------------------------
Start validation ...
Validation error:0.05259646102786064
Validation error:0.05259646102786064
New best model saved at epoch 150 with validation error 0.05259646102786064
Save model checkpoints ... 
Save pial surface mesh ... 
Maximum allocated GPU memory: 1.64 GiB
Finish validation.
----------------------------
Epoch:151, training loss:0.05643095448613167
Epoch:152, training loss:0.056305146465698876
Epoch:153, training loss:0.056551737089951835
Epoch:154, training loss:0.0567024809618791
Epoch:155, training loss:0.05663054312268893
Epoch:156, training loss:0.05624104912082354
Epoch:157, training loss:0.05588797107338905
Epoch:158, training loss:0.05591219042738279
Epoch:159, training loss:0.05573276554544767
Epoch:160, training loss:0.05606598034501076
----------------------------
Start validation ...
Validation error:0.0520755872130394
Validation error:0.0520755872130394
New best model saved at epoch 160 with validation error 0.0520755872130394
Save model checkpoints ... 
Save pial surface mesh ... 
Maximum allocated GPU memory: 1.64 GiB
Finish validation.
----------------------------
Epoch:161, training loss:0.05631306270758311
Epoch:162, training loss:0.05598583569129308
Epoch:163, training loss:0.05624739204843839
Epoch:164, training loss:0.05587212865551313
Epoch:165, training loss:0.0559042493502299
Epoch:166, training loss:0.05563553795218468
Epoch:167, training loss:0.05538106585542361
Epoch:168, training loss:0.055265831450621285
Epoch:169, training loss:0.05513616775472959
Epoch:170, training loss:0.05491886908809344
----------------------------
Start validation ...
Validation error:0.051769405603408813
Validation error:0.051769405603408813
New best model saved at epoch 170 with validation error 0.051769405603408813
Save model checkpoints ... 
Save pial surface mesh ... 
Maximum allocated GPU memory: 1.64 GiB
Finish validation.
----------------------------
Epoch:171, training loss:0.05502487967411677
Epoch:172, training loss:0.05485885217785835
Epoch:173, training loss:0.05473398541410764
Epoch:174, training loss:0.054847377041975655
Epoch:175, training loss:0.05479876324534416
Epoch:176, training loss:0.05466856434941292
Epoch:177, training loss:0.05457211037476858
Epoch:178, training loss:0.0547025129199028
Epoch:179, training loss:0.05436308061083158
Epoch:180, training loss:0.05452485382556915
----------------------------
Start validation ...
Validation error:0.05137676000595093
Validation error:0.05137676000595093
New best model saved at epoch 180 with validation error 0.05137676000595093
Save model checkpoints ... 
Save pial surface mesh ... 
Maximum allocated GPU memory: 1.64 GiB
Finish validation.
----------------------------
Epoch:181, training loss:0.05484271670381228
Epoch:182, training loss:0.05495433881878853
Epoch:183, training loss:0.0552540123462677
Epoch:184, training loss:0.05457198495666186
Epoch:185, training loss:0.05464699988563856
Epoch:186, training loss:0.05439543848236402
Epoch:187, training loss:0.05425067494312922
Epoch:188, training loss:0.054096667716900505
Epoch:189, training loss:0.05415419861674309
Epoch:190, training loss:0.05394735187292099
----------------------------
Start validation ...
Validation error:0.05090764909982681
Validation error:0.05090764909982681
New best model saved at epoch 190 with validation error 0.05090764909982681
Save model checkpoints ... 
Save pial surface mesh ... 
Maximum allocated GPU memory: 1.64 GiB
Finish validation.
----------------------------
Epoch:191, training loss:0.05385997022191683
Epoch:192, training loss:0.05389035244782766
Epoch:193, training loss:0.05400090912977854
Epoch:194, training loss:0.053992219269275665
Epoch:195, training loss:0.05382915213704109
Epoch:196, training loss:0.053931781401236854
Epoch:197, training loss:0.05431867390871048
Epoch:198, training loss:0.054429209480683007
Epoch:199, training loss:0.05380405361453692
Epoch:200, training loss:0.05401852975289027
----------------------------
Start validation ...
Validation error:0.050803594291210175
Validation error:0.050803594291210175
New best model saved at epoch 200 with validation error 0.050803594291210175
Save model checkpoints ... 
Save pial surface mesh ... 
Maximum allocated GPU memory: 1.64 GiB
Finish validation.
----------------------------
Epoch:201, training loss:0.05415681377053261
Epoch:202, training loss:0.053708966821432114
Epoch:203, training loss:0.0536688802142938
Epoch:204, training loss:0.053837139159440994
Epoch:205, training loss:0.05393740410606066
Epoch:206, training loss:0.054099063078562416
Epoch:207, training loss:0.0537724494934082
Epoch:208, training loss:0.05412522703409195
Epoch:209, training loss:0.05402645468711853
Epoch:210, training loss:0.053845113764206566
----------------------------
Start validation ...
Validation error:0.05104294791817665
Validation error:0.05104294791817665
Save model checkpoints ... 
Save pial surface mesh ... 
Maximum allocated GPU memory: 1.64 GiB
Finish validation.
----------------------------
Epoch:211, training loss:0.05394815653562546
Epoch:212, training loss:0.053611682107051216
Epoch:213, training loss:0.05342492088675499
Epoch:214, training loss:0.05324143047134081
Epoch:215, training loss:0.053196437656879425
Epoch:216, training loss:0.05318305020531019
Epoch:217, training loss:0.05305833990375201
Epoch:218, training loss:0.05299794922272364
Epoch:219, training loss:0.052941380689541497
Epoch:220, training loss:0.053018863002459206
----------------------------
Start validation ...
Validation error:0.04989073425531387
Validation error:0.04989073425531387
New best model saved at epoch 220 with validation error 0.04989073425531387
Save model checkpoints ... 
Save pial surface mesh ... 
Maximum allocated GPU memory: 1.64 GiB
Finish validation.
----------------------------
Epoch:221, training loss:0.0531196358303229
Epoch:222, training loss:0.05289844051003456
Epoch:223, training loss:0.05283504848678907
Epoch:224, training loss:0.05285396551092466
Epoch:225, training loss:0.052687011659145355
Epoch:226, training loss:0.0527804804344972
Epoch:227, training loss:0.053033595283826195
Epoch:228, training loss:0.05287519842386246
Epoch:229, training loss:0.05309614290793737
Epoch:230, training loss:0.05295388648907343
----------------------------
Start validation ...
Validation error:0.05005190148949623
Validation error:0.05005190148949623
Save model checkpoints ... 
Save pial surface mesh ... 
Maximum allocated GPU memory: 1.64 GiB
Finish validation.
----------------------------
Epoch:231, training loss:0.05279353385170301
Epoch:232, training loss:0.05262364571293195
Epoch:233, training loss:0.052600896606842674
Epoch:234, training loss:0.05265783021847407
Epoch:235, training loss:0.05216762671868006
Epoch:236, training loss:0.05248352885246277
Epoch:237, training loss:0.05232447385787964
Epoch:238, training loss:0.052147332578897476
Epoch:239, training loss:0.05226766690611839
Epoch:240, training loss:0.052297266821066536
----------------------------
Start validation ...
Validation error:0.04942525550723076
Validation error:0.04942525550723076
New best model saved at epoch 240 with validation error 0.04942525550723076
Save model checkpoints ... 
Save pial surface mesh ... 
Maximum allocated GPU memory: 1.64 GiB
Finish validation.
----------------------------
Epoch:241, training loss:0.05233789856235186
Epoch:242, training loss:0.052300446977217994
Epoch:243, training loss:0.05237059791882833
Epoch:244, training loss:0.051846509178479515
Epoch:245, training loss:0.05212246626615524
Epoch:246, training loss:0.05180868258078893
Epoch:247, training loss:0.05192793036500613
Epoch:248, training loss:0.0518424945573012
Epoch:249, training loss:0.051879302908976875
Epoch:250, training loss:0.052086240301529564
----------------------------
Start validation ...
Validation error:0.04923763871192932
Validation error:0.04923763871192932
New best model saved at epoch 250 with validation error 0.04923763871192932
Save model checkpoints ... 
Save pial surface mesh ... 
Maximum allocated GPU memory: 1.64 GiB
Finish validation.
----------------------------
Epoch:251, training loss:0.0522911511361599
Epoch:252, training loss:0.05211562539140383
Epoch:253, training loss:0.052395254373550415
Epoch:254, training loss:0.05214657261967659
Epoch:255, training loss:0.052191165586312614
Epoch:256, training loss:0.0523082601527373
Epoch:257, training loss:0.0518484910329183
Epoch:258, training loss:0.05201832950115204
Epoch:259, training loss:0.05141199007630348
Epoch:260, training loss:0.05150037879745165
----------------------------
Start validation ...
Validation error:0.04902511462569237
Validation error:0.04902511462569237
New best model saved at epoch 260 with validation error 0.04902511462569237
Save model checkpoints ... 
Save pial surface mesh ... 
Maximum allocated GPU memory: 1.64 GiB
Finish validation.
----------------------------
Epoch:261, training loss:0.051744832346836724
Epoch:262, training loss:0.05164537330468496
Epoch:263, training loss:0.051504009713729225
Epoch:264, training loss:0.05148437122503916
Epoch:265, training loss:0.05156710868080457
Epoch:266, training loss:0.05162115519245466
Epoch:267, training loss:0.051300544291734695
Epoch:268, training loss:0.05127562706669172
Epoch:269, training loss:0.051334851731856666
Epoch:270, training loss:0.05135905866821607
----------------------------
Start validation ...
Validation error:0.04873878136277199
Validation error:0.04873878136277199
New best model saved at epoch 270 with validation error 0.04873878136277199
Save model checkpoints ... 
Save pial surface mesh ... 
Maximum allocated GPU memory: 1.64 GiB
Finish validation.
----------------------------
Epoch:271, training loss:0.0512287492553393
Epoch:272, training loss:0.051175096382697426
Epoch:273, training loss:0.05102601150671641
Epoch:274, training loss:0.0511807364722093
Epoch:275, training loss:0.05109444260597229
Epoch:276, training loss:0.05102928355336189
Epoch:277, training loss:0.05102777232726415
Epoch:278, training loss:0.051089836905399956
Epoch:279, training loss:0.051038626581430435
Epoch:280, training loss:0.05107026050488154
----------------------------
Start validation ...
Validation error:0.04863232374191284
Validation error:0.04863232374191284
New best model saved at epoch 280 with validation error 0.04863232374191284
Save model checkpoints ... 
Save pial surface mesh ... 
Maximum allocated GPU memory: 1.64 GiB
Finish validation.
----------------------------
Epoch:281, training loss:0.05102278788884481
Epoch:282, training loss:0.050932137916485466
Epoch:283, training loss:0.050976073990265526
Epoch:284, training loss:0.05084216222167015
Epoch:285, training loss:0.05076920613646507
Epoch:286, training loss:0.05080863336722056
Epoch:287, training loss:0.050782653192679085
Epoch:288, training loss:0.05084783708055814
Epoch:289, training loss:0.0510989266137282
Epoch:290, training loss:0.05073371032873789
----------------------------
Start validation ...
Validation error:0.04881979152560234
Validation error:0.04881979152560234
Save model checkpoints ... 
Save pial surface mesh ... 
Maximum allocated GPU memory: 1.64 GiB
Finish validation.
----------------------------
Epoch:291, training loss:0.05087743699550629
Epoch:292, training loss:0.05069322759906451
Epoch:293, training loss:0.05066319927573204
Epoch:294, training loss:0.05052864924073219
Epoch:295, training loss:0.05063827460010847
Epoch:296, training loss:0.0506344735622406
Epoch:297, training loss:0.050490730752547584
Epoch:298, training loss:0.05049925918380419
Epoch:299, training loss:0.05043090755740801
Epoch:300, training loss:0.05045893291632334
----------------------------
Start validation ...
Validation error:0.04800024256110191
Validation error:0.04800024256110191
New best model saved at epoch 300 with validation error 0.04800024256110191
Save model checkpoints ... 
Save pial surface mesh ... 
Maximum allocated GPU memory: 1.64 GiB
Finish validation.
----------------------------
Epoch:301, training loss:0.050199415534734726
Epoch:302, training loss:0.050410217295090355
Epoch:303, training loss:0.0502436508735021
Epoch:304, training loss:0.05021744718154272
Epoch:305, training loss:0.05020709211627642
Epoch:306, training loss:0.05018874009450277
Epoch:307, training loss:0.05014236271381378
Epoch:308, training loss:0.050313547253608704
Epoch:309, training loss:0.05008776237567266
Epoch:310, training loss:0.05003080889582634
----------------------------
Start validation ...
Validation error:0.04793720692396164
Validation error:0.04793720692396164
New best model saved at epoch 310 with validation error 0.04793720692396164
Save model checkpoints ... 
Save pial surface mesh ... 
Maximum allocated GPU memory: 1.64 GiB
Finish validation.
----------------------------
Epoch:311, training loss:0.050136759877204895
Epoch:312, training loss:0.05010470747947693
Epoch:313, training loss:0.04995072881380717
Epoch:314, training loss:0.049906941751639046
Epoch:315, training loss:0.050127025693655014
Epoch:316, training loss:0.04994486396511396
Epoch:317, training loss:0.05023061732451121
Epoch:318, training loss:0.050299011170864105
Epoch:319, training loss:0.050255175679922104
Epoch:320, training loss:0.05043978119889895
----------------------------
Start validation ...
Validation error:0.04823334515094757
Validation error:0.04823334515094757
Save model checkpoints ... 
Save pial surface mesh ... 
Maximum allocated GPU memory: 1.64 GiB
Finish validation.
----------------------------
Epoch:321, training loss:0.05070876702666283
Epoch:322, training loss:0.05028040582935015
Epoch:323, training loss:0.05024606982866923
Epoch:324, training loss:0.05041242018342018
Epoch:325, training loss:0.049871571362018585
Epoch:326, training loss:0.05030787860353788
Epoch:327, training loss:0.050222533444563545
Epoch:328, training loss:0.049759916961193085
Epoch:329, training loss:0.04975855971376101
Epoch:330, training loss:0.04969368502497673
----------------------------
Start validation ...
Validation error:0.04747174680233002
Validation error:0.04747174680233002
New best model saved at epoch 330 with validation error 0.04747174680233002
Save model checkpoints ... 
Save pial surface mesh ... 
Maximum allocated GPU memory: 1.64 GiB
Finish validation.
----------------------------
Epoch:331, training loss:0.04991378386815389
Epoch:332, training loss:0.05018605788548788
Epoch:333, training loss:0.04977285861968994
Epoch:334, training loss:0.049923730393250786
Epoch:335, training loss:0.049648591627677284
Epoch:336, training loss:0.04977807650963465
Epoch:337, training loss:0.049609104792277016
Epoch:338, training loss:0.04979788511991501
Epoch:339, training loss:0.049995582550764084
Epoch:340, training loss:0.04984695961078008
----------------------------
Start validation ...
Validation error:0.048372671008110046
Validation error:0.048372671008110046
Save model checkpoints ... 
Save pial surface mesh ... 
Maximum allocated GPU memory: 1.64 GiB
Finish validation.
----------------------------
Epoch:341, training loss:0.04976196959614754
Epoch:342, training loss:0.04991715028882027
Epoch:343, training loss:0.05005643889307976
Epoch:344, training loss:0.04977437977989515
Epoch:345, training loss:0.04944838583469391
Epoch:346, training loss:0.04946505526701609
Epoch:347, training loss:0.049426015466451645
Epoch:348, training loss:0.04925235236684481
Epoch:349, training loss:0.04926145697633425
Epoch:350, training loss:0.049345314502716064
----------------------------
Start validation ...
Validation error:0.047138746827840805
Validation error:0.047138746827840805
New best model saved at epoch 350 with validation error 0.047138746827840805
Save model checkpoints ... 
Save pial surface mesh ... 
Maximum allocated GPU memory: 1.64 GiB
Finish validation.
----------------------------
Epoch:351, training loss:0.04916376248002052
Epoch:352, training loss:0.049142484863599144
Epoch:353, training loss:0.049090263744195305
Epoch:354, training loss:0.0492595781882604
Epoch:355, training loss:0.04922295113404592
Epoch:356, training loss:0.0492044190565745
Epoch:357, training loss:0.048986426244179405
Epoch:358, training loss:0.04911402488748232
Epoch:359, training loss:0.04898835594455401
Epoch:360, training loss:0.04914932077129682
----------------------------
Start validation ...
Validation error:0.046951159834861755
Validation error:0.046951159834861755
New best model saved at epoch 360 with validation error 0.046951159834861755
Save model checkpoints ... 
Save pial surface mesh ... 
Maximum allocated GPU memory: 1.64 GiB
Finish validation.
----------------------------
Epoch:361, training loss:0.04894927516579628
Epoch:362, training loss:0.04883208001653353
Epoch:363, training loss:0.04895759622255961
Epoch:364, training loss:0.049098716427882515
Epoch:365, training loss:0.0487333374718825
Epoch:366, training loss:0.04882656534512838
Epoch:367, training loss:0.04872114832202593
Epoch:368, training loss:0.04869004338979721
Epoch:369, training loss:0.04864941040674845
Epoch:370, training loss:0.048587530851364136
----------------------------
Start validation ...
Validation error:0.04690195992588997
Validation error:0.04690195992588997
New best model saved at epoch 370 with validation error 0.04690195992588997
Save model checkpoints ... 
Save pial surface mesh ... 
Maximum allocated GPU memory: 1.64 GiB
Finish validation.
----------------------------
Epoch:371, training loss:0.04874512429038683
Epoch:372, training loss:0.0491977222263813
Epoch:373, training loss:0.04932286590337753
Epoch:374, training loss:0.04906360556681951
Epoch:375, training loss:0.048792565862337746
Epoch:376, training loss:0.04860632618268331
Epoch:377, training loss:0.04856011395653089
Epoch:378, training loss:0.04852764680981636
Epoch:379, training loss:0.04854566355546316
Epoch:380, training loss:0.04853947709004084
----------------------------
Start validation ...
Validation error:0.04695301502943039
Validation error:0.04695301502943039
Save model checkpoints ... 
Save pial surface mesh ... 
Maximum allocated GPU memory: 1.64 GiB
Finish validation.
----------------------------
Epoch:381, training loss:0.048502971728642784
Epoch:382, training loss:0.048383803417285286
Epoch:383, training loss:0.048608891665935516
Epoch:384, training loss:0.04905483002463976
Epoch:385, training loss:0.04927662511666616
Epoch:386, training loss:0.04898716260989507
Epoch:387, training loss:0.04935981581608454
Epoch:388, training loss:0.048920935640732445
Epoch:389, training loss:0.04859456171592077
Epoch:390, training loss:0.04856065288186073
----------------------------
Start validation ...
Validation error:0.047300662845373154
Validation error:0.047300662845373154
Save model checkpoints ... 
Save pial surface mesh ... 
Maximum allocated GPU memory: 1.64 GiB
Finish validation.
----------------------------
Epoch:391, training loss:0.04875434190034866
Epoch:392, training loss:0.04908917720119158
Epoch:393, training loss:0.04906474674741427
Epoch:394, training loss:0.048662995298703514
Epoch:395, training loss:0.04833069940408071
Epoch:396, training loss:0.048562819759051
Epoch:397, training loss:0.048258453607559204
Epoch:398, training loss:0.04819163680076599
Epoch:399, training loss:0.04820294802387556
Epoch:400, training loss:0.04825923591852188
----------------------------
Start validation ...
Validation error:0.046361688524484634
Validation error:0.046361688524484634
New best model saved at epoch 400 with validation error 0.046361688524484634
Save model checkpoints ... 
Save pial surface mesh ... 
Maximum allocated GPU memory: 1.64 GiB
Finish validation.
----------------------------
Epoch:401, training loss:0.04792608072360357
Epoch:402, training loss:0.04814292366305987
Epoch:403, training loss:0.04806668311357498
Epoch:404, training loss:0.047961526860793434
Epoch:405, training loss:0.048117175698280334
Epoch:406, training loss:0.04782361537218094
Epoch:407, training loss:0.04792759691675504
Epoch:408, training loss:0.04801697904864947
Epoch:409, training loss:0.04821803296605746
Epoch:410, training loss:0.04864085093140602
----------------------------
Start validation ...
Validation error:0.04651886597275734
Validation error:0.04651886597275734
Save model checkpoints ... 
Save pial surface mesh ... 
Maximum allocated GPU memory: 1.64 GiB
Finish validation.
----------------------------
Epoch:411, training loss:0.048958620677391686
Epoch:412, training loss:0.04879305139183998
Epoch:413, training loss:0.04836573203404745
Epoch:414, training loss:0.04800285895665487
Epoch:415, training loss:0.04820533096790314
Epoch:416, training loss:0.04779555896917979
Epoch:417, training loss:0.04772817840178808
Epoch:418, training loss:0.04784712940454483
Epoch:419, training loss:0.048385120928287506
Epoch:420, training loss:0.04859338576594988
----------------------------
Start validation ...
Validation error:0.04692378267645836
Validation error:0.04692378267645836
Save model checkpoints ... 
Save pial surface mesh ... 
Maximum allocated GPU memory: 1.64 GiB
Finish validation.
----------------------------
Epoch:421, training loss:0.048550685246785484
Epoch:422, training loss:0.04865580300490061
Epoch:423, training loss:0.048547353595495224
Epoch:424, training loss:0.048422522842884064
Epoch:425, training loss:0.04824367165565491
Epoch:426, training loss:0.04821547865867615
Epoch:427, training loss:0.0483059398829937
Epoch:428, training loss:0.04847676927844683
Epoch:429, training loss:0.048214979469776154
Epoch:430, training loss:0.04813682412107786
----------------------------
Start validation ...
Validation error:0.04616986960172653
Validation error:0.04616986960172653
New best model saved at epoch 430 with validation error 0.04616986960172653
Save model checkpoints ... 
Save pial surface mesh ... 
Maximum allocated GPU memory: 1.64 GiB
Finish validation.
----------------------------
Epoch:431, training loss:0.04764967908461889
Epoch:432, training loss:0.04757852852344513
Epoch:433, training loss:0.047394255797068276
Epoch:434, training loss:0.04740719497203827
Epoch:435, training loss:0.047469161450862885
Epoch:436, training loss:0.047344094763199486
Epoch:437, training loss:0.04755793636043867
Epoch:438, training loss:0.047272381683190666
Epoch:439, training loss:0.04729662090539932
Epoch:440, training loss:0.047410195072491966
----------------------------
Start validation ...
Validation error:0.04590699076652527
Validation error:0.04590699076652527
New best model saved at epoch 440 with validation error 0.04590699076652527
Save model checkpoints ... 
Save pial surface mesh ... 
Maximum allocated GPU memory: 1.64 GiB
Finish validation.
----------------------------
Epoch:441, training loss:0.047352892657121025
Epoch:442, training loss:0.04732811699310938
Epoch:443, training loss:0.04719517628351847
Epoch:444, training loss:0.04734868059555689
Epoch:445, training loss:0.04726028690735499
Epoch:446, training loss:0.04740415265162786
Epoch:447, training loss:0.04724275320768356
Epoch:448, training loss:0.04734602322181066
Epoch:449, training loss:0.04719871779282888
Epoch:450, training loss:0.04719033092260361
----------------------------
Start validation ...
Validation error:0.045807186514139175
Validation error:0.045807186514139175
New best model saved at epoch 450 with validation error 0.045807186514139175
Save model checkpoints ... 
Save pial surface mesh ... 
Maximum allocated GPU memory: 1.64 GiB
Finish validation.
----------------------------
Epoch:451, training loss:0.04706913853685061
Epoch:452, training loss:0.04719884196917216
Epoch:453, training loss:0.047008659690618515
Epoch:454, training loss:0.04706454277038574
Epoch:455, training loss:0.04728969310720762
Epoch:456, training loss:0.047383284817139305
Epoch:457, training loss:0.047664444893598557
Epoch:458, training loss:0.04823972408970197
Epoch:459, training loss:0.04813870663444201
Epoch:460, training loss:0.04743425672252973
----------------------------
Start validation ...
Validation error:0.04574350640177727
Validation error:0.04574350640177727
New best model saved at epoch 460 with validation error 0.04574350640177727
Save model checkpoints ... 
Save pial surface mesh ... 
Maximum allocated GPU memory: 1.64 GiB
Finish validation.
----------------------------
Epoch:461, training loss:0.04728625466426214
Epoch:462, training loss:0.04709514106313387
Epoch:463, training loss:0.047044980029265084
Epoch:464, training loss:0.047204638520876564
Epoch:465, training loss:0.0473204143345356
Epoch:466, training loss:0.04683089256286621
Epoch:467, training loss:0.04678972810506821
Epoch:468, training loss:0.046804734816153847
Epoch:469, training loss:0.04693488279978434
Epoch:470, training loss:0.04705811540285746
----------------------------
Start validation ...
Validation error:0.045489002019166946
Validation error:0.045489002019166946
New best model saved at epoch 470 with validation error 0.045489002019166946
Save model checkpoints ... 
Save pial surface mesh ... 
Maximum allocated GPU memory: 1.64 GiB
Finish validation.
----------------------------
Epoch:471, training loss:0.04704474161068598
Epoch:472, training loss:0.04698808242877325
Epoch:473, training loss:0.04675079012910525
Epoch:474, training loss:0.04690634335080782
Epoch:475, training loss:0.04689274231592814
Epoch:476, training loss:0.046694524586200714
Epoch:477, training loss:0.046720379342635475
Epoch:478, training loss:0.04680852467815081
Epoch:479, training loss:0.04690225298206011
Epoch:480, training loss:0.046549068142970405
----------------------------
Start validation ...
Validation error:0.045531317591667175
Validation error:0.045531317591667175
Save model checkpoints ... 
Save pial surface mesh ... 
Maximum allocated GPU memory: 1.64 GiB
Finish validation.
----------------------------
Epoch:481, training loss:0.04661934326092402
Epoch:482, training loss:0.04688944295048714
Epoch:483, training loss:0.04663380111257235
Epoch:484, training loss:0.046788621693849564
Epoch:485, training loss:0.046681774159272514
Epoch:486, training loss:0.04680610944827398
Epoch:487, training loss:0.04701281959811846
Epoch:488, training loss:0.04670340443650881
Epoch:489, training loss:0.046661460151275
Epoch:490, training loss:0.046503935009241104
----------------------------
Start validation ...
Validation error:0.045291051268577576
Validation error:0.045291051268577576
New best model saved at epoch 490 with validation error 0.045291051268577576
Save model checkpoints ... 
Save pial surface mesh ... 
Maximum allocated GPU memory: 1.64 GiB
Finish validation.
----------------------------
Epoch:491, training loss:0.046392619609832764
Epoch:492, training loss:0.046506198743979134
Epoch:493, training loss:0.04656944920619329
Epoch:494, training loss:0.046530961990356445
Epoch:495, training loss:0.04641920576492945
Epoch:496, training loss:0.04666545242071152
Epoch:497, training loss:0.04656949390967687
Epoch:498, training loss:0.04634824643532435
Epoch:499, training loss:0.04656115919351578
Epoch:500, training loss:0.046449292451143265
----------------------------
Start validation ...
Validation error:0.04539496451616287
Validation error:0.04539496451616287
Save model checkpoints ... 
Save pial surface mesh ... 
Maximum allocated GPU memory: 1.64 GiB
Finish validation.
----------------------------
Epoch:501, training loss:0.046579767018556595
Epoch:502, training loss:0.046475932002067566
Epoch:503, training loss:0.0466471662123998
Epoch:504, training loss:0.04663243765632311
Epoch:505, training loss:0.046340850492318474
Epoch:506, training loss:0.046236954629421234
Epoch:507, training loss:0.04617973417043686
Epoch:508, training loss:0.04628641034166018
Epoch:509, training loss:0.04624756922324499
Epoch:510, training loss:0.0462934635579586
----------------------------
Start validation ...
Validation error:0.04502918943762779
Validation error:0.04502918943762779
New best model saved at epoch 510 with validation error 0.04502918943762779
Save model checkpoints ... 
Save pial surface mesh ... 
Maximum allocated GPU memory: 1.64 GiB
Finish validation.
----------------------------
Epoch:511, training loss:0.046078670769929886
Epoch:512, training loss:0.0460754819214344
Epoch:513, training loss:0.046074677258729935
Epoch:514, training loss:0.04625340302785238
Epoch:515, training loss:0.046052018801371254
Epoch:516, training loss:0.046071826169888176
Epoch:517, training loss:0.04601632555325826
Epoch:518, training loss:0.045961433400710426
Epoch:519, training loss:0.046035936723152794
Epoch:520, training loss:0.04603148624300957
----------------------------
Start validation ...
Validation error:0.04523402824997902
Validation error:0.04523402824997902
Save model checkpoints ... 
Save pial surface mesh ... 
Maximum allocated GPU memory: 1.64 GiB
Finish validation.
----------------------------
Epoch:521, training loss:0.04632395381728808
Epoch:522, training loss:0.046221595257520676
Epoch:523, training loss:0.04611205433805784
Epoch:524, training loss:0.04601760456959406
Epoch:525, training loss:0.045940869798262916
Epoch:526, training loss:0.04608591149250666
Epoch:527, training loss:0.045891584207614265
Epoch:528, training loss:0.04623793934782346
Epoch:529, training loss:0.04607027769088745
Epoch:530, training loss:0.046398524194955826
----------------------------
Start validation ...
Validation error:0.04532778263092041
Validation error:0.04532778263092041
Save model checkpoints ... 
Save pial surface mesh ... 
Maximum allocated GPU memory: 1.64 GiB
Finish validation.
----------------------------
Epoch:531, training loss:0.046810343861579895
Epoch:532, training loss:0.04695406804482142
Epoch:533, training loss:0.046691485991080604
Epoch:534, training loss:0.04614743714531263
Epoch:535, training loss:0.04588407650589943
Epoch:536, training loss:0.0459631842871507
Epoch:537, training loss:0.04601174841324488
Epoch:538, training loss:0.04618080332875252
Epoch:539, training loss:0.04615459963679314
Epoch:540, training loss:0.0467371866106987
----------------------------
Start validation ...
Validation error:0.045318201184272766
Validation error:0.045318201184272766
Save model checkpoints ... 
Save pial surface mesh ... 
Maximum allocated GPU memory: 1.64 GiB
Finish validation.
----------------------------
Epoch:541, training loss:0.046477840592463814
Epoch:542, training loss:0.04618594919641813
Epoch:543, training loss:0.04574217523137728
Epoch:544, training loss:0.04566372434298197
Epoch:545, training loss:0.04601996267835299
Epoch:546, training loss:0.045735287169615425
Epoch:547, training loss:0.0461148110528787
Epoch:548, training loss:0.04556982840100924
Epoch:549, training loss:0.0454776423672835
Epoch:550, training loss:0.04569807151953379
----------------------------
Start validation ...
Validation error:0.044742148369550705
Validation error:0.044742148369550705
New best model saved at epoch 550 with validation error 0.044742148369550705
Save model checkpoints ... 
Save pial surface mesh ... 
Maximum allocated GPU memory: 1.64 GiB
Finish validation.
----------------------------
Epoch:551, training loss:0.045656287421782814
Epoch:552, training loss:0.045558600376049675
Epoch:553, training loss:0.04578928525249163
Epoch:554, training loss:0.04568890482187271
Epoch:555, training loss:0.04599793627858162
Epoch:556, training loss:0.04584911713997523
Epoch:557, training loss:0.04605370139082273
Epoch:558, training loss:0.04563930879036585
Epoch:559, training loss:0.04585636779665947
Epoch:560, training loss:0.04559523984789848
----------------------------
Start validation ...
Validation error:0.04455025494098663
Validation error:0.04455025494098663
New best model saved at epoch 560 with validation error 0.04455025494098663
Save model checkpoints ... 
Save pial surface mesh ... 
Maximum allocated GPU memory: 1.64 GiB
Finish validation.
----------------------------
Epoch:561, training loss:0.04550905153155327
Epoch:562, training loss:0.04552867884437243
Epoch:563, training loss:0.04525390391548475
Epoch:564, training loss:0.04543899744749069
Epoch:565, training loss:0.04567423090338707
Epoch:566, training loss:0.045933532218138375
Epoch:567, training loss:0.04591559370358785
Epoch:568, training loss:0.04572314148147901
Epoch:569, training loss:0.04591469342509905
Epoch:570, training loss:0.04578059042493502
----------------------------
Start validation ...
Validation error:0.04451083391904831
Validation error:0.04451083391904831
New best model saved at epoch 570 with validation error 0.04451083391904831
Save model checkpoints ... 
Save pial surface mesh ... 
Maximum allocated GPU memory: 1.64 GiB
Finish validation.
----------------------------
Epoch:571, training loss:0.04595279569427172
Epoch:572, training loss:0.0457781491180261
Epoch:573, training loss:0.04586647326747576
Epoch:574, training loss:0.04542682568232218
Epoch:575, training loss:0.04512774323423704
Epoch:576, training loss:0.04566594089070956
Epoch:577, training loss:0.04535211871067683
Epoch:578, training loss:0.04508270571629206
Epoch:579, training loss:0.04496213297049204
Epoch:580, training loss:0.04526778062184652
----------------------------
Start validation ...
Validation error:0.044388048350811005
Validation error:0.044388048350811005
New best model saved at epoch 580 with validation error 0.044388048350811005
Save model checkpoints ... 
Save pial surface mesh ... 
Maximum allocated GPU memory: 1.64 GiB
Finish validation.
----------------------------
Epoch:581, training loss:0.045289418349663414
Epoch:582, training loss:0.04516593491037687
Epoch:583, training loss:0.045025051881869636
Epoch:584, training loss:0.04517614593108495
Epoch:585, training loss:0.04520526652534803
Epoch:586, training loss:0.045137892166773476
Epoch:587, training loss:0.0453434574107329
Epoch:588, training loss:0.04535345360636711
Epoch:589, training loss:0.045165274292230606
Epoch:590, training loss:0.04512562726934751
----------------------------
Start validation ...
Validation error:0.04444824904203415
Validation error:0.04444824904203415
Save model checkpoints ... 
Save pial surface mesh ... 
Maximum allocated GPU memory: 1.64 GiB
Finish validation.
----------------------------
Epoch:591, training loss:0.04492015143235525
Epoch:592, training loss:0.044929945220549904
Epoch:593, training loss:0.04520384222269058
Epoch:594, training loss:0.0454203300178051
Epoch:595, training loss:0.045425081004699074
Epoch:596, training loss:0.045064824322859444
Epoch:597, training loss:0.04508626088500023
Epoch:598, training loss:0.04543305809299151
Epoch:599, training loss:0.04569031546513239
Epoch:600, training loss:0.04568737124403318
----------------------------
Start validation ...
Validation error:0.04495587944984436
Validation error:0.04495587944984436
Save model checkpoints ... 
Save pial surface mesh ... 
Maximum allocated GPU memory: 1.64 GiB
Finish validation.
----------------------------
Finish training.
----------------------------
D
CC
