aa
bb
Combination: -1, 2
A
B
C
lh training
gnn: -1
layers: 2
trainlh.sh model is pialnn
----------------------------
Start loading dataset ...
numbers 100206
numbers 100307
numbers 100408
numbers 100610
MSE
Finish loading dataset. There are total 4 subjects.
Training data length 3
Validation data length 1
scaling factor  0.1
----------------------------
Start loading model ...
Model is PialNN
Finish loading model
----------------------------
Start training 600 epochs ...
Epoch:0, training loss:0.3281392256418864
----------------------------
Start validation ...
Validation error:0.21369929611682892
D
CC
