aa
bb
Combination: 1, 2
Model location: /data/users2/washbee/websurf/cortexGNN/ckpts/model/lh/cortexGAT_GNNlayers2_mse_whitein_full_model_lh_200epochs.pt
gnn: 1
layers: 2
eval.sh model is a pialgnn
----------------------------
Start loading dataset ...
numbers 100206
numbers 100307
numbers 100408
numbers 100610
Finish loading dataset. There are total 4 subjects.
----------------------------
Start loading model ...
Model is CortexGNN
NLayerGAT 2
Finish loading model
----------------------------
Start evaluation ...
sub_id tensor([100610])
sub_id tensor([100408])
sub_id tensor([100206])
sub_id tensor([100307])
HD: Mean=0.7995153237165527, Std=0.04307129131524319
Finish evaluation.
----------------------------
CC
