aa
bb
Combination: 1, 2
A
B
C
lh training
gnn: 1
layers: 2
trainlh.sh model is a pialgnn
----------------------------
Start loading dataset ...
numbers 100206
numbers 100307
numbers 100408
numbers 100610
MSE
Finish loading dataset. There are total 4 subjects.
Training data length 3
Validation data length 1
scaling factor  0.1
----------------------------
Start loading model ...
Model is CortexGNN
NLayerGAT 2
NLayerGAT 2
Finish loading model
----------------------------
Start training 600 epochs ...
Epoch:0, training loss:0.4424547851085663
----------------------------
Start validation ...
Validation error:0.341476708650589
Validation error:0.341476708650589
New best model saved at epoch 0 with validation error 0.341476708650589
Save model checkpoints ... 
Save pial surface mesh ... 
Maximum allocated GPU memory: 4.58 GiB
Finish validation.
----------------------------
Epoch:1, training loss:0.30601375301678974
Epoch:2, training loss:0.172590970993042
Epoch:3, training loss:0.1569191167751948
Epoch:4, training loss:0.11984102179606755
Epoch:5, training loss:0.11553560694058736
Epoch:6, training loss:0.10895328720410664
Epoch:7, training loss:0.09896861513455708
Epoch:8, training loss:0.0979461744427681
Epoch:9, training loss:0.08746287475029628
Epoch:10, training loss:0.08641435454289119
----------------------------
Start validation ...
Validation error:0.07905284315347672
Validation error:0.07905284315347672
New best model saved at epoch 10 with validation error 0.07905284315347672
Save model checkpoints ... 
Save pial surface mesh ... 
Maximum allocated GPU memory: 4.59 GiB
Finish validation.
----------------------------
Epoch:11, training loss:0.08155426134665807
Epoch:12, training loss:0.08043661961952846
Epoch:13, training loss:0.07850201924641927
Epoch:14, training loss:0.07698017607132594
Epoch:15, training loss:0.07534494747718175
Epoch:16, training loss:0.07404304047425588
Epoch:17, training loss:0.07312266528606415
Epoch:18, training loss:0.07206884026527405
Epoch:19, training loss:0.0713983823855718
Epoch:20, training loss:0.07059124608834584
----------------------------
Start validation ...
Validation error:0.06576038897037506
Validation error:0.06576038897037506
New best model saved at epoch 20 with validation error 0.06576038897037506
Save model checkpoints ... 
Save pial surface mesh ... 
Maximum allocated GPU memory: 4.59 GiB
Finish validation.
----------------------------
Epoch:21, training loss:0.0699482262134552
Epoch:22, training loss:0.06932621449232101
Epoch:23, training loss:0.0688156820833683
Epoch:24, training loss:0.06842955946922302
Epoch:25, training loss:0.06780184308687846
Epoch:26, training loss:0.06726360693573952
Epoch:27, training loss:0.06690416981776555
Epoch:28, training loss:0.06637699529528618
Epoch:29, training loss:0.06617259482542674
Epoch:30, training loss:0.06546881174047788
----------------------------
Start validation ...
Validation error:0.06091052293777466
Validation error:0.06091052293777466
New best model saved at epoch 30 with validation error 0.06091052293777466
Save model checkpoints ... 
Save pial surface mesh ... 
Maximum allocated GPU memory: 4.59 GiB
Finish validation.
----------------------------
Epoch:31, training loss:0.06524229422211647
Epoch:32, training loss:0.0648679348329703
Epoch:33, training loss:0.06436686217784882
Epoch:34, training loss:0.06419887393712997
Epoch:35, training loss:0.0637289471924305
Epoch:36, training loss:0.06356544916828473
Epoch:37, training loss:0.06319161504507065
Epoch:38, training loss:0.06274791310230891
Epoch:39, training loss:0.0626375029484431
Epoch:40, training loss:0.06231418251991272
----------------------------
Start validation ...
Validation error:0.057792264968156815
Validation error:0.057792264968156815
New best model saved at epoch 40 with validation error 0.057792264968156815
Save model checkpoints ... 
Save pial surface mesh ... 
Maximum allocated GPU memory: 4.59 GiB
Finish validation.
----------------------------
Epoch:41, training loss:0.062042964001496635
Epoch:42, training loss:0.06177947546044985
Epoch:43, training loss:0.06166047354539236
Epoch:44, training loss:0.061721738427877426
Epoch:45, training loss:0.061614026625951133
Epoch:46, training loss:0.06127044806877772
Epoch:47, training loss:0.06080629676580429
Epoch:48, training loss:0.06049280986189842
Epoch:49, training loss:0.060269961754480995
Epoch:50, training loss:0.05994253729780515
----------------------------
Start validation ...
Validation error:0.05570628121495247
Validation error:0.05570628121495247
New best model saved at epoch 50 with validation error 0.05570628121495247
Save model checkpoints ... 
Save pial surface mesh ... 
Maximum allocated GPU memory: 4.59 GiB
Finish validation.
----------------------------
Epoch:51, training loss:0.05965143069624901
Epoch:52, training loss:0.059454639752705894
Epoch:53, training loss:0.059292679031689964
Epoch:54, training loss:0.05890412131945292
Epoch:55, training loss:0.05886139472325643
Epoch:56, training loss:0.05855985606710116
Epoch:57, training loss:0.05846627553304037
Epoch:58, training loss:0.058161346862713494
Epoch:59, training loss:0.05813032016158104
Epoch:60, training loss:0.05794412766893705
----------------------------
Start validation ...
Validation error:0.05376806482672691
Validation error:0.05376806482672691
New best model saved at epoch 60 with validation error 0.05376806482672691
Save model checkpoints ... 
Save pial surface mesh ... 
Maximum allocated GPU memory: 4.59 GiB
Finish validation.
----------------------------
Epoch:61, training loss:0.05767824252446493
Epoch:62, training loss:0.05774177610874176
Epoch:63, training loss:0.05735635136564573
Epoch:64, training loss:0.05723488827546438
Epoch:65, training loss:0.05718793720006943
Epoch:66, training loss:0.0569140687584877
Epoch:67, training loss:0.056903690099716187
Epoch:68, training loss:0.05687391385436058
Epoch:69, training loss:0.05678793787956238
Epoch:70, training loss:0.056307377914587654
----------------------------
Start validation ...
Validation error:0.05261010304093361
Validation error:0.05261010304093361
New best model saved at epoch 70 with validation error 0.05261010304093361
Save model checkpoints ... 
Save pial surface mesh ... 
Maximum allocated GPU memory: 4.59 GiB
Finish validation.
----------------------------
Epoch:71, training loss:0.056523632258176804
Epoch:72, training loss:0.056139123936494194
Epoch:73, training loss:0.05581687514980634
Epoch:74, training loss:0.05595973258217176
Epoch:75, training loss:0.05578981960813204
Epoch:76, training loss:0.055410961310068764
Epoch:77, training loss:0.05553895980119705
Epoch:78, training loss:0.05535242209831873
Epoch:79, training loss:0.05526898056268692
Epoch:80, training loss:0.0552252841492494
----------------------------
Start validation ...
Validation error:0.05140688270330429
Validation error:0.05140688270330429
New best model saved at epoch 80 with validation error 0.05140688270330429
Save model checkpoints ... 
Save pial surface mesh ... 
Maximum allocated GPU memory: 4.59 GiB
Finish validation.
----------------------------
Epoch:81, training loss:0.055275494853655495
Epoch:82, training loss:0.05469530448317528
Epoch:83, training loss:0.054889423151810966
Epoch:84, training loss:0.05459407468636831
Epoch:85, training loss:0.054978796591361366
Epoch:86, training loss:0.054307110607624054
Epoch:87, training loss:0.05458951865633329
Epoch:88, training loss:0.05446523676315943
Epoch:89, training loss:0.05420472969611486
Epoch:90, training loss:0.054248360296090446
----------------------------
Start validation ...
Validation error:0.05090790241956711
Validation error:0.05090790241956711
New best model saved at epoch 90 with validation error 0.05090790241956711
Save model checkpoints ... 
Save pial surface mesh ... 
Maximum allocated GPU memory: 4.59 GiB
Finish validation.
----------------------------
Epoch:91, training loss:0.05409362415472666
Epoch:92, training loss:0.05412672832608223
Epoch:93, training loss:0.053954908003409706
Epoch:94, training loss:0.05409148335456848
Epoch:95, training loss:0.05392787232995033
Epoch:96, training loss:0.053767734517653785
Epoch:97, training loss:0.053904483715693154
Epoch:98, training loss:0.05349623660246531
Epoch:99, training loss:0.05373684565226237
Epoch:100, training loss:0.054087103654940925
----------------------------
Start validation ...
Validation error:0.05013968423008919
Validation error:0.05013968423008919
New best model saved at epoch 100 with validation error 0.05013968423008919
Save model checkpoints ... 
Save pial surface mesh ... 
Maximum allocated GPU memory: 4.59 GiB
Finish validation.
----------------------------
Epoch:101, training loss:0.052956252048412956
Epoch:102, training loss:0.05345111464460691
Epoch:103, training loss:0.053223952651023865
Epoch:104, training loss:0.05310975511868795
Epoch:105, training loss:0.053137277563412987
Epoch:106, training loss:0.053385055313507714
Epoch:107, training loss:0.05368626614411672
Epoch:108, training loss:0.052760077019532524
Epoch:109, training loss:0.05290846526622772
Epoch:110, training loss:0.05350754534204801
----------------------------
Start validation ...
Validation error:0.04958581179380417
Validation error:0.04958581179380417
New best model saved at epoch 110 with validation error 0.04958581179380417
Save model checkpoints ... 
Save pial surface mesh ... 
Maximum allocated GPU memory: 4.59 GiB
Finish validation.
----------------------------
Epoch:111, training loss:0.052621049185593925
Epoch:112, training loss:0.052817470083634056
Epoch:113, training loss:0.052314650267362595
Epoch:114, training loss:0.05233015989263853
Epoch:115, training loss:0.052164629101753235
Epoch:116, training loss:0.05191739772756895
Epoch:117, training loss:0.0519950787226359
Epoch:118, training loss:0.051704131066799164
Epoch:119, training loss:0.05201579382022222
Epoch:120, training loss:0.05167137583096822
----------------------------
Start validation ...
Validation error:0.04858684912323952
Validation error:0.04858684912323952
New best model saved at epoch 120 with validation error 0.04858684912323952
Save model checkpoints ... 
Save pial surface mesh ... 
Maximum allocated GPU memory: 4.59 GiB
Finish validation.
----------------------------
Epoch:121, training loss:0.05169698720177015
Epoch:122, training loss:0.051555352906386055
Epoch:123, training loss:0.05162628864248594
Epoch:124, training loss:0.05127020676930746
Epoch:125, training loss:0.051252126693725586
Epoch:126, training loss:0.051208232839902244
Epoch:127, training loss:0.05122945954402288
Epoch:128, training loss:0.051122462997833885
Epoch:129, training loss:0.05123360579212507
Epoch:130, training loss:0.0509751612941424
----------------------------
Start validation ...
Validation error:0.04825148731470108
Validation error:0.04825148731470108
New best model saved at epoch 130 with validation error 0.04825148731470108
Save model checkpoints ... 
Save pial surface mesh ... 
Maximum allocated GPU memory: 4.59 GiB
Finish validation.
----------------------------
Epoch:131, training loss:0.05102992057800293
Epoch:132, training loss:0.050865488747755684
Epoch:133, training loss:0.05075099443395933
Epoch:134, training loss:0.05099892367919286
Epoch:135, training loss:0.05059421434998512
Epoch:136, training loss:0.050951036314169564
Epoch:137, training loss:0.0509289043645064
Epoch:138, training loss:0.05105401948094368
Epoch:139, training loss:0.05069617430369059
Epoch:140, training loss:0.05066565051674843
----------------------------
Start validation ...
Validation error:0.048077914863824844
Validation error:0.048077914863824844
New best model saved at epoch 140 with validation error 0.048077914863824844
Save model checkpoints ... 
Save pial surface mesh ... 
Maximum allocated GPU memory: 4.59 GiB
Finish validation.
----------------------------
Epoch:141, training loss:0.05090531458457311
Epoch:142, training loss:0.0506130817035834
Epoch:143, training loss:0.050562640031178795
Epoch:144, training loss:0.050408599277337394
Epoch:145, training loss:0.05014141649007797
Epoch:146, training loss:0.05017426609992981
Epoch:147, training loss:0.050044858207305275
Epoch:148, training loss:0.050136043379704155
Epoch:149, training loss:0.05014727388819059
Epoch:150, training loss:0.05035787572463354
----------------------------
Start validation ...
Validation error:0.04767218232154846
Validation error:0.04767218232154846
New best model saved at epoch 150 with validation error 0.04767218232154846
Save model checkpoints ... 
Save pial surface mesh ... 
Maximum allocated GPU memory: 4.59 GiB
Finish validation.
----------------------------
Epoch:151, training loss:0.05006026352445284
Epoch:152, training loss:0.050076824923356376
Epoch:153, training loss:0.05019395798444748
Epoch:154, training loss:0.05026887233058611
Epoch:155, training loss:0.049951016902923584
Epoch:156, training loss:0.04997593412796656
Epoch:157, training loss:0.049752516051133476
Epoch:158, training loss:0.049525210012992225
Epoch:159, training loss:0.049587943901618324
Epoch:160, training loss:0.04958730936050415
----------------------------
Start validation ...
Validation error:0.046776898205280304
Validation error:0.046776898205280304
New best model saved at epoch 160 with validation error 0.046776898205280304
Save model checkpoints ... 
Save pial surface mesh ... 
Maximum allocated GPU memory: 4.59 GiB
Finish validation.
----------------------------
Epoch:161, training loss:0.049741268157958984
Epoch:162, training loss:0.04947538177172343
Epoch:163, training loss:0.04921883220473925
Epoch:164, training loss:0.04930726562937101
Epoch:165, training loss:0.049242377281188965
Epoch:166, training loss:0.049362458288669586
Epoch:167, training loss:0.04913883407910665
Epoch:168, training loss:0.049260215212901436
Epoch:169, training loss:0.04898447791735331
Epoch:170, training loss:0.048891883343458176
----------------------------
Start validation ...
Validation error:0.046767812222242355
Validation error:0.046767812222242355
New best model saved at epoch 170 with validation error 0.046767812222242355
Save model checkpoints ... 
Save pial surface mesh ... 
Maximum allocated GPU memory: 4.59 GiB
Finish validation.
----------------------------
Epoch:171, training loss:0.048994711289803185
Epoch:172, training loss:0.04939539233843485
Epoch:173, training loss:0.048930021623770394
Epoch:174, training loss:0.04873342936237653
Epoch:175, training loss:0.04873129973808924
Epoch:176, training loss:0.048605822026729584
Epoch:177, training loss:0.04851838325460752
Epoch:178, training loss:0.04847042262554169
Epoch:179, training loss:0.048615324000517525
Epoch:180, training loss:0.04862038046121597
----------------------------
Start validation ...
Validation error:0.04608852043747902
Validation error:0.04608852043747902
New best model saved at epoch 180 with validation error 0.04608852043747902
Save model checkpoints ... 
Save pial surface mesh ... 
Maximum allocated GPU memory: 4.59 GiB
Finish validation.
----------------------------
Epoch:181, training loss:0.048730685065189995
Epoch:182, training loss:0.04877083624402682
Epoch:183, training loss:0.04872521882255872
Epoch:184, training loss:0.048419913897911705
Epoch:185, training loss:0.04833083972334862
Epoch:186, training loss:0.04855326935648918
Epoch:187, training loss:0.04834213604529699
Epoch:188, training loss:0.04859349379936854
Epoch:189, training loss:0.04821994652350744
Epoch:190, training loss:0.048328664153814316
----------------------------
Start validation ...
Validation error:0.04628066346049309
Validation error:0.04628066346049309
Save model checkpoints ... 
Save pial surface mesh ... 
Maximum allocated GPU memory: 4.59 GiB
Finish validation.
----------------------------
Epoch:191, training loss:0.04829667756954829
Epoch:192, training loss:0.048430158446232476
Epoch:193, training loss:0.04817653074860573
Epoch:194, training loss:0.04786738629142443
Epoch:195, training loss:0.04832004755735397
Epoch:196, training loss:0.048288735250631966
Epoch:197, training loss:0.04849871123830477
Epoch:198, training loss:0.04863475759824117
Epoch:199, training loss:0.0482421504954497
Epoch:200, training loss:0.04811453570922216
----------------------------
Start validation ...
Validation error:0.0459761843085289
Validation error:0.0459761843085289
New best model saved at epoch 200 with validation error 0.0459761843085289
Save model checkpoints ... 
Save pial surface mesh ... 
Maximum allocated GPU memory: 4.59 GiB
Finish validation.
----------------------------
Epoch:201, training loss:0.04815238962570826
Epoch:202, training loss:0.0481756292283535
Epoch:203, training loss:0.0478559173643589
Epoch:204, training loss:0.04764768108725548
Epoch:205, training loss:0.0476670910914739
Epoch:206, training loss:0.04752404366930326
Epoch:207, training loss:0.04748858387271563
Epoch:208, training loss:0.04724067201217016
Epoch:209, training loss:0.047304863731066384
Epoch:210, training loss:0.047228423257668815
----------------------------
Start validation ...
Validation error:0.045210935175418854
Validation error:0.045210935175418854
New best model saved at epoch 210 with validation error 0.045210935175418854
Save model checkpoints ... 
Save pial surface mesh ... 
Maximum allocated GPU memory: 4.59 GiB
Finish validation.
----------------------------
Epoch:211, training loss:0.047213116039832435
Epoch:212, training loss:0.04707034801443418
Epoch:213, training loss:0.0471380278468132
Epoch:214, training loss:0.047025774916013084
Epoch:215, training loss:0.047006554901599884
Epoch:216, training loss:0.04710050920645396
Epoch:217, training loss:0.04694083953897158
Epoch:218, training loss:0.046915880093971886
Epoch:219, training loss:0.047073462357123695
Epoch:220, training loss:0.04689850161472956
----------------------------
Start validation ...
Validation error:0.04524141177535057
Validation error:0.04524141177535057
Save model checkpoints ... 
Save pial surface mesh ... 
Maximum allocated GPU memory: 4.59 GiB
Finish validation.
----------------------------
Epoch:221, training loss:0.0474834976096948
Epoch:222, training loss:0.04723493382334709
Epoch:223, training loss:0.04696559036771456
Epoch:224, training loss:0.0469063992301623
Epoch:225, training loss:0.047130879014730453
Epoch:226, training loss:0.047719390441974006
Epoch:227, training loss:0.047755555560191475
Epoch:228, training loss:0.048315610736608505
Epoch:229, training loss:0.048159183313449226
Epoch:230, training loss:0.047785189002752304
----------------------------
Start validation ...
Validation error:0.04478853940963745
Validation error:0.04478853940963745
New best model saved at epoch 230 with validation error 0.04478853940963745
Save model checkpoints ... 
Save pial surface mesh ... 
Maximum allocated GPU memory: 4.59 GiB
Finish validation.
----------------------------
Epoch:231, training loss:0.047398688892523445
Epoch:232, training loss:0.04717874899506569
Epoch:233, training loss:0.047318910559018455
Epoch:234, training loss:0.04698501775662104
Epoch:235, training loss:0.04663501183191935
Epoch:236, training loss:0.047221740086873375
Epoch:237, training loss:0.04663301631808281
Epoch:238, training loss:0.04646062354246775
Epoch:239, training loss:0.04664194708069166
Epoch:240, training loss:0.04662401353319486
----------------------------
Start validation ...
Validation error:0.04498795419931412
Validation error:0.04498795419931412
Save model checkpoints ... 
Save pial surface mesh ... 
Maximum allocated GPU memory: 4.59 GiB
Finish validation.
----------------------------
Epoch:241, training loss:0.04639186958471934
Epoch:242, training loss:0.046435525019963585
Epoch:243, training loss:0.04622164616982142
Epoch:244, training loss:0.046217763175566993
Epoch:245, training loss:0.04610063756505648
Epoch:246, training loss:0.04612448190649351
Epoch:247, training loss:0.04598615815242132
Epoch:248, training loss:0.045911322037378945
Epoch:249, training loss:0.04614667966961861
Epoch:250, training loss:0.04620147372285525
----------------------------
Start validation ...
Validation error:0.044173937290906906
Validation error:0.044173937290906906
New best model saved at epoch 250 with validation error 0.044173937290906906
Save model checkpoints ... 
Save pial surface mesh ... 
Maximum allocated GPU memory: 4.59 GiB
Finish validation.
----------------------------
Epoch:251, training loss:0.045874508718649544
Epoch:252, training loss:0.04587600256005923
Epoch:253, training loss:0.045795696477095284
Epoch:254, training loss:0.04578457524379095
Epoch:255, training loss:0.04584640388687452
Epoch:256, training loss:0.04593324909607569
Epoch:257, training loss:0.04583292454481125
Epoch:258, training loss:0.04585829873879751
Epoch:259, training loss:0.04589688157041868
Epoch:260, training loss:0.04621237640579542
----------------------------
Start validation ...
Validation error:0.0445171520113945
Validation error:0.0445171520113945
Save model checkpoints ... 
Save pial surface mesh ... 
Maximum allocated GPU memory: 4.59 GiB
Finish validation.
----------------------------
Epoch:261, training loss:0.04635961974660555
Epoch:262, training loss:0.045908123254776
Epoch:263, training loss:0.04602016011873881
Epoch:264, training loss:0.045838143676519394
Epoch:265, training loss:0.04592310513059298
Epoch:266, training loss:0.04559839516878128
Epoch:267, training loss:0.045919871578613915
Epoch:268, training loss:0.045389307041962944
Epoch:269, training loss:0.04542956749598185
Epoch:270, training loss:0.04572423423329989
----------------------------
Start validation ...
Validation error:0.04400744289159775
Validation error:0.04400744289159775
New best model saved at epoch 270 with validation error 0.04400744289159775
Save model checkpoints ... 
Save pial surface mesh ... 
Maximum allocated GPU memory: 4.59 GiB
Finish validation.
----------------------------
Epoch:271, training loss:0.046034724762042366
Epoch:272, training loss:0.04635519285996755
Epoch:273, training loss:0.04628408824404081
Epoch:274, training loss:0.0458535465101401
Epoch:275, training loss:0.045471832156181335
Epoch:276, training loss:0.04537790144483248
Epoch:277, training loss:0.04555574804544449
Epoch:278, training loss:0.045848878721396126
Epoch:279, training loss:0.04527261356512705
Epoch:280, training loss:0.045308457066615425
----------------------------
Start validation ...
Validation error:0.043844129890203476
Validation error:0.043844129890203476
New best model saved at epoch 280 with validation error 0.043844129890203476
Save model checkpoints ... 
Save pial surface mesh ... 
Maximum allocated GPU memory: 4.59 GiB
Finish validation.
----------------------------
Epoch:281, training loss:0.04516153161724409
Epoch:282, training loss:0.045206330716609955
Epoch:283, training loss:0.04493869344393412
Epoch:284, training loss:0.04511942341923714
Epoch:285, training loss:0.04525327682495117
Epoch:286, training loss:0.04571819553772608
Epoch:287, training loss:0.04589899877707163
Epoch:288, training loss:0.045875679701566696
Epoch:289, training loss:0.04537869865695635
Epoch:290, training loss:0.04497279723485311
----------------------------
Start validation ...
Validation error:0.04418095201253891
Validation error:0.04418095201253891
Save model checkpoints ... 
Save pial surface mesh ... 
Maximum allocated GPU memory: 4.59 GiB
Finish validation.
----------------------------
Epoch:291, training loss:0.045104287564754486
Epoch:292, training loss:0.045202676206827164
Epoch:293, training loss:0.04529372105995814
Epoch:294, training loss:0.04509524876872698
Epoch:295, training loss:0.045365440348784127
Epoch:296, training loss:0.0452664482096831
Epoch:297, training loss:0.045238191882769264
Epoch:298, training loss:0.04489495729406675
Epoch:299, training loss:0.0454268604516983
Epoch:300, training loss:0.045128347973028816
----------------------------
Start validation ...
Validation error:0.04422823712229729
Validation error:0.04422823712229729
Save model checkpoints ... 
Save pial surface mesh ... 
Maximum allocated GPU memory: 4.59 GiB
Finish validation.
----------------------------
Epoch:301, training loss:0.044773492962121964
Epoch:302, training loss:0.04488769670327505
Epoch:303, training loss:0.04523385067780813
Epoch:304, training loss:0.04468571643034617
Epoch:305, training loss:0.0449650672574838
Epoch:306, training loss:0.044733485827843346
Epoch:307, training loss:0.044727448374032974
Epoch:308, training loss:0.04474425812562307
Epoch:309, training loss:0.0447702631354332
Epoch:310, training loss:0.044556127240260444
----------------------------
Start validation ...
Validation error:0.04324255883693695
Validation error:0.04324255883693695
New best model saved at epoch 310 with validation error 0.04324255883693695
Save model checkpoints ... 
Save pial surface mesh ... 
Maximum allocated GPU memory: 4.59 GiB
Finish validation.
----------------------------
Epoch:311, training loss:0.044288152207930885
Epoch:312, training loss:0.04451551536719004
Epoch:313, training loss:0.04408255343635877
Epoch:314, training loss:0.044451763232549034
Epoch:315, training loss:0.04444235314925512
Epoch:316, training loss:0.0443934698899587
Epoch:317, training loss:0.04421636958916982
Epoch:318, training loss:0.04416729137301445
Epoch:319, training loss:0.04436617468794187
Epoch:320, training loss:0.04474220300714175
----------------------------
Start validation ...
Validation error:0.04349411278963089
Validation error:0.04349411278963089
Save model checkpoints ... 
Save pial surface mesh ... 
Maximum allocated GPU memory: 4.59 GiB
Finish validation.
----------------------------
Epoch:321, training loss:0.04502097020546595
Epoch:322, training loss:0.0445607453584671
Epoch:323, training loss:0.04424465447664261
Epoch:324, training loss:0.04407189413905144
Epoch:325, training loss:0.044119385381539665
Epoch:326, training loss:0.04426328962047895
Epoch:327, training loss:0.04398884375890096
Epoch:328, training loss:0.0439457135895888
Epoch:329, training loss:0.04415750503540039
Epoch:330, training loss:0.04437901576360067
----------------------------
Start validation ...
Validation error:0.043730318546295166
Validation error:0.043730318546295166
Save model checkpoints ... 
Save pial surface mesh ... 
Maximum allocated GPU memory: 4.59 GiB
Finish validation.
----------------------------
Epoch:331, training loss:0.044734325259923935
Epoch:332, training loss:0.04430945093433062
Epoch:333, training loss:0.044175487011671066
Epoch:334, training loss:0.0439600795507431
Epoch:335, training loss:0.04409316927194595
Epoch:336, training loss:0.04433289170265198
Epoch:337, training loss:0.04418466736872991
Epoch:338, training loss:0.04424562677741051
Epoch:339, training loss:0.044134398301442467
Epoch:340, training loss:0.04398378108938535
----------------------------
Start validation ...
Validation error:0.04406234622001648
Validation error:0.04406234622001648
Save model checkpoints ... 
Save pial surface mesh ... 
Maximum allocated GPU memory: 4.59 GiB
Finish validation.
----------------------------
Epoch:341, training loss:0.04400160660346349
Epoch:342, training loss:0.0443704624970754
Epoch:343, training loss:0.04382533331712087
Epoch:344, training loss:0.04394098619620005
Epoch:345, training loss:0.04380368938048681
Epoch:346, training loss:0.04383447766304016
Epoch:347, training loss:0.04413914680480957
Epoch:348, training loss:0.04472809533278147
Epoch:349, training loss:0.044294564674297966
Epoch:350, training loss:0.04447773347298304
----------------------------
Start validation ...
Validation error:0.04342666640877724
Validation error:0.04342666640877724
Save model checkpoints ... 
Save pial surface mesh ... 
Maximum allocated GPU memory: 4.59 GiB
Finish validation.
----------------------------
Epoch:351, training loss:0.04493816445271174
Epoch:352, training loss:0.044850735614697136
Epoch:353, training loss:0.04401838034391403
Epoch:354, training loss:0.044117278108994164
Epoch:355, training loss:0.043884637455145516
Epoch:356, training loss:0.0439403106768926
Epoch:357, training loss:0.043669636050860085
Epoch:358, training loss:0.043750353157520294
Epoch:359, training loss:0.04326091085871061
Epoch:360, training loss:0.043295975774526596
----------------------------
Start validation ...
Validation error:0.04236622899770737
Validation error:0.04236622899770737
New best model saved at epoch 360 with validation error 0.04236622899770737
Save model checkpoints ... 
Save pial surface mesh ... 
Maximum allocated GPU memory: 4.59 GiB
Finish validation.
----------------------------
Epoch:361, training loss:0.043308998147646584
Epoch:362, training loss:0.043086002270380654
Epoch:363, training loss:0.04304854944348335
Epoch:364, training loss:0.0431863305469354
Epoch:365, training loss:0.04331676041086515
Epoch:366, training loss:0.04318248977263769
Epoch:367, training loss:0.04313430438439051
Epoch:368, training loss:0.04313678791125616
Epoch:369, training loss:0.04296322539448738
Epoch:370, training loss:0.04318904752532641
----------------------------
Start validation ...
Validation error:0.04247957468032837
Validation error:0.04247957468032837
Save model checkpoints ... 
Save pial surface mesh ... 
Maximum allocated GPU memory: 4.59 GiB
Finish validation.
----------------------------
Epoch:371, training loss:0.04312786584099134
Epoch:372, training loss:0.04311125601331393
Epoch:373, training loss:0.04307793825864792
Epoch:374, training loss:0.04325199872255325
Epoch:375, training loss:0.042892963935931526
Epoch:376, training loss:0.04309718310832977
Epoch:377, training loss:0.043021153658628464
Epoch:378, training loss:0.043131474405527115
Epoch:379, training loss:0.04329660162329674
Epoch:380, training loss:0.04310202846924464
----------------------------
Start validation ...
Validation error:0.042729735374450684
Validation error:0.042729735374450684
Save model checkpoints ... 
Save pial surface mesh ... 
Maximum allocated GPU memory: 4.59 GiB
Finish validation.
----------------------------
Epoch:381, training loss:0.043263960629701614
Epoch:382, training loss:0.042985014617443085
Epoch:383, training loss:0.04283799479405085
Epoch:384, training loss:0.04274307067195574
Epoch:385, training loss:0.0429402602215608
Epoch:386, training loss:0.0429986280699571
Epoch:387, training loss:0.042702664931615196
Epoch:388, training loss:0.042699649930000305
Epoch:389, training loss:0.04277816414833069
Epoch:390, training loss:0.04277294625838598
----------------------------
Start validation ...
Validation error:0.041974663734436035
Validation error:0.041974663734436035
New best model saved at epoch 390 with validation error 0.041974663734436035
Save model checkpoints ... 
Save pial surface mesh ... 
Maximum allocated GPU memory: 4.59 GiB
Finish validation.
----------------------------
Epoch:391, training loss:0.04259915525714556
Epoch:392, training loss:0.04284240926305453
Epoch:393, training loss:0.04290920620163282
Epoch:394, training loss:0.04308614258964857
Epoch:395, training loss:0.04274165630340576
Epoch:396, training loss:0.0431671142578125
Epoch:397, training loss:0.042750392109155655
Epoch:398, training loss:0.042675264179706573
Epoch:399, training loss:0.042774087438980736
Epoch:400, training loss:0.042452038576205574
----------------------------
Start validation ...
Validation error:0.041975729167461395
Validation error:0.041975729167461395
Save model checkpoints ... 
Save pial surface mesh ... 
Maximum allocated GPU memory: 4.59 GiB
Finish validation.
----------------------------
Epoch:401, training loss:0.04249120379487673
Epoch:402, training loss:0.04288328314820925
Epoch:403, training loss:0.0426995058854421
Epoch:404, training loss:0.0429700476427873
Epoch:405, training loss:0.04299308483799299
Epoch:406, training loss:0.043341830372810364
Epoch:407, training loss:0.04362692808111509
Epoch:408, training loss:0.043505347023407616
Epoch:409, training loss:0.04298039277394613
Epoch:410, training loss:0.04282246778408686
----------------------------
Start validation ...
Validation error:0.04264318197965622
Validation error:0.04264318197965622
Save model checkpoints ... 
Save pial surface mesh ... 
Maximum allocated GPU memory: 4.59 GiB
Finish validation.
----------------------------
Epoch:411, training loss:0.04293278977274895
Epoch:412, training loss:0.04249211152394613
Epoch:413, training loss:0.04254344974954923
Epoch:414, training loss:0.04219593976934751
Epoch:415, training loss:0.04217649002869924
Epoch:416, training loss:0.042291827499866486
Epoch:417, training loss:0.04209004466732343
Epoch:418, training loss:0.042088975509007774
Epoch:419, training loss:0.041842946161826454
Epoch:420, training loss:0.042008264611164726
----------------------------
Start validation ...
Validation error:0.04170190542936325
Validation error:0.04170190542936325
New best model saved at epoch 420 with validation error 0.04170190542936325
Save model checkpoints ... 
Save pial surface mesh ... 
Maximum allocated GPU memory: 4.59 GiB
Finish validation.
----------------------------
Epoch:421, training loss:0.04205052802960078
Epoch:422, training loss:0.04235881815354029
Epoch:423, training loss:0.042420814434687294
Epoch:424, training loss:0.042840066055456795
Epoch:425, training loss:0.04301505287488302
Epoch:426, training loss:0.04280588279167811
Epoch:427, training loss:0.042521526416142784
Epoch:428, training loss:0.04212343692779541
Epoch:429, training loss:0.04209556430578232
Epoch:430, training loss:0.04230102648337682
----------------------------
Start validation ...
Validation error:0.04186846688389778
Validation error:0.04186846688389778
Save model checkpoints ... 
Save pial surface mesh ... 
Maximum allocated GPU memory: 4.59 GiB
Finish validation.
----------------------------
Epoch:431, training loss:0.04181646555662155
Epoch:432, training loss:0.04185974349578222
Epoch:433, training loss:0.04195974643031756
Epoch:434, training loss:0.04208973670999209
Epoch:435, training loss:0.04184930150707563
Epoch:436, training loss:0.04191602518161138
Epoch:437, training loss:0.042250207314888634
Epoch:438, training loss:0.04227444902062416
Epoch:439, training loss:0.04185768961906433
Epoch:440, training loss:0.0420261894663175
----------------------------
Start validation ...
Validation error:0.041922520846128464
Validation error:0.041922520846128464
Save model checkpoints ... 
Save pial surface mesh ... 
Maximum allocated GPU memory: 4.59 GiB
Finish validation.
----------------------------
Epoch:441, training loss:0.04222196092208227
Epoch:442, training loss:0.041661872218052544
Epoch:443, training loss:0.041836672772963844
Epoch:444, training loss:0.04206378757953644
Epoch:445, training loss:0.04211461419860522
Epoch:446, training loss:0.04199845095475515
Epoch:447, training loss:0.0416211262345314
Epoch:448, training loss:0.04144799460967382
Epoch:449, training loss:0.04163374503453573
Epoch:450, training loss:0.04164347549279531
----------------------------
Start validation ...
Validation error:0.042371343821287155
Validation error:0.042371343821287155
Save model checkpoints ... 
Save pial surface mesh ... 
Maximum allocated GPU memory: 4.59 GiB
Finish validation.
----------------------------
Epoch:451, training loss:0.04215949897964796
Epoch:452, training loss:0.04153530299663544
Epoch:453, training loss:0.041767475505669914
Epoch:454, training loss:0.04210569088657697
Epoch:455, training loss:0.041782417645057045
Epoch:456, training loss:0.042165408531824745
Epoch:457, training loss:0.04179798563321432
Epoch:458, training loss:0.041807121286789574
Epoch:459, training loss:0.04163937518994013
Epoch:460, training loss:0.041484867533047996
----------------------------
Start validation ...
Validation error:0.04164070263504982
Validation error:0.04164070263504982
New best model saved at epoch 460 with validation error 0.04164070263504982
Save model checkpoints ... 
Save pial surface mesh ... 
Maximum allocated GPU memory: 4.59 GiB
Finish validation.
----------------------------
Epoch:461, training loss:0.04174559935927391
Epoch:462, training loss:0.04198195661107699
Epoch:463, training loss:0.04152562965949377
Epoch:464, training loss:0.041254589955012
Epoch:465, training loss:0.04139518365263939
Epoch:466, training loss:0.04130518560608228
Epoch:467, training loss:0.0413128932317098
Epoch:468, training loss:0.04124213382601738
Epoch:469, training loss:0.04108308504025141
Epoch:470, training loss:0.041132195542256035
----------------------------
Start validation ...
Validation error:0.04102557152509689
Validation error:0.04102557152509689
New best model saved at epoch 470 with validation error 0.04102557152509689
Save model checkpoints ... 
Save pial surface mesh ... 
Maximum allocated GPU memory: 4.59 GiB
Finish validation.
----------------------------
Epoch:471, training loss:0.04118390132983526
Epoch:472, training loss:0.04120778664946556
Epoch:473, training loss:0.041410524398088455
Epoch:474, training loss:0.04113629708687464
Epoch:475, training loss:0.04097322871287664
Epoch:476, training loss:0.04109939684470495
Epoch:477, training loss:0.04109915345907211
Epoch:478, training loss:0.041109390556812286
Epoch:479, training loss:0.04095639040072759
Epoch:480, training loss:0.041109671195348106
----------------------------
Start validation ...
Validation error:0.04093998670578003
Validation error:0.04093998670578003
New best model saved at epoch 480 with validation error 0.04093998670578003
Save model checkpoints ... 
Save pial surface mesh ... 
Maximum allocated GPU memory: 4.59 GiB
Finish validation.
----------------------------
Epoch:481, training loss:0.04119795188307762
Epoch:482, training loss:0.041208566476901375
Epoch:483, training loss:0.04095279425382614
Epoch:484, training loss:0.04115365818142891
Epoch:485, training loss:0.041029155254364014
Epoch:486, training loss:0.04106288279096285
Epoch:487, training loss:0.041113339364528656
Epoch:488, training loss:0.04104762772719065
Epoch:489, training loss:0.04108725239833196
Epoch:490, training loss:0.041109477480252586
----------------------------
Start validation ...
Validation error:0.041248779743909836
Validation error:0.041248779743909836
Save model checkpoints ... 
Save pial surface mesh ... 
Maximum allocated GPU memory: 4.59 GiB
Finish validation.
----------------------------
Epoch:491, training loss:0.04107343157132467
Epoch:492, training loss:0.04106521730621656
Epoch:493, training loss:0.041015454878409706
Epoch:494, training loss:0.04118273655573527
Epoch:495, training loss:0.041273302088181175
Epoch:496, training loss:0.040959967921177544
Epoch:497, training loss:0.0413677915930748
Epoch:498, training loss:0.04150254155198733
Epoch:499, training loss:0.041111075629790626
Epoch:500, training loss:0.04122013971209526
----------------------------
Start validation ...
Validation error:0.04118727892637253
Validation error:0.04118727892637253
Save model checkpoints ... 
Save pial surface mesh ... 
Maximum allocated GPU memory: 4.59 GiB
Finish validation.
----------------------------
Epoch:501, training loss:0.04106869921088219
Epoch:502, training loss:0.04103146865963936
Epoch:503, training loss:0.04110144078731537
Epoch:504, training loss:0.04078996181488037
Epoch:505, training loss:0.04079257200161616
Epoch:506, training loss:0.040666017681360245
Epoch:507, training loss:0.040777155508597694
Epoch:508, training loss:0.040783729404211044
Epoch:509, training loss:0.040441698084274925
Epoch:510, training loss:0.040568175415198006
----------------------------
Start validation ...
Validation error:0.04085575044155121
Validation error:0.04085575044155121
New best model saved at epoch 510 with validation error 0.04085575044155121
Save model checkpoints ... 
Save pial surface mesh ... 
Maximum allocated GPU memory: 4.59 GiB
Finish validation.
----------------------------
Epoch:511, training loss:0.040655204405387245
Epoch:512, training loss:0.040681030601263046
Epoch:513, training loss:0.04077279443542162
Epoch:514, training loss:0.040901392698287964
Epoch:515, training loss:0.04048908253510793
Epoch:516, training loss:0.04078203812241554
Epoch:517, training loss:0.04085085168480873
Epoch:518, training loss:0.04085967317223549
Epoch:519, training loss:0.04098435118794441
Epoch:520, training loss:0.04059543708960215
----------------------------
Start validation ...
Validation error:0.040966298431158066
Validation error:0.040966298431158066
Save model checkpoints ... 
Save pial surface mesh ... 
Maximum allocated GPU memory: 4.59 GiB
Finish validation.
----------------------------
Epoch:521, training loss:0.04095666607220968
Epoch:522, training loss:0.040674289067586265
Epoch:523, training loss:0.04057789221405983
Epoch:524, training loss:0.04087962582707405
Epoch:525, training loss:0.04090919718146324
Epoch:526, training loss:0.041369710117578506
Epoch:527, training loss:0.04139780501524607
Epoch:528, training loss:0.04145317400495211
Epoch:529, training loss:0.04098801066478094
Epoch:530, training loss:0.04040915394822756
----------------------------
Start validation ...
Validation error:0.040579866617918015
Validation error:0.040579866617918015
New best model saved at epoch 530 with validation error 0.040579866617918015
Save model checkpoints ... 
Save pial surface mesh ... 
Maximum allocated GPU memory: 4.59 GiB
Finish validation.
----------------------------
Epoch:531, training loss:0.04045624534289042
Epoch:532, training loss:0.040167766312758126
Epoch:533, training loss:0.040235865861177444
Epoch:534, training loss:0.04018935809532801
Epoch:535, training loss:0.04042822246750196
Epoch:536, training loss:0.04023254786928495
Epoch:537, training loss:0.04040868207812309
Epoch:538, training loss:0.04082665095726649
Epoch:539, training loss:0.04133315881093343
Epoch:540, training loss:0.04081754510601362
----------------------------
Start validation ...
Validation error:0.04072711616754532
Validation error:0.04072711616754532
Save model checkpoints ... 
Save pial surface mesh ... 
Maximum allocated GPU memory: 4.59 GiB
Finish validation.
----------------------------
Epoch:541, training loss:0.04069646820425987
Epoch:542, training loss:0.04038022458553314
Epoch:543, training loss:0.04014818121989568
Epoch:544, training loss:0.04007481411099434
Epoch:545, training loss:0.03995661189158758
Epoch:546, training loss:0.03998293106754621
Epoch:547, training loss:0.040165286511182785
Epoch:548, training loss:0.03995907182494799
Epoch:549, training loss:0.04021220778425535
Epoch:550, training loss:0.04006527488430341
----------------------------
Start validation ...
Validation error:0.04040282219648361
Validation error:0.04040282219648361
New best model saved at epoch 550 with validation error 0.04040282219648361
Save model checkpoints ... 
Save pial surface mesh ... 
Maximum allocated GPU memory: 4.59 GiB
Finish validation.
----------------------------
Epoch:551, training loss:0.039887952307860054
Epoch:552, training loss:0.039952997118234634
Epoch:553, training loss:0.04010422651966413
Epoch:554, training loss:0.03981177260478338
Epoch:555, training loss:0.039719863484303154
Epoch:556, training loss:0.03976239884893099
Epoch:557, training loss:0.03972623869776726
Epoch:558, training loss:0.03986797481775284
Epoch:559, training loss:0.0400433341662089
Epoch:560, training loss:0.039561411986748375
----------------------------
Start validation ...
Validation error:0.040096428245306015
Validation error:0.040096428245306015
New best model saved at epoch 560 with validation error 0.040096428245306015
Save model checkpoints ... 
Save pial surface mesh ... 
Maximum allocated GPU memory: 4.59 GiB
Finish validation.
----------------------------
Epoch:561, training loss:0.03964978704849879
Epoch:562, training loss:0.039900543789068856
Epoch:563, training loss:0.039965320378541946
Epoch:564, training loss:0.040304439763228096
Epoch:565, training loss:0.040271393954753876
Epoch:566, training loss:0.03985800966620445
Epoch:567, training loss:0.04012202098965645
Epoch:568, training loss:0.040117837488651276
Epoch:569, training loss:0.04023083299398422
Epoch:570, training loss:0.03971138969063759
----------------------------
Start validation ...
Validation error:0.04008397087454796
Validation error:0.04008397087454796
New best model saved at epoch 570 with validation error 0.04008397087454796
Save model checkpoints ... 
Save pial surface mesh ... 
Maximum allocated GPU memory: 4.59 GiB
Finish validation.
----------------------------
Epoch:571, training loss:0.039529070258140564
