aa
bb
Combination: 0, 2
A
B
C
lh training
gnn: 0
layers: 2
trainlh.sh model is a pialgnn
----------------------------
Start loading dataset ...
numbers 100206
numbers 100307
numbers 100408
numbers 100610
MSE
Finish loading dataset. There are total 4 subjects.
Training data length 3
Validation data length 1
scaling factor  0.1
----------------------------
Start loading model ...
Model is CortexGNN
NLayerGCN 2
NLayerGCN 2
Finish loading model
----------------------------
Start training 600 epochs ...
Epoch:0, training loss:0.830276886622111
----------------------------
Start validation ...
Validation error:0.5811764597892761
Validation error:0.5811764597892761
New best model saved at epoch 0 with validation error 0.5811764597892761
Save model checkpoints ... 
Save pial surface mesh ... 
Maximum allocated GPU memory: 1.95 GiB
Finish validation.
----------------------------
Epoch:1, training loss:0.5699783563613892
Epoch:2, training loss:0.375185489654541
Epoch:3, training loss:0.2535910407702128
Epoch:4, training loss:0.202882910768191
Epoch:5, training loss:0.14460991322994232
Epoch:6, training loss:0.14074998100598654
Epoch:7, training loss:0.122100164492925
Epoch:8, training loss:0.1177441601951917
Epoch:9, training loss:0.11331790188948314
Epoch:10, training loss:0.10506455848614375
----------------------------
Start validation ...
Validation error:0.09691771119832993
Validation error:0.09691771119832993
New best model saved at epoch 10 with validation error 0.09691771119832993
Save model checkpoints ... 
Save pial surface mesh ... 
Maximum allocated GPU memory: 1.95 GiB
Finish validation.
----------------------------
Epoch:11, training loss:0.10118652880191803
Epoch:12, training loss:0.09388907502094905
Epoch:13, training loss:0.09142368286848068
Epoch:14, training loss:0.08672591050465901
Epoch:15, training loss:0.08540566513935725
Epoch:16, training loss:0.08271003017822902
Epoch:17, training loss:0.08153573423624039
Epoch:18, training loss:0.07961785544951756
Epoch:19, training loss:0.07826338956753413
Epoch:20, training loss:0.07709449778000514
----------------------------
Start validation ...
Validation error:0.07122346013784409
Validation error:0.07122346013784409
New best model saved at epoch 20 with validation error 0.07122346013784409
Save model checkpoints ... 
Save pial surface mesh ... 
Maximum allocated GPU memory: 1.95 GiB
Finish validation.
----------------------------
Epoch:21, training loss:0.07598408063252766
Epoch:22, training loss:0.07469553500413895
Epoch:23, training loss:0.07419435183207194
Epoch:24, training loss:0.07380442569653194
Epoch:25, training loss:0.07254097610712051
Epoch:26, training loss:0.07223472744226456
Epoch:27, training loss:0.07145081957181294
Epoch:28, training loss:0.07049086689949036
Epoch:29, training loss:0.06988214949766795
Epoch:30, training loss:0.0698567455013593
----------------------------
Start validation ...
Validation error:0.06454367190599442
Validation error:0.06454367190599442
New best model saved at epoch 30 with validation error 0.06454367190599442
Save model checkpoints ... 
Save pial surface mesh ... 
Maximum allocated GPU memory: 1.96 GiB
Finish validation.
----------------------------
Epoch:31, training loss:0.06915721048911412
Epoch:32, training loss:0.0685416708389918
Epoch:33, training loss:0.0682135783135891
Epoch:34, training loss:0.0674297461907069
Epoch:35, training loss:0.06711806356906891
Epoch:36, training loss:0.06688742339611053
Epoch:37, training loss:0.06637322157621384
Epoch:38, training loss:0.06598890324433644
Epoch:39, training loss:0.06570786361893018
Epoch:40, training loss:0.06571012114485104
----------------------------
Start validation ...
Validation error:0.061128586530685425
Validation error:0.061128586530685425
New best model saved at epoch 40 with validation error 0.061128586530685425
Save model checkpoints ... 
Save pial surface mesh ... 
Maximum allocated GPU memory: 1.96 GiB
Finish validation.
----------------------------
Epoch:41, training loss:0.06574371208747228
Epoch:42, training loss:0.06490420550107956
Epoch:43, training loss:0.06489500403404236
Epoch:44, training loss:0.06460857018828392
Epoch:45, training loss:0.06393149495124817
Epoch:46, training loss:0.0638111246128877
Epoch:47, training loss:0.06369770939151446
Epoch:48, training loss:0.06338231265544891
Epoch:49, training loss:0.06297914932171504
Epoch:50, training loss:0.06289751082658768
----------------------------
Start validation ...
Validation error:0.05857965722680092
Validation error:0.05857965722680092
New best model saved at epoch 50 with validation error 0.05857965722680092
Save model checkpoints ... 
Save pial surface mesh ... 
Maximum allocated GPU memory: 1.96 GiB
Finish validation.
----------------------------
Epoch:51, training loss:0.06276565293471019
Epoch:52, training loss:0.06250408664345741
Epoch:53, training loss:0.062309938172499336
Epoch:54, training loss:0.06201386824250221
Epoch:55, training loss:0.06187329441308975
Epoch:56, training loss:0.06174422552188238
Epoch:57, training loss:0.06146631141503652
Epoch:58, training loss:0.06134279196461042
Epoch:59, training loss:0.06126253306865692
Epoch:60, training loss:0.061074160039424896
----------------------------
Start validation ...
Validation error:0.05690222606062889
Validation error:0.05690222606062889
New best model saved at epoch 60 with validation error 0.05690222606062889
Save model checkpoints ... 
Save pial surface mesh ... 
Maximum allocated GPU memory: 1.96 GiB
Finish validation.
----------------------------
Epoch:61, training loss:0.06078182409207026
Epoch:62, training loss:0.06081017106771469
Epoch:63, training loss:0.06045924251278242
Epoch:64, training loss:0.060454891373713814
Epoch:65, training loss:0.06033064921696981
Epoch:66, training loss:0.06022632991274198
Epoch:67, training loss:0.05980318412184715
Epoch:68, training loss:0.059916542222102485
Epoch:69, training loss:0.0596805065870285
Epoch:70, training loss:0.05944115792711576
----------------------------
Start validation ...
Validation error:0.05561944469809532
Validation error:0.05561944469809532
New best model saved at epoch 70 with validation error 0.05561944469809532
Save model checkpoints ... 
Save pial surface mesh ... 
Maximum allocated GPU memory: 1.96 GiB
Finish validation.
----------------------------
Epoch:71, training loss:0.059511358539263405
Epoch:72, training loss:0.05945199728012085
Epoch:73, training loss:0.059143729507923126
Epoch:74, training loss:0.059088541815678276
Epoch:75, training loss:0.059113201995690666
Epoch:76, training loss:0.05894240985314051
Epoch:77, training loss:0.058726195245981216
Epoch:78, training loss:0.0585314097503821
Epoch:79, training loss:0.05865121756990751
Epoch:80, training loss:0.05826754247148832
----------------------------
Start validation ...
Validation error:0.054600052535533905
Validation error:0.054600052535533905
New best model saved at epoch 80 with validation error 0.054600052535533905
Save model checkpoints ... 
Save pial surface mesh ... 
Maximum allocated GPU memory: 1.96 GiB
Finish validation.
----------------------------
Epoch:81, training loss:0.05819671104351679
Epoch:82, training loss:0.05823542674382528
Epoch:83, training loss:0.05797181030114492
Epoch:84, training loss:0.05795089900493622
Epoch:85, training loss:0.05779943987727165
Epoch:86, training loss:0.05778150632977486
Epoch:87, training loss:0.057594322909911476
Epoch:88, training loss:0.05750284964839617
Epoch:89, training loss:0.05733412876725197
Epoch:90, training loss:0.05732044825951258
----------------------------
Start validation ...
Validation error:0.05367959290742874
Validation error:0.05367959290742874
New best model saved at epoch 90 with validation error 0.05367959290742874
Save model checkpoints ... 
Save pial surface mesh ... 
Maximum allocated GPU memory: 1.96 GiB
Finish validation.
----------------------------
Epoch:91, training loss:0.057231951504945755
Epoch:92, training loss:0.05698655049006144
Epoch:93, training loss:0.05723161747058233
Epoch:94, training loss:0.057372551411390305
Epoch:95, training loss:0.05742559706171354
Epoch:96, training loss:0.057173676788806915
Epoch:97, training loss:0.056962917248408
Epoch:98, training loss:0.056531632939974465
Epoch:99, training loss:0.056894431511561074
Epoch:100, training loss:0.056758845845858254
----------------------------
Start validation ...
Validation error:0.05377357080578804
Validation error:0.05377357080578804
Save model checkpoints ... 
Save pial surface mesh ... 
Maximum allocated GPU memory: 1.96 GiB
Finish validation.
----------------------------
Epoch:101, training loss:0.056829340755939484
Epoch:102, training loss:0.05721545467774073
Epoch:103, training loss:0.057459848622481026
Epoch:104, training loss:0.05710861583550771
Epoch:105, training loss:0.05660871167977651
Epoch:106, training loss:0.056932161251703896
Epoch:107, training loss:0.056950281063715615
Epoch:108, training loss:0.0563849521179994
Epoch:109, training loss:0.055928596605857216
Epoch:110, training loss:0.05574409166971842
----------------------------
Start validation ...
Validation error:0.052183911204338074
Validation error:0.052183911204338074
New best model saved at epoch 110 with validation error 0.052183911204338074
Save model checkpoints ... 
Save pial surface mesh ... 
Maximum allocated GPU memory: 1.96 GiB
Finish validation.
----------------------------
Epoch:111, training loss:0.05551184589664141
Epoch:112, training loss:0.055652050922314324
Epoch:113, training loss:0.05539127066731453
Epoch:114, training loss:0.05528863022724787
Epoch:115, training loss:0.055193049212296806
Epoch:116, training loss:0.0550696055094401
Epoch:117, training loss:0.055032954861720405
Epoch:118, training loss:0.05522697667280833
Epoch:119, training loss:0.055301956832408905
Epoch:120, training loss:0.05490816384553909
----------------------------
Start validation ...
Validation error:0.05157693475484848
Validation error:0.05157693475484848
New best model saved at epoch 120 with validation error 0.05157693475484848
Save model checkpoints ... 
Save pial surface mesh ... 
Maximum allocated GPU memory: 1.96 GiB
Finish validation.
----------------------------
Epoch:121, training loss:0.05494126801689466
Epoch:122, training loss:0.054711610078811646
Epoch:123, training loss:0.05485308915376663
Epoch:124, training loss:0.05470012500882149
Epoch:125, training loss:0.05487599968910217
Epoch:126, training loss:0.05450313786665598
Epoch:127, training loss:0.05442658190925916
Epoch:128, training loss:0.05443453664580981
Epoch:129, training loss:0.05440724641084671
Epoch:130, training loss:0.0543782077729702
----------------------------
Start validation ...
Validation error:0.050990309566259384
Validation error:0.050990309566259384
New best model saved at epoch 130 with validation error 0.050990309566259384
Save model checkpoints ... 
Save pial surface mesh ... 
Maximum allocated GPU memory: 1.96 GiB
Finish validation.
----------------------------
Epoch:131, training loss:0.054105578611294426
Epoch:132, training loss:0.0541766124467055
Epoch:133, training loss:0.05385082960128784
Epoch:134, training loss:0.053831769774357476
Epoch:135, training loss:0.05375541001558304
Epoch:136, training loss:0.05363827074567477
Epoch:137, training loss:0.053584290047486625
Epoch:138, training loss:0.053444862365722656
Epoch:139, training loss:0.05382021268208822
Epoch:140, training loss:0.05378654599189758
----------------------------
Start validation ...
Validation error:0.05032261461019516
Validation error:0.05032261461019516
New best model saved at epoch 140 with validation error 0.05032261461019516
Save model checkpoints ... 
Save pial surface mesh ... 
Maximum allocated GPU memory: 1.96 GiB
Finish validation.
----------------------------
Epoch:141, training loss:0.05334260066350301
Epoch:142, training loss:0.053188336392243706
Epoch:143, training loss:0.053321804851293564
Epoch:144, training loss:0.05359369516372681
Epoch:145, training loss:0.05328315248092016
Epoch:146, training loss:0.05335983633995056
Epoch:147, training loss:0.05334856112798055
Epoch:148, training loss:0.05376309404770533
Epoch:149, training loss:0.053728505969047546
Epoch:150, training loss:0.053417645394802094
----------------------------
Start validation ...
Validation error:0.05090894177556038
Validation error:0.05090894177556038
Save model checkpoints ... 
Save pial surface mesh ... 
Maximum allocated GPU memory: 1.96 GiB
Finish validation.
----------------------------
Epoch:151, training loss:0.0533315564195315
Epoch:152, training loss:0.053133223205804825
Epoch:153, training loss:0.05298583209514618
Epoch:154, training loss:0.05325648685296377
Epoch:155, training loss:0.053443729877471924
Epoch:156, training loss:0.052525363862514496
Epoch:157, training loss:0.05243530993660291
Epoch:158, training loss:0.05240905905763308
Epoch:159, training loss:0.05257641399900118
Epoch:160, training loss:0.052232131361961365
----------------------------
Start validation ...
Validation error:0.0498909093439579
Validation error:0.0498909093439579
New best model saved at epoch 160 with validation error 0.0498909093439579
Save model checkpoints ... 
Save pial surface mesh ... 
Maximum allocated GPU memory: 1.96 GiB
Finish validation.
----------------------------
Epoch:161, training loss:0.052470696469148
Epoch:162, training loss:0.05239886542161306
Epoch:163, training loss:0.05224850152929624
Epoch:164, training loss:0.05214729284246763
Epoch:165, training loss:0.05201168234149615
Epoch:166, training loss:0.0519928423066934
Epoch:167, training loss:0.051799215376377106
Epoch:168, training loss:0.05194747820496559
Epoch:169, training loss:0.052189807097117104
Epoch:170, training loss:0.052280817180871964
----------------------------
Start validation ...
Validation error:0.04916628822684288
Validation error:0.04916628822684288
New best model saved at epoch 170 with validation error 0.04916628822684288
Save model checkpoints ... 
Save pial surface mesh ... 
Maximum allocated GPU memory: 1.96 GiB
Finish validation.
----------------------------
Epoch:171, training loss:0.05191857119401296
Epoch:172, training loss:0.05178428068757057
Epoch:173, training loss:0.05189809327324232
Epoch:174, training loss:0.05195113147298495
Epoch:175, training loss:0.05157888556520144
Epoch:176, training loss:0.051486616333325706
Epoch:177, training loss:0.05143901829918226
Epoch:178, training loss:0.05146258821090063
Epoch:179, training loss:0.05128061771392822
Epoch:180, training loss:0.05149482314785322
----------------------------
Start validation ...
Validation error:0.04895781725645065
Validation error:0.04895781725645065
New best model saved at epoch 180 with validation error 0.04895781725645065
Save model checkpoints ... 
Save pial surface mesh ... 
Maximum allocated GPU memory: 1.96 GiB
Finish validation.
----------------------------
Epoch:181, training loss:0.051456755648056664
Epoch:182, training loss:0.051104592780272164
Epoch:183, training loss:0.051115533957878746
Epoch:184, training loss:0.05102847268184026
Epoch:185, training loss:0.05121977006395658
Epoch:186, training loss:0.050831012427806854
Epoch:187, training loss:0.05108065406481425
Epoch:188, training loss:0.050980180501937866
Epoch:189, training loss:0.050857762495676674
Epoch:190, training loss:0.050921496003866196
----------------------------
Start validation ...
Validation error:0.048787545412778854
Validation error:0.048787545412778854
New best model saved at epoch 190 with validation error 0.048787545412778854
Save model checkpoints ... 
Save pial surface mesh ... 
Maximum allocated GPU memory: 1.96 GiB
Finish validation.
----------------------------
Epoch:191, training loss:0.051026467233896255
Epoch:192, training loss:0.0508538285891215
Epoch:193, training loss:0.050797250121831894
Epoch:194, training loss:0.050887107849121094
Epoch:195, training loss:0.050614683578411736
Epoch:196, training loss:0.050696628789107
Epoch:197, training loss:0.050825223326683044
Epoch:198, training loss:0.05052092050512632
Epoch:199, training loss:0.05051360403498014
Epoch:200, training loss:0.050419596334298454
----------------------------
Start validation ...
Validation error:0.04807836189866066
Validation error:0.04807836189866066
New best model saved at epoch 200 with validation error 0.04807836189866066
Save model checkpoints ... 
Save pial surface mesh ... 
Maximum allocated GPU memory: 1.96 GiB
Finish validation.
----------------------------
Epoch:201, training loss:0.05030683055520058
Epoch:202, training loss:0.0503484308719635
Epoch:203, training loss:0.05040854215621948
Epoch:204, training loss:0.05044301971793175
Epoch:205, training loss:0.050358531375726066
Epoch:206, training loss:0.05008470515410105
Epoch:207, training loss:0.0500359944999218
Epoch:208, training loss:0.050006562223037086
Epoch:209, training loss:0.05004593978325526
Epoch:210, training loss:0.049903487165768944
----------------------------
Start validation ...
Validation error:0.04768538102507591
Validation error:0.04768538102507591
New best model saved at epoch 210 with validation error 0.04768538102507591
Save model checkpoints ... 
Save pial surface mesh ... 
Maximum allocated GPU memory: 1.96 GiB
Finish validation.
----------------------------
Epoch:211, training loss:0.04983400677641233
Epoch:212, training loss:0.04976340010762215
Epoch:213, training loss:0.04988117267688116
Epoch:214, training loss:0.04977722962697347
Epoch:215, training loss:0.05017237737774849
Epoch:216, training loss:0.049955981473128
Epoch:217, training loss:0.04971552143494288
Epoch:218, training loss:0.049616859604914985
Epoch:219, training loss:0.049858891715606056
Epoch:220, training loss:0.04968309526642164
----------------------------
Start validation ...
Validation error:0.04742121696472168
Validation error:0.04742121696472168
New best model saved at epoch 220 with validation error 0.04742121696472168
Save model checkpoints ... 
Save pial surface mesh ... 
Maximum allocated GPU memory: 1.96 GiB
Finish validation.
----------------------------
Epoch:221, training loss:0.049557384103536606
Epoch:222, training loss:0.049517509837945305
Epoch:223, training loss:0.04952652007341385
Epoch:224, training loss:0.04978614052136739
Epoch:225, training loss:0.049521904438734055
Epoch:226, training loss:0.0495936373869578
Epoch:227, training loss:0.04973037292559942
Epoch:228, training loss:0.050224738816420235
Epoch:229, training loss:0.04985754688580831
Epoch:230, training loss:0.04947562888264656
----------------------------
Start validation ...
Validation error:0.047238901257514954
Validation error:0.047238901257514954
New best model saved at epoch 230 with validation error 0.047238901257514954
Save model checkpoints ... 
Save pial surface mesh ... 
Maximum allocated GPU memory: 1.96 GiB
Finish validation.
----------------------------
Epoch:231, training loss:0.04971761008103689
Epoch:232, training loss:0.049845218658447266
Epoch:233, training loss:0.05027010664343834
Epoch:234, training loss:0.05040136600534121
Epoch:235, training loss:0.04971284667650858
Epoch:236, training loss:0.049453998605410256
Epoch:237, training loss:0.0493174542983373
Epoch:238, training loss:0.04944560552636782
Epoch:239, training loss:0.049433679630359016
Epoch:240, training loss:0.0489962100982666
----------------------------
Start validation ...
Validation error:0.04718898981809616
Validation error:0.04718898981809616
New best model saved at epoch 240 with validation error 0.04718898981809616
Save model checkpoints ... 
Save pial surface mesh ... 
Maximum allocated GPU memory: 1.96 GiB
Finish validation.
----------------------------
Epoch:241, training loss:0.04878165448705355
Epoch:242, training loss:0.048919652899106346
Epoch:243, training loss:0.04904016976555189
Epoch:244, training loss:0.04953168456753095
Epoch:245, training loss:0.04918009166916212
Epoch:246, training loss:0.049094283332427345
Epoch:247, training loss:0.04884964972734451
Epoch:248, training loss:0.04890695959329605
Epoch:249, training loss:0.04894802098472913
Epoch:250, training loss:0.048500534147024155
----------------------------
Start validation ...
Validation error:0.04701968654990196
Validation error:0.04701968654990196
New best model saved at epoch 250 with validation error 0.04701968654990196
Save model checkpoints ... 
Save pial surface mesh ... 
Maximum allocated GPU memory: 1.96 GiB
Finish validation.
----------------------------
Epoch:251, training loss:0.04860267291466395
Epoch:252, training loss:0.04859200492501259
Epoch:253, training loss:0.04844911893208822
Epoch:254, training loss:0.04838038608431816
Epoch:255, training loss:0.04839995255072912
Epoch:256, training loss:0.048373233526945114
Epoch:257, training loss:0.048192268858353295
Epoch:258, training loss:0.048603822787602745
Epoch:259, training loss:0.04891586552063624
Epoch:260, training loss:0.04817678903539976
----------------------------
Start validation ...
Validation error:0.04645860195159912
Validation error:0.04645860195159912
New best model saved at epoch 260 with validation error 0.04645860195159912
Save model checkpoints ... 
Save pial surface mesh ... 
Maximum allocated GPU memory: 1.96 GiB
Finish validation.
----------------------------
Epoch:261, training loss:0.04832190896073977
Epoch:262, training loss:0.0484005423883597
Epoch:263, training loss:0.04826448857784271
Epoch:264, training loss:0.04825404907266299
Epoch:265, training loss:0.04862078279256821
Epoch:266, training loss:0.04819411039352417
Epoch:267, training loss:0.04803058008352915
Epoch:268, training loss:0.04840404664476713
Epoch:269, training loss:0.048289235681295395
Epoch:270, training loss:0.04851283753911654
----------------------------
Start validation ...
Validation error:0.04644344374537468
Validation error:0.04644344374537468
New best model saved at epoch 270 with validation error 0.04644344374537468
Save model checkpoints ... 
Save pial surface mesh ... 
Maximum allocated GPU memory: 1.96 GiB
Finish validation.
----------------------------
Epoch:271, training loss:0.048208088924487434
Epoch:272, training loss:0.0478856253127257
Epoch:273, training loss:0.047895687321821846
Epoch:274, training loss:0.047943420708179474
Epoch:275, training loss:0.047821282098690666
Epoch:276, training loss:0.047844054798285164
Epoch:277, training loss:0.04783915231625239
Epoch:278, training loss:0.048143566896518074
Epoch:279, training loss:0.04774672041336695
Epoch:280, training loss:0.04803589731454849
----------------------------
Start validation ...
Validation error:0.045754555612802505
Validation error:0.045754555612802505
New best model saved at epoch 280 with validation error 0.045754555612802505
Save model checkpoints ... 
Save pial surface mesh ... 
Maximum allocated GPU memory: 1.96 GiB
Finish validation.
----------------------------
Epoch:281, training loss:0.04769754037261009
Epoch:282, training loss:0.04760178426901499
Epoch:283, training loss:0.04758300383885702
Epoch:284, training loss:0.047538371135791145
Epoch:285, training loss:0.04728392759958903
Epoch:286, training loss:0.0473898413280646
Epoch:287, training loss:0.047263581305742264
Epoch:288, training loss:0.047248893727858864
Epoch:289, training loss:0.047509100288152695
Epoch:290, training loss:0.04773018757502238
----------------------------
Start validation ...
Validation error:0.04559474065899849
Validation error:0.04559474065899849
New best model saved at epoch 290 with validation error 0.04559474065899849
Save model checkpoints ... 
Save pial surface mesh ... 
Maximum allocated GPU memory: 1.96 GiB
Finish validation.
----------------------------
Epoch:291, training loss:0.04783951242764791
Epoch:292, training loss:0.047840834905703865
Epoch:293, training loss:0.04750253508488337
Epoch:294, training loss:0.04778179774681727
Epoch:295, training loss:0.047556787729263306
Epoch:296, training loss:0.047404746214548744
Epoch:297, training loss:0.047666611770788826
Epoch:298, training loss:0.04821064447363218
Epoch:299, training loss:0.04789686699708303
Epoch:300, training loss:0.047762482116619744
----------------------------
Start validation ...
Validation error:0.046176597476005554
Validation error:0.046176597476005554
Save model checkpoints ... 
Save pial surface mesh ... 
Maximum allocated GPU memory: 1.96 GiB
Finish validation.
----------------------------
Epoch:301, training loss:0.04743840917944908
Epoch:302, training loss:0.04743936906258265
Epoch:303, training loss:0.04749243582288424
Epoch:304, training loss:0.04703905681769053
Epoch:305, training loss:0.04706115648150444
Epoch:306, training loss:0.04736268644531568
Epoch:307, training loss:0.04723324999213219
Epoch:308, training loss:0.047778831173976265
Epoch:309, training loss:0.04745273912946383
Epoch:310, training loss:0.0475760909418265
----------------------------
Start validation ...
Validation error:0.04552774131298065
Validation error:0.04552774131298065
New best model saved at epoch 310 with validation error 0.04552774131298065
Save model checkpoints ... 
Save pial surface mesh ... 
Maximum allocated GPU memory: 1.96 GiB
Finish validation.
----------------------------
Epoch:311, training loss:0.04757842794060707
Epoch:312, training loss:0.047453089306751885
Epoch:313, training loss:0.04726735378305117
Epoch:314, training loss:0.04715683311223984
Epoch:315, training loss:0.04735742385188738
Epoch:316, training loss:0.0470522033671538
Epoch:317, training loss:0.046848587691783905
Epoch:318, training loss:0.04673626025517782
Epoch:319, training loss:0.04681691527366638
Epoch:320, training loss:0.04667047659556071
----------------------------
Start validation ...
Validation error:0.04541412740945816
Validation error:0.04541412740945816
New best model saved at epoch 320 with validation error 0.04541412740945816
Save model checkpoints ... 
Save pial surface mesh ... 
Maximum allocated GPU memory: 1.96 GiB
Finish validation.
----------------------------
Epoch:321, training loss:0.04712896918257078
Epoch:322, training loss:0.04672964538137118
Epoch:323, training loss:0.04672040666143099
Epoch:324, training loss:0.04672573382655779
Epoch:325, training loss:0.04695475101470947
Epoch:326, training loss:0.04680110762516657
Epoch:327, training loss:0.04642516002058983
Epoch:328, training loss:0.046358692149321236
Epoch:329, training loss:0.046393209447463356
Epoch:330, training loss:0.04626435413956642
----------------------------
Start validation ...
Validation error:0.04503866285085678
Validation error:0.04503866285085678
New best model saved at epoch 330 with validation error 0.04503866285085678
Save model checkpoints ... 
Save pial surface mesh ... 
Maximum allocated GPU memory: 1.96 GiB
Finish validation.
----------------------------
Epoch:331, training loss:0.04638918365041415
Epoch:332, training loss:0.04673253744840622
Epoch:333, training loss:0.04686626295248667
Epoch:334, training loss:0.046392412235339485
Epoch:335, training loss:0.04676767811179161
Epoch:336, training loss:0.04620447754859924
Epoch:337, training loss:0.04647058621048927
Epoch:338, training loss:0.04619263485074043
Epoch:339, training loss:0.04608574012915293
Epoch:340, training loss:0.04607963189482689
----------------------------
Start validation ...
Validation error:0.04483203962445259
Validation error:0.04483203962445259
New best model saved at epoch 340 with validation error 0.04483203962445259
Save model checkpoints ... 
Save pial surface mesh ... 
Maximum allocated GPU memory: 1.96 GiB
Finish validation.
----------------------------
Epoch:341, training loss:0.0462654617925485
Epoch:342, training loss:0.046442411839962006
Epoch:343, training loss:0.04615052416920662
Epoch:344, training loss:0.04623437921206156
Epoch:345, training loss:0.04588550080855688
Epoch:346, training loss:0.046002097427845
Epoch:347, training loss:0.04584838077425957
Epoch:348, training loss:0.04587956393758456
Epoch:349, training loss:0.04596978550155958
Epoch:350, training loss:0.04622801020741463
----------------------------
Start validation ...
Validation error:0.045295894145965576
Validation error:0.045295894145965576
Save model checkpoints ... 
Save pial surface mesh ... 
Maximum allocated GPU memory: 1.96 GiB
Finish validation.
----------------------------
Epoch:351, training loss:0.04679126168290774
Epoch:352, training loss:0.046313157926003136
Epoch:353, training loss:0.046123526990413666
Epoch:354, training loss:0.0459957147638003
Epoch:355, training loss:0.04593722646435102
Epoch:356, training loss:0.045596169928709664
Epoch:357, training loss:0.04558595518271128
Epoch:358, training loss:0.04562383641799291
Epoch:359, training loss:0.04575242102146149
Epoch:360, training loss:0.04588703935345014
----------------------------
Start validation ...
Validation error:0.04468010738492012
Validation error:0.04468010738492012
New best model saved at epoch 360 with validation error 0.04468010738492012
Save model checkpoints ... 
Save pial surface mesh ... 
Maximum allocated GPU memory: 1.96 GiB
Finish validation.
----------------------------
Epoch:361, training loss:0.04620071997245153
Epoch:362, training loss:0.04594601442416509
Epoch:363, training loss:0.0458438607553641
Epoch:364, training loss:0.04575801764925321
Epoch:365, training loss:0.045697382340828575
Epoch:366, training loss:0.04593367129564285
Epoch:367, training loss:0.04630704472462336
Epoch:368, training loss:0.04647670562068621
Epoch:369, training loss:0.04587730516990026
Epoch:370, training loss:0.04559754207730293
----------------------------
Start validation ...
Validation error:0.0444067008793354
Validation error:0.0444067008793354
New best model saved at epoch 370 with validation error 0.0444067008793354
Save model checkpoints ... 
Save pial surface mesh ... 
Maximum allocated GPU memory: 1.96 GiB
Finish validation.
----------------------------
Epoch:371, training loss:0.04542257512609164
Epoch:372, training loss:0.04560472319523493
Epoch:373, training loss:0.045607431481281914
Epoch:374, training loss:0.0452544130384922
Epoch:375, training loss:0.04525436833500862
Epoch:376, training loss:0.04522604371110598
Epoch:377, training loss:0.045251855005820595
Epoch:378, training loss:0.04541321968038877
Epoch:379, training loss:0.0460007389386495
Epoch:380, training loss:0.04623516649007797
----------------------------
Start validation ...
Validation error:0.045263875275850296
Validation error:0.045263875275850296
Save model checkpoints ... 
Save pial surface mesh ... 
Maximum allocated GPU memory: 1.96 GiB
Finish validation.
----------------------------
Epoch:381, training loss:0.045735099663337074
Epoch:382, training loss:0.04586716741323471
Epoch:383, training loss:0.04624267295002937
Epoch:384, training loss:0.04567355290055275
Epoch:385, training loss:0.04568443447351456
Epoch:386, training loss:0.04578467706839243
Epoch:387, training loss:0.045669695983330406
Epoch:388, training loss:0.045043994983037315
Epoch:389, training loss:0.045042709757884346
Epoch:390, training loss:0.045047737658023834
----------------------------
Start validation ...
Validation error:0.043981749564409256
Validation error:0.043981749564409256
New best model saved at epoch 390 with validation error 0.043981749564409256
Save model checkpoints ... 
Save pial surface mesh ... 
Maximum allocated GPU memory: 1.96 GiB
Finish validation.
----------------------------
Epoch:391, training loss:0.04498789583643278
Epoch:392, training loss:0.04488992070158323
Epoch:393, training loss:0.04502349222699801
Epoch:394, training loss:0.045448239892721176
Epoch:395, training loss:0.045900763322909675
Epoch:396, training loss:0.04536489645640055
Epoch:397, training loss:0.04517529532313347
Epoch:398, training loss:0.045032346000274025
Epoch:399, training loss:0.04485709220170975
Epoch:400, training loss:0.04484382023413976
----------------------------
Start validation ...
Validation error:0.044337883591651917
Validation error:0.044337883591651917
Save model checkpoints ... 
Save pial surface mesh ... 
Maximum allocated GPU memory: 1.96 GiB
Finish validation.
----------------------------
Epoch:401, training loss:0.044921004523833595
Epoch:402, training loss:0.04478009417653084
Epoch:403, training loss:0.04508136957883835
Epoch:404, training loss:0.04510993262132009
Epoch:405, training loss:0.045038616905609764
Epoch:406, training loss:0.04505487655599912
Epoch:407, training loss:0.04476885870099068
Epoch:408, training loss:0.044956659277280174
Epoch:409, training loss:0.045148621002833046
Epoch:410, training loss:0.04476614172259966
----------------------------
Start validation ...
Validation error:0.04372182860970497
Validation error:0.04372182860970497
New best model saved at epoch 410 with validation error 0.04372182860970497
Save model checkpoints ... 
Save pial surface mesh ... 
Maximum allocated GPU memory: 1.96 GiB
Finish validation.
----------------------------
Epoch:411, training loss:0.04465818156798681
Epoch:412, training loss:0.04479594901204109
Epoch:413, training loss:0.04460204392671585
Epoch:414, training loss:0.04454178114732107
Epoch:415, training loss:0.04451072961091995
Epoch:416, training loss:0.04474930837750435
Epoch:417, training loss:0.044993020594120026
Epoch:418, training loss:0.04457203671336174
Epoch:419, training loss:0.04461728036403656
Epoch:420, training loss:0.044606187691291176
----------------------------
Start validation ...
Validation error:0.04391755908727646
Validation error:0.04391755908727646
Save model checkpoints ... 
Save pial surface mesh ... 
Maximum allocated GPU memory: 1.96 GiB
Finish validation.
----------------------------
Epoch:421, training loss:0.044895714769760765
Epoch:422, training loss:0.044427540153265
Epoch:423, training loss:0.04464729751149813
Epoch:424, training loss:0.04455821340282758
Epoch:425, training loss:0.04426055525739988
Epoch:426, training loss:0.044627695033947624
Epoch:427, training loss:0.044950567185878754
Epoch:428, training loss:0.04464500769972801
Epoch:429, training loss:0.044489470620950065
Epoch:430, training loss:0.04477405920624733
----------------------------
Start validation ...
Validation error:0.04431886598467827
Validation error:0.04431886598467827
Save model checkpoints ... 
Save pial surface mesh ... 
Maximum allocated GPU memory: 1.96 GiB
Finish validation.
----------------------------
Epoch:431, training loss:0.045457455019156136
Epoch:432, training loss:0.04451179256041845
Epoch:433, training loss:0.044518242279688515
Epoch:434, training loss:0.04438508922855059
Epoch:435, training loss:0.044106331964333854
Epoch:436, training loss:0.044067926704883575
Epoch:437, training loss:0.04385914156834284
Epoch:438, training loss:0.04388474797209104
Epoch:439, training loss:0.043905348827441536
Epoch:440, training loss:0.044043333580096565
----------------------------
Start validation ...
Validation error:0.043627865612506866
Validation error:0.043627865612506866
New best model saved at epoch 440 with validation error 0.043627865612506866
Save model checkpoints ... 
Save pial surface mesh ... 
Maximum allocated GPU memory: 1.96 GiB
Finish validation.
----------------------------
Epoch:441, training loss:0.04414879779020945
Epoch:442, training loss:0.04427059615651766
Epoch:443, training loss:0.04438455278674761
Epoch:444, training loss:0.044268276542425156
Epoch:445, training loss:0.04401259124279022
Epoch:446, training loss:0.043879032135009766
Epoch:447, training loss:0.04386452088753382
Epoch:448, training loss:0.04376837611198425
Epoch:449, training loss:0.04373981306950251
Epoch:450, training loss:0.04375242441892624
----------------------------
Start validation ...
Validation error:0.043528664857149124
Validation error:0.043528664857149124
New best model saved at epoch 450 with validation error 0.043528664857149124
Save model checkpoints ... 
Save pial surface mesh ... 
Maximum allocated GPU memory: 1.96 GiB
Finish validation.
----------------------------
Epoch:451, training loss:0.04419396941860517
Epoch:452, training loss:0.04374643415212631
Epoch:453, training loss:0.04396392529209455
Epoch:454, training loss:0.04402698824803034
Epoch:455, training loss:0.043851847449938454
Epoch:456, training loss:0.04444860170284907
Epoch:457, training loss:0.04397852470477422
Epoch:458, training loss:0.04378130907813708
Epoch:459, training loss:0.04364503795901934
Epoch:460, training loss:0.04352764164408048
----------------------------
Start validation ...
Validation error:0.0430847629904747
Validation error:0.0430847629904747
New best model saved at epoch 460 with validation error 0.0430847629904747
Save model checkpoints ... 
Save pial surface mesh ... 
Maximum allocated GPU memory: 1.96 GiB
Finish validation.
----------------------------
Epoch:461, training loss:0.04360965391000112
Epoch:462, training loss:0.04369113842646281
Epoch:463, training loss:0.04360131919384003
Epoch:464, training loss:0.04364390919605891
Epoch:465, training loss:0.04364916558067004
Epoch:466, training loss:0.04336280251542727
Epoch:467, training loss:0.043460084746281304
Epoch:468, training loss:0.04339194421966871
Epoch:469, training loss:0.043360982090234756
Epoch:470, training loss:0.04367291430632273
----------------------------
Start validation ...
Validation error:0.04320472106337547
Validation error:0.04320472106337547
Save model checkpoints ... 
Save pial surface mesh ... 
Maximum allocated GPU memory: 1.96 GiB
Finish validation.
----------------------------
Epoch:471, training loss:0.04397002855936686
Epoch:472, training loss:0.04361508289972941
Epoch:473, training loss:0.04427769283453623
Epoch:474, training loss:0.04397475843628248
Epoch:475, training loss:0.043765040735403694
Epoch:476, training loss:0.0435342974960804
Epoch:477, training loss:0.04344625646869341
Epoch:478, training loss:0.043498476346333824
Epoch:479, training loss:0.04372805977861086
Epoch:480, training loss:0.043554709603389107
----------------------------
Start validation ...
Validation error:0.04351595416665077
Validation error:0.04351595416665077
Save model checkpoints ... 
Save pial surface mesh ... 
Maximum allocated GPU memory: 1.96 GiB
Finish validation.
----------------------------
Epoch:481, training loss:0.043825571735699974
Epoch:482, training loss:0.04338132217526436
Epoch:483, training loss:0.04420283064246178
Epoch:484, training loss:0.0444518451889356
Epoch:485, training loss:0.04398023212949435
Epoch:486, training loss:0.043369183937708534
Epoch:487, training loss:0.04322331274549166
Epoch:488, training loss:0.04351801797747612
Epoch:489, training loss:0.044412647684415184
Epoch:490, training loss:0.044302248706420265
----------------------------
Start validation ...
Validation error:0.04381659999489784
Validation error:0.04381659999489784
Save model checkpoints ... 
Save pial surface mesh ... 
Maximum allocated GPU memory: 1.96 GiB
Finish validation.
----------------------------
Epoch:491, training loss:0.04457390556732813
Epoch:492, training loss:0.04414054875572523
Epoch:493, training loss:0.04431888461112976
Epoch:494, training loss:0.043856156369050346
Epoch:495, training loss:0.04358403757214546
Epoch:496, training loss:0.04357703899343809
Epoch:497, training loss:0.04335391273101171
Epoch:498, training loss:0.04374908780058225
Epoch:499, training loss:0.04366333782672882
Epoch:500, training loss:0.04403631389141083
----------------------------
Start validation ...
Validation error:0.04323621094226837
Validation error:0.04323621094226837
Save model checkpoints ... 
Save pial surface mesh ... 
Maximum allocated GPU memory: 1.96 GiB
Finish validation.
----------------------------
Epoch:501, training loss:0.043847781916459404
Epoch:502, training loss:0.04315774763623873
Epoch:503, training loss:0.04340587556362152
Epoch:504, training loss:0.04326115300258001
Epoch:505, training loss:0.04345160350203514
Epoch:506, training loss:0.042867761105298996
Epoch:507, training loss:0.04289488618572553
Epoch:508, training loss:0.04311910271644592
Epoch:509, training loss:0.04411018639802933
Epoch:510, training loss:0.04334915801882744
----------------------------
Start validation ...
Validation error:0.04316036403179169
Validation error:0.04316036403179169
Save model checkpoints ... 
Save pial surface mesh ... 
Maximum allocated GPU memory: 1.96 GiB
Finish validation.
----------------------------
Epoch:511, training loss:0.043413630376259484
Epoch:512, training loss:0.042861362298329674
Epoch:513, training loss:0.04280951122442881
Epoch:514, training loss:0.043305582056442894
Epoch:515, training loss:0.043864380568265915
Epoch:516, training loss:0.04273690531651179
Epoch:517, training loss:0.04291768247882525
Epoch:518, training loss:0.04324730113148689
Epoch:519, training loss:0.04326959575215975
Epoch:520, training loss:0.042663972824811935
----------------------------
Start validation ...
Validation error:0.042482372373342514
Validation error:0.042482372373342514
New best model saved at epoch 520 with validation error 0.042482372373342514
Save model checkpoints ... 
Save pial surface mesh ... 
Maximum allocated GPU memory: 1.96 GiB
Finish validation.
----------------------------
Epoch:521, training loss:0.04265435164173444
Epoch:522, training loss:0.0427248515188694
Epoch:523, training loss:0.042660427590211235
Epoch:524, training loss:0.043212359150250755
Epoch:525, training loss:0.04382837563753128
Epoch:526, training loss:0.04323617989818255
Epoch:527, training loss:0.04332216704885165
Epoch:528, training loss:0.043911710381507874
Epoch:529, training loss:0.042933287719885506
Epoch:530, training loss:0.04294448345899582
----------------------------
Start validation ...
Validation error:0.042225711047649384
Validation error:0.042225711047649384
New best model saved at epoch 530 with validation error 0.042225711047649384
Save model checkpoints ... 
Save pial surface mesh ... 
Maximum allocated GPU memory: 1.96 GiB
Finish validation.
----------------------------
Epoch:531, training loss:0.04277865091959635
Epoch:532, training loss:0.04251911987860998
Epoch:533, training loss:0.043025143444538116
Epoch:534, training loss:0.043184585869312286
Epoch:535, training loss:0.04268176977833112
Epoch:536, training loss:0.04282152901093165
Epoch:537, training loss:0.04236058394114176
Epoch:538, training loss:0.042316969484090805
Epoch:539, training loss:0.04244109118978182
Epoch:540, training loss:0.04275481030344963
----------------------------
Start validation ...
Validation error:0.042786095291376114
Validation error:0.042786095291376114
Save model checkpoints ... 
Save pial surface mesh ... 
Maximum allocated GPU memory: 1.96 GiB
Finish validation.
----------------------------
Epoch:541, training loss:0.04333764190475146
Epoch:542, training loss:0.042907519886891045
Epoch:543, training loss:0.042636286467313766
Epoch:544, training loss:0.0429886964460214
Epoch:545, training loss:0.043072776248057686
Epoch:546, training loss:0.04233240460356077
Epoch:547, training loss:0.04234993581970533
Epoch:548, training loss:0.0424016738931338
Epoch:549, training loss:0.0422034760316213
Epoch:550, training loss:0.04225118334094683
----------------------------
Start validation ...
Validation error:0.04201708361506462
Validation error:0.04201708361506462
New best model saved at epoch 550 with validation error 0.04201708361506462
Save model checkpoints ... 
Save pial surface mesh ... 
Maximum allocated GPU memory: 1.96 GiB
Finish validation.
----------------------------
Epoch:551, training loss:0.04205025235811869
Epoch:552, training loss:0.04196967060367266
Epoch:553, training loss:0.04245653375983238
Epoch:554, training loss:0.04225070774555206
Epoch:555, training loss:0.042431765546401344
Epoch:556, training loss:0.04239954302708308
Epoch:557, training loss:0.042798505475123726
Epoch:558, training loss:0.043197779605786
Epoch:559, training loss:0.04259019841750463
Epoch:560, training loss:0.04287843406200409
----------------------------
Start validation ...
Validation error:0.04192061349749565
Validation error:0.04192061349749565
New best model saved at epoch 560 with validation error 0.04192061349749565
Save model checkpoints ... 
Save pial surface mesh ... 
Maximum allocated GPU memory: 1.96 GiB
Finish validation.
----------------------------
Epoch:561, training loss:0.042880368729432426
Epoch:562, training loss:0.043209479500850044
Epoch:563, training loss:0.04273673022786776
Epoch:564, training loss:0.04246861363450686
Epoch:565, training loss:0.0426594540476799
Epoch:566, training loss:0.043060094118118286
Epoch:567, training loss:0.04299249624212583
Epoch:568, training loss:0.04276625687877337
Epoch:569, training loss:0.042592802395423256
Epoch:570, training loss:0.0423324815928936
----------------------------
Start validation ...
Validation error:0.04173671454191208
Validation error:0.04173671454191208
New best model saved at epoch 570 with validation error 0.04173671454191208
Save model checkpoints ... 
Save pial surface mesh ... 
Maximum allocated GPU memory: 1.96 GiB
Finish validation.
----------------------------
Epoch:571, training loss:0.042266098161538444
Epoch:572, training loss:0.04198965181907018
Epoch:573, training loss:0.041938689847787224
Epoch:574, training loss:0.04184720292687416
Epoch:575, training loss:0.04198248560229937
Epoch:576, training loss:0.04172390575210253
Epoch:577, training loss:0.041684081157048546
Epoch:578, training loss:0.041838377714157104
Epoch:579, training loss:0.042091439167658486
Epoch:580, training loss:0.04177211473385493
----------------------------
Start validation ...
Validation error:0.042054902762174606
Validation error:0.042054902762174606
Save model checkpoints ... 
Save pial surface mesh ... 
Maximum allocated GPU memory: 1.96 GiB
Finish validation.
----------------------------
Epoch:581, training loss:0.042328214893738426
Epoch:582, training loss:0.04168138528863589
Epoch:583, training loss:0.04183724646766981
Epoch:584, training loss:0.041776809841394424
Epoch:585, training loss:0.04195163771510124
Epoch:586, training loss:0.042206590374310814
Epoch:587, training loss:0.04231967280308405
Epoch:588, training loss:0.04260964939991633
Epoch:589, training loss:0.04254473621646563
Epoch:590, training loss:0.04197181388735771
----------------------------
Start validation ...
Validation error:0.04227346181869507
Validation error:0.04227346181869507
Save model checkpoints ... 
Save pial surface mesh ... 
Maximum allocated GPU memory: 1.96 GiB
Finish validation.
----------------------------
Epoch:591, training loss:0.04220834871133169
Epoch:592, training loss:0.04198162133495013
Epoch:593, training loss:0.04200476532181104
Epoch:594, training loss:0.04176559547583262
Epoch:595, training loss:0.04167709747950236
Epoch:596, training loss:0.04146292184789976
Epoch:597, training loss:0.04159637540578842
Epoch:598, training loss:0.0414626399676005
Epoch:599, training loss:0.04179523388544718
Epoch:600, training loss:0.041599405308564506
----------------------------
Start validation ...
Validation error:0.04142053797841072
Validation error:0.04142053797841072
New best model saved at epoch 600 with validation error 0.04142053797841072
Save model checkpoints ... 
Save pial surface mesh ... 
Maximum allocated GPU memory: 1.96 GiB
Finish validation.
----------------------------
Finish training.
----------------------------
D
CC
