aa
bb
Combination: 0, 2
A
B
C
lh training
gnn: 0
layers: 2
trainlh.sh model is a pialgnn
----------------------------
Start loading dataset ...
numbers 100206
numbers 100307
numbers 100408
numbers 100610
MSE
Finish loading dataset. There are total 4 subjects.
Training data length 3
Validation data length 1
scaling factor  0.1
----------------------------
Start loading model ...
Model is CortexGNN
NLayerGCN 2
NLayerGCN 2
Finish loading model
----------------------------
Start training 600 epochs ...
Epoch:0, training loss:0.8543580373128256
----------------------------
Start validation ...
Validation error:0.5007120370864868
Validation error:0.5007120370864868
New best model saved at epoch 0 with validation error 0.5007120370864868
Save model checkpoints ... 
Save pial surface mesh ... 
Maximum allocated GPU memory: 1.95 GiB
Finish validation.
----------------------------
Epoch:1, training loss:0.5327811241149902
Epoch:2, training loss:0.3815224866072337
Epoch:3, training loss:0.22699936230977377
Epoch:4, training loss:0.2224717785914739
Epoch:5, training loss:0.16860707104206085
Epoch:6, training loss:0.1590625395377477
Epoch:7, training loss:0.15930335720380148
Epoch:8, training loss:0.1335503359635671
Epoch:9, training loss:0.13138567159573236
Epoch:10, training loss:0.11942209551731746
----------------------------
Start validation ...
Validation error:0.10326933860778809
Validation error:0.10326933860778809
New best model saved at epoch 10 with validation error 0.10326933860778809
Save model checkpoints ... 
Save pial surface mesh ... 
Maximum allocated GPU memory: 1.96 GiB
Finish validation.
----------------------------
Epoch:11, training loss:0.10802536457777023
Epoch:12, training loss:0.10514902323484421
Epoch:13, training loss:0.09659322599569957
Epoch:14, training loss:0.0945572704076767
Epoch:15, training loss:0.09084733078877132
Epoch:16, training loss:0.08786726742982864
Epoch:17, training loss:0.08612528691689174
Epoch:18, training loss:0.08347048113743465
Epoch:19, training loss:0.08177973826726277
Epoch:20, training loss:0.07968118538459142
----------------------------
Start validation ...
Validation error:0.07394133508205414
Validation error:0.07394133508205414
New best model saved at epoch 20 with validation error 0.07394133508205414
Save model checkpoints ... 
Save pial surface mesh ... 
Maximum allocated GPU memory: 1.96 GiB
Finish validation.
----------------------------
Epoch:21, training loss:0.07856383174657822
Epoch:22, training loss:0.07689595470825832
Epoch:23, training loss:0.07628775636355083
Epoch:24, training loss:0.07498609522978465
Epoch:25, training loss:0.07403382162253062
Epoch:26, training loss:0.07320808619260788
Epoch:27, training loss:0.0723961020509402
Epoch:28, training loss:0.07153917600711186
Epoch:29, training loss:0.07105084757010142
Epoch:30, training loss:0.07026391228040059
----------------------------
Start validation ...
Validation error:0.06540293991565704
Validation error:0.06540293991565704
New best model saved at epoch 30 with validation error 0.06540293991565704
Save model checkpoints ... 
Save pial surface mesh ... 
Maximum allocated GPU memory: 1.96 GiB
Finish validation.
----------------------------
Epoch:31, training loss:0.06985502938429515
Epoch:32, training loss:0.06913468862573306
Epoch:33, training loss:0.06872907901803653
Epoch:34, training loss:0.06828168655435245
Epoch:35, training loss:0.06779262920220692
Epoch:36, training loss:0.06747976566354434
Epoch:37, training loss:0.06679639468590419
Epoch:38, training loss:0.06644268830617268
Epoch:39, training loss:0.06602621699372928
Epoch:40, training loss:0.06587802742918332
----------------------------
Start validation ...
Validation error:0.06112184375524521
Validation error:0.06112184375524521
New best model saved at epoch 40 with validation error 0.06112184375524521
Save model checkpoints ... 
Save pial surface mesh ... 
Maximum allocated GPU memory: 1.96 GiB
Finish validation.
----------------------------
Epoch:41, training loss:0.0657229796051979
Epoch:42, training loss:0.06499448294440906
Epoch:43, training loss:0.06474141776561737
Epoch:44, training loss:0.06445133686065674
Epoch:45, training loss:0.06405794496337573
Epoch:46, training loss:0.06400790562232335
Epoch:47, training loss:0.06345130503177643
Epoch:48, training loss:0.0632912740111351
Epoch:49, training loss:0.06289111947019894
Epoch:50, training loss:0.06259988993406296
----------------------------
Start validation ...
Validation error:0.05842479318380356
Validation error:0.05842479318380356
New best model saved at epoch 50 with validation error 0.05842479318380356
Save model checkpoints ... 
Save pial surface mesh ... 
Maximum allocated GPU memory: 1.96 GiB
Finish validation.
----------------------------
Epoch:51, training loss:0.06227807700634003
Epoch:52, training loss:0.06207722549637159
Epoch:53, training loss:0.062114582707484566
Epoch:54, training loss:0.062085856993993126
Epoch:55, training loss:0.06191330899794897
Epoch:56, training loss:0.06177507961789767
Epoch:57, training loss:0.06119168922305107
Epoch:58, training loss:0.06085164348284403
Epoch:59, training loss:0.06057178477446238
Epoch:60, training loss:0.06039130315184593
----------------------------
Start validation ...
Validation error:0.05639004707336426
Validation error:0.05639004707336426
New best model saved at epoch 60 with validation error 0.05639004707336426
Save model checkpoints ... 
Save pial surface mesh ... 
Maximum allocated GPU memory: 1.96 GiB
Finish validation.
----------------------------
Epoch:61, training loss:0.06017249574263891
Epoch:62, training loss:0.06003387769063314
Epoch:63, training loss:0.05961583306392034
Epoch:64, training loss:0.059554109970728554
Epoch:65, training loss:0.059695374220609665
Epoch:66, training loss:0.05906310553352038
Epoch:67, training loss:0.059194594621658325
Epoch:68, training loss:0.05877428129315376
Epoch:69, training loss:0.0586102989812692
Epoch:70, training loss:0.05845513318975767
----------------------------
Start validation ...
Validation error:0.05461832880973816
Validation error:0.05461832880973816
New best model saved at epoch 70 with validation error 0.05461832880973816
Save model checkpoints ... 
Save pial surface mesh ... 
Maximum allocated GPU memory: 1.96 GiB
Finish validation.
----------------------------
Epoch:71, training loss:0.0582482119401296
Epoch:72, training loss:0.05809839069843292
Epoch:73, training loss:0.05798737953106562
Epoch:74, training loss:0.05783343190948168
Epoch:75, training loss:0.05785898367563883
Epoch:76, training loss:0.057653104265530906
Epoch:77, training loss:0.05764205877979597
Epoch:78, training loss:0.05758620550235113
Epoch:79, training loss:0.0571716899673144
Epoch:80, training loss:0.05727234979470571
----------------------------
Start validation ...
Validation error:0.05365226790308952
Validation error:0.05365226790308952
New best model saved at epoch 80 with validation error 0.05365226790308952
Save model checkpoints ... 
Save pial surface mesh ... 
Maximum allocated GPU memory: 1.96 GiB
Finish validation.
----------------------------
Epoch:81, training loss:0.057054451356331505
Epoch:82, training loss:0.05684514716267586
Epoch:83, training loss:0.05662441750367483
Epoch:84, training loss:0.05642378826936086
Epoch:85, training loss:0.0564693883061409
Epoch:86, training loss:0.056258492171764374
Epoch:87, training loss:0.056103156258662544
Epoch:88, training loss:0.056020220120747886
Epoch:89, training loss:0.05602107445398966
Epoch:90, training loss:0.05583773801724116
----------------------------
Start validation ...
Validation error:0.05231230705976486
Validation error:0.05231230705976486
New best model saved at epoch 90 with validation error 0.05231230705976486
Save model checkpoints ... 
Save pial surface mesh ... 
Maximum allocated GPU memory: 1.96 GiB
Finish validation.
----------------------------
Epoch:91, training loss:0.05578006679813067
Epoch:92, training loss:0.055545419454574585
Epoch:93, training loss:0.055393497149149575
Epoch:94, training loss:0.055422364423672356
Epoch:95, training loss:0.055314681182305016
Epoch:96, training loss:0.05533287674188614
Epoch:97, training loss:0.055163937310377754
Epoch:98, training loss:0.055069432904322944
Epoch:99, training loss:0.05505364388227463
Epoch:100, training loss:0.0549263134598732
----------------------------
Start validation ...
Validation error:0.05154439061880112
Validation error:0.05154439061880112
New best model saved at epoch 100 with validation error 0.05154439061880112
Save model checkpoints ... 
Save pial surface mesh ... 
Maximum allocated GPU memory: 1.96 GiB
Finish validation.
----------------------------
Epoch:101, training loss:0.05485766505201658
Epoch:102, training loss:0.054745656748612724
Epoch:103, training loss:0.054730517168839775
Epoch:104, training loss:0.05459790428479513
Epoch:105, training loss:0.05434888725479444
Epoch:106, training loss:0.05422030513485273
Epoch:107, training loss:0.05416674166917801
Epoch:108, training loss:0.05403060714403788
Epoch:109, training loss:0.053996252516905464
Epoch:110, training loss:0.05383401612440745
----------------------------
Start validation ...
Validation error:0.05053902417421341
Validation error:0.05053902417421341
New best model saved at epoch 110 with validation error 0.05053902417421341
Save model checkpoints ... 
Save pial surface mesh ... 
Maximum allocated GPU memory: 1.96 GiB
Finish validation.
----------------------------
Epoch:111, training loss:0.05382686108350754
Epoch:112, training loss:0.05386203403274218
Epoch:113, training loss:0.054043722649415336
Epoch:114, training loss:0.05415638287862142
Epoch:115, training loss:0.054052550345659256
Epoch:116, training loss:0.05379723136623701
Epoch:117, training loss:0.05384692425529162
Epoch:118, training loss:0.05351262912154198
Epoch:119, training loss:0.0532789280017217
Epoch:120, training loss:0.053196789075930916
----------------------------
Start validation ...
Validation error:0.05005156621336937
Validation error:0.05005156621336937
New best model saved at epoch 120 with validation error 0.05005156621336937
Save model checkpoints ... 
Save pial surface mesh ... 
Maximum allocated GPU memory: 1.96 GiB
Finish validation.
----------------------------
Epoch:121, training loss:0.053225379437208176
Epoch:122, training loss:0.053221844136714935
Epoch:123, training loss:0.05313073471188545
Epoch:124, training loss:0.05313607553641001
Epoch:125, training loss:0.05342325568199158
Epoch:126, training loss:0.05339424808820089
Epoch:127, training loss:0.05309455096721649
Epoch:128, training loss:0.05310656502842903
Epoch:129, training loss:0.05305074403683344
Epoch:130, training loss:0.05305802201231321
----------------------------
Start validation ...
Validation error:0.049435604363679886
Validation error:0.049435604363679886
New best model saved at epoch 130 with validation error 0.049435604363679886
Save model checkpoints ... 
Save pial surface mesh ... 
Maximum allocated GPU memory: 1.96 GiB
Finish validation.
----------------------------
Epoch:131, training loss:0.0531767209370931
Epoch:132, training loss:0.052971139550209045
Epoch:133, training loss:0.05309221148490906
Epoch:134, training loss:0.052760222305854164
Epoch:135, training loss:0.052911983182032905
Epoch:136, training loss:0.052656155079603195
Epoch:137, training loss:0.052416217823823295
Epoch:138, training loss:0.052557182808717094
Epoch:139, training loss:0.052101473013559975
Epoch:140, training loss:0.05227965613206228
----------------------------
Start validation ...
Validation error:0.049241095781326294
Validation error:0.049241095781326294
New best model saved at epoch 140 with validation error 0.049241095781326294
Save model checkpoints ... 
Save pial surface mesh ... 
Maximum allocated GPU memory: 1.96 GiB
Finish validation.
----------------------------
Epoch:141, training loss:0.052201284716526665
Epoch:142, training loss:0.05184853946169218
Epoch:143, training loss:0.05184796452522278
Epoch:144, training loss:0.0517023541033268
Epoch:145, training loss:0.05160800740122795
Epoch:146, training loss:0.051697524885336556
Epoch:147, training loss:0.051652720818916954
Epoch:148, training loss:0.0515439510345459
Epoch:149, training loss:0.05169007430473963
Epoch:150, training loss:0.051710772017637886
----------------------------
Start validation ...
Validation error:0.04828658327460289
Validation error:0.04828658327460289
New best model saved at epoch 150 with validation error 0.04828658327460289
Save model checkpoints ... 
Save pial surface mesh ... 
Maximum allocated GPU memory: 1.96 GiB
Finish validation.
----------------------------
Epoch:151, training loss:0.051346056163311005
Epoch:152, training loss:0.051313926776250206
Epoch:153, training loss:0.05115587140123049
Epoch:154, training loss:0.051346504439910255
Epoch:155, training loss:0.05155595391988754
Epoch:156, training loss:0.05114617943763733
Epoch:157, training loss:0.05108960221211115
Epoch:158, training loss:0.050970581670602165
Epoch:159, training loss:0.05104203646381696
Epoch:160, training loss:0.05077932899196943
----------------------------
Start validation ...
Validation error:0.047970738261938095
Validation error:0.047970738261938095
New best model saved at epoch 160 with validation error 0.047970738261938095
Save model checkpoints ... 
Save pial surface mesh ... 
Maximum allocated GPU memory: 1.96 GiB
Finish validation.
----------------------------
Epoch:161, training loss:0.050779646883408226
Epoch:162, training loss:0.050959911197423935
Epoch:163, training loss:0.05068208525578181
Epoch:164, training loss:0.05062601591149966
Epoch:165, training loss:0.050664618611335754
Epoch:166, training loss:0.05045673499504725
Epoch:167, training loss:0.05045134201645851
Epoch:168, training loss:0.050537618498007454
Epoch:169, training loss:0.0505543847878774
Epoch:170, training loss:0.05075575038790703
----------------------------
Start validation ...
Validation error:0.04795242100954056
Validation error:0.04795242100954056
New best model saved at epoch 170 with validation error 0.04795242100954056
Save model checkpoints ... 
Save pial surface mesh ... 
Maximum allocated GPU memory: 1.96 GiB
Finish validation.
----------------------------
Epoch:171, training loss:0.05065334588289261
Epoch:172, training loss:0.050833566735188164
Epoch:173, training loss:0.050463564693927765
Epoch:174, training loss:0.05026463915904363
Epoch:175, training loss:0.05042679483691851
Epoch:176, training loss:0.05088211099306742
Epoch:177, training loss:0.05131449177861214
Epoch:178, training loss:0.05132530257105827
Epoch:179, training loss:0.05047896380225817
Epoch:180, training loss:0.050688633074363075
----------------------------
Start validation ...
Validation error:0.04831613972783089
Validation error:0.04831613972783089
Save model checkpoints ... 
Save pial surface mesh ... 
Maximum allocated GPU memory: 1.96 GiB
Finish validation.
----------------------------
Epoch:181, training loss:0.050916255762179695
Epoch:182, training loss:0.0500358392794927
Epoch:183, training loss:0.04998306930065155
Epoch:184, training loss:0.050091577072938286
Epoch:185, training loss:0.0499136708676815
Epoch:186, training loss:0.04972350224852562
Epoch:187, training loss:0.050043911983569465
Epoch:188, training loss:0.04965101679166158
Epoch:189, training loss:0.04977040241161982
Epoch:190, training loss:0.04973162213961283
----------------------------
Start validation ...
Validation error:0.047193802893161774
Validation error:0.047193802893161774
New best model saved at epoch 190 with validation error 0.047193802893161774
Save model checkpoints ... 
Save pial surface mesh ... 
Maximum allocated GPU memory: 1.96 GiB
Finish validation.
----------------------------
Epoch:191, training loss:0.04975630094607671
Epoch:192, training loss:0.04984854410092036
Epoch:193, training loss:0.0497335654993852
Epoch:194, training loss:0.049583991368611656
Epoch:195, training loss:0.04981902986764908
Epoch:196, training loss:0.04957323148846626
Epoch:197, training loss:0.04952411477764448
Epoch:198, training loss:0.04954707125822703
Epoch:199, training loss:0.04934540266791979
Epoch:200, training loss:0.04955776035785675
----------------------------
Start validation ...
Validation error:0.047213174402713776
Validation error:0.047213174402713776
Save model checkpoints ... 
Save pial surface mesh ... 
Maximum allocated GPU memory: 1.96 GiB
Finish validation.
----------------------------
Epoch:201, training loss:0.04932572568456332
Epoch:202, training loss:0.04923201476534208
Epoch:203, training loss:0.04931628331542015
Epoch:204, training loss:0.04906685029466947
Epoch:205, training loss:0.04917682707309723
Epoch:206, training loss:0.04924120381474495
Epoch:207, training loss:0.0490314116080602
Epoch:208, training loss:0.04893228163321813
Epoch:209, training loss:0.04885685568054517
Epoch:210, training loss:0.04898781577746073
----------------------------
Start validation ...
Validation error:0.046308621764183044
Validation error:0.046308621764183044
New best model saved at epoch 210 with validation error 0.046308621764183044
Save model checkpoints ... 
Save pial surface mesh ... 
Maximum allocated GPU memory: 1.96 GiB
Finish validation.
----------------------------
Epoch:211, training loss:0.048746404548486076
Epoch:212, training loss:0.048695224026838936
Epoch:213, training loss:0.048793692141771317
Epoch:214, training loss:0.0488527404765288
Epoch:215, training loss:0.04862243185440699
Epoch:216, training loss:0.04864767069617907
Epoch:217, training loss:0.048671512554089226
Epoch:218, training loss:0.04882881169517835
Epoch:219, training loss:0.0486892635623614
Epoch:220, training loss:0.0488895537952582
----------------------------
Start validation ...
Validation error:0.04681478813290596
Validation error:0.04681478813290596
Save model checkpoints ... 
Save pial surface mesh ... 
Maximum allocated GPU memory: 1.96 GiB
Finish validation.
----------------------------
Epoch:221, training loss:0.04911083231369654
Epoch:222, training loss:0.048717922220627465
Epoch:223, training loss:0.048635212083657585
Epoch:224, training loss:0.048452441891034446
Epoch:225, training loss:0.048216345409552254
Epoch:226, training loss:0.04825356105963389
Epoch:227, training loss:0.048609027018149696
Epoch:228, training loss:0.04911226158340772
Epoch:229, training loss:0.048744878421227135
Epoch:230, training loss:0.04847867041826248
----------------------------
Start validation ...
Validation error:0.04615430906414986
Validation error:0.04615430906414986
New best model saved at epoch 230 with validation error 0.04615430906414986
Save model checkpoints ... 
Save pial surface mesh ... 
Maximum allocated GPU memory: 1.96 GiB
Finish validation.
----------------------------
Epoch:231, training loss:0.048482014487187065
Epoch:232, training loss:0.048236475636561714
Epoch:233, training loss:0.04883197695016861
Epoch:234, training loss:0.04861868297060331
Epoch:235, training loss:0.04847817743817965
Epoch:236, training loss:0.048606151094039284
Epoch:237, training loss:0.048369852205117546
Epoch:238, training loss:0.04808403675754865
Epoch:239, training loss:0.04803245017925898
Epoch:240, training loss:0.04815750072399775
----------------------------
Start validation ...
Validation error:0.04570517688989639
Validation error:0.04570517688989639
New best model saved at epoch 240 with validation error 0.04570517688989639
Save model checkpoints ... 
Save pial surface mesh ... 
Maximum allocated GPU memory: 1.96 GiB
Finish validation.
----------------------------
Epoch:241, training loss:0.04791206866502762
Epoch:242, training loss:0.047920357435941696
Epoch:243, training loss:0.04776469245553017
Epoch:244, training loss:0.047752272337675095
Epoch:245, training loss:0.047650025536616646
Epoch:246, training loss:0.04760529597600301
Epoch:247, training loss:0.047859810292720795
Epoch:248, training loss:0.04763062298297882
Epoch:249, training loss:0.047532731046279274
Epoch:250, training loss:0.04754564166069031
----------------------------
Start validation ...
Validation error:0.04569055140018463
Validation error:0.04569055140018463
New best model saved at epoch 250 with validation error 0.04569055140018463
Save model checkpoints ... 
Save pial surface mesh ... 
Maximum allocated GPU memory: 1.96 GiB
Finish validation.
----------------------------
Epoch:251, training loss:0.04770226528247198
Epoch:252, training loss:0.04802681505680084
Epoch:253, training loss:0.048106895138820015
Epoch:254, training loss:0.04791349917650223
Epoch:255, training loss:0.047638272245725
Epoch:256, training loss:0.047861240804195404
Epoch:257, training loss:0.047477723409732185
Epoch:258, training loss:0.0474719467262427
Epoch:259, training loss:0.04801470537980398
Epoch:260, training loss:0.047504425048828125
----------------------------
Start validation ...
Validation error:0.045493531972169876
Validation error:0.045493531972169876
New best model saved at epoch 260 with validation error 0.045493531972169876
Save model checkpoints ... 
Save pial surface mesh ... 
Maximum allocated GPU memory: 1.96 GiB
Finish validation.
----------------------------
Epoch:261, training loss:0.047519296407699585
Epoch:262, training loss:0.04769645631313324
Epoch:263, training loss:0.04755958542227745
Epoch:264, training loss:0.04733038445313772
Epoch:265, training loss:0.04732654864589373
Epoch:266, training loss:0.04743514209985733
Epoch:267, training loss:0.04731746017932892
Epoch:268, training loss:0.0471371573706468
Epoch:269, training loss:0.04701495418945948
Epoch:270, training loss:0.04707245404521624
----------------------------
Start validation ...
Validation error:0.045595433562994
Validation error:0.045595433562994
Save model checkpoints ... 
Save pial surface mesh ... 
Maximum allocated GPU memory: 1.96 GiB
Finish validation.
----------------------------
Epoch:271, training loss:0.04730831707517306
Epoch:272, training loss:0.04685728376110395
Epoch:273, training loss:0.04691783587137858
Epoch:274, training loss:0.04690162092447281
Epoch:275, training loss:0.04688474784294764
Epoch:276, training loss:0.04695903013149897
Epoch:277, training loss:0.046823772291342415
Epoch:278, training loss:0.04674467941125234
Epoch:279, training loss:0.04685580854614576
Epoch:280, training loss:0.04672055567304293
----------------------------
Start validation ...
Validation error:0.04532959312200546
Validation error:0.04532959312200546
New best model saved at epoch 280 with validation error 0.04532959312200546
Save model checkpoints ... 
Save pial surface mesh ... 
Maximum allocated GPU memory: 1.96 GiB
Finish validation.
----------------------------
Epoch:281, training loss:0.04686277608076731
Epoch:282, training loss:0.047223939249912895
Epoch:283, training loss:0.04675894106427828
Epoch:284, training loss:0.046978384256362915
Epoch:285, training loss:0.046676540126403175
Epoch:286, training loss:0.04697631051143011
Epoch:287, training loss:0.0471824382742246
Epoch:288, training loss:0.04692682499686877
Epoch:289, training loss:0.046957552433013916
Epoch:290, training loss:0.04686864713827769
----------------------------
Start validation ...
Validation error:0.04511908441781998
Validation error:0.04511908441781998
New best model saved at epoch 290 with validation error 0.04511908441781998
Save model checkpoints ... 
Save pial surface mesh ... 
Maximum allocated GPU memory: 1.96 GiB
Finish validation.
----------------------------
Epoch:291, training loss:0.04689696182807287
Epoch:292, training loss:0.04694346835215887
Epoch:293, training loss:0.04701211924354235
Epoch:294, training loss:0.047686684876680374
Epoch:295, training loss:0.04746841515103976
Epoch:296, training loss:0.04790885249773661
Epoch:297, training loss:0.04732882107297579
Epoch:298, training loss:0.047518279403448105
Epoch:299, training loss:0.04798981795708338
Epoch:300, training loss:0.04815710956851641
----------------------------
Start validation ...
Validation error:0.044857703149318695
Validation error:0.044857703149318695
New best model saved at epoch 300 with validation error 0.044857703149318695
Save model checkpoints ... 
Save pial surface mesh ... 
Maximum allocated GPU memory: 1.96 GiB
Finish validation.
----------------------------
Epoch:301, training loss:0.04698958868781725
Epoch:302, training loss:0.04694494605064392
Epoch:303, training loss:0.04694385826587677
Epoch:304, training loss:0.046642965326706566
Epoch:305, training loss:0.04650590196251869
Epoch:306, training loss:0.04660072550177574
Epoch:307, training loss:0.0462686742345492
Epoch:308, training loss:0.04630308846632639
Epoch:309, training loss:0.04630062977472941
Epoch:310, training loss:0.04597679649790128
----------------------------
Start validation ...
Validation error:0.044550586491823196
Validation error:0.044550586491823196
New best model saved at epoch 310 with validation error 0.044550586491823196
Save model checkpoints ... 
Save pial surface mesh ... 
Maximum allocated GPU memory: 1.96 GiB
Finish validation.
----------------------------
Epoch:311, training loss:0.045894251515467964
Epoch:312, training loss:0.045987267047166824
Epoch:313, training loss:0.046072268237670265
Epoch:314, training loss:0.04610626647869746
Epoch:315, training loss:0.04591093212366104
Epoch:316, training loss:0.0458990732828776
Epoch:317, training loss:0.04590569560726484
Epoch:318, training loss:0.04622682059804598
Epoch:319, training loss:0.04627345750729243
Epoch:320, training loss:0.04623623316486677
----------------------------
Start validation ...
Validation error:0.04437629133462906
Validation error:0.04437629133462906
New best model saved at epoch 320 with validation error 0.04437629133462906
Save model checkpoints ... 
Save pial surface mesh ... 
Maximum allocated GPU memory: 1.96 GiB
Finish validation.
----------------------------
Epoch:321, training loss:0.04601537436246872
Epoch:322, training loss:0.0457957424223423
Epoch:323, training loss:0.045957724253336586
Epoch:324, training loss:0.04602159187197685
Epoch:325, training loss:0.04647303248445193
Epoch:326, training loss:0.046789673467477165
Epoch:327, training loss:0.046144078175226845
Epoch:328, training loss:0.04578684394558271
Epoch:329, training loss:0.04617590457201004
Epoch:330, training loss:0.046058950324853264
----------------------------
Start validation ...
Validation error:0.044261444360017776
Validation error:0.044261444360017776
New best model saved at epoch 330 with validation error 0.044261444360017776
Save model checkpoints ... 
Save pial surface mesh ... 
Maximum allocated GPU memory: 1.96 GiB
Finish validation.
----------------------------
Epoch:331, training loss:0.046418994665145874
Epoch:332, training loss:0.04635040834546089
Epoch:333, training loss:0.04622916877269745
Epoch:334, training loss:0.04646392042438189
Epoch:335, training loss:0.046805585424105324
Epoch:336, training loss:0.04684586450457573
Epoch:337, training loss:0.047177754342556
Epoch:338, training loss:0.04687036698063215
Epoch:339, training loss:0.04654131208856901
Epoch:340, training loss:0.04579520101348559
----------------------------
Start validation ...
Validation error:0.04497325420379639
Validation error:0.04497325420379639
Save model checkpoints ... 
Save pial surface mesh ... 
Maximum allocated GPU memory: 1.96 GiB
Finish validation.
----------------------------
Epoch:341, training loss:0.04618863637248675
Epoch:342, training loss:0.04574443524082502
Epoch:343, training loss:0.045813518265883126
Epoch:344, training loss:0.0462765134871006
Epoch:345, training loss:0.046843577176332474
Epoch:346, training loss:0.04622554282347361
Epoch:347, training loss:0.046469674756129585
Epoch:348, training loss:0.04589758565028509
Epoch:349, training loss:0.04589101175467173
Epoch:350, training loss:0.046223067988952
----------------------------
Start validation ...
Validation error:0.04540429636836052
Validation error:0.04540429636836052
Save model checkpoints ... 
Save pial surface mesh ... 
Maximum allocated GPU memory: 1.96 GiB
Finish validation.
----------------------------
Epoch:351, training loss:0.04668852190176646
Epoch:352, training loss:0.04653421541055044
Epoch:353, training loss:0.0459514819085598
Epoch:354, training loss:0.04546808327237765
Epoch:355, training loss:0.04561909660696983
Epoch:356, training loss:0.04527004063129425
Epoch:357, training loss:0.04516961549719175
Epoch:358, training loss:0.04535368954141935
Epoch:359, training loss:0.045608267188072205
Epoch:360, training loss:0.045785954842964806
----------------------------
Start validation ...
Validation error:0.044192228466272354
Validation error:0.044192228466272354
New best model saved at epoch 360 with validation error 0.044192228466272354
Save model checkpoints ... 
Save pial surface mesh ... 
Maximum allocated GPU memory: 1.96 GiB
Finish validation.
----------------------------
Epoch:361, training loss:0.04584051916996638
Epoch:362, training loss:0.04531714196006457
Epoch:363, training loss:0.04531741514801979
Epoch:364, training loss:0.04511451224486033
Epoch:365, training loss:0.0450463704764843
Epoch:366, training loss:0.04515173907081286
Epoch:367, training loss:0.044924392054478325
Epoch:368, training loss:0.04500913123289744
Epoch:369, training loss:0.04517922302087148
Epoch:370, training loss:0.044941842555999756
----------------------------
Start validation ...
Validation error:0.043706487864255905
Validation error:0.043706487864255905
New best model saved at epoch 370 with validation error 0.043706487864255905
Save model checkpoints ... 
Save pial surface mesh ... 
Maximum allocated GPU memory: 1.96 GiB
Finish validation.
----------------------------
Epoch:371, training loss:0.04483825837572416
Epoch:372, training loss:0.044854978720347084
Epoch:373, training loss:0.0449213832616806
Epoch:374, training loss:0.04466880112886429
Epoch:375, training loss:0.04478771363695463
Epoch:376, training loss:0.0447100301583608
Epoch:377, training loss:0.04497034723560015
Epoch:378, training loss:0.044720135629177094
Epoch:379, training loss:0.044631714622179665
Epoch:380, training loss:0.044574993352095284
----------------------------
Start validation ...
Validation error:0.04334930703043938
Validation error:0.04334930703043938
New best model saved at epoch 380 with validation error 0.04334930703043938
Save model checkpoints ... 
Save pial surface mesh ... 
Maximum allocated GPU memory: 1.96 GiB
Finish validation.
----------------------------
Epoch:381, training loss:0.04453565056125323
Epoch:382, training loss:0.0444858285288016
Epoch:383, training loss:0.044501433769861855
Epoch:384, training loss:0.04444319009780884
Epoch:385, training loss:0.04465298727154732
Epoch:386, training loss:0.04480960840980212
Epoch:387, training loss:0.045219642420609794
Epoch:388, training loss:0.04535966242353121
Epoch:389, training loss:0.04485447953144709
Epoch:390, training loss:0.045287580539782844
----------------------------
Start validation ...
Validation error:0.04353182390332222
Validation error:0.04353182390332222
Save model checkpoints ... 
Save pial surface mesh ... 
Maximum allocated GPU memory: 1.96 GiB
Finish validation.
----------------------------
Epoch:391, training loss:0.04506003359953562
Epoch:392, training loss:0.04440627247095108
Epoch:393, training loss:0.04437360415856043
Epoch:394, training loss:0.044373648862044014
Epoch:395, training loss:0.04452881837884585
Epoch:396, training loss:0.0444442480802536
Epoch:397, training loss:0.044520433992147446
Epoch:398, training loss:0.04473572348554929
Epoch:399, training loss:0.044442118455966316
Epoch:400, training loss:0.044288456439971924
----------------------------
Start validation ...
Validation error:0.043403510004282
Validation error:0.043403510004282
Save model checkpoints ... 
Save pial surface mesh ... 
Maximum allocated GPU memory: 1.96 GiB
Finish validation.
----------------------------
Epoch:401, training loss:0.044304034362236656
Epoch:402, training loss:0.044498796264330544
Epoch:403, training loss:0.044805546601613365
Epoch:404, training loss:0.04488451158006986
Epoch:405, training loss:0.04464567576845487
Epoch:406, training loss:0.04428986832499504
Epoch:407, training loss:0.044474018116792045
Epoch:408, training loss:0.044185912857453026
Epoch:409, training loss:0.04404126231869062
Epoch:410, training loss:0.04404972493648529
----------------------------
Start validation ...
Validation error:0.043236736208200455
Validation error:0.043236736208200455
New best model saved at epoch 410 with validation error 0.043236736208200455
Save model checkpoints ... 
Save pial surface mesh ... 
Maximum allocated GPU memory: 1.96 GiB
Finish validation.
----------------------------
Epoch:411, training loss:0.0440300814807415
Epoch:412, training loss:0.044350640227397285
Epoch:413, training loss:0.04404967402418455
Epoch:414, training loss:0.04452001551787058
Epoch:415, training loss:0.0443197526037693
Epoch:416, training loss:0.04423715670903524
Epoch:417, training loss:0.044197761764129005
Epoch:418, training loss:0.04437847559650739
Epoch:419, training loss:0.04416161899765333
Epoch:420, training loss:0.04445463418960571
----------------------------
Start validation ...
Validation error:0.04314510151743889
Validation error:0.04314510151743889
New best model saved at epoch 420 with validation error 0.04314510151743889
Save model checkpoints ... 
Save pial surface mesh ... 
Maximum allocated GPU memory: 1.96 GiB
Finish validation.
----------------------------
Epoch:421, training loss:0.04411579171816508
Epoch:422, training loss:0.043953798711299896
Epoch:423, training loss:0.044027658800284065
Epoch:424, training loss:0.04396112635731697
Epoch:425, training loss:0.04394341756900152
Epoch:426, training loss:0.04419811690847079
Epoch:427, training loss:0.044057986388603844
Epoch:428, training loss:0.04408032571276029
Epoch:429, training loss:0.04438846682508787
Epoch:430, training loss:0.04453850910067558
----------------------------
Start validation ...
Validation error:0.04320072382688522
Validation error:0.04320072382688522
Save model checkpoints ... 
Save pial surface mesh ... 
Maximum allocated GPU memory: 1.96 GiB
Finish validation.
----------------------------
Epoch:431, training loss:0.045033941666285195
Epoch:432, training loss:0.044864668200413384
Epoch:433, training loss:0.04425906886657079
Epoch:434, training loss:0.044620090474685035
Epoch:435, training loss:0.04462294653058052
Epoch:436, training loss:0.0442417748272419
Epoch:437, training loss:0.04380630577603976
Epoch:438, training loss:0.04398429517944654
Epoch:439, training loss:0.043681249022483826
Epoch:440, training loss:0.043572203566630684
----------------------------
Start validation ...
Validation error:0.04331158101558685
Validation error:0.04331158101558685
Save model checkpoints ... 
Save pial surface mesh ... 
Maximum allocated GPU memory: 1.96 GiB
Finish validation.
----------------------------
Epoch:441, training loss:0.043585777282714844
Epoch:442, training loss:0.04399988800287247
Epoch:443, training loss:0.043622067819039025
Epoch:444, training loss:0.04366138701637586
Epoch:445, training loss:0.04370361069838206
Epoch:446, training loss:0.0440115953485171
Epoch:447, training loss:0.04422570765018463
Epoch:448, training loss:0.04360190530618032
Epoch:449, training loss:0.043445429454247154
Epoch:450, training loss:0.04377672697106997
----------------------------
Start validation ...
Validation error:0.04284517094492912
Validation error:0.04284517094492912
New best model saved at epoch 450 with validation error 0.04284517094492912
Save model checkpoints ... 
Save pial surface mesh ... 
Maximum allocated GPU memory: 1.96 GiB
Finish validation.
----------------------------
Epoch:451, training loss:0.04350891957680384
Epoch:452, training loss:0.04384211450815201
Epoch:453, training loss:0.04415423174699148
Epoch:454, training loss:0.04419896875818571
Epoch:455, training loss:0.04420792683959007
Epoch:456, training loss:0.04380704462528229
Epoch:457, training loss:0.04410169025262197
Epoch:458, training loss:0.04416540637612343
Epoch:459, training loss:0.04430726418892542
Epoch:460, training loss:0.04394172504544258
----------------------------
Start validation ...
Validation error:0.043833088129758835
Validation error:0.043833088129758835
Save model checkpoints ... 
Save pial surface mesh ... 
Maximum allocated GPU memory: 1.96 GiB
Finish validation.
----------------------------
Epoch:461, training loss:0.04395964245001475
Epoch:462, training loss:0.044163438181082405
Epoch:463, training loss:0.044211775064468384
Epoch:464, training loss:0.04436236744125684
Epoch:465, training loss:0.04415550952156385
Epoch:466, training loss:0.044138928254445396
Epoch:467, training loss:0.0438853974143664
Epoch:468, training loss:0.04336364815632502
Epoch:469, training loss:0.043989806125561394
Epoch:470, training loss:0.04310052966078123
----------------------------
Start validation ...
Validation error:0.04273177683353424
Validation error:0.04273177683353424
New best model saved at epoch 470 with validation error 0.04273177683353424
Save model checkpoints ... 
Save pial surface mesh ... 
Maximum allocated GPU memory: 1.96 GiB
Finish validation.
----------------------------
Epoch:471, training loss:0.043161636839310326
Epoch:472, training loss:0.04353071749210358
Epoch:473, training loss:0.04343616093198458
Epoch:474, training loss:0.043354338655869164
Epoch:475, training loss:0.043648810436328254
Epoch:476, training loss:0.04377014935016632
Epoch:477, training loss:0.043616378058989845
Epoch:478, training loss:0.043697199473778404
Epoch:479, training loss:0.043619200587272644
Epoch:480, training loss:0.04326349124312401
----------------------------
Start validation ...
Validation error:0.043079644441604614
Validation error:0.043079644441604614
Save model checkpoints ... 
Save pial surface mesh ... 
Maximum allocated GPU memory: 1.96 GiB
Finish validation.
----------------------------
Epoch:481, training loss:0.04372108851869901
Epoch:482, training loss:0.04346499592065811
Epoch:483, training loss:0.04299543549617132
Epoch:484, training loss:0.04309030622243881
Epoch:485, training loss:0.043113309890031815
Epoch:486, training loss:0.0431341715157032
Epoch:487, training loss:0.04340753331780434
Epoch:488, training loss:0.04329927389820417
Epoch:489, training loss:0.0432279941936334
Epoch:490, training loss:0.04304443051417669
----------------------------
Start validation ...
Validation error:0.04223550111055374
Validation error:0.04223550111055374
New best model saved at epoch 490 with validation error 0.04223550111055374
Save model checkpoints ... 
Save pial surface mesh ... 
Maximum allocated GPU memory: 1.96 GiB
Finish validation.
----------------------------
Epoch:491, training loss:0.04310244073470434
Epoch:492, training loss:0.04283586144447327
Epoch:493, training loss:0.04271997387210528
Epoch:494, training loss:0.0428042970597744
Epoch:495, training loss:0.04277808964252472
Epoch:496, training loss:0.042831012358268104
Epoch:497, training loss:0.04266891131798426
Epoch:498, training loss:0.04293882225950559
Epoch:499, training loss:0.042810422678788505
Epoch:500, training loss:0.04309501747290293
----------------------------
Start validation ...
Validation error:0.04227417707443237
Validation error:0.04227417707443237
Save model checkpoints ... 
Save pial surface mesh ... 
Maximum allocated GPU memory: 1.96 GiB
Finish validation.
----------------------------
Epoch:501, training loss:0.04274502396583557
Epoch:502, training loss:0.04282211512327194
Epoch:503, training loss:0.04266126329700152
Epoch:504, training loss:0.04270543654759725
Epoch:505, training loss:0.04262153555949529
Epoch:506, training loss:0.04246147722005844
Epoch:507, training loss:0.04247689122955004
Epoch:508, training loss:0.04264261076847712
Epoch:509, training loss:0.04272004961967468
Epoch:510, training loss:0.04263691728313764
----------------------------
Start validation ...
Validation error:0.04218035191297531
Validation error:0.04218035191297531
New best model saved at epoch 510 with validation error 0.04218035191297531
Save model checkpoints ... 
Save pial surface mesh ... 
Maximum allocated GPU memory: 1.96 GiB
Finish validation.
----------------------------
Epoch:511, training loss:0.04288115600744883
Epoch:512, training loss:0.042508866637945175
Epoch:513, training loss:0.042735924323399864
Epoch:514, training loss:0.04304940005143484
Epoch:515, training loss:0.043208430210749306
Epoch:516, training loss:0.04353715479373932
Epoch:517, training loss:0.04360568026701609
Epoch:518, training loss:0.04391617079575857
Epoch:519, training loss:0.04358746732274691
Epoch:520, training loss:0.043324898928403854
----------------------------
Start validation ...
Validation error:0.041984084993600845
Validation error:0.041984084993600845
New best model saved at epoch 520 with validation error 0.041984084993600845
Save model checkpoints ... 
Save pial surface mesh ... 
Maximum allocated GPU memory: 1.96 GiB
Finish validation.
----------------------------
Epoch:521, training loss:0.04252171268065771
Epoch:522, training loss:0.04242152348160744
Epoch:523, training loss:0.04264987384279569
Epoch:524, training loss:0.042907500018676124
Epoch:525, training loss:0.04253865902622541
Epoch:526, training loss:0.04232501486937205
Epoch:527, training loss:0.042346302419900894
Epoch:528, training loss:0.04253542174895605
Epoch:529, training loss:0.04237781961758932
Epoch:530, training loss:0.042508315294981
----------------------------
Start validation ...
Validation error:0.04224180802702904
Validation error:0.04224180802702904
Save model checkpoints ... 
Save pial surface mesh ... 
Maximum allocated GPU memory: 1.96 GiB
Finish validation.
----------------------------
Epoch:531, training loss:0.0426038292547067
Epoch:532, training loss:0.0427531860768795
Epoch:533, training loss:0.04326379795869192
Epoch:534, training loss:0.0434769776960214
Epoch:535, training loss:0.043658909698327385
Epoch:536, training loss:0.043211713433265686
Epoch:537, training loss:0.04355610907077789
Epoch:538, training loss:0.043134418626626335
Epoch:539, training loss:0.04290113101402918
Epoch:540, training loss:0.04284390682975451
----------------------------
Start validation ...
Validation error:0.04173000901937485
Validation error:0.04173000901937485
New best model saved at epoch 540 with validation error 0.04173000901937485
Save model checkpoints ... 
Save pial surface mesh ... 
Maximum allocated GPU memory: 1.96 GiB
Finish validation.
----------------------------
Epoch:541, training loss:0.042418472468853
Epoch:542, training loss:0.04233382269740105
Epoch:543, training loss:0.04259205982089043
Epoch:544, training loss:0.04297220458587011
Epoch:545, training loss:0.04291713610291481
Epoch:546, training loss:0.043045474837223686
Epoch:547, training loss:0.04302923629681269
Epoch:548, training loss:0.0423893096546332
Epoch:549, training loss:0.042519463847080864
Epoch:550, training loss:0.04215022921562195
----------------------------
Start validation ...
Validation error:0.04185158386826515
Validation error:0.04185158386826515
Save model checkpoints ... 
Save pial surface mesh ... 
Maximum allocated GPU memory: 1.96 GiB
Finish validation.
----------------------------
Epoch:551, training loss:0.04208211973309517
Epoch:552, training loss:0.04234826688965162
Epoch:553, training loss:0.042759658147891365
Epoch:554, training loss:0.04203236103057861
Epoch:555, training loss:0.04216369489828745
Epoch:556, training loss:0.041997006783882775
Epoch:557, training loss:0.042084229489167534
Epoch:558, training loss:0.04192443564534187
Epoch:559, training loss:0.04182048390309016
Epoch:560, training loss:0.04194938143094381
----------------------------
Start validation ...
Validation error:0.04177238047122955
Validation error:0.04177238047122955
Save model checkpoints ... 
Save pial surface mesh ... 
Maximum allocated GPU memory: 1.96 GiB
Finish validation.
----------------------------
Epoch:561, training loss:0.04184846952557564
Epoch:562, training loss:0.04189388702313105
Epoch:563, training loss:0.04175175726413727
Epoch:564, training loss:0.04218210900823275
Epoch:565, training loss:0.042037478337685265
Epoch:566, training loss:0.042177122086286545
Epoch:567, training loss:0.041760203739007316
Epoch:568, training loss:0.04181485871473948
Epoch:569, training loss:0.0417758971452713
Epoch:570, training loss:0.04189800967772802
----------------------------
Start validation ...
Validation error:0.041601039469242096
Validation error:0.041601039469242096
New best model saved at epoch 570 with validation error 0.041601039469242096
Save model checkpoints ... 
Save pial surface mesh ... 
Maximum allocated GPU memory: 1.96 GiB
Finish validation.
----------------------------
Epoch:571, training loss:0.04189032937089602
Epoch:572, training loss:0.04181717708706856
Epoch:573, training loss:0.04168780023852984
Epoch:574, training loss:0.04164403180281321
Epoch:575, training loss:0.04166259616613388
Epoch:576, training loss:0.04168273011843363
Epoch:577, training loss:0.04172752425074577
Epoch:578, training loss:0.041836902499198914
Epoch:579, training loss:0.041668775180975594
Epoch:580, training loss:0.04183792322874069
----------------------------
Start validation ...
Validation error:0.041331492364406586
Validation error:0.041331492364406586
New best model saved at epoch 580 with validation error 0.041331492364406586
Save model checkpoints ... 
Save pial surface mesh ... 
Maximum allocated GPU memory: 1.96 GiB
Finish validation.
----------------------------
Epoch:581, training loss:0.04170767838756243
Epoch:582, training loss:0.041957387079795204
Epoch:583, training loss:0.041927702724933624
Epoch:584, training loss:0.04168161749839783
Epoch:585, training loss:0.041695136576890945
Epoch:586, training loss:0.04195471480488777
Epoch:587, training loss:0.041646295537551246
Epoch:588, training loss:0.0415811724960804
Epoch:589, training loss:0.04161351298292478
Epoch:590, training loss:0.04182132085164388
----------------------------
Start validation ...
Validation error:0.04237271845340729
Validation error:0.04237271845340729
Save model checkpoints ... 
Save pial surface mesh ... 
Maximum allocated GPU memory: 1.96 GiB
Finish validation.
----------------------------
Epoch:591, training loss:0.04201663782199224
Epoch:592, training loss:0.041616940249999367
Epoch:593, training loss:0.04170179615418116
Epoch:594, training loss:0.04148094976941744
Epoch:595, training loss:0.041351097325483956
Epoch:596, training loss:0.041599374264478683
Epoch:597, training loss:0.04167929291725159
Epoch:598, training loss:0.041686919828255974
Epoch:599, training loss:0.041497418036063514
Epoch:600, training loss:0.04150578752160072
----------------------------
Start validation ...
Validation error:0.04141731187701225
Validation error:0.04141731187701225
Save model checkpoints ... 
Save pial surface mesh ... 
Maximum allocated GPU memory: 1.96 GiB
Finish validation.
----------------------------
Finish training.
----------------------------
D
CC
