aa
bb
CC
Device 0: b'Tesla V100-SXM2-32GB', Memory : (99.20% free): 34359738368(total), 34085994496 (free), 273743872 (used)
Device 0: b'Tesla V100-SXM2-32GB', Memory : (99.20% free): 34359738368(total), 34085994496 (free), 273743872 (used)
Device 0: b'Tesla V100-SXM2-32GB', Memory : (99.20% free): 34359738368(total), 34085994496 (free), 273743872 (used)
----------------------------
Start loading dataset ...
Finish loading dataset. There are total 1 subjects.
----------------------------
Device 0: b'Tesla V100-SXM2-32GB', Memory : (99.20% free): 34359738368(total), 34085994496 (free), 273743872 (used)
Start loading model ...
Finish loading model
----------------------------
Device 0: b'Tesla V100-SXM2-32GB', Memory : (96.00% free): 34359738368(total), 32986038272 (free), 1373700096 (used)
0 - set device
Device 0: b'Tesla V100-SXM2-32GB', Memory : (99.20% free): 34359738368(total), 34085994496 (free), 273743872 (used)



0 - load configuration
Device 0: b'Tesla V100-SXM2-32GB', Memory : (99.20% free): 34359738368(total), 34085994496 (free), 273743872 (used)



0 - load dataset
Device 0: b'Tesla V100-SXM2-32GB', Memory : (99.20% free): 34359738368(total), 34085994496 (free), 273743872 (used)



0 - load model
Device 0: b'Tesla V100-SXM2-32GB', Memory : (99.20% free): 34359738368(total), 34085994496 (free), 273743872 (used)



0 - evaluation
Device 0: b'Tesla V100-SXM2-32GB', Memory : (96.00% free): 34359738368(total), 32986038272 (free), 1373700096 (used)



Start evaluation ...
total seconds for one batch is 3.398311
