aa
bb
CC
Device 0: b'NVIDIA GeForce RTX 2080 Ti', Memory : (97.80% free): 11811160064(total), 11550785536 (free), 260374528 (used)
Device 0: b'NVIDIA GeForce RTX 2080 Ti', Memory : (97.80% free): 11811160064(total), 11550785536 (free), 260374528 (used)
Device 0: b'NVIDIA GeForce RTX 2080 Ti', Memory : (97.80% free): 11811160064(total), 11550785536 (free), 260374528 (used)
----------------------------
Start loading dataset ...
Finish loading dataset. There are total 1 subjects.
----------------------------
Device 0: b'NVIDIA GeForce RTX 2080 Ti', Memory : (97.80% free): 11811160064(total), 11550785536 (free), 260374528 (used)
Start loading model ...
Finish loading model
----------------------------
Device 0: b'NVIDIA GeForce RTX 2080 Ti', Memory : (90.30% free): 11811160064(total), 10665787392 (free), 1145372672 (used)
0 - set device
Device 0: b'NVIDIA GeForce RTX 2080 Ti', Memory : (97.80% free): 11811160064(total), 11550785536 (free), 260374528 (used)



0 - load configuration
Device 0: b'NVIDIA GeForce RTX 2080 Ti', Memory : (97.80% free): 11811160064(total), 11550785536 (free), 260374528 (used)



0 - load dataset
Device 0: b'NVIDIA GeForce RTX 2080 Ti', Memory : (97.80% free): 11811160064(total), 11550785536 (free), 260374528 (used)



0 - load model
Device 0: b'NVIDIA GeForce RTX 2080 Ti', Memory : (97.80% free): 11811160064(total), 11550785536 (free), 260374528 (used)



0 - evaluation
Device 0: b'NVIDIA GeForce RTX 2080 Ti', Memory : (90.30% free): 11811160064(total), 10665787392 (free), 1145372672 (used)



Start evaluation ...
total seconds for one batch is 3.594766
