aa
bb
CC
----------------------------
Start loading dataset ...
numbers 200008
numbers 200109
numbers 200210
numbers 200311
numbers 200614
numbers 200917
numbers 201111
numbers 201414
numbers 201515
numbers 201717
numbers 201818
numbers 202113
numbers 202719
numbers 203418
numbers 203721
numbers 203923
numbers 204016
numbers 204319
numbers 204420
numbers 204521
numbers 204622
numbers 205119
numbers 205220
numbers 205725
numbers 205826
numbers 206222
numbers 207123
numbers 207426
numbers 207628
numbers 208024
numbers 208125
numbers 208226
numbers 208327
numbers 208428
numbers 209127
numbers 209228
numbers 209329
numbers 209834
numbers 209935
numbers 210011
numbers 210415
numbers 210617
numbers 211114
numbers 211215
numbers 211316
numbers 211417
numbers 211720
numbers 211922
numbers 212015
numbers 212116
numbers 212217
numbers 212318
numbers 212419
numbers 212823
numbers 213421
numbers 214019
numbers 214221
numbers 214423
numbers 214524
numbers 214625
numbers 214726
numbers 217126
numbers 217429
numbers 220721
numbers 221218
numbers 221319
numbers 223929
numbers 224022
numbers 227432
numbers 228434
numbers 231928
numbers 233326
numbers 236130
numbers 237334
numbers 239944
numbers 245333
numbers 246133
numbers 248339
numbers 249947
numbers 250427
numbers 250932
numbers 251833
numbers 255639
numbers 256540
numbers 257542
numbers 257845
numbers 263436
numbers 268749
numbers 268850
numbers 270332
numbers 275645
numbers 280739
numbers 280941
numbers 283543
numbers 284646
numbers 285345
numbers 285446
numbers 286650
numbers 287248
numbers 289555
numbers 290136
numbers 293748
numbers 295146
numbers 297655
numbers 298051
numbers 298455
numbers 299154
Finish loading dataset. There are total 107 subjects.
----------------------------
Start loading model ...
Finish loading model
----------------------------
Start evaluation ...
sub_id ('204420',)
sub_id ('268850',)
sub_id ('298455',)
sub_id ('200311',)
sub_id ('250932',)
sub_id ('201717',)
sub_id ('209228',)
sub_id ('214221',)
sub_id ('236130',)
sub_id ('239944',)
sub_id ('297655',)
sub_id ('245333',)
sub_id ('220721',)
sub_id ('204319',)
sub_id ('212318',)
sub_id ('208428',)
sub_id ('227432',)
sub_id ('211114',)
sub_id ('224022',)
sub_id ('211922',)
sub_id ('221218',)
sub_id ('298051',)
sub_id ('246133',)
sub_id ('257845',)
sub_id ('221319',)
sub_id ('299154',)
sub_id ('205220',)
sub_id ('250427',)
sub_id ('212015',)
sub_id ('210011',)
sub_id ('209834',)
sub_id ('204521',)
sub_id ('207123',)
sub_id ('214625',)
sub_id ('202113',)
sub_id ('228434',)
sub_id ('204622',)
sub_id ('290136',)
sub_id ('211215',)
sub_id ('204016',)
sub_id ('248339',)
sub_id ('203923',)
sub_id ('285345',)
sub_id ('202719',)
sub_id ('212217',)
sub_id ('208125',)
sub_id ('208327',)
sub_id ('214726',)
sub_id ('214019',)
sub_id ('209329',)
sub_id ('205725',)
sub_id ('207628',)
sub_id ('289555',)
sub_id ('201818',)
sub_id ('249947',)
sub_id ('263436',)
sub_id ('275645',)
sub_id ('212116',)
sub_id ('208226',)
sub_id ('200210',)
sub_id ('255639',)
sub_id ('217429',)
sub_id ('207426',)
sub_id ('201111',)
sub_id ('200109',)
sub_id ('233326',)
sub_id ('293748',)
sub_id ('285446',)
sub_id ('206222',)
sub_id ('209935',)
sub_id ('210617',)
sub_id ('287248',)
sub_id ('231928',)
sub_id ('214524',)
sub_id ('209127',)
sub_id ('217126',)
sub_id ('268749',)
sub_id ('208024',)
sub_id ('203418',)
sub_id ('283543',)
sub_id ('205119',)
sub_id ('213421',)
sub_id ('200917',)
sub_id ('200614',)
sub_id ('211316',)
sub_id ('201515',)
sub_id ('237334',)
sub_id ('214423',)
sub_id ('286650',)
sub_id ('280739',)
sub_id ('210415',)
sub_id ('212823',)
sub_id ('223929',)
sub_id ('251833',)
sub_id ('295146',)
sub_id ('211417',)
sub_id ('201414',)
sub_id ('200008',)
sub_id ('203721',)
sub_id ('256540',)
sub_id ('280941',)
sub_id ('284646',)
sub_id ('212419',)
sub_id ('211720',)
sub_id ('205826',)
sub_id ('270332',)
sub_id ('257542',)
Finish evaluation.
----------------------------
